-- Found ament_cmake: 1.3.11 (/opt/ros/humble/share/ament_cmake/cmake)
-- Found rclcpp: 16.0.12 (/opt/ros/humble/share/rclcpp/cmake)
-- Found rosidl_generator_c: 3.1.6 (/opt/ros/humble/share/rosidl_generator_c/cmake)
-- Found rosidl_adapter: 3.1.6 (/opt/ros/humble/share/rosidl_adapter/cmake)
-- Found rosidl_generator_cpp: 3.1.6 (/opt/ros/humble/share/rosidl_generator_cpp/cmake)
-- Using all available rosidl_typesupport_c: rosidl_typesupport_fastrtps_c;rosidl_typesupport_introspection_c
-- Using all available rosidl_typesupport_cpp: rosidl_typesupport_fastrtps_cpp;rosidl_typesupport_introspection_cpp
-- Found rmw_implementation_cmake: 6.1.2 (/opt/ros/humble/share/rmw_implementation_cmake/cmake)
-- Found rmw_fastrtps_cpp: 6.2.7 (/opt/ros/humble/share/rmw_fastrtps_cpp/cmake)
-- Using RMW implementation 'rmw_fastrtps_cpp' as default
-- Found rclpy: 3.3.16 (/opt/ros/humble/share/rclpy/cmake)
-- Found geometry_msgs: 4.8.0 (/opt/ros/humble/share/geometry_msgs/cmake)
-- Found nav_msgs: 4.8.0 (/opt/ros/humble/share/nav_msgs/cmake)
-- Found sensor_msgs: 4.8.0 (/opt/ros/humble/share/sensor_msgs/cmake)
-- Found robot_state_publisher: 3.0.3 (/opt/ros/humble/share/robot_state_publisher/cmake)
-- Found eigen3_cmake_module: 0.1.1 (/opt/ros/humble/share/eigen3_cmake_module/cmake)
-- Ensuring Eigen3 include directory is part of orocos-kdl CMake target
-- Found yahboomcar_msgs: 0.1.0 (/home/jetson/yahboomcar_ws/install/yahboomcar_msgs/share/yahboomcar_msgs/cmake)
-- Configuring done
-- Generating done
-- Build files have been written to: /home/jetson/yahboomcar_ws/build/yahboomcar_bringup
[35m[1mConsolidate compiler generated dependencies of target base_node[0m
[ 33%] [32mBuilding CXX object CMakeFiles/base_node.dir/src/base.cpp.o[0m
[ 66%] [32m[1mLinking CXX executable base_node[0m
[100%] Built target base_node
-- Install configuration: ""
-- Installing: /home/jetson/yahboomcar_ws/install/yahboomcar_bringup/lib/yahboomcar_bringup/base_node
-- Set runtime path of "/home/jetson/yahboomcar_ws/install/yahboomcar_bringup/lib/yahboomcar_bringup/base_node" to ""
-- Installing: /home/jetson/yahboomcar_ws/install/yahboomcar_bringup/lib/yahboomcar_bringup/Mcnamu_X3plus.py
-- Installing: /home/jetson/yahboomcar_ws/install/yahboomcar_bringup/lib/yahboomcar_bringup/Mcnamu_driver.py
-- Installing: /home/jetson/yahboomcar_ws/install/yahboomcar_bringup/lib/yahboomcar_bringup/calibrate_angular.py
-- Installing: /home/jetson/yahboomcar_ws/install/yahboomcar_bringup/lib/yahboomcar_bringup/calibrate_linear.py
-- Installing: /home/jetson/yahboomcar_ws/install/yahboomcar_bringup/lib/yahboomcar_bringup/patrol.py
-- Installing: /home/jetson/yahboomcar_ws/install/yahboomcar_bringup/lib/yahboomcar_bringup/transform_utils.py
-- Installing: /home/jetson/yahboomcar_ws/install/yahboomcar_bringup/share/yahboomcar_bringup/launch
-- Installing: /home/jetson/yahboomcar_ws/install/yahboomcar_bringup/share/yahboomcar_bringup/launch/yahboomcar_model.launch.py
-- Installing: /home/jetson/yahboomcar_ws/install/yahboomcar_bringup/share/yahboomcar_bringup/launch/view_odom.launch.py
-- Installing: /home/jetson/yahboomcar_ws/install/yahboomcar_bringup/share/yahboomcar_bringup/launch/bringup.launch.py
-- Installing: /home/jetson/yahboomcar_ws/install/yahboomcar_bringup/share/yahboomcar_bringup/launch/calibrate_angular.launch.py
-- Installing: /home/jetson/yahboomcar_ws/install/yahboomcar_bringup/share/yahboomcar_bringup/launch/patrol.launch.py
-- Installing: /home/jetson/yahboomcar_ws/install/yahboomcar_bringup/share/yahboomcar_bringup/launch/yahboomcar.launch.py
-- Installing: /home/jetson/yahboomcar_ws/install/yahboomcar_bringup/share/yahboomcar_bringup/launch/test_imu.launch.py
-- Installing: /home/jetson/yahboomcar_ws/install/yahboomcar_bringup/share/yahboomcar_bringup/launch/calibrate_linear.launch.py
-- Installing: /home/jetson/yahboomcar_ws/install/yahboomcar_bringup/share/yahboomcar_bringup/launch/calibrate_imu.launch.py
-- Installing: /home/jetson/yahboomcar_ws/install/yahboomcar_bringup/share/yahboomcar_bringup/launch/bringup_calib.launch.py
-- Installing: /home/jetson/yahboomcar_ws/install/yahboomcar_bringup/share/yahboomcar_bringup/launch/.ipynb_checkpoints
-- Installing: /home/jetson/yahboomcar_ws/install/yahboomcar_bringup/share/yahboomcar_bringup/launch/.ipynb_checkpoints/bringup-checkpoint.launch
-- Installing: /home/jetson/yahboomcar_ws/install/yahboomcar_bringup/share/yahboomcar_bringup/launch/.ipynb_checkpoints/bringup_calib-checkpoint.launch
-- Installing: /home/jetson/yahboomcar_ws/install/yahboomcar_bringup/share/yahboomcar_bringup/launch/.ipynb_checkpoints/test_imu-checkpoint.launch
-- Installing: /home/jetson/yahboomcar_ws/install/yahboomcar_bringup/share/yahboomcar_bringup/launch/.ipynb_checkpoints/yahboomcar-checkpoint.launch
-- Installing: /home/jetson/yahboomcar_ws/install/yahboomcar_bringup/share/yahboomcar_bringup/launch/.ipynb_checkpoints/patrol-checkpoint.launch
-- Installing: /home/jetson/yahboomcar_ws/install/yahboomcar_bringup/share/yahboomcar_bringup/config
-- Installing: /home/jetson/yahboomcar_ws/install/yahboomcar_bringup/share/yahboomcar_bringup/config/pid_params.yaml
-- Installing: /home/jetson/yahboomcar_ws/install/yahboomcar_bringup/share/yahboomcar_bringup/config/patrol_params.yaml
-- Installing: /home/jetson/yahboomcar_ws/install/yahboomcar_bringup/share/yahboomcar_bringup/config/calibrate_angular_params.yaml
-- Installing: /home/jetson/yahboomcar_ws/install/yahboomcar_bringup/share/yahboomcar_bringup/config/calibrate_linear_params.yaml
-- Installing: /home/jetson/yahboomcar_ws/install/yahboomcar_bringup/share/yahboomcar_bringup/param
-- Installing: /home/jetson/yahboomcar_ws/install/yahboomcar_bringup/share/yahboomcar_bringup/param/imu_calib.yaml
-- Installing: /home/jetson/yahboomcar_ws/install/yahboomcar_bringup/share/yahboomcar_bringup/param/robot_localization.yaml
-- Installing: /home/jetson/yahboomcar_ws/install/yahboomcar_bringup/share/yahboomcar_bringup/rviz
-- Installing: /home/jetson/yahboomcar_ws/install/yahboomcar_bringup/share/yahboomcar_bringup/rviz/odom.rviz
-- Installing: /home/jetson/yahboomcar_ws/install/yahboomcar_bringup/share/yahboomcar_bringup/rviz/test_imu.rviz
-- Installing: /home/jetson/yahboomcar_ws/install/yahboomcar_bringup/share/ament_index/resource_index/package_run_dependencies/yahboomcar_bringup
-- Installing: /home/jetson/yahboomcar_ws/install/yahboomcar_bringup/share/ament_index/resource_index/parent_prefix_path/yahboomcar_bringup
-- Installing: /home/jetson/yahboomcar_ws/install/yahboomcar_bringup/share/yahboomcar_bringup/environment/ament_prefix_path.sh
-- Installing: /home/jetson/yahboomcar_ws/install/yahboomcar_bringup/share/yahboomcar_bringup/environment/ament_prefix_path.dsv
-- Installing: /home/jetson/yahboomcar_ws/install/yahboomcar_bringup/share/yahboomcar_bringup/environment/path.sh
-- Installing: /home/jetson/yahboomcar_ws/install/yahboomcar_bringup/share/yahboomcar_bringup/environment/path.dsv
-- Installing: /home/jetson/yahboomcar_ws/install/yahboomcar_bringup/share/yahboomcar_bringup/local_setup.bash
-- Installing: /home/jetson/yahboomcar_ws/install/yahboomcar_bringup/share/yahboomcar_bringup/local_setup.sh
-- Installing: /home/jetson/yahboomcar_ws/install/yahboomcar_bringup/share/yahboomcar_bringup/local_setup.zsh
-- Installing: /home/jetson/yahboomcar_ws/install/yahboomcar_bringup/share/yahboomcar_bringup/local_setup.dsv
-- Installing: /home/jetson/yahboomcar_ws/install/yahboomcar_bringup/share/yahboomcar_bringup/package.dsv
-- Installing: /home/jetson/yahboomcar_ws/install/yahboomcar_bringup/share/ament_index/resource_index/packages/yahboomcar_bringup
-- Installing: /home/jetson/yahboomcar_ws/install/yahboomcar_bringup/share/yahboomcar_bringup/cmake/yahboomcar_bringupConfig.cmake
-- Installing: /home/jetson/yahboomcar_ws/install/yahboomcar_bringup/share/yahboomcar_bringup/cmake/yahboomcar_bringupConfig-version.cmake
-- Installing: /home/jetson/yahboomcar_ws/install/yahboomcar_bringup/share/yahboomcar_bringup/package.xml
