[0.023s] Invoking command in '/home/jetson/yahboomcar_ws/build/yahboomcar_bringup': AMENT_PREFIX_PATH=/home/jetson/yahboomcar_ws/install/yahboomcar_msgs:${AMENT_PREFIX_PATH} CMAKE_PREFIX_PATH=/home/jetson/yahboomcar_ws/install/yahboomcar_msgs:/home/jetson/yahboomcar_ros2_ws/software/library_ws/install/ydlidar_ros2_driver:/home/jetson/yahboomcar_ros2_ws/software/library_ws/install/web_video_server:/home/jetson/yahboomcar_ros2_ws/software/library_ws/install/teb_local_planner:/home/jetson/yahboomcar_ros2_ws/software/library_ws/install/teb_msgs:/home/jetson/yahboomcar_ros2_ws/software/library_ws/install/sllidar_ros2:/home/jetson/yahboomcar_ros2_ws/software/library_ws/install/slam_gmapping:/home/jetson/yahboomcar_ros2_ws/software/library_ws/install/robot_localization:/home/jetson/yahboomcar_ros2_ws/software/library_ws/install/openslam_gmapping:/home/jetson/yahboomcar_ros2_ws/software/library_ws/install/costmap_converter:/home/jetson/yahboomcar_ros2_ws/software/library_ws/install/costmap_converter_msgs:/home/jetson/yahboomcar_ros2_ws/software/library_ws/install/astra_camera:/home/jetson/yahboomcar_ros2_ws/software/library_ws/install/astra_camera_msgs:/opt/ros/humble LD_LIBRARY_PATH=/home/jetson/yahboomcar_ws/install/yahboomcar_msgs/lib:/usr/local/lib:/usr/local/cuda-12.6/lib64:/home/jetson/yahboomcar_ros2_ws/software/library_ws/install/teb_local_planner/lib:/home/jetson/yahboomcar_ros2_ws/software/library_ws/install/teb_msgs/lib:/home/jetson/yahboomcar_ros2_ws/software/library_ws/install/robot_localization/lib:/home/jetson/yahboomcar_ros2_ws/software/library_ws/install/openslam_gmapping/lib:/home/jetson/yahboomcar_ros2_ws/software/library_ws/install/costmap_converter/lib:/home/jetson/yahboomcar_ros2_ws/software/library_ws/install/costmap_converter_msgs/lib:/home/jetson/yahboomcar_ros2_ws/software/library_ws/install/astra_camera/lib:/home/jetson/yahboomcar_ros2_ws/software/library_ws/install/astra_camera_msgs/lib:/opt/ros/humble/opt/rviz_ogre_vendor/lib:/opt/ros/humble/lib/aarch64-linux-gnu:/opt/ros/humble/lib:/usr/local/lib:/usr/local/cuda-12.6/lib64 PYTHONPATH=/home/jetson/yahboomcar_ws/install/yahboomcar_msgs/local/lib/python3.10/dist-packages:${PYTHONPATH} /usr/bin/cmake --build /home/jetson/yahboomcar_ws/build/yahboomcar_bringup -- -j6 -l6
[0.073s] -- Found ament_cmake: 1.3.11 (/opt/ros/humble/share/ament_cmake/cmake)
[0.355s] -- Found rclcpp: 16.0.12 (/opt/ros/humble/share/rclcpp/cmake)
[0.407s] -- Found rosidl_generator_c: 3.1.6 (/opt/ros/humble/share/rosidl_generator_c/cmake)
[0.411s] -- Found rosidl_adapter: 3.1.6 (/opt/ros/humble/share/rosidl_adapter/cmake)
[0.421s] -- Found rosidl_generator_cpp: 3.1.6 (/opt/ros/humble/share/rosidl_generator_cpp/cmake)
[0.439s] -- Using all available rosidl_typesupport_c: rosidl_typesupport_fastrtps_c;rosidl_typesupport_introspection_c
[0.461s] -- Using all available rosidl_typesupport_cpp: rosidl_typesupport_fastrtps_cpp;rosidl_typesupport_introspection_cpp
[0.517s] -- Found rmw_implementation_cmake: 6.1.2 (/opt/ros/humble/share/rmw_implementation_cmake/cmake)
[0.519s] -- Found rmw_fastrtps_cpp: 6.2.7 (/opt/ros/humble/share/rmw_fastrtps_cpp/cmake)
[0.711s] -- Using RMW implementation 'rmw_fastrtps_cpp' as default
[0.803s] -- Found rclpy: 3.3.16 (/opt/ros/humble/share/rclpy/cmake)
[0.803s] -- Found geometry_msgs: 4.8.0 (/opt/ros/humble/share/geometry_msgs/cmake)
[0.827s] -- Found nav_msgs: 4.8.0 (/opt/ros/humble/share/nav_msgs/cmake)
[0.858s] -- Found sensor_msgs: 4.8.0 (/opt/ros/humble/share/sensor_msgs/cmake)
[0.888s] -- Found robot_state_publisher: 3.0.3 (/opt/ros/humble/share/robot_state_publisher/cmake)
[0.896s] -- Found eigen3_cmake_module: 0.1.1 (/opt/ros/humble/share/eigen3_cmake_module/cmake)
[0.901s] -- Ensuring Eigen3 include directory is part of orocos-kdl CMake target
[1.096s] -- Found yahboomcar_msgs: 0.1.0 (/home/jetson/yahboomcar_ws/install/yahboomcar_msgs/share/yahboomcar_msgs/cmake)
[1.265s] -- Configuring done
[1.289s] -- Generating done
[1.297s] -- Build files have been written to: /home/jetson/yahboomcar_ws/build/yahboomcar_bringup
[1.366s] [35m[1mConsolidate compiler generated dependencies of target base_node[0m
[1.410s] [ 33%] [32mBuilding CXX object CMakeFiles/base_node.dir/src/base.cpp.o[0m
[18.693s] [ 66%] [32m[1mLinking CXX executable base_node[0m
[19.578s] [100%] Built target base_node
[19.606s] Invoked command in '/home/jetson/yahboomcar_ws/build/yahboomcar_bringup' returned '0': AMENT_PREFIX_PATH=/home/jetson/yahboomcar_ws/install/yahboomcar_msgs:${AMENT_PREFIX_PATH} CMAKE_PREFIX_PATH=/home/jetson/yahboomcar_ws/install/yahboomcar_msgs:/home/jetson/yahboomcar_ros2_ws/software/library_ws/install/ydlidar_ros2_driver:/home/jetson/yahboomcar_ros2_ws/software/library_ws/install/web_video_server:/home/jetson/yahboomcar_ros2_ws/software/library_ws/install/teb_local_planner:/home/jetson/yahboomcar_ros2_ws/software/library_ws/install/teb_msgs:/home/jetson/yahboomcar_ros2_ws/software/library_ws/install/sllidar_ros2:/home/jetson/yahboomcar_ros2_ws/software/library_ws/install/slam_gmapping:/home/jetson/yahboomcar_ros2_ws/software/library_ws/install/robot_localization:/home/jetson/yahboomcar_ros2_ws/software/library_ws/install/openslam_gmapping:/home/jetson/yahboomcar_ros2_ws/software/library_ws/install/costmap_converter:/home/jetson/yahboomcar_ros2_ws/software/library_ws/install/costmap_converter_msgs:/home/jetson/yahboomcar_ros2_ws/software/library_ws/install/astra_camera:/home/jetson/yahboomcar_ros2_ws/software/library_ws/install/astra_camera_msgs:/opt/ros/humble LD_LIBRARY_PATH=/home/jetson/yahboomcar_ws/install/yahboomcar_msgs/lib:/usr/local/lib:/usr/local/cuda-12.6/lib64:/home/jetson/yahboomcar_ros2_ws/software/library_ws/install/teb_local_planner/lib:/home/jetson/yahboomcar_ros2_ws/software/library_ws/install/teb_msgs/lib:/home/jetson/yahboomcar_ros2_ws/software/library_ws/install/robot_localization/lib:/home/jetson/yahboomcar_ros2_ws/software/library_ws/install/openslam_gmapping/lib:/home/jetson/yahboomcar_ros2_ws/software/library_ws/install/costmap_converter/lib:/home/jetson/yahboomcar_ros2_ws/software/library_ws/install/costmap_converter_msgs/lib:/home/jetson/yahboomcar_ros2_ws/software/library_ws/install/astra_camera/lib:/home/jetson/yahboomcar_ros2_ws/software/library_ws/install/astra_camera_msgs/lib:/opt/ros/humble/opt/rviz_ogre_vendor/lib:/opt/ros/humble/lib/aarch64-linux-gnu:/opt/ros/humble/lib:/usr/local/lib:/usr/local/cuda-12.6/lib64 PYTHONPATH=/home/jetson/yahboomcar_ws/install/yahboomcar_msgs/local/lib/python3.10/dist-packages:${PYTHONPATH} /usr/bin/cmake --build /home/jetson/yahboomcar_ws/build/yahboomcar_bringup -- -j6 -l6
[19.633s] Invoking command in '/home/jetson/yahboomcar_ws/build/yahboomcar_bringup': AMENT_PREFIX_PATH=/home/jetson/yahboomcar_ws/install/yahboomcar_msgs:${AMENT_PREFIX_PATH} CMAKE_PREFIX_PATH=/home/jetson/yahboomcar_ws/install/yahboomcar_msgs:/home/jetson/yahboomcar_ros2_ws/software/library_ws/install/ydlidar_ros2_driver:/home/jetson/yahboomcar_ros2_ws/software/library_ws/install/web_video_server:/home/jetson/yahboomcar_ros2_ws/software/library_ws/install/teb_local_planner:/home/jetson/yahboomcar_ros2_ws/software/library_ws/install/teb_msgs:/home/jetson/yahboomcar_ros2_ws/software/library_ws/install/sllidar_ros2:/home/jetson/yahboomcar_ros2_ws/software/library_ws/install/slam_gmapping:/home/jetson/yahboomcar_ros2_ws/software/library_ws/install/robot_localization:/home/jetson/yahboomcar_ros2_ws/software/library_ws/install/openslam_gmapping:/home/jetson/yahboomcar_ros2_ws/software/library_ws/install/costmap_converter:/home/jetson/yahboomcar_ros2_ws/software/library_ws/install/costmap_converter_msgs:/home/jetson/yahboomcar_ros2_ws/software/library_ws/install/astra_camera:/home/jetson/yahboomcar_ros2_ws/software/library_ws/install/astra_camera_msgs:/opt/ros/humble LD_LIBRARY_PATH=/home/jetson/yahboomcar_ws/install/yahboomcar_msgs/lib:/usr/local/lib:/usr/local/cuda-12.6/lib64:/home/jetson/yahboomcar_ros2_ws/software/library_ws/install/teb_local_planner/lib:/home/jetson/yahboomcar_ros2_ws/software/library_ws/install/teb_msgs/lib:/home/jetson/yahboomcar_ros2_ws/software/library_ws/install/robot_localization/lib:/home/jetson/yahboomcar_ros2_ws/software/library_ws/install/openslam_gmapping/lib:/home/jetson/yahboomcar_ros2_ws/software/library_ws/install/costmap_converter/lib:/home/jetson/yahboomcar_ros2_ws/software/library_ws/install/costmap_converter_msgs/lib:/home/jetson/yahboomcar_ros2_ws/software/library_ws/install/astra_camera/lib:/home/jetson/yahboomcar_ros2_ws/software/library_ws/install/astra_camera_msgs/lib:/opt/ros/humble/opt/rviz_ogre_vendor/lib:/opt/ros/humble/lib/aarch64-linux-gnu:/opt/ros/humble/lib:/usr/local/lib:/usr/local/cuda-12.6/lib64 PYTHONPATH=/home/jetson/yahboomcar_ws/install/yahboomcar_msgs/local/lib/python3.10/dist-packages:${PYTHONPATH} /usr/bin/cmake --install /home/jetson/yahboomcar_ws/build/yahboomcar_bringup
[19.653s] -- Install configuration: ""
[19.653s] -- Installing: /home/jetson/yahboomcar_ws/install/yahboomcar_bringup/lib/yahboomcar_bringup/base_node
[19.662s] -- Set runtime path of "/home/jetson/yahboomcar_ws/install/yahboomcar_bringup/lib/yahboomcar_bringup/base_node" to ""
[19.662s] -- Installing: /home/jetson/yahboomcar_ws/install/yahboomcar_bringup/lib/yahboomcar_bringup/Mcnamu_X3plus.py
[19.663s] -- Installing: /home/jetson/yahboomcar_ws/install/yahboomcar_bringup/lib/yahboomcar_bringup/Mcnamu_driver.py
[19.663s] -- Installing: /home/jetson/yahboomcar_ws/install/yahboomcar_bringup/lib/yahboomcar_bringup/calibrate_angular.py
[19.664s] -- Installing: /home/jetson/yahboomcar_ws/install/yahboomcar_bringup/lib/yahboomcar_bringup/calibrate_linear.py
[19.664s] -- Installing: /home/jetson/yahboomcar_ws/install/yahboomcar_bringup/lib/yahboomcar_bringup/patrol.py
[19.664s] -- Installing: /home/jetson/yahboomcar_ws/install/yahboomcar_bringup/lib/yahboomcar_bringup/transform_utils.py
[19.665s] -- Installing: /home/jetson/yahboomcar_ws/install/yahboomcar_bringup/share/yahboomcar_bringup/launch
[19.665s] -- Installing: /home/jetson/yahboomcar_ws/install/yahboomcar_bringup/share/yahboomcar_bringup/launch/yahboomcar_model.launch.py
[19.665s] -- Installing: /home/jetson/yahboomcar_ws/install/yahboomcar_bringup/share/yahboomcar_bringup/launch/view_odom.launch.py
[19.666s] -- Installing: /home/jetson/yahboomcar_ws/install/yahboomcar_bringup/share/yahboomcar_bringup/launch/bringup.launch.py
[19.666s] -- Installing: /home/jetson/yahboomcar_ws/install/yahboomcar_bringup/share/yahboomcar_bringup/launch/calibrate_angular.launch.py
[19.666s] -- Installing: /home/jetson/yahboomcar_ws/install/yahboomcar_bringup/share/yahboomcar_bringup/launch/patrol.launch.py
[19.667s] -- Installing: /home/jetson/yahboomcar_ws/install/yahboomcar_bringup/share/yahboomcar_bringup/launch/yahboomcar.launch.py
[19.667s] -- Installing: /home/jetson/yahboomcar_ws/install/yahboomcar_bringup/share/yahboomcar_bringup/launch/test_imu.launch.py
[19.667s] -- Installing: /home/jetson/yahboomcar_ws/install/yahboomcar_bringup/share/yahboomcar_bringup/launch/calibrate_linear.launch.py
[19.668s] -- Installing: /home/jetson/yahboomcar_ws/install/yahboomcar_bringup/share/yahboomcar_bringup/launch/calibrate_imu.launch.py
[19.668s] -- Installing: /home/jetson/yahboomcar_ws/install/yahboomcar_bringup/share/yahboomcar_bringup/launch/bringup_calib.launch.py
[19.668s] -- Installing: /home/jetson/yahboomcar_ws/install/yahboomcar_bringup/share/yahboomcar_bringup/launch/.ipynb_checkpoints
[19.669s] -- Installing: /home/jetson/yahboomcar_ws/install/yahboomcar_bringup/share/yahboomcar_bringup/launch/.ipynb_checkpoints/bringup-checkpoint.launch
[19.669s] -- Installing: /home/jetson/yahboomcar_ws/install/yahboomcar_bringup/share/yahboomcar_bringup/launch/.ipynb_checkpoints/bringup_calib-checkpoint.launch
[19.669s] -- Installing: /home/jetson/yahboomcar_ws/install/yahboomcar_bringup/share/yahboomcar_bringup/launch/.ipynb_checkpoints/test_imu-checkpoint.launch
[19.670s] -- Installing: /home/jetson/yahboomcar_ws/install/yahboomcar_bringup/share/yahboomcar_bringup/launch/.ipynb_checkpoints/yahboomcar-checkpoint.launch
[19.670s] -- Installing: /home/jetson/yahboomcar_ws/install/yahboomcar_bringup/share/yahboomcar_bringup/launch/.ipynb_checkpoints/patrol-checkpoint.launch
[19.670s] -- Installing: /home/jetson/yahboomcar_ws/install/yahboomcar_bringup/share/yahboomcar_bringup/config
[19.670s] -- Installing: /home/jetson/yahboomcar_ws/install/yahboomcar_bringup/share/yahboomcar_bringup/config/pid_params.yaml
[19.671s] -- Installing: /home/jetson/yahboomcar_ws/install/yahboomcar_bringup/share/yahboomcar_bringup/config/patrol_params.yaml
[19.671s] -- Installing: /home/jetson/yahboomcar_ws/install/yahboomcar_bringup/share/yahboomcar_bringup/config/calibrate_angular_params.yaml
[19.671s] -- Installing: /home/jetson/yahboomcar_ws/install/yahboomcar_bringup/share/yahboomcar_bringup/config/calibrate_linear_params.yaml
[19.672s] -- Installing: /home/jetson/yahboomcar_ws/install/yahboomcar_bringup/share/yahboomcar_bringup/param
[19.672s] -- Installing: /home/jetson/yahboomcar_ws/install/yahboomcar_bringup/share/yahboomcar_bringup/param/imu_calib.yaml
[19.672s] -- Installing: /home/jetson/yahboomcar_ws/install/yahboomcar_bringup/share/yahboomcar_bringup/param/robot_localization.yaml
[19.673s] -- Installing: /home/jetson/yahboomcar_ws/install/yahboomcar_bringup/share/yahboomcar_bringup/rviz
[19.673s] -- Installing: /home/jetson/yahboomcar_ws/install/yahboomcar_bringup/share/yahboomcar_bringup/rviz/odom.rviz
[19.673s] -- Installing: /home/jetson/yahboomcar_ws/install/yahboomcar_bringup/share/yahboomcar_bringup/rviz/test_imu.rviz
[19.673s] -- Installing: /home/jetson/yahboomcar_ws/install/yahboomcar_bringup/share/ament_index/resource_index/package_run_dependencies/yahboomcar_bringup
[19.674s] -- Installing: /home/jetson/yahboomcar_ws/install/yahboomcar_bringup/share/ament_index/resource_index/parent_prefix_path/yahboomcar_bringup
[19.674s] -- Installing: /home/jetson/yahboomcar_ws/install/yahboomcar_bringup/share/yahboomcar_bringup/environment/ament_prefix_path.sh
[19.674s] -- Installing: /home/jetson/yahboomcar_ws/install/yahboomcar_bringup/share/yahboomcar_bringup/environment/ament_prefix_path.dsv
[19.674s] -- Installing: /home/jetson/yahboomcar_ws/install/yahboomcar_bringup/share/yahboomcar_bringup/environment/path.sh
[19.675s] -- Installing: /home/jetson/yahboomcar_ws/install/yahboomcar_bringup/share/yahboomcar_bringup/environment/path.dsv
[19.675s] -- Installing: /home/jetson/yahboomcar_ws/install/yahboomcar_bringup/share/yahboomcar_bringup/local_setup.bash
[19.675s] -- Installing: /home/jetson/yahboomcar_ws/install/yahboomcar_bringup/share/yahboomcar_bringup/local_setup.sh
[19.675s] -- Installing: /home/jetson/yahboomcar_ws/install/yahboomcar_bringup/share/yahboomcar_bringup/local_setup.zsh
[19.675s] -- Installing: /home/jetson/yahboomcar_ws/install/yahboomcar_bringup/share/yahboomcar_bringup/local_setup.dsv
[19.676s] -- Installing: /home/jetson/yahboomcar_ws/install/yahboomcar_bringup/share/yahboomcar_bringup/package.dsv
[19.676s] -- Installing: /home/jetson/yahboomcar_ws/install/yahboomcar_bringup/share/ament_index/resource_index/packages/yahboomcar_bringup
[19.676s] -- Installing: /home/jetson/yahboomcar_ws/install/yahboomcar_bringup/share/yahboomcar_bringup/cmake/yahboomcar_bringupConfig.cmake
[19.676s] -- Installing: /home/jetson/yahboomcar_ws/install/yahboomcar_bringup/share/yahboomcar_bringup/cmake/yahboomcar_bringupConfig-version.cmake
[19.677s] -- Installing: /home/jetson/yahboomcar_ws/install/yahboomcar_bringup/share/yahboomcar_bringup/package.xml
[19.679s] Invoked command in '/home/jetson/yahboomcar_ws/build/yahboomcar_bringup' returned '0': AMENT_PREFIX_PATH=/home/jetson/yahboomcar_ws/install/yahboomcar_msgs:${AMENT_PREFIX_PATH} CMAKE_PREFIX_PATH=/home/jetson/yahboomcar_ws/install/yahboomcar_msgs:/home/jetson/yahboomcar_ros2_ws/software/library_ws/install/ydlidar_ros2_driver:/home/jetson/yahboomcar_ros2_ws/software/library_ws/install/web_video_server:/home/jetson/yahboomcar_ros2_ws/software/library_ws/install/teb_local_planner:/home/jetson/yahboomcar_ros2_ws/software/library_ws/install/teb_msgs:/home/jetson/yahboomcar_ros2_ws/software/library_ws/install/sllidar_ros2:/home/jetson/yahboomcar_ros2_ws/software/library_ws/install/slam_gmapping:/home/jetson/yahboomcar_ros2_ws/software/library_ws/install/robot_localization:/home/jetson/yahboomcar_ros2_ws/software/library_ws/install/openslam_gmapping:/home/jetson/yahboomcar_ros2_ws/software/library_ws/install/costmap_converter:/home/jetson/yahboomcar_ros2_ws/software/library_ws/install/costmap_converter_msgs:/home/jetson/yahboomcar_ros2_ws/software/library_ws/install/astra_camera:/home/jetson/yahboomcar_ros2_ws/software/library_ws/install/astra_camera_msgs:/opt/ros/humble LD_LIBRARY_PATH=/home/jetson/yahboomcar_ws/install/yahboomcar_msgs/lib:/usr/local/lib:/usr/local/cuda-12.6/lib64:/home/jetson/yahboomcar_ros2_ws/software/library_ws/install/teb_local_planner/lib:/home/jetson/yahboomcar_ros2_ws/software/library_ws/install/teb_msgs/lib:/home/jetson/yahboomcar_ros2_ws/software/library_ws/install/robot_localization/lib:/home/jetson/yahboomcar_ros2_ws/software/library_ws/install/openslam_gmapping/lib:/home/jetson/yahboomcar_ros2_ws/software/library_ws/install/costmap_converter/lib:/home/jetson/yahboomcar_ros2_ws/software/library_ws/install/costmap_converter_msgs/lib:/home/jetson/yahboomcar_ros2_ws/software/library_ws/install/astra_camera/lib:/home/jetson/yahboomcar_ros2_ws/software/library_ws/install/astra_camera_msgs/lib:/opt/ros/humble/opt/rviz_ogre_vendor/lib:/opt/ros/humble/lib/aarch64-linux-gnu:/opt/ros/humble/lib:/usr/local/lib:/usr/local/cuda-12.6/lib64 PYTHONPATH=/home/jetson/yahboomcar_ws/install/yahboomcar_msgs/local/lib/python3.10/dist-packages:${PYTHONPATH} /usr/bin/cmake --install /home/jetson/yahboomcar_ws/build/yahboomcar_bringup
