[0.090s] Invoking command in '/home/jetson/yahboomcar_ws/build/yahboomcar_msgs': /usr/bin/cmake /home/jetson/yahboomcar_ws/src/yahboomcar_msgs -DCATKIN_INSTALL_INTO_PREFIX_ROOT=0 -DCMAKE_INSTALL_PREFIX=/home/jetson/yahboomcar_ws/install/yahboomcar_msgs
[0.289s] -- The C compiler identification is GNU 11.4.0
[0.570s] -- The CXX compiler identification is GNU 11.4.0
[0.625s] -- Detecting C compiler ABI info
[0.997s] -- Detecting C compiler ABI info - done
[1.042s] -- Check for working C compiler: /usr/bin/cc - skipped
[1.047s] -- Detecting C compile features
[1.049s] -- Detecting C compile features - done
[1.077s] -- Detecting CXX compiler ABI info
[1.433s] -- Detecting CXX compiler ABI info - done
[1.458s] -- Check for working CXX compiler: /usr/bin/c++ - skipped
[1.459s] -- Detecting CXX compile features
[1.461s] -- Detecting CXX compile features - done
[1.509s] [31mCMake Error at CMakeLists.txt:10 (find_package):
[1.522s]   By not providing "Findcatkin.cmake" in CMAKE_MODULE_PATH this project has
[1.523s]   asked CMake to find a package configuration file provided by "catkin", but
[1.523s]   CMake did not find one.
[1.523s] 
[1.523s]   Could not find a package configuration file provided by "catkin" with any
[1.523s]   of the following names:
[1.523s] 
[1.523s]     catkinConfig.cmake
[1.523s]     catkin-config.cmake
[1.524s] 
[1.524s]   Add the installation prefix of "catkin" to CMAKE_PREFIX_PATH or set
[1.524s]   "catkin_DIR" to a directory containing one of the above files.  If "catkin"
[1.524s]   provides a separate development package or SDK, be sure it has been
[1.524s]   installed.
[1.524s] 
[1.524s] [0m
[1.524s] -- Configuring incomplete, errors occurred!
[1.524s] See also "/home/jetson/yahboomcar_ws/build/yahboomcar_msgs/CMakeFiles/CMakeOutput.log".
[1.555s] Invoked command in '/home/jetson/yahboomcar_ws/build/yahboomcar_msgs' returned '1': /usr/bin/cmake /home/jetson/yahboomcar_ws/src/yahboomcar_msgs -DCATKIN_INSTALL_INTO_PREFIX_ROOT=0 -DCMAKE_INSTALL_PREFIX=/home/jetson/yahboomcar_ws/install/yahboomcar_msgs
