[0.051s] Invoking command in '/home/jetson/yahboomcar_ws/build/yahboomcar_slam': CMAKE_PREFIX_PATH=/home/jetson/yahboomcar_ws/install/yahboomcar_astra:/home/jetson/yahboomcar_ws/install/yahboomcar_laser:/home/jetson/yahboomcar_ws/install/yahboomcar_ctrl:/home/jetson/yahboomcar_ws/install/yahboomcar_bringup:/home/jetson/yahboomcar_ws/install/yahboomcar_msgs:/home/jetson/yahboomcar_ws/install/yahboomcar_description:/home/jetson/yahboomcar_ws/install/yahboomcar_slam:/home/jetson/yahboomcar_ws/install/ros2_orbslam:/home/jetson/yahboomcar_ros2_ws/install/astra_camera:/home/jetson/yahboomcar_ros2_ws/software/library_ws/install/ydlidar_ros2_driver:/home/jetson/yahboomcar_ros2_ws/software/library_ws/install/web_video_server:/home/jetson/yahboomcar_ros2_ws/software/library_ws/install/teb_local_planner:/home/jetson/yahboomcar_ros2_ws/software/library_ws/install/teb_msgs:/home/jetson/yahboomcar_ros2_ws/software/library_ws/install/sllidar_ros2:/home/jetson/yahboomcar_ros2_ws/software/library_ws/install/slam_gmapping:/home/jetson/yahboomcar_ros2_ws/software/library_ws/install/robot_localization:/home/jetson/yahboomcar_ros2_ws/software/library_ws/install/openslam_gmapping:/home/jetson/yahboomcar_ros2_ws/software/library_ws/install/costmap_converter:/home/jetson/yahboomcar_ros2_ws/software/library_ws/install/costmap_converter_msgs:/home/jetson/yahboomcar_ros2_ws/software/library_ws/install/astra_camera:/home/jetson/yahboomcar_ros2_ws/software/library_ws/install/astra_camera_msgs:/opt/ros/humble LD_LIBRARY_PATH=/home/jetson/yahboomcar_ws/install/yahboomcar_astra/lib:/home/jetson/yahboomcar_ws/install/yahboomcar_msgs/lib:/home/jetson/yahboomcar_ros2_ws/install/astra_camera/lib:/usr/local/lib:/usr/local/cuda-12.6/lib64:/home/jetson/yahboomcar_ros2_ws/software/library_ws/install/teb_local_planner/lib:/home/jetson/yahboomcar_ros2_ws/software/library_ws/install/teb_msgs/lib:/home/jetson/yahboomcar_ros2_ws/software/library_ws/install/robot_localization/lib:/home/jetson/yahboomcar_ros2_ws/software/library_ws/install/openslam_gmapping/lib:/home/jetson/yahboomcar_ros2_ws/software/library_ws/install/costmap_converter/lib:/home/jetson/yahboomcar_ros2_ws/software/library_ws/install/costmap_converter_msgs/lib:/home/jetson/yahboomcar_ros2_ws/software/library_ws/install/astra_camera/lib:/home/jetson/yahboomcar_ros2_ws/software/library_ws/install/astra_camera_msgs/lib:/opt/ros/humble/opt/rviz_ogre_vendor/lib:/opt/ros/humble/lib/aarch64-linux-gnu:/opt/ros/humble/lib:/usr/local/lib:/usr/local/cuda-12.6/lib64:/home/jetson/yahboomcar_ws/install/yahboomcar_astra/lib/yahboomcar_astra /usr/bin/cmake /home/jetson/yahboomcar_ws/src/yahboomcar_slam -DCMAKE_INSTALL_PREFIX=/home/jetson/yahboomcar_ws/install/yahboomcar_slam
[0.276s] -- The C compiler identification is GNU 11.4.0
[0.439s] -- The CXX compiler identification is GNU 11.4.0
[0.457s] -- Detecting C compiler ABI info
[0.625s] -- Detecting C compiler ABI info - done
[0.642s] -- Check for working C compiler: /usr/bin/cc - skipped
[0.642s] -- Detecting C compile features
[0.643s] -- Detecting C compile features - done
[0.649s] -- Detecting CXX compiler ABI info
[0.835s] -- Detecting CXX compiler ABI info - done
[0.853s] -- Check for working CXX compiler: /usr/bin/c++ - skipped
[0.854s] -- Detecting CXX compile features
[0.855s] -- Detecting CXX compile features - done
[0.870s] -- Performing Test COMPILER_SUPPORTS_CXX17
[1.084s] -- Performing Test COMPILER_SUPPORTS_CXX17 - Success
[1.103s] -- Found ament_cmake: 1.3.11 (/opt/ros/humble/share/ament_cmake/cmake)
[2.082s] -- Found Python3: /usr/bin/python3 (found version "3.10.12") found components: Interpreter 
[2.349s] -- Found rclcpp: 16.0.12 (/opt/ros/humble/share/rclcpp/cmake)
[2.499s] -- Found rosidl_generator_c: 3.1.6 (/opt/ros/humble/share/rosidl_generator_c/cmake)
[2.517s] -- Found rosidl_adapter: 3.1.6 (/opt/ros/humble/share/rosidl_adapter/cmake)
[2.542s] -- Found rosidl_generator_cpp: 3.1.6 (/opt/ros/humble/share/rosidl_generator_cpp/cmake)
[2.576s] -- Using all available rosidl_typesupport_c: rosidl_typesupport_fastrtps_c;rosidl_typesupport_introspection_c
[2.620s] -- Using all available rosidl_typesupport_cpp: rosidl_typesupport_fastrtps_cpp;rosidl_typesupport_introspection_cpp
[2.748s] -- Found rmw_implementation_cmake: 6.1.2 (/opt/ros/humble/share/rmw_implementation_cmake/cmake)
[2.757s] -- Found rmw_fastrtps_cpp: 6.2.7 (/opt/ros/humble/share/rmw_fastrtps_cpp/cmake)
[2.994s] -- Found OpenSSL: /usr/lib/aarch64-linux-gnu/libcrypto.so (found version "3.0.2")  
[3.068s] -- Found FastRTPS: /opt/ros/humble/include  
[3.159s] -- Using RMW implementation 'rmw_fastrtps_cpp' as default
[3.187s] -- Looking for pthread.h
[3.398s] -- Looking for pthread.h - found
[3.399s] -- Performing Test CMAKE_HAVE_LIBC_PTHREAD
[3.592s] -- Performing Test CMAKE_HAVE_LIBC_PTHREAD - Success
[3.593s] -- Found Threads: TRUE  
[3.710s] -- Found rclpy: 3.3.16 (/opt/ros/humble/share/rclpy/cmake)
[3.716s] -- Found pcl_conversions: 2.4.5 (/opt/ros/humble/share/pcl_conversions/cmake)
[3.870s] -- Checking for module 'eigen3'
[3.904s] --   Found eigen3, version 3.4.0
[3.978s] -- Found Eigen: /usr/include/eigen3 (Required is at least version "3.1") 
[3.979s] -- Eigen found (include: /usr/include/eigen3, version: 3.4.0)
[4.080s] -- Checking for module 'flann'
[4.110s] --   Found flann, version 1.9.1
[4.220s] -- Found FLANN: /usr/lib/aarch64-linux-gnu/libflann_cpp.so  
[4.221s] -- FLANN found (include: /usr/include, lib: /usr/lib/aarch64-linux-gnu/libflann_cpp.so)
[6.446s] -- Checking for module 'libusb-1.0'
[6.482s] --   Found libusb-1.0, version 1.0.25
[6.567s] -- Found libusb: /usr/lib/aarch64-linux-gnu/libusb-1.0.so  
[6.569s] -- OpenNI found (version: 1.5.4.0, include: /usr/include/ni, lib: /usr/lib/libOpenNI.so;libusb::libusb)
[6.688s] -- OpenNI2 found (version: 2.3.0.85, include: /home/jetson/yahboomcar_ws/install/yahboomcar_astra/include/openni2, lib: /home/jetson/yahboomcar_ros2_ws/software/library_ws/install/astra_camera/lib/libOpenNI2.so;libusb::libusb)
[6.997s] -- Eigen found (include: /usr/include/eigen3, version: 3.4.0)
[7.012s] -- OpenNI found (version: 1.5.4.0, include: /usr/include/ni, lib: /usr/lib/libOpenNI.so;libusb::libusb)
[7.027s] -- OpenNI2 found (version: 2.3.0.85, include: /home/jetson/yahboomcar_ws/install/yahboomcar_astra/include/openni2, lib: /home/jetson/yahboomcar_ros2_ws/software/library_ws/install/astra_camera/lib/libOpenNI2.so;libusb::libusb)
[7.317s] -- Found Qhull version 8.0.2
[7.622s] -- OpenNI found (version: 1.5.4.0, include: /usr/include/ni, lib: /usr/lib/libOpenNI.so;libusb::libusb)
[7.909s] -- Found PCL_COMMON: /usr/lib/aarch64-linux-gnu/libpcl_common.so  
[7.910s] -- Found PCL_KDTREE: /usr/lib/aarch64-linux-gnu/libpcl_kdtree.so  
[7.912s] -- Found PCL_OCTREE: /usr/lib/aarch64-linux-gnu/libpcl_octree.so  
[7.915s] -- Found PCL_SEARCH: /usr/lib/aarch64-linux-gnu/libpcl_search.so  
[7.917s] -- Found PCL_SAMPLE_CONSENSUS: /usr/lib/aarch64-linux-gnu/libpcl_sample_consensus.so  
[7.918s] -- Found PCL_FILTERS: /usr/lib/aarch64-linux-gnu/libpcl_filters.so  
[7.919s] -- Found PCL_2D: /usr/include/pcl-1.12  
[7.920s] -- Found PCL_GEOMETRY: /usr/include/pcl-1.12  
[7.923s] -- Found PCL_IO: /usr/lib/aarch64-linux-gnu/libpcl_io.so  
[7.927s] -- Found PCL_FEATURES: /usr/lib/aarch64-linux-gnu/libpcl_features.so  
[7.928s] -- Found PCL_ML: /usr/lib/aarch64-linux-gnu/libpcl_ml.so  
[7.932s] -- Found PCL_SEGMENTATION: /usr/lib/aarch64-linux-gnu/libpcl_segmentation.so  
[7.933s] -- Found PCL_VISUALIZATION: /usr/lib/aarch64-linux-gnu/libpcl_visualization.so  
[7.935s] -- Found PCL_SURFACE: /usr/lib/aarch64-linux-gnu/libpcl_surface.so  
[7.937s] -- Found PCL_REGISTRATION: /usr/lib/aarch64-linux-gnu/libpcl_registration.so  
[7.938s] -- Found PCL_KEYPOINTS: /usr/lib/aarch64-linux-gnu/libpcl_keypoints.so  
[7.940s] -- Found PCL_TRACKING: /usr/lib/aarch64-linux-gnu/libpcl_tracking.so  
[7.942s] -- Found PCL_RECOGNITION: /usr/lib/aarch64-linux-gnu/libpcl_recognition.so  
[7.945s] -- Found PCL_STEREO: /usr/lib/aarch64-linux-gnu/libpcl_stereo.so  
[7.948s] -- Found PCL_APPS: /usr/lib/aarch64-linux-gnu/libpcl_apps.so  
[7.949s] -- Found PCL_IN_HAND_SCANNER: /usr/include/pcl-1.12  
[7.950s] -- Found PCL_MODELER: /usr/include/pcl-1.12  
[7.950s] -- Found PCL_POINT_CLOUD_EDITOR: /usr/include/pcl-1.12  
[7.952s] -- Found PCL_OUTOFCORE: /usr/lib/aarch64-linux-gnu/libpcl_outofcore.so  
[7.954s] -- Found PCL_PEOPLE: /usr/lib/aarch64-linux-gnu/libpcl_people.so  
[7.964s] -- Found pcl_ros: 2.4.5 (/opt/ros/humble/share/pcl_ros/cmake)
[8.048s] -- Found eigen3_cmake_module: 0.1.1 (/opt/ros/humble/share/eigen3_cmake_module/cmake)
[8.051s] -- Found Eigen3: TRUE (found version "3.4.0") 
[8.051s] -- Ensuring Eigen3 include directory is part of orocos-kdl CMake target
[8.256s] -- Found cv_bridge: 3.2.1 (/opt/ros/humble/share/cv_bridge/cmake)
[8.337s] -- Found CUDA: /usr/local/cuda-12.6 (found suitable exact version "12.6") 
[8.369s] -- Found image_transport: 3.1.11 (/opt/ros/humble/share/image_transport/cmake)
[8.431s] -- Found OpenCV: /usr/local (found version "4.10.0") 
[9.015s] -- Found OpenMP_C: -fopenmp (found version "4.5") 
[9.224s] -- Found OpenMP_CXX: -fopenmp (found version "4.5") 
[9.224s] -- Found OpenMP: TRUE (found version "4.5")  
[9.226s] [33mCMake Warning (dev) at CMakeLists.txt:41 (find_package):
[9.226s]   Policy CMP0074 is not set: find_package uses <PackageName>_ROOT variables.
[9.226s]   Run "cmake --help-policy CMP0074" for policy details.  Use the cmake_policy
[9.226s]   command to set the policy and suppress this warning.
[9.226s] 
[9.227s]   CMake variable PCL_ROOT is set to:
[9.227s] 
[9.227s]     /usr
[9.227s] 
[9.227s]   For compatibility, CMake is ignoring the variable.
[9.227s] This warning is for project developers.  Use -Wno-dev to suppress it.
[9.227s] [0m
[9.427s] -- Configuring done
[9.508s] -- Generating done
[9.532s] -- Build files have been written to: /home/jetson/yahboomcar_ws/build/yahboomcar_slam
[9.595s] Invoked command in '/home/jetson/yahboomcar_ws/build/yahboomcar_slam' returned '0': CMAKE_PREFIX_PATH=/home/jetson/yahboomcar_ws/install/yahboomcar_astra:/home/jetson/yahboomcar_ws/install/yahboomcar_laser:/home/jetson/yahboomcar_ws/install/yahboomcar_ctrl:/home/jetson/yahboomcar_ws/install/yahboomcar_bringup:/home/jetson/yahboomcar_ws/install/yahboomcar_msgs:/home/jetson/yahboomcar_ws/install/yahboomcar_description:/home/jetson/yahboomcar_ws/install/yahboomcar_slam:/home/jetson/yahboomcar_ws/install/ros2_orbslam:/home/jetson/yahboomcar_ros2_ws/install/astra_camera:/home/jetson/yahboomcar_ros2_ws/software/library_ws/install/ydlidar_ros2_driver:/home/jetson/yahboomcar_ros2_ws/software/library_ws/install/web_video_server:/home/jetson/yahboomcar_ros2_ws/software/library_ws/install/teb_local_planner:/home/jetson/yahboomcar_ros2_ws/software/library_ws/install/teb_msgs:/home/jetson/yahboomcar_ros2_ws/software/library_ws/install/sllidar_ros2:/home/jetson/yahboomcar_ros2_ws/software/library_ws/install/slam_gmapping:/home/jetson/yahboomcar_ros2_ws/software/library_ws/install/robot_localization:/home/jetson/yahboomcar_ros2_ws/software/library_ws/install/openslam_gmapping:/home/jetson/yahboomcar_ros2_ws/software/library_ws/install/costmap_converter:/home/jetson/yahboomcar_ros2_ws/software/library_ws/install/costmap_converter_msgs:/home/jetson/yahboomcar_ros2_ws/software/library_ws/install/astra_camera:/home/jetson/yahboomcar_ros2_ws/software/library_ws/install/astra_camera_msgs:/opt/ros/humble LD_LIBRARY_PATH=/home/jetson/yahboomcar_ws/install/yahboomcar_astra/lib:/home/jetson/yahboomcar_ws/install/yahboomcar_msgs/lib:/home/jetson/yahboomcar_ros2_ws/install/astra_camera/lib:/usr/local/lib:/usr/local/cuda-12.6/lib64:/home/jetson/yahboomcar_ros2_ws/software/library_ws/install/teb_local_planner/lib:/home/jetson/yahboomcar_ros2_ws/software/library_ws/install/teb_msgs/lib:/home/jetson/yahboomcar_ros2_ws/software/library_ws/install/robot_localization/lib:/home/jetson/yahboomcar_ros2_ws/software/library_ws/install/openslam_gmapping/lib:/home/jetson/yahboomcar_ros2_ws/software/library_ws/install/costmap_converter/lib:/home/jetson/yahboomcar_ros2_ws/software/library_ws/install/costmap_converter_msgs/lib:/home/jetson/yahboomcar_ros2_ws/software/library_ws/install/astra_camera/lib:/home/jetson/yahboomcar_ros2_ws/software/library_ws/install/astra_camera_msgs/lib:/opt/ros/humble/opt/rviz_ogre_vendor/lib:/opt/ros/humble/lib/aarch64-linux-gnu:/opt/ros/humble/lib:/usr/local/lib:/usr/local/cuda-12.6/lib64:/home/jetson/yahboomcar_ws/install/yahboomcar_astra/lib/yahboomcar_astra /usr/bin/cmake /home/jetson/yahboomcar_ws/src/yahboomcar_slam -DCMAKE_INSTALL_PREFIX=/home/jetson/yahboomcar_ws/install/yahboomcar_slam
[9.600s] Invoking command in '/home/jetson/yahboomcar_ws/build/yahboomcar_slam': CMAKE_PREFIX_PATH=/home/jetson/yahboomcar_ws/install/yahboomcar_astra:/home/jetson/yahboomcar_ws/install/yahboomcar_laser:/home/jetson/yahboomcar_ws/install/yahboomcar_ctrl:/home/jetson/yahboomcar_ws/install/yahboomcar_bringup:/home/jetson/yahboomcar_ws/install/yahboomcar_msgs:/home/jetson/yahboomcar_ws/install/yahboomcar_description:/home/jetson/yahboomcar_ws/install/yahboomcar_slam:/home/jetson/yahboomcar_ws/install/ros2_orbslam:/home/jetson/yahboomcar_ros2_ws/install/astra_camera:/home/jetson/yahboomcar_ros2_ws/software/library_ws/install/ydlidar_ros2_driver:/home/jetson/yahboomcar_ros2_ws/software/library_ws/install/web_video_server:/home/jetson/yahboomcar_ros2_ws/software/library_ws/install/teb_local_planner:/home/jetson/yahboomcar_ros2_ws/software/library_ws/install/teb_msgs:/home/jetson/yahboomcar_ros2_ws/software/library_ws/install/sllidar_ros2:/home/jetson/yahboomcar_ros2_ws/software/library_ws/install/slam_gmapping:/home/jetson/yahboomcar_ros2_ws/software/library_ws/install/robot_localization:/home/jetson/yahboomcar_ros2_ws/software/library_ws/install/openslam_gmapping:/home/jetson/yahboomcar_ros2_ws/software/library_ws/install/costmap_converter:/home/jetson/yahboomcar_ros2_ws/software/library_ws/install/costmap_converter_msgs:/home/jetson/yahboomcar_ros2_ws/software/library_ws/install/astra_camera:/home/jetson/yahboomcar_ros2_ws/software/library_ws/install/astra_camera_msgs:/opt/ros/humble LD_LIBRARY_PATH=/home/jetson/yahboomcar_ws/install/yahboomcar_astra/lib:/home/jetson/yahboomcar_ws/install/yahboomcar_msgs/lib:/home/jetson/yahboomcar_ros2_ws/install/astra_camera/lib:/usr/local/lib:/usr/local/cuda-12.6/lib64:/home/jetson/yahboomcar_ros2_ws/software/library_ws/install/teb_local_planner/lib:/home/jetson/yahboomcar_ros2_ws/software/library_ws/install/teb_msgs/lib:/home/jetson/yahboomcar_ros2_ws/software/library_ws/install/robot_localization/lib:/home/jetson/yahboomcar_ros2_ws/software/library_ws/install/openslam_gmapping/lib:/home/jetson/yahboomcar_ros2_ws/software/library_ws/install/costmap_converter/lib:/home/jetson/yahboomcar_ros2_ws/software/library_ws/install/costmap_converter_msgs/lib:/home/jetson/yahboomcar_ros2_ws/software/library_ws/install/astra_camera/lib:/home/jetson/yahboomcar_ros2_ws/software/library_ws/install/astra_camera_msgs/lib:/opt/ros/humble/opt/rviz_ogre_vendor/lib:/opt/ros/humble/lib/aarch64-linux-gnu:/opt/ros/humble/lib:/usr/local/lib:/usr/local/cuda-12.6/lib64:/home/jetson/yahboomcar_ws/install/yahboomcar_astra/lib/yahboomcar_astra /usr/bin/cmake --build /home/jetson/yahboomcar_ws/build/yahboomcar_slam -- -j6 -l6
[9.711s] [35m[1mConsolidate compiler generated dependencies of target pointcloud_mapping[0m
[9.802s] [100%] Built target pointcloud_mapping
[9.830s] Invoked command in '/home/jetson/yahboomcar_ws/build/yahboomcar_slam' returned '0': CMAKE_PREFIX_PATH=/home/jetson/yahboomcar_ws/install/yahboomcar_astra:/home/jetson/yahboomcar_ws/install/yahboomcar_laser:/home/jetson/yahboomcar_ws/install/yahboomcar_ctrl:/home/jetson/yahboomcar_ws/install/yahboomcar_bringup:/home/jetson/yahboomcar_ws/install/yahboomcar_msgs:/home/jetson/yahboomcar_ws/install/yahboomcar_description:/home/jetson/yahboomcar_ws/install/yahboomcar_slam:/home/jetson/yahboomcar_ws/install/ros2_orbslam:/home/jetson/yahboomcar_ros2_ws/install/astra_camera:/home/jetson/yahboomcar_ros2_ws/software/library_ws/install/ydlidar_ros2_driver:/home/jetson/yahboomcar_ros2_ws/software/library_ws/install/web_video_server:/home/jetson/yahboomcar_ros2_ws/software/library_ws/install/teb_local_planner:/home/jetson/yahboomcar_ros2_ws/software/library_ws/install/teb_msgs:/home/jetson/yahboomcar_ros2_ws/software/library_ws/install/sllidar_ros2:/home/jetson/yahboomcar_ros2_ws/software/library_ws/install/slam_gmapping:/home/jetson/yahboomcar_ros2_ws/software/library_ws/install/robot_localization:/home/jetson/yahboomcar_ros2_ws/software/library_ws/install/openslam_gmapping:/home/jetson/yahboomcar_ros2_ws/software/library_ws/install/costmap_converter:/home/jetson/yahboomcar_ros2_ws/software/library_ws/install/costmap_converter_msgs:/home/jetson/yahboomcar_ros2_ws/software/library_ws/install/astra_camera:/home/jetson/yahboomcar_ros2_ws/software/library_ws/install/astra_camera_msgs:/opt/ros/humble LD_LIBRARY_PATH=/home/jetson/yahboomcar_ws/install/yahboomcar_astra/lib:/home/jetson/yahboomcar_ws/install/yahboomcar_msgs/lib:/home/jetson/yahboomcar_ros2_ws/install/astra_camera/lib:/usr/local/lib:/usr/local/cuda-12.6/lib64:/home/jetson/yahboomcar_ros2_ws/software/library_ws/install/teb_local_planner/lib:/home/jetson/yahboomcar_ros2_ws/software/library_ws/install/teb_msgs/lib:/home/jetson/yahboomcar_ros2_ws/software/library_ws/install/robot_localization/lib:/home/jetson/yahboomcar_ros2_ws/software/library_ws/install/openslam_gmapping/lib:/home/jetson/yahboomcar_ros2_ws/software/library_ws/install/costmap_converter/lib:/home/jetson/yahboomcar_ros2_ws/software/library_ws/install/costmap_converter_msgs/lib:/home/jetson/yahboomcar_ros2_ws/software/library_ws/install/astra_camera/lib:/home/jetson/yahboomcar_ros2_ws/software/library_ws/install/astra_camera_msgs/lib:/opt/ros/humble/opt/rviz_ogre_vendor/lib:/opt/ros/humble/lib/aarch64-linux-gnu:/opt/ros/humble/lib:/usr/local/lib:/usr/local/cuda-12.6/lib64:/home/jetson/yahboomcar_ws/install/yahboomcar_astra/lib/yahboomcar_astra /usr/bin/cmake --build /home/jetson/yahboomcar_ws/build/yahboomcar_slam -- -j6 -l6
[9.858s] Invoking command in '/home/jetson/yahboomcar_ws/build/yahboomcar_slam': CMAKE_PREFIX_PATH=/home/jetson/yahboomcar_ws/install/yahboomcar_astra:/home/jetson/yahboomcar_ws/install/yahboomcar_laser:/home/jetson/yahboomcar_ws/install/yahboomcar_ctrl:/home/jetson/yahboomcar_ws/install/yahboomcar_bringup:/home/jetson/yahboomcar_ws/install/yahboomcar_msgs:/home/jetson/yahboomcar_ws/install/yahboomcar_description:/home/jetson/yahboomcar_ws/install/yahboomcar_slam:/home/jetson/yahboomcar_ws/install/ros2_orbslam:/home/jetson/yahboomcar_ros2_ws/install/astra_camera:/home/jetson/yahboomcar_ros2_ws/software/library_ws/install/ydlidar_ros2_driver:/home/jetson/yahboomcar_ros2_ws/software/library_ws/install/web_video_server:/home/jetson/yahboomcar_ros2_ws/software/library_ws/install/teb_local_planner:/home/jetson/yahboomcar_ros2_ws/software/library_ws/install/teb_msgs:/home/jetson/yahboomcar_ros2_ws/software/library_ws/install/sllidar_ros2:/home/jetson/yahboomcar_ros2_ws/software/library_ws/install/slam_gmapping:/home/jetson/yahboomcar_ros2_ws/software/library_ws/install/robot_localization:/home/jetson/yahboomcar_ros2_ws/software/library_ws/install/openslam_gmapping:/home/jetson/yahboomcar_ros2_ws/software/library_ws/install/costmap_converter:/home/jetson/yahboomcar_ros2_ws/software/library_ws/install/costmap_converter_msgs:/home/jetson/yahboomcar_ros2_ws/software/library_ws/install/astra_camera:/home/jetson/yahboomcar_ros2_ws/software/library_ws/install/astra_camera_msgs:/opt/ros/humble LD_LIBRARY_PATH=/home/jetson/yahboomcar_ws/install/yahboomcar_astra/lib:/home/jetson/yahboomcar_ws/install/yahboomcar_msgs/lib:/home/jetson/yahboomcar_ros2_ws/install/astra_camera/lib:/usr/local/lib:/usr/local/cuda-12.6/lib64:/home/jetson/yahboomcar_ros2_ws/software/library_ws/install/teb_local_planner/lib:/home/jetson/yahboomcar_ros2_ws/software/library_ws/install/teb_msgs/lib:/home/jetson/yahboomcar_ros2_ws/software/library_ws/install/robot_localization/lib:/home/jetson/yahboomcar_ros2_ws/software/library_ws/install/openslam_gmapping/lib:/home/jetson/yahboomcar_ros2_ws/software/library_ws/install/costmap_converter/lib:/home/jetson/yahboomcar_ros2_ws/software/library_ws/install/costmap_converter_msgs/lib:/home/jetson/yahboomcar_ros2_ws/software/library_ws/install/astra_camera/lib:/home/jetson/yahboomcar_ros2_ws/software/library_ws/install/astra_camera_msgs/lib:/opt/ros/humble/opt/rviz_ogre_vendor/lib:/opt/ros/humble/lib/aarch64-linux-gnu:/opt/ros/humble/lib:/usr/local/lib:/usr/local/cuda-12.6/lib64:/home/jetson/yahboomcar_ws/install/yahboomcar_astra/lib/yahboomcar_astra /usr/bin/cmake --install /home/jetson/yahboomcar_ws/build/yahboomcar_slam
[9.878s] -- Install configuration: ""
[9.879s] -- Up-to-date: /home/jetson/yahboomcar_ws/install/yahboomcar_slam/share/ament_index/resource_index/package_run_dependencies/yahboomcar_slam
[9.879s] -- Up-to-date: /home/jetson/yahboomcar_ws/install/yahboomcar_slam/share/ament_index/resource_index/parent_prefix_path/yahboomcar_slam
[9.879s] -- Up-to-date: /home/jetson/yahboomcar_ws/install/yahboomcar_slam/share/yahboomcar_slam/environment/ament_prefix_path.sh
[9.881s] -- Installing: /home/jetson/yahboomcar_ws/install/yahboomcar_slam/share/yahboomcar_slam/environment/ament_prefix_path.dsv
[9.882s] -- Up-to-date: /home/jetson/yahboomcar_ws/install/yahboomcar_slam/share/yahboomcar_slam/environment/path.sh
[9.884s] -- Installing: /home/jetson/yahboomcar_ws/install/yahboomcar_slam/share/yahboomcar_slam/environment/path.dsv
[9.885s] -- Up-to-date: /home/jetson/yahboomcar_ws/install/yahboomcar_slam/share/yahboomcar_slam/local_setup.bash
[9.885s] -- Up-to-date: /home/jetson/yahboomcar_ws/install/yahboomcar_slam/share/yahboomcar_slam/local_setup.sh
[9.886s] -- Up-to-date: /home/jetson/yahboomcar_ws/install/yahboomcar_slam/share/yahboomcar_slam/local_setup.zsh
[9.887s] -- Installing: /home/jetson/yahboomcar_ws/install/yahboomcar_slam/share/yahboomcar_slam/local_setup.dsv
[9.888s] -- Installing: /home/jetson/yahboomcar_ws/install/yahboomcar_slam/share/yahboomcar_slam/package.dsv
[9.890s] -- Up-to-date: /home/jetson/yahboomcar_ws/install/yahboomcar_slam/share/ament_index/resource_index/packages/yahboomcar_slam
[9.890s] -- Up-to-date: /home/jetson/yahboomcar_ws/install/yahboomcar_slam/share/yahboomcar_slam/cmake/yahboomcar_slamConfig.cmake
[9.893s] -- Up-to-date: /home/jetson/yahboomcar_ws/install/yahboomcar_slam/share/yahboomcar_slam/cmake/yahboomcar_slamConfig-version.cmake
[9.894s] -- Up-to-date: /home/jetson/yahboomcar_ws/install/yahboomcar_slam/share/yahboomcar_slam/package.xml
[9.896s] -- Up-to-date: /home/jetson/yahboomcar_ws/install/yahboomcar_slam/lib/yahboomcar_slam/pointcloud_mapping
[9.896s] -- Up-to-date: /home/jetson/yahboomcar_ws/install/yahboomcar_slam/share/yahboomcar_slam/launch
[9.897s] -- Up-to-date: /home/jetson/yahboomcar_ws/install/yahboomcar_slam/share/yahboomcar_slam/launch/test_slam_only.launch.py
[9.897s] -- Up-to-date: /home/jetson/yahboomcar_ws/install/yahboomcar_slam/share/yahboomcar_slam/launch/robot_orb_octomap.launch.py
[9.897s] -- Up-to-date: /home/jetson/yahboomcar_ws/install/yahboomcar_slam/share/yahboomcar_slam/launch/test_pcl_mapping.launch.py
[9.897s] -- Up-to-date: /home/jetson/yahboomcar_ws/install/yahboomcar_slam/share/yahboomcar_slam/launch/camera_driver.launch.py
[9.897s] -- Up-to-date: /home/jetson/yahboomcar_ws/install/yahboomcar_slam/share/yahboomcar_slam/launch/test_orb_slam.launch.py
[9.897s] -- Up-to-date: /home/jetson/yahboomcar_ws/install/yahboomcar_slam/share/yahboomcar_slam/launch/view_orb_octomap.launch.py
[9.897s] -- Up-to-date: /home/jetson/yahboomcar_ws/install/yahboomcar_slam/share/yahboomcar_slam/launch/camera_orb_slam.launch.py
[9.897s] -- Up-to-date: /home/jetson/yahboomcar_ws/install/yahboomcar_slam/share/yahboomcar_slam/launch/robot_orb_slam.launch.py
[9.898s] -- Up-to-date: /home/jetson/yahboomcar_ws/install/yahboomcar_slam/share/yahboomcar_slam/launch/slam_with_astra.launch.py
[9.898s] -- Up-to-date: /home/jetson/yahboomcar_ws/install/yahboomcar_slam/share/yahboomcar_slam/param
[9.898s] -- Up-to-date: /home/jetson/yahboomcar_ws/install/yahboomcar_slam/share/yahboomcar_slam/param/astra.yaml
[9.898s] -- Up-to-date: /home/jetson/yahboomcar_ws/install/yahboomcar_slam/share/yahboomcar_slam/param/ORBvoc.txt
[9.898s] -- Up-to-date: /home/jetson/yahboomcar_ws/install/yahboomcar_slam/share/yahboomcar_slam/param/astra1.0.yaml
[9.898s] -- Up-to-date: /home/jetson/yahboomcar_ws/install/yahboomcar_slam/share/yahboomcar_slam/rviz
[9.898s] -- Up-to-date: /home/jetson/yahboomcar_ws/install/yahboomcar_slam/share/yahboomcar_slam/rviz/orb_octomap.rviz
[9.899s] -- Up-to-date: /home/jetson/yahboomcar_ws/install/yahboomcar_slam/share/yahboomcar_slam/data
[9.899s] -- Up-to-date: /home/jetson/yahboomcar_ws/install/yahboomcar_slam/share/yahboomcar_slam/data/room_scan1.pcd
[9.899s] Invoked command in '/home/jetson/yahboomcar_ws/build/yahboomcar_slam' returned '0': CMAKE_PREFIX_PATH=/home/jetson/yahboomcar_ws/install/yahboomcar_astra:/home/jetson/yahboomcar_ws/install/yahboomcar_laser:/home/jetson/yahboomcar_ws/install/yahboomcar_ctrl:/home/jetson/yahboomcar_ws/install/yahboomcar_bringup:/home/jetson/yahboomcar_ws/install/yahboomcar_msgs:/home/jetson/yahboomcar_ws/install/yahboomcar_description:/home/jetson/yahboomcar_ws/install/yahboomcar_slam:/home/jetson/yahboomcar_ws/install/ros2_orbslam:/home/jetson/yahboomcar_ros2_ws/install/astra_camera:/home/jetson/yahboomcar_ros2_ws/software/library_ws/install/ydlidar_ros2_driver:/home/jetson/yahboomcar_ros2_ws/software/library_ws/install/web_video_server:/home/jetson/yahboomcar_ros2_ws/software/library_ws/install/teb_local_planner:/home/jetson/yahboomcar_ros2_ws/software/library_ws/install/teb_msgs:/home/jetson/yahboomcar_ros2_ws/software/library_ws/install/sllidar_ros2:/home/jetson/yahboomcar_ros2_ws/software/library_ws/install/slam_gmapping:/home/jetson/yahboomcar_ros2_ws/software/library_ws/install/robot_localization:/home/jetson/yahboomcar_ros2_ws/software/library_ws/install/openslam_gmapping:/home/jetson/yahboomcar_ros2_ws/software/library_ws/install/costmap_converter:/home/jetson/yahboomcar_ros2_ws/software/library_ws/install/costmap_converter_msgs:/home/jetson/yahboomcar_ros2_ws/software/library_ws/install/astra_camera:/home/jetson/yahboomcar_ros2_ws/software/library_ws/install/astra_camera_msgs:/opt/ros/humble LD_LIBRARY_PATH=/home/jetson/yahboomcar_ws/install/yahboomcar_astra/lib:/home/jetson/yahboomcar_ws/install/yahboomcar_msgs/lib:/home/jetson/yahboomcar_ros2_ws/install/astra_camera/lib:/usr/local/lib:/usr/local/cuda-12.6/lib64:/home/jetson/yahboomcar_ros2_ws/software/library_ws/install/teb_local_planner/lib:/home/jetson/yahboomcar_ros2_ws/software/library_ws/install/teb_msgs/lib:/home/jetson/yahboomcar_ros2_ws/software/library_ws/install/robot_localization/lib:/home/jetson/yahboomcar_ros2_ws/software/library_ws/install/openslam_gmapping/lib:/home/jetson/yahboomcar_ros2_ws/software/library_ws/install/costmap_converter/lib:/home/jetson/yahboomcar_ros2_ws/software/library_ws/install/costmap_converter_msgs/lib:/home/jetson/yahboomcar_ros2_ws/software/library_ws/install/astra_camera/lib:/home/jetson/yahboomcar_ros2_ws/software/library_ws/install/astra_camera_msgs/lib:/opt/ros/humble/opt/rviz_ogre_vendor/lib:/opt/ros/humble/lib/aarch64-linux-gnu:/opt/ros/humble/lib:/usr/local/lib:/usr/local/cuda-12.6/lib64:/home/jetson/yahboomcar_ws/install/yahboomcar_astra/lib/yahboomcar_astra /usr/bin/cmake --install /home/jetson/yahboomcar_ws/build/yahboomcar_slam
