[01m[K/home/jetson/yahboomcar_ws/src/yahboomcar_slam/src/PCLMapper.cpp:[m[K In constructor ‘[01m[KMapping::PointCloudMapper::PointCloudMapper()[m[K’:
[01m[K/home/jetson/yahboomcar_ws/src/yahboomcar_slam/src/PCLMapper.cpp:59:42:[m[K [01;31m[Kerror: [m[Kno matching function for call to ‘[01m[Kimage_transport::ImageTransport::ImageTransport(Mapping::PointCloudMapper*)[m[K’
   59 |             : Node("pointcloud_mapper"), [01;31m[Kit(this)[m[K {
      |                                          [01;31m[K^~~~~~~~[m[K
In file included from [01m[K/home/jetson/yahboomcar_ws/src/yahboomcar_slam/include/yahboomcar_slam/PCLMapper.h:63[m[K,
                 from [01m[K/home/jetson/yahboomcar_ws/src/yahboomcar_slam/src/PCLMapper.cpp:26[m[K:
[01m[K/opt/ros/humble/include/image_transport/image_transport/image_transport.hpp:111:12:[m[K [01;36m[Knote: [m[Kcandidate: ‘[01m[Kimage_transport::ImageTransport::ImageTransport(rclcpp::Node::SharedPtr)[m[K’
  111 |   explicit [01;36m[KImageTransport[m[K(rclcpp::Node::SharedPtr node);
      |            [01;36m[K^~~~~~~~~~~~~~[m[K
[01m[K/opt/ros/humble/include/image_transport/image_transport/image_transport.hpp:111:51:[m[K [01;36m[Knote: [m[K  no known conversion for argument 1 from ‘[01m[KMapping::PointCloudMapper*[m[K’ to ‘[01m[Krclcpp::Node::SharedPtr[m[K’ {aka ‘[01m[Kstd::shared_ptr<rclcpp::Node>[m[K’}
  111 |   explicit ImageTransport([01;36m[Krclcpp::Node::SharedPtr node[m[K);
      |                           [01;36m[K~~~~~~~~~~~~~~~~~~~~~~~~^~~~[m[K
[01m[K/home/jetson/yahboomcar_ws/src/yahboomcar_slam/src/PCLMapper.cpp:109:95:[m[K [01;31m[Kerror: [m[Kno matching function for call to ‘[01m[Kimage_transport::SubscriberFilter::SubscriberFilter(image_transport::ImageTransport&, std::string&, size_t&, image_transport::TransportHints&)[m[K’
  109 |         subImageColor = new image_transport::SubscriberFilter(it, topicColor, queueSize, hints[01;31m[K)[m[K;
      |                                                                                               [01;31m[K^[m[K
In file included from [01m[K/home/jetson/yahboomcar_ws/src/yahboomcar_slam/include/yahboomcar_slam/PCLMapper.h:64[m[K,
                 from [01m[K/home/jetson/yahboomcar_ws/src/yahboomcar_slam/src/PCLMapper.cpp:26[m[K:
[01m[K/opt/ros/humble/include/image_transport/image_transport/subscriber_filter.hpp:90:3:[m[K [01;36m[Knote: [m[Kcandidate: ‘[01m[Kimage_transport::SubscriberFilter::SubscriberFilter()[m[K’
   90 |   [01;36m[KSubscriberFilter[m[K()
      |   [01;36m[K^~~~~~~~~~~~~~~~[m[K
[01m[K/opt/ros/humble/include/image_transport/image_transport/subscriber_filter.hpp:90:3:[m[K [01;36m[Knote: [m[K  candidate expects 0 arguments, 4 provided
[01m[K/opt/ros/humble/include/image_transport/image_transport/subscriber_filter.hpp:79:3:[m[K [01;36m[Knote: [m[Kcandidate: ‘[01m[Kimage_transport::SubscriberFilter::SubscriberFilter(rclcpp::Node*, const string&, const string&)[m[K’
   79 |   [01;36m[KSubscriberFilter[m[K(
      |   [01;36m[K^~~~~~~~~~~~~~~~[m[K
[01m[K/opt/ros/humble/include/image_transport/image_transport/subscriber_filter.hpp:79:3:[m[K [01;36m[Knote: [m[K  candidate expects 3 arguments, 4 provided
[01m[K/home/jetson/yahboomcar_ws/src/yahboomcar_slam/src/PCLMapper.cpp:110:95:[m[K [01;31m[Kerror: [m[Kno matching function for call to ‘[01m[Kimage_transport::SubscriberFilter::SubscriberFilter(image_transport::ImageTransport&, std::string&, size_t&, image_transport::TransportHints&)[m[K’
  110 |         subImageDepth = new image_transport::SubscriberFilter(it, topicDepth, queueSize, hints[01;31m[K)[m[K;
      |                                                                                               [01;31m[K^[m[K
In file included from [01m[K/home/jetson/yahboomcar_ws/src/yahboomcar_slam/include/yahboomcar_slam/PCLMapper.h:64[m[K,
                 from [01m[K/home/jetson/yahboomcar_ws/src/yahboomcar_slam/src/PCLMapper.cpp:26[m[K:
[01m[K/opt/ros/humble/include/image_transport/image_transport/subscriber_filter.hpp:90:3:[m[K [01;36m[Knote: [m[Kcandidate: ‘[01m[Kimage_transport::SubscriberFilter::SubscriberFilter()[m[K’
   90 |   [01;36m[KSubscriberFilter[m[K()
      |   [01;36m[K^~~~~~~~~~~~~~~~[m[K
[01m[K/opt/ros/humble/include/image_transport/image_transport/subscriber_filter.hpp:90:3:[m[K [01;36m[Knote: [m[K  candidate expects 0 arguments, 4 provided
[01m[K/opt/ros/humble/include/image_transport/image_transport/subscriber_filter.hpp:79:3:[m[K [01;36m[Knote: [m[Kcandidate: ‘[01m[Kimage_transport::SubscriberFilter::SubscriberFilter(rclcpp::Node*, const string&, const string&)[m[K’
   79 |   [01;36m[KSubscriberFilter[m[K(
      |   [01;36m[K^~~~~~~~~~~~~~~~[m[K
[01m[K/opt/ros/humble/include/image_transport/image_transport/subscriber_filter.hpp:79:3:[m[K [01;36m[Knote: [m[K  candidate expects 3 arguments, 4 provided
[01m[K/home/jetson/yahboomcar_ws/src/yahboomcar_slam/src/PCLMapper.cpp:111:109:[m[K [01;31m[Kerror: [m[Kno matching function for call to ‘[01m[Kmessage_filters::Subscriber<geometry_msgs::msg::PoseStamped_<std::allocator<void> > >::Subscriber(Mapping::PointCloudMapper*, std::string&, size_t&)[m[K’
  111 |         tcw_sub = new message_filters::Subscriber<geometry_msgs::msg::PoseStamped>(this, topicTcw, queueSize[01;31m[K)[m[K;
      |                                                                                                             [01;31m[K^[m[K
In file included from [01m[K/home/jetson/yahboomcar_ws/src/yahboomcar_slam/include/yahboomcar_slam/PCLMapper.h:66[m[K,
                 from [01m[K/home/jetson/yahboomcar_ws/src/yahboomcar_slam/src/PCLMapper.cpp:26[m[K:
[01m[K/opt/ros/humble/include/message_filters/message_filters/subscriber.h:203:3:[m[K [01;36m[Knote: [m[Kcandidate: ‘[01m[Kmessage_filters::Subscriber<M, NodeType>::Subscriber() [with M = geometry_msgs::msg::PoseStamped_<std::allocator<void> >; NodeType = rclcpp::Node][m[K’
  203 |   [01;36m[KSubscriber[m[K() = default;
      |   [01;36m[K^~~~~~~~~~[m[K
[01m[K/opt/ros/humble/include/message_filters/message_filters/subscriber.h:203:3:[m[K [01;36m[Knote: [m[K  candidate expects 0 arguments, 3 provided
[01m[K/opt/ros/humble/include/message_filters/message_filters/subscriber.h:191:3:[m[K [01;36m[Knote: [m[Kcandidate: ‘[01m[Kmessage_filters::Subscriber<M, NodeType>::Subscriber(NodeType*, const string&, rmw_qos_profile_t, rclcpp::SubscriptionOptions) [with M = geometry_msgs::msg::PoseStamped_<std::allocator<void> >; NodeType = rclcpp::Node; std::string = std::__cxx11::basic_string<char>; rmw_qos_profile_t = rmw_qos_profile_s; rclcpp::SubscriptionOptions = rclcpp::SubscriptionOptionsWithAllocator<std::allocator<void> >][m[K’
  191 |   [01;36m[KSubscriber[m[K(
      |   [01;36m[K^~~~~~~~~~[m[K
[01m[K/opt/ros/humble/include/message_filters/message_filters/subscriber.h:191:3:[m[K [01;36m[Knote: [m[K  candidate expects 4 arguments, 3 provided
[01m[K/opt/ros/humble/include/message_filters/message_filters/subscriber.h:182:3:[m[K [01;36m[Knote: [m[Kcandidate: ‘[01m[Kmessage_filters::Subscriber<M, NodeType>::Subscriber(message_filters::Subscriber<M, NodeType>::NodePtr, const string&, rmw_qos_profile_t, rclcpp::SubscriptionOptions) [with M = geometry_msgs::msg::PoseStamped_<std::allocator<void> >; NodeType = rclcpp::Node; message_filters::Subscriber<M, NodeType>::NodePtr = std::shared_ptr<rclcpp::Node>; std::string = std::__cxx11::basic_string<char>; rmw_qos_profile_t = rmw_qos_profile_s; rclcpp::SubscriptionOptions = rclcpp::SubscriptionOptionsWithAllocator<std::allocator<void> >][m[K’
  182 |   [01;36m[KSubscriber[m[K(
      |   [01;36m[K^~~~~~~~~~[m[K
[01m[K/opt/ros/humble/include/message_filters/message_filters/subscriber.h:182:3:[m[K [01;36m[Knote: [m[K  candidate expects 4 arguments, 3 provided
[01m[K/opt/ros/humble/include/message_filters/message_filters/subscriber.h:167:3:[m[K [01;36m[Knote: [m[Kcandidate: ‘[01m[Kmessage_filters::Subscriber<M, NodeType>::Subscriber(NodeType*, const string&, rmw_qos_profile_t) [with M = geometry_msgs::msg::PoseStamped_<std::allocator<void> >; NodeType = rclcpp::Node; std::string = std::__cxx11::basic_string<char>; rmw_qos_profile_t = rmw_qos_profile_s][m[K’
  167 |   [01;36m[KSubscriber[m[K(NodeType * node, const std::string& topic, const rmw_qos_profile_t qos = rmw_qos_profile_default)
      |   [01;36m[K^~~~~~~~~~[m[K
[01m[K/opt/ros/humble/include/message_filters/message_filters/subscriber.h:167:81:[m[K [01;36m[Knote: [m[K  no known conversion for argument 3 from ‘[01m[Ksize_t[m[K’ {aka ‘[01m[Klong unsigned int[m[K’} to ‘[01m[Krmw_qos_profile_t[m[K’ {aka ‘[01m[Krmw_qos_profile_s[m[K’}
  167 |   Subscriber(NodeType * node, const std::string& topic, [01;36m[Kconst rmw_qos_profile_t qos = rmw_qos_profile_default[m[K)
      |                                                         [01;36m[K~~~~~~~~~~~~~~~~~~~~~~~~^~~~~~~~~~~~~~~~~~~~~~~~~~~~~[m[K
[01m[K/opt/ros/humble/include/message_filters/message_filters/subscriber.h:162:3:[m[K [01;36m[Knote: [m[Kcandidate: ‘[01m[Kmessage_filters::Subscriber<M, NodeType>::Subscriber(message_filters::Subscriber<M, NodeType>::NodePtr, const string&, rmw_qos_profile_t) [with M = geometry_msgs::msg::PoseStamped_<std::allocator<void> >; NodeType = rclcpp::Node; message_filters::Subscriber<M, NodeType>::NodePtr = std::shared_ptr<rclcpp::Node>; std::string = std::__cxx11::basic_string<char>; rmw_qos_profile_t = rmw_qos_profile_s][m[K’
  162 |   [01;36m[KSubscriber[m[K(NodePtr node, const std::string& topic, const rmw_qos_profile_t qos = rmw_qos_profile_default)
      |   [01;36m[K^~~~~~~~~~[m[K
[01m[K/opt/ros/humble/include/message_filters/message_filters/subscriber.h:162:22:[m[K [01;36m[Knote: [m[K  no known conversion for argument 1 from ‘[01m[KMapping::PointCloudMapper*[m[K’ to ‘[01m[Kmessage_filters::Subscriber<geometry_msgs::msg::PoseStamped_<std::allocator<void> > >::NodePtr[m[K’ {aka ‘[01m[Kstd::shared_ptr<rclcpp::Node>[m[K’}
  162 |   Subscriber([01;36m[KNodePtr node[m[K, const std::string& topic, const rmw_qos_profile_t qos = rmw_qos_profile_default)
      |              [01;36m[K~~~~~~~~^~~~[m[K
[01m[K/home/jetson/yahboomcar_ws/src/yahboomcar_slam/src/PCLMapper.cpp:[m[K In member function ‘[01m[Kvoid Mapping::PointCloudMapper::viewer()[m[K’:
[01m[K/home/jetson/yahboomcar_ws/src/yahboomcar_slam/src/PCLMapper.cpp:230:17:[m[K [01;31m[Kerror: [m[K‘[01m[KAsyncSpinner[m[K’ is not a member of ‘[01m[Krclcpp[m[K’
  230 |         rclcpp::[01;31m[KAsyncSpinner[m[K spinner(2); // Use 1threads
      |                 [01;31m[K^~~~~~~~~~~~[m[K
[01m[K/home/jetson/yahboomcar_ws/src/yahboomcar_slam/src/PCLMapper.cpp:231:9:[m[K [01;31m[Kerror: [m[K‘[01m[Kspinner[m[K’ was not declared in this scope
  231 |         [01;31m[Kspinner[m[K.start();
      |         [01;31m[K^~~~~~~[m[K
[01m[K/home/jetson/yahboomcar_ws/src/yahboomcar_slam/src/PCLMapper.cpp:271:30:[m[K [01;31m[Kerror: [m[K‘[01m[KtoROSMsg[m[K’ is not a member of ‘[01m[Kpcl[m[K’
  271 |                         pcl::[01;31m[KtoROSMsg[m[K(*tem_cloud1, local);// 转换成ROS下的数据类型 最终通过topic发布
      |                              [01;31m[K^~~~~~~~[m[K
[01m[K/home/jetson/yahboomcar_ws/src/yahboomcar_slam/src/PCLMapper.cpp:274:46:[m[K [01;31m[Kerror: [m[K‘[01m[Kusing SharedPtr = class std::shared_ptr<rclcpp::Publisher<sensor_msgs::msg::PointCloud2_<std::allocator<void> > > >[m[K’ {aka ‘[01m[Kclass std::shared_ptr<rclcpp::Publisher<sensor_msgs::msg::PointCloud2_<std::allocator<void> > > >[m[K’} has no member named ‘[01m[Kpublish[m[K’
  274 |                         pub_local_pointcloud.[01;31m[Kpublish[m[K(local);
      |                                              [01;31m[K^~~~~~~[m[K
[01m[K/home/jetson/yahboomcar_ws/src/yahboomcar_slam/src/PCLMapper.cpp:285:26:[m[K [01;31m[Kerror: [m[K‘[01m[KtoROSMsg[m[K’ is not a member of ‘[01m[Kpcl[m[K’
  285 |                     pcl::[01;31m[KtoROSMsg[m[K(*globalMap, output);
      |                          [01;31m[K^~~~~~~~[m[K
[01m[K/home/jetson/yahboomcar_ws/src/yahboomcar_slam/src/PCLMapper.cpp:288:43:[m[K [01;31m[Kerror: [m[K‘[01m[Kusing SharedPtr = class std::shared_ptr<rclcpp::Publisher<sensor_msgs::msg::PointCloud2_<std::allocator<void> > > >[m[K’ {aka ‘[01m[Kclass std::shared_ptr<rclcpp::Publisher<sensor_msgs::msg::PointCloud2_<std::allocator<void> > > >[m[K’} has no member named ‘[01m[Kpublish[m[K’
  288 |                     pub_global_pointcloud.[01;31m[Kpublish[m[K(output);
      |                                           [01;31m[K^~~~~~~[m[K
[01m[K/home/jetson/yahboomcar_ws/src/yahboomcar_slam/src/PCLMapper.cpp:332:30:[m[K [01;31m[Kerror: [m[K‘[01m[KtoROSMsg[m[K’ is not a member of ‘[01m[Kpcl[m[K’
  332 |                         pcl::[01;31m[KtoROSMsg[m[K(*tem_cloud1, local);// 转换成ROS下的数据类型 最终通过topic发布
      |                              [01;31m[K^~~~~~~~[m[K
[01m[K/home/jetson/yahboomcar_ws/src/yahboomcar_slam/src/PCLMapper.cpp:335:46:[m[K [01;31m[Kerror: [m[K‘[01m[Kusing SharedPtr = class std::shared_ptr<rclcpp::Publisher<sensor_msgs::msg::PointCloud2_<std::allocator<void> > > >[m[K’ {aka ‘[01m[Kclass std::shared_ptr<rclcpp::Publisher<sensor_msgs::msg::PointCloud2_<std::allocator<void> > > >[m[K’} has no member named ‘[01m[Kpublish[m[K’
  335 |                         pub_local_pointcloud.[01;31m[Kpublish[m[K(local);
      |                                              [01;31m[K^~~~~~~[m[K
[01m[K/home/jetson/yahboomcar_ws/src/yahboomcar_slam/src/PCLMapper.cpp:347:26:[m[K [01;31m[Kerror: [m[K‘[01m[KtoROSMsg[m[K’ is not a member of ‘[01m[Kpcl[m[K’
  347 |                     pcl::[01;31m[KtoROSMsg[m[K(*globalMap, output);
      |                          [01;31m[K^~~~~~~~[m[K
[01m[K/home/jetson/yahboomcar_ws/src/yahboomcar_slam/src/PCLMapper.cpp:350:43:[m[K [01;31m[Kerror: [m[K‘[01m[Kusing SharedPtr = class std::shared_ptr<rclcpp::Publisher<sensor_msgs::msg::PointCloud2_<std::allocator<void> > > >[m[K’ {aka ‘[01m[Kclass std::shared_ptr<rclcpp::Publisher<sensor_msgs::msg::PointCloud2_<std::allocator<void> > > >[m[K’} has no member named ‘[01m[Kpublish[m[K’
  350 |                     pub_global_pointcloud.[01;31m[Kpublish[m[K(output);
      |                                           [01;31m[K^~~~~~~[m[K
gmake[2]: *** [CMakeFiles/pointcloud_mapping.dir/build.make:90: CMakeFiles/pointcloud_mapping.dir/src/PCLMapper.cpp.o] Error 1
gmake[1]: *** [CMakeFiles/Makefile2:137: CMakeFiles/pointcloud_mapping.dir/all] Error 2
gmake: *** [Makefile:146: all] Error 2
