-- Install configuration: ""
-- Up-to-date: /home/jetson/yahboomcar_ws/install/yahboomcar_laser/lib/yahboomcar_laser/laser_Avoidance.py
-- Up-to-date: /home/jetson/yahboomcar_ws/install/yahboomcar_laser/lib/yahboomcar_laser/laser_Tracker.py
-- Up-to-date: /home/jetson/yahboomcar_ws/install/yahboomcar_laser/lib/yahboomcar_laser/laser_Warning.py
-- Up-to-date: /home/jetson/yahboomcar_ws/install/yahboomcar_laser/lib/yahboomcar_laser/common.py
-- Up-to-date: /home/jetson/yahboomcar_ws/install/yahboomcar_laser/share/yahboomcar_laser/launch
-- Up-to-date: /home/jetson/yahboomcar_ws/install/yahboomcar_laser/share/yahboomcar_laser/launch/lidar.launch.py
-- Up-to-date: /home/jetson/yahboomcar_ws/install/yahboomcar_laser/share/yahboomcar_laser/launch/base_rplidar.launch
-- Up-to-date: /home/jetson/yahboomcar_ws/install/yahboomcar_laser/share/yahboomcar_laser/launch/laser_Tracker.launch
-- Up-to-date: /home/jetson/yahboomcar_ws/install/yahboomcar_laser/share/yahboomcar_laser/launch/laser_Avoidance.launch
-- Up-to-date: /home/jetson/yahboomcar_ws/install/yahboomcar_laser/share/yahboomcar_laser/launch/laser_Warning.launch
-- Up-to-date: /home/jetson/yahboomcar_ws/install/yahboomcar_laser/share/yahboomcar_laser/launch/base.launch
-- Up-to-date: /home/jetson/yahboomcar_ws/install/yahboomcar_laser/share/yahboomcar_laser/cfg
-- Up-to-date: /home/jetson/yahboomcar_ws/install/yahboomcar_laser/share/yahboomcar_laser/cfg/laserTrackerPID.cfg
-- Up-to-date: /home/jetson/yahboomcar_ws/install/yahboomcar_laser/share/yahboomcar_laser/cfg/.ipynb_checkpoints
-- Up-to-date: /home/jetson/yahboomcar_ws/install/yahboomcar_laser/share/yahboomcar_laser/cfg/.ipynb_checkpoints/laserTrackerPID-checkpoint.cfg
-- Up-to-date: /home/jetson/yahboomcar_ws/install/yahboomcar_laser/share/yahboomcar_laser/cfg/.ipynb_checkpoints/laserWarningPID-checkpoint.cfg
-- Up-to-date: /home/jetson/yahboomcar_ws/install/yahboomcar_laser/share/yahboomcar_laser/cfg/.ipynb_checkpoints/laserAvoidancePID-checkpoint.cfg
-- Up-to-date: /home/jetson/yahboomcar_ws/install/yahboomcar_laser/share/yahboomcar_laser/cfg/laserAvoidancePID.cfg
-- Up-to-date: /home/jetson/yahboomcar_ws/install/yahboomcar_laser/share/yahboomcar_laser/cfg/laserWarningPID.cfg
-- Up-to-date: /home/jetson/yahboomcar_ws/install/yahboomcar_laser/share/ament_index/resource_index/package_run_dependencies/yahboomcar_laser
-- Up-to-date: /home/jetson/yahboomcar_ws/install/yahboomcar_laser/share/ament_index/resource_index/parent_prefix_path/yahboomcar_laser
-- Up-to-date: /home/jetson/yahboomcar_ws/install/yahboomcar_laser/share/yahboomcar_laser/environment/ament_prefix_path.sh
-- Up-to-date: /home/jetson/yahboomcar_ws/install/yahboomcar_laser/share/yahboomcar_laser/environment/ament_prefix_path.dsv
-- Up-to-date: /home/jetson/yahboomcar_ws/install/yahboomcar_laser/share/yahboomcar_laser/environment/path.sh
-- Up-to-date: /home/jetson/yahboomcar_ws/install/yahboomcar_laser/share/yahboomcar_laser/environment/path.dsv
-- Up-to-date: /home/jetson/yahboomcar_ws/install/yahboomcar_laser/share/yahboomcar_laser/local_setup.bash
-- Up-to-date: /home/jetson/yahboomcar_ws/install/yahboomcar_laser/share/yahboomcar_laser/local_setup.sh
-- Up-to-date: /home/jetson/yahboomcar_ws/install/yahboomcar_laser/share/yahboomcar_laser/local_setup.zsh
-- Up-to-date: /home/jetson/yahboomcar_ws/install/yahboomcar_laser/share/yahboomcar_laser/local_setup.dsv
-- Installing: /home/jetson/yahboomcar_ws/install/yahboomcar_laser/share/yahboomcar_laser/package.dsv
-- Up-to-date: /home/jetson/yahboomcar_ws/install/yahboomcar_laser/share/ament_index/resource_index/packages/yahboomcar_laser
-- Up-to-date: /home/jetson/yahboomcar_ws/install/yahboomcar_laser/share/yahboomcar_laser/cmake/yahboomcar_laserConfig.cmake
-- Up-to-date: /home/jetson/yahboomcar_ws/install/yahboomcar_laser/share/yahboomcar_laser/cmake/yahboomcar_laserConfig-version.cmake
-- Up-to-date: /home/jetson/yahboomcar_ws/install/yahboomcar_laser/share/yahboomcar_laser/package.xml
