[0.028s] Invoking command in '/home/jetson/yahboomcar_ws/build/yahboomcar_laser': CMAKE_PREFIX_PATH=${CMAKE_PREFIX_PATH}:/opt/ros/humble /usr/bin/cmake --build /home/jetson/yahboomcar_ws/build/yahboomcar_laser -- -j6 -l6
[0.131s] Invoked command in '/home/jetson/yahboomcar_ws/build/yahboomcar_laser' returned '0': CMAKE_PREFIX_PATH=${CMAKE_PREFIX_PATH}:/opt/ros/humble /usr/bin/cmake --build /home/jetson/yahboomcar_ws/build/yahboomcar_laser -- -j6 -l6
[0.159s] Invoking command in '/home/jetson/yahboomcar_ws/build/yahboomcar_laser': CMAKE_PREFIX_PATH=${CMAKE_PREFIX_PATH}:/opt/ros/humble /usr/bin/cmake --install /home/jetson/yahboomcar_ws/build/yahboomcar_laser
[0.179s] -- Install configuration: ""
[0.180s] -- Up-to-date: /home/jetson/yahboomcar_ws/install/yahboomcar_laser/lib/yahboomcar_laser/laser_Avoidance.py
[0.180s] -- Up-to-date: /home/jetson/yahboomcar_ws/install/yahboomcar_laser/lib/yahboomcar_laser/laser_Tracker.py
[0.180s] -- Up-to-date: /home/jetson/yahboomcar_ws/install/yahboomcar_laser/lib/yahboomcar_laser/laser_Warning.py
[0.181s] -- Up-to-date: /home/jetson/yahboomcar_ws/install/yahboomcar_laser/lib/yahboomcar_laser/common.py
[0.181s] -- Up-to-date: /home/jetson/yahboomcar_ws/install/yahboomcar_laser/share/yahboomcar_laser/launch
[0.181s] -- Up-to-date: /home/jetson/yahboomcar_ws/install/yahboomcar_laser/share/yahboomcar_laser/launch/lidar.launch.py
[0.181s] -- Up-to-date: /home/jetson/yahboomcar_ws/install/yahboomcar_laser/share/yahboomcar_laser/launch/base_rplidar.launch
[0.182s] -- Up-to-date: /home/jetson/yahboomcar_ws/install/yahboomcar_laser/share/yahboomcar_laser/launch/laser_Tracker.launch
[0.182s] -- Up-to-date: /home/jetson/yahboomcar_ws/install/yahboomcar_laser/share/yahboomcar_laser/launch/laser_Avoidance.launch
[0.182s] -- Up-to-date: /home/jetson/yahboomcar_ws/install/yahboomcar_laser/share/yahboomcar_laser/launch/laser_Warning.launch
[0.182s] -- Up-to-date: /home/jetson/yahboomcar_ws/install/yahboomcar_laser/share/yahboomcar_laser/launch/base.launch
[0.182s] -- Up-to-date: /home/jetson/yahboomcar_ws/install/yahboomcar_laser/share/yahboomcar_laser/cfg
[0.182s] -- Up-to-date: /home/jetson/yahboomcar_ws/install/yahboomcar_laser/share/yahboomcar_laser/cfg/laserTrackerPID.cfg
[0.183s] -- Up-to-date: /home/jetson/yahboomcar_ws/install/yahboomcar_laser/share/yahboomcar_laser/cfg/.ipynb_checkpoints
[0.183s] -- Up-to-date: /home/jetson/yahboomcar_ws/install/yahboomcar_laser/share/yahboomcar_laser/cfg/.ipynb_checkpoints/laserTrackerPID-checkpoint.cfg
[0.183s] -- Up-to-date: /home/jetson/yahboomcar_ws/install/yahboomcar_laser/share/yahboomcar_laser/cfg/.ipynb_checkpoints/laserWarningPID-checkpoint.cfg
[0.183s] -- Up-to-date: /home/jetson/yahboomcar_ws/install/yahboomcar_laser/share/yahboomcar_laser/cfg/.ipynb_checkpoints/laserAvoidancePID-checkpoint.cfg
[0.183s] -- Up-to-date: /home/jetson/yahboomcar_ws/install/yahboomcar_laser/share/yahboomcar_laser/cfg/laserAvoidancePID.cfg
[0.183s] -- Up-to-date: /home/jetson/yahboomcar_ws/install/yahboomcar_laser/share/yahboomcar_laser/cfg/laserWarningPID.cfg
[0.183s] -- Up-to-date: /home/jetson/yahboomcar_ws/install/yahboomcar_laser/share/ament_index/resource_index/package_run_dependencies/yahboomcar_laser
[0.183s] -- Up-to-date: /home/jetson/yahboomcar_ws/install/yahboomcar_laser/share/ament_index/resource_index/parent_prefix_path/yahboomcar_laser
[0.184s] -- Up-to-date: /home/jetson/yahboomcar_ws/install/yahboomcar_laser/share/yahboomcar_laser/environment/ament_prefix_path.sh
[0.184s] -- Up-to-date: /home/jetson/yahboomcar_ws/install/yahboomcar_laser/share/yahboomcar_laser/environment/ament_prefix_path.dsv
[0.184s] -- Up-to-date: /home/jetson/yahboomcar_ws/install/yahboomcar_laser/share/yahboomcar_laser/environment/path.sh
[0.184s] -- Up-to-date: /home/jetson/yahboomcar_ws/install/yahboomcar_laser/share/yahboomcar_laser/environment/path.dsv
[0.184s] -- Up-to-date: /home/jetson/yahboomcar_ws/install/yahboomcar_laser/share/yahboomcar_laser/local_setup.bash
[0.184s] -- Up-to-date: /home/jetson/yahboomcar_ws/install/yahboomcar_laser/share/yahboomcar_laser/local_setup.sh
[0.184s] -- Up-to-date: /home/jetson/yahboomcar_ws/install/yahboomcar_laser/share/yahboomcar_laser/local_setup.zsh
[0.185s] -- Up-to-date: /home/jetson/yahboomcar_ws/install/yahboomcar_laser/share/yahboomcar_laser/local_setup.dsv
[0.185s] -- Installing: /home/jetson/yahboomcar_ws/install/yahboomcar_laser/share/yahboomcar_laser/package.dsv
[0.185s] -- Up-to-date: /home/jetson/yahboomcar_ws/install/yahboomcar_laser/share/ament_index/resource_index/packages/yahboomcar_laser
[0.185s] -- Up-to-date: /home/jetson/yahboomcar_ws/install/yahboomcar_laser/share/yahboomcar_laser/cmake/yahboomcar_laserConfig.cmake
[0.185s] -- Up-to-date: /home/jetson/yahboomcar_ws/install/yahboomcar_laser/share/yahboomcar_laser/cmake/yahboomcar_laserConfig-version.cmake
[0.189s] -- Up-to-date: /home/jetson/yahboomcar_ws/install/yahboomcar_laser/share/yahboomcar_laser/package.xml
[0.193s] Invoked command in '/home/jetson/yahboomcar_ws/build/yahboomcar_laser' returned '0': CMAKE_PREFIX_PATH=${CMAKE_PREFIX_PATH}:/opt/ros/humble /usr/bin/cmake --install /home/jetson/yahboomcar_ws/build/yahboomcar_laser
