[0.023s] Invoking command in '/home/jetson/yahboomcar_ws/build/yahboomcar_msgs': CMAKE_PREFIX_PATH=${CMAKE_PREFIX_PATH}:/opt/ros/humble /usr/bin/cmake /home/jetson/yahboomcar_ws/src/yahboomcar_msgs -DCMAKE_INSTALL_PREFIX=/home/jetson/yahboomcar_ws/install/yahboomcar_msgs
[0.096s] -- Found ament_cmake: 1.3.11 (/opt/ros/humble/share/ament_cmake/cmake)
[0.926s] -- Found Python3: /usr/bin/python3 (found version "3.10.12") found components: Interpreter 
[1.217s] -- Found rosidl_default_generators: 1.2.0 (/opt/ros/humble/share/rosidl_default_generators/cmake)
[1.232s] -- Using all available rosidl_typesupport_c: rosidl_typesupport_fastrtps_c;rosidl_typesupport_introspection_c
[1.258s] -- Found rosidl_adapter: 3.1.6 (/opt/ros/humble/share/rosidl_adapter/cmake)
[1.371s] -- Using all available rosidl_typesupport_cpp: rosidl_typesupport_fastrtps_cpp;rosidl_typesupport_introspection_cpp
[1.460s] -- Found builtin_interfaces: 1.2.1 (/opt/ros/humble/share/builtin_interfaces/cmake)
[1.495s] -- Found geometry_msgs: 4.8.0 (/opt/ros/humble/share/geometry_msgs/cmake)
[1.557s] -- Found action_msgs: 1.2.1 (/opt/ros/humble/share/action_msgs/cmake)
[1.978s] [31mCMake Error at /opt/ros/humble/share/rosidl_adapter/cmake/rosidl_adapt_interfaces.cmake:59 (message):
[1.978s]   execute_process(/usr/bin/python3 -m rosidl_adapter --package-name
[1.978s]   yahboomcar_msgs --arguments-file
[1.979s]   /home/jetson/yahboomcar_ws/build/yahboomcar_msgs/rosidl_adapter__arguments__yahboomcar_msgs.json
[1.979s]   --output-dir
[1.979s]   /home/jetson/yahboomcar_ws/build/yahboomcar_msgs/rosidl_adapter/yahboomcar_msgs
[1.980s]   --output-file
[1.980s]   /home/jetson/yahboomcar_ws/build/yahboomcar_msgs/rosidl_adapter/yahboomcar_msgs.idls)
[1.980s]   returned error code 1:
[1.980s] 
[1.980s]   Error processing 'float32 angleX' of 'yahboomcar_msgs/Position': ''angleX'
[1.981s]   is an invalid field name.  It should have the pattern
[1.981s]   '^(?!.*__)(?!.*_$)[a-z][a-z0-9_]*$''
[1.981s] 
[1.981s]   Traceback (most recent call last):
[1.982s] 
[1.982s]     File "/usr/lib/python3.10/runpy.py", line 196, in _run_module_as_main
[1.982s]       return _run_code(code, main_globals, None,
[1.982s]     File "/usr/lib/python3.10/runpy.py", line 86, in _run_code
[1.983s]       exec(code, run_globals)
[1.983s]     File "/opt/ros/humble/local/lib/python3.10/dist-packages/rosidl_adapter/__main__.py", line 19, in <module>
[1.983s]       sys.exit(main())
[1.983s]     File "/opt/ros/humble/local/lib/python3.10/dist-packages/rosidl_adapter/main.py", line 53, in main
[1.984s]       abs_idl_file = convert_to_idl(
[1.984s]     File "/opt/ros/humble/local/lib/python3.10/dist-packages/rosidl_adapter/__init__.py", line 19, in convert_to_idl
[1.984s]       return convert_msg_to_idl(
[1.984s]     File "/opt/ros/humble/local/lib/python3.10/dist-packages/rosidl_adapter/msg/__init__.py", line 28, in convert_msg_to_idl
[1.985s]       msg = parse_message_string(package_name, input_file.stem, content)
[1.985s]     File "/opt/ros/humble/local/lib/python3.10/dist-packages/rosidl_adapter/parser.py", line 519, in parse_message_string
[1.985s]       fields.append(Field(
[1.985s]     File "/opt/ros/humble/local/lib/python3.10/dist-packages/rosidl_adapter/parser.py", line 354, in __init__
[1.985s]       raise NameError(
[1.986s] 
[1.986s]   NameError: 'angleX' is an invalid field name.  It should have the pattern
[1.986s]   '^(?!.*__)(?!.*_$)[a-z][a-z0-9_]*$'
[1.986s] 
[1.987s] Call Stack (most recent call first):
[1.987s]   /opt/ros/humble/share/rosidl_cmake/cmake/rosidl_generate_interfaces.cmake:130 (rosidl_adapt_interfaces)
[1.987s]   CMakeLists.txt:10 (rosidl_generate_interfaces)
[1.987s] 
[1.988s] [0m
[1.988s] -- Configuring incomplete, errors occurred!
[1.988s] See also "/home/jetson/yahboomcar_ws/build/yahboomcar_msgs/CMakeFiles/CMakeOutput.log".
[2.004s] Invoked command in '/home/jetson/yahboomcar_ws/build/yahboomcar_msgs' returned '1': CMAKE_PREFIX_PATH=${CMAKE_PREFIX_PATH}:/opt/ros/humble /usr/bin/cmake /home/jetson/yahboomcar_ws/src/yahboomcar_msgs -DCMAKE_INSTALL_PREFIX=/home/jetson/yahboomcar_ws/install/yahboomcar_msgs
