[0.029s] Invoking command in '/home/jetson/yahboomcar_ws/build/yahboomcar_bringup': AMENT_PREFIX_PATH=/home/jetson/yahboomcar_ws/install/yahboomcar_msgs:${AMENT_PREFIX_PATH} CMAKE_PREFIX_PATH=/home/jetson/yahboomcar_ws/install/yahboomcar_msgs:/home/jetson/yahboomcar_ros2_ws/software/library_ws/install/ydlidar_ros2_driver:/home/jetson/yahboomcar_ros2_ws/software/library_ws/install/web_video_server:/home/jetson/yahboomcar_ros2_ws/software/library_ws/install/teb_local_planner:/home/jetson/yahboomcar_ros2_ws/software/library_ws/install/teb_msgs:/home/jetson/yahboomcar_ros2_ws/software/library_ws/install/sllidar_ros2:/home/jetson/yahboomcar_ros2_ws/software/library_ws/install/slam_gmapping:/home/jetson/yahboomcar_ros2_ws/software/library_ws/install/robot_localization:/home/jetson/yahboomcar_ros2_ws/software/library_ws/install/openslam_gmapping:/home/jetson/yahboomcar_ros2_ws/software/library_ws/install/costmap_converter:/home/jetson/yahboomcar_ros2_ws/software/library_ws/install/costmap_converter_msgs:/home/jetson/yahboomcar_ros2_ws/software/library_ws/install/astra_camera:/home/jetson/yahboomcar_ros2_ws/software/library_ws/install/astra_camera_msgs:/opt/ros/humble LD_LIBRARY_PATH=/home/jetson/yahboomcar_ws/install/yahboomcar_msgs/lib:/usr/local/lib:/usr/local/cuda-12.6/lib64:/home/jetson/yahboomcar_ros2_ws/software/library_ws/install/teb_local_planner/lib:/home/jetson/yahboomcar_ros2_ws/software/library_ws/install/teb_msgs/lib:/home/jetson/yahboomcar_ros2_ws/software/library_ws/install/robot_localization/lib:/home/jetson/yahboomcar_ros2_ws/software/library_ws/install/openslam_gmapping/lib:/home/jetson/yahboomcar_ros2_ws/software/library_ws/install/costmap_converter/lib:/home/jetson/yahboomcar_ros2_ws/software/library_ws/install/costmap_converter_msgs/lib:/home/jetson/yahboomcar_ros2_ws/software/library_ws/install/astra_camera/lib:/home/jetson/yahboomcar_ros2_ws/software/library_ws/install/astra_camera_msgs/lib:/opt/ros/humble/opt/rviz_ogre_vendor/lib:/opt/ros/humble/lib/aarch64-linux-gnu:/opt/ros/humble/lib:/usr/local/lib:/usr/local/cuda-12.6/lib64 PYTHONPATH=/home/jetson/yahboomcar_ws/install/yahboomcar_msgs/local/lib/python3.10/dist-packages:${PYTHONPATH} /usr/bin/cmake --build /home/jetson/yahboomcar_ws/build/yahboomcar_bringup -- -j6 -l6
[0.117s] [35m[1mConsolidate compiler generated dependencies of target base_node[0m
[0.170s] [100%] Built target base_node
[0.196s] Invoked command in '/home/jetson/yahboomcar_ws/build/yahboomcar_bringup' returned '0': AMENT_PREFIX_PATH=/home/jetson/yahboomcar_ws/install/yahboomcar_msgs:${AMENT_PREFIX_PATH} CMAKE_PREFIX_PATH=/home/jetson/yahboomcar_ws/install/yahboomcar_msgs:/home/jetson/yahboomcar_ros2_ws/software/library_ws/install/ydlidar_ros2_driver:/home/jetson/yahboomcar_ros2_ws/software/library_ws/install/web_video_server:/home/jetson/yahboomcar_ros2_ws/software/library_ws/install/teb_local_planner:/home/jetson/yahboomcar_ros2_ws/software/library_ws/install/teb_msgs:/home/jetson/yahboomcar_ros2_ws/software/library_ws/install/sllidar_ros2:/home/jetson/yahboomcar_ros2_ws/software/library_ws/install/slam_gmapping:/home/jetson/yahboomcar_ros2_ws/software/library_ws/install/robot_localization:/home/jetson/yahboomcar_ros2_ws/software/library_ws/install/openslam_gmapping:/home/jetson/yahboomcar_ros2_ws/software/library_ws/install/costmap_converter:/home/jetson/yahboomcar_ros2_ws/software/library_ws/install/costmap_converter_msgs:/home/jetson/yahboomcar_ros2_ws/software/library_ws/install/astra_camera:/home/jetson/yahboomcar_ros2_ws/software/library_ws/install/astra_camera_msgs:/opt/ros/humble LD_LIBRARY_PATH=/home/jetson/yahboomcar_ws/install/yahboomcar_msgs/lib:/usr/local/lib:/usr/local/cuda-12.6/lib64:/home/jetson/yahboomcar_ros2_ws/software/library_ws/install/teb_local_planner/lib:/home/jetson/yahboomcar_ros2_ws/software/library_ws/install/teb_msgs/lib:/home/jetson/yahboomcar_ros2_ws/software/library_ws/install/robot_localization/lib:/home/jetson/yahboomcar_ros2_ws/software/library_ws/install/openslam_gmapping/lib:/home/jetson/yahboomcar_ros2_ws/software/library_ws/install/costmap_converter/lib:/home/jetson/yahboomcar_ros2_ws/software/library_ws/install/costmap_converter_msgs/lib:/home/jetson/yahboomcar_ros2_ws/software/library_ws/install/astra_camera/lib:/home/jetson/yahboomcar_ros2_ws/software/library_ws/install/astra_camera_msgs/lib:/opt/ros/humble/opt/rviz_ogre_vendor/lib:/opt/ros/humble/lib/aarch64-linux-gnu:/opt/ros/humble/lib:/usr/local/lib:/usr/local/cuda-12.6/lib64 PYTHONPATH=/home/jetson/yahboomcar_ws/install/yahboomcar_msgs/local/lib/python3.10/dist-packages:${PYTHONPATH} /usr/bin/cmake --build /home/jetson/yahboomcar_ws/build/yahboomcar_bringup -- -j6 -l6
[0.218s] Invoking command in '/home/jetson/yahboomcar_ws/build/yahboomcar_bringup': AMENT_PREFIX_PATH=/home/jetson/yahboomcar_ws/install/yahboomcar_msgs:${AMENT_PREFIX_PATH} CMAKE_PREFIX_PATH=/home/jetson/yahboomcar_ws/install/yahboomcar_msgs:/home/jetson/yahboomcar_ros2_ws/software/library_ws/install/ydlidar_ros2_driver:/home/jetson/yahboomcar_ros2_ws/software/library_ws/install/web_video_server:/home/jetson/yahboomcar_ros2_ws/software/library_ws/install/teb_local_planner:/home/jetson/yahboomcar_ros2_ws/software/library_ws/install/teb_msgs:/home/jetson/yahboomcar_ros2_ws/software/library_ws/install/sllidar_ros2:/home/jetson/yahboomcar_ros2_ws/software/library_ws/install/slam_gmapping:/home/jetson/yahboomcar_ros2_ws/software/library_ws/install/robot_localization:/home/jetson/yahboomcar_ros2_ws/software/library_ws/install/openslam_gmapping:/home/jetson/yahboomcar_ros2_ws/software/library_ws/install/costmap_converter:/home/jetson/yahboomcar_ros2_ws/software/library_ws/install/costmap_converter_msgs:/home/jetson/yahboomcar_ros2_ws/software/library_ws/install/astra_camera:/home/jetson/yahboomcar_ros2_ws/software/library_ws/install/astra_camera_msgs:/opt/ros/humble LD_LIBRARY_PATH=/home/jetson/yahboomcar_ws/install/yahboomcar_msgs/lib:/usr/local/lib:/usr/local/cuda-12.6/lib64:/home/jetson/yahboomcar_ros2_ws/software/library_ws/install/teb_local_planner/lib:/home/jetson/yahboomcar_ros2_ws/software/library_ws/install/teb_msgs/lib:/home/jetson/yahboomcar_ros2_ws/software/library_ws/install/robot_localization/lib:/home/jetson/yahboomcar_ros2_ws/software/library_ws/install/openslam_gmapping/lib:/home/jetson/yahboomcar_ros2_ws/software/library_ws/install/costmap_converter/lib:/home/jetson/yahboomcar_ros2_ws/software/library_ws/install/costmap_converter_msgs/lib:/home/jetson/yahboomcar_ros2_ws/software/library_ws/install/astra_camera/lib:/home/jetson/yahboomcar_ros2_ws/software/library_ws/install/astra_camera_msgs/lib:/opt/ros/humble/opt/rviz_ogre_vendor/lib:/opt/ros/humble/lib/aarch64-linux-gnu:/opt/ros/humble/lib:/usr/local/lib:/usr/local/cuda-12.6/lib64 PYTHONPATH=/home/jetson/yahboomcar_ws/install/yahboomcar_msgs/local/lib/python3.10/dist-packages:${PYTHONPATH} /usr/bin/cmake --install /home/jetson/yahboomcar_ws/build/yahboomcar_bringup
[0.236s] -- Install configuration: ""
[0.237s] -- Up-to-date: /home/jetson/yahboomcar_ws/install/yahboomcar_bringup/lib/yahboomcar_bringup/base_node
[0.237s] -- Up-to-date: /home/jetson/yahboomcar_ws/install/yahboomcar_bringup/lib/yahboomcar_bringup/Mcnamu_X3plus.py
[0.238s] -- Up-to-date: /home/jetson/yahboomcar_ws/install/yahboomcar_bringup/lib/yahboomcar_bringup/Mcnamu_driver.py
[0.238s] -- Up-to-date: /home/jetson/yahboomcar_ws/install/yahboomcar_bringup/lib/yahboomcar_bringup/calibrate_angular.py
[0.238s] -- Up-to-date: /home/jetson/yahboomcar_ws/install/yahboomcar_bringup/lib/yahboomcar_bringup/calibrate_linear.py
[0.238s] -- Up-to-date: /home/jetson/yahboomcar_ws/install/yahboomcar_bringup/lib/yahboomcar_bringup/patrol.py
[0.238s] -- Up-to-date: /home/jetson/yahboomcar_ws/install/yahboomcar_bringup/lib/yahboomcar_bringup/transform_utils.py
[0.239s] -- Up-to-date: /home/jetson/yahboomcar_ws/install/yahboomcar_bringup/share/yahboomcar_bringup/launch
[0.239s] -- Up-to-date: /home/jetson/yahboomcar_ws/install/yahboomcar_bringup/share/yahboomcar_bringup/launch/yahboomcar_model.launch.py
[0.239s] -- Up-to-date: /home/jetson/yahboomcar_ws/install/yahboomcar_bringup/share/yahboomcar_bringup/launch/view_odom.launch.py
[0.239s] -- Up-to-date: /home/jetson/yahboomcar_ws/install/yahboomcar_bringup/share/yahboomcar_bringup/launch/bringup.launch.py
[0.239s] -- Up-to-date: /home/jetson/yahboomcar_ws/install/yahboomcar_bringup/share/yahboomcar_bringup/launch/calibrate_angular.launch.py
[0.240s] -- Up-to-date: /home/jetson/yahboomcar_ws/install/yahboomcar_bringup/share/yahboomcar_bringup/launch/patrol.launch.py
[0.240s] -- Installing: /home/jetson/yahboomcar_ws/install/yahboomcar_bringup/share/yahboomcar_bringup/launch/yahboomcar.launch.py
[0.240s] -- Up-to-date: /home/jetson/yahboomcar_ws/install/yahboomcar_bringup/share/yahboomcar_bringup/launch/test_imu.launch.py
[0.240s] -- Up-to-date: /home/jetson/yahboomcar_ws/install/yahboomcar_bringup/share/yahboomcar_bringup/launch/calibrate_linear.launch.py
[0.240s] -- Up-to-date: /home/jetson/yahboomcar_ws/install/yahboomcar_bringup/share/yahboomcar_bringup/launch/calibrate_imu.launch.py
[0.240s] -- Up-to-date: /home/jetson/yahboomcar_ws/install/yahboomcar_bringup/share/yahboomcar_bringup/launch/bringup_calib.launch.py
[0.240s] -- Up-to-date: /home/jetson/yahboomcar_ws/install/yahboomcar_bringup/share/yahboomcar_bringup/launch/.ipynb_checkpoints
[0.241s] -- Up-to-date: /home/jetson/yahboomcar_ws/install/yahboomcar_bringup/share/yahboomcar_bringup/launch/.ipynb_checkpoints/bringup-checkpoint.launch
[0.241s] -- Up-to-date: /home/jetson/yahboomcar_ws/install/yahboomcar_bringup/share/yahboomcar_bringup/launch/.ipynb_checkpoints/bringup_calib-checkpoint.launch
[0.241s] -- Up-to-date: /home/jetson/yahboomcar_ws/install/yahboomcar_bringup/share/yahboomcar_bringup/launch/.ipynb_checkpoints/test_imu-checkpoint.launch
[0.241s] -- Up-to-date: /home/jetson/yahboomcar_ws/install/yahboomcar_bringup/share/yahboomcar_bringup/launch/.ipynb_checkpoints/yahboomcar-checkpoint.launch
[0.241s] -- Up-to-date: /home/jetson/yahboomcar_ws/install/yahboomcar_bringup/share/yahboomcar_bringup/launch/.ipynb_checkpoints/patrol-checkpoint.launch
[0.241s] -- Up-to-date: /home/jetson/yahboomcar_ws/install/yahboomcar_bringup/share/yahboomcar_bringup/config
[0.241s] -- Up-to-date: /home/jetson/yahboomcar_ws/install/yahboomcar_bringup/share/yahboomcar_bringup/config/pid_params.yaml
[0.241s] -- Up-to-date: /home/jetson/yahboomcar_ws/install/yahboomcar_bringup/share/yahboomcar_bringup/config/patrol_params.yaml
[0.242s] -- Up-to-date: /home/jetson/yahboomcar_ws/install/yahboomcar_bringup/share/yahboomcar_bringup/config/calibrate_angular_params.yaml
[0.242s] -- Up-to-date: /home/jetson/yahboomcar_ws/install/yahboomcar_bringup/share/yahboomcar_bringup/config/calibrate_linear_params.yaml
[0.242s] -- Up-to-date: /home/jetson/yahboomcar_ws/install/yahboomcar_bringup/share/yahboomcar_bringup/param
[0.242s] -- Up-to-date: /home/jetson/yahboomcar_ws/install/yahboomcar_bringup/share/yahboomcar_bringup/param/imu_calib.yaml
[0.242s] -- Up-to-date: /home/jetson/yahboomcar_ws/install/yahboomcar_bringup/share/yahboomcar_bringup/param/robot_localization.yaml
[0.242s] -- Up-to-date: /home/jetson/yahboomcar_ws/install/yahboomcar_bringup/share/yahboomcar_bringup/rviz
[0.242s] -- Up-to-date: /home/jetson/yahboomcar_ws/install/yahboomcar_bringup/share/yahboomcar_bringup/rviz/odom.rviz
[0.242s] -- Up-to-date: /home/jetson/yahboomcar_ws/install/yahboomcar_bringup/share/yahboomcar_bringup/rviz/test_imu.rviz
[0.242s] -- Up-to-date: /home/jetson/yahboomcar_ws/install/yahboomcar_bringup/share/ament_index/resource_index/package_run_dependencies/yahboomcar_bringup
[0.243s] -- Up-to-date: /home/jetson/yahboomcar_ws/install/yahboomcar_bringup/share/ament_index/resource_index/parent_prefix_path/yahboomcar_bringup
[0.243s] -- Up-to-date: /home/jetson/yahboomcar_ws/install/yahboomcar_bringup/share/yahboomcar_bringup/environment/ament_prefix_path.sh
[0.245s] -- Up-to-date: /home/jetson/yahboomcar_ws/install/yahboomcar_bringup/share/yahboomcar_bringup/environment/ament_prefix_path.dsv
[0.245s] -- Up-to-date: /home/jetson/yahboomcar_ws/install/yahboomcar_bringup/share/yahboomcar_bringup/environment/path.sh
[0.245s] -- Up-to-date: /home/jetson/yahboomcar_ws/install/yahboomcar_bringup/share/yahboomcar_bringup/environment/path.dsv
[0.246s] -- Up-to-date: /home/jetson/yahboomcar_ws/install/yahboomcar_bringup/share/yahboomcar_bringup/local_setup.bash
[0.246s] -- Up-to-date: /home/jetson/yahboomcar_ws/install/yahboomcar_bringup/share/yahboomcar_bringup/local_setup.sh
[0.246s] -- Up-to-date: /home/jetson/yahboomcar_ws/install/yahboomcar_bringup/share/yahboomcar_bringup/local_setup.zsh
[0.246s] -- Up-to-date: /home/jetson/yahboomcar_ws/install/yahboomcar_bringup/share/yahboomcar_bringup/local_setup.dsv
[0.247s] -- Installing: /home/jetson/yahboomcar_ws/install/yahboomcar_bringup/share/yahboomcar_bringup/package.dsv
[0.247s] -- Up-to-date: /home/jetson/yahboomcar_ws/install/yahboomcar_bringup/share/ament_index/resource_index/packages/yahboomcar_bringup
[0.247s] -- Up-to-date: /home/jetson/yahboomcar_ws/install/yahboomcar_bringup/share/yahboomcar_bringup/cmake/yahboomcar_bringupConfig.cmake
[0.247s] -- Up-to-date: /home/jetson/yahboomcar_ws/install/yahboomcar_bringup/share/yahboomcar_bringup/cmake/yahboomcar_bringupConfig-version.cmake
[0.247s] -- Up-to-date: /home/jetson/yahboomcar_ws/install/yahboomcar_bringup/share/yahboomcar_bringup/package.xml
[0.248s] Invoked command in '/home/jetson/yahboomcar_ws/build/yahboomcar_bringup' returned '0': AMENT_PREFIX_PATH=/home/jetson/yahboomcar_ws/install/yahboomcar_msgs:${AMENT_PREFIX_PATH} CMAKE_PREFIX_PATH=/home/jetson/yahboomcar_ws/install/yahboomcar_msgs:/home/jetson/yahboomcar_ros2_ws/software/library_ws/install/ydlidar_ros2_driver:/home/jetson/yahboomcar_ros2_ws/software/library_ws/install/web_video_server:/home/jetson/yahboomcar_ros2_ws/software/library_ws/install/teb_local_planner:/home/jetson/yahboomcar_ros2_ws/software/library_ws/install/teb_msgs:/home/jetson/yahboomcar_ros2_ws/software/library_ws/install/sllidar_ros2:/home/jetson/yahboomcar_ros2_ws/software/library_ws/install/slam_gmapping:/home/jetson/yahboomcar_ros2_ws/software/library_ws/install/robot_localization:/home/jetson/yahboomcar_ros2_ws/software/library_ws/install/openslam_gmapping:/home/jetson/yahboomcar_ros2_ws/software/library_ws/install/costmap_converter:/home/jetson/yahboomcar_ros2_ws/software/library_ws/install/costmap_converter_msgs:/home/jetson/yahboomcar_ros2_ws/software/library_ws/install/astra_camera:/home/jetson/yahboomcar_ros2_ws/software/library_ws/install/astra_camera_msgs:/opt/ros/humble LD_LIBRARY_PATH=/home/jetson/yahboomcar_ws/install/yahboomcar_msgs/lib:/usr/local/lib:/usr/local/cuda-12.6/lib64:/home/jetson/yahboomcar_ros2_ws/software/library_ws/install/teb_local_planner/lib:/home/jetson/yahboomcar_ros2_ws/software/library_ws/install/teb_msgs/lib:/home/jetson/yahboomcar_ros2_ws/software/library_ws/install/robot_localization/lib:/home/jetson/yahboomcar_ros2_ws/software/library_ws/install/openslam_gmapping/lib:/home/jetson/yahboomcar_ros2_ws/software/library_ws/install/costmap_converter/lib:/home/jetson/yahboomcar_ros2_ws/software/library_ws/install/costmap_converter_msgs/lib:/home/jetson/yahboomcar_ros2_ws/software/library_ws/install/astra_camera/lib:/home/jetson/yahboomcar_ros2_ws/software/library_ws/install/astra_camera_msgs/lib:/opt/ros/humble/opt/rviz_ogre_vendor/lib:/opt/ros/humble/lib/aarch64-linux-gnu:/opt/ros/humble/lib:/usr/local/lib:/usr/local/cuda-12.6/lib64 PYTHONPATH=/home/jetson/yahboomcar_ws/install/yahboomcar_msgs/local/lib/python3.10/dist-packages:${PYTHONPATH} /usr/bin/cmake --install /home/jetson/yahboomcar_ws/build/yahboomcar_bringup
