[0.030s] Invoking command in '/home/jetson/yahboomcar_ws/build/yahboomcar_msgs': CMAKE_PREFIX_PATH=${CMAKE_PREFIX_PATH}:/opt/ros/humble /usr/bin/cmake --build /home/jetson/yahboomcar_ws/build/yahboomcar_msgs -- -j6 -l6
[0.145s] -- Found ament_cmake: 1.3.11 (/opt/ros/humble/share/ament_cmake/cmake)
[0.479s] -- Found rosidl_default_generators: 1.2.0 (/opt/ros/humble/share/rosidl_default_generators/cmake)
[0.491s] -- Using all available rosidl_typesupport_c: rosidl_typesupport_fastrtps_c;rosidl_typesupport_introspection_c
[0.498s] -- Found rosidl_adapter: 3.1.6 (/opt/ros/humble/share/rosidl_adapter/cmake)
[0.576s] -- Using all available rosidl_typesupport_cpp: rosidl_typesupport_fastrtps_cpp;rosidl_typesupport_introspection_cpp
[0.627s] -- Found builtin_interfaces: 1.2.1 (/opt/ros/humble/share/builtin_interfaces/cmake)
[0.651s] -- Found geometry_msgs: 4.8.0 (/opt/ros/humble/share/geometry_msgs/cmake)
[0.699s] -- Found action_msgs: 1.2.1 (/opt/ros/humble/share/action_msgs/cmake)
[1.525s] -- Found ament_cmake_ros: 0.10.0 (/opt/ros/humble/share/ament_cmake_ros/cmake)
[2.152s] -- Using all available rosidl_typesupport_c: rosidl_typesupport_fastrtps_c;rosidl_typesupport_introspection_c
[3.048s] -- Using all available rosidl_typesupport_cpp: rosidl_typesupport_fastrtps_cpp;rosidl_typesupport_introspection_cpp
[3.117s] -- Found python_cmake_module: 0.10.0 (/opt/ros/humble/share/python_cmake_module/cmake)
[3.186s] -- Using PYTHON_EXECUTABLE: /usr/bin/python3
[3.187s] -- Using PYTHON_INCLUDE_DIRS: /usr/include/python3.10
[3.187s] -- Using PYTHON_LIBRARIES: /usr/lib/aarch64-linux-gnu/libpython3.10.so
[3.540s] -- Using numpy include directory: /home/jetson/.local/lib/python3.10/site-packages/numpy/core/include
[3.627s] -- Configuring done
[3.765s] -- Generating done
[3.794s] -- Build files have been written to: /home/jetson/yahboomcar_ws/build/yahboomcar_msgs
[3.870s] [  1%] [34m[1mGenerating C code for ROS interfaces[0m
[3.896s] [  2%] [34m[1mGenerating C++ code for ROS interfaces[0m
[3.929s] [  2%] Built target ament_cmake_python_copy_yahboomcar_msgs
[4.678s] running egg_info
[4.738s] writing yahboomcar_msgs.egg-info/PKG-INFO
[4.739s] writing dependency_links to yahboomcar_msgs.egg-info/dependency_links.txt
[4.740s] writing top-level names to yahboomcar_msgs.egg-info/top_level.txt
[5.010s] reading manifest file 'yahboomcar_msgs.egg-info/SOURCES.txt'
[5.013s] writing manifest file 'yahboomcar_msgs.egg-info/SOURCES.txt'
[5.157s] [  2%] Built target ament_cmake_python_build_yahboomcar_msgs_egg
[5.660s] [35m[1mConsolidate compiler generated dependencies of target yahboomcar_msgs__rosidl_generator_c[0m
[5.727s] [  3%] [32mBuilding C object CMakeFiles/yahboomcar_msgs__rosidl_generator_c.dir/rosidl_generator_c/yahboomcar_msgs/msg/detail/position__functions.c.o[0m
[5.743s] [  4%] [32mBuilding C object CMakeFiles/yahboomcar_msgs__rosidl_generator_c.dir/rosidl_generator_c/yahboomcar_msgs/msg/detail/point_array__functions.c.o[0m
[5.793s] [  5%] [32mBuilding C object CMakeFiles/yahboomcar_msgs__rosidl_generator_c.dir/rosidl_generator_c/yahboomcar_msgs/msg/detail/target__functions.c.o[0m
[5.799s] [  6%] [32mBuilding C object CMakeFiles/yahboomcar_msgs__rosidl_generator_c.dir/rosidl_generator_c/yahboomcar_msgs/msg/detail/image_msg__functions.c.o[0m
[5.813s] [  8%] [32mBuilding C object CMakeFiles/yahboomcar_msgs__rosidl_generator_c.dir/rosidl_generator_c/yahboomcar_msgs/msg/detail/target_array__functions.c.o[0m
[5.973s] [  8%] Built target yahboomcar_msgs__cpp
[5.993s] [ 11%] [32mBuilding C object CMakeFiles/yahboomcar_msgs__rosidl_generator_c.dir/rosidl_generator_c/yahboomcar_msgs/srv/detail/kinematics__functions.c.o[0m
[5.994s] [ 11%] [32mBuilding C object CMakeFiles/yahboomcar_msgs__rosidl_generator_c.dir/rosidl_generator_c/yahboomcar_msgs/msg/detail/arm_joint__functions.c.o[0m
[5.994s] [ 11%] [32mBuilding C object CMakeFiles/yahboomcar_msgs__rosidl_generator_c.dir/rosidl_generator_c/yahboomcar_msgs/srv/detail/robot_arm_array__functions.c.o[0m
[6.010s] [ 12%] [34m[1mGenerating C++ introspection for ROS interfaces[0m
[6.015s] [ 13%] [34m[1mGenerating C++ type support for eProsima Fast-RTPS[0m
[6.018s] [ 14%] [34m[1mGenerating C++ type support dispatch for ROS interfaces[0m
[6.238s] [ 16%] [32m[1mLinking C shared library libyahboomcar_msgs__rosidl_generator_c.so[0m
[6.381s] [ 16%] Built target yahboomcar_msgs__rosidl_generator_c
[6.420s] [ 17%] [34m[1mGenerating C type support for eProsima Fast-RTPS[0m
[6.446s] [ 18%] [34m[1mGenerating C introspection for ROS interfaces[0m
[6.453s] [ 19%] [34m[1mGenerating C type support dispatch for ROS interfaces[0m
[7.622s] [35m[1mConsolidate compiler generated dependencies of target yahboomcar_msgs__rosidl_typesupport_cpp[0m
[7.704s] [ 20%] [32mBuilding CXX object CMakeFiles/yahboomcar_msgs__rosidl_typesupport_cpp.dir/rosidl_typesupport_cpp/yahboomcar_msgs/msg/position__type_support.cpp.o[0m
[7.794s] [35m[1mConsolidate compiler generated dependencies of target yahboomcar_msgs__rosidl_typesupport_c[0m
[7.858s] [ 21%] [32mBuilding CXX object CMakeFiles/yahboomcar_msgs__rosidl_typesupport_c.dir/rosidl_typesupport_c/yahboomcar_msgs/msg/position__type_support.cpp.o[0m
[8.000s] [35m[1mConsolidate compiler generated dependencies of target yahboomcar_msgs__rosidl_typesupport_fastrtps_cpp[0m
[8.006s] [ 22%] [32mBuilding CXX object CMakeFiles/yahboomcar_msgs__rosidl_typesupport_c.dir/rosidl_typesupport_c/yahboomcar_msgs/msg/point_array__type_support.cpp.o[0m
[8.062s] [ 24%] [32mBuilding CXX object CMakeFiles/yahboomcar_msgs__rosidl_typesupport_fastrtps_cpp.dir/rosidl_typesupport_fastrtps_cpp/yahboomcar_msgs/msg/detail/dds_fastrtps/position__type_support.cpp.o[0m
[8.151s] [ 25%] [32mBuilding CXX object CMakeFiles/yahboomcar_msgs__rosidl_typesupport_c.dir/rosidl_typesupport_c/yahboomcar_msgs/msg/image_msg__type_support.cpp.o[0m
[8.189s] [35m[1mConsolidate compiler generated dependencies of target yahboomcar_msgs__rosidl_typesupport_introspection_cpp[0m
[8.253s] [ 26%] [32mBuilding CXX object CMakeFiles/yahboomcar_msgs__rosidl_typesupport_introspection_cpp.dir/rosidl_typesupport_introspection_cpp/yahboomcar_msgs/msg/detail/position__type_support.cpp.o[0m
[8.257s] [ 27%] [32mBuilding CXX object CMakeFiles/yahboomcar_msgs__rosidl_typesupport_c.dir/rosidl_typesupport_c/yahboomcar_msgs/msg/target__type_support.cpp.o[0m
[8.423s] [ 28%] [32mBuilding CXX object CMakeFiles/yahboomcar_msgs__rosidl_typesupport_c.dir/rosidl_typesupport_c/yahboomcar_msgs/msg/target_array__type_support.cpp.o[0m
[8.563s] [ 29%] [32mBuilding CXX object CMakeFiles/yahboomcar_msgs__rosidl_typesupport_c.dir/rosidl_typesupport_c/yahboomcar_msgs/msg/arm_joint__type_support.cpp.o[0m
[8.680s] [35m[1mConsolidate compiler generated dependencies of target yahboomcar_msgs__rosidl_typesupport_fastrtps_c[0m
[8.703s] [ 31%] [32mBuilding CXX object CMakeFiles/yahboomcar_msgs__rosidl_typesupport_cpp.dir/rosidl_typesupport_cpp/yahboomcar_msgs/msg/point_array__type_support.cpp.o[0m
[8.753s] [ 32%] [32mBuilding CXX object CMakeFiles/yahboomcar_msgs__rosidl_typesupport_c.dir/rosidl_typesupport_c/yahboomcar_msgs/srv/robot_arm_array__type_support.cpp.o[0m
[8.793s] [ 33%] [32mBuilding CXX object CMakeFiles/yahboomcar_msgs__rosidl_typesupport_fastrtps_c.dir/rosidl_typesupport_fastrtps_c/yahboomcar_msgs/msg/detail/position__type_support_c.cpp.o[0m
[8.882s] [ 34%] [32mBuilding CXX object CMakeFiles/yahboomcar_msgs__rosidl_typesupport_c.dir/rosidl_typesupport_c/yahboomcar_msgs/srv/kinematics__type_support.cpp.o[0m
[8.947s] [35m[1mConsolidate compiler generated dependencies of target yahboomcar_msgs__rosidl_typesupport_introspection_c[0m
[9.008s] [ 35%] [32m[1mLinking CXX shared library libyahboomcar_msgs__rosidl_typesupport_c.so[0m
[9.023s] [ 36%] [32mBuilding C object CMakeFiles/yahboomcar_msgs__rosidl_typesupport_introspection_c.dir/rosidl_typesupport_introspection_c/yahboomcar_msgs/msg/detail/position__type_support.c.o[0m
[9.198s] [ 37%] [32mBuilding C object CMakeFiles/yahboomcar_msgs__rosidl_typesupport_introspection_c.dir/rosidl_typesupport_introspection_c/yahboomcar_msgs/msg/detail/point_array__type_support.c.o[0m
[9.255s] [ 37%] Built target yahboomcar_msgs__rosidl_typesupport_c
[9.292s] [ 39%] [32mBuilding CXX object CMakeFiles/yahboomcar_msgs__rosidl_typesupport_fastrtps_c.dir/rosidl_typesupport_fastrtps_c/yahboomcar_msgs/msg/detail/point_array__type_support_c.cpp.o[0m
[9.469s] [ 40%] [32mBuilding C object CMakeFiles/yahboomcar_msgs__rosidl_typesupport_introspection_c.dir/rosidl_typesupport_introspection_c/yahboomcar_msgs/msg/detail/image_msg__type_support.c.o[0m
[9.474s] [ 41%] [32mBuilding CXX object CMakeFiles/yahboomcar_msgs__rosidl_typesupport_introspection_cpp.dir/rosidl_typesupport_introspection_cpp/yahboomcar_msgs/msg/detail/point_array__type_support.cpp.o[0m
[9.544s] [ 42%] [32mBuilding CXX object CMakeFiles/yahboomcar_msgs__rosidl_typesupport_fastrtps_cpp.dir/rosidl_typesupport_fastrtps_cpp/yahboomcar_msgs/msg/detail/dds_fastrtps/point_array__type_support.cpp.o[0m
[9.550s] [ 43%] [32mBuilding CXX object CMakeFiles/yahboomcar_msgs__rosidl_typesupport_cpp.dir/rosidl_typesupport_cpp/yahboomcar_msgs/msg/image_msg__type_support.cpp.o[0m
[9.642s] [ 44%] [32mBuilding C object CMakeFiles/yahboomcar_msgs__rosidl_typesupport_introspection_c.dir/rosidl_typesupport_introspection_c/yahboomcar_msgs/msg/detail/target__type_support.c.o[0m
[9.782s] [ 45%] [32mBuilding CXX object CMakeFiles/yahboomcar_msgs__rosidl_typesupport_fastrtps_cpp.dir/rosidl_typesupport_fastrtps_cpp/yahboomcar_msgs/msg/detail/dds_fastrtps/image_msg__type_support.cpp.o[0m
[9.920s] [ 47%] [32mBuilding C object CMakeFiles/yahboomcar_msgs__rosidl_typesupport_introspection_c.dir/rosidl_typesupport_introspection_c/yahboomcar_msgs/msg/detail/target_array__type_support.c.o[0m
[10.106s] [ 48%] [32mBuilding C object CMakeFiles/yahboomcar_msgs__rosidl_typesupport_introspection_c.dir/rosidl_typesupport_introspection_c/yahboomcar_msgs/msg/detail/arm_joint__type_support.c.o[0m
[10.316s] [ 49%] [32mBuilding C object CMakeFiles/yahboomcar_msgs__rosidl_typesupport_introspection_c.dir/rosidl_typesupport_introspection_c/yahboomcar_msgs/srv/detail/robot_arm_array__type_support.c.o[0m
[10.416s] [ 50%] [32mBuilding CXX object CMakeFiles/yahboomcar_msgs__rosidl_typesupport_cpp.dir/rosidl_typesupport_cpp/yahboomcar_msgs/msg/target__type_support.cpp.o[0m
[10.463s] [ 51%] [32mBuilding CXX object CMakeFiles/yahboomcar_msgs__rosidl_typesupport_fastrtps_c.dir/rosidl_typesupport_fastrtps_c/yahboomcar_msgs/msg/detail/image_msg__type_support_c.cpp.o[0m
[10.506s] [ 52%] [32mBuilding C object CMakeFiles/yahboomcar_msgs__rosidl_typesupport_introspection_c.dir/rosidl_typesupport_introspection_c/yahboomcar_msgs/srv/detail/kinematics__type_support.c.o[0m
[10.811s] [ 54%] [32m[1mLinking C shared library libyahboomcar_msgs__rosidl_typesupport_introspection_c.so[0m
[10.849s] [ 55%] [32mBuilding CXX object CMakeFiles/yahboomcar_msgs__rosidl_typesupport_introspection_cpp.dir/rosidl_typesupport_introspection_cpp/yahboomcar_msgs/msg/detail/image_msg__type_support.cpp.o[0m
[11.045s] [ 55%] Built target yahboomcar_msgs__rosidl_typesupport_introspection_c
[11.123s] [ 56%] [32mBuilding CXX object CMakeFiles/yahboomcar_msgs__rosidl_typesupport_fastrtps_c.dir/rosidl_typesupport_fastrtps_c/yahboomcar_msgs/msg/detail/target__type_support_c.cpp.o[0m
[11.174s] [ 57%] [32mBuilding CXX object CMakeFiles/yahboomcar_msgs__rosidl_typesupport_cpp.dir/rosidl_typesupport_cpp/yahboomcar_msgs/msg/target_array__type_support.cpp.o[0m
[11.319s] [ 58%] [32mBuilding CXX object CMakeFiles/yahboomcar_msgs__rosidl_typesupport_fastrtps_cpp.dir/rosidl_typesupport_fastrtps_cpp/yahboomcar_msgs/msg/detail/dds_fastrtps/target__type_support.cpp.o[0m
[11.389s] [ 59%] [32mBuilding CXX object CMakeFiles/yahboomcar_msgs__rosidl_typesupport_fastrtps_cpp.dir/rosidl_typesupport_fastrtps_cpp/yahboomcar_msgs/msg/detail/dds_fastrtps/target_array__type_support.cpp.o[0m
[11.775s] [ 60%] [32mBuilding CXX object CMakeFiles/yahboomcar_msgs__rosidl_typesupport_introspection_cpp.dir/rosidl_typesupport_introspection_cpp/yahboomcar_msgs/msg/detail/target__type_support.cpp.o[0m
[12.072s] [ 62%] [32mBuilding CXX object CMakeFiles/yahboomcar_msgs__rosidl_typesupport_cpp.dir/rosidl_typesupport_cpp/yahboomcar_msgs/msg/arm_joint__type_support.cpp.o[0m
[12.251s] [ 63%] [32mBuilding CXX object CMakeFiles/yahboomcar_msgs__rosidl_typesupport_fastrtps_c.dir/rosidl_typesupport_fastrtps_c/yahboomcar_msgs/msg/detail/target_array__type_support_c.cpp.o[0m
[12.269s] [ 64%] [32mBuilding CXX object CMakeFiles/yahboomcar_msgs__rosidl_typesupport_introspection_cpp.dir/rosidl_typesupport_introspection_cpp/yahboomcar_msgs/msg/detail/target_array__type_support.cpp.o[0m
[12.882s] [ 65%] [32mBuilding CXX object CMakeFiles/yahboomcar_msgs__rosidl_typesupport_fastrtps_cpp.dir/rosidl_typesupport_fastrtps_cpp/yahboomcar_msgs/msg/detail/dds_fastrtps/arm_joint__type_support.cpp.o[0m
[12.925s] [ 66%] [32mBuilding CXX object CMakeFiles/yahboomcar_msgs__rosidl_typesupport_fastrtps_cpp.dir/rosidl_typesupport_fastrtps_cpp/yahboomcar_msgs/srv/detail/dds_fastrtps/robot_arm_array__type_support.cpp.o[0m
[13.021s] [ 67%] [32mBuilding CXX object CMakeFiles/yahboomcar_msgs__rosidl_typesupport_cpp.dir/rosidl_typesupport_cpp/yahboomcar_msgs/srv/robot_arm_array__type_support.cpp.o[0m
[13.049s] [ 68%] [32mBuilding CXX object CMakeFiles/yahboomcar_msgs__rosidl_typesupport_introspection_cpp.dir/rosidl_typesupport_introspection_cpp/yahboomcar_msgs/msg/detail/arm_joint__type_support.cpp.o[0m
[13.598s] [ 70%] [32mBuilding CXX object CMakeFiles/yahboomcar_msgs__rosidl_typesupport_fastrtps_c.dir/rosidl_typesupport_fastrtps_c/yahboomcar_msgs/msg/detail/arm_joint__type_support_c.cpp.o[0m
[13.868s] [ 71%] [32mBuilding CXX object CMakeFiles/yahboomcar_msgs__rosidl_typesupport_cpp.dir/rosidl_typesupport_cpp/yahboomcar_msgs/srv/kinematics__type_support.cpp.o[0m
[14.042s] [ 72%] [32mBuilding CXX object CMakeFiles/yahboomcar_msgs__rosidl_typesupport_fastrtps_cpp.dir/rosidl_typesupport_fastrtps_cpp/yahboomcar_msgs/srv/detail/dds_fastrtps/kinematics__type_support.cpp.o[0m
[14.280s] [ 73%] [32mBuilding CXX object CMakeFiles/yahboomcar_msgs__rosidl_typesupport_introspection_cpp.dir/rosidl_typesupport_introspection_cpp/yahboomcar_msgs/srv/detail/robot_arm_array__type_support.cpp.o[0m
[14.343s] [ 74%] [32mBuilding CXX object CMakeFiles/yahboomcar_msgs__rosidl_typesupport_introspection_cpp.dir/rosidl_typesupport_introspection_cpp/yahboomcar_msgs/srv/detail/kinematics__type_support.cpp.o[0m
[14.495s] [ 75%] [32mBuilding CXX object CMakeFiles/yahboomcar_msgs__rosidl_typesupport_fastrtps_c.dir/rosidl_typesupport_fastrtps_c/yahboomcar_msgs/srv/detail/robot_arm_array__type_support_c.cpp.o[0m
[14.742s] [ 77%] [32mBuilding CXX object CMakeFiles/yahboomcar_msgs__rosidl_typesupport_fastrtps_c.dir/rosidl_typesupport_fastrtps_c/yahboomcar_msgs/srv/detail/kinematics__type_support_c.cpp.o[0m
[15.025s] [ 78%] [32m[1mLinking CXX shared library libyahboomcar_msgs__rosidl_typesupport_cpp.so[0m
[15.276s] [ 78%] Built target yahboomcar_msgs__rosidl_typesupport_cpp
[15.601s] [ 79%] [32m[1mLinking CXX shared library libyahboomcar_msgs__rosidl_typesupport_fastrtps_cpp.so[0m
[15.618s] [ 80%] [32m[1mLinking CXX shared library libyahboomcar_msgs__rosidl_typesupport_introspection_cpp.so[0m
[15.840s] [ 80%] Built target yahboomcar_msgs__rosidl_typesupport_fastrtps_cpp
[15.852s] [ 80%] Built target yahboomcar_msgs__rosidl_typesupport_introspection_cpp
[15.941s] [ 81%] [32m[1mLinking CXX shared library libyahboomcar_msgs__rosidl_typesupport_fastrtps_c.so[0m
[16.114s] [ 81%] Built target yahboomcar_msgs__rosidl_typesupport_fastrtps_c
[16.169s] [ 81%] Built target yahboomcar_msgs
[16.222s] [ 82%] [34m[1mGenerating Python code for ROS interfaces[0m
[18.395s] [ 82%] Built target yahboomcar_msgs__py
[18.425s] [35m[1mConsolidate compiler generated dependencies of target yahboomcar_msgs__rosidl_generator_py[0m
[18.475s] [ 83%] [32mBuilding C object CMakeFiles/yahboomcar_msgs__rosidl_generator_py.dir/rosidl_generator_py/yahboomcar_msgs/msg/_point_array_s.c.o[0m
[18.486s] [ 86%] [32mBuilding C object CMakeFiles/yahboomcar_msgs__rosidl_generator_py.dir/rosidl_generator_py/yahboomcar_msgs/msg/_image_msg_s.c.o[0m
[18.486s] [ 85%] [32mBuilding C object CMakeFiles/yahboomcar_msgs__rosidl_generator_py.dir/rosidl_generator_py/yahboomcar_msgs/msg/_position_s.c.o[0m
[18.486s] [ 87%] [32mBuilding C object CMakeFiles/yahboomcar_msgs__rosidl_generator_py.dir/rosidl_generator_py/yahboomcar_msgs/msg/_arm_joint_s.c.o[0m
[18.487s] [ 88%] [32mBuilding C object CMakeFiles/yahboomcar_msgs__rosidl_generator_py.dir/rosidl_generator_py/yahboomcar_msgs/msg/_target_s.c.o[0m
[18.492s] [ 89%] [32mBuilding C object CMakeFiles/yahboomcar_msgs__rosidl_generator_py.dir/rosidl_generator_py/yahboomcar_msgs/msg/_target_array_s.c.o[0m
[18.894s] [ 90%] [32mBuilding C object CMakeFiles/yahboomcar_msgs__rosidl_generator_py.dir/rosidl_generator_py/yahboomcar_msgs/srv/_kinematics_s.c.o[0m
[18.911s] [ 91%] [32mBuilding C object CMakeFiles/yahboomcar_msgs__rosidl_generator_py.dir/rosidl_generator_py/yahboomcar_msgs/srv/_robot_arm_array_s.c.o[0m
[19.195s] [ 93%] [32m[1mLinking C shared library rosidl_generator_py/yahboomcar_msgs/libyahboomcar_msgs__rosidl_generator_py.so[0m
[19.313s] [ 93%] Built target yahboomcar_msgs__rosidl_generator_py
[19.339s] [35m[1mConsolidate compiler generated dependencies of target yahboomcar_msgs__rosidl_typesupport_c__pyext[0m
[19.339s] [35m[1mConsolidate compiler generated dependencies of target yahboomcar_msgs__rosidl_typesupport_fastrtps_c__pyext[0m
[19.343s] [35m[1mConsolidate compiler generated dependencies of target yahboomcar_msgs__rosidl_typesupport_introspection_c__pyext[0m
[19.381s] [ 94%] [32mBuilding C object CMakeFiles/yahboomcar_msgs__rosidl_typesupport_fastrtps_c__pyext.dir/rosidl_generator_py/yahboomcar_msgs/_yahboomcar_msgs_s.ep.rosidl_typesupport_fastrtps_c.c.o[0m
[19.384s] [ 96%] [32mBuilding C object CMakeFiles/yahboomcar_msgs__rosidl_typesupport_introspection_c__pyext.dir/rosidl_generator_py/yahboomcar_msgs/_yahboomcar_msgs_s.ep.rosidl_typesupport_introspection_c.c.o[0m
[19.385s] [ 96%] [32mBuilding C object CMakeFiles/yahboomcar_msgs__rosidl_typesupport_c__pyext.dir/rosidl_generator_py/yahboomcar_msgs/_yahboomcar_msgs_s.ep.rosidl_typesupport_c.c.o[0m
[19.696s] [ 97%] [32m[1mLinking C shared library rosidl_generator_py/yahboomcar_msgs/yahboomcar_msgs_s__rosidl_typesupport_c.cpython-310-aarch64-linux-gnu.so[0m
[19.719s] [ 98%] [32m[1mLinking C shared library rosidl_generator_py/yahboomcar_msgs/yahboomcar_msgs_s__rosidl_typesupport_introspection_c.cpython-310-aarch64-linux-gnu.so[0m
[19.743s] [100%] [32m[1mLinking C shared library rosidl_generator_py/yahboomcar_msgs/yahboomcar_msgs_s__rosidl_typesupport_fastrtps_c.cpython-310-aarch64-linux-gnu.so[0m
[19.809s] [100%] Built target yahboomcar_msgs__rosidl_typesupport_c__pyext
[19.844s] [100%] Built target yahboomcar_msgs__rosidl_typesupport_introspection_c__pyext
[19.856s] [100%] Built target yahboomcar_msgs__rosidl_typesupport_fastrtps_c__pyext
[19.887s] Invoked command in '/home/jetson/yahboomcar_ws/build/yahboomcar_msgs' returned '0': CMAKE_PREFIX_PATH=${CMAKE_PREFIX_PATH}:/opt/ros/humble /usr/bin/cmake --build /home/jetson/yahboomcar_ws/build/yahboomcar_msgs -- -j6 -l6
[19.912s] Invoking command in '/home/jetson/yahboomcar_ws/build/yahboomcar_msgs': CMAKE_PREFIX_PATH=${CMAKE_PREFIX_PATH}:/opt/ros/humble /usr/bin/cmake --install /home/jetson/yahboomcar_ws/build/yahboomcar_msgs
[19.932s] -- Install configuration: ""
[19.932s] -- Up-to-date: /home/jetson/yahboomcar_ws/install/yahboomcar_msgs/share/ament_index/resource_index/rosidl_interfaces/yahboomcar_msgs
[19.933s] -- Up-to-date: /home/jetson/yahboomcar_ws/install/yahboomcar_msgs/include/yahboomcar_msgs/yahboomcar_msgs
[19.933s] -- Up-to-date: /home/jetson/yahboomcar_ws/install/yahboomcar_msgs/include/yahboomcar_msgs/yahboomcar_msgs/msg
[19.933s] -- Installing: /home/jetson/yahboomcar_ws/install/yahboomcar_msgs/include/yahboomcar_msgs/yahboomcar_msgs/msg/arm_joint.h
[19.935s] -- Up-to-date: /home/jetson/yahboomcar_ws/install/yahboomcar_msgs/include/yahboomcar_msgs/yahboomcar_msgs/msg/detail
[19.935s] -- Installing: /home/jetson/yahboomcar_ws/install/yahboomcar_msgs/include/yahboomcar_msgs/yahboomcar_msgs/msg/detail/position__struct.h
[19.936s] -- Installing: /home/jetson/yahboomcar_ws/install/yahboomcar_msgs/include/yahboomcar_msgs/yahboomcar_msgs/msg/detail/target_array__type_support.h
[19.936s] -- Installing: /home/jetson/yahboomcar_ws/install/yahboomcar_msgs/include/yahboomcar_msgs/yahboomcar_msgs/msg/detail/target__functions.c
[19.937s] -- Installing: /home/jetson/yahboomcar_ws/install/yahboomcar_msgs/include/yahboomcar_msgs/yahboomcar_msgs/msg/detail/image_msg__functions.c
[19.937s] -- Installing: /home/jetson/yahboomcar_ws/install/yahboomcar_msgs/include/yahboomcar_msgs/yahboomcar_msgs/msg/detail/target_array__struct.h
[19.937s] -- Installing: /home/jetson/yahboomcar_ws/install/yahboomcar_msgs/include/yahboomcar_msgs/yahboomcar_msgs/msg/detail/image_msg__functions.h
[19.937s] -- Installing: /home/jetson/yahboomcar_ws/install/yahboomcar_msgs/include/yahboomcar_msgs/yahboomcar_msgs/msg/detail/arm_joint__type_support.h
[19.937s] -- Installing: /home/jetson/yahboomcar_ws/install/yahboomcar_msgs/include/yahboomcar_msgs/yahboomcar_msgs/msg/detail/arm_joint__struct.h
[19.937s] -- Installing: /home/jetson/yahboomcar_ws/install/yahboomcar_msgs/include/yahboomcar_msgs/yahboomcar_msgs/msg/detail/arm_joint__functions.h
[19.937s] -- Installing: /home/jetson/yahboomcar_ws/install/yahboomcar_msgs/include/yahboomcar_msgs/yahboomcar_msgs/msg/detail/point_array__struct.h
[19.937s] -- Installing: /home/jetson/yahboomcar_ws/install/yahboomcar_msgs/include/yahboomcar_msgs/yahboomcar_msgs/msg/detail/position__functions.c
[19.938s] -- Installing: /home/jetson/yahboomcar_ws/install/yahboomcar_msgs/include/yahboomcar_msgs/yahboomcar_msgs/msg/detail/arm_joint__functions.c
[19.938s] -- Installing: /home/jetson/yahboomcar_ws/install/yahboomcar_msgs/include/yahboomcar_msgs/yahboomcar_msgs/msg/detail/target_array__functions.c
[19.938s] -- Installing: /home/jetson/yahboomcar_ws/install/yahboomcar_msgs/include/yahboomcar_msgs/yahboomcar_msgs/msg/detail/point_array__functions.c
[19.938s] -- Installing: /home/jetson/yahboomcar_ws/install/yahboomcar_msgs/include/yahboomcar_msgs/yahboomcar_msgs/msg/detail/image_msg__struct.h
[19.938s] -- Installing: /home/jetson/yahboomcar_ws/install/yahboomcar_msgs/include/yahboomcar_msgs/yahboomcar_msgs/msg/detail/point_array__functions.h
[19.938s] -- Installing: /home/jetson/yahboomcar_ws/install/yahboomcar_msgs/include/yahboomcar_msgs/yahboomcar_msgs/msg/detail/target__functions.h
[19.938s] -- Installing: /home/jetson/yahboomcar_ws/install/yahboomcar_msgs/include/yahboomcar_msgs/yahboomcar_msgs/msg/detail/target__struct.h
[19.938s] -- Installing: /home/jetson/yahboomcar_ws/install/yahboomcar_msgs/include/yahboomcar_msgs/yahboomcar_msgs/msg/detail/target_array__functions.h
[19.946s] -- Installing: /home/jetson/yahboomcar_ws/install/yahboomcar_msgs/include/yahboomcar_msgs/yahboomcar_msgs/msg/detail/image_msg__type_support.h
[19.947s] -- Installing: /home/jetson/yahboomcar_ws/install/yahboomcar_msgs/include/yahboomcar_msgs/yahboomcar_msgs/msg/detail/position__type_support.h
[19.947s] -- Installing: /home/jetson/yahboomcar_ws/install/yahboomcar_msgs/include/yahboomcar_msgs/yahboomcar_msgs/msg/detail/position__functions.h
[19.947s] -- Installing: /home/jetson/yahboomcar_ws/install/yahboomcar_msgs/include/yahboomcar_msgs/yahboomcar_msgs/msg/detail/target__type_support.h
[19.947s] -- Installing: /home/jetson/yahboomcar_ws/install/yahboomcar_msgs/include/yahboomcar_msgs/yahboomcar_msgs/msg/detail/point_array__type_support.h
[19.947s] -- Up-to-date: /home/jetson/yahboomcar_ws/install/yahboomcar_msgs/include/yahboomcar_msgs/yahboomcar_msgs/msg/rosidl_generator_c__visibility_control.h
[19.948s] -- Installing: /home/jetson/yahboomcar_ws/install/yahboomcar_msgs/include/yahboomcar_msgs/yahboomcar_msgs/msg/position.h
[19.949s] -- Installing: /home/jetson/yahboomcar_ws/install/yahboomcar_msgs/include/yahboomcar_msgs/yahboomcar_msgs/msg/point_array.h
[19.949s] -- Installing: /home/jetson/yahboomcar_ws/install/yahboomcar_msgs/include/yahboomcar_msgs/yahboomcar_msgs/msg/image_msg.h
[19.949s] -- Installing: /home/jetson/yahboomcar_ws/install/yahboomcar_msgs/include/yahboomcar_msgs/yahboomcar_msgs/msg/target.h
[19.949s] -- Installing: /home/jetson/yahboomcar_ws/install/yahboomcar_msgs/include/yahboomcar_msgs/yahboomcar_msgs/msg/target_array.h
[19.949s] -- Up-to-date: /home/jetson/yahboomcar_ws/install/yahboomcar_msgs/include/yahboomcar_msgs/yahboomcar_msgs/srv
[19.949s] -- Installing: /home/jetson/yahboomcar_ws/install/yahboomcar_msgs/include/yahboomcar_msgs/yahboomcar_msgs/srv/kinematics.h
[19.950s] -- Up-to-date: /home/jetson/yahboomcar_ws/install/yahboomcar_msgs/include/yahboomcar_msgs/yahboomcar_msgs/srv/detail
[19.950s] -- Installing: /home/jetson/yahboomcar_ws/install/yahboomcar_msgs/include/yahboomcar_msgs/yahboomcar_msgs/srv/detail/kinematics__functions.c
[19.950s] -- Installing: /home/jetson/yahboomcar_ws/install/yahboomcar_msgs/include/yahboomcar_msgs/yahboomcar_msgs/srv/detail/robot_arm_array__functions.c
[19.950s] -- Installing: /home/jetson/yahboomcar_ws/install/yahboomcar_msgs/include/yahboomcar_msgs/yahboomcar_msgs/srv/detail/kinematics__struct.h
[19.950s] -- Installing: /home/jetson/yahboomcar_ws/install/yahboomcar_msgs/include/yahboomcar_msgs/yahboomcar_msgs/srv/detail/robot_arm_array__struct.h
[19.950s] -- Installing: /home/jetson/yahboomcar_ws/install/yahboomcar_msgs/include/yahboomcar_msgs/yahboomcar_msgs/srv/detail/kinematics__type_support.h
[19.950s] -- Installing: /home/jetson/yahboomcar_ws/install/yahboomcar_msgs/include/yahboomcar_msgs/yahboomcar_msgs/srv/detail/robot_arm_array__type_support.h
[19.950s] -- Installing: /home/jetson/yahboomcar_ws/install/yahboomcar_msgs/include/yahboomcar_msgs/yahboomcar_msgs/srv/detail/robot_arm_array__functions.h
[19.951s] -- Installing: /home/jetson/yahboomcar_ws/install/yahboomcar_msgs/include/yahboomcar_msgs/yahboomcar_msgs/srv/detail/kinematics__functions.h
[19.951s] -- Installing: /home/jetson/yahboomcar_ws/install/yahboomcar_msgs/include/yahboomcar_msgs/yahboomcar_msgs/srv/robot_arm_array.h
[19.951s] -- Up-to-date: /home/jetson/yahboomcar_ws/install/yahboomcar_msgs/share/yahboomcar_msgs/environment/library_path.sh
[19.951s] -- Installing: /home/jetson/yahboomcar_ws/install/yahboomcar_msgs/share/yahboomcar_msgs/environment/library_path.dsv
[19.951s] -- Installing: /home/jetson/yahboomcar_ws/install/yahboomcar_msgs/lib/libyahboomcar_msgs__rosidl_generator_c.so
[19.951s] -- Set runtime path of "/home/jetson/yahboomcar_ws/install/yahboomcar_msgs/lib/libyahboomcar_msgs__rosidl_generator_c.so" to ""
[19.951s] -- Up-to-date: /home/jetson/yahboomcar_ws/install/yahboomcar_msgs/include/yahboomcar_msgs/yahboomcar_msgs
[19.951s] -- Up-to-date: /home/jetson/yahboomcar_ws/install/yahboomcar_msgs/include/yahboomcar_msgs/yahboomcar_msgs/msg
[19.952s] -- Up-to-date: /home/jetson/yahboomcar_ws/install/yahboomcar_msgs/include/yahboomcar_msgs/yahboomcar_msgs/msg/detail
[19.953s] -- Installing: /home/jetson/yahboomcar_ws/install/yahboomcar_msgs/include/yahboomcar_msgs/yahboomcar_msgs/msg/detail/target_array__rosidl_typesupport_fastrtps_c.h
[19.953s] -- Installing: /home/jetson/yahboomcar_ws/install/yahboomcar_msgs/include/yahboomcar_msgs/yahboomcar_msgs/msg/detail/arm_joint__rosidl_typesupport_fastrtps_c.h
[19.953s] -- Installing: /home/jetson/yahboomcar_ws/install/yahboomcar_msgs/include/yahboomcar_msgs/yahboomcar_msgs/msg/detail/target__rosidl_typesupport_fastrtps_c.h
[19.953s] -- Installing: /home/jetson/yahboomcar_ws/install/yahboomcar_msgs/include/yahboomcar_msgs/yahboomcar_msgs/msg/detail/point_array__rosidl_typesupport_fastrtps_c.h
[19.953s] -- Installing: /home/jetson/yahboomcar_ws/install/yahboomcar_msgs/include/yahboomcar_msgs/yahboomcar_msgs/msg/detail/image_msg__rosidl_typesupport_fastrtps_c.h
[19.953s] -- Installing: /home/jetson/yahboomcar_ws/install/yahboomcar_msgs/include/yahboomcar_msgs/yahboomcar_msgs/msg/detail/position__rosidl_typesupport_fastrtps_c.h
[19.954s] -- Up-to-date: /home/jetson/yahboomcar_ws/install/yahboomcar_msgs/include/yahboomcar_msgs/yahboomcar_msgs/msg/rosidl_typesupport_fastrtps_c__visibility_control.h
[19.954s] -- Up-to-date: /home/jetson/yahboomcar_ws/install/yahboomcar_msgs/include/yahboomcar_msgs/yahboomcar_msgs/srv
[19.954s] -- Up-to-date: /home/jetson/yahboomcar_ws/install/yahboomcar_msgs/include/yahboomcar_msgs/yahboomcar_msgs/srv/detail
[19.954s] -- Installing: /home/jetson/yahboomcar_ws/install/yahboomcar_msgs/include/yahboomcar_msgs/yahboomcar_msgs/srv/detail/robot_arm_array__rosidl_typesupport_fastrtps_c.h
[19.955s] -- Installing: /home/jetson/yahboomcar_ws/install/yahboomcar_msgs/include/yahboomcar_msgs/yahboomcar_msgs/srv/detail/kinematics__rosidl_typesupport_fastrtps_c.h
[19.955s] -- Installing: /home/jetson/yahboomcar_ws/install/yahboomcar_msgs/lib/libyahboomcar_msgs__rosidl_typesupport_fastrtps_c.so
[19.955s] -- Set runtime path of "/home/jetson/yahboomcar_ws/install/yahboomcar_msgs/lib/libyahboomcar_msgs__rosidl_typesupport_fastrtps_c.so" to ""
[19.955s] -- Up-to-date: /home/jetson/yahboomcar_ws/install/yahboomcar_msgs/include/yahboomcar_msgs/yahboomcar_msgs
[19.955s] -- Up-to-date: /home/jetson/yahboomcar_ws/install/yahboomcar_msgs/include/yahboomcar_msgs/yahboomcar_msgs/msg
[19.955s] -- Up-to-date: /home/jetson/yahboomcar_ws/install/yahboomcar_msgs/include/yahboomcar_msgs/yahboomcar_msgs/msg/rosidl_typesupport_introspection_c__visibility_control.h
[19.955s] -- Up-to-date: /home/jetson/yahboomcar_ws/install/yahboomcar_msgs/include/yahboomcar_msgs/yahboomcar_msgs/msg/detail
[19.955s] -- Installing: /home/jetson/yahboomcar_ws/install/yahboomcar_msgs/include/yahboomcar_msgs/yahboomcar_msgs/msg/detail/image_msg__type_support.c
[19.956s] -- Installing: /home/jetson/yahboomcar_ws/install/yahboomcar_msgs/include/yahboomcar_msgs/yahboomcar_msgs/msg/detail/arm_joint__type_support.c
[19.956s] -- Installing: /home/jetson/yahboomcar_ws/install/yahboomcar_msgs/include/yahboomcar_msgs/yahboomcar_msgs/msg/detail/position__type_support.c
[19.956s] -- Installing: /home/jetson/yahboomcar_ws/install/yahboomcar_msgs/include/yahboomcar_msgs/yahboomcar_msgs/msg/detail/image_msg__rosidl_typesupport_introspection_c.h
[19.956s] -- Installing: /home/jetson/yahboomcar_ws/install/yahboomcar_msgs/include/yahboomcar_msgs/yahboomcar_msgs/msg/detail/position__rosidl_typesupport_introspection_c.h
[19.956s] -- Installing: /home/jetson/yahboomcar_ws/install/yahboomcar_msgs/include/yahboomcar_msgs/yahboomcar_msgs/msg/detail/target__type_support.c
[19.956s] -- Installing: /home/jetson/yahboomcar_ws/install/yahboomcar_msgs/include/yahboomcar_msgs/yahboomcar_msgs/msg/detail/target_array__rosidl_typesupport_introspection_c.h
[19.956s] -- Installing: /home/jetson/yahboomcar_ws/install/yahboomcar_msgs/include/yahboomcar_msgs/yahboomcar_msgs/msg/detail/point_array__type_support.c
[19.957s] -- Installing: /home/jetson/yahboomcar_ws/install/yahboomcar_msgs/include/yahboomcar_msgs/yahboomcar_msgs/msg/detail/point_array__rosidl_typesupport_introspection_c.h
[19.957s] -- Installing: /home/jetson/yahboomcar_ws/install/yahboomcar_msgs/include/yahboomcar_msgs/yahboomcar_msgs/msg/detail/target_array__type_support.c
[19.957s] -- Installing: /home/jetson/yahboomcar_ws/install/yahboomcar_msgs/include/yahboomcar_msgs/yahboomcar_msgs/msg/detail/arm_joint__rosidl_typesupport_introspection_c.h
[19.957s] -- Installing: /home/jetson/yahboomcar_ws/install/yahboomcar_msgs/include/yahboomcar_msgs/yahboomcar_msgs/msg/detail/target__rosidl_typesupport_introspection_c.h
[19.957s] -- Up-to-date: /home/jetson/yahboomcar_ws/install/yahboomcar_msgs/include/yahboomcar_msgs/yahboomcar_msgs/srv
[19.957s] -- Up-to-date: /home/jetson/yahboomcar_ws/install/yahboomcar_msgs/include/yahboomcar_msgs/yahboomcar_msgs/srv/detail
[19.957s] -- Installing: /home/jetson/yahboomcar_ws/install/yahboomcar_msgs/include/yahboomcar_msgs/yahboomcar_msgs/srv/detail/kinematics__type_support.c
[19.957s] -- Installing: /home/jetson/yahboomcar_ws/install/yahboomcar_msgs/include/yahboomcar_msgs/yahboomcar_msgs/srv/detail/robot_arm_array__type_support.c
[19.958s] -- Installing: /home/jetson/yahboomcar_ws/install/yahboomcar_msgs/include/yahboomcar_msgs/yahboomcar_msgs/srv/detail/robot_arm_array__rosidl_typesupport_introspection_c.h
[19.958s] -- Installing: /home/jetson/yahboomcar_ws/install/yahboomcar_msgs/include/yahboomcar_msgs/yahboomcar_msgs/srv/detail/kinematics__rosidl_typesupport_introspection_c.h
[19.958s] -- Installing: /home/jetson/yahboomcar_ws/install/yahboomcar_msgs/lib/libyahboomcar_msgs__rosidl_typesupport_introspection_c.so
[19.958s] -- Set runtime path of "/home/jetson/yahboomcar_ws/install/yahboomcar_msgs/lib/libyahboomcar_msgs__rosidl_typesupport_introspection_c.so" to ""
[19.958s] -- Installing: /home/jetson/yahboomcar_ws/install/yahboomcar_msgs/lib/libyahboomcar_msgs__rosidl_typesupport_c.so
[19.958s] -- Set runtime path of "/home/jetson/yahboomcar_ws/install/yahboomcar_msgs/lib/libyahboomcar_msgs__rosidl_typesupport_c.so" to ""
[19.958s] -- Up-to-date: /home/jetson/yahboomcar_ws/install/yahboomcar_msgs/include/yahboomcar_msgs/yahboomcar_msgs
[19.959s] -- Up-to-date: /home/jetson/yahboomcar_ws/install/yahboomcar_msgs/include/yahboomcar_msgs/yahboomcar_msgs/msg
[19.959s] -- Installing: /home/jetson/yahboomcar_ws/install/yahboomcar_msgs/include/yahboomcar_msgs/yahboomcar_msgs/msg/image_msg.hpp
[19.959s] -- Installing: /home/jetson/yahboomcar_ws/install/yahboomcar_msgs/include/yahboomcar_msgs/yahboomcar_msgs/msg/point_array.hpp
[19.959s] -- Installing: /home/jetson/yahboomcar_ws/install/yahboomcar_msgs/include/yahboomcar_msgs/yahboomcar_msgs/msg/target_array.hpp
[19.959s] -- Installing: /home/jetson/yahboomcar_ws/install/yahboomcar_msgs/include/yahboomcar_msgs/yahboomcar_msgs/msg/target.hpp
[19.959s] -- Installing: /home/jetson/yahboomcar_ws/install/yahboomcar_msgs/include/yahboomcar_msgs/yahboomcar_msgs/msg/position.hpp
[19.959s] -- Up-to-date: /home/jetson/yahboomcar_ws/install/yahboomcar_msgs/include/yahboomcar_msgs/yahboomcar_msgs/msg/detail
[19.959s] -- Installing: /home/jetson/yahboomcar_ws/install/yahboomcar_msgs/include/yahboomcar_msgs/yahboomcar_msgs/msg/detail/position__type_support.hpp
[19.960s] -- Installing: /home/jetson/yahboomcar_ws/install/yahboomcar_msgs/include/yahboomcar_msgs/yahboomcar_msgs/msg/detail/position__builder.hpp
[19.960s] -- Installing: /home/jetson/yahboomcar_ws/install/yahboomcar_msgs/include/yahboomcar_msgs/yahboomcar_msgs/msg/detail/arm_joint__traits.hpp
[19.960s] -- Installing: /home/jetson/yahboomcar_ws/install/yahboomcar_msgs/include/yahboomcar_msgs/yahboomcar_msgs/msg/detail/position__struct.hpp
[19.960s] -- Installing: /home/jetson/yahboomcar_ws/install/yahboomcar_msgs/include/yahboomcar_msgs/yahboomcar_msgs/msg/detail/image_msg__builder.hpp
[19.960s] -- Installing: /home/jetson/yahboomcar_ws/install/yahboomcar_msgs/include/yahboomcar_msgs/yahboomcar_msgs/msg/detail/point_array__struct.hpp
[19.960s] -- Installing: /home/jetson/yahboomcar_ws/install/yahboomcar_msgs/include/yahboomcar_msgs/yahboomcar_msgs/msg/detail/position__traits.hpp
[19.961s] -- Installing: /home/jetson/yahboomcar_ws/install/yahboomcar_msgs/include/yahboomcar_msgs/yahboomcar_msgs/msg/detail/target_array__traits.hpp
[19.961s] -- Installing: /home/jetson/yahboomcar_ws/install/yahboomcar_msgs/include/yahboomcar_msgs/yahboomcar_msgs/msg/detail/point_array__builder.hpp
[19.961s] -- Installing: /home/jetson/yahboomcar_ws/install/yahboomcar_msgs/include/yahboomcar_msgs/yahboomcar_msgs/msg/detail/target__struct.hpp
[19.961s] -- Installing: /home/jetson/yahboomcar_ws/install/yahboomcar_msgs/include/yahboomcar_msgs/yahboomcar_msgs/msg/detail/point_array__type_support.hpp
[19.961s] -- Installing: /home/jetson/yahboomcar_ws/install/yahboomcar_msgs/include/yahboomcar_msgs/yahboomcar_msgs/msg/detail/point_array__traits.hpp
[19.961s] -- Installing: /home/jetson/yahboomcar_ws/install/yahboomcar_msgs/include/yahboomcar_msgs/yahboomcar_msgs/msg/detail/image_msg__struct.hpp
[19.962s] -- Installing: /home/jetson/yahboomcar_ws/install/yahboomcar_msgs/include/yahboomcar_msgs/yahboomcar_msgs/msg/detail/image_msg__traits.hpp
[19.962s] -- Installing: /home/jetson/yahboomcar_ws/install/yahboomcar_msgs/include/yahboomcar_msgs/yahboomcar_msgs/msg/detail/target_array__type_support.hpp
[19.962s] -- Installing: /home/jetson/yahboomcar_ws/install/yahboomcar_msgs/include/yahboomcar_msgs/yahboomcar_msgs/msg/detail/arm_joint__type_support.hpp
[19.962s] -- Installing: /home/jetson/yahboomcar_ws/install/yahboomcar_msgs/include/yahboomcar_msgs/yahboomcar_msgs/msg/detail/target_array__builder.hpp
[19.962s] -- Installing: /home/jetson/yahboomcar_ws/install/yahboomcar_msgs/include/yahboomcar_msgs/yahboomcar_msgs/msg/detail/target__traits.hpp
[19.962s] -- Installing: /home/jetson/yahboomcar_ws/install/yahboomcar_msgs/include/yahboomcar_msgs/yahboomcar_msgs/msg/detail/image_msg__type_support.hpp
[19.962s] -- Installing: /home/jetson/yahboomcar_ws/install/yahboomcar_msgs/include/yahboomcar_msgs/yahboomcar_msgs/msg/detail/target__builder.hpp
[19.963s] -- Installing: /home/jetson/yahboomcar_ws/install/yahboomcar_msgs/include/yahboomcar_msgs/yahboomcar_msgs/msg/detail/arm_joint__struct.hpp
[19.963s] -- Installing: /home/jetson/yahboomcar_ws/install/yahboomcar_msgs/include/yahboomcar_msgs/yahboomcar_msgs/msg/detail/target__type_support.hpp
[19.963s] -- Installing: /home/jetson/yahboomcar_ws/install/yahboomcar_msgs/include/yahboomcar_msgs/yahboomcar_msgs/msg/detail/arm_joint__builder.hpp
[19.963s] -- Installing: /home/jetson/yahboomcar_ws/install/yahboomcar_msgs/include/yahboomcar_msgs/yahboomcar_msgs/msg/detail/target_array__struct.hpp
[19.963s] -- Installing: /home/jetson/yahboomcar_ws/install/yahboomcar_msgs/include/yahboomcar_msgs/yahboomcar_msgs/msg/arm_joint.hpp
[19.963s] -- Up-to-date: /home/jetson/yahboomcar_ws/install/yahboomcar_msgs/include/yahboomcar_msgs/yahboomcar_msgs/msg/rosidl_generator_cpp__visibility_control.hpp
[19.963s] -- Up-to-date: /home/jetson/yahboomcar_ws/install/yahboomcar_msgs/include/yahboomcar_msgs/yahboomcar_msgs/srv
[19.964s] -- Up-to-date: /home/jetson/yahboomcar_ws/install/yahboomcar_msgs/include/yahboomcar_msgs/yahboomcar_msgs/srv/detail
[19.964s] -- Installing: /home/jetson/yahboomcar_ws/install/yahboomcar_msgs/include/yahboomcar_msgs/yahboomcar_msgs/srv/detail/kinematics__traits.hpp
[19.964s] -- Installing: /home/jetson/yahboomcar_ws/install/yahboomcar_msgs/include/yahboomcar_msgs/yahboomcar_msgs/srv/detail/robot_arm_array__struct.hpp
[19.964s] -- Installing: /home/jetson/yahboomcar_ws/install/yahboomcar_msgs/include/yahboomcar_msgs/yahboomcar_msgs/srv/detail/kinematics__struct.hpp
[19.964s] -- Installing: /home/jetson/yahboomcar_ws/install/yahboomcar_msgs/include/yahboomcar_msgs/yahboomcar_msgs/srv/detail/robot_arm_array__builder.hpp
[19.964s] -- Installing: /home/jetson/yahboomcar_ws/install/yahboomcar_msgs/include/yahboomcar_msgs/yahboomcar_msgs/srv/detail/kinematics__type_support.hpp
[19.964s] -- Installing: /home/jetson/yahboomcar_ws/install/yahboomcar_msgs/include/yahboomcar_msgs/yahboomcar_msgs/srv/detail/robot_arm_array__traits.hpp
[19.964s] -- Installing: /home/jetson/yahboomcar_ws/install/yahboomcar_msgs/include/yahboomcar_msgs/yahboomcar_msgs/srv/detail/kinematics__builder.hpp
[19.964s] -- Installing: /home/jetson/yahboomcar_ws/install/yahboomcar_msgs/include/yahboomcar_msgs/yahboomcar_msgs/srv/detail/robot_arm_array__type_support.hpp
[19.965s] -- Installing: /home/jetson/yahboomcar_ws/install/yahboomcar_msgs/include/yahboomcar_msgs/yahboomcar_msgs/srv/robot_arm_array.hpp
[19.965s] -- Installing: /home/jetson/yahboomcar_ws/install/yahboomcar_msgs/include/yahboomcar_msgs/yahboomcar_msgs/srv/kinematics.hpp
[19.965s] -- Up-to-date: /home/jetson/yahboomcar_ws/install/yahboomcar_msgs/include/yahboomcar_msgs/yahboomcar_msgs
[19.965s] -- Up-to-date: /home/jetson/yahboomcar_ws/install/yahboomcar_msgs/include/yahboomcar_msgs/yahboomcar_msgs/msg
[19.965s] -- Up-to-date: /home/jetson/yahboomcar_ws/install/yahboomcar_msgs/include/yahboomcar_msgs/yahboomcar_msgs/msg/detail
[19.965s] -- Installing: /home/jetson/yahboomcar_ws/install/yahboomcar_msgs/include/yahboomcar_msgs/yahboomcar_msgs/msg/detail/image_msg__rosidl_typesupport_fastrtps_cpp.hpp
[19.966s] -- Installing: /home/jetson/yahboomcar_ws/install/yahboomcar_msgs/include/yahboomcar_msgs/yahboomcar_msgs/msg/detail/point_array__rosidl_typesupport_fastrtps_cpp.hpp
[19.966s] -- Installing: /home/jetson/yahboomcar_ws/install/yahboomcar_msgs/include/yahboomcar_msgs/yahboomcar_msgs/msg/detail/arm_joint__rosidl_typesupport_fastrtps_cpp.hpp
[19.966s] -- Installing: /home/jetson/yahboomcar_ws/install/yahboomcar_msgs/include/yahboomcar_msgs/yahboomcar_msgs/msg/detail/position__rosidl_typesupport_fastrtps_cpp.hpp
[19.966s] -- Installing: /home/jetson/yahboomcar_ws/install/yahboomcar_msgs/include/yahboomcar_msgs/yahboomcar_msgs/msg/detail/target__rosidl_typesupport_fastrtps_cpp.hpp
[19.966s] -- Installing: /home/jetson/yahboomcar_ws/install/yahboomcar_msgs/include/yahboomcar_msgs/yahboomcar_msgs/msg/detail/target_array__rosidl_typesupport_fastrtps_cpp.hpp
[19.966s] -- Up-to-date: /home/jetson/yahboomcar_ws/install/yahboomcar_msgs/include/yahboomcar_msgs/yahboomcar_msgs/msg/detail/dds_fastrtps
[19.967s] -- Up-to-date: /home/jetson/yahboomcar_ws/install/yahboomcar_msgs/include/yahboomcar_msgs/yahboomcar_msgs/msg/rosidl_typesupport_fastrtps_cpp__visibility_control.h
[19.967s] -- Up-to-date: /home/jetson/yahboomcar_ws/install/yahboomcar_msgs/include/yahboomcar_msgs/yahboomcar_msgs/srv
[19.967s] -- Up-to-date: /home/jetson/yahboomcar_ws/install/yahboomcar_msgs/include/yahboomcar_msgs/yahboomcar_msgs/srv/detail
[19.967s] -- Installing: /home/jetson/yahboomcar_ws/install/yahboomcar_msgs/include/yahboomcar_msgs/yahboomcar_msgs/srv/detail/kinematics__rosidl_typesupport_fastrtps_cpp.hpp
[19.967s] -- Installing: /home/jetson/yahboomcar_ws/install/yahboomcar_msgs/include/yahboomcar_msgs/yahboomcar_msgs/srv/detail/robot_arm_array__rosidl_typesupport_fastrtps_cpp.hpp
[19.967s] -- Up-to-date: /home/jetson/yahboomcar_ws/install/yahboomcar_msgs/include/yahboomcar_msgs/yahboomcar_msgs/srv/detail/dds_fastrtps
[19.969s] -- Installing: /home/jetson/yahboomcar_ws/install/yahboomcar_msgs/lib/libyahboomcar_msgs__rosidl_typesupport_fastrtps_cpp.so
[19.977s] -- Set runtime path of "/home/jetson/yahboomcar_ws/install/yahboomcar_msgs/lib/libyahboomcar_msgs__rosidl_typesupport_fastrtps_cpp.so" to ""
[19.977s] -- Up-to-date: /home/jetson/yahboomcar_ws/install/yahboomcar_msgs/include/yahboomcar_msgs/yahboomcar_msgs
[19.977s] -- Up-to-date: /home/jetson/yahboomcar_ws/install/yahboomcar_msgs/include/yahboomcar_msgs/yahboomcar_msgs/msg
[19.977s] -- Up-to-date: /home/jetson/yahboomcar_ws/install/yahboomcar_msgs/include/yahboomcar_msgs/yahboomcar_msgs/msg/detail
[19.977s] -- Installing: /home/jetson/yahboomcar_ws/install/yahboomcar_msgs/include/yahboomcar_msgs/yahboomcar_msgs/msg/detail/position__type_support.cpp
[19.978s] -- Installing: /home/jetson/yahboomcar_ws/install/yahboomcar_msgs/include/yahboomcar_msgs/yahboomcar_msgs/msg/detail/position__rosidl_typesupport_introspection_cpp.hpp
[19.978s] -- Installing: /home/jetson/yahboomcar_ws/install/yahboomcar_msgs/include/yahboomcar_msgs/yahboomcar_msgs/msg/detail/target__type_support.cpp
[19.978s] -- Installing: /home/jetson/yahboomcar_ws/install/yahboomcar_msgs/include/yahboomcar_msgs/yahboomcar_msgs/msg/detail/target_array__type_support.cpp
[19.978s] -- Installing: /home/jetson/yahboomcar_ws/install/yahboomcar_msgs/include/yahboomcar_msgs/yahboomcar_msgs/msg/detail/image_msg__type_support.cpp
[19.978s] -- Installing: /home/jetson/yahboomcar_ws/install/yahboomcar_msgs/include/yahboomcar_msgs/yahboomcar_msgs/msg/detail/image_msg__rosidl_typesupport_introspection_cpp.hpp
[19.979s] -- Installing: /home/jetson/yahboomcar_ws/install/yahboomcar_msgs/include/yahboomcar_msgs/yahboomcar_msgs/msg/detail/point_array__type_support.cpp
[19.979s] -- Installing: /home/jetson/yahboomcar_ws/install/yahboomcar_msgs/include/yahboomcar_msgs/yahboomcar_msgs/msg/detail/arm_joint__rosidl_typesupport_introspection_cpp.hpp
[19.979s] -- Installing: /home/jetson/yahboomcar_ws/install/yahboomcar_msgs/include/yahboomcar_msgs/yahboomcar_msgs/msg/detail/point_array__rosidl_typesupport_introspection_cpp.hpp
[19.979s] -- Installing: /home/jetson/yahboomcar_ws/install/yahboomcar_msgs/include/yahboomcar_msgs/yahboomcar_msgs/msg/detail/target_array__rosidl_typesupport_introspection_cpp.hpp
[19.979s] -- Installing: /home/jetson/yahboomcar_ws/install/yahboomcar_msgs/include/yahboomcar_msgs/yahboomcar_msgs/msg/detail/target__rosidl_typesupport_introspection_cpp.hpp
[19.979s] -- Installing: /home/jetson/yahboomcar_ws/install/yahboomcar_msgs/include/yahboomcar_msgs/yahboomcar_msgs/msg/detail/arm_joint__type_support.cpp
[19.980s] -- Up-to-date: /home/jetson/yahboomcar_ws/install/yahboomcar_msgs/include/yahboomcar_msgs/yahboomcar_msgs/srv
[19.980s] -- Up-to-date: /home/jetson/yahboomcar_ws/install/yahboomcar_msgs/include/yahboomcar_msgs/yahboomcar_msgs/srv/detail
[19.980s] -- Installing: /home/jetson/yahboomcar_ws/install/yahboomcar_msgs/include/yahboomcar_msgs/yahboomcar_msgs/srv/detail/kinematics__type_support.cpp
[19.980s] -- Installing: /home/jetson/yahboomcar_ws/install/yahboomcar_msgs/include/yahboomcar_msgs/yahboomcar_msgs/srv/detail/kinematics__rosidl_typesupport_introspection_cpp.hpp
[19.981s] -- Installing: /home/jetson/yahboomcar_ws/install/yahboomcar_msgs/include/yahboomcar_msgs/yahboomcar_msgs/srv/detail/robot_arm_array__rosidl_typesupport_introspection_cpp.hpp
[19.981s] -- Installing: /home/jetson/yahboomcar_ws/install/yahboomcar_msgs/include/yahboomcar_msgs/yahboomcar_msgs/srv/detail/robot_arm_array__type_support.cpp
[19.982s] -- Installing: /home/jetson/yahboomcar_ws/install/yahboomcar_msgs/lib/libyahboomcar_msgs__rosidl_typesupport_introspection_cpp.so
[19.983s] -- Set runtime path of "/home/jetson/yahboomcar_ws/install/yahboomcar_msgs/lib/libyahboomcar_msgs__rosidl_typesupport_introspection_cpp.so" to ""
[19.984s] -- Installing: /home/jetson/yahboomcar_ws/install/yahboomcar_msgs/lib/libyahboomcar_msgs__rosidl_typesupport_cpp.so
[19.985s] -- Set runtime path of "/home/jetson/yahboomcar_ws/install/yahboomcar_msgs/lib/libyahboomcar_msgs__rosidl_typesupport_cpp.so" to ""
[19.985s] -- Up-to-date: /home/jetson/yahboomcar_ws/install/yahboomcar_msgs/share/yahboomcar_msgs/environment/pythonpath.sh
[19.985s] -- Installing: /home/jetson/yahboomcar_ws/install/yahboomcar_msgs/share/yahboomcar_msgs/environment/pythonpath.dsv
[19.985s] -- Up-to-date: /home/jetson/yahboomcar_ws/install/yahboomcar_msgs/local/lib/python3.10/dist-packages/yahboomcar_msgs-0.1.0-py3.10.egg-info
[19.985s] -- Installing: /home/jetson/yahboomcar_ws/install/yahboomcar_msgs/local/lib/python3.10/dist-packages/yahboomcar_msgs-0.1.0-py3.10.egg-info/dependency_links.txt
[19.986s] -- Installing: /home/jetson/yahboomcar_ws/install/yahboomcar_msgs/local/lib/python3.10/dist-packages/yahboomcar_msgs-0.1.0-py3.10.egg-info/top_level.txt
[19.986s] -- Installing: /home/jetson/yahboomcar_ws/install/yahboomcar_msgs/local/lib/python3.10/dist-packages/yahboomcar_msgs-0.1.0-py3.10.egg-info/SOURCES.txt
[19.986s] -- Installing: /home/jetson/yahboomcar_ws/install/yahboomcar_msgs/local/lib/python3.10/dist-packages/yahboomcar_msgs-0.1.0-py3.10.egg-info/PKG-INFO
[19.986s] -- Up-to-date: /home/jetson/yahboomcar_ws/install/yahboomcar_msgs/local/lib/python3.10/dist-packages/yahboomcar_msgs
[19.987s] -- Installing: /home/jetson/yahboomcar_ws/install/yahboomcar_msgs/local/lib/python3.10/dist-packages/yahboomcar_msgs/_yahboomcar_msgs_s.ep.rosidl_typesupport_c.c
[19.987s] -- Installing: /home/jetson/yahboomcar_ws/install/yahboomcar_msgs/local/lib/python3.10/dist-packages/yahboomcar_msgs/yahboomcar_msgs_s__rosidl_typesupport_c.cpython-310-aarch64-linux-gnu.so
[19.987s] -- Up-to-date: /home/jetson/yahboomcar_ws/install/yahboomcar_msgs/local/lib/python3.10/dist-packages/yahboomcar_msgs/msg
[19.987s] -- Installing: /home/jetson/yahboomcar_ws/install/yahboomcar_msgs/local/lib/python3.10/dist-packages/yahboomcar_msgs/msg/_image_msg_s.c
[19.988s] -- Installing: /home/jetson/yahboomcar_ws/install/yahboomcar_msgs/local/lib/python3.10/dist-packages/yahboomcar_msgs/msg/_position_s.c
[19.988s] -- Installing: /home/jetson/yahboomcar_ws/install/yahboomcar_msgs/local/lib/python3.10/dist-packages/yahboomcar_msgs/msg/_arm_joint.py
[19.988s] -- Installing: /home/jetson/yahboomcar_ws/install/yahboomcar_msgs/local/lib/python3.10/dist-packages/yahboomcar_msgs/msg/_point_array_s.c
[19.988s] -- Installing: /home/jetson/yahboomcar_ws/install/yahboomcar_msgs/local/lib/python3.10/dist-packages/yahboomcar_msgs/msg/_point_array.py
[19.989s] -- Installing: /home/jetson/yahboomcar_ws/install/yahboomcar_msgs/local/lib/python3.10/dist-packages/yahboomcar_msgs/msg/_position.py
[19.989s] -- Installing: /home/jetson/yahboomcar_ws/install/yahboomcar_msgs/local/lib/python3.10/dist-packages/yahboomcar_msgs/msg/_arm_joint_s.c
[19.989s] -- Installing: /home/jetson/yahboomcar_ws/install/yahboomcar_msgs/local/lib/python3.10/dist-packages/yahboomcar_msgs/msg/__init__.py
[19.989s] -- Installing: /home/jetson/yahboomcar_ws/install/yahboomcar_msgs/local/lib/python3.10/dist-packages/yahboomcar_msgs/msg/_target_array_s.c
[19.990s] -- Installing: /home/jetson/yahboomcar_ws/install/yahboomcar_msgs/local/lib/python3.10/dist-packages/yahboomcar_msgs/msg/_target.py
[19.990s] -- Installing: /home/jetson/yahboomcar_ws/install/yahboomcar_msgs/local/lib/python3.10/dist-packages/yahboomcar_msgs/msg/_target_s.c
[19.990s] -- Installing: /home/jetson/yahboomcar_ws/install/yahboomcar_msgs/local/lib/python3.10/dist-packages/yahboomcar_msgs/msg/_image_msg.py
[19.991s] -- Installing: /home/jetson/yahboomcar_ws/install/yahboomcar_msgs/local/lib/python3.10/dist-packages/yahboomcar_msgs/msg/_target_array.py
[19.991s] -- Installing: /home/jetson/yahboomcar_ws/install/yahboomcar_msgs/local/lib/python3.10/dist-packages/yahboomcar_msgs/__init__.py
[19.991s] -- Up-to-date: /home/jetson/yahboomcar_ws/install/yahboomcar_msgs/local/lib/python3.10/dist-packages/yahboomcar_msgs/srv
[19.991s] -- Installing: /home/jetson/yahboomcar_ws/install/yahboomcar_msgs/local/lib/python3.10/dist-packages/yahboomcar_msgs/srv/_robot_arm_array.py
[19.991s] -- Installing: /home/jetson/yahboomcar_ws/install/yahboomcar_msgs/local/lib/python3.10/dist-packages/yahboomcar_msgs/srv/__init__.py
[19.992s] -- Installing: /home/jetson/yahboomcar_ws/install/yahboomcar_msgs/local/lib/python3.10/dist-packages/yahboomcar_msgs/srv/_kinematics.py
[19.992s] -- Installing: /home/jetson/yahboomcar_ws/install/yahboomcar_msgs/local/lib/python3.10/dist-packages/yahboomcar_msgs/srv/_robot_arm_array_s.c
[19.992s] -- Installing: /home/jetson/yahboomcar_ws/install/yahboomcar_msgs/local/lib/python3.10/dist-packages/yahboomcar_msgs/srv/_kinematics_s.c
[19.992s] -- Installing: /home/jetson/yahboomcar_ws/install/yahboomcar_msgs/local/lib/python3.10/dist-packages/yahboomcar_msgs/yahboomcar_msgs_s__rosidl_typesupport_introspection_c.cpython-310-aarch64-linux-gnu.so
[19.993s] -- Installing: /home/jetson/yahboomcar_ws/install/yahboomcar_msgs/local/lib/python3.10/dist-packages/yahboomcar_msgs/yahboomcar_msgs_s__rosidl_typesupport_fastrtps_c.cpython-310-aarch64-linux-gnu.so
[19.993s] -- Installing: /home/jetson/yahboomcar_ws/install/yahboomcar_msgs/local/lib/python3.10/dist-packages/yahboomcar_msgs/_yahboomcar_msgs_s.ep.rosidl_typesupport_fastrtps_c.c
[19.993s] -- Installing: /home/jetson/yahboomcar_ws/install/yahboomcar_msgs/local/lib/python3.10/dist-packages/yahboomcar_msgs/libyahboomcar_msgs__rosidl_generator_py.so
[19.994s] -- Installing: /home/jetson/yahboomcar_ws/install/yahboomcar_msgs/local/lib/python3.10/dist-packages/yahboomcar_msgs/_yahboomcar_msgs_s.ep.rosidl_typesupport_introspection_c.c
[20.114s] Listing '/home/jetson/yahboomcar_ws/install/yahboomcar_msgs/local/lib/python3.10/dist-packages/yahboomcar_msgs'...
[20.114s] Compiling '/home/jetson/yahboomcar_ws/install/yahboomcar_msgs/local/lib/python3.10/dist-packages/yahboomcar_msgs/__init__.py'...
[20.114s] Listing '/home/jetson/yahboomcar_ws/install/yahboomcar_msgs/local/lib/python3.10/dist-packages/yahboomcar_msgs/msg'...
[20.114s] Compiling '/home/jetson/yahboomcar_ws/install/yahboomcar_msgs/local/lib/python3.10/dist-packages/yahboomcar_msgs/msg/__init__.py'...
[20.114s] Compiling '/home/jetson/yahboomcar_ws/install/yahboomcar_msgs/local/lib/python3.10/dist-packages/yahboomcar_msgs/msg/_arm_joint.py'...
[20.115s] Compiling '/home/jetson/yahboomcar_ws/install/yahboomcar_msgs/local/lib/python3.10/dist-packages/yahboomcar_msgs/msg/_image_msg.py'...
[20.115s] Compiling '/home/jetson/yahboomcar_ws/install/yahboomcar_msgs/local/lib/python3.10/dist-packages/yahboomcar_msgs/msg/_point_array.py'...
[20.115s] Compiling '/home/jetson/yahboomcar_ws/install/yahboomcar_msgs/local/lib/python3.10/dist-packages/yahboomcar_msgs/msg/_position.py'...
[20.115s] Compiling '/home/jetson/yahboomcar_ws/install/yahboomcar_msgs/local/lib/python3.10/dist-packages/yahboomcar_msgs/msg/_target.py'...
[20.115s] Compiling '/home/jetson/yahboomcar_ws/install/yahboomcar_msgs/local/lib/python3.10/dist-packages/yahboomcar_msgs/msg/_target_array.py'...
[20.115s] Listing '/home/jetson/yahboomcar_ws/install/yahboomcar_msgs/local/lib/python3.10/dist-packages/yahboomcar_msgs/srv'...
[20.115s] Compiling '/home/jetson/yahboomcar_ws/install/yahboomcar_msgs/local/lib/python3.10/dist-packages/yahboomcar_msgs/srv/__init__.py'...
[20.116s] Compiling '/home/jetson/yahboomcar_ws/install/yahboomcar_msgs/local/lib/python3.10/dist-packages/yahboomcar_msgs/srv/_kinematics.py'...
[20.116s] Compiling '/home/jetson/yahboomcar_ws/install/yahboomcar_msgs/local/lib/python3.10/dist-packages/yahboomcar_msgs/srv/_robot_arm_array.py'...
[20.131s] -- Installing: /home/jetson/yahboomcar_ws/install/yahboomcar_msgs/local/lib/python3.10/dist-packages/yahboomcar_msgs/yahboomcar_msgs_s__rosidl_typesupport_fastrtps_c.cpython-310-aarch64-linux-gnu.so
[20.131s] -- Set runtime path of "/home/jetson/yahboomcar_ws/install/yahboomcar_msgs/local/lib/python3.10/dist-packages/yahboomcar_msgs/yahboomcar_msgs_s__rosidl_typesupport_fastrtps_c.cpython-310-aarch64-linux-gnu.so" to ""
[20.132s] -- Installing: /home/jetson/yahboomcar_ws/install/yahboomcar_msgs/local/lib/python3.10/dist-packages/yahboomcar_msgs/yahboomcar_msgs_s__rosidl_typesupport_introspection_c.cpython-310-aarch64-linux-gnu.so
[20.132s] -- Set runtime path of "/home/jetson/yahboomcar_ws/install/yahboomcar_msgs/local/lib/python3.10/dist-packages/yahboomcar_msgs/yahboomcar_msgs_s__rosidl_typesupport_introspection_c.cpython-310-aarch64-linux-gnu.so" to ""
[20.132s] -- Installing: /home/jetson/yahboomcar_ws/install/yahboomcar_msgs/local/lib/python3.10/dist-packages/yahboomcar_msgs/yahboomcar_msgs_s__rosidl_typesupport_c.cpython-310-aarch64-linux-gnu.so
[20.133s] -- Set runtime path of "/home/jetson/yahboomcar_ws/install/yahboomcar_msgs/local/lib/python3.10/dist-packages/yahboomcar_msgs/yahboomcar_msgs_s__rosidl_typesupport_c.cpython-310-aarch64-linux-gnu.so" to ""
[20.133s] -- Installing: /home/jetson/yahboomcar_ws/install/yahboomcar_msgs/lib/libyahboomcar_msgs__rosidl_generator_py.so
[20.135s] -- Set runtime path of "/home/jetson/yahboomcar_ws/install/yahboomcar_msgs/lib/libyahboomcar_msgs__rosidl_generator_py.so" to ""
[20.135s] -- Up-to-date: /home/jetson/yahboomcar_ws/install/yahboomcar_msgs/share/yahboomcar_msgs/msg/Position.idl
[20.135s] -- Up-to-date: /home/jetson/yahboomcar_ws/install/yahboomcar_msgs/share/yahboomcar_msgs/msg/PointArray.idl
[20.135s] -- Installing: /home/jetson/yahboomcar_ws/install/yahboomcar_msgs/share/yahboomcar_msgs/msg/ImageMsg.idl
[20.135s] -- Up-to-date: /home/jetson/yahboomcar_ws/install/yahboomcar_msgs/share/yahboomcar_msgs/msg/Target.idl
[20.136s] -- Up-to-date: /home/jetson/yahboomcar_ws/install/yahboomcar_msgs/share/yahboomcar_msgs/msg/TargetArray.idl
[20.136s] -- Up-to-date: /home/jetson/yahboomcar_ws/install/yahboomcar_msgs/share/yahboomcar_msgs/msg/ArmJoint.idl
[20.136s] -- Up-to-date: /home/jetson/yahboomcar_ws/install/yahboomcar_msgs/share/yahboomcar_msgs/srv/RobotArmArray.idl
[20.136s] -- Up-to-date: /home/jetson/yahboomcar_ws/install/yahboomcar_msgs/share/yahboomcar_msgs/srv/Kinematics.idl
[20.136s] -- Up-to-date: /home/jetson/yahboomcar_ws/install/yahboomcar_msgs/share/yahboomcar_msgs/msg/Position.msg
[20.136s] -- Up-to-date: /home/jetson/yahboomcar_ws/install/yahboomcar_msgs/share/yahboomcar_msgs/msg/PointArray.msg
[20.137s] -- Installing: /home/jetson/yahboomcar_ws/install/yahboomcar_msgs/share/yahboomcar_msgs/msg/ImageMsg.msg
[20.137s] -- Up-to-date: /home/jetson/yahboomcar_ws/install/yahboomcar_msgs/share/yahboomcar_msgs/msg/Target.msg
[20.137s] -- Up-to-date: /home/jetson/yahboomcar_ws/install/yahboomcar_msgs/share/yahboomcar_msgs/msg/TargetArray.msg
[20.137s] -- Up-to-date: /home/jetson/yahboomcar_ws/install/yahboomcar_msgs/share/yahboomcar_msgs/msg/ArmJoint.msg
[20.137s] -- Up-to-date: /home/jetson/yahboomcar_ws/install/yahboomcar_msgs/share/yahboomcar_msgs/srv/RobotArmArray.srv
[20.138s] -- Up-to-date: /home/jetson/yahboomcar_ws/install/yahboomcar_msgs/share/yahboomcar_msgs/srv/RobotArmArray_Request.msg
[20.138s] -- Up-to-date: /home/jetson/yahboomcar_ws/install/yahboomcar_msgs/share/yahboomcar_msgs/srv/RobotArmArray_Response.msg
[20.138s] -- Up-to-date: /home/jetson/yahboomcar_ws/install/yahboomcar_msgs/share/yahboomcar_msgs/srv/Kinematics.srv
[20.138s] -- Up-to-date: /home/jetson/yahboomcar_ws/install/yahboomcar_msgs/share/yahboomcar_msgs/srv/Kinematics_Request.msg
[20.138s] -- Up-to-date: /home/jetson/yahboomcar_ws/install/yahboomcar_msgs/share/yahboomcar_msgs/srv/Kinematics_Response.msg
[20.138s] -- Up-to-date: /home/jetson/yahboomcar_ws/install/yahboomcar_msgs/share/ament_index/resource_index/package_run_dependencies/yahboomcar_msgs
[20.139s] -- Installing: /home/jetson/yahboomcar_ws/install/yahboomcar_msgs/share/ament_index/resource_index/parent_prefix_path/yahboomcar_msgs
[20.139s] -- Up-to-date: /home/jetson/yahboomcar_ws/install/yahboomcar_msgs/share/yahboomcar_msgs/environment/ament_prefix_path.sh
[20.139s] -- Installing: /home/jetson/yahboomcar_ws/install/yahboomcar_msgs/share/yahboomcar_msgs/environment/ament_prefix_path.dsv
[20.139s] -- Up-to-date: /home/jetson/yahboomcar_ws/install/yahboomcar_msgs/share/yahboomcar_msgs/environment/path.sh
[20.139s] -- Installing: /home/jetson/yahboomcar_ws/install/yahboomcar_msgs/share/yahboomcar_msgs/environment/path.dsv
[20.139s] -- Up-to-date: /home/jetson/yahboomcar_ws/install/yahboomcar_msgs/share/yahboomcar_msgs/local_setup.bash
[20.139s] -- Up-to-date: /home/jetson/yahboomcar_ws/install/yahboomcar_msgs/share/yahboomcar_msgs/local_setup.sh
[20.140s] -- Up-to-date: /home/jetson/yahboomcar_ws/install/yahboomcar_msgs/share/yahboomcar_msgs/local_setup.zsh
[20.140s] -- Installing: /home/jetson/yahboomcar_ws/install/yahboomcar_msgs/share/yahboomcar_msgs/local_setup.dsv
[20.140s] -- Installing: /home/jetson/yahboomcar_ws/install/yahboomcar_msgs/share/yahboomcar_msgs/package.dsv
[20.140s] -- Up-to-date: /home/jetson/yahboomcar_ws/install/yahboomcar_msgs/share/ament_index/resource_index/packages/yahboomcar_msgs
[20.141s] -- Up-to-date: /home/jetson/yahboomcar_ws/install/yahboomcar_msgs/share/yahboomcar_msgs/cmake/export_yahboomcar_msgs__rosidl_generator_cExport.cmake
[20.141s] -- Up-to-date: /home/jetson/yahboomcar_ws/install/yahboomcar_msgs/share/yahboomcar_msgs/cmake/export_yahboomcar_msgs__rosidl_generator_cExport-noconfig.cmake
[20.141s] -- Up-to-date: /home/jetson/yahboomcar_ws/install/yahboomcar_msgs/share/yahboomcar_msgs/cmake/export_yahboomcar_msgs__rosidl_typesupport_fastrtps_cExport.cmake
[20.142s] -- Up-to-date: /home/jetson/yahboomcar_ws/install/yahboomcar_msgs/share/yahboomcar_msgs/cmake/export_yahboomcar_msgs__rosidl_typesupport_fastrtps_cExport-noconfig.cmake
[20.142s] -- Up-to-date: /home/jetson/yahboomcar_ws/install/yahboomcar_msgs/share/yahboomcar_msgs/cmake/yahboomcar_msgs__rosidl_typesupport_introspection_cExport.cmake
[20.142s] -- Up-to-date: /home/jetson/yahboomcar_ws/install/yahboomcar_msgs/share/yahboomcar_msgs/cmake/yahboomcar_msgs__rosidl_typesupport_introspection_cExport-noconfig.cmake
[20.142s] -- Up-to-date: /home/jetson/yahboomcar_ws/install/yahboomcar_msgs/share/yahboomcar_msgs/cmake/yahboomcar_msgs__rosidl_typesupport_cExport.cmake
[20.143s] -- Up-to-date: /home/jetson/yahboomcar_ws/install/yahboomcar_msgs/share/yahboomcar_msgs/cmake/yahboomcar_msgs__rosidl_typesupport_cExport-noconfig.cmake
[20.143s] -- Up-to-date: /home/jetson/yahboomcar_ws/install/yahboomcar_msgs/share/yahboomcar_msgs/cmake/export_yahboomcar_msgs__rosidl_generator_cppExport.cmake
[20.143s] -- Up-to-date: /home/jetson/yahboomcar_ws/install/yahboomcar_msgs/share/yahboomcar_msgs/cmake/export_yahboomcar_msgs__rosidl_typesupport_fastrtps_cppExport.cmake
[20.144s] -- Up-to-date: /home/jetson/yahboomcar_ws/install/yahboomcar_msgs/share/yahboomcar_msgs/cmake/export_yahboomcar_msgs__rosidl_typesupport_fastrtps_cppExport-noconfig.cmake
[20.144s] -- Up-to-date: /home/jetson/yahboomcar_ws/install/yahboomcar_msgs/share/yahboomcar_msgs/cmake/yahboomcar_msgs__rosidl_typesupport_introspection_cppExport.cmake
[20.144s] -- Up-to-date: /home/jetson/yahboomcar_ws/install/yahboomcar_msgs/share/yahboomcar_msgs/cmake/yahboomcar_msgs__rosidl_typesupport_introspection_cppExport-noconfig.cmake
[20.144s] -- Up-to-date: /home/jetson/yahboomcar_ws/install/yahboomcar_msgs/share/yahboomcar_msgs/cmake/yahboomcar_msgs__rosidl_typesupport_cppExport.cmake
[20.144s] -- Up-to-date: /home/jetson/yahboomcar_ws/install/yahboomcar_msgs/share/yahboomcar_msgs/cmake/yahboomcar_msgs__rosidl_typesupport_cppExport-noconfig.cmake
[20.145s] -- Up-to-date: /home/jetson/yahboomcar_ws/install/yahboomcar_msgs/share/yahboomcar_msgs/cmake/export_yahboomcar_msgs__rosidl_generator_pyExport.cmake
[20.145s] -- Up-to-date: /home/jetson/yahboomcar_ws/install/yahboomcar_msgs/share/yahboomcar_msgs/cmake/export_yahboomcar_msgs__rosidl_generator_pyExport-noconfig.cmake
[20.145s] -- Up-to-date: /home/jetson/yahboomcar_ws/install/yahboomcar_msgs/share/yahboomcar_msgs/cmake/rosidl_cmake-extras.cmake
[20.145s] -- Up-to-date: /home/jetson/yahboomcar_ws/install/yahboomcar_msgs/share/yahboomcar_msgs/cmake/ament_cmake_export_dependencies-extras.cmake
[20.146s] -- Up-to-date: /home/jetson/yahboomcar_ws/install/yahboomcar_msgs/share/yahboomcar_msgs/cmake/ament_cmake_export_include_directories-extras.cmake
[20.146s] -- Up-to-date: /home/jetson/yahboomcar_ws/install/yahboomcar_msgs/share/yahboomcar_msgs/cmake/ament_cmake_export_libraries-extras.cmake
[20.146s] -- Up-to-date: /home/jetson/yahboomcar_ws/install/yahboomcar_msgs/share/yahboomcar_msgs/cmake/ament_cmake_export_targets-extras.cmake
[20.146s] -- Up-to-date: /home/jetson/yahboomcar_ws/install/yahboomcar_msgs/share/yahboomcar_msgs/cmake/rosidl_cmake_export_typesupport_targets-extras.cmake
[20.146s] -- Up-to-date: /home/jetson/yahboomcar_ws/install/yahboomcar_msgs/share/yahboomcar_msgs/cmake/rosidl_cmake_export_typesupport_libraries-extras.cmake
[20.147s] -- Up-to-date: /home/jetson/yahboomcar_ws/install/yahboomcar_msgs/share/yahboomcar_msgs/cmake/yahboomcar_msgsConfig.cmake
[20.147s] -- Up-to-date: /home/jetson/yahboomcar_ws/install/yahboomcar_msgs/share/yahboomcar_msgs/cmake/yahboomcar_msgsConfig-version.cmake
[20.147s] -- Up-to-date: /home/jetson/yahboomcar_ws/install/yahboomcar_msgs/share/yahboomcar_msgs/package.xml
[20.152s] Invoked command in '/home/jetson/yahboomcar_ws/build/yahboomcar_msgs' returned '0': CMAKE_PREFIX_PATH=${CMAKE_PREFIX_PATH}:/opt/ros/humble /usr/bin/cmake --install /home/jetson/yahboomcar_ws/build/yahboomcar_msgs
