[0.124s] Invoking command in '/home/jetson/yahboomcar_ws/build/arm_mediapipe': /usr/bin/cmake /home/jetson/yahboomcar_ws/src/arm_mediapipe -DCATKIN_INSTALL_INTO_PREFIX_ROOT=0 -DCMAKE_INSTALL_PREFIX=/home/jetson/yahboomcar_ws/install/arm_mediapipe
[1.406s] -- The C compiler identification is GNU 11.4.0
[1.406s] -- The CXX compiler identification is GNU 11.4.0
[1.407s] -- Detecting C compiler ABI info
[1.419s] -- Detecting C compiler ABI info - done
[1.425s] -- Check for working C compiler: /usr/bin/cc - skipped
[1.425s] -- Detecting C compile features
[1.425s] -- Detecting C compile features - done
[1.425s] -- Detecting CXX compiler ABI info
[1.454s] -- Detecting CXX compiler ABI info - done
[1.492s] -- Check for working CXX compiler: /usr/bin/c++ - skipped
[1.493s] -- Detecting CXX compile features
[1.494s] -- Detecting CXX compile features - done
[1.539s] [31mCMake Error at CMakeLists.txt:10 (find_package):
[1.539s]   By not providing "Findcatkin.cmake" in CMAKE_MODULE_PATH this project has
[1.539s]   asked CMake to find a package configuration file provided by "catkin", but
[1.540s]   CMake did not find one.
[1.540s] 
[1.540s]   Could not find a package configuration file provided by "catkin" with any
[1.540s]   of the following names:
[1.540s] 
[1.540s]     catkinConfig.cmake
[1.540s]     catkin-config.cmake
[1.540s] 
[1.540s]   Add the installation prefix of "catkin" to CMAKE_PREFIX_PATH or set
[1.540s]   "catkin_DIR" to a directory containing one of the above files.  If "catkin"
[1.541s]   provides a separate development package or SDK, be sure it has been
[1.541s]   installed.
[1.541s] 
[1.541s] [0m
[1.541s] -- Configuring incomplete, errors occurred!
[1.541s] See also "/home/jetson/yahboomcar_ws/build/arm_mediapipe/CMakeFiles/CMakeOutput.log".
