-- The C compiler identification is GNU 11.4.0
-- The CXX compiler identification is GNU 11.4.0
-- Detecting C compiler ABI info
-- Detecting C compiler ABI info - done
-- Check for working C compiler: /usr/bin/cc - skipped
-- Detecting C compile features
-- Detecting C compile features - done
-- Detecting CXX compiler ABI info
-- Detecting CXX compiler ABI info - done
-- Check for working CXX compiler: /usr/bin/c++ - skipped
-- Detecting CXX compile features
-- Detecting CXX compile features - done
-- Found ament_cmake: 1.3.11 (/opt/ros/humble/share/ament_cmake/cmake)
-- Found Python3: /usr/bin/python3 (found version "3.10.12") found components: Interpreter 
-- Found rosidl_default_generators: 1.2.0 (/opt/ros/humble/share/rosidl_default_generators/cmake)
-- Using all available rosidl_typesupport_c: rosidl_typesupport_fastrtps_c;rosidl_typesupport_introspection_c
-- Found rosidl_adapter: 3.1.6 (/opt/ros/humble/share/rosidl_adapter/cmake)
-- Using all available rosidl_typesupport_cpp: rosidl_typesupport_fastrtps_cpp;rosidl_typesupport_introspection_cpp
-- Found sensor_msgs: 4.8.0 (/opt/ros/humble/share/sensor_msgs/cmake)
-- Found ament_cmake_ros: 0.10.0 (/opt/ros/humble/share/ament_cmake_ros/cmake)
-- Using all available rosidl_typesupport_c: rosidl_typesupport_fastrtps_c;rosidl_typesupport_introspection_c
-- Using all available rosidl_typesupport_cpp: rosidl_typesupport_fastrtps_cpp;rosidl_typesupport_introspection_cpp
-- Found PythonInterp: /usr/bin/python3 (found suitable version "3.10.12", minimum required is "3.6") 
-- Found python_cmake_module: 0.10.0 (/opt/ros/humble/share/python_cmake_module/cmake)
-- Found PythonLibs: /usr/lib/aarch64-linux-gnu/libpython3.10.so (found suitable version "3.10.12", minimum required is "3.5") 
-- Using PYTHON_EXECUTABLE: /usr/bin/python3
-- Using PYTHON_INCLUDE_DIRS: /usr/include/python3.10
-- Using PYTHON_LIBRARIES: /usr/lib/aarch64-linux-gnu/libpython3.10.so
-- Found PythonExtra: .so  
-- Using numpy include directory: /home/jetson/.local/lib/python3.10/site-packages/numpy/core/include
-- Found ament_lint_auto: 0.12.12 (/opt/ros/humble/share/ament_lint_auto/cmake)
-- Added test 'copyright' to check source files copyright and LICENSE
-- Added test 'lint_cmake' to check CMake code style
-- Added test 'xmllint' to check XML markup files
-- Found ament_cmake: 1.3.11 (/opt/ros/humble/share/ament_cmake/cmake)
-- Found rclcpp: 16.0.12 (/opt/ros/humble/share/rclcpp/cmake)
-- Found rosidl_generator_c: 3.1.6 (/opt/ros/humble/share/rosidl_generator_c/cmake)
-- Found rosidl_adapter: 3.1.6 (/opt/ros/humble/share/rosidl_adapter/cmake)
-- Found rosidl_generator_cpp: 3.1.6 (/opt/ros/humble/share/rosidl_generator_cpp/cmake)
-- Using all available rosidl_typesupport_c: rosidl_typesupport_fastrtps_c;rosidl_typesupport_introspection_c
-- Using all available rosidl_typesupport_cpp: rosidl_typesupport_fastrtps_cpp;rosidl_typesupport_introspection_cpp
-- Found rmw_implementation_cmake: 6.1.2 (/opt/ros/humble/share/rmw_implementation_cmake/cmake)
-- Found rmw_fastrtps_cpp: 6.2.7 (/opt/ros/humble/share/rmw_fastrtps_cpp/cmake)
-- Found OpenSSL: /usr/lib/aarch64-linux-gnu/libcrypto.so (found version "3.0.2")  
-- Found FastRTPS: /opt/ros/humble/include  
-- Using RMW implementation 'rmw_fastrtps_cpp' as default
-- Looking for pthread.h
-- Looking for pthread.h - found
-- Performing Test CMAKE_HAVE_LIBC_PTHREAD
-- Performing Test CMAKE_HAVE_LIBC_PTHREAD - Success
-- Found Threads: TRUE  
-- Found rclcpp_components: 16.0.12 (/opt/ros/humble/share/rclcpp_components/cmake)
-- Found sensor_msgs: 4.8.0 (/opt/ros/humble/share/sensor_msgs/cmake)
-- Found std_srvs: 4.8.0 (/opt/ros/humble/share/std_srvs/cmake)
-- Found tf2: 0.25.12 (/opt/ros/humble/share/tf2/cmake)
-- Found tf2_ros: 0.25.12 (/opt/ros/humble/share/tf2_ros/cmake)
-- Found tf2_sensor_msgs: 0.25.12 (/opt/ros/humble/share/tf2_sensor_msgs/cmake)
-- Found camera_info_manager: 3.1.11 (/opt/ros/humble/share/camera_info_manager/cmake)
-- Found cv_bridge: 3.2.1 (/opt/ros/humble/share/cv_bridge/cmake)
-- Found CUDA: /usr/local/cuda-12.6 (found suitable exact version "12.6") 
-- Found image_transport: 3.1.11 (/opt/ros/humble/share/image_transport/cmake)
-- Found image_geometry: 3.2.1 (/opt/ros/humble/share/image_geometry/cmake)
-- Found image_publisher: 3.0.8 (/opt/ros/humble/share/image_publisher/cmake)
-- Found Eigen3: TRUE (found version "3.4.0") 
-- Found OpenCV: /usr/local (found version "4.10.0") 
-- Found astra_camera_msgs: 1.0.1 (/home/jetson/yahboomcar_ros2_ws/software/library_ws/install/astra_camera_msgs/share/astra_camera_msgs/cmake)
-- Configuring done
-- Generating done
-- Build files have been written to: /home/jetson/yahboomcar_ws/build/yahboomcar_astra
[  1%] [34m[1mGenerating C code for ROS interfaces[0m
[  1%] [34m[1mGenerating C++ code for ROS interfaces[0m
[  1%] [32mBuilding CXX object CMakeFiles/KCFTracker_node.dir/src/KCF_Tracker_main.cpp.o[0m
[  2%] [32mBuilding CXX object CMakeFiles/KCFTracker_node.dir/src/KCF_Tracker.cpp.o[0m
[  3%] Built target ament_cmake_python_copy_astra_camera_msgs
[  3%] [32mBuilding CXX object CMakeFiles/KCFTracker_node.dir/src/yahboomcar_astra/kcftracker.cpp.o[0m
[  4%] [32mBuilding CXX object CMakeFiles/KCFTracker_node.dir/src/yahboomcar_astra/fhog.cpp.o[0m
[  5%] [32mBuilding CXX object CMakeFiles/KCFTracker_node.dir/src/yahboomcar_astra/PID.cpp.o[0m
[  5%] Built target astra_camera_msgs__cpp
[  6%] [32mBuilding C object astra_camera_msgs/CMakeFiles/astra_camera_msgs__rosidl_generator_c.dir/rosidl_generator_c/astra_camera_msgs/msg/detail/device_info__functions.c.o[0m
[  7%] [32mBuilding C object astra_camera_msgs/CMakeFiles/astra_camera_msgs__rosidl_generator_c.dir/rosidl_generator_c/astra_camera_msgs/msg/detail/extrinsics__functions.c.o[0m
[  8%] [32mBuilding C object astra_camera_msgs/CMakeFiles/astra_camera_msgs__rosidl_generator_c.dir/rosidl_generator_c/astra_camera_msgs/msg/detail/metadata__functions.c.o[0m
[  9%] [32mBuilding C object astra_camera_msgs/CMakeFiles/astra_camera_msgs__rosidl_generator_c.dir/rosidl_generator_c/astra_camera_msgs/srv/detail/get_device_info__functions.c.o[0m
[  9%] [32mBuilding C object astra_camera_msgs/CMakeFiles/astra_camera_msgs__rosidl_generator_c.dir/rosidl_generator_c/astra_camera_msgs/srv/detail/get_camera_info__functions.c.o[0m
[ 10%] [32mBuilding C object astra_camera_msgs/CMakeFiles/astra_camera_msgs__rosidl_generator_c.dir/rosidl_generator_c/astra_camera_msgs/srv/detail/get_camera_params__functions.c.o[0m
[ 11%] [32mBuilding C object astra_camera_msgs/CMakeFiles/astra_camera_msgs__rosidl_generator_c.dir/rosidl_generator_c/astra_camera_msgs/srv/detail/get_int32__functions.c.o[0m
[ 12%] [32mBuilding C object astra_camera_msgs/CMakeFiles/astra_camera_msgs__rosidl_generator_c.dir/rosidl_generator_c/astra_camera_msgs/srv/detail/get_string__functions.c.o[0m
[ 13%] [32mBuilding C object astra_camera_msgs/CMakeFiles/astra_camera_msgs__rosidl_generator_c.dir/rosidl_generator_c/astra_camera_msgs/srv/detail/set_int32__functions.c.o[0m
running egg_info
creating astra_camera_msgs.egg-info
writing astra_camera_msgs.egg-info/PKG-INFO
writing dependency_links to astra_camera_msgs.egg-info/dependency_links.txt
writing top-level names to astra_camera_msgs.egg-info/top_level.txt
writing manifest file 'astra_camera_msgs.egg-info/SOURCES.txt'
[ 14%] [32m[1mLinking C shared library libastra_camera_msgs__rosidl_generator_c.so[0m
[ 14%] Built target astra_camera_msgs__rosidl_generator_c
reading manifest file 'astra_camera_msgs.egg-info/SOURCES.txt'
writing manifest file 'astra_camera_msgs.egg-info/SOURCES.txt'
[ 15%] [34m[1mGenerating C++ introspection for ROS interfaces[0m
[ 16%] [34m[1mGenerating C introspection for ROS interfaces[0m
[ 16%] Built target ament_cmake_python_build_astra_camera_msgs_egg
[ 17%] [34m[1mGenerating C++ type support dispatch for ROS interfaces[0m
[ 18%] [32mBuilding CXX object astra_camera_msgs/CMakeFiles/astra_camera_msgs__rosidl_typesupport_cpp.dir/rosidl_typesupport_cpp/astra_camera_msgs/msg/device_info__type_support.cpp.o[0m
[ 19%] [32mBuilding CXX object astra_camera_msgs/CMakeFiles/astra_camera_msgs__rosidl_typesupport_cpp.dir/rosidl_typesupport_cpp/astra_camera_msgs/msg/extrinsics__type_support.cpp.o[0m
[ 20%] [32mBuilding CXX object astra_camera_msgs/CMakeFiles/astra_camera_msgs__rosidl_typesupport_introspection_cpp.dir/rosidl_typesupport_introspection_cpp/astra_camera_msgs/msg/detail/device_info__type_support.cpp.o[0m
[ 21%] [32mBuilding C object astra_camera_msgs/CMakeFiles/astra_camera_msgs__rosidl_typesupport_introspection_c.dir/rosidl_typesupport_introspection_c/astra_camera_msgs/msg/detail/device_info__type_support.c.o[0m
[ 22%] [32mBuilding CXX object astra_camera_msgs/CMakeFiles/astra_camera_msgs__rosidl_typesupport_introspection_cpp.dir/rosidl_typesupport_introspection_cpp/astra_camera_msgs/msg/detail/extrinsics__type_support.cpp.o[0m
[ 23%] [32mBuilding C object astra_camera_msgs/CMakeFiles/astra_camera_msgs__rosidl_typesupport_introspection_c.dir/rosidl_typesupport_introspection_c/astra_camera_msgs/msg/detail/extrinsics__type_support.c.o[0m
[ 24%] [32mBuilding CXX object astra_camera_msgs/CMakeFiles/astra_camera_msgs__rosidl_typesupport_cpp.dir/rosidl_typesupport_cpp/astra_camera_msgs/msg/metadata__type_support.cpp.o[0m
[ 25%] [32mBuilding C object astra_camera_msgs/CMakeFiles/astra_camera_msgs__rosidl_typesupport_introspection_c.dir/rosidl_typesupport_introspection_c/astra_camera_msgs/msg/detail/metadata__type_support.c.o[0m
[ 26%] [32mBuilding C object astra_camera_msgs/CMakeFiles/astra_camera_msgs__rosidl_typesupport_introspection_c.dir/rosidl_typesupport_introspection_c/astra_camera_msgs/srv/detail/get_device_info__type_support.c.o[0m
[ 26%] [32mBuilding C object astra_camera_msgs/CMakeFiles/astra_camera_msgs__rosidl_typesupport_introspection_c.dir/rosidl_typesupport_introspection_c/astra_camera_msgs/srv/detail/get_camera_info__type_support.c.o[0m
[ 27%] [32mBuilding C object astra_camera_msgs/CMakeFiles/astra_camera_msgs__rosidl_typesupport_introspection_c.dir/rosidl_typesupport_introspection_c/astra_camera_msgs/srv/detail/get_camera_params__type_support.c.o[0m
[ 28%] [32mBuilding CXX object astra_camera_msgs/CMakeFiles/astra_camera_msgs__rosidl_typesupport_cpp.dir/rosidl_typesupport_cpp/astra_camera_msgs/srv/get_device_info__type_support.cpp.o[0m
[ 29%] [32mBuilding C object astra_camera_msgs/CMakeFiles/astra_camera_msgs__rosidl_typesupport_introspection_c.dir/rosidl_typesupport_introspection_c/astra_camera_msgs/srv/detail/get_int32__type_support.c.o[0m
[ 30%] [32mBuilding C object astra_camera_msgs/CMakeFiles/astra_camera_msgs__rosidl_typesupport_introspection_c.dir/rosidl_typesupport_introspection_c/astra_camera_msgs/srv/detail/get_string__type_support.c.o[0m
[ 32%] [32mBuilding C object astra_camera_msgs/CMakeFiles/astra_camera_msgs__rosidl_typesupport_introspection_c.dir/rosidl_typesupport_introspection_c/astra_camera_msgs/srv/detail/set_int32__type_support.c.o[0m
[ 32%] [32mBuilding CXX object astra_camera_msgs/CMakeFiles/astra_camera_msgs__rosidl_typesupport_cpp.dir/rosidl_typesupport_cpp/astra_camera_msgs/srv/get_camera_info__type_support.cpp.o[0m
[ 33%] [32m[1mLinking C shared library libastra_camera_msgs__rosidl_typesupport_introspection_c.so[0m
[ 34%] [32mBuilding CXX object astra_camera_msgs/CMakeFiles/astra_camera_msgs__rosidl_typesupport_introspection_cpp.dir/rosidl_typesupport_introspection_cpp/astra_camera_msgs/msg/detail/metadata__type_support.cpp.o[0m
[ 34%] Built target astra_camera_msgs__rosidl_typesupport_introspection_c
[ 35%] [34m[1mGenerating C type support for eProsima Fast-RTPS[0m
[ 35%] [32mBuilding CXX object astra_camera_msgs/CMakeFiles/astra_camera_msgs__rosidl_typesupport_cpp.dir/rosidl_typesupport_cpp/astra_camera_msgs/srv/get_camera_params__type_support.cpp.o[0m
[ 36%] [34m[1mGenerating C type support dispatch for ROS interfaces[0m
[ 37%] [32mBuilding CXX object astra_camera_msgs/CMakeFiles/astra_camera_msgs__rosidl_typesupport_introspection_cpp.dir/rosidl_typesupport_introspection_cpp/astra_camera_msgs/srv/detail/get_device_info__type_support.cpp.o[0m
[ 38%] [32mBuilding CXX object astra_camera_msgs/CMakeFiles/astra_camera_msgs__rosidl_typesupport_cpp.dir/rosidl_typesupport_cpp/astra_camera_msgs/srv/get_int32__type_support.cpp.o[0m
[ 39%] [32mBuilding CXX object astra_camera_msgs/CMakeFiles/astra_camera_msgs__rosidl_typesupport_cpp.dir/rosidl_typesupport_cpp/astra_camera_msgs/srv/get_string__type_support.cpp.o[0m
[ 40%] [32mBuilding CXX object astra_camera_msgs/CMakeFiles/astra_camera_msgs__rosidl_typesupport_c.dir/rosidl_typesupport_c/astra_camera_msgs/msg/device_info__type_support.cpp.o[0m
[ 41%] [32mBuilding CXX object astra_camera_msgs/CMakeFiles/astra_camera_msgs__rosidl_typesupport_introspection_cpp.dir/rosidl_typesupport_introspection_cpp/astra_camera_msgs/srv/detail/get_camera_info__type_support.cpp.o[0m
[ 42%] [32mBuilding CXX object astra_camera_msgs/CMakeFiles/astra_camera_msgs__rosidl_typesupport_c.dir/rosidl_typesupport_c/astra_camera_msgs/msg/extrinsics__type_support.cpp.o[0m
[ 43%] [32mBuilding CXX object astra_camera_msgs/CMakeFiles/astra_camera_msgs__rosidl_typesupport_fastrtps_c.dir/rosidl_typesupport_fastrtps_c/astra_camera_msgs/msg/detail/device_info__type_support_c.cpp.o[0m
[ 44%] [32mBuilding CXX object astra_camera_msgs/CMakeFiles/astra_camera_msgs__rosidl_typesupport_c.dir/rosidl_typesupport_c/astra_camera_msgs/msg/metadata__type_support.cpp.o[0m
[ 45%] [32mBuilding CXX object astra_camera_msgs/CMakeFiles/astra_camera_msgs__rosidl_typesupport_c.dir/rosidl_typesupport_c/astra_camera_msgs/srv/get_device_info__type_support.cpp.o[0m
[ 45%] [32mBuilding CXX object astra_camera_msgs/CMakeFiles/astra_camera_msgs__rosidl_typesupport_c.dir/rosidl_typesupport_c/astra_camera_msgs/srv/get_camera_info__type_support.cpp.o[0m
[ 46%] [32mBuilding CXX object astra_camera_msgs/CMakeFiles/astra_camera_msgs__rosidl_typesupport_cpp.dir/rosidl_typesupport_cpp/astra_camera_msgs/srv/set_int32__type_support.cpp.o[0m
[ 47%] [32mBuilding CXX object astra_camera_msgs/CMakeFiles/astra_camera_msgs__rosidl_typesupport_c.dir/rosidl_typesupport_c/astra_camera_msgs/srv/get_camera_params__type_support.cpp.o[0m
[ 48%] [32mBuilding CXX object astra_camera_msgs/CMakeFiles/astra_camera_msgs__rosidl_typesupport_c.dir/rosidl_typesupport_c/astra_camera_msgs/srv/get_int32__type_support.cpp.o[0m
[ 49%] [32mBuilding CXX object astra_camera_msgs/CMakeFiles/astra_camera_msgs__rosidl_typesupport_c.dir/rosidl_typesupport_c/astra_camera_msgs/srv/get_string__type_support.cpp.o[0m
[ 50%] [32mBuilding CXX object astra_camera_msgs/CMakeFiles/astra_camera_msgs__rosidl_typesupport_c.dir/rosidl_typesupport_c/astra_camera_msgs/srv/set_int32__type_support.cpp.o[0m
[ 50%] [32mBuilding CXX object astra_camera_msgs/CMakeFiles/astra_camera_msgs__rosidl_typesupport_introspection_cpp.dir/rosidl_typesupport_introspection_cpp/astra_camera_msgs/srv/detail/get_camera_params__type_support.cpp.o[0m
[ 51%] [32m[1mLinking CXX shared library libastra_camera_msgs__rosidl_typesupport_c.so[0m
[ 51%] [32mBuilding CXX object astra_camera_msgs/CMakeFiles/astra_camera_msgs__rosidl_typesupport_fastrtps_c.dir/rosidl_typesupport_fastrtps_c/astra_camera_msgs/msg/detail/extrinsics__type_support_c.cpp.o[0m
[ 51%] Built target astra_camera_msgs__rosidl_typesupport_c
[ 52%] [32m[1mLinking CXX shared library libastra_camera_msgs__rosidl_typesupport_cpp.so[0m
[ 53%] [34m[1mGenerating C++ type support for eProsima Fast-RTPS[0m
[ 53%] Built target astra_camera_msgs__rosidl_typesupport_cpp
[ 54%] [32mBuilding CXX object astra_camera_msgs/CMakeFiles/astra_camera_msgs__rosidl_typesupport_fastrtps_c.dir/rosidl_typesupport_fastrtps_c/astra_camera_msgs/msg/detail/metadata__type_support_c.cpp.o[0m
[ 55%] [32mBuilding CXX object astra_camera_msgs/CMakeFiles/astra_camera_msgs__rosidl_typesupport_fastrtps_c.dir/rosidl_typesupport_fastrtps_c/astra_camera_msgs/srv/detail/get_device_info__type_support_c.cpp.o[0m
[ 56%] [32mBuilding CXX object astra_camera_msgs/CMakeFiles/astra_camera_msgs__rosidl_typesupport_introspection_cpp.dir/rosidl_typesupport_introspection_cpp/astra_camera_msgs/srv/detail/get_int32__type_support.cpp.o[0m
[ 57%] [32mBuilding CXX object astra_camera_msgs/CMakeFiles/astra_camera_msgs__rosidl_typesupport_fastrtps_c.dir/rosidl_typesupport_fastrtps_c/astra_camera_msgs/srv/detail/get_camera_info__type_support_c.cpp.o[0m
[ 58%] [32mBuilding CXX object astra_camera_msgs/CMakeFiles/astra_camera_msgs__rosidl_typesupport_fastrtps_c.dir/rosidl_typesupport_fastrtps_c/astra_camera_msgs/srv/detail/get_camera_params__type_support_c.cpp.o[0m
[ 59%] [32mBuilding CXX object astra_camera_msgs/CMakeFiles/astra_camera_msgs__rosidl_typesupport_introspection_cpp.dir/rosidl_typesupport_introspection_cpp/astra_camera_msgs/srv/detail/get_string__type_support.cpp.o[0m
[ 60%] [32mBuilding CXX object astra_camera_msgs/CMakeFiles/astra_camera_msgs__rosidl_typesupport_fastrtps_c.dir/rosidl_typesupport_fastrtps_c/astra_camera_msgs/srv/detail/get_int32__type_support_c.cpp.o[0m
[ 61%] [32mBuilding CXX object astra_camera_msgs/CMakeFiles/astra_camera_msgs__rosidl_typesupport_introspection_cpp.dir/rosidl_typesupport_introspection_cpp/astra_camera_msgs/srv/detail/set_int32__type_support.cpp.o[0m
[ 62%] [32mBuilding CXX object astra_camera_msgs/CMakeFiles/astra_camera_msgs__rosidl_typesupport_fastrtps_cpp.dir/rosidl_typesupport_fastrtps_cpp/astra_camera_msgs/msg/detail/dds_fastrtps/device_info__type_support.cpp.o[0m
[ 62%] [32mBuilding CXX object astra_camera_msgs/CMakeFiles/astra_camera_msgs__rosidl_typesupport_fastrtps_c.dir/rosidl_typesupport_fastrtps_c/astra_camera_msgs/srv/detail/get_string__type_support_c.cpp.o[0m
[ 63%] [32mBuilding CXX object astra_camera_msgs/CMakeFiles/astra_camera_msgs__rosidl_typesupport_fastrtps_c.dir/rosidl_typesupport_fastrtps_c/astra_camera_msgs/srv/detail/set_int32__type_support_c.cpp.o[0m
[ 63%] [32mBuilding CXX object astra_camera_msgs/CMakeFiles/astra_camera_msgs__rosidl_typesupport_fastrtps_cpp.dir/rosidl_typesupport_fastrtps_cpp/astra_camera_msgs/msg/detail/dds_fastrtps/extrinsics__type_support.cpp.o[0m
[ 64%] [32m[1mLinking CXX shared library libastra_camera_msgs__rosidl_typesupport_introspection_cpp.so[0m
[ 65%] [32mBuilding CXX object astra_camera_msgs/CMakeFiles/astra_camera_msgs__rosidl_typesupport_fastrtps_cpp.dir/rosidl_typesupport_fastrtps_cpp/astra_camera_msgs/msg/detail/dds_fastrtps/metadata__type_support.cpp.o[0m
[ 66%] [32mBuilding CXX object astra_camera_msgs/CMakeFiles/astra_camera_msgs__rosidl_typesupport_fastrtps_cpp.dir/rosidl_typesupport_fastrtps_cpp/astra_camera_msgs/srv/detail/dds_fastrtps/get_device_info__type_support.cpp.o[0m
[ 66%] Built target astra_camera_msgs__rosidl_typesupport_introspection_cpp
[ 66%] [32mBuilding CXX object CMakeFiles/yahboomcar_astra_driver.dir/src/main.cpp.o[0m
[ 67%] [32m[1mLinking CXX shared library libastra_camera_msgs__rosidl_typesupport_fastrtps_c.so[0m
[ 68%] [32mBuilding CXX object astra_camera_msgs/CMakeFiles/astra_camera_msgs__rosidl_typesupport_fastrtps_cpp.dir/rosidl_typesupport_fastrtps_cpp/astra_camera_msgs/srv/detail/dds_fastrtps/get_camera_info__type_support.cpp.o[0m
[ 68%] Built target astra_camera_msgs__rosidl_typesupport_fastrtps_c
[ 69%] [32mBuilding CXX object astra_camera_msgs/CMakeFiles/astra_camera_msgs__rosidl_typesupport_fastrtps_cpp.dir/rosidl_typesupport_fastrtps_cpp/astra_camera_msgs/srv/detail/dds_fastrtps/get_camera_params__type_support.cpp.o[0m
[ 70%] [32mBuilding CXX object astra_camera_msgs/CMakeFiles/astra_camera_msgs__rosidl_typesupport_fastrtps_cpp.dir/rosidl_typesupport_fastrtps_cpp/astra_camera_msgs/srv/detail/dds_fastrtps/get_int32__type_support.cpp.o[0m
[ 71%] [32mBuilding CXX object astra_camera_msgs/CMakeFiles/astra_camera_msgs__rosidl_typesupport_fastrtps_cpp.dir/rosidl_typesupport_fastrtps_cpp/astra_camera_msgs/srv/detail/dds_fastrtps/get_string__type_support.cpp.o[0m
[ 72%] [32mBuilding CXX object CMakeFiles/yahboomcar_astra_driver.dir/src/ob_camera_info.cpp.o[0m
[ 72%] [32mBuilding CXX object astra_camera_msgs/CMakeFiles/astra_camera_msgs__rosidl_typesupport_fastrtps_cpp.dir/rosidl_typesupport_fastrtps_cpp/astra_camera_msgs/srv/detail/dds_fastrtps/set_int32__type_support.cpp.o[0m
[ 73%] [32mBuilding CXX object CMakeFiles/yahboomcar_astra_driver.dir/src/ob_camera_node.cpp.o[0m
[ 74%] [32mBuilding CXX object CMakeFiles/yahboomcar_astra_driver.dir/src/ob_camera_node_factory.cpp.o[0m
[ 75%] [32m[1mLinking CXX shared library libastra_camera_msgs__rosidl_typesupport_fastrtps_cpp.so[0m
[ 75%] Built target astra_camera_msgs__rosidl_typesupport_fastrtps_cpp
[ 76%] [32mBuilding CXX object CMakeFiles/yahboomcar_astra_driver.dir/src/ob_context.cpp.o[0m
[ 77%] [32mBuilding CXX object CMakeFiles/yahboomcar_astra_driver.dir/src/ob_timer_filter.cpp.o[0m
[ 78%] [32m[1mLinking CXX executable KCFTracker_node[0m
[ 78%] Built target KCFTracker_node
[ 79%] [32mBuilding CXX object CMakeFiles/yahboomcar_astra_driver.dir/src/utils.cpp.o[0m
[ 80%] [32mBuilding CXX object CMakeFiles/yahboomcar_astra_driver.dir/src/uvc_camera_driver.cpp.o[0m
[ 81%] [32mBuilding CXX object CMakeFiles/yahboomcar_astra_driver.dir/src/point_cloud_proc/point_cloud_xyz.cpp.o[0m
[ 82%] [32mBuilding CXX object CMakeFiles/yahboomcar_astra_driver.dir/src/ros_service.cpp.o[0m
[ 82%] [32mBuilding CXX object CMakeFiles/yahboomcar_astra_driver.dir/src/ros_param_backend.cpp.o[0m
[ 84%] [32mBuilding CXX object CMakeFiles/yahboomcar_astra_driver.dir/src/point_cloud_proc/point_cloud_xyzrgb.cpp.o[0m
[ 84%] [32mBuilding CXX object CMakeFiles/yahboomcar_astra_driver.dir/src/dynamic_params.cpp.o[0m
[ 85%] [32m[1mLinking CXX shared library libyahboomcar_astra_driver.so[0m
[ 85%] Built target yahboomcar_astra_driver
[ 86%] [32mBuilding CXX object CMakeFiles/astra_camera_node.dir/src/main.cpp.o[0m
[ 86%] Built target astra_camera_msgs
[ 87%] [34m[1mGenerating Python code for ROS interfaces[0m
[ 87%] Built target astra_camera_msgs__py
[ 88%] [32mBuilding C object astra_camera_msgs/CMakeFiles/astra_camera_msgs__rosidl_generator_py.dir/rosidl_generator_py/astra_camera_msgs/msg/_extrinsics_s.c.o[0m
[ 89%] [32mBuilding C object astra_camera_msgs/CMakeFiles/astra_camera_msgs__rosidl_generator_py.dir/rosidl_generator_py/astra_camera_msgs/msg/_metadata_s.c.o[0m
[ 89%] [32mBuilding C object astra_camera_msgs/CMakeFiles/astra_camera_msgs__rosidl_generator_py.dir/rosidl_generator_py/astra_camera_msgs/msg/_device_info_s.c.o[0m
[ 91%] [32mBuilding C object astra_camera_msgs/CMakeFiles/astra_camera_msgs__rosidl_generator_py.dir/rosidl_generator_py/astra_camera_msgs/srv/_get_device_info_s.c.o[0m
[ 91%] [32mBuilding C object astra_camera_msgs/CMakeFiles/astra_camera_msgs__rosidl_generator_py.dir/rosidl_generator_py/astra_camera_msgs/srv/_get_camera_info_s.c.o[0m
[ 92%] [32mBuilding C object astra_camera_msgs/CMakeFiles/astra_camera_msgs__rosidl_generator_py.dir/rosidl_generator_py/astra_camera_msgs/srv/_get_camera_params_s.c.o[0m
[ 93%] [32mBuilding C object astra_camera_msgs/CMakeFiles/astra_camera_msgs__rosidl_generator_py.dir/rosidl_generator_py/astra_camera_msgs/srv/_get_int32_s.c.o[0m
[ 94%] [32mBuilding C object astra_camera_msgs/CMakeFiles/astra_camera_msgs__rosidl_generator_py.dir/rosidl_generator_py/astra_camera_msgs/srv/_set_int32_s.c.o[0m
[ 94%] [32mBuilding C object astra_camera_msgs/CMakeFiles/astra_camera_msgs__rosidl_generator_py.dir/rosidl_generator_py/astra_camera_msgs/srv/_get_string_s.c.o[0m
[ 95%] [32m[1mLinking C shared library rosidl_generator_py/astra_camera_msgs/libastra_camera_msgs__rosidl_generator_py.so[0m
[ 95%] Built target astra_camera_msgs__rosidl_generator_py
[ 98%] [32mBuilding C object astra_camera_msgs/CMakeFiles/astra_camera_msgs__rosidl_typesupport_introspection_c__pyext.dir/rosidl_generator_py/astra_camera_msgs/_astra_camera_msgs_s.ep.rosidl_typesupport_introspection_c.c.o[0m
[ 98%] [32mBuilding C object astra_camera_msgs/CMakeFiles/astra_camera_msgs__rosidl_typesupport_c__pyext.dir/rosidl_generator_py/astra_camera_msgs/_astra_camera_msgs_s.ep.rosidl_typesupport_c.c.o[0m
[ 98%] [32mBuilding C object astra_camera_msgs/CMakeFiles/astra_camera_msgs__rosidl_typesupport_fastrtps_c__pyext.dir/rosidl_generator_py/astra_camera_msgs/_astra_camera_msgs_s.ep.rosidl_typesupport_fastrtps_c.c.o[0m
[ 98%] [32m[1mLinking C shared library rosidl_generator_py/astra_camera_msgs/astra_camera_msgs_s__rosidl_typesupport_c.cpython-310-aarch64-linux-gnu.so[0m
[ 98%] [32m[1mLinking C shared library rosidl_generator_py/astra_camera_msgs/astra_camera_msgs_s__rosidl_typesupport_introspection_c.cpython-310-aarch64-linux-gnu.so[0m
[ 99%] [32m[1mLinking C shared library rosidl_generator_py/astra_camera_msgs/astra_camera_msgs_s__rosidl_typesupport_fastrtps_c.cpython-310-aarch64-linux-gnu.so[0m
[ 99%] Built target astra_camera_msgs__rosidl_typesupport_c__pyext
[ 99%] Built target astra_camera_msgs__rosidl_typesupport_introspection_c__pyext
[ 99%] Built target astra_camera_msgs__rosidl_typesupport_fastrtps_c__pyext
[100%] [32m[1mLinking CXX executable astra_camera_node[0m
[100%] Built target astra_camera_node
-- Install configuration: ""
-- Installing: /home/jetson/yahboomcar_ws/install/yahboomcar_astra/lib/yahboomcar_astra/libyahboomcar_astra_driver.so
-- Set runtime path of "/home/jetson/yahboomcar_ws/install/yahboomcar_astra/lib/yahboomcar_astra/libyahboomcar_astra_driver.so" to ""
-- Installing: /home/jetson/yahboomcar_ws/install/yahboomcar_astra/lib/yahboomcar_astra/astra_camera_node
-- Set runtime path of "/home/jetson/yahboomcar_ws/install/yahboomcar_astra/lib/yahboomcar_astra/astra_camera_node" to ""
-- Installing: /home/jetson/yahboomcar_ws/install/yahboomcar_astra/lib/yahboomcar_astra/KCFTracker_node
-- Set runtime path of "/home/jetson/yahboomcar_ws/install/yahboomcar_astra/lib/yahboomcar_astra/KCFTracker_node" to ""
-- Installing: /home/jetson/yahboomcar_ws/install/yahboomcar_astra/include
-- Installing: /home/jetson/yahboomcar_ws/install/yahboomcar_astra/include/magic_enum
-- Installing: /home/jetson/yahboomcar_ws/install/yahboomcar_astra/include/magic_enum/magic_enum.hpp
-- Installing: /home/jetson/yahboomcar_ws/install/yahboomcar_astra/include/yahboomcar_astra
-- Installing: /home/jetson/yahboomcar_ws/install/yahboomcar_astra/include/yahboomcar_astra/tracker.h
-- Installing: /home/jetson/yahboomcar_ws/install/yahboomcar_astra/include/yahboomcar_astra/ffttools.h
-- Installing: /home/jetson/yahboomcar_ws/install/yahboomcar_astra/include/yahboomcar_astra/kcftracker.h
-- Installing: /home/jetson/yahboomcar_ws/install/yahboomcar_astra/include/yahboomcar_astra/fhog.h
-- Installing: /home/jetson/yahboomcar_ws/install/yahboomcar_astra/include/yahboomcar_astra/labdata.h
-- Installing: /home/jetson/yahboomcar_ws/install/yahboomcar_astra/include/yahboomcar_astra/PID.h
-- Installing: /home/jetson/yahboomcar_ws/install/yahboomcar_astra/include/yahboomcar_astra/recttools.h
-- Installing: /home/jetson/yahboomcar_ws/install/yahboomcar_astra/include/yahboomcar_astra/CMakeLists.txt
-- Installing: /home/jetson/yahboomcar_ws/install/yahboomcar_astra/include/yahboomcar_astra/KCF_Tracker.h
-- Installing: /home/jetson/yahboomcar_ws/install/yahboomcar_astra/include/openni2
-- Installing: /home/jetson/yahboomcar_ws/install/yahboomcar_astra/include/openni2/OniCAPI.h
-- Installing: /home/jetson/yahboomcar_ws/install/yahboomcar_astra/include/openni2/OpenNI.h
-- Installing: /home/jetson/yahboomcar_ws/install/yahboomcar_astra/include/openni2/Linux-x86
-- Installing: /home/jetson/yahboomcar_ws/install/yahboomcar_astra/include/openni2/Linux-x86/OniPlatformLinux-x86.h
-- Installing: /home/jetson/yahboomcar_ws/install/yahboomcar_astra/include/openni2/Driver
-- Installing: /home/jetson/yahboomcar_ws/install/yahboomcar_astra/include/openni2/Driver/OniDriverAPI.h
-- Installing: /home/jetson/yahboomcar_ws/install/yahboomcar_astra/include/openni2/Driver/OniDriverTypes.h
-- Installing: /home/jetson/yahboomcar_ws/install/yahboomcar_astra/include/openni2/OniCTypes.h
-- Installing: /home/jetson/yahboomcar_ws/install/yahboomcar_astra/include/openni2/Linux-Arm
-- Installing: /home/jetson/yahboomcar_ws/install/yahboomcar_astra/include/openni2/Linux-Arm/OniPlatformLinux-Arm.h
-- Installing: /home/jetson/yahboomcar_ws/install/yahboomcar_astra/include/openni2/OniCEnums.h
-- Installing: /home/jetson/yahboomcar_ws/install/yahboomcar_astra/include/openni2/PrimeSense.h
-- Installing: /home/jetson/yahboomcar_ws/install/yahboomcar_astra/include/openni2/Android-Arm
-- Installing: /home/jetson/yahboomcar_ws/install/yahboomcar_astra/include/openni2/Android-Arm/OniPlatformAndroid-Arm.h
-- Installing: /home/jetson/yahboomcar_ws/install/yahboomcar_astra/include/openni2/PSLink.h
-- Installing: /home/jetson/yahboomcar_ws/install/yahboomcar_astra/include/openni2/SonixCamera.h
-- Installing: /home/jetson/yahboomcar_ws/install/yahboomcar_astra/include/openni2/OniPlatform.h
-- Installing: /home/jetson/yahboomcar_ws/install/yahboomcar_astra/include/openni2/OniEnums.h
-- Installing: /home/jetson/yahboomcar_ws/install/yahboomcar_astra/include/openni2/util.h
-- Installing: /home/jetson/yahboomcar_ws/install/yahboomcar_astra/include/openni2/OniProperties.h
-- Installing: /home/jetson/yahboomcar_ws/install/yahboomcar_astra/include/openni2/OniTest.h
-- Installing: /home/jetson/yahboomcar_ws/install/yahboomcar_astra/include/openni2/OniVersion.h
-- Installing: /home/jetson/yahboomcar_ws/install/yahboomcar_astra/include/openni2/MacOSX
-- Installing: /home/jetson/yahboomcar_ws/install/yahboomcar_astra/include/openni2/MacOSX/OniPlatformMacOSX.h
-- Installing: /home/jetson/yahboomcar_ws/install/yahboomcar_astra/include/openni2/OniCProperties.h
-- Installing: /home/jetson/yahboomcar_ws/install/yahboomcar_astra/include/openni2/KinectProperties.h
-- Installing: /home/jetson/yahboomcar_ws/install/yahboomcar_astra/include/openni2/PS1080.h
-- Installing: /home/jetson/yahboomcar_ws/install/yahboomcar_astra/include/astra_camera
-- Installing: /home/jetson/yahboomcar_ws/install/yahboomcar_astra/include/astra_camera/dynamic_params.h
-- Installing: /home/jetson/yahboomcar_ws/install/yahboomcar_astra/include/astra_camera/constants.h
-- Installing: /home/jetson/yahboomcar_ws/install/yahboomcar_astra/include/astra_camera/utils.h
-- Installing: /home/jetson/yahboomcar_ws/install/yahboomcar_astra/include/astra_camera/json.hpp
-- Installing: /home/jetson/yahboomcar_ws/install/yahboomcar_astra/include/astra_camera/ob_camera_node.h
-- Installing: /home/jetson/yahboomcar_ws/install/yahboomcar_astra/include/astra_camera/uvc_camera_driver.h
-- Installing: /home/jetson/yahboomcar_ws/install/yahboomcar_astra/include/astra_camera/types.h
-- Installing: /home/jetson/yahboomcar_ws/install/yahboomcar_astra/include/astra_camera/ob_context.h
-- Installing: /home/jetson/yahboomcar_ws/install/yahboomcar_astra/include/astra_camera/ob_camera_node_factory.h
-- Installing: /home/jetson/yahboomcar_ws/install/yahboomcar_astra/include/astra_camera/ros_param_backend.h
-- Installing: /home/jetson/yahboomcar_ws/install/yahboomcar_astra/include/astra_camera/ob_timer_filter.h
-- Installing: /home/jetson/yahboomcar_ws/install/yahboomcar_astra/include/astra_camera/point_cloud_proc
-- Installing: /home/jetson/yahboomcar_ws/install/yahboomcar_astra/include/astra_camera/point_cloud_proc/point_cloud_xyzrgb.h
-- Installing: /home/jetson/yahboomcar_ws/install/yahboomcar_astra/include/astra_camera/point_cloud_proc/point_cloud_proc.h
-- Installing: /home/jetson/yahboomcar_ws/install/yahboomcar_astra/include/astra_camera/point_cloud_proc/depth_traits.h
-- Installing: /home/jetson/yahboomcar_ws/install/yahboomcar_astra/include/astra_camera/point_cloud_proc/point_cloud_xyz.h
-- Installing: /home/jetson/yahboomcar_ws/install/yahboomcar_astra/lib/yahboomcar_astra/openni2_redist/arm64
-- Installing: /home/jetson/yahboomcar_ws/install/yahboomcar_astra/lib/yahboomcar_astra/openni2_redist/arm64/install
-- Installing: /home/jetson/yahboomcar_ws/install/yahboomcar_astra/lib/yahboomcar_astra/openni2_redist/arm64/install/setup.zsh
-- Installing: /home/jetson/yahboomcar_ws/install/yahboomcar_astra/lib/yahboomcar_astra/openni2_redist/arm64/install/setup.bash
-- Installing: /home/jetson/yahboomcar_ws/install/yahboomcar_astra/lib/yahboomcar_astra/openni2_redist/arm64/install/_local_setup_util_ps1.py
-- Installing: /home/jetson/yahboomcar_ws/install/yahboomcar_astra/lib/yahboomcar_astra/openni2_redist/arm64/install/_local_setup_util_sh.py
-- Installing: /home/jetson/yahboomcar_ws/install/yahboomcar_astra/lib/yahboomcar_astra/openni2_redist/arm64/install/local_setup.bash
-- Installing: /home/jetson/yahboomcar_ws/install/yahboomcar_astra/lib/yahboomcar_astra/openni2_redist/arm64/install/COLCON_IGNORE
-- Installing: /home/jetson/yahboomcar_ws/install/yahboomcar_astra/lib/yahboomcar_astra/openni2_redist/arm64/install/local_setup.sh
-- Installing: /home/jetson/yahboomcar_ws/install/yahboomcar_astra/lib/yahboomcar_astra/openni2_redist/arm64/install/setup.ps1
-- Installing: /home/jetson/yahboomcar_ws/install/yahboomcar_astra/lib/yahboomcar_astra/openni2_redist/arm64/install/setup.sh
-- Installing: /home/jetson/yahboomcar_ws/install/yahboomcar_astra/lib/yahboomcar_astra/openni2_redist/arm64/install/local_setup.zsh
-- Installing: /home/jetson/yahboomcar_ws/install/yahboomcar_astra/lib/yahboomcar_astra/openni2_redist/arm64/install/local_setup.ps1
-- Installing: /home/jetson/yahboomcar_ws/install/yahboomcar_astra/lib/yahboomcar_astra/openni2_redist/arm64/install/.colcon_install_layout
-- Installing: /home/jetson/yahboomcar_ws/install/yahboomcar_astra/lib/yahboomcar_astra/openni2_redist/arm64/build
-- Installing: /home/jetson/yahboomcar_ws/install/yahboomcar_astra/lib/yahboomcar_astra/openni2_redist/arm64/build/.built_by
-- Installing: /home/jetson/yahboomcar_ws/install/yahboomcar_astra/lib/yahboomcar_astra/openni2_redist/arm64/build/COLCON_IGNORE
-- Installing: /home/jetson/yahboomcar_ws/install/yahboomcar_astra/lib/yahboomcar_astra/openni2_redist/arm64/log
-- Installing: /home/jetson/yahboomcar_ws/install/yahboomcar_astra/lib/yahboomcar_astra/openni2_redist/arm64/log/latest
-- Installing: /home/jetson/yahboomcar_ws/install/yahboomcar_astra/lib/yahboomcar_astra/openni2_redist/arm64/log/build_2025-05-26_16-07-51
-- Installing: /home/jetson/yahboomcar_ws/install/yahboomcar_astra/lib/yahboomcar_astra/openni2_redist/arm64/log/build_2025-05-26_16-07-51/logger_all.log
-- Installing: /home/jetson/yahboomcar_ws/install/yahboomcar_astra/lib/yahboomcar_astra/openni2_redist/arm64/log/build_2025-05-26_16-07-51/events.log
-- Installing: /home/jetson/yahboomcar_ws/install/yahboomcar_astra/lib/yahboomcar_astra/openni2_redist/arm64/log/latest_build
-- Installing: /home/jetson/yahboomcar_ws/install/yahboomcar_astra/lib/yahboomcar_astra/openni2_redist/arm64/log/COLCON_IGNORE
-- Installing: /home/jetson/yahboomcar_ws/install/yahboomcar_astra/lib/yahboomcar_astra/openni2_redist/arm64/libOpenNI2.so
-- Installing: /home/jetson/yahboomcar_ws/install/yahboomcar_astra/lib/yahboomcar_astra/openni2_redist/arm64/OpenNI.ini
-- Installing: /home/jetson/yahboomcar_ws/install/yahboomcar_astra/lib/yahboomcar_astra/openni2_redist/arm64/OpenNI2
-- Installing: /home/jetson/yahboomcar_ws/install/yahboomcar_astra/lib/yahboomcar_astra/openni2_redist/arm64/OpenNI2/Drivers
-- Installing: /home/jetson/yahboomcar_ws/install/yahboomcar_astra/lib/yahboomcar_astra/openni2_redist/arm64/OpenNI2/Drivers/orbbec.ini
-- Installing: /home/jetson/yahboomcar_ws/install/yahboomcar_astra/lib/yahboomcar_astra/openni2_redist/arm64/OpenNI2/Drivers/OniFile.ini
-- Installing: /home/jetson/yahboomcar_ws/install/yahboomcar_astra/lib/yahboomcar_astra/openni2_redist/arm64/OpenNI2/Drivers/libOniFile.so
-- Installing: /home/jetson/yahboomcar_ws/install/yahboomcar_astra/lib/yahboomcar_astra/openni2_redist/arm64/OpenNI2/Drivers/liborbbec.so
-- Installing: /home/jetson/yahboomcar_ws/install/yahboomcar_astra/share/yahboomcar_astra/launch
-- Installing: /home/jetson/yahboomcar_ws/install/yahboomcar_astra/share/yahboomcar_astra/launch/colorTracker.launch.py
-- Installing: /home/jetson/yahboomcar_ws/install/yahboomcar_astra/share/yahboomcar_astra/launch/colorHSV.launch.py
-- Installing: /home/jetson/yahboomcar_ws/install/yahboomcar_astra/share/yahboomcar_astra/launch/astra.launch.py
-- Installing: /home/jetson/yahboomcar_ws/install/yahboomcar_astra/share/yahboomcar_astra/launch/KCFTracker.launch.py
-- Installing: /home/jetson/yahboomcar_ws/install/yahboomcar_astra/share/yahboomcar_astra/launch/.ipynb_checkpoints
-- Installing: /home/jetson/yahboomcar_ws/install/yahboomcar_astra/share/yahboomcar_astra/launch/.ipynb_checkpoints/colorHSV-checkpoint.launch
-- Installing: /home/jetson/yahboomcar_ws/install/yahboomcar_astra/share/yahboomcar_astra/launch/.ipynb_checkpoints/colorTracker-checkpoint.launch
-- Installing: /home/jetson/yahboomcar_ws/install/yahboomcar_astra/share/ament_index/resource_index/package_run_dependencies/yahboomcar_astra
-- Installing: /home/jetson/yahboomcar_ws/install/yahboomcar_astra/share/ament_index/resource_index/parent_prefix_path/yahboomcar_astra
-- Installing: /home/jetson/yahboomcar_ws/install/yahboomcar_astra/share/yahboomcar_astra/environment/ament_prefix_path.sh
-- Installing: /home/jetson/yahboomcar_ws/install/yahboomcar_astra/share/yahboomcar_astra/environment/ament_prefix_path.dsv
-- Installing: /home/jetson/yahboomcar_ws/install/yahboomcar_astra/share/yahboomcar_astra/environment/path.sh
-- Installing: /home/jetson/yahboomcar_ws/install/yahboomcar_astra/share/yahboomcar_astra/environment/path.dsv
-- Installing: /home/jetson/yahboomcar_ws/install/yahboomcar_astra/share/yahboomcar_astra/local_setup.bash
-- Installing: /home/jetson/yahboomcar_ws/install/yahboomcar_astra/share/yahboomcar_astra/local_setup.sh
-- Installing: /home/jetson/yahboomcar_ws/install/yahboomcar_astra/share/yahboomcar_astra/local_setup.zsh
-- Installing: /home/jetson/yahboomcar_ws/install/yahboomcar_astra/share/yahboomcar_astra/local_setup.dsv
-- Installing: /home/jetson/yahboomcar_ws/install/yahboomcar_astra/share/yahboomcar_astra/package.dsv
-- Installing: /home/jetson/yahboomcar_ws/install/yahboomcar_astra/share/ament_index/resource_index/packages/yahboomcar_astra
-- Installing: /home/jetson/yahboomcar_ws/install/yahboomcar_astra/share/yahboomcar_astra/cmake/yahboomcar_astraConfig.cmake
-- Installing: /home/jetson/yahboomcar_ws/install/yahboomcar_astra/share/yahboomcar_astra/cmake/yahboomcar_astraConfig-version.cmake
-- Installing: /home/jetson/yahboomcar_ws/install/yahboomcar_astra/share/yahboomcar_astra/package.xml
-- Installing: /home/jetson/yahboomcar_ws/install/yahboomcar_astra/share/ament_index/resource_index/rosidl_interfaces/astra_camera_msgs
-- Installing: /home/jetson/yahboomcar_ws/install/yahboomcar_astra/include/astra_camera_msgs/astra_camera_msgs
-- Installing: /home/jetson/yahboomcar_ws/install/yahboomcar_astra/include/astra_camera_msgs/astra_camera_msgs/msg
-- Installing: /home/jetson/yahboomcar_ws/install/yahboomcar_astra/include/astra_camera_msgs/astra_camera_msgs/msg/metadata.h
-- Installing: /home/jetson/yahboomcar_ws/install/yahboomcar_astra/include/astra_camera_msgs/astra_camera_msgs/msg/extrinsics.h
-- Installing: /home/jetson/yahboomcar_ws/install/yahboomcar_astra/include/astra_camera_msgs/astra_camera_msgs/msg/detail
-- Installing: /home/jetson/yahboomcar_ws/install/yahboomcar_astra/include/astra_camera_msgs/astra_camera_msgs/msg/detail/metadata__type_support.h
-- Installing: /home/jetson/yahboomcar_ws/install/yahboomcar_astra/include/astra_camera_msgs/astra_camera_msgs/msg/detail/device_info__struct.h
-- Installing: /home/jetson/yahboomcar_ws/install/yahboomcar_astra/include/astra_camera_msgs/astra_camera_msgs/msg/detail/metadata__functions.c
-- Installing: /home/jetson/yahboomcar_ws/install/yahboomcar_astra/include/astra_camera_msgs/astra_camera_msgs/msg/detail/extrinsics__struct.h
-- Installing: /home/jetson/yahboomcar_ws/install/yahboomcar_astra/include/astra_camera_msgs/astra_camera_msgs/msg/detail/device_info__functions.c
-- Installing: /home/jetson/yahboomcar_ws/install/yahboomcar_astra/include/astra_camera_msgs/astra_camera_msgs/msg/detail/extrinsics__functions.h
-- Installing: /home/jetson/yahboomcar_ws/install/yahboomcar_astra/include/astra_camera_msgs/astra_camera_msgs/msg/detail/metadata__functions.h
-- Installing: /home/jetson/yahboomcar_ws/install/yahboomcar_astra/include/astra_camera_msgs/astra_camera_msgs/msg/detail/device_info__type_support.h
-- Installing: /home/jetson/yahboomcar_ws/install/yahboomcar_astra/include/astra_camera_msgs/astra_camera_msgs/msg/detail/device_info__functions.h
-- Installing: /home/jetson/yahboomcar_ws/install/yahboomcar_astra/include/astra_camera_msgs/astra_camera_msgs/msg/detail/extrinsics__functions.c
-- Installing: /home/jetson/yahboomcar_ws/install/yahboomcar_astra/include/astra_camera_msgs/astra_camera_msgs/msg/detail/metadata__struct.h
-- Installing: /home/jetson/yahboomcar_ws/install/yahboomcar_astra/include/astra_camera_msgs/astra_camera_msgs/msg/detail/extrinsics__type_support.h
-- Installing: /home/jetson/yahboomcar_ws/install/yahboomcar_astra/include/astra_camera_msgs/astra_camera_msgs/msg/rosidl_generator_c__visibility_control.h
-- Installing: /home/jetson/yahboomcar_ws/install/yahboomcar_astra/include/astra_camera_msgs/astra_camera_msgs/msg/device_info.h
-- Installing: /home/jetson/yahboomcar_ws/install/yahboomcar_astra/include/astra_camera_msgs/astra_camera_msgs/srv
-- Installing: /home/jetson/yahboomcar_ws/install/yahboomcar_astra/include/astra_camera_msgs/astra_camera_msgs/srv/get_string.h
-- Installing: /home/jetson/yahboomcar_ws/install/yahboomcar_astra/include/astra_camera_msgs/astra_camera_msgs/srv/get_camera_params.h
-- Installing: /home/jetson/yahboomcar_ws/install/yahboomcar_astra/include/astra_camera_msgs/astra_camera_msgs/srv/get_device_info.h
-- Installing: /home/jetson/yahboomcar_ws/install/yahboomcar_astra/include/astra_camera_msgs/astra_camera_msgs/srv/get_camera_info.h
-- Installing: /home/jetson/yahboomcar_ws/install/yahboomcar_astra/include/astra_camera_msgs/astra_camera_msgs/srv/detail
-- Installing: /home/jetson/yahboomcar_ws/install/yahboomcar_astra/include/astra_camera_msgs/astra_camera_msgs/srv/detail/get_camera_info__functions.c
-- Installing: /home/jetson/yahboomcar_ws/install/yahboomcar_astra/include/astra_camera_msgs/astra_camera_msgs/srv/detail/get_camera_params__struct.h
-- Installing: /home/jetson/yahboomcar_ws/install/yahboomcar_astra/include/astra_camera_msgs/astra_camera_msgs/srv/detail/set_int32__type_support.h
-- Installing: /home/jetson/yahboomcar_ws/install/yahboomcar_astra/include/astra_camera_msgs/astra_camera_msgs/srv/detail/get_int32__functions.h
-- Installing: /home/jetson/yahboomcar_ws/install/yahboomcar_astra/include/astra_camera_msgs/astra_camera_msgs/srv/detail/get_device_info__struct.h
-- Installing: /home/jetson/yahboomcar_ws/install/yahboomcar_astra/include/astra_camera_msgs/astra_camera_msgs/srv/detail/get_device_info__type_support.h
-- Installing: /home/jetson/yahboomcar_ws/install/yahboomcar_astra/include/astra_camera_msgs/astra_camera_msgs/srv/detail/set_int32__functions.c
-- Installing: /home/jetson/yahboomcar_ws/install/yahboomcar_astra/include/astra_camera_msgs/astra_camera_msgs/srv/detail/get_camera_params__functions.c
-- Installing: /home/jetson/yahboomcar_ws/install/yahboomcar_astra/include/astra_camera_msgs/astra_camera_msgs/srv/detail/get_device_info__functions.c
-- Installing: /home/jetson/yahboomcar_ws/install/yahboomcar_astra/include/astra_camera_msgs/astra_camera_msgs/srv/detail/get_camera_params__type_support.h
-- Installing: /home/jetson/yahboomcar_ws/install/yahboomcar_astra/include/astra_camera_msgs/astra_camera_msgs/srv/detail/get_int32__struct.h
-- Installing: /home/jetson/yahboomcar_ws/install/yahboomcar_astra/include/astra_camera_msgs/astra_camera_msgs/srv/detail/set_int32__struct.h
-- Installing: /home/jetson/yahboomcar_ws/install/yahboomcar_astra/include/astra_camera_msgs/astra_camera_msgs/srv/detail/get_camera_params__functions.h
-- Installing: /home/jetson/yahboomcar_ws/install/yahboomcar_astra/include/astra_camera_msgs/astra_camera_msgs/srv/detail/set_int32__functions.h
-- Installing: /home/jetson/yahboomcar_ws/install/yahboomcar_astra/include/astra_camera_msgs/astra_camera_msgs/srv/detail/get_device_info__functions.h
-- Installing: /home/jetson/yahboomcar_ws/install/yahboomcar_astra/include/astra_camera_msgs/astra_camera_msgs/srv/detail/get_string__struct.h
-- Installing: /home/jetson/yahboomcar_ws/install/yahboomcar_astra/include/astra_camera_msgs/astra_camera_msgs/srv/detail/get_string__type_support.h
-- Installing: /home/jetson/yahboomcar_ws/install/yahboomcar_astra/include/astra_camera_msgs/astra_camera_msgs/srv/detail/get_string__functions.c
-- Installing: /home/jetson/yahboomcar_ws/install/yahboomcar_astra/include/astra_camera_msgs/astra_camera_msgs/srv/detail/get_int32__type_support.h
-- Installing: /home/jetson/yahboomcar_ws/install/yahboomcar_astra/include/astra_camera_msgs/astra_camera_msgs/srv/detail/get_int32__functions.c
-- Installing: /home/jetson/yahboomcar_ws/install/yahboomcar_astra/include/astra_camera_msgs/astra_camera_msgs/srv/detail/get_camera_info__struct.h
-- Installing: /home/jetson/yahboomcar_ws/install/yahboomcar_astra/include/astra_camera_msgs/astra_camera_msgs/srv/detail/get_string__functions.h
-- Installing: /home/jetson/yahboomcar_ws/install/yahboomcar_astra/include/astra_camera_msgs/astra_camera_msgs/srv/detail/get_camera_info__functions.h
-- Installing: /home/jetson/yahboomcar_ws/install/yahboomcar_astra/include/astra_camera_msgs/astra_camera_msgs/srv/detail/get_camera_info__type_support.h
-- Installing: /home/jetson/yahboomcar_ws/install/yahboomcar_astra/include/astra_camera_msgs/astra_camera_msgs/srv/get_int32.h
-- Installing: /home/jetson/yahboomcar_ws/install/yahboomcar_astra/include/astra_camera_msgs/astra_camera_msgs/srv/set_int32.h
-- Installing: /home/jetson/yahboomcar_ws/install/yahboomcar_astra/share/astra_camera_msgs/environment/library_path.sh
-- Installing: /home/jetson/yahboomcar_ws/install/yahboomcar_astra/share/astra_camera_msgs/environment/library_path.dsv
-- Installing: /home/jetson/yahboomcar_ws/install/yahboomcar_astra/lib/libastra_camera_msgs__rosidl_generator_c.so
-- Set runtime path of "/home/jetson/yahboomcar_ws/install/yahboomcar_astra/lib/libastra_camera_msgs__rosidl_generator_c.so" to ""
-- Up-to-date: /home/jetson/yahboomcar_ws/install/yahboomcar_astra/include/astra_camera_msgs/astra_camera_msgs
-- Up-to-date: /home/jetson/yahboomcar_ws/install/yahboomcar_astra/include/astra_camera_msgs/astra_camera_msgs/msg
-- Up-to-date: /home/jetson/yahboomcar_ws/install/yahboomcar_astra/include/astra_camera_msgs/astra_camera_msgs/msg/detail
-- Installing: /home/jetson/yahboomcar_ws/install/yahboomcar_astra/include/astra_camera_msgs/astra_camera_msgs/msg/detail/metadata__rosidl_typesupport_fastrtps_c.h
-- Installing: /home/jetson/yahboomcar_ws/install/yahboomcar_astra/include/astra_camera_msgs/astra_camera_msgs/msg/detail/extrinsics__rosidl_typesupport_fastrtps_c.h
-- Installing: /home/jetson/yahboomcar_ws/install/yahboomcar_astra/include/astra_camera_msgs/astra_camera_msgs/msg/detail/device_info__rosidl_typesupport_fastrtps_c.h
-- Installing: /home/jetson/yahboomcar_ws/install/yahboomcar_astra/include/astra_camera_msgs/astra_camera_msgs/msg/rosidl_typesupport_fastrtps_c__visibility_control.h
-- Up-to-date: /home/jetson/yahboomcar_ws/install/yahboomcar_astra/include/astra_camera_msgs/astra_camera_msgs/srv
-- Up-to-date: /home/jetson/yahboomcar_ws/install/yahboomcar_astra/include/astra_camera_msgs/astra_camera_msgs/srv/detail
-- Installing: /home/jetson/yahboomcar_ws/install/yahboomcar_astra/include/astra_camera_msgs/astra_camera_msgs/srv/detail/get_string__rosidl_typesupport_fastrtps_c.h
-- Installing: /home/jetson/yahboomcar_ws/install/yahboomcar_astra/include/astra_camera_msgs/astra_camera_msgs/srv/detail/set_int32__rosidl_typesupport_fastrtps_c.h
-- Installing: /home/jetson/yahboomcar_ws/install/yahboomcar_astra/include/astra_camera_msgs/astra_camera_msgs/srv/detail/get_camera_info__rosidl_typesupport_fastrtps_c.h
-- Installing: /home/jetson/yahboomcar_ws/install/yahboomcar_astra/include/astra_camera_msgs/astra_camera_msgs/srv/detail/get_int32__rosidl_typesupport_fastrtps_c.h
-- Installing: /home/jetson/yahboomcar_ws/install/yahboomcar_astra/include/astra_camera_msgs/astra_camera_msgs/srv/detail/get_device_info__rosidl_typesupport_fastrtps_c.h
-- Installing: /home/jetson/yahboomcar_ws/install/yahboomcar_astra/include/astra_camera_msgs/astra_camera_msgs/srv/detail/get_camera_params__rosidl_typesupport_fastrtps_c.h
-- Installing: /home/jetson/yahboomcar_ws/install/yahboomcar_astra/lib/libastra_camera_msgs__rosidl_typesupport_fastrtps_c.so
-- Set runtime path of "/home/jetson/yahboomcar_ws/install/yahboomcar_astra/lib/libastra_camera_msgs__rosidl_typesupport_fastrtps_c.so" to ""
-- Up-to-date: /home/jetson/yahboomcar_ws/install/yahboomcar_astra/include/astra_camera_msgs/astra_camera_msgs
-- Up-to-date: /home/jetson/yahboomcar_ws/install/yahboomcar_astra/include/astra_camera_msgs/astra_camera_msgs/msg
-- Installing: /home/jetson/yahboomcar_ws/install/yahboomcar_astra/include/astra_camera_msgs/astra_camera_msgs/msg/rosidl_typesupport_introspection_c__visibility_control.h
-- Up-to-date: /home/jetson/yahboomcar_ws/install/yahboomcar_astra/include/astra_camera_msgs/astra_camera_msgs/msg/detail
-- Installing: /home/jetson/yahboomcar_ws/install/yahboomcar_astra/include/astra_camera_msgs/astra_camera_msgs/msg/detail/extrinsics__rosidl_typesupport_introspection_c.h
-- Installing: /home/jetson/yahboomcar_ws/install/yahboomcar_astra/include/astra_camera_msgs/astra_camera_msgs/msg/detail/metadata__rosidl_typesupport_introspection_c.h
-- Installing: /home/jetson/yahboomcar_ws/install/yahboomcar_astra/include/astra_camera_msgs/astra_camera_msgs/msg/detail/metadata__type_support.c
-- Installing: /home/jetson/yahboomcar_ws/install/yahboomcar_astra/include/astra_camera_msgs/astra_camera_msgs/msg/detail/extrinsics__type_support.c
-- Installing: /home/jetson/yahboomcar_ws/install/yahboomcar_astra/include/astra_camera_msgs/astra_camera_msgs/msg/detail/device_info__type_support.c
-- Installing: /home/jetson/yahboomcar_ws/install/yahboomcar_astra/include/astra_camera_msgs/astra_camera_msgs/msg/detail/device_info__rosidl_typesupport_introspection_c.h
-- Up-to-date: /home/jetson/yahboomcar_ws/install/yahboomcar_astra/include/astra_camera_msgs/astra_camera_msgs/srv
-- Up-to-date: /home/jetson/yahboomcar_ws/install/yahboomcar_astra/include/astra_camera_msgs/astra_camera_msgs/srv/detail
-- Installing: /home/jetson/yahboomcar_ws/install/yahboomcar_astra/include/astra_camera_msgs/astra_camera_msgs/srv/detail/get_camera_info__type_support.c
-- Installing: /home/jetson/yahboomcar_ws/install/yahboomcar_astra/include/astra_camera_msgs/astra_camera_msgs/srv/detail/get_camera_params__type_support.c
-- Installing: /home/jetson/yahboomcar_ws/install/yahboomcar_astra/include/astra_camera_msgs/astra_camera_msgs/srv/detail/get_int32__rosidl_typesupport_introspection_c.h
-- Installing: /home/jetson/yahboomcar_ws/install/yahboomcar_astra/include/astra_camera_msgs/astra_camera_msgs/srv/detail/get_string__rosidl_typesupport_introspection_c.h
-- Installing: /home/jetson/yahboomcar_ws/install/yahboomcar_astra/include/astra_camera_msgs/astra_camera_msgs/srv/detail/get_device_info__rosidl_typesupport_introspection_c.h
-- Installing: /home/jetson/yahboomcar_ws/install/yahboomcar_astra/include/astra_camera_msgs/astra_camera_msgs/srv/detail/get_string__type_support.c
-- Installing: /home/jetson/yahboomcar_ws/install/yahboomcar_astra/include/astra_camera_msgs/astra_camera_msgs/srv/detail/get_int32__type_support.c
-- Installing: /home/jetson/yahboomcar_ws/install/yahboomcar_astra/include/astra_camera_msgs/astra_camera_msgs/srv/detail/get_device_info__type_support.c
-- Installing: /home/jetson/yahboomcar_ws/install/yahboomcar_astra/include/astra_camera_msgs/astra_camera_msgs/srv/detail/set_int32__type_support.c
-- Installing: /home/jetson/yahboomcar_ws/install/yahboomcar_astra/include/astra_camera_msgs/astra_camera_msgs/srv/detail/set_int32__rosidl_typesupport_introspection_c.h
-- Installing: /home/jetson/yahboomcar_ws/install/yahboomcar_astra/include/astra_camera_msgs/astra_camera_msgs/srv/detail/get_camera_params__rosidl_typesupport_introspection_c.h
-- Installing: /home/jetson/yahboomcar_ws/install/yahboomcar_astra/include/astra_camera_msgs/astra_camera_msgs/srv/detail/get_camera_info__rosidl_typesupport_introspection_c.h
-- Installing: /home/jetson/yahboomcar_ws/install/yahboomcar_astra/lib/libastra_camera_msgs__rosidl_typesupport_introspection_c.so
-- Set runtime path of "/home/jetson/yahboomcar_ws/install/yahboomcar_astra/lib/libastra_camera_msgs__rosidl_typesupport_introspection_c.so" to ""
-- Installing: /home/jetson/yahboomcar_ws/install/yahboomcar_astra/lib/libastra_camera_msgs__rosidl_typesupport_c.so
-- Set runtime path of "/home/jetson/yahboomcar_ws/install/yahboomcar_astra/lib/libastra_camera_msgs__rosidl_typesupport_c.so" to ""
-- Up-to-date: /home/jetson/yahboomcar_ws/install/yahboomcar_astra/include/astra_camera_msgs/astra_camera_msgs
-- Up-to-date: /home/jetson/yahboomcar_ws/install/yahboomcar_astra/include/astra_camera_msgs/astra_camera_msgs/msg
-- Installing: /home/jetson/yahboomcar_ws/install/yahboomcar_astra/include/astra_camera_msgs/astra_camera_msgs/msg/extrinsics.hpp
-- Up-to-date: /home/jetson/yahboomcar_ws/install/yahboomcar_astra/include/astra_camera_msgs/astra_camera_msgs/msg/detail
-- Installing: /home/jetson/yahboomcar_ws/install/yahboomcar_astra/include/astra_camera_msgs/astra_camera_msgs/msg/detail/extrinsics__struct.hpp
-- Installing: /home/jetson/yahboomcar_ws/install/yahboomcar_astra/include/astra_camera_msgs/astra_camera_msgs/msg/detail/device_info__builder.hpp
-- Installing: /home/jetson/yahboomcar_ws/install/yahboomcar_astra/include/astra_camera_msgs/astra_camera_msgs/msg/detail/device_info__struct.hpp
-- Installing: /home/jetson/yahboomcar_ws/install/yahboomcar_astra/include/astra_camera_msgs/astra_camera_msgs/msg/detail/extrinsics__traits.hpp
-- Installing: /home/jetson/yahboomcar_ws/install/yahboomcar_astra/include/astra_camera_msgs/astra_camera_msgs/msg/detail/extrinsics__builder.hpp
-- Installing: /home/jetson/yahboomcar_ws/install/yahboomcar_astra/include/astra_camera_msgs/astra_camera_msgs/msg/detail/device_info__type_support.hpp
-- Installing: /home/jetson/yahboomcar_ws/install/yahboomcar_astra/include/astra_camera_msgs/astra_camera_msgs/msg/detail/metadata__type_support.hpp
-- Installing: /home/jetson/yahboomcar_ws/install/yahboomcar_astra/include/astra_camera_msgs/astra_camera_msgs/msg/detail/metadata__builder.hpp
-- Installing: /home/jetson/yahboomcar_ws/install/yahboomcar_astra/include/astra_camera_msgs/astra_camera_msgs/msg/detail/metadata__traits.hpp
-- Installing: /home/jetson/yahboomcar_ws/install/yahboomcar_astra/include/astra_camera_msgs/astra_camera_msgs/msg/detail/metadata__struct.hpp
-- Installing: /home/jetson/yahboomcar_ws/install/yahboomcar_astra/include/astra_camera_msgs/astra_camera_msgs/msg/detail/device_info__traits.hpp
-- Installing: /home/jetson/yahboomcar_ws/install/yahboomcar_astra/include/astra_camera_msgs/astra_camera_msgs/msg/detail/extrinsics__type_support.hpp
-- Installing: /home/jetson/yahboomcar_ws/install/yahboomcar_astra/include/astra_camera_msgs/astra_camera_msgs/msg/metadata.hpp
-- Installing: /home/jetson/yahboomcar_ws/install/yahboomcar_astra/include/astra_camera_msgs/astra_camera_msgs/msg/device_info.hpp
-- Installing: /home/jetson/yahboomcar_ws/install/yahboomcar_astra/include/astra_camera_msgs/astra_camera_msgs/msg/rosidl_generator_cpp__visibility_control.hpp
-- Up-to-date: /home/jetson/yahboomcar_ws/install/yahboomcar_astra/include/astra_camera_msgs/astra_camera_msgs/srv
-- Installing: /home/jetson/yahboomcar_ws/install/yahboomcar_astra/include/astra_camera_msgs/astra_camera_msgs/srv/get_int32.hpp
-- Installing: /home/jetson/yahboomcar_ws/install/yahboomcar_astra/include/astra_camera_msgs/astra_camera_msgs/srv/set_int32.hpp
-- Installing: /home/jetson/yahboomcar_ws/install/yahboomcar_astra/include/astra_camera_msgs/astra_camera_msgs/srv/get_camera_params.hpp
-- Up-to-date: /home/jetson/yahboomcar_ws/install/yahboomcar_astra/include/astra_camera_msgs/astra_camera_msgs/srv/detail
-- Installing: /home/jetson/yahboomcar_ws/install/yahboomcar_astra/include/astra_camera_msgs/astra_camera_msgs/srv/detail/get_camera_params__type_support.hpp
-- Installing: /home/jetson/yahboomcar_ws/install/yahboomcar_astra/include/astra_camera_msgs/astra_camera_msgs/srv/detail/get_int32__struct.hpp
-- Installing: /home/jetson/yahboomcar_ws/install/yahboomcar_astra/include/astra_camera_msgs/astra_camera_msgs/srv/detail/get_camera_info__struct.hpp
-- Installing: /home/jetson/yahboomcar_ws/install/yahboomcar_astra/include/astra_camera_msgs/astra_camera_msgs/srv/detail/get_string__struct.hpp
-- Installing: /home/jetson/yahboomcar_ws/install/yahboomcar_astra/include/astra_camera_msgs/astra_camera_msgs/srv/detail/get_device_info__struct.hpp
-- Installing: /home/jetson/yahboomcar_ws/install/yahboomcar_astra/include/astra_camera_msgs/astra_camera_msgs/srv/detail/get_camera_info__builder.hpp
-- Installing: /home/jetson/yahboomcar_ws/install/yahboomcar_astra/include/astra_camera_msgs/astra_camera_msgs/srv/detail/get_int32__traits.hpp
-- Installing: /home/jetson/yahboomcar_ws/install/yahboomcar_astra/include/astra_camera_msgs/astra_camera_msgs/srv/detail/get_string__type_support.hpp
-- Installing: /home/jetson/yahboomcar_ws/install/yahboomcar_astra/include/astra_camera_msgs/astra_camera_msgs/srv/detail/get_string__traits.hpp
-- Installing: /home/jetson/yahboomcar_ws/install/yahboomcar_astra/include/astra_camera_msgs/astra_camera_msgs/srv/detail/set_int32__struct.hpp
-- Installing: /home/jetson/yahboomcar_ws/install/yahboomcar_astra/include/astra_camera_msgs/astra_camera_msgs/srv/detail/get_device_info__type_support.hpp
-- Installing: /home/jetson/yahboomcar_ws/install/yahboomcar_astra/include/astra_camera_msgs/astra_camera_msgs/srv/detail/get_device_info__traits.hpp
-- Installing: /home/jetson/yahboomcar_ws/install/yahboomcar_astra/include/astra_camera_msgs/astra_camera_msgs/srv/detail/get_int32__type_support.hpp
-- Installing: /home/jetson/yahboomcar_ws/install/yahboomcar_astra/include/astra_camera_msgs/astra_camera_msgs/srv/detail/get_camera_info__traits.hpp
-- Installing: /home/jetson/yahboomcar_ws/install/yahboomcar_astra/include/astra_camera_msgs/astra_camera_msgs/srv/detail/set_int32__builder.hpp
-- Installing: /home/jetson/yahboomcar_ws/install/yahboomcar_astra/include/astra_camera_msgs/astra_camera_msgs/srv/detail/get_camera_params__builder.hpp
-- Installing: /home/jetson/yahboomcar_ws/install/yahboomcar_astra/include/astra_camera_msgs/astra_camera_msgs/srv/detail/set_int32__traits.hpp
-- Installing: /home/jetson/yahboomcar_ws/install/yahboomcar_astra/include/astra_camera_msgs/astra_camera_msgs/srv/detail/get_int32__builder.hpp
-- Installing: /home/jetson/yahboomcar_ws/install/yahboomcar_astra/include/astra_camera_msgs/astra_camera_msgs/srv/detail/get_camera_info__type_support.hpp
-- Installing: /home/jetson/yahboomcar_ws/install/yahboomcar_astra/include/astra_camera_msgs/astra_camera_msgs/srv/detail/get_camera_params__struct.hpp
-- Installing: /home/jetson/yahboomcar_ws/install/yahboomcar_astra/include/astra_camera_msgs/astra_camera_msgs/srv/detail/set_int32__type_support.hpp
-- Installing: /home/jetson/yahboomcar_ws/install/yahboomcar_astra/include/astra_camera_msgs/astra_camera_msgs/srv/detail/get_camera_params__traits.hpp
-- Installing: /home/jetson/yahboomcar_ws/install/yahboomcar_astra/include/astra_camera_msgs/astra_camera_msgs/srv/detail/get_device_info__builder.hpp
-- Installing: /home/jetson/yahboomcar_ws/install/yahboomcar_astra/include/astra_camera_msgs/astra_camera_msgs/srv/detail/get_string__builder.hpp
-- Installing: /home/jetson/yahboomcar_ws/install/yahboomcar_astra/include/astra_camera_msgs/astra_camera_msgs/srv/get_string.hpp
-- Installing: /home/jetson/yahboomcar_ws/install/yahboomcar_astra/include/astra_camera_msgs/astra_camera_msgs/srv/get_camera_info.hpp
-- Installing: /home/jetson/yahboomcar_ws/install/yahboomcar_astra/include/astra_camera_msgs/astra_camera_msgs/srv/get_device_info.hpp
-- Up-to-date: /home/jetson/yahboomcar_ws/install/yahboomcar_astra/include/astra_camera_msgs/astra_camera_msgs
-- Up-to-date: /home/jetson/yahboomcar_ws/install/yahboomcar_astra/include/astra_camera_msgs/astra_camera_msgs/msg
-- Up-to-date: /home/jetson/yahboomcar_ws/install/yahboomcar_astra/include/astra_camera_msgs/astra_camera_msgs/msg/detail
-- Installing: /home/jetson/yahboomcar_ws/install/yahboomcar_astra/include/astra_camera_msgs/astra_camera_msgs/msg/detail/metadata__rosidl_typesupport_fastrtps_cpp.hpp
-- Installing: /home/jetson/yahboomcar_ws/install/yahboomcar_astra/include/astra_camera_msgs/astra_camera_msgs/msg/detail/device_info__rosidl_typesupport_fastrtps_cpp.hpp
-- Installing: /home/jetson/yahboomcar_ws/install/yahboomcar_astra/include/astra_camera_msgs/astra_camera_msgs/msg/detail/dds_fastrtps
-- Installing: /home/jetson/yahboomcar_ws/install/yahboomcar_astra/include/astra_camera_msgs/astra_camera_msgs/msg/detail/extrinsics__rosidl_typesupport_fastrtps_cpp.hpp
-- Installing: /home/jetson/yahboomcar_ws/install/yahboomcar_astra/include/astra_camera_msgs/astra_camera_msgs/msg/rosidl_typesupport_fastrtps_cpp__visibility_control.h
-- Up-to-date: /home/jetson/yahboomcar_ws/install/yahboomcar_astra/include/astra_camera_msgs/astra_camera_msgs/srv
-- Up-to-date: /home/jetson/yahboomcar_ws/install/yahboomcar_astra/include/astra_camera_msgs/astra_camera_msgs/srv/detail
-- Installing: /home/jetson/yahboomcar_ws/install/yahboomcar_astra/include/astra_camera_msgs/astra_camera_msgs/srv/detail/get_string__rosidl_typesupport_fastrtps_cpp.hpp
-- Installing: /home/jetson/yahboomcar_ws/install/yahboomcar_astra/include/astra_camera_msgs/astra_camera_msgs/srv/detail/set_int32__rosidl_typesupport_fastrtps_cpp.hpp
-- Installing: /home/jetson/yahboomcar_ws/install/yahboomcar_astra/include/astra_camera_msgs/astra_camera_msgs/srv/detail/get_camera_info__rosidl_typesupport_fastrtps_cpp.hpp
-- Installing: /home/jetson/yahboomcar_ws/install/yahboomcar_astra/include/astra_camera_msgs/astra_camera_msgs/srv/detail/get_int32__rosidl_typesupport_fastrtps_cpp.hpp
-- Installing: /home/jetson/yahboomcar_ws/install/yahboomcar_astra/include/astra_camera_msgs/astra_camera_msgs/srv/detail/get_device_info__rosidl_typesupport_fastrtps_cpp.hpp
-- Installing: /home/jetson/yahboomcar_ws/install/yahboomcar_astra/include/astra_camera_msgs/astra_camera_msgs/srv/detail/get_camera_params__rosidl_typesupport_fastrtps_cpp.hpp
-- Installing: /home/jetson/yahboomcar_ws/install/yahboomcar_astra/include/astra_camera_msgs/astra_camera_msgs/srv/detail/dds_fastrtps
-- Installing: /home/jetson/yahboomcar_ws/install/yahboomcar_astra/lib/libastra_camera_msgs__rosidl_typesupport_fastrtps_cpp.so
-- Set runtime path of "/home/jetson/yahboomcar_ws/install/yahboomcar_astra/lib/libastra_camera_msgs__rosidl_typesupport_fastrtps_cpp.so" to ""
-- Up-to-date: /home/jetson/yahboomcar_ws/install/yahboomcar_astra/include/astra_camera_msgs/astra_camera_msgs
-- Up-to-date: /home/jetson/yahboomcar_ws/install/yahboomcar_astra/include/astra_camera_msgs/astra_camera_msgs/msg
-- Up-to-date: /home/jetson/yahboomcar_ws/install/yahboomcar_astra/include/astra_camera_msgs/astra_camera_msgs/msg/detail
-- Installing: /home/jetson/yahboomcar_ws/install/yahboomcar_astra/include/astra_camera_msgs/astra_camera_msgs/msg/detail/device_info__rosidl_typesupport_introspection_cpp.hpp
-- Installing: /home/jetson/yahboomcar_ws/install/yahboomcar_astra/include/astra_camera_msgs/astra_camera_msgs/msg/detail/extrinsics__rosidl_typesupport_introspection_cpp.hpp
-- Installing: /home/jetson/yahboomcar_ws/install/yahboomcar_astra/include/astra_camera_msgs/astra_camera_msgs/msg/detail/metadata__type_support.cpp
-- Installing: /home/jetson/yahboomcar_ws/install/yahboomcar_astra/include/astra_camera_msgs/astra_camera_msgs/msg/detail/device_info__type_support.cpp
-- Installing: /home/jetson/yahboomcar_ws/install/yahboomcar_astra/include/astra_camera_msgs/astra_camera_msgs/msg/detail/metadata__rosidl_typesupport_introspection_cpp.hpp
-- Installing: /home/jetson/yahboomcar_ws/install/yahboomcar_astra/include/astra_camera_msgs/astra_camera_msgs/msg/detail/extrinsics__type_support.cpp
-- Up-to-date: /home/jetson/yahboomcar_ws/install/yahboomcar_astra/include/astra_camera_msgs/astra_camera_msgs/srv
-- Up-to-date: /home/jetson/yahboomcar_ws/install/yahboomcar_astra/include/astra_camera_msgs/astra_camera_msgs/srv/detail
-- Installing: /home/jetson/yahboomcar_ws/install/yahboomcar_astra/include/astra_camera_msgs/astra_camera_msgs/srv/detail/get_camera_params__rosidl_typesupport_introspection_cpp.hpp
-- Installing: /home/jetson/yahboomcar_ws/install/yahboomcar_astra/include/astra_camera_msgs/astra_camera_msgs/srv/detail/get_camera_info__type_support.cpp
-- Installing: /home/jetson/yahboomcar_ws/install/yahboomcar_astra/include/astra_camera_msgs/astra_camera_msgs/srv/detail/set_int32__type_support.cpp
-- Installing: /home/jetson/yahboomcar_ws/install/yahboomcar_astra/include/astra_camera_msgs/astra_camera_msgs/srv/detail/get_camera_params__type_support.cpp
-- Installing: /home/jetson/yahboomcar_ws/install/yahboomcar_astra/include/astra_camera_msgs/astra_camera_msgs/srv/detail/get_device_info__rosidl_typesupport_introspection_cpp.hpp
-- Installing: /home/jetson/yahboomcar_ws/install/yahboomcar_astra/include/astra_camera_msgs/astra_camera_msgs/srv/detail/get_int32__rosidl_typesupport_introspection_cpp.hpp
-- Installing: /home/jetson/yahboomcar_ws/install/yahboomcar_astra/include/astra_camera_msgs/astra_camera_msgs/srv/detail/get_camera_info__rosidl_typesupport_introspection_cpp.hpp
-- Installing: /home/jetson/yahboomcar_ws/install/yahboomcar_astra/include/astra_camera_msgs/astra_camera_msgs/srv/detail/set_int32__rosidl_typesupport_introspection_cpp.hpp
-- Installing: /home/jetson/yahboomcar_ws/install/yahboomcar_astra/include/astra_camera_msgs/astra_camera_msgs/srv/detail/get_device_info__type_support.cpp
-- Installing: /home/jetson/yahboomcar_ws/install/yahboomcar_astra/include/astra_camera_msgs/astra_camera_msgs/srv/detail/get_string__type_support.cpp
-- Installing: /home/jetson/yahboomcar_ws/install/yahboomcar_astra/include/astra_camera_msgs/astra_camera_msgs/srv/detail/get_int32__type_support.cpp
-- Installing: /home/jetson/yahboomcar_ws/install/yahboomcar_astra/include/astra_camera_msgs/astra_camera_msgs/srv/detail/get_string__rosidl_typesupport_introspection_cpp.hpp
-- Installing: /home/jetson/yahboomcar_ws/install/yahboomcar_astra/lib/libastra_camera_msgs__rosidl_typesupport_introspection_cpp.so
-- Set runtime path of "/home/jetson/yahboomcar_ws/install/yahboomcar_astra/lib/libastra_camera_msgs__rosidl_typesupport_introspection_cpp.so" to ""
-- Installing: /home/jetson/yahboomcar_ws/install/yahboomcar_astra/lib/libastra_camera_msgs__rosidl_typesupport_cpp.so
-- Set runtime path of "/home/jetson/yahboomcar_ws/install/yahboomcar_astra/lib/libastra_camera_msgs__rosidl_typesupport_cpp.so" to ""
-- Installing: /home/jetson/yahboomcar_ws/install/yahboomcar_astra/share/astra_camera_msgs/environment/pythonpath.sh
-- Installing: /home/jetson/yahboomcar_ws/install/yahboomcar_astra/share/astra_camera_msgs/environment/pythonpath.dsv
-- Installing: /home/jetson/yahboomcar_ws/install/yahboomcar_astra/local/lib/python3.10/dist-packages/astra_camera_msgs-1.0.1-py3.10.egg-info
-- Installing: /home/jetson/yahboomcar_ws/install/yahboomcar_astra/local/lib/python3.10/dist-packages/astra_camera_msgs-1.0.1-py3.10.egg-info/dependency_links.txt
-- Installing: /home/jetson/yahboomcar_ws/install/yahboomcar_astra/local/lib/python3.10/dist-packages/astra_camera_msgs-1.0.1-py3.10.egg-info/top_level.txt
-- Installing: /home/jetson/yahboomcar_ws/install/yahboomcar_astra/local/lib/python3.10/dist-packages/astra_camera_msgs-1.0.1-py3.10.egg-info/SOURCES.txt
-- Installing: /home/jetson/yahboomcar_ws/install/yahboomcar_astra/local/lib/python3.10/dist-packages/astra_camera_msgs-1.0.1-py3.10.egg-info/PKG-INFO
-- Installing: /home/jetson/yahboomcar_ws/install/yahboomcar_astra/local/lib/python3.10/dist-packages/astra_camera_msgs
-- Installing: /home/jetson/yahboomcar_ws/install/yahboomcar_astra/local/lib/python3.10/dist-packages/astra_camera_msgs/msg
-- Installing: /home/jetson/yahboomcar_ws/install/yahboomcar_astra/local/lib/python3.10/dist-packages/astra_camera_msgs/msg/_extrinsics.py
-- Installing: /home/jetson/yahboomcar_ws/install/yahboomcar_astra/local/lib/python3.10/dist-packages/astra_camera_msgs/msg/_device_info.py
-- Installing: /home/jetson/yahboomcar_ws/install/yahboomcar_astra/local/lib/python3.10/dist-packages/astra_camera_msgs/msg/__init__.py
-- Installing: /home/jetson/yahboomcar_ws/install/yahboomcar_astra/local/lib/python3.10/dist-packages/astra_camera_msgs/msg/_metadata_s.c
-- Installing: /home/jetson/yahboomcar_ws/install/yahboomcar_astra/local/lib/python3.10/dist-packages/astra_camera_msgs/msg/_device_info_s.c
-- Installing: /home/jetson/yahboomcar_ws/install/yahboomcar_astra/local/lib/python3.10/dist-packages/astra_camera_msgs/msg/_metadata.py
-- Installing: /home/jetson/yahboomcar_ws/install/yahboomcar_astra/local/lib/python3.10/dist-packages/astra_camera_msgs/msg/_extrinsics_s.c
-- Installing: /home/jetson/yahboomcar_ws/install/yahboomcar_astra/local/lib/python3.10/dist-packages/astra_camera_msgs/__init__.py
-- Installing: /home/jetson/yahboomcar_ws/install/yahboomcar_astra/local/lib/python3.10/dist-packages/astra_camera_msgs/srv
-- Installing: /home/jetson/yahboomcar_ws/install/yahboomcar_astra/local/lib/python3.10/dist-packages/astra_camera_msgs/srv/_get_device_info_s.c
-- Installing: /home/jetson/yahboomcar_ws/install/yahboomcar_astra/local/lib/python3.10/dist-packages/astra_camera_msgs/srv/_get_camera_info_s.c
-- Installing: /home/jetson/yahboomcar_ws/install/yahboomcar_astra/local/lib/python3.10/dist-packages/astra_camera_msgs/srv/_get_int32_s.c
-- Installing: /home/jetson/yahboomcar_ws/install/yahboomcar_astra/local/lib/python3.10/dist-packages/astra_camera_msgs/srv/_get_string.py
-- Installing: /home/jetson/yahboomcar_ws/install/yahboomcar_astra/local/lib/python3.10/dist-packages/astra_camera_msgs/srv/_get_int32.py
-- Installing: /home/jetson/yahboomcar_ws/install/yahboomcar_astra/local/lib/python3.10/dist-packages/astra_camera_msgs/srv/__init__.py
-- Installing: /home/jetson/yahboomcar_ws/install/yahboomcar_astra/local/lib/python3.10/dist-packages/astra_camera_msgs/srv/_get_camera_params.py
-- Installing: /home/jetson/yahboomcar_ws/install/yahboomcar_astra/local/lib/python3.10/dist-packages/astra_camera_msgs/srv/_get_camera_params_s.c
-- Installing: /home/jetson/yahboomcar_ws/install/yahboomcar_astra/local/lib/python3.10/dist-packages/astra_camera_msgs/srv/_get_device_info.py
-- Installing: /home/jetson/yahboomcar_ws/install/yahboomcar_astra/local/lib/python3.10/dist-packages/astra_camera_msgs/srv/_set_int32_s.c
-- Installing: /home/jetson/yahboomcar_ws/install/yahboomcar_astra/local/lib/python3.10/dist-packages/astra_camera_msgs/srv/_get_camera_info.py
-- Installing: /home/jetson/yahboomcar_ws/install/yahboomcar_astra/local/lib/python3.10/dist-packages/astra_camera_msgs/srv/_set_int32.py
-- Installing: /home/jetson/yahboomcar_ws/install/yahboomcar_astra/local/lib/python3.10/dist-packages/astra_camera_msgs/srv/_get_string_s.c
-- Installing: /home/jetson/yahboomcar_ws/install/yahboomcar_astra/local/lib/python3.10/dist-packages/astra_camera_msgs/libastra_camera_msgs__rosidl_generator_py.so
-- Installing: /home/jetson/yahboomcar_ws/install/yahboomcar_astra/local/lib/python3.10/dist-packages/astra_camera_msgs/astra_camera_msgs_s__rosidl_typesupport_introspection_c.cpython-310-aarch64-linux-gnu.so
-- Installing: /home/jetson/yahboomcar_ws/install/yahboomcar_astra/local/lib/python3.10/dist-packages/astra_camera_msgs/astra_camera_msgs_s__rosidl_typesupport_c.cpython-310-aarch64-linux-gnu.so
-- Installing: /home/jetson/yahboomcar_ws/install/yahboomcar_astra/local/lib/python3.10/dist-packages/astra_camera_msgs/_astra_camera_msgs_s.ep.rosidl_typesupport_introspection_c.c
-- Installing: /home/jetson/yahboomcar_ws/install/yahboomcar_astra/local/lib/python3.10/dist-packages/astra_camera_msgs/_astra_camera_msgs_s.ep.rosidl_typesupport_fastrtps_c.c
-- Installing: /home/jetson/yahboomcar_ws/install/yahboomcar_astra/local/lib/python3.10/dist-packages/astra_camera_msgs/astra_camera_msgs_s__rosidl_typesupport_fastrtps_c.cpython-310-aarch64-linux-gnu.so
-- Installing: /home/jetson/yahboomcar_ws/install/yahboomcar_astra/local/lib/python3.10/dist-packages/astra_camera_msgs/_astra_camera_msgs_s.ep.rosidl_typesupport_c.c
Listing '/home/jetson/yahboomcar_ws/install/yahboomcar_astra/local/lib/python3.10/dist-packages/astra_camera_msgs'...
Compiling '/home/jetson/yahboomcar_ws/install/yahboomcar_astra/local/lib/python3.10/dist-packages/astra_camera_msgs/__init__.py'...
Listing '/home/jetson/yahboomcar_ws/install/yahboomcar_astra/local/lib/python3.10/dist-packages/astra_camera_msgs/msg'...
Compiling '/home/jetson/yahboomcar_ws/install/yahboomcar_astra/local/lib/python3.10/dist-packages/astra_camera_msgs/msg/__init__.py'...
Compiling '/home/jetson/yahboomcar_ws/install/yahboomcar_astra/local/lib/python3.10/dist-packages/astra_camera_msgs/msg/_device_info.py'...
Compiling '/home/jetson/yahboomcar_ws/install/yahboomcar_astra/local/lib/python3.10/dist-packages/astra_camera_msgs/msg/_extrinsics.py'...
Compiling '/home/jetson/yahboomcar_ws/install/yahboomcar_astra/local/lib/python3.10/dist-packages/astra_camera_msgs/msg/_metadata.py'...
Listing '/home/jetson/yahboomcar_ws/install/yahboomcar_astra/local/lib/python3.10/dist-packages/astra_camera_msgs/srv'...
Compiling '/home/jetson/yahboomcar_ws/install/yahboomcar_astra/local/lib/python3.10/dist-packages/astra_camera_msgs/srv/__init__.py'...
Compiling '/home/jetson/yahboomcar_ws/install/yahboomcar_astra/local/lib/python3.10/dist-packages/astra_camera_msgs/srv/_get_camera_info.py'...
Compiling '/home/jetson/yahboomcar_ws/install/yahboomcar_astra/local/lib/python3.10/dist-packages/astra_camera_msgs/srv/_get_camera_params.py'...
Compiling '/home/jetson/yahboomcar_ws/install/yahboomcar_astra/local/lib/python3.10/dist-packages/astra_camera_msgs/srv/_get_device_info.py'...
Compiling '/home/jetson/yahboomcar_ws/install/yahboomcar_astra/local/lib/python3.10/dist-packages/astra_camera_msgs/srv/_get_int32.py'...
Compiling '/home/jetson/yahboomcar_ws/install/yahboomcar_astra/local/lib/python3.10/dist-packages/astra_camera_msgs/srv/_get_string.py'...
Compiling '/home/jetson/yahboomcar_ws/install/yahboomcar_astra/local/lib/python3.10/dist-packages/astra_camera_msgs/srv/_set_int32.py'...
-- Installing: /home/jetson/yahboomcar_ws/install/yahboomcar_astra/local/lib/python3.10/dist-packages/astra_camera_msgs/astra_camera_msgs_s__rosidl_typesupport_fastrtps_c.cpython-310-aarch64-linux-gnu.so
-- Set runtime path of "/home/jetson/yahboomcar_ws/install/yahboomcar_astra/local/lib/python3.10/dist-packages/astra_camera_msgs/astra_camera_msgs_s__rosidl_typesupport_fastrtps_c.cpython-310-aarch64-linux-gnu.so" to ""
-- Installing: /home/jetson/yahboomcar_ws/install/yahboomcar_astra/local/lib/python3.10/dist-packages/astra_camera_msgs/astra_camera_msgs_s__rosidl_typesupport_introspection_c.cpython-310-aarch64-linux-gnu.so
-- Set runtime path of "/home/jetson/yahboomcar_ws/install/yahboomcar_astra/local/lib/python3.10/dist-packages/astra_camera_msgs/astra_camera_msgs_s__rosidl_typesupport_introspection_c.cpython-310-aarch64-linux-gnu.so" to ""
-- Installing: /home/jetson/yahboomcar_ws/install/yahboomcar_astra/local/lib/python3.10/dist-packages/astra_camera_msgs/astra_camera_msgs_s__rosidl_typesupport_c.cpython-310-aarch64-linux-gnu.so
-- Set runtime path of "/home/jetson/yahboomcar_ws/install/yahboomcar_astra/local/lib/python3.10/dist-packages/astra_camera_msgs/astra_camera_msgs_s__rosidl_typesupport_c.cpython-310-aarch64-linux-gnu.so" to ""
-- Installing: /home/jetson/yahboomcar_ws/install/yahboomcar_astra/lib/libastra_camera_msgs__rosidl_generator_py.so
-- Set runtime path of "/home/jetson/yahboomcar_ws/install/yahboomcar_astra/lib/libastra_camera_msgs__rosidl_generator_py.so" to ""
-- Installing: /home/jetson/yahboomcar_ws/install/yahboomcar_astra/share/astra_camera_msgs/msg/DeviceInfo.idl
-- Installing: /home/jetson/yahboomcar_ws/install/yahboomcar_astra/share/astra_camera_msgs/msg/Extrinsics.idl
-- Installing: /home/jetson/yahboomcar_ws/install/yahboomcar_astra/share/astra_camera_msgs/msg/Metadata.idl
-- Installing: /home/jetson/yahboomcar_ws/install/yahboomcar_astra/share/astra_camera_msgs/srv/GetDeviceInfo.idl
-- Installing: /home/jetson/yahboomcar_ws/install/yahboomcar_astra/share/astra_camera_msgs/srv/GetCameraInfo.idl
-- Installing: /home/jetson/yahboomcar_ws/install/yahboomcar_astra/share/astra_camera_msgs/srv/GetCameraParams.idl
-- Installing: /home/jetson/yahboomcar_ws/install/yahboomcar_astra/share/astra_camera_msgs/srv/GetInt32.idl
-- Installing: /home/jetson/yahboomcar_ws/install/yahboomcar_astra/share/astra_camera_msgs/srv/GetString.idl
-- Installing: /home/jetson/yahboomcar_ws/install/yahboomcar_astra/share/astra_camera_msgs/srv/SetInt32.idl
-- Installing: /home/jetson/yahboomcar_ws/install/yahboomcar_astra/share/astra_camera_msgs/msg/DeviceInfo.msg
-- Installing: /home/jetson/yahboomcar_ws/install/yahboomcar_astra/share/astra_camera_msgs/msg/Extrinsics.msg
-- Installing: /home/jetson/yahboomcar_ws/install/yahboomcar_astra/share/astra_camera_msgs/msg/Metadata.msg
-- Installing: /home/jetson/yahboomcar_ws/install/yahboomcar_astra/share/astra_camera_msgs/srv/GetDeviceInfo.srv
-- Installing: /home/jetson/yahboomcar_ws/install/yahboomcar_astra/share/astra_camera_msgs/srv/GetDeviceInfo_Request.msg
-- Installing: /home/jetson/yahboomcar_ws/install/yahboomcar_astra/share/astra_camera_msgs/srv/GetDeviceInfo_Response.msg
-- Installing: /home/jetson/yahboomcar_ws/install/yahboomcar_astra/share/astra_camera_msgs/srv/GetCameraInfo.srv
-- Installing: /home/jetson/yahboomcar_ws/install/yahboomcar_astra/share/astra_camera_msgs/srv/GetCameraInfo_Request.msg
-- Installing: /home/jetson/yahboomcar_ws/install/yahboomcar_astra/share/astra_camera_msgs/srv/GetCameraInfo_Response.msg
-- Installing: /home/jetson/yahboomcar_ws/install/yahboomcar_astra/share/astra_camera_msgs/srv/GetCameraParams.srv
-- Installing: /home/jetson/yahboomcar_ws/install/yahboomcar_astra/share/astra_camera_msgs/srv/GetCameraParams_Request.msg
-- Installing: /home/jetson/yahboomcar_ws/install/yahboomcar_astra/share/astra_camera_msgs/srv/GetCameraParams_Response.msg
-- Installing: /home/jetson/yahboomcar_ws/install/yahboomcar_astra/share/astra_camera_msgs/srv/GetInt32.srv
-- Installing: /home/jetson/yahboomcar_ws/install/yahboomcar_astra/share/astra_camera_msgs/srv/GetInt32_Request.msg
-- Installing: /home/jetson/yahboomcar_ws/install/yahboomcar_astra/share/astra_camera_msgs/srv/GetInt32_Response.msg
-- Installing: /home/jetson/yahboomcar_ws/install/yahboomcar_astra/share/astra_camera_msgs/srv/GetString.srv
-- Installing: /home/jetson/yahboomcar_ws/install/yahboomcar_astra/share/astra_camera_msgs/srv/GetString_Request.msg
-- Installing: /home/jetson/yahboomcar_ws/install/yahboomcar_astra/share/astra_camera_msgs/srv/GetString_Response.msg
-- Installing: /home/jetson/yahboomcar_ws/install/yahboomcar_astra/share/astra_camera_msgs/srv/SetInt32.srv
-- Installing: /home/jetson/yahboomcar_ws/install/yahboomcar_astra/share/astra_camera_msgs/srv/SetInt32_Request.msg
-- Installing: /home/jetson/yahboomcar_ws/install/yahboomcar_astra/share/astra_camera_msgs/srv/SetInt32_Response.msg
-- Installing: /home/jetson/yahboomcar_ws/install/yahboomcar_astra/share/ament_index/resource_index/package_run_dependencies/astra_camera_msgs
-- Installing: /home/jetson/yahboomcar_ws/install/yahboomcar_astra/share/ament_index/resource_index/parent_prefix_path/astra_camera_msgs
-- Installing: /home/jetson/yahboomcar_ws/install/yahboomcar_astra/share/astra_camera_msgs/environment/ament_prefix_path.sh
-- Installing: /home/jetson/yahboomcar_ws/install/yahboomcar_astra/share/astra_camera_msgs/environment/ament_prefix_path.dsv
-- Installing: /home/jetson/yahboomcar_ws/install/yahboomcar_astra/share/astra_camera_msgs/environment/path.sh
-- Installing: /home/jetson/yahboomcar_ws/install/yahboomcar_astra/share/astra_camera_msgs/environment/path.dsv
-- Installing: /home/jetson/yahboomcar_ws/install/yahboomcar_astra/share/astra_camera_msgs/local_setup.bash
-- Installing: /home/jetson/yahboomcar_ws/install/yahboomcar_astra/share/astra_camera_msgs/local_setup.sh
-- Installing: /home/jetson/yahboomcar_ws/install/yahboomcar_astra/share/astra_camera_msgs/local_setup.zsh
-- Installing: /home/jetson/yahboomcar_ws/install/yahboomcar_astra/share/astra_camera_msgs/local_setup.dsv
-- Installing: /home/jetson/yahboomcar_ws/install/yahboomcar_astra/share/astra_camera_msgs/package.dsv
-- Installing: /home/jetson/yahboomcar_ws/install/yahboomcar_astra/share/ament_index/resource_index/packages/astra_camera_msgs
-- Installing: /home/jetson/yahboomcar_ws/install/yahboomcar_astra/share/astra_camera_msgs/cmake/export_astra_camera_msgs__rosidl_generator_cExport.cmake
-- Installing: /home/jetson/yahboomcar_ws/install/yahboomcar_astra/share/astra_camera_msgs/cmake/export_astra_camera_msgs__rosidl_generator_cExport-noconfig.cmake
-- Installing: /home/jetson/yahboomcar_ws/install/yahboomcar_astra/share/astra_camera_msgs/cmake/export_astra_camera_msgs__rosidl_typesupport_fastrtps_cExport.cmake
-- Installing: /home/jetson/yahboomcar_ws/install/yahboomcar_astra/share/astra_camera_msgs/cmake/export_astra_camera_msgs__rosidl_typesupport_fastrtps_cExport-noconfig.cmake
-- Installing: /home/jetson/yahboomcar_ws/install/yahboomcar_astra/share/astra_camera_msgs/cmake/astra_camera_msgs__rosidl_typesupport_introspection_cExport.cmake
-- Installing: /home/jetson/yahboomcar_ws/install/yahboomcar_astra/share/astra_camera_msgs/cmake/astra_camera_msgs__rosidl_typesupport_introspection_cExport-noconfig.cmake
-- Installing: /home/jetson/yahboomcar_ws/install/yahboomcar_astra/share/astra_camera_msgs/cmake/astra_camera_msgs__rosidl_typesupport_cExport.cmake
-- Installing: /home/jetson/yahboomcar_ws/install/yahboomcar_astra/share/astra_camera_msgs/cmake/astra_camera_msgs__rosidl_typesupport_cExport-noconfig.cmake
-- Installing: /home/jetson/yahboomcar_ws/install/yahboomcar_astra/share/astra_camera_msgs/cmake/export_astra_camera_msgs__rosidl_generator_cppExport.cmake
-- Installing: /home/jetson/yahboomcar_ws/install/yahboomcar_astra/share/astra_camera_msgs/cmake/export_astra_camera_msgs__rosidl_typesupport_fastrtps_cppExport.cmake
-- Installing: /home/jetson/yahboomcar_ws/install/yahboomcar_astra/share/astra_camera_msgs/cmake/export_astra_camera_msgs__rosidl_typesupport_fastrtps_cppExport-noconfig.cmake
-- Installing: /home/jetson/yahboomcar_ws/install/yahboomcar_astra/share/astra_camera_msgs/cmake/astra_camera_msgs__rosidl_typesupport_introspection_cppExport.cmake
-- Installing: /home/jetson/yahboomcar_ws/install/yahboomcar_astra/share/astra_camera_msgs/cmake/astra_camera_msgs__rosidl_typesupport_introspection_cppExport-noconfig.cmake
-- Installing: /home/jetson/yahboomcar_ws/install/yahboomcar_astra/share/astra_camera_msgs/cmake/astra_camera_msgs__rosidl_typesupport_cppExport.cmake
-- Installing: /home/jetson/yahboomcar_ws/install/yahboomcar_astra/share/astra_camera_msgs/cmake/astra_camera_msgs__rosidl_typesupport_cppExport-noconfig.cmake
-- Installing: /home/jetson/yahboomcar_ws/install/yahboomcar_astra/share/astra_camera_msgs/cmake/export_astra_camera_msgs__rosidl_generator_pyExport.cmake
-- Installing: /home/jetson/yahboomcar_ws/install/yahboomcar_astra/share/astra_camera_msgs/cmake/export_astra_camera_msgs__rosidl_generator_pyExport-noconfig.cmake
-- Installing: /home/jetson/yahboomcar_ws/install/yahboomcar_astra/share/astra_camera_msgs/cmake/rosidl_cmake-extras.cmake
-- Installing: /home/jetson/yahboomcar_ws/install/yahboomcar_astra/share/astra_camera_msgs/cmake/ament_cmake_export_dependencies-extras.cmake
-- Installing: /home/jetson/yahboomcar_ws/install/yahboomcar_astra/share/astra_camera_msgs/cmake/ament_cmake_export_include_directories-extras.cmake
-- Installing: /home/jetson/yahboomcar_ws/install/yahboomcar_astra/share/astra_camera_msgs/cmake/ament_cmake_export_libraries-extras.cmake
-- Installing: /home/jetson/yahboomcar_ws/install/yahboomcar_astra/share/astra_camera_msgs/cmake/ament_cmake_export_targets-extras.cmake
-- Installing: /home/jetson/yahboomcar_ws/install/yahboomcar_astra/share/astra_camera_msgs/cmake/rosidl_cmake_export_typesupport_targets-extras.cmake
-- Installing: /home/jetson/yahboomcar_ws/install/yahboomcar_astra/share/astra_camera_msgs/cmake/rosidl_cmake_export_typesupport_libraries-extras.cmake
-- Installing: /home/jetson/yahboomcar_ws/install/yahboomcar_astra/share/astra_camera_msgs/cmake/astra_camera_msgsConfig.cmake
-- Installing: /home/jetson/yahboomcar_ws/install/yahboomcar_astra/share/astra_camera_msgs/cmake/astra_camera_msgsConfig-version.cmake
-- Installing: /home/jetson/yahboomcar_ws/install/yahboomcar_astra/share/astra_camera_msgs/package.xml
