[0.022s] Invoking command in '/home/jetson/yahboomcar_ws/build/yahboomcar_msgs': CMAKE_PREFIX_PATH=${CMAKE_PREFIX_PATH}:/opt/ros/humble /usr/bin/cmake /home/jetson/yahboomcar_ws/src/yahboomcar_msgs -DCMAKE_INSTALL_PREFIX=/home/jetson/yahboomcar_ws/install/yahboomcar_msgs
[0.046s] -- Found ament_cmake: 1.3.11 (/opt/ros/humble/share/ament_cmake/cmake)
[0.347s] -- Found rosidl_default_generators: 1.2.0 (/opt/ros/humble/share/rosidl_default_generators/cmake)
[0.357s] -- Using all available rosidl_typesupport_c: rosidl_typesupport_fastrtps_c;rosidl_typesupport_introspection_c
[0.365s] -- Found rosidl_adapter: 3.1.6 (/opt/ros/humble/share/rosidl_adapter/cmake)
[0.430s] -- Using all available rosidl_typesupport_cpp: rosidl_typesupport_fastrtps_cpp;rosidl_typesupport_introspection_cpp
[0.472s] -- Found builtin_interfaces: 1.2.1 (/opt/ros/humble/share/builtin_interfaces/cmake)
[0.491s] -- Found geometry_msgs: 4.8.0 (/opt/ros/humble/share/geometry_msgs/cmake)
[0.532s] -- Found action_msgs: 1.2.1 (/opt/ros/humble/share/action_msgs/cmake)
[1.015s] [31mCMake Error at /opt/ros/humble/share/rosidl_adapter/cmake/rosidl_adapt_interfaces.cmake:59 (message):
[1.015s]   execute_process(/usr/bin/python3 -m rosidl_adapter --package-name
[1.016s]   yahboomcar_msgs --arguments-file
[1.016s]   /home/jetson/yahboomcar_ws/build/yahboomcar_msgs/rosidl_adapter__arguments__yahboomcar_msgs.json
[1.017s]   --output-dir
[1.017s]   /home/jetson/yahboomcar_ws/build/yahboomcar_msgs/rosidl_adapter/yahboomcar_msgs
[1.017s]   --output-file
[1.017s]   /home/jetson/yahboomcar_ws/build/yahboomcar_msgs/rosidl_adapter/yahboomcar_msgs.idls)
[1.018s]   returned error code 1:
[1.018s] 
[1.018s]   Traceback (most recent call last):
[1.019s] 
[1.019s]     File "/usr/lib/python3.10/runpy.py", line 196, in _run_module_as_main
[1.019s]       return _run_code(code, main_globals, None,
[1.019s]     File "/usr/lib/python3.10/runpy.py", line 86, in _run_code
[1.019s]       exec(code, run_globals)
[1.020s]     File "/opt/ros/humble/local/lib/python3.10/dist-packages/rosidl_adapter/__main__.py", line 19, in <module>
[1.020s]       sys.exit(main())
[1.020s]     File "/opt/ros/humble/local/lib/python3.10/dist-packages/rosidl_adapter/main.py", line 53, in main
[1.020s]       abs_idl_file = convert_to_idl(
[1.021s]     File "/opt/ros/humble/local/lib/python3.10/dist-packages/rosidl_adapter/__init__.py", line 24, in convert_to_idl
[1.021s]       return convert_srv_to_idl(
[1.021s]     File "/opt/ros/humble/local/lib/python3.10/dist-packages/rosidl_adapter/srv/__init__.py", line 28, in convert_srv_to_idl
[1.021s]       srv = parse_service_string(package_name, input_file.stem, content)
[1.022s]     File "/opt/ros/humble/local/lib/python3.10/dist-packages/rosidl_adapter/parser.py", line 859, in parse_service_string
[1.022s]       request_message = parse_message_string(
[1.022s]     File "/opt/ros/humble/local/lib/python3.10/dist-packages/rosidl_adapter/parser.py", line 544, in parse_message_string
[1.022s]       msg = MessageSpecification(pkg_name, msg_name, fields, constants)
[1.023s]     File "/opt/ros/humble/local/lib/python3.10/dist-packages/rosidl_adapter/parser.py", line 388, in __init__
[1.023s]       self.base_type = BaseType(
[1.023s]     File "/opt/ros/humble/local/lib/python3.10/dist-packages/rosidl_adapter/parser.py", line 205, in __init__
[1.023s]       raise InvalidResourceName(
[1.024s] 
[1.024s]   rosidl_adapter.parser.InvalidResourceName: 'kinemarics_Request' is an
[1.024s]   invalid message name.  It should have the pattern '^[A-Z][A-Za-z0-9]*$'
[1.024s] 
[1.025s] Call Stack (most recent call first):
[1.025s]   /opt/ros/humble/share/rosidl_cmake/cmake/rosidl_generate_interfaces.cmake:130 (rosidl_adapt_interfaces)
[1.025s]   CMakeLists.txt:10 (rosidl_generate_interfaces)
[1.025s] 
[1.025s] [0m
[1.026s] -- Configuring incomplete, errors occurred!
[1.026s] See also "/home/jetson/yahboomcar_ws/build/yahboomcar_msgs/CMakeFiles/CMakeOutput.log".
[1.038s] Invoked command in '/home/jetson/yahboomcar_ws/build/yahboomcar_msgs' returned '1': CMAKE_PREFIX_PATH=${CMAKE_PREFIX_PATH}:/opt/ros/humble /usr/bin/cmake /home/jetson/yahboomcar_ws/src/yahboomcar_msgs -DCMAKE_INSTALL_PREFIX=/home/jetson/yahboomcar_ws/install/yahboomcar_msgs
