[0.028s] Invoking command in '/home/jetson/yahboomcar_ws/build/yahboomcar_astra': AMENT_PREFIX_PATH=/home/jetson/yahboomcar_ws/install/yahboomcar_ctrl:/home/jetson/yahboomcar_ws/install/yahboomcar_bringup:/home/jetson/yahboomcar_ws/install/yahboomcar_msgs:/home/jetson/yahboomcar_ws/install/yahboomcar_description:${AMENT_PREFIX_PATH} CMAKE_PREFIX_PATH=/home/jetson/yahboomcar_ws/install/yahboomcar_ctrl:/home/jetson/yahboomcar_ws/install/yahboomcar_bringup:/home/jetson/yahboomcar_ws/install/yahboomcar_msgs:/home/jetson/yahboomcar_ws/install/yahboomcar_description:/home/jetson/yahboomcar_ros2_ws/software/library_ws/install/ydlidar_ros2_driver:/home/jetson/yahboomcar_ros2_ws/software/library_ws/install/web_video_server:/home/jetson/yahboomcar_ros2_ws/software/library_ws/install/teb_local_planner:/home/jetson/yahboomcar_ros2_ws/software/library_ws/install/teb_msgs:/home/jetson/yahboomcar_ros2_ws/software/library_ws/install/sllidar_ros2:/home/jetson/yahboomcar_ros2_ws/software/library_ws/install/slam_gmapping:/home/jetson/yahboomcar_ros2_ws/software/library_ws/install/robot_localization:/home/jetson/yahboomcar_ros2_ws/software/library_ws/install/openslam_gmapping:/home/jetson/yahboomcar_ros2_ws/software/library_ws/install/costmap_converter:/home/jetson/yahboomcar_ros2_ws/software/library_ws/install/costmap_converter_msgs:/home/jetson/yahboomcar_ros2_ws/software/library_ws/install/astra_camera:/home/jetson/yahboomcar_ros2_ws/software/library_ws/install/astra_camera_msgs:/opt/ros/humble LD_LIBRARY_PATH=/home/jetson/yahboomcar_ws/install/yahboomcar_msgs/lib:/usr/local/lib:/usr/local/cuda-12.6/lib64:/home/jetson/yahboomcar_ros2_ws/software/library_ws/install/teb_local_planner/lib:/home/jetson/yahboomcar_ros2_ws/software/library_ws/install/teb_msgs/lib:/home/jetson/yahboomcar_ros2_ws/software/library_ws/install/robot_localization/lib:/home/jetson/yahboomcar_ros2_ws/software/library_ws/install/openslam_gmapping/lib:/home/jetson/yahboomcar_ros2_ws/software/library_ws/install/costmap_converter/lib:/home/jetson/yahboomcar_ros2_ws/software/library_ws/install/costmap_converter_msgs/lib:/home/jetson/yahboomcar_ros2_ws/software/library_ws/install/astra_camera/lib:/home/jetson/yahboomcar_ros2_ws/software/library_ws/install/astra_camera_msgs/lib:/opt/ros/humble/opt/rviz_ogre_vendor/lib:/opt/ros/humble/lib/aarch64-linux-gnu:/opt/ros/humble/lib:/usr/local/lib:/usr/local/cuda-12.6/lib64 PYTHONPATH=/home/jetson/yahboomcar_ws/install/yahboomcar_msgs/local/lib/python3.10/dist-packages:${PYTHONPATH} /usr/bin/cmake --build /home/jetson/yahboomcar_ws/build/yahboomcar_astra -- -j6 -l6
[0.144s] [  0%] Built target astra_camera_msgs__cpp
[0.157s] [ 10%] Built target astra_camera_msgs__rosidl_generator_c
[0.164s] [ 15%] Built target KCFTracker_node
[0.188s] [ 15%] Built target ament_cmake_python_copy_astra_camera_msgs
[0.204s] [ 25%] Built target astra_camera_msgs__rosidl_typesupport_introspection_cpp
[0.223s] [ 45%] Built target astra_camera_msgs__rosidl_typesupport_introspection_c
[0.224s] [ 45%] Built target astra_camera_msgs__rosidl_typesupport_cpp
[0.242s] [ 55%] Built target astra_camera_msgs__rosidl_typesupport_fastrtps_c
[0.245s] [ 63%] Built target astra_camera_msgs__rosidl_typesupport_fastrtps_cpp
[0.251s] [ 73%] Built target astra_camera_msgs__rosidl_typesupport_c
[0.296s] [ 73%] Built target astra_camera_msgs
[0.324s] [ 85%] Built target yahboomcar_astra_driver
[0.348s] [ 86%] Built target astra_camera_msgs__py
[0.382s] [ 88%] Built target astra_camera_node
[0.411s] [ 96%] Built target astra_camera_msgs__rosidl_generator_py
[0.462s] [ 99%] Built target astra_camera_msgs__rosidl_typesupport_c__pyext
[0.463s] [ 99%] Built target astra_camera_msgs__rosidl_typesupport_introspection_c__pyext
[0.463s] [100%] Built target astra_camera_msgs__rosidl_typesupport_fastrtps_c__pyext
[0.743s] running egg_info
[0.793s] writing astra_camera_msgs.egg-info/PKG-INFO
[0.794s] writing dependency_links to astra_camera_msgs.egg-info/dependency_links.txt
[0.795s] writing top-level names to astra_camera_msgs.egg-info/top_level.txt
[0.939s] reading manifest file 'astra_camera_msgs.egg-info/SOURCES.txt'
[0.941s] writing manifest file 'astra_camera_msgs.egg-info/SOURCES.txt'
[1.019s] [100%] Built target ament_cmake_python_build_astra_camera_msgs_egg
[1.052s] Invoked command in '/home/jetson/yahboomcar_ws/build/yahboomcar_astra' returned '0': AMENT_PREFIX_PATH=/home/jetson/yahboomcar_ws/install/yahboomcar_ctrl:/home/jetson/yahboomcar_ws/install/yahboomcar_bringup:/home/jetson/yahboomcar_ws/install/yahboomcar_msgs:/home/jetson/yahboomcar_ws/install/yahboomcar_description:${AMENT_PREFIX_PATH} CMAKE_PREFIX_PATH=/home/jetson/yahboomcar_ws/install/yahboomcar_ctrl:/home/jetson/yahboomcar_ws/install/yahboomcar_bringup:/home/jetson/yahboomcar_ws/install/yahboomcar_msgs:/home/jetson/yahboomcar_ws/install/yahboomcar_description:/home/jetson/yahboomcar_ros2_ws/software/library_ws/install/ydlidar_ros2_driver:/home/jetson/yahboomcar_ros2_ws/software/library_ws/install/web_video_server:/home/jetson/yahboomcar_ros2_ws/software/library_ws/install/teb_local_planner:/home/jetson/yahboomcar_ros2_ws/software/library_ws/install/teb_msgs:/home/jetson/yahboomcar_ros2_ws/software/library_ws/install/sllidar_ros2:/home/jetson/yahboomcar_ros2_ws/software/library_ws/install/slam_gmapping:/home/jetson/yahboomcar_ros2_ws/software/library_ws/install/robot_localization:/home/jetson/yahboomcar_ros2_ws/software/library_ws/install/openslam_gmapping:/home/jetson/yahboomcar_ros2_ws/software/library_ws/install/costmap_converter:/home/jetson/yahboomcar_ros2_ws/software/library_ws/install/costmap_converter_msgs:/home/jetson/yahboomcar_ros2_ws/software/library_ws/install/astra_camera:/home/jetson/yahboomcar_ros2_ws/software/library_ws/install/astra_camera_msgs:/opt/ros/humble LD_LIBRARY_PATH=/home/jetson/yahboomcar_ws/install/yahboomcar_msgs/lib:/usr/local/lib:/usr/local/cuda-12.6/lib64:/home/jetson/yahboomcar_ros2_ws/software/library_ws/install/teb_local_planner/lib:/home/jetson/yahboomcar_ros2_ws/software/library_ws/install/teb_msgs/lib:/home/jetson/yahboomcar_ros2_ws/software/library_ws/install/robot_localization/lib:/home/jetson/yahboomcar_ros2_ws/software/library_ws/install/openslam_gmapping/lib:/home/jetson/yahboomcar_ros2_ws/software/library_ws/install/costmap_converter/lib:/home/jetson/yahboomcar_ros2_ws/software/library_ws/install/costmap_converter_msgs/lib:/home/jetson/yahboomcar_ros2_ws/software/library_ws/install/astra_camera/lib:/home/jetson/yahboomcar_ros2_ws/software/library_ws/install/astra_camera_msgs/lib:/opt/ros/humble/opt/rviz_ogre_vendor/lib:/opt/ros/humble/lib/aarch64-linux-gnu:/opt/ros/humble/lib:/usr/local/lib:/usr/local/cuda-12.6/lib64 PYTHONPATH=/home/jetson/yahboomcar_ws/install/yahboomcar_msgs/local/lib/python3.10/dist-packages:${PYTHONPATH} /usr/bin/cmake --build /home/jetson/yahboomcar_ws/build/yahboomcar_astra -- -j6 -l6
[1.078s] Invoking command in '/home/jetson/yahboomcar_ws/build/yahboomcar_astra': AMENT_PREFIX_PATH=/home/jetson/yahboomcar_ws/install/yahboomcar_ctrl:/home/jetson/yahboomcar_ws/install/yahboomcar_bringup:/home/jetson/yahboomcar_ws/install/yahboomcar_msgs:/home/jetson/yahboomcar_ws/install/yahboomcar_description:${AMENT_PREFIX_PATH} CMAKE_PREFIX_PATH=/home/jetson/yahboomcar_ws/install/yahboomcar_ctrl:/home/jetson/yahboomcar_ws/install/yahboomcar_bringup:/home/jetson/yahboomcar_ws/install/yahboomcar_msgs:/home/jetson/yahboomcar_ws/install/yahboomcar_description:/home/jetson/yahboomcar_ros2_ws/software/library_ws/install/ydlidar_ros2_driver:/home/jetson/yahboomcar_ros2_ws/software/library_ws/install/web_video_server:/home/jetson/yahboomcar_ros2_ws/software/library_ws/install/teb_local_planner:/home/jetson/yahboomcar_ros2_ws/software/library_ws/install/teb_msgs:/home/jetson/yahboomcar_ros2_ws/software/library_ws/install/sllidar_ros2:/home/jetson/yahboomcar_ros2_ws/software/library_ws/install/slam_gmapping:/home/jetson/yahboomcar_ros2_ws/software/library_ws/install/robot_localization:/home/jetson/yahboomcar_ros2_ws/software/library_ws/install/openslam_gmapping:/home/jetson/yahboomcar_ros2_ws/software/library_ws/install/costmap_converter:/home/jetson/yahboomcar_ros2_ws/software/library_ws/install/costmap_converter_msgs:/home/jetson/yahboomcar_ros2_ws/software/library_ws/install/astra_camera:/home/jetson/yahboomcar_ros2_ws/software/library_ws/install/astra_camera_msgs:/opt/ros/humble LD_LIBRARY_PATH=/home/jetson/yahboomcar_ws/install/yahboomcar_msgs/lib:/usr/local/lib:/usr/local/cuda-12.6/lib64:/home/jetson/yahboomcar_ros2_ws/software/library_ws/install/teb_local_planner/lib:/home/jetson/yahboomcar_ros2_ws/software/library_ws/install/teb_msgs/lib:/home/jetson/yahboomcar_ros2_ws/software/library_ws/install/robot_localization/lib:/home/jetson/yahboomcar_ros2_ws/software/library_ws/install/openslam_gmapping/lib:/home/jetson/yahboomcar_ros2_ws/software/library_ws/install/costmap_converter/lib:/home/jetson/yahboomcar_ros2_ws/software/library_ws/install/costmap_converter_msgs/lib:/home/jetson/yahboomcar_ros2_ws/software/library_ws/install/astra_camera/lib:/home/jetson/yahboomcar_ros2_ws/software/library_ws/install/astra_camera_msgs/lib:/opt/ros/humble/opt/rviz_ogre_vendor/lib:/opt/ros/humble/lib/aarch64-linux-gnu:/opt/ros/humble/lib:/usr/local/lib:/usr/local/cuda-12.6/lib64 PYTHONPATH=/home/jetson/yahboomcar_ws/install/yahboomcar_msgs/local/lib/python3.10/dist-packages:${PYTHONPATH} /usr/bin/cmake --install /home/jetson/yahboomcar_ws/build/yahboomcar_astra
[1.095s] -- Install configuration: ""
[1.101s] -- Installing: /home/jetson/yahboomcar_ws/install/yahboomcar_astra/lib/yahboomcar_astra/libyahboomcar_astra_driver.so
[1.139s] -- Set runtime path of "/home/jetson/yahboomcar_ws/install/yahboomcar_astra/lib/yahboomcar_astra/libyahboomcar_astra_driver.so" to ""
[1.139s] -- Installing: /home/jetson/yahboomcar_ws/install/yahboomcar_astra/lib/yahboomcar_astra/astra_camera_node
[1.140s] -- Set runtime path of "/home/jetson/yahboomcar_ws/install/yahboomcar_astra/lib/yahboomcar_astra/astra_camera_node" to ""
[1.140s] -- Up-to-date: /home/jetson/yahboomcar_ws/install/yahboomcar_astra/lib/yahboomcar_astra/KCFTracker_node
[1.141s] -- Up-to-date: /home/jetson/yahboomcar_ws/install/yahboomcar_astra/include
[1.141s] -- Up-to-date: /home/jetson/yahboomcar_ws/install/yahboomcar_astra/include/magic_enum
[1.142s] -- Up-to-date: /home/jetson/yahboomcar_ws/install/yahboomcar_astra/include/magic_enum/magic_enum.hpp
[1.142s] -- Up-to-date: /home/jetson/yahboomcar_ws/install/yahboomcar_astra/include/yahboomcar_astra
[1.143s] -- Up-to-date: /home/jetson/yahboomcar_ws/install/yahboomcar_astra/include/yahboomcar_astra/tracker.h
[1.143s] -- Up-to-date: /home/jetson/yahboomcar_ws/install/yahboomcar_astra/include/yahboomcar_astra/ffttools.h
[1.143s] -- Up-to-date: /home/jetson/yahboomcar_ws/install/yahboomcar_astra/include/yahboomcar_astra/kcftracker.h
[1.143s] -- Up-to-date: /home/jetson/yahboomcar_ws/install/yahboomcar_astra/include/yahboomcar_astra/fhog.h
[1.143s] -- Up-to-date: /home/jetson/yahboomcar_ws/install/yahboomcar_astra/include/yahboomcar_astra/labdata.h
[1.144s] -- Up-to-date: /home/jetson/yahboomcar_ws/install/yahboomcar_astra/include/yahboomcar_astra/PID.h
[1.144s] -- Up-to-date: /home/jetson/yahboomcar_ws/install/yahboomcar_astra/include/yahboomcar_astra/recttools.h
[1.144s] -- Up-to-date: /home/jetson/yahboomcar_ws/install/yahboomcar_astra/include/yahboomcar_astra/CMakeLists.txt
[1.144s] -- Up-to-date: /home/jetson/yahboomcar_ws/install/yahboomcar_astra/include/yahboomcar_astra/KCF_Tracker.h
[1.144s] -- Up-to-date: /home/jetson/yahboomcar_ws/install/yahboomcar_astra/include/openni2
[1.145s] -- Up-to-date: /home/jetson/yahboomcar_ws/install/yahboomcar_astra/include/openni2/OniCAPI.h
[1.145s] -- Up-to-date: /home/jetson/yahboomcar_ws/install/yahboomcar_astra/include/openni2/OpenNI.h
[1.145s] -- Up-to-date: /home/jetson/yahboomcar_ws/install/yahboomcar_astra/include/openni2/Linux-x86
[1.145s] -- Up-to-date: /home/jetson/yahboomcar_ws/install/yahboomcar_astra/include/openni2/Linux-x86/OniPlatformLinux-x86.h
[1.146s] -- Up-to-date: /home/jetson/yahboomcar_ws/install/yahboomcar_astra/include/openni2/Driver
[1.146s] -- Up-to-date: /home/jetson/yahboomcar_ws/install/yahboomcar_astra/include/openni2/Driver/OniDriverAPI.h
[1.146s] -- Up-to-date: /home/jetson/yahboomcar_ws/install/yahboomcar_astra/include/openni2/Driver/OniDriverTypes.h
[1.146s] -- Up-to-date: /home/jetson/yahboomcar_ws/install/yahboomcar_astra/include/openni2/OniCTypes.h
[1.146s] -- Up-to-date: /home/jetson/yahboomcar_ws/install/yahboomcar_astra/include/openni2/Linux-Arm
[1.146s] -- Up-to-date: /home/jetson/yahboomcar_ws/install/yahboomcar_astra/include/openni2/Linux-Arm/OniPlatformLinux-Arm.h
[1.147s] -- Up-to-date: /home/jetson/yahboomcar_ws/install/yahboomcar_astra/include/openni2/OniCEnums.h
[1.147s] -- Up-to-date: /home/jetson/yahboomcar_ws/install/yahboomcar_astra/include/openni2/PrimeSense.h
[1.147s] -- Up-to-date: /home/jetson/yahboomcar_ws/install/yahboomcar_astra/include/openni2/Android-Arm
[1.147s] -- Up-to-date: /home/jetson/yahboomcar_ws/install/yahboomcar_astra/include/openni2/Android-Arm/OniPlatformAndroid-Arm.h
[1.147s] -- Up-to-date: /home/jetson/yahboomcar_ws/install/yahboomcar_astra/include/openni2/PSLink.h
[1.147s] -- Up-to-date: /home/jetson/yahboomcar_ws/install/yahboomcar_astra/include/openni2/SonixCamera.h
[1.147s] -- Up-to-date: /home/jetson/yahboomcar_ws/install/yahboomcar_astra/include/openni2/OniPlatform.h
[1.147s] -- Up-to-date: /home/jetson/yahboomcar_ws/install/yahboomcar_astra/include/openni2/OniEnums.h
[1.148s] -- Up-to-date: /home/jetson/yahboomcar_ws/install/yahboomcar_astra/include/openni2/util.h
[1.148s] -- Up-to-date: /home/jetson/yahboomcar_ws/install/yahboomcar_astra/include/openni2/OniProperties.h
[1.148s] -- Up-to-date: /home/jetson/yahboomcar_ws/install/yahboomcar_astra/include/openni2/OniTest.h
[1.148s] -- Up-to-date: /home/jetson/yahboomcar_ws/install/yahboomcar_astra/include/openni2/OniVersion.h
[1.148s] -- Up-to-date: /home/jetson/yahboomcar_ws/install/yahboomcar_astra/include/openni2/MacOSX
[1.149s] -- Up-to-date: /home/jetson/yahboomcar_ws/install/yahboomcar_astra/include/openni2/MacOSX/OniPlatformMacOSX.h
[1.149s] -- Up-to-date: /home/jetson/yahboomcar_ws/install/yahboomcar_astra/include/openni2/OniCProperties.h
[1.149s] -- Up-to-date: /home/jetson/yahboomcar_ws/install/yahboomcar_astra/include/openni2/KinectProperties.h
[1.150s] -- Up-to-date: /home/jetson/yahboomcar_ws/install/yahboomcar_astra/include/openni2/PS1080.h
[1.150s] -- Up-to-date: /home/jetson/yahboomcar_ws/install/yahboomcar_astra/include/astra_camera
[1.150s] -- Up-to-date: /home/jetson/yahboomcar_ws/install/yahboomcar_astra/include/astra_camera/dynamic_params.h
[1.151s] -- Up-to-date: /home/jetson/yahboomcar_ws/install/yahboomcar_astra/include/astra_camera/constants.h
[1.151s] -- Up-to-date: /home/jetson/yahboomcar_ws/install/yahboomcar_astra/include/astra_camera/utils.h
[1.151s] -- Up-to-date: /home/jetson/yahboomcar_ws/install/yahboomcar_astra/include/astra_camera/json.hpp
[1.151s] -- Up-to-date: /home/jetson/yahboomcar_ws/install/yahboomcar_astra/include/astra_camera/ob_camera_node.h
[1.152s] -- Up-to-date: /home/jetson/yahboomcar_ws/install/yahboomcar_astra/include/astra_camera/uvc_camera_driver.h
[1.152s] -- Up-to-date: /home/jetson/yahboomcar_ws/install/yahboomcar_astra/include/astra_camera/types.h
[1.152s] -- Up-to-date: /home/jetson/yahboomcar_ws/install/yahboomcar_astra/include/astra_camera/ob_context.h
[1.152s] -- Up-to-date: /home/jetson/yahboomcar_ws/install/yahboomcar_astra/include/astra_camera/ob_camera_node_factory.h
[1.152s] -- Up-to-date: /home/jetson/yahboomcar_ws/install/yahboomcar_astra/include/astra_camera/ros_param_backend.h
[1.153s] -- Up-to-date: /home/jetson/yahboomcar_ws/install/yahboomcar_astra/include/astra_camera/ob_timer_filter.h
[1.153s] -- Up-to-date: /home/jetson/yahboomcar_ws/install/yahboomcar_astra/include/astra_camera/point_cloud_proc
[1.153s] -- Up-to-date: /home/jetson/yahboomcar_ws/install/yahboomcar_astra/include/astra_camera/point_cloud_proc/point_cloud_xyzrgb.h
[1.153s] -- Up-to-date: /home/jetson/yahboomcar_ws/install/yahboomcar_astra/include/astra_camera/point_cloud_proc/point_cloud_proc.h
[1.153s] -- Up-to-date: /home/jetson/yahboomcar_ws/install/yahboomcar_astra/include/astra_camera/point_cloud_proc/depth_traits.h
[1.154s] -- Up-to-date: /home/jetson/yahboomcar_ws/install/yahboomcar_astra/include/astra_camera/point_cloud_proc/point_cloud_xyz.h
[1.154s] -- Up-to-date: /home/jetson/yahboomcar_ws/install/yahboomcar_astra/lib/yahboomcar_astra/openni2_redist/arm64
[1.154s] -- Up-to-date: /home/jetson/yahboomcar_ws/install/yahboomcar_astra/lib/yahboomcar_astra/openni2_redist/arm64/install
[1.154s] -- Up-to-date: /home/jetson/yahboomcar_ws/install/yahboomcar_astra/lib/yahboomcar_astra/openni2_redist/arm64/install/setup.zsh
[1.155s] -- Up-to-date: /home/jetson/yahboomcar_ws/install/yahboomcar_astra/lib/yahboomcar_astra/openni2_redist/arm64/install/setup.bash
[1.155s] -- Up-to-date: /home/jetson/yahboomcar_ws/install/yahboomcar_astra/lib/yahboomcar_astra/openni2_redist/arm64/install/_local_setup_util_ps1.py
[1.155s] -- Up-to-date: /home/jetson/yahboomcar_ws/install/yahboomcar_astra/lib/yahboomcar_astra/openni2_redist/arm64/install/_local_setup_util_sh.py
[1.155s] -- Up-to-date: /home/jetson/yahboomcar_ws/install/yahboomcar_astra/lib/yahboomcar_astra/openni2_redist/arm64/install/local_setup.bash
[1.156s] -- Up-to-date: /home/jetson/yahboomcar_ws/install/yahboomcar_astra/lib/yahboomcar_astra/openni2_redist/arm64/install/COLCON_IGNORE
[1.156s] -- Up-to-date: /home/jetson/yahboomcar_ws/install/yahboomcar_astra/lib/yahboomcar_astra/openni2_redist/arm64/install/local_setup.sh
[1.156s] -- Up-to-date: /home/jetson/yahboomcar_ws/install/yahboomcar_astra/lib/yahboomcar_astra/openni2_redist/arm64/install/setup.ps1
[1.156s] -- Up-to-date: /home/jetson/yahboomcar_ws/install/yahboomcar_astra/lib/yahboomcar_astra/openni2_redist/arm64/install/setup.sh
[1.156s] -- Up-to-date: /home/jetson/yahboomcar_ws/install/yahboomcar_astra/lib/yahboomcar_astra/openni2_redist/arm64/install/local_setup.zsh
[1.156s] -- Up-to-date: /home/jetson/yahboomcar_ws/install/yahboomcar_astra/lib/yahboomcar_astra/openni2_redist/arm64/install/local_setup.ps1
[1.156s] -- Up-to-date: /home/jetson/yahboomcar_ws/install/yahboomcar_astra/lib/yahboomcar_astra/openni2_redist/arm64/install/.colcon_install_layout
[1.157s] -- Up-to-date: /home/jetson/yahboomcar_ws/install/yahboomcar_astra/lib/yahboomcar_astra/openni2_redist/arm64/build
[1.157s] -- Up-to-date: /home/jetson/yahboomcar_ws/install/yahboomcar_astra/lib/yahboomcar_astra/openni2_redist/arm64/build/.built_by
[1.157s] -- Up-to-date: /home/jetson/yahboomcar_ws/install/yahboomcar_astra/lib/yahboomcar_astra/openni2_redist/arm64/build/COLCON_IGNORE
[1.157s] -- Up-to-date: /home/jetson/yahboomcar_ws/install/yahboomcar_astra/lib/yahboomcar_astra/openni2_redist/arm64/libOpenNI2.so
[1.158s] -- Up-to-date: /home/jetson/yahboomcar_ws/install/yahboomcar_astra/lib/yahboomcar_astra/openni2_redist/arm64/OpenNI.ini
[1.158s] -- Up-to-date: /home/jetson/yahboomcar_ws/install/yahboomcar_astra/lib/yahboomcar_astra/openni2_redist/arm64/OpenNI2
[1.158s] -- Up-to-date: /home/jetson/yahboomcar_ws/install/yahboomcar_astra/lib/yahboomcar_astra/openni2_redist/arm64/OpenNI2/Drivers
[1.158s] -- Up-to-date: /home/jetson/yahboomcar_ws/install/yahboomcar_astra/lib/yahboomcar_astra/openni2_redist/arm64/OpenNI2/Drivers/orbbec.ini
[1.158s] -- Up-to-date: /home/jetson/yahboomcar_ws/install/yahboomcar_astra/lib/yahboomcar_astra/openni2_redist/arm64/OpenNI2/Drivers/OniFile.ini
[1.158s] -- Up-to-date: /home/jetson/yahboomcar_ws/install/yahboomcar_astra/lib/yahboomcar_astra/openni2_redist/arm64/OpenNI2/Drivers/libOniFile.so
[1.159s] -- Up-to-date: /home/jetson/yahboomcar_ws/install/yahboomcar_astra/lib/yahboomcar_astra/openni2_redist/arm64/OpenNI2/Drivers/liborbbec.so
[1.159s] -- Up-to-date: /home/jetson/yahboomcar_ws/install/yahboomcar_astra/share/yahboomcar_astra/launch
[1.159s] -- Up-to-date: /home/jetson/yahboomcar_ws/install/yahboomcar_astra/share/yahboomcar_astra/launch/colorTracker.launch.py
[1.159s] -- Up-to-date: /home/jetson/yahboomcar_ws/install/yahboomcar_astra/share/yahboomcar_astra/launch/colorHSV.launch.py
[1.159s] -- Installing: /home/jetson/yahboomcar_ws/install/yahboomcar_astra/share/yahboomcar_astra/launch/astra.launch.py
[1.159s] -- Up-to-date: /home/jetson/yahboomcar_ws/install/yahboomcar_astra/share/yahboomcar_astra/launch/KCFTracker.launch.py
[1.160s] -- Up-to-date: /home/jetson/yahboomcar_ws/install/yahboomcar_astra/share/yahboomcar_astra/launch/.ipynb_checkpoints
[1.160s] -- Up-to-date: /home/jetson/yahboomcar_ws/install/yahboomcar_astra/share/yahboomcar_astra/launch/.ipynb_checkpoints/colorHSV-checkpoint.launch
[1.160s] -- Up-to-date: /home/jetson/yahboomcar_ws/install/yahboomcar_astra/share/yahboomcar_astra/launch/.ipynb_checkpoints/colorTracker-checkpoint.launch
[1.160s] -- Up-to-date: /home/jetson/yahboomcar_ws/install/yahboomcar_astra/share/ament_index/resource_index/package_run_dependencies/yahboomcar_astra
[1.160s] -- Up-to-date: /home/jetson/yahboomcar_ws/install/yahboomcar_astra/share/ament_index/resource_index/parent_prefix_path/yahboomcar_astra
[1.160s] -- Up-to-date: /home/jetson/yahboomcar_ws/install/yahboomcar_astra/share/yahboomcar_astra/environment/ament_prefix_path.sh
[1.161s] -- Up-to-date: /home/jetson/yahboomcar_ws/install/yahboomcar_astra/share/yahboomcar_astra/environment/ament_prefix_path.dsv
[1.161s] -- Up-to-date: /home/jetson/yahboomcar_ws/install/yahboomcar_astra/share/yahboomcar_astra/environment/path.sh
[1.161s] -- Up-to-date: /home/jetson/yahboomcar_ws/install/yahboomcar_astra/share/yahboomcar_astra/environment/path.dsv
[1.161s] -- Up-to-date: /home/jetson/yahboomcar_ws/install/yahboomcar_astra/share/yahboomcar_astra/local_setup.bash
[1.161s] -- Up-to-date: /home/jetson/yahboomcar_ws/install/yahboomcar_astra/share/yahboomcar_astra/local_setup.sh
[1.161s] -- Up-to-date: /home/jetson/yahboomcar_ws/install/yahboomcar_astra/share/yahboomcar_astra/local_setup.zsh
[1.161s] -- Up-to-date: /home/jetson/yahboomcar_ws/install/yahboomcar_astra/share/yahboomcar_astra/local_setup.dsv
[1.162s] -- Installing: /home/jetson/yahboomcar_ws/install/yahboomcar_astra/share/yahboomcar_astra/package.dsv
[1.162s] -- Up-to-date: /home/jetson/yahboomcar_ws/install/yahboomcar_astra/share/ament_index/resource_index/packages/yahboomcar_astra
[1.162s] -- Up-to-date: /home/jetson/yahboomcar_ws/install/yahboomcar_astra/share/yahboomcar_astra/cmake/yahboomcar_astraConfig.cmake
[1.162s] -- Up-to-date: /home/jetson/yahboomcar_ws/install/yahboomcar_astra/share/yahboomcar_astra/cmake/yahboomcar_astraConfig-version.cmake
[1.162s] -- Up-to-date: /home/jetson/yahboomcar_ws/install/yahboomcar_astra/share/yahboomcar_astra/package.xml
[1.162s] -- Up-to-date: /home/jetson/yahboomcar_ws/install/yahboomcar_astra/share/ament_index/resource_index/rosidl_interfaces/astra_camera_msgs
[1.162s] -- Up-to-date: /home/jetson/yahboomcar_ws/install/yahboomcar_astra/include/astra_camera_msgs/astra_camera_msgs
[1.162s] -- Up-to-date: /home/jetson/yahboomcar_ws/install/yahboomcar_astra/include/astra_camera_msgs/astra_camera_msgs/msg
[1.163s] -- Up-to-date: /home/jetson/yahboomcar_ws/install/yahboomcar_astra/include/astra_camera_msgs/astra_camera_msgs/msg/metadata.h
[1.163s] -- Up-to-date: /home/jetson/yahboomcar_ws/install/yahboomcar_astra/include/astra_camera_msgs/astra_camera_msgs/msg/extrinsics.h
[1.163s] -- Up-to-date: /home/jetson/yahboomcar_ws/install/yahboomcar_astra/include/astra_camera_msgs/astra_camera_msgs/msg/detail
[1.163s] -- Up-to-date: /home/jetson/yahboomcar_ws/install/yahboomcar_astra/include/astra_camera_msgs/astra_camera_msgs/msg/detail/metadata__type_support.h
[1.163s] -- Up-to-date: /home/jetson/yahboomcar_ws/install/yahboomcar_astra/include/astra_camera_msgs/astra_camera_msgs/msg/detail/device_info__struct.h
[1.163s] -- Up-to-date: /home/jetson/yahboomcar_ws/install/yahboomcar_astra/include/astra_camera_msgs/astra_camera_msgs/msg/detail/metadata__functions.c
[1.163s] -- Up-to-date: /home/jetson/yahboomcar_ws/install/yahboomcar_astra/include/astra_camera_msgs/astra_camera_msgs/msg/detail/extrinsics__struct.h
[1.163s] -- Up-to-date: /home/jetson/yahboomcar_ws/install/yahboomcar_astra/include/astra_camera_msgs/astra_camera_msgs/msg/detail/device_info__functions.c
[1.163s] -- Up-to-date: /home/jetson/yahboomcar_ws/install/yahboomcar_astra/include/astra_camera_msgs/astra_camera_msgs/msg/detail/extrinsics__functions.h
[1.164s] -- Up-to-date: /home/jetson/yahboomcar_ws/install/yahboomcar_astra/include/astra_camera_msgs/astra_camera_msgs/msg/detail/metadata__functions.h
[1.164s] -- Up-to-date: /home/jetson/yahboomcar_ws/install/yahboomcar_astra/include/astra_camera_msgs/astra_camera_msgs/msg/detail/device_info__type_support.h
[1.164s] -- Up-to-date: /home/jetson/yahboomcar_ws/install/yahboomcar_astra/include/astra_camera_msgs/astra_camera_msgs/msg/detail/device_info__functions.h
[1.164s] -- Up-to-date: /home/jetson/yahboomcar_ws/install/yahboomcar_astra/include/astra_camera_msgs/astra_camera_msgs/msg/detail/extrinsics__functions.c
[1.164s] -- Up-to-date: /home/jetson/yahboomcar_ws/install/yahboomcar_astra/include/astra_camera_msgs/astra_camera_msgs/msg/detail/metadata__struct.h
[1.164s] -- Up-to-date: /home/jetson/yahboomcar_ws/install/yahboomcar_astra/include/astra_camera_msgs/astra_camera_msgs/msg/detail/extrinsics__type_support.h
[1.164s] -- Up-to-date: /home/jetson/yahboomcar_ws/install/yahboomcar_astra/include/astra_camera_msgs/astra_camera_msgs/msg/rosidl_generator_c__visibility_control.h
[1.164s] -- Up-to-date: /home/jetson/yahboomcar_ws/install/yahboomcar_astra/include/astra_camera_msgs/astra_camera_msgs/msg/device_info.h
[1.164s] -- Up-to-date: /home/jetson/yahboomcar_ws/install/yahboomcar_astra/include/astra_camera_msgs/astra_camera_msgs/srv
[1.164s] -- Up-to-date: /home/jetson/yahboomcar_ws/install/yahboomcar_astra/include/astra_camera_msgs/astra_camera_msgs/srv/get_string.h
[1.165s] -- Up-to-date: /home/jetson/yahboomcar_ws/install/yahboomcar_astra/include/astra_camera_msgs/astra_camera_msgs/srv/get_camera_params.h
[1.165s] -- Up-to-date: /home/jetson/yahboomcar_ws/install/yahboomcar_astra/include/astra_camera_msgs/astra_camera_msgs/srv/get_device_info.h
[1.165s] -- Up-to-date: /home/jetson/yahboomcar_ws/install/yahboomcar_astra/include/astra_camera_msgs/astra_camera_msgs/srv/get_camera_info.h
[1.165s] -- Up-to-date: /home/jetson/yahboomcar_ws/install/yahboomcar_astra/include/astra_camera_msgs/astra_camera_msgs/srv/detail
[1.165s] -- Up-to-date: /home/jetson/yahboomcar_ws/install/yahboomcar_astra/include/astra_camera_msgs/astra_camera_msgs/srv/detail/get_camera_info__functions.c
[1.165s] -- Up-to-date: /home/jetson/yahboomcar_ws/install/yahboomcar_astra/include/astra_camera_msgs/astra_camera_msgs/srv/detail/get_camera_params__struct.h
[1.165s] -- Up-to-date: /home/jetson/yahboomcar_ws/install/yahboomcar_astra/include/astra_camera_msgs/astra_camera_msgs/srv/detail/set_int32__type_support.h
[1.165s] -- Up-to-date: /home/jetson/yahboomcar_ws/install/yahboomcar_astra/include/astra_camera_msgs/astra_camera_msgs/srv/detail/get_int32__functions.h
[1.166s] -- Up-to-date: /home/jetson/yahboomcar_ws/install/yahboomcar_astra/include/astra_camera_msgs/astra_camera_msgs/srv/detail/get_device_info__struct.h
[1.166s] -- Up-to-date: /home/jetson/yahboomcar_ws/install/yahboomcar_astra/include/astra_camera_msgs/astra_camera_msgs/srv/detail/get_device_info__type_support.h
[1.166s] -- Up-to-date: /home/jetson/yahboomcar_ws/install/yahboomcar_astra/include/astra_camera_msgs/astra_camera_msgs/srv/detail/set_int32__functions.c
[1.166s] -- Up-to-date: /home/jetson/yahboomcar_ws/install/yahboomcar_astra/include/astra_camera_msgs/astra_camera_msgs/srv/detail/get_camera_params__functions.c
[1.166s] -- Up-to-date: /home/jetson/yahboomcar_ws/install/yahboomcar_astra/include/astra_camera_msgs/astra_camera_msgs/srv/detail/get_device_info__functions.c
[1.166s] -- Up-to-date: /home/jetson/yahboomcar_ws/install/yahboomcar_astra/include/astra_camera_msgs/astra_camera_msgs/srv/detail/get_camera_params__type_support.h
[1.166s] -- Up-to-date: /home/jetson/yahboomcar_ws/install/yahboomcar_astra/include/astra_camera_msgs/astra_camera_msgs/srv/detail/get_int32__struct.h
[1.167s] -- Up-to-date: /home/jetson/yahboomcar_ws/install/yahboomcar_astra/include/astra_camera_msgs/astra_camera_msgs/srv/detail/set_int32__struct.h
[1.167s] -- Up-to-date: /home/jetson/yahboomcar_ws/install/yahboomcar_astra/include/astra_camera_msgs/astra_camera_msgs/srv/detail/get_camera_params__functions.h
[1.167s] -- Up-to-date: /home/jetson/yahboomcar_ws/install/yahboomcar_astra/include/astra_camera_msgs/astra_camera_msgs/srv/detail/set_int32__functions.h
[1.167s] -- Up-to-date: /home/jetson/yahboomcar_ws/install/yahboomcar_astra/include/astra_camera_msgs/astra_camera_msgs/srv/detail/get_device_info__functions.h
[1.167s] -- Up-to-date: /home/jetson/yahboomcar_ws/install/yahboomcar_astra/include/astra_camera_msgs/astra_camera_msgs/srv/detail/get_string__struct.h
[1.167s] -- Up-to-date: /home/jetson/yahboomcar_ws/install/yahboomcar_astra/include/astra_camera_msgs/astra_camera_msgs/srv/detail/get_string__type_support.h
[1.167s] -- Up-to-date: /home/jetson/yahboomcar_ws/install/yahboomcar_astra/include/astra_camera_msgs/astra_camera_msgs/srv/detail/get_string__functions.c
[1.167s] -- Up-to-date: /home/jetson/yahboomcar_ws/install/yahboomcar_astra/include/astra_camera_msgs/astra_camera_msgs/srv/detail/get_int32__type_support.h
[1.168s] -- Up-to-date: /home/jetson/yahboomcar_ws/install/yahboomcar_astra/include/astra_camera_msgs/astra_camera_msgs/srv/detail/get_int32__functions.c
[1.168s] -- Up-to-date: /home/jetson/yahboomcar_ws/install/yahboomcar_astra/include/astra_camera_msgs/astra_camera_msgs/srv/detail/get_camera_info__struct.h
[1.168s] -- Up-to-date: /home/jetson/yahboomcar_ws/install/yahboomcar_astra/include/astra_camera_msgs/astra_camera_msgs/srv/detail/get_string__functions.h
[1.168s] -- Up-to-date: /home/jetson/yahboomcar_ws/install/yahboomcar_astra/include/astra_camera_msgs/astra_camera_msgs/srv/detail/get_camera_info__functions.h
[1.168s] -- Up-to-date: /home/jetson/yahboomcar_ws/install/yahboomcar_astra/include/astra_camera_msgs/astra_camera_msgs/srv/detail/get_camera_info__type_support.h
[1.168s] -- Up-to-date: /home/jetson/yahboomcar_ws/install/yahboomcar_astra/include/astra_camera_msgs/astra_camera_msgs/srv/get_int32.h
[1.168s] -- Up-to-date: /home/jetson/yahboomcar_ws/install/yahboomcar_astra/include/astra_camera_msgs/astra_camera_msgs/srv/set_int32.h
[1.168s] -- Up-to-date: /home/jetson/yahboomcar_ws/install/yahboomcar_astra/share/astra_camera_msgs/environment/library_path.sh
[1.169s] -- Up-to-date: /home/jetson/yahboomcar_ws/install/yahboomcar_astra/share/astra_camera_msgs/environment/library_path.dsv
[1.169s] -- Up-to-date: /home/jetson/yahboomcar_ws/install/yahboomcar_astra/lib/libastra_camera_msgs__rosidl_generator_c.so
[1.169s] -- Up-to-date: /home/jetson/yahboomcar_ws/install/yahboomcar_astra/include/astra_camera_msgs/astra_camera_msgs
[1.169s] -- Up-to-date: /home/jetson/yahboomcar_ws/install/yahboomcar_astra/include/astra_camera_msgs/astra_camera_msgs/msg
[1.169s] -- Up-to-date: /home/jetson/yahboomcar_ws/install/yahboomcar_astra/include/astra_camera_msgs/astra_camera_msgs/msg/detail
[1.169s] -- Up-to-date: /home/jetson/yahboomcar_ws/install/yahboomcar_astra/include/astra_camera_msgs/astra_camera_msgs/msg/detail/metadata__rosidl_typesupport_fastrtps_c.h
[1.169s] -- Up-to-date: /home/jetson/yahboomcar_ws/install/yahboomcar_astra/include/astra_camera_msgs/astra_camera_msgs/msg/detail/extrinsics__rosidl_typesupport_fastrtps_c.h
[1.169s] -- Up-to-date: /home/jetson/yahboomcar_ws/install/yahboomcar_astra/include/astra_camera_msgs/astra_camera_msgs/msg/detail/device_info__rosidl_typesupport_fastrtps_c.h
[1.170s] -- Up-to-date: /home/jetson/yahboomcar_ws/install/yahboomcar_astra/include/astra_camera_msgs/astra_camera_msgs/msg/rosidl_typesupport_fastrtps_c__visibility_control.h
[1.170s] -- Up-to-date: /home/jetson/yahboomcar_ws/install/yahboomcar_astra/include/astra_camera_msgs/astra_camera_msgs/srv
[1.170s] -- Up-to-date: /home/jetson/yahboomcar_ws/install/yahboomcar_astra/include/astra_camera_msgs/astra_camera_msgs/srv/detail
[1.170s] -- Up-to-date: /home/jetson/yahboomcar_ws/install/yahboomcar_astra/include/astra_camera_msgs/astra_camera_msgs/srv/detail/get_string__rosidl_typesupport_fastrtps_c.h
[1.170s] -- Up-to-date: /home/jetson/yahboomcar_ws/install/yahboomcar_astra/include/astra_camera_msgs/astra_camera_msgs/srv/detail/set_int32__rosidl_typesupport_fastrtps_c.h
[1.170s] -- Up-to-date: /home/jetson/yahboomcar_ws/install/yahboomcar_astra/include/astra_camera_msgs/astra_camera_msgs/srv/detail/get_camera_info__rosidl_typesupport_fastrtps_c.h
[1.170s] -- Up-to-date: /home/jetson/yahboomcar_ws/install/yahboomcar_astra/include/astra_camera_msgs/astra_camera_msgs/srv/detail/get_int32__rosidl_typesupport_fastrtps_c.h
[1.170s] -- Up-to-date: /home/jetson/yahboomcar_ws/install/yahboomcar_astra/include/astra_camera_msgs/astra_camera_msgs/srv/detail/get_device_info__rosidl_typesupport_fastrtps_c.h
[1.170s] -- Up-to-date: /home/jetson/yahboomcar_ws/install/yahboomcar_astra/include/astra_camera_msgs/astra_camera_msgs/srv/detail/get_camera_params__rosidl_typesupport_fastrtps_c.h
[1.171s] -- Up-to-date: /home/jetson/yahboomcar_ws/install/yahboomcar_astra/lib/libastra_camera_msgs__rosidl_typesupport_fastrtps_c.so
[1.171s] -- Up-to-date: /home/jetson/yahboomcar_ws/install/yahboomcar_astra/include/astra_camera_msgs/astra_camera_msgs
[1.171s] -- Up-to-date: /home/jetson/yahboomcar_ws/install/yahboomcar_astra/include/astra_camera_msgs/astra_camera_msgs/msg
[1.171s] -- Up-to-date: /home/jetson/yahboomcar_ws/install/yahboomcar_astra/include/astra_camera_msgs/astra_camera_msgs/msg/rosidl_typesupport_introspection_c__visibility_control.h
[1.171s] -- Up-to-date: /home/jetson/yahboomcar_ws/install/yahboomcar_astra/include/astra_camera_msgs/astra_camera_msgs/msg/detail
[1.171s] -- Up-to-date: /home/jetson/yahboomcar_ws/install/yahboomcar_astra/include/astra_camera_msgs/astra_camera_msgs/msg/detail/extrinsics__rosidl_typesupport_introspection_c.h
[1.171s] -- Up-to-date: /home/jetson/yahboomcar_ws/install/yahboomcar_astra/include/astra_camera_msgs/astra_camera_msgs/msg/detail/metadata__rosidl_typesupport_introspection_c.h
[1.171s] -- Up-to-date: /home/jetson/yahboomcar_ws/install/yahboomcar_astra/include/astra_camera_msgs/astra_camera_msgs/msg/detail/metadata__type_support.c
[1.171s] -- Up-to-date: /home/jetson/yahboomcar_ws/install/yahboomcar_astra/include/astra_camera_msgs/astra_camera_msgs/msg/detail/extrinsics__type_support.c
[1.172s] -- Up-to-date: /home/jetson/yahboomcar_ws/install/yahboomcar_astra/include/astra_camera_msgs/astra_camera_msgs/msg/detail/device_info__type_support.c
[1.172s] -- Up-to-date: /home/jetson/yahboomcar_ws/install/yahboomcar_astra/include/astra_camera_msgs/astra_camera_msgs/msg/detail/device_info__rosidl_typesupport_introspection_c.h
[1.172s] -- Up-to-date: /home/jetson/yahboomcar_ws/install/yahboomcar_astra/include/astra_camera_msgs/astra_camera_msgs/srv
[1.172s] -- Up-to-date: /home/jetson/yahboomcar_ws/install/yahboomcar_astra/include/astra_camera_msgs/astra_camera_msgs/srv/detail
[1.172s] -- Up-to-date: /home/jetson/yahboomcar_ws/install/yahboomcar_astra/include/astra_camera_msgs/astra_camera_msgs/srv/detail/get_camera_info__type_support.c
[1.172s] -- Up-to-date: /home/jetson/yahboomcar_ws/install/yahboomcar_astra/include/astra_camera_msgs/astra_camera_msgs/srv/detail/get_camera_params__type_support.c
[1.172s] -- Up-to-date: /home/jetson/yahboomcar_ws/install/yahboomcar_astra/include/astra_camera_msgs/astra_camera_msgs/srv/detail/get_int32__rosidl_typesupport_introspection_c.h
[1.172s] -- Up-to-date: /home/jetson/yahboomcar_ws/install/yahboomcar_astra/include/astra_camera_msgs/astra_camera_msgs/srv/detail/get_string__rosidl_typesupport_introspection_c.h
[1.173s] -- Up-to-date: /home/jetson/yahboomcar_ws/install/yahboomcar_astra/include/astra_camera_msgs/astra_camera_msgs/srv/detail/get_device_info__rosidl_typesupport_introspection_c.h
[1.173s] -- Up-to-date: /home/jetson/yahboomcar_ws/install/yahboomcar_astra/include/astra_camera_msgs/astra_camera_msgs/srv/detail/get_string__type_support.c
[1.173s] -- Up-to-date: /home/jetson/yahboomcar_ws/install/yahboomcar_astra/include/astra_camera_msgs/astra_camera_msgs/srv/detail/get_int32__type_support.c
[1.173s] -- Up-to-date: /home/jetson/yahboomcar_ws/install/yahboomcar_astra/include/astra_camera_msgs/astra_camera_msgs/srv/detail/get_device_info__type_support.c
[1.173s] -- Up-to-date: /home/jetson/yahboomcar_ws/install/yahboomcar_astra/include/astra_camera_msgs/astra_camera_msgs/srv/detail/set_int32__type_support.c
[1.173s] -- Up-to-date: /home/jetson/yahboomcar_ws/install/yahboomcar_astra/include/astra_camera_msgs/astra_camera_msgs/srv/detail/set_int32__rosidl_typesupport_introspection_c.h
[1.173s] -- Up-to-date: /home/jetson/yahboomcar_ws/install/yahboomcar_astra/include/astra_camera_msgs/astra_camera_msgs/srv/detail/get_camera_params__rosidl_typesupport_introspection_c.h
[1.173s] -- Up-to-date: /home/jetson/yahboomcar_ws/install/yahboomcar_astra/include/astra_camera_msgs/astra_camera_msgs/srv/detail/get_camera_info__rosidl_typesupport_introspection_c.h
[1.174s] -- Up-to-date: /home/jetson/yahboomcar_ws/install/yahboomcar_astra/lib/libastra_camera_msgs__rosidl_typesupport_introspection_c.so
[1.174s] -- Up-to-date: /home/jetson/yahboomcar_ws/install/yahboomcar_astra/lib/libastra_camera_msgs__rosidl_typesupport_c.so
[1.174s] -- Up-to-date: /home/jetson/yahboomcar_ws/install/yahboomcar_astra/include/astra_camera_msgs/astra_camera_msgs
[1.174s] -- Up-to-date: /home/jetson/yahboomcar_ws/install/yahboomcar_astra/include/astra_camera_msgs/astra_camera_msgs/msg
[1.174s] -- Up-to-date: /home/jetson/yahboomcar_ws/install/yahboomcar_astra/include/astra_camera_msgs/astra_camera_msgs/msg/extrinsics.hpp
[1.174s] -- Up-to-date: /home/jetson/yahboomcar_ws/install/yahboomcar_astra/include/astra_camera_msgs/astra_camera_msgs/msg/detail
[1.174s] -- Up-to-date: /home/jetson/yahboomcar_ws/install/yahboomcar_astra/include/astra_camera_msgs/astra_camera_msgs/msg/detail/extrinsics__struct.hpp
[1.174s] -- Up-to-date: /home/jetson/yahboomcar_ws/install/yahboomcar_astra/include/astra_camera_msgs/astra_camera_msgs/msg/detail/device_info__builder.hpp
[1.174s] -- Up-to-date: /home/jetson/yahboomcar_ws/install/yahboomcar_astra/include/astra_camera_msgs/astra_camera_msgs/msg/detail/device_info__struct.hpp
[1.175s] -- Up-to-date: /home/jetson/yahboomcar_ws/install/yahboomcar_astra/include/astra_camera_msgs/astra_camera_msgs/msg/detail/extrinsics__traits.hpp
[1.175s] -- Up-to-date: /home/jetson/yahboomcar_ws/install/yahboomcar_astra/include/astra_camera_msgs/astra_camera_msgs/msg/detail/extrinsics__builder.hpp
[1.175s] -- Up-to-date: /home/jetson/yahboomcar_ws/install/yahboomcar_astra/include/astra_camera_msgs/astra_camera_msgs/msg/detail/device_info__type_support.hpp
[1.175s] -- Up-to-date: /home/jetson/yahboomcar_ws/install/yahboomcar_astra/include/astra_camera_msgs/astra_camera_msgs/msg/detail/metadata__type_support.hpp
[1.175s] -- Up-to-date: /home/jetson/yahboomcar_ws/install/yahboomcar_astra/include/astra_camera_msgs/astra_camera_msgs/msg/detail/metadata__builder.hpp
[1.175s] -- Up-to-date: /home/jetson/yahboomcar_ws/install/yahboomcar_astra/include/astra_camera_msgs/astra_camera_msgs/msg/detail/metadata__traits.hpp
[1.175s] -- Up-to-date: /home/jetson/yahboomcar_ws/install/yahboomcar_astra/include/astra_camera_msgs/astra_camera_msgs/msg/detail/metadata__struct.hpp
[1.175s] -- Up-to-date: /home/jetson/yahboomcar_ws/install/yahboomcar_astra/include/astra_camera_msgs/astra_camera_msgs/msg/detail/device_info__traits.hpp
[1.176s] -- Up-to-date: /home/jetson/yahboomcar_ws/install/yahboomcar_astra/include/astra_camera_msgs/astra_camera_msgs/msg/detail/extrinsics__type_support.hpp
[1.176s] -- Up-to-date: /home/jetson/yahboomcar_ws/install/yahboomcar_astra/include/astra_camera_msgs/astra_camera_msgs/msg/metadata.hpp
[1.176s] -- Up-to-date: /home/jetson/yahboomcar_ws/install/yahboomcar_astra/include/astra_camera_msgs/astra_camera_msgs/msg/device_info.hpp
[1.176s] -- Up-to-date: /home/jetson/yahboomcar_ws/install/yahboomcar_astra/include/astra_camera_msgs/astra_camera_msgs/msg/rosidl_generator_cpp__visibility_control.hpp
[1.176s] -- Up-to-date: /home/jetson/yahboomcar_ws/install/yahboomcar_astra/include/astra_camera_msgs/astra_camera_msgs/srv
[1.176s] -- Up-to-date: /home/jetson/yahboomcar_ws/install/yahboomcar_astra/include/astra_camera_msgs/astra_camera_msgs/srv/get_int32.hpp
[1.176s] -- Up-to-date: /home/jetson/yahboomcar_ws/install/yahboomcar_astra/include/astra_camera_msgs/astra_camera_msgs/srv/set_int32.hpp
[1.176s] -- Up-to-date: /home/jetson/yahboomcar_ws/install/yahboomcar_astra/include/astra_camera_msgs/astra_camera_msgs/srv/get_camera_params.hpp
[1.176s] -- Up-to-date: /home/jetson/yahboomcar_ws/install/yahboomcar_astra/include/astra_camera_msgs/astra_camera_msgs/srv/detail
[1.177s] -- Up-to-date: /home/jetson/yahboomcar_ws/install/yahboomcar_astra/include/astra_camera_msgs/astra_camera_msgs/srv/detail/get_camera_params__type_support.hpp
[1.177s] -- Up-to-date: /home/jetson/yahboomcar_ws/install/yahboomcar_astra/include/astra_camera_msgs/astra_camera_msgs/srv/detail/get_int32__struct.hpp
[1.177s] -- Up-to-date: /home/jetson/yahboomcar_ws/install/yahboomcar_astra/include/astra_camera_msgs/astra_camera_msgs/srv/detail/get_camera_info__struct.hpp
[1.177s] -- Up-to-date: /home/jetson/yahboomcar_ws/install/yahboomcar_astra/include/astra_camera_msgs/astra_camera_msgs/srv/detail/get_string__struct.hpp
[1.177s] -- Up-to-date: /home/jetson/yahboomcar_ws/install/yahboomcar_astra/include/astra_camera_msgs/astra_camera_msgs/srv/detail/get_device_info__struct.hpp
[1.177s] -- Up-to-date: /home/jetson/yahboomcar_ws/install/yahboomcar_astra/include/astra_camera_msgs/astra_camera_msgs/srv/detail/get_camera_info__builder.hpp
[1.177s] -- Up-to-date: /home/jetson/yahboomcar_ws/install/yahboomcar_astra/include/astra_camera_msgs/astra_camera_msgs/srv/detail/get_int32__traits.hpp
[1.177s] -- Up-to-date: /home/jetson/yahboomcar_ws/install/yahboomcar_astra/include/astra_camera_msgs/astra_camera_msgs/srv/detail/get_string__type_support.hpp
[1.177s] -- Up-to-date: /home/jetson/yahboomcar_ws/install/yahboomcar_astra/include/astra_camera_msgs/astra_camera_msgs/srv/detail/get_string__traits.hpp
[1.178s] -- Up-to-date: /home/jetson/yahboomcar_ws/install/yahboomcar_astra/include/astra_camera_msgs/astra_camera_msgs/srv/detail/set_int32__struct.hpp
[1.178s] -- Up-to-date: /home/jetson/yahboomcar_ws/install/yahboomcar_astra/include/astra_camera_msgs/astra_camera_msgs/srv/detail/get_device_info__type_support.hpp
[1.178s] -- Up-to-date: /home/jetson/yahboomcar_ws/install/yahboomcar_astra/include/astra_camera_msgs/astra_camera_msgs/srv/detail/get_device_info__traits.hpp
[1.178s] -- Up-to-date: /home/jetson/yahboomcar_ws/install/yahboomcar_astra/include/astra_camera_msgs/astra_camera_msgs/srv/detail/get_int32__type_support.hpp
[1.178s] -- Up-to-date: /home/jetson/yahboomcar_ws/install/yahboomcar_astra/include/astra_camera_msgs/astra_camera_msgs/srv/detail/get_camera_info__traits.hpp
[1.178s] -- Up-to-date: /home/jetson/yahboomcar_ws/install/yahboomcar_astra/include/astra_camera_msgs/astra_camera_msgs/srv/detail/set_int32__builder.hpp
[1.178s] -- Up-to-date: /home/jetson/yahboomcar_ws/install/yahboomcar_astra/include/astra_camera_msgs/astra_camera_msgs/srv/detail/get_camera_params__builder.hpp
[1.178s] -- Up-to-date: /home/jetson/yahboomcar_ws/install/yahboomcar_astra/include/astra_camera_msgs/astra_camera_msgs/srv/detail/set_int32__traits.hpp
[1.179s] -- Up-to-date: /home/jetson/yahboomcar_ws/install/yahboomcar_astra/include/astra_camera_msgs/astra_camera_msgs/srv/detail/get_int32__builder.hpp
[1.179s] -- Up-to-date: /home/jetson/yahboomcar_ws/install/yahboomcar_astra/include/astra_camera_msgs/astra_camera_msgs/srv/detail/get_camera_info__type_support.hpp
[1.179s] -- Up-to-date: /home/jetson/yahboomcar_ws/install/yahboomcar_astra/include/astra_camera_msgs/astra_camera_msgs/srv/detail/get_camera_params__struct.hpp
[1.179s] -- Up-to-date: /home/jetson/yahboomcar_ws/install/yahboomcar_astra/include/astra_camera_msgs/astra_camera_msgs/srv/detail/set_int32__type_support.hpp
[1.179s] -- Up-to-date: /home/jetson/yahboomcar_ws/install/yahboomcar_astra/include/astra_camera_msgs/astra_camera_msgs/srv/detail/get_camera_params__traits.hpp
[1.179s] -- Up-to-date: /home/jetson/yahboomcar_ws/install/yahboomcar_astra/include/astra_camera_msgs/astra_camera_msgs/srv/detail/get_device_info__builder.hpp
[1.179s] -- Up-to-date: /home/jetson/yahboomcar_ws/install/yahboomcar_astra/include/astra_camera_msgs/astra_camera_msgs/srv/detail/get_string__builder.hpp
[1.179s] -- Up-to-date: /home/jetson/yahboomcar_ws/install/yahboomcar_astra/include/astra_camera_msgs/astra_camera_msgs/srv/get_string.hpp
[1.180s] -- Up-to-date: /home/jetson/yahboomcar_ws/install/yahboomcar_astra/include/astra_camera_msgs/astra_camera_msgs/srv/get_camera_info.hpp
[1.180s] -- Up-to-date: /home/jetson/yahboomcar_ws/install/yahboomcar_astra/include/astra_camera_msgs/astra_camera_msgs/srv/get_device_info.hpp
[1.180s] -- Up-to-date: /home/jetson/yahboomcar_ws/install/yahboomcar_astra/include/astra_camera_msgs/astra_camera_msgs
[1.180s] -- Up-to-date: /home/jetson/yahboomcar_ws/install/yahboomcar_astra/include/astra_camera_msgs/astra_camera_msgs/msg
[1.180s] -- Up-to-date: /home/jetson/yahboomcar_ws/install/yahboomcar_astra/include/astra_camera_msgs/astra_camera_msgs/msg/detail
[1.180s] -- Up-to-date: /home/jetson/yahboomcar_ws/install/yahboomcar_astra/include/astra_camera_msgs/astra_camera_msgs/msg/detail/metadata__rosidl_typesupport_fastrtps_cpp.hpp
[1.180s] -- Up-to-date: /home/jetson/yahboomcar_ws/install/yahboomcar_astra/include/astra_camera_msgs/astra_camera_msgs/msg/detail/device_info__rosidl_typesupport_fastrtps_cpp.hpp
[1.180s] -- Up-to-date: /home/jetson/yahboomcar_ws/install/yahboomcar_astra/include/astra_camera_msgs/astra_camera_msgs/msg/detail/dds_fastrtps
[1.180s] -- Up-to-date: /home/jetson/yahboomcar_ws/install/yahboomcar_astra/include/astra_camera_msgs/astra_camera_msgs/msg/detail/extrinsics__rosidl_typesupport_fastrtps_cpp.hpp
[1.181s] -- Up-to-date: /home/jetson/yahboomcar_ws/install/yahboomcar_astra/include/astra_camera_msgs/astra_camera_msgs/msg/rosidl_typesupport_fastrtps_cpp__visibility_control.h
[1.181s] -- Up-to-date: /home/jetson/yahboomcar_ws/install/yahboomcar_astra/include/astra_camera_msgs/astra_camera_msgs/srv
[1.181s] -- Up-to-date: /home/jetson/yahboomcar_ws/install/yahboomcar_astra/include/astra_camera_msgs/astra_camera_msgs/srv/detail
[1.181s] -- Up-to-date: /home/jetson/yahboomcar_ws/install/yahboomcar_astra/include/astra_camera_msgs/astra_camera_msgs/srv/detail/get_string__rosidl_typesupport_fastrtps_cpp.hpp
[1.181s] -- Up-to-date: /home/jetson/yahboomcar_ws/install/yahboomcar_astra/include/astra_camera_msgs/astra_camera_msgs/srv/detail/set_int32__rosidl_typesupport_fastrtps_cpp.hpp
[1.181s] -- Up-to-date: /home/jetson/yahboomcar_ws/install/yahboomcar_astra/include/astra_camera_msgs/astra_camera_msgs/srv/detail/get_camera_info__rosidl_typesupport_fastrtps_cpp.hpp
[1.181s] -- Up-to-date: /home/jetson/yahboomcar_ws/install/yahboomcar_astra/include/astra_camera_msgs/astra_camera_msgs/srv/detail/get_int32__rosidl_typesupport_fastrtps_cpp.hpp
[1.181s] -- Up-to-date: /home/jetson/yahboomcar_ws/install/yahboomcar_astra/include/astra_camera_msgs/astra_camera_msgs/srv/detail/get_device_info__rosidl_typesupport_fastrtps_cpp.hpp
[1.181s] -- Up-to-date: /home/jetson/yahboomcar_ws/install/yahboomcar_astra/include/astra_camera_msgs/astra_camera_msgs/srv/detail/get_camera_params__rosidl_typesupport_fastrtps_cpp.hpp
[1.182s] -- Up-to-date: /home/jetson/yahboomcar_ws/install/yahboomcar_astra/include/astra_camera_msgs/astra_camera_msgs/srv/detail/dds_fastrtps
[1.182s] -- Up-to-date: /home/jetson/yahboomcar_ws/install/yahboomcar_astra/lib/libastra_camera_msgs__rosidl_typesupport_fastrtps_cpp.so
[1.182s] -- Up-to-date: /home/jetson/yahboomcar_ws/install/yahboomcar_astra/include/astra_camera_msgs/astra_camera_msgs
[1.182s] -- Up-to-date: /home/jetson/yahboomcar_ws/install/yahboomcar_astra/include/astra_camera_msgs/astra_camera_msgs/msg
[1.182s] -- Up-to-date: /home/jetson/yahboomcar_ws/install/yahboomcar_astra/include/astra_camera_msgs/astra_camera_msgs/msg/detail
[1.182s] -- Up-to-date: /home/jetson/yahboomcar_ws/install/yahboomcar_astra/include/astra_camera_msgs/astra_camera_msgs/msg/detail/device_info__rosidl_typesupport_introspection_cpp.hpp
[1.182s] -- Up-to-date: /home/jetson/yahboomcar_ws/install/yahboomcar_astra/include/astra_camera_msgs/astra_camera_msgs/msg/detail/extrinsics__rosidl_typesupport_introspection_cpp.hpp
[1.182s] -- Up-to-date: /home/jetson/yahboomcar_ws/install/yahboomcar_astra/include/astra_camera_msgs/astra_camera_msgs/msg/detail/metadata__type_support.cpp
[1.182s] -- Up-to-date: /home/jetson/yahboomcar_ws/install/yahboomcar_astra/include/astra_camera_msgs/astra_camera_msgs/msg/detail/device_info__type_support.cpp
[1.183s] -- Up-to-date: /home/jetson/yahboomcar_ws/install/yahboomcar_astra/include/astra_camera_msgs/astra_camera_msgs/msg/detail/metadata__rosidl_typesupport_introspection_cpp.hpp
[1.183s] -- Up-to-date: /home/jetson/yahboomcar_ws/install/yahboomcar_astra/include/astra_camera_msgs/astra_camera_msgs/msg/detail/extrinsics__type_support.cpp
[1.183s] -- Up-to-date: /home/jetson/yahboomcar_ws/install/yahboomcar_astra/include/astra_camera_msgs/astra_camera_msgs/srv
[1.183s] -- Up-to-date: /home/jetson/yahboomcar_ws/install/yahboomcar_astra/include/astra_camera_msgs/astra_camera_msgs/srv/detail
[1.183s] -- Up-to-date: /home/jetson/yahboomcar_ws/install/yahboomcar_astra/include/astra_camera_msgs/astra_camera_msgs/srv/detail/get_camera_params__rosidl_typesupport_introspection_cpp.hpp
[1.183s] -- Up-to-date: /home/jetson/yahboomcar_ws/install/yahboomcar_astra/include/astra_camera_msgs/astra_camera_msgs/srv/detail/get_camera_info__type_support.cpp
[1.183s] -- Up-to-date: /home/jetson/yahboomcar_ws/install/yahboomcar_astra/include/astra_camera_msgs/astra_camera_msgs/srv/detail/set_int32__type_support.cpp
[1.183s] -- Up-to-date: /home/jetson/yahboomcar_ws/install/yahboomcar_astra/include/astra_camera_msgs/astra_camera_msgs/srv/detail/get_camera_params__type_support.cpp
[1.183s] -- Up-to-date: /home/jetson/yahboomcar_ws/install/yahboomcar_astra/include/astra_camera_msgs/astra_camera_msgs/srv/detail/get_device_info__rosidl_typesupport_introspection_cpp.hpp
[1.184s] -- Up-to-date: /home/jetson/yahboomcar_ws/install/yahboomcar_astra/include/astra_camera_msgs/astra_camera_msgs/srv/detail/get_int32__rosidl_typesupport_introspection_cpp.hpp
[1.184s] -- Up-to-date: /home/jetson/yahboomcar_ws/install/yahboomcar_astra/include/astra_camera_msgs/astra_camera_msgs/srv/detail/get_camera_info__rosidl_typesupport_introspection_cpp.hpp
[1.184s] -- Up-to-date: /home/jetson/yahboomcar_ws/install/yahboomcar_astra/include/astra_camera_msgs/astra_camera_msgs/srv/detail/set_int32__rosidl_typesupport_introspection_cpp.hpp
[1.184s] -- Up-to-date: /home/jetson/yahboomcar_ws/install/yahboomcar_astra/include/astra_camera_msgs/astra_camera_msgs/srv/detail/get_device_info__type_support.cpp
[1.184s] -- Up-to-date: /home/jetson/yahboomcar_ws/install/yahboomcar_astra/include/astra_camera_msgs/astra_camera_msgs/srv/detail/get_string__type_support.cpp
[1.184s] -- Up-to-date: /home/jetson/yahboomcar_ws/install/yahboomcar_astra/include/astra_camera_msgs/astra_camera_msgs/srv/detail/get_int32__type_support.cpp
[1.184s] -- Up-to-date: /home/jetson/yahboomcar_ws/install/yahboomcar_astra/include/astra_camera_msgs/astra_camera_msgs/srv/detail/get_string__rosidl_typesupport_introspection_cpp.hpp
[1.184s] -- Up-to-date: /home/jetson/yahboomcar_ws/install/yahboomcar_astra/lib/libastra_camera_msgs__rosidl_typesupport_introspection_cpp.so
[1.184s] -- Up-to-date: /home/jetson/yahboomcar_ws/install/yahboomcar_astra/lib/libastra_camera_msgs__rosidl_typesupport_cpp.so
[1.185s] -- Up-to-date: /home/jetson/yahboomcar_ws/install/yahboomcar_astra/share/astra_camera_msgs/environment/pythonpath.sh
[1.185s] -- Up-to-date: /home/jetson/yahboomcar_ws/install/yahboomcar_astra/share/astra_camera_msgs/environment/pythonpath.dsv
[1.185s] -- Up-to-date: /home/jetson/yahboomcar_ws/install/yahboomcar_astra/local/lib/python3.10/dist-packages/astra_camera_msgs-1.0.1-py3.10.egg-info
[1.185s] -- Installing: /home/jetson/yahboomcar_ws/install/yahboomcar_astra/local/lib/python3.10/dist-packages/astra_camera_msgs-1.0.1-py3.10.egg-info/dependency_links.txt
[1.185s] -- Installing: /home/jetson/yahboomcar_ws/install/yahboomcar_astra/local/lib/python3.10/dist-packages/astra_camera_msgs-1.0.1-py3.10.egg-info/top_level.txt
[1.185s] -- Installing: /home/jetson/yahboomcar_ws/install/yahboomcar_astra/local/lib/python3.10/dist-packages/astra_camera_msgs-1.0.1-py3.10.egg-info/SOURCES.txt
[1.185s] -- Installing: /home/jetson/yahboomcar_ws/install/yahboomcar_astra/local/lib/python3.10/dist-packages/astra_camera_msgs-1.0.1-py3.10.egg-info/PKG-INFO
[1.186s] -- Up-to-date: /home/jetson/yahboomcar_ws/install/yahboomcar_astra/local/lib/python3.10/dist-packages/astra_camera_msgs
[1.186s] -- Up-to-date: /home/jetson/yahboomcar_ws/install/yahboomcar_astra/local/lib/python3.10/dist-packages/astra_camera_msgs/msg
[1.186s] -- Up-to-date: /home/jetson/yahboomcar_ws/install/yahboomcar_astra/local/lib/python3.10/dist-packages/astra_camera_msgs/msg/_extrinsics.py
[1.186s] -- Up-to-date: /home/jetson/yahboomcar_ws/install/yahboomcar_astra/local/lib/python3.10/dist-packages/astra_camera_msgs/msg/_device_info.py
[1.186s] -- Up-to-date: /home/jetson/yahboomcar_ws/install/yahboomcar_astra/local/lib/python3.10/dist-packages/astra_camera_msgs/msg/__init__.py
[1.187s] -- Up-to-date: /home/jetson/yahboomcar_ws/install/yahboomcar_astra/local/lib/python3.10/dist-packages/astra_camera_msgs/msg/_metadata_s.c
[1.187s] -- Up-to-date: /home/jetson/yahboomcar_ws/install/yahboomcar_astra/local/lib/python3.10/dist-packages/astra_camera_msgs/msg/_device_info_s.c
[1.187s] -- Up-to-date: /home/jetson/yahboomcar_ws/install/yahboomcar_astra/local/lib/python3.10/dist-packages/astra_camera_msgs/msg/_metadata.py
[1.187s] -- Up-to-date: /home/jetson/yahboomcar_ws/install/yahboomcar_astra/local/lib/python3.10/dist-packages/astra_camera_msgs/msg/_extrinsics_s.c
[1.187s] -- Up-to-date: /home/jetson/yahboomcar_ws/install/yahboomcar_astra/local/lib/python3.10/dist-packages/astra_camera_msgs/__init__.py
[1.187s] -- Up-to-date: /home/jetson/yahboomcar_ws/install/yahboomcar_astra/local/lib/python3.10/dist-packages/astra_camera_msgs/srv
[1.187s] -- Up-to-date: /home/jetson/yahboomcar_ws/install/yahboomcar_astra/local/lib/python3.10/dist-packages/astra_camera_msgs/srv/_get_device_info_s.c
[1.187s] -- Up-to-date: /home/jetson/yahboomcar_ws/install/yahboomcar_astra/local/lib/python3.10/dist-packages/astra_camera_msgs/srv/_get_camera_info_s.c
[1.187s] -- Up-to-date: /home/jetson/yahboomcar_ws/install/yahboomcar_astra/local/lib/python3.10/dist-packages/astra_camera_msgs/srv/_get_int32_s.c
[1.187s] -- Up-to-date: /home/jetson/yahboomcar_ws/install/yahboomcar_astra/local/lib/python3.10/dist-packages/astra_camera_msgs/srv/_get_string.py
[1.188s] -- Up-to-date: /home/jetson/yahboomcar_ws/install/yahboomcar_astra/local/lib/python3.10/dist-packages/astra_camera_msgs/srv/_get_int32.py
[1.188s] -- Up-to-date: /home/jetson/yahboomcar_ws/install/yahboomcar_astra/local/lib/python3.10/dist-packages/astra_camera_msgs/srv/__init__.py
[1.188s] -- Up-to-date: /home/jetson/yahboomcar_ws/install/yahboomcar_astra/local/lib/python3.10/dist-packages/astra_camera_msgs/srv/_get_camera_params.py
[1.188s] -- Up-to-date: /home/jetson/yahboomcar_ws/install/yahboomcar_astra/local/lib/python3.10/dist-packages/astra_camera_msgs/srv/_get_camera_params_s.c
[1.188s] -- Up-to-date: /home/jetson/yahboomcar_ws/install/yahboomcar_astra/local/lib/python3.10/dist-packages/astra_camera_msgs/srv/_get_device_info.py
[1.188s] -- Up-to-date: /home/jetson/yahboomcar_ws/install/yahboomcar_astra/local/lib/python3.10/dist-packages/astra_camera_msgs/srv/_set_int32_s.c
[1.188s] -- Up-to-date: /home/jetson/yahboomcar_ws/install/yahboomcar_astra/local/lib/python3.10/dist-packages/astra_camera_msgs/srv/_get_camera_info.py
[1.188s] -- Up-to-date: /home/jetson/yahboomcar_ws/install/yahboomcar_astra/local/lib/python3.10/dist-packages/astra_camera_msgs/srv/_set_int32.py
[1.188s] -- Up-to-date: /home/jetson/yahboomcar_ws/install/yahboomcar_astra/local/lib/python3.10/dist-packages/astra_camera_msgs/srv/_get_string_s.c
[1.189s] -- Up-to-date: /home/jetson/yahboomcar_ws/install/yahboomcar_astra/local/lib/python3.10/dist-packages/astra_camera_msgs/libastra_camera_msgs__rosidl_generator_py.so
[1.189s] -- Up-to-date: /home/jetson/yahboomcar_ws/install/yahboomcar_astra/local/lib/python3.10/dist-packages/astra_camera_msgs/astra_camera_msgs_s__rosidl_typesupport_introspection_c.cpython-310-aarch64-linux-gnu.so
[1.189s] -- Up-to-date: /home/jetson/yahboomcar_ws/install/yahboomcar_astra/local/lib/python3.10/dist-packages/astra_camera_msgs/astra_camera_msgs_s__rosidl_typesupport_c.cpython-310-aarch64-linux-gnu.so
[1.189s] -- Up-to-date: /home/jetson/yahboomcar_ws/install/yahboomcar_astra/local/lib/python3.10/dist-packages/astra_camera_msgs/_astra_camera_msgs_s.ep.rosidl_typesupport_introspection_c.c
[1.189s] -- Up-to-date: /home/jetson/yahboomcar_ws/install/yahboomcar_astra/local/lib/python3.10/dist-packages/astra_camera_msgs/_astra_camera_msgs_s.ep.rosidl_typesupport_fastrtps_c.c
[1.189s] -- Up-to-date: /home/jetson/yahboomcar_ws/install/yahboomcar_astra/local/lib/python3.10/dist-packages/astra_camera_msgs/astra_camera_msgs_s__rosidl_typesupport_fastrtps_c.cpython-310-aarch64-linux-gnu.so
[1.189s] -- Up-to-date: /home/jetson/yahboomcar_ws/install/yahboomcar_astra/local/lib/python3.10/dist-packages/astra_camera_msgs/_astra_camera_msgs_s.ep.rosidl_typesupport_c.c
[1.230s] Listing '/home/jetson/yahboomcar_ws/install/yahboomcar_astra/local/lib/python3.10/dist-packages/astra_camera_msgs'...
[1.230s] Listing '/home/jetson/yahboomcar_ws/install/yahboomcar_astra/local/lib/python3.10/dist-packages/astra_camera_msgs/msg'...
[1.230s] Listing '/home/jetson/yahboomcar_ws/install/yahboomcar_astra/local/lib/python3.10/dist-packages/astra_camera_msgs/srv'...
[1.240s] -- Up-to-date: /home/jetson/yahboomcar_ws/install/yahboomcar_astra/local/lib/python3.10/dist-packages/astra_camera_msgs/astra_camera_msgs_s__rosidl_typesupport_fastrtps_c.cpython-310-aarch64-linux-gnu.so
[1.240s] -- Up-to-date: /home/jetson/yahboomcar_ws/install/yahboomcar_astra/local/lib/python3.10/dist-packages/astra_camera_msgs/astra_camera_msgs_s__rosidl_typesupport_introspection_c.cpython-310-aarch64-linux-gnu.so
[1.241s] -- Up-to-date: /home/jetson/yahboomcar_ws/install/yahboomcar_astra/local/lib/python3.10/dist-packages/astra_camera_msgs/astra_camera_msgs_s__rosidl_typesupport_c.cpython-310-aarch64-linux-gnu.so
[1.241s] -- Up-to-date: /home/jetson/yahboomcar_ws/install/yahboomcar_astra/lib/libastra_camera_msgs__rosidl_generator_py.so
[1.242s] -- Up-to-date: /home/jetson/yahboomcar_ws/install/yahboomcar_astra/share/astra_camera_msgs/msg/DeviceInfo.idl
[1.242s] -- Up-to-date: /home/jetson/yahboomcar_ws/install/yahboomcar_astra/share/astra_camera_msgs/msg/Extrinsics.idl
[1.242s] -- Up-to-date: /home/jetson/yahboomcar_ws/install/yahboomcar_astra/share/astra_camera_msgs/msg/Metadata.idl
[1.242s] -- Up-to-date: /home/jetson/yahboomcar_ws/install/yahboomcar_astra/share/astra_camera_msgs/srv/GetDeviceInfo.idl
[1.242s] -- Up-to-date: /home/jetson/yahboomcar_ws/install/yahboomcar_astra/share/astra_camera_msgs/srv/GetCameraInfo.idl
[1.242s] -- Up-to-date: /home/jetson/yahboomcar_ws/install/yahboomcar_astra/share/astra_camera_msgs/srv/GetCameraParams.idl
[1.243s] -- Up-to-date: /home/jetson/yahboomcar_ws/install/yahboomcar_astra/share/astra_camera_msgs/srv/GetInt32.idl
[1.243s] -- Up-to-date: /home/jetson/yahboomcar_ws/install/yahboomcar_astra/share/astra_camera_msgs/srv/GetString.idl
[1.243s] -- Up-to-date: /home/jetson/yahboomcar_ws/install/yahboomcar_astra/share/astra_camera_msgs/srv/SetInt32.idl
[1.243s] -- Up-to-date: /home/jetson/yahboomcar_ws/install/yahboomcar_astra/share/astra_camera_msgs/msg/DeviceInfo.msg
[1.243s] -- Up-to-date: /home/jetson/yahboomcar_ws/install/yahboomcar_astra/share/astra_camera_msgs/msg/Extrinsics.msg
[1.243s] -- Up-to-date: /home/jetson/yahboomcar_ws/install/yahboomcar_astra/share/astra_camera_msgs/msg/Metadata.msg
[1.243s] -- Up-to-date: /home/jetson/yahboomcar_ws/install/yahboomcar_astra/share/astra_camera_msgs/srv/GetDeviceInfo.srv
[1.244s] -- Up-to-date: /home/jetson/yahboomcar_ws/install/yahboomcar_astra/share/astra_camera_msgs/srv/GetDeviceInfo_Request.msg
[1.244s] -- Up-to-date: /home/jetson/yahboomcar_ws/install/yahboomcar_astra/share/astra_camera_msgs/srv/GetDeviceInfo_Response.msg
[1.244s] -- Up-to-date: /home/jetson/yahboomcar_ws/install/yahboomcar_astra/share/astra_camera_msgs/srv/GetCameraInfo.srv
[1.244s] -- Up-to-date: /home/jetson/yahboomcar_ws/install/yahboomcar_astra/share/astra_camera_msgs/srv/GetCameraInfo_Request.msg
[1.244s] -- Up-to-date: /home/jetson/yahboomcar_ws/install/yahboomcar_astra/share/astra_camera_msgs/srv/GetCameraInfo_Response.msg
[1.244s] -- Up-to-date: /home/jetson/yahboomcar_ws/install/yahboomcar_astra/share/astra_camera_msgs/srv/GetCameraParams.srv
[1.245s] -- Up-to-date: /home/jetson/yahboomcar_ws/install/yahboomcar_astra/share/astra_camera_msgs/srv/GetCameraParams_Request.msg
[1.245s] -- Up-to-date: /home/jetson/yahboomcar_ws/install/yahboomcar_astra/share/astra_camera_msgs/srv/GetCameraParams_Response.msg
[1.245s] -- Up-to-date: /home/jetson/yahboomcar_ws/install/yahboomcar_astra/share/astra_camera_msgs/srv/GetInt32.srv
[1.245s] -- Up-to-date: /home/jetson/yahboomcar_ws/install/yahboomcar_astra/share/astra_camera_msgs/srv/GetInt32_Request.msg
[1.245s] -- Up-to-date: /home/jetson/yahboomcar_ws/install/yahboomcar_astra/share/astra_camera_msgs/srv/GetInt32_Response.msg
[1.245s] -- Up-to-date: /home/jetson/yahboomcar_ws/install/yahboomcar_astra/share/astra_camera_msgs/srv/GetString.srv
[1.245s] -- Up-to-date: /home/jetson/yahboomcar_ws/install/yahboomcar_astra/share/astra_camera_msgs/srv/GetString_Request.msg
[1.246s] -- Up-to-date: /home/jetson/yahboomcar_ws/install/yahboomcar_astra/share/astra_camera_msgs/srv/GetString_Response.msg
[1.246s] -- Up-to-date: /home/jetson/yahboomcar_ws/install/yahboomcar_astra/share/astra_camera_msgs/srv/SetInt32.srv
[1.246s] -- Up-to-date: /home/jetson/yahboomcar_ws/install/yahboomcar_astra/share/astra_camera_msgs/srv/SetInt32_Request.msg
[1.246s] -- Up-to-date: /home/jetson/yahboomcar_ws/install/yahboomcar_astra/share/astra_camera_msgs/srv/SetInt32_Response.msg
[1.246s] -- Up-to-date: /home/jetson/yahboomcar_ws/install/yahboomcar_astra/share/ament_index/resource_index/package_run_dependencies/astra_camera_msgs
[1.246s] -- Up-to-date: /home/jetson/yahboomcar_ws/install/yahboomcar_astra/share/ament_index/resource_index/parent_prefix_path/astra_camera_msgs
[1.246s] -- Up-to-date: /home/jetson/yahboomcar_ws/install/yahboomcar_astra/share/astra_camera_msgs/environment/ament_prefix_path.sh
[1.246s] -- Up-to-date: /home/jetson/yahboomcar_ws/install/yahboomcar_astra/share/astra_camera_msgs/environment/ament_prefix_path.dsv
[1.247s] -- Up-to-date: /home/jetson/yahboomcar_ws/install/yahboomcar_astra/share/astra_camera_msgs/environment/path.sh
[1.247s] -- Up-to-date: /home/jetson/yahboomcar_ws/install/yahboomcar_astra/share/astra_camera_msgs/environment/path.dsv
[1.247s] -- Up-to-date: /home/jetson/yahboomcar_ws/install/yahboomcar_astra/share/astra_camera_msgs/local_setup.bash
[1.247s] -- Up-to-date: /home/jetson/yahboomcar_ws/install/yahboomcar_astra/share/astra_camera_msgs/local_setup.sh
[1.247s] -- Up-to-date: /home/jetson/yahboomcar_ws/install/yahboomcar_astra/share/astra_camera_msgs/local_setup.zsh
[1.247s] -- Up-to-date: /home/jetson/yahboomcar_ws/install/yahboomcar_astra/share/astra_camera_msgs/local_setup.dsv
[1.247s] -- Up-to-date: /home/jetson/yahboomcar_ws/install/yahboomcar_astra/share/astra_camera_msgs/package.dsv
[1.248s] -- Up-to-date: /home/jetson/yahboomcar_ws/install/yahboomcar_astra/share/ament_index/resource_index/packages/astra_camera_msgs
[1.248s] -- Up-to-date: /home/jetson/yahboomcar_ws/install/yahboomcar_astra/share/astra_camera_msgs/cmake/export_astra_camera_msgs__rosidl_generator_cExport.cmake
[1.248s] -- Up-to-date: /home/jetson/yahboomcar_ws/install/yahboomcar_astra/share/astra_camera_msgs/cmake/export_astra_camera_msgs__rosidl_generator_cExport-noconfig.cmake
[1.248s] -- Up-to-date: /home/jetson/yahboomcar_ws/install/yahboomcar_astra/share/astra_camera_msgs/cmake/export_astra_camera_msgs__rosidl_typesupport_fastrtps_cExport.cmake
[1.248s] -- Up-to-date: /home/jetson/yahboomcar_ws/install/yahboomcar_astra/share/astra_camera_msgs/cmake/export_astra_camera_msgs__rosidl_typesupport_fastrtps_cExport-noconfig.cmake
[1.248s] -- Up-to-date: /home/jetson/yahboomcar_ws/install/yahboomcar_astra/share/astra_camera_msgs/cmake/astra_camera_msgs__rosidl_typesupport_introspection_cExport.cmake
[1.248s] -- Up-to-date: /home/jetson/yahboomcar_ws/install/yahboomcar_astra/share/astra_camera_msgs/cmake/astra_camera_msgs__rosidl_typesupport_introspection_cExport-noconfig.cmake
[1.249s] -- Up-to-date: /home/jetson/yahboomcar_ws/install/yahboomcar_astra/share/astra_camera_msgs/cmake/astra_camera_msgs__rosidl_typesupport_cExport.cmake
[1.249s] -- Up-to-date: /home/jetson/yahboomcar_ws/install/yahboomcar_astra/share/astra_camera_msgs/cmake/astra_camera_msgs__rosidl_typesupport_cExport-noconfig.cmake
[1.249s] -- Up-to-date: /home/jetson/yahboomcar_ws/install/yahboomcar_astra/share/astra_camera_msgs/cmake/export_astra_camera_msgs__rosidl_generator_cppExport.cmake
[1.249s] -- Up-to-date: /home/jetson/yahboomcar_ws/install/yahboomcar_astra/share/astra_camera_msgs/cmake/export_astra_camera_msgs__rosidl_typesupport_fastrtps_cppExport.cmake
[1.249s] -- Up-to-date: /home/jetson/yahboomcar_ws/install/yahboomcar_astra/share/astra_camera_msgs/cmake/export_astra_camera_msgs__rosidl_typesupport_fastrtps_cppExport-noconfig.cmake
[1.249s] -- Up-to-date: /home/jetson/yahboomcar_ws/install/yahboomcar_astra/share/astra_camera_msgs/cmake/astra_camera_msgs__rosidl_typesupport_introspection_cppExport.cmake
[1.249s] -- Up-to-date: /home/jetson/yahboomcar_ws/install/yahboomcar_astra/share/astra_camera_msgs/cmake/astra_camera_msgs__rosidl_typesupport_introspection_cppExport-noconfig.cmake
[1.250s] -- Up-to-date: /home/jetson/yahboomcar_ws/install/yahboomcar_astra/share/astra_camera_msgs/cmake/astra_camera_msgs__rosidl_typesupport_cppExport.cmake
[1.250s] -- Up-to-date: /home/jetson/yahboomcar_ws/install/yahboomcar_astra/share/astra_camera_msgs/cmake/astra_camera_msgs__rosidl_typesupport_cppExport-noconfig.cmake
[1.250s] -- Up-to-date: /home/jetson/yahboomcar_ws/install/yahboomcar_astra/share/astra_camera_msgs/cmake/export_astra_camera_msgs__rosidl_generator_pyExport.cmake
[1.250s] -- Up-to-date: /home/jetson/yahboomcar_ws/install/yahboomcar_astra/share/astra_camera_msgs/cmake/export_astra_camera_msgs__rosidl_generator_pyExport-noconfig.cmake
[1.250s] -- Up-to-date: /home/jetson/yahboomcar_ws/install/yahboomcar_astra/share/astra_camera_msgs/cmake/rosidl_cmake-extras.cmake
[1.250s] -- Up-to-date: /home/jetson/yahboomcar_ws/install/yahboomcar_astra/share/astra_camera_msgs/cmake/ament_cmake_export_dependencies-extras.cmake
[1.250s] -- Up-to-date: /home/jetson/yahboomcar_ws/install/yahboomcar_astra/share/astra_camera_msgs/cmake/ament_cmake_export_include_directories-extras.cmake
[1.250s] -- Up-to-date: /home/jetson/yahboomcar_ws/install/yahboomcar_astra/share/astra_camera_msgs/cmake/ament_cmake_export_libraries-extras.cmake
[1.250s] -- Up-to-date: /home/jetson/yahboomcar_ws/install/yahboomcar_astra/share/astra_camera_msgs/cmake/ament_cmake_export_targets-extras.cmake
[1.250s] -- Up-to-date: /home/jetson/yahboomcar_ws/install/yahboomcar_astra/share/astra_camera_msgs/cmake/rosidl_cmake_export_typesupport_targets-extras.cmake
[1.251s] -- Up-to-date: /home/jetson/yahboomcar_ws/install/yahboomcar_astra/share/astra_camera_msgs/cmake/rosidl_cmake_export_typesupport_libraries-extras.cmake
[1.251s] -- Up-to-date: /home/jetson/yahboomcar_ws/install/yahboomcar_astra/share/astra_camera_msgs/cmake/astra_camera_msgsConfig.cmake
[1.251s] -- Up-to-date: /home/jetson/yahboomcar_ws/install/yahboomcar_astra/share/astra_camera_msgs/cmake/astra_camera_msgsConfig-version.cmake
[1.251s] -- Up-to-date: /home/jetson/yahboomcar_ws/install/yahboomcar_astra/share/astra_camera_msgs/package.xml
[1.255s] Invoked command in '/home/jetson/yahboomcar_ws/build/yahboomcar_astra' returned '0': AMENT_PREFIX_PATH=/home/jetson/yahboomcar_ws/install/yahboomcar_ctrl:/home/jetson/yahboomcar_ws/install/yahboomcar_bringup:/home/jetson/yahboomcar_ws/install/yahboomcar_msgs:/home/jetson/yahboomcar_ws/install/yahboomcar_description:${AMENT_PREFIX_PATH} CMAKE_PREFIX_PATH=/home/jetson/yahboomcar_ws/install/yahboomcar_ctrl:/home/jetson/yahboomcar_ws/install/yahboomcar_bringup:/home/jetson/yahboomcar_ws/install/yahboomcar_msgs:/home/jetson/yahboomcar_ws/install/yahboomcar_description:/home/jetson/yahboomcar_ros2_ws/software/library_ws/install/ydlidar_ros2_driver:/home/jetson/yahboomcar_ros2_ws/software/library_ws/install/web_video_server:/home/jetson/yahboomcar_ros2_ws/software/library_ws/install/teb_local_planner:/home/jetson/yahboomcar_ros2_ws/software/library_ws/install/teb_msgs:/home/jetson/yahboomcar_ros2_ws/software/library_ws/install/sllidar_ros2:/home/jetson/yahboomcar_ros2_ws/software/library_ws/install/slam_gmapping:/home/jetson/yahboomcar_ros2_ws/software/library_ws/install/robot_localization:/home/jetson/yahboomcar_ros2_ws/software/library_ws/install/openslam_gmapping:/home/jetson/yahboomcar_ros2_ws/software/library_ws/install/costmap_converter:/home/jetson/yahboomcar_ros2_ws/software/library_ws/install/costmap_converter_msgs:/home/jetson/yahboomcar_ros2_ws/software/library_ws/install/astra_camera:/home/jetson/yahboomcar_ros2_ws/software/library_ws/install/astra_camera_msgs:/opt/ros/humble LD_LIBRARY_PATH=/home/jetson/yahboomcar_ws/install/yahboomcar_msgs/lib:/usr/local/lib:/usr/local/cuda-12.6/lib64:/home/jetson/yahboomcar_ros2_ws/software/library_ws/install/teb_local_planner/lib:/home/jetson/yahboomcar_ros2_ws/software/library_ws/install/teb_msgs/lib:/home/jetson/yahboomcar_ros2_ws/software/library_ws/install/robot_localization/lib:/home/jetson/yahboomcar_ros2_ws/software/library_ws/install/openslam_gmapping/lib:/home/jetson/yahboomcar_ros2_ws/software/library_ws/install/costmap_converter/lib:/home/jetson/yahboomcar_ros2_ws/software/library_ws/install/costmap_converter_msgs/lib:/home/jetson/yahboomcar_ros2_ws/software/library_ws/install/astra_camera/lib:/home/jetson/yahboomcar_ros2_ws/software/library_ws/install/astra_camera_msgs/lib:/opt/ros/humble/opt/rviz_ogre_vendor/lib:/opt/ros/humble/lib/aarch64-linux-gnu:/opt/ros/humble/lib:/usr/local/lib:/usr/local/cuda-12.6/lib64 PYTHONPATH=/home/jetson/yahboomcar_ws/install/yahboomcar_msgs/local/lib/python3.10/dist-packages:${PYTHONPATH} /usr/bin/cmake --install /home/jetson/yahboomcar_ws/build/yahboomcar_astra
