[0.024s] Invoking command in '/home/jetson/yahboomcar_ws/build/yahboomcar_laser': CMAKE_PREFIX_PATH=${CMAKE_PREFIX_PATH}:/opt/ros/humble /usr/bin/cmake /home/jetson/yahboomcar_ws/src/yahboomcar_laser -DCMAKE_INSTALL_PREFIX=/home/jetson/yahboomcar_ws/install/yahboomcar_laser
[0.144s] -- The C compiler identification is GNU 11.4.0
[0.252s] -- The CXX compiler identification is GNU 11.4.0
[0.265s] -- Detecting C compiler ABI info
[0.436s] -- Detecting C compiler ABI info - done
[0.447s] -- Check for working C compiler: /usr/bin/cc - skipped
[0.447s] -- Detecting C compile features
[0.448s] -- Detecting C compile features - done
[0.454s] -- Detecting CXX compiler ABI info
[0.621s] -- Detecting CXX compiler ABI info - done
[0.634s] -- Check for working CXX compiler: /usr/bin/c++ - skipped
[0.634s] -- Detecting CXX compile features
[0.635s] -- Detecting CXX compile features - done
[0.642s] -- Found ament_cmake: 1.3.11 (/opt/ros/humble/share/ament_cmake/cmake)
[1.517s] -- Found Python3: /usr/bin/python3 (found version "3.10.12") found components: Interpreter 
[1.800s] -- Found rclcpp: 16.0.12 (/opt/ros/humble/share/rclcpp/cmake)
[1.908s] -- Found rosidl_generator_c: 3.1.6 (/opt/ros/humble/share/rosidl_generator_c/cmake)
[1.922s] -- Found rosidl_adapter: 3.1.6 (/opt/ros/humble/share/rosidl_adapter/cmake)
[1.943s] -- Found rosidl_generator_cpp: 3.1.6 (/opt/ros/humble/share/rosidl_generator_cpp/cmake)
[1.969s] -- Using all available rosidl_typesupport_c: rosidl_typesupport_fastrtps_c;rosidl_typesupport_introspection_c
[2.006s] -- Using all available rosidl_typesupport_cpp: rosidl_typesupport_fastrtps_cpp;rosidl_typesupport_introspection_cpp
[2.110s] -- Found rmw_implementation_cmake: 6.1.2 (/opt/ros/humble/share/rmw_implementation_cmake/cmake)
[2.117s] -- Found rmw_fastrtps_cpp: 6.2.7 (/opt/ros/humble/share/rmw_fastrtps_cpp/cmake)
[2.310s] -- Found OpenSSL: /usr/lib/aarch64-linux-gnu/libcrypto.so (found version "3.0.2")  
[2.378s] -- Found FastRTPS: /opt/ros/humble/include  
[2.465s] -- Using RMW implementation 'rmw_fastrtps_cpp' as default
[2.489s] -- Looking for pthread.h
[2.655s] -- Looking for pthread.h - found
[2.656s] -- Performing Test CMAKE_HAVE_LIBC_PTHREAD
[2.840s] -- Performing Test CMAKE_HAVE_LIBC_PTHREAD - Success
[2.842s] -- Found Threads: TRUE  
[2.974s] -- Found rclpy: 3.3.16 (/opt/ros/humble/share/rclpy/cmake)
[2.979s] -- Found sensor_msgs: 4.8.0 (/opt/ros/humble/share/sensor_msgs/cmake)
[3.039s] -- Found tf2: 0.25.12 (/opt/ros/humble/share/tf2/cmake)
[3.064s] -- Found tf2_ros: 0.25.12 (/opt/ros/humble/share/tf2_ros/cmake)
[3.243s] -- Found ydlidar_ros2_driver: 1.0.1 (/home/jetson/yahboomcar_ros2_ws/software/library_ws/install/ydlidar_ros2_driver/share/ydlidar_ros2_driver/cmake)
[3.248s] -- Found ament_lint_auto: 0.12.12 (/opt/ros/humble/share/ament_lint_auto/cmake)
[3.454s] -- Added test 'copyright' to check source files copyright and LICENSE
[3.475s] -- Added test 'cppcheck' to perform static code analysis on C / C++ code
[3.476s] -- Configured cppcheck include dirs: 
[3.476s] -- Configured cppcheck exclude dirs and/or files: 
[3.496s] -- Added test 'cpplint' to check C / C++ code against the Google style
[3.497s] -- Configured cpplint exclude dirs and/or files: 
[3.501s] -- Added test 'flake8' to check Python code syntax and style conventions
[3.508s] -- Added test 'lint_cmake' to check CMake code style
[3.512s] -- Added test 'pep257' to check Python code against some of the docstring style conventions in PEP 257
[3.533s] -- Added test 'uncrustify' to check C / C++ code style
[3.533s] -- Configured uncrustify additional arguments: 
[3.536s] -- Added test 'xmllint' to check XML markup files
[3.541s] -- Configuring done
[3.554s] -- Generating done
[3.558s] -- Build files have been written to: /home/jetson/yahboomcar_ws/build/yahboomcar_laser
[3.590s] Invoked command in '/home/jetson/yahboomcar_ws/build/yahboomcar_laser' returned '0': CMAKE_PREFIX_PATH=${CMAKE_PREFIX_PATH}:/opt/ros/humble /usr/bin/cmake /home/jetson/yahboomcar_ws/src/yahboomcar_laser -DCMAKE_INSTALL_PREFIX=/home/jetson/yahboomcar_ws/install/yahboomcar_laser
[3.594s] Invoking command in '/home/jetson/yahboomcar_ws/build/yahboomcar_laser': CMAKE_PREFIX_PATH=${CMAKE_PREFIX_PATH}:/opt/ros/humble /usr/bin/cmake --build /home/jetson/yahboomcar_ws/build/yahboomcar_laser -- -j6 -l6
[3.702s] Invoked command in '/home/jetson/yahboomcar_ws/build/yahboomcar_laser' returned '0': CMAKE_PREFIX_PATH=${CMAKE_PREFIX_PATH}:/opt/ros/humble /usr/bin/cmake --build /home/jetson/yahboomcar_ws/build/yahboomcar_laser -- -j6 -l6
[3.732s] Invoking command in '/home/jetson/yahboomcar_ws/build/yahboomcar_laser': CMAKE_PREFIX_PATH=${CMAKE_PREFIX_PATH}:/opt/ros/humble /usr/bin/cmake --install /home/jetson/yahboomcar_ws/build/yahboomcar_laser
[3.754s] -- Install configuration: ""
[3.755s] -- Installing: /home/jetson/yahboomcar_ws/install/yahboomcar_laser/lib/yahboomcar_laser/laser_Avoidance.py
[3.758s] -- Installing: /home/jetson/yahboomcar_ws/install/yahboomcar_laser/lib/yahboomcar_laser/laser_Tracker.py
[3.758s] -- Installing: /home/jetson/yahboomcar_ws/install/yahboomcar_laser/lib/yahboomcar_laser/laser_Warning.py
[3.758s] -- Installing: /home/jetson/yahboomcar_ws/install/yahboomcar_laser/lib/yahboomcar_laser/common.py
[3.759s] -- Installing: /home/jetson/yahboomcar_ws/install/yahboomcar_laser/share/yahboomcar_laser/launch
[3.759s] -- Installing: /home/jetson/yahboomcar_ws/install/yahboomcar_laser/share/yahboomcar_laser/launch/lidar.launch.py
[3.759s] -- Installing: /home/jetson/yahboomcar_ws/install/yahboomcar_laser/share/yahboomcar_laser/launch/base_rplidar.launch
[3.759s] -- Installing: /home/jetson/yahboomcar_ws/install/yahboomcar_laser/share/yahboomcar_laser/launch/laser_Tracker.launch
[3.759s] -- Installing: /home/jetson/yahboomcar_ws/install/yahboomcar_laser/share/yahboomcar_laser/launch/laser_Avoidance.launch
[3.760s] -- Installing: /home/jetson/yahboomcar_ws/install/yahboomcar_laser/share/yahboomcar_laser/launch/laser_Warning.launch
[3.760s] -- Installing: /home/jetson/yahboomcar_ws/install/yahboomcar_laser/share/yahboomcar_laser/launch/base.launch
[3.760s] -- Installing: /home/jetson/yahboomcar_ws/install/yahboomcar_laser/share/yahboomcar_laser/cfg
[3.760s] -- Installing: /home/jetson/yahboomcar_ws/install/yahboomcar_laser/share/yahboomcar_laser/cfg/laserTrackerPID.cfg
[3.760s] -- Installing: /home/jetson/yahboomcar_ws/install/yahboomcar_laser/share/yahboomcar_laser/cfg/.ipynb_checkpoints
[3.761s] -- Installing: /home/jetson/yahboomcar_ws/install/yahboomcar_laser/share/yahboomcar_laser/cfg/.ipynb_checkpoints/laserTrackerPID-checkpoint.cfg
[3.761s] -- Installing: /home/jetson/yahboomcar_ws/install/yahboomcar_laser/share/yahboomcar_laser/cfg/.ipynb_checkpoints/laserWarningPID-checkpoint.cfg
[3.761s] -- Installing: /home/jetson/yahboomcar_ws/install/yahboomcar_laser/share/yahboomcar_laser/cfg/.ipynb_checkpoints/laserAvoidancePID-checkpoint.cfg
[3.761s] -- Installing: /home/jetson/yahboomcar_ws/install/yahboomcar_laser/share/yahboomcar_laser/cfg/laserAvoidancePID.cfg
[3.761s] -- Installing: /home/jetson/yahboomcar_ws/install/yahboomcar_laser/share/yahboomcar_laser/cfg/laserWarningPID.cfg
[3.761s] -- Installing: /home/jetson/yahboomcar_ws/install/yahboomcar_laser/share/ament_index/resource_index/package_run_dependencies/yahboomcar_laser
[3.762s] -- Installing: /home/jetson/yahboomcar_ws/install/yahboomcar_laser/share/ament_index/resource_index/parent_prefix_path/yahboomcar_laser
[3.762s] -- Installing: /home/jetson/yahboomcar_ws/install/yahboomcar_laser/share/yahboomcar_laser/environment/ament_prefix_path.sh
[3.762s] -- Installing: /home/jetson/yahboomcar_ws/install/yahboomcar_laser/share/yahboomcar_laser/environment/ament_prefix_path.dsv
[3.762s] -- Installing: /home/jetson/yahboomcar_ws/install/yahboomcar_laser/share/yahboomcar_laser/environment/path.sh
[3.762s] -- Installing: /home/jetson/yahboomcar_ws/install/yahboomcar_laser/share/yahboomcar_laser/environment/path.dsv
[3.763s] -- Installing: /home/jetson/yahboomcar_ws/install/yahboomcar_laser/share/yahboomcar_laser/local_setup.bash
[3.763s] -- Installing: /home/jetson/yahboomcar_ws/install/yahboomcar_laser/share/yahboomcar_laser/local_setup.sh
[3.764s] -- Installing: /home/jetson/yahboomcar_ws/install/yahboomcar_laser/share/yahboomcar_laser/local_setup.zsh
[3.764s] -- Installing: /home/jetson/yahboomcar_ws/install/yahboomcar_laser/share/yahboomcar_laser/local_setup.dsv
[3.764s] -- Installing: /home/jetson/yahboomcar_ws/install/yahboomcar_laser/share/yahboomcar_laser/package.dsv
[3.765s] -- Installing: /home/jetson/yahboomcar_ws/install/yahboomcar_laser/share/ament_index/resource_index/packages/yahboomcar_laser
[3.765s] -- Installing: /home/jetson/yahboomcar_ws/install/yahboomcar_laser/share/yahboomcar_laser/cmake/yahboomcar_laserConfig.cmake
[3.766s] -- Installing: /home/jetson/yahboomcar_ws/install/yahboomcar_laser/share/yahboomcar_laser/cmake/yahboomcar_laserConfig-version.cmake
[3.766s] -- Installing: /home/jetson/yahboomcar_ws/install/yahboomcar_laser/share/yahboomcar_laser/package.xml
[3.772s] Invoked command in '/home/jetson/yahboomcar_ws/build/yahboomcar_laser' returned '0': CMAKE_PREFIX_PATH=${CMAKE_PREFIX_PATH}:/opt/ros/humble /usr/bin/cmake --install /home/jetson/yahboomcar_ws/build/yahboomcar_laser
