[0.028s] Invoking command in '/home/jetson/yahboomcar_ws/build/yahboomcar_bringup': AMENT_PREFIX_PATH=/home/jetson/yahboomcar_ws/install/yahboomcar_msgs:${AMENT_PREFIX_PATH} CMAKE_PREFIX_PATH=/home/jetson/yahboomcar_ws/install/yahboomcar_msgs:/home/jetson/yahboomcar_ros2_ws/software/library_ws/install/ydlidar_ros2_driver:/home/jetson/yahboomcar_ros2_ws/software/library_ws/install/web_video_server:/home/jetson/yahboomcar_ros2_ws/software/library_ws/install/teb_local_planner:/home/jetson/yahboomcar_ros2_ws/software/library_ws/install/teb_msgs:/home/jetson/yahboomcar_ros2_ws/software/library_ws/install/sllidar_ros2:/home/jetson/yahboomcar_ros2_ws/software/library_ws/install/slam_gmapping:/home/jetson/yahboomcar_ros2_ws/software/library_ws/install/robot_localization:/home/jetson/yahboomcar_ros2_ws/software/library_ws/install/openslam_gmapping:/home/jetson/yahboomcar_ros2_ws/software/library_ws/install/costmap_converter:/home/jetson/yahboomcar_ros2_ws/software/library_ws/install/costmap_converter_msgs:/home/jetson/yahboomcar_ros2_ws/software/library_ws/install/astra_camera:/home/jetson/yahboomcar_ros2_ws/software/library_ws/install/astra_camera_msgs:/opt/ros/humble LD_LIBRARY_PATH=/home/jetson/yahboomcar_ws/install/yahboomcar_msgs/lib:/usr/local/lib:/usr/local/cuda-12.6/lib64:/home/jetson/yahboomcar_ros2_ws/software/library_ws/install/teb_local_planner/lib:/home/jetson/yahboomcar_ros2_ws/software/library_ws/install/teb_msgs/lib:/home/jetson/yahboomcar_ros2_ws/software/library_ws/install/robot_localization/lib:/home/jetson/yahboomcar_ros2_ws/software/library_ws/install/openslam_gmapping/lib:/home/jetson/yahboomcar_ros2_ws/software/library_ws/install/costmap_converter/lib:/home/jetson/yahboomcar_ros2_ws/software/library_ws/install/costmap_converter_msgs/lib:/home/jetson/yahboomcar_ros2_ws/software/library_ws/install/astra_camera/lib:/home/jetson/yahboomcar_ros2_ws/software/library_ws/install/astra_camera_msgs/lib:/opt/ros/humble/opt/rviz_ogre_vendor/lib:/opt/ros/humble/lib/aarch64-linux-gnu:/opt/ros/humble/lib:/usr/local/lib:/usr/local/cuda-12.6/lib64 PYTHONPATH=/home/jetson/yahboomcar_ws/install/yahboomcar_msgs/local/lib/python3.10/dist-packages:${PYTHONPATH} /usr/bin/cmake /home/jetson/yahboomcar_ws/src/yahboomcar_bringup -DCMAKE_INSTALL_PREFIX=/home/jetson/yahboomcar_ws/install/yahboomcar_bringup
[0.149s] -- The C compiler identification is GNU 11.4.0
[0.273s] -- The CXX compiler identification is GNU 11.4.0
[0.291s] -- Detecting C compiler ABI info
[0.456s] -- Detecting C compiler ABI info - done
[0.483s] -- Check for working C compiler: /usr/bin/cc - skipped
[0.483s] -- Detecting C compile features
[0.486s] -- Detecting C compile features - done
[0.494s] -- Detecting CXX compiler ABI info
[0.675s] -- Detecting CXX compiler ABI info - done
[0.682s] -- Check for working CXX compiler: /usr/bin/c++ - skipped
[0.683s] -- Detecting CXX compile features
[0.684s] -- Detecting CXX compile features - done
[0.695s] -- Found ament_cmake: 1.3.11 (/opt/ros/humble/share/ament_cmake/cmake)
[1.569s] -- Found Python3: /usr/bin/python3 (found version "3.10.12") found components: Interpreter 
[1.836s] -- Found rclcpp: 16.0.12 (/opt/ros/humble/share/rclcpp/cmake)
[1.936s] -- Found rosidl_generator_c: 3.1.6 (/opt/ros/humble/share/rosidl_generator_c/cmake)
[1.948s] -- Found rosidl_adapter: 3.1.6 (/opt/ros/humble/share/rosidl_adapter/cmake)
[1.967s] -- Found rosidl_generator_cpp: 3.1.6 (/opt/ros/humble/share/rosidl_generator_cpp/cmake)
[1.993s] -- Using all available rosidl_typesupport_c: rosidl_typesupport_fastrtps_c;rosidl_typesupport_introspection_c
[2.027s] -- Using all available rosidl_typesupport_cpp: rosidl_typesupport_fastrtps_cpp;rosidl_typesupport_introspection_cpp
[2.139s] -- Found rmw_implementation_cmake: 6.1.2 (/opt/ros/humble/share/rmw_implementation_cmake/cmake)
[2.147s] -- Found rmw_fastrtps_cpp: 6.2.7 (/opt/ros/humble/share/rmw_fastrtps_cpp/cmake)
[2.361s] -- Found OpenSSL: /usr/lib/aarch64-linux-gnu/libcrypto.so (found version "3.0.2")  
[2.433s] -- Found FastRTPS: /opt/ros/humble/include  
[2.520s] -- Using RMW implementation 'rmw_fastrtps_cpp' as default
[2.546s] -- Looking for pthread.h
[2.690s] -- Looking for pthread.h - found
[2.691s] -- Performing Test CMAKE_HAVE_LIBC_PTHREAD
[2.846s] -- Performing Test CMAKE_HAVE_LIBC_PTHREAD - Success
[2.849s] -- Found Threads: TRUE  
[3.005s] -- Found rclpy: 3.3.16 (/opt/ros/humble/share/rclpy/cmake)
[3.009s] -- Found geometry_msgs: 4.8.0 (/opt/ros/humble/share/geometry_msgs/cmake)
[3.036s] -- Found nav_msgs: 4.8.0 (/opt/ros/humble/share/nav_msgs/cmake)
[3.070s] -- Found sensor_msgs: 4.8.0 (/opt/ros/humble/share/sensor_msgs/cmake)
[3.102s] -- Found robot_state_publisher: 3.0.3 (/opt/ros/humble/share/robot_state_publisher/cmake)
[3.141s] -- Found eigen3_cmake_module: 0.1.1 (/opt/ros/humble/share/eigen3_cmake_module/cmake)
[3.144s] -- Found Eigen3: TRUE (found version "3.4.0") 
[3.145s] -- Ensuring Eigen3 include directory is part of orocos-kdl CMake target
[3.439s] -- Found yahboomcar_msgs: 0.1.0 (/home/jetson/yahboomcar_ws/install/yahboomcar_msgs/share/yahboomcar_msgs/cmake)
[3.615s] -- Configuring done
[3.642s] -- Generating done
[3.653s] -- Build files have been written to: /home/jetson/yahboomcar_ws/build/yahboomcar_bringup
[3.684s] Invoked command in '/home/jetson/yahboomcar_ws/build/yahboomcar_bringup' returned '0': AMENT_PREFIX_PATH=/home/jetson/yahboomcar_ws/install/yahboomcar_msgs:${AMENT_PREFIX_PATH} CMAKE_PREFIX_PATH=/home/jetson/yahboomcar_ws/install/yahboomcar_msgs:/home/jetson/yahboomcar_ros2_ws/software/library_ws/install/ydlidar_ros2_driver:/home/jetson/yahboomcar_ros2_ws/software/library_ws/install/web_video_server:/home/jetson/yahboomcar_ros2_ws/software/library_ws/install/teb_local_planner:/home/jetson/yahboomcar_ros2_ws/software/library_ws/install/teb_msgs:/home/jetson/yahboomcar_ros2_ws/software/library_ws/install/sllidar_ros2:/home/jetson/yahboomcar_ros2_ws/software/library_ws/install/slam_gmapping:/home/jetson/yahboomcar_ros2_ws/software/library_ws/install/robot_localization:/home/jetson/yahboomcar_ros2_ws/software/library_ws/install/openslam_gmapping:/home/jetson/yahboomcar_ros2_ws/software/library_ws/install/costmap_converter:/home/jetson/yahboomcar_ros2_ws/software/library_ws/install/costmap_converter_msgs:/home/jetson/yahboomcar_ros2_ws/software/library_ws/install/astra_camera:/home/jetson/yahboomcar_ros2_ws/software/library_ws/install/astra_camera_msgs:/opt/ros/humble LD_LIBRARY_PATH=/home/jetson/yahboomcar_ws/install/yahboomcar_msgs/lib:/usr/local/lib:/usr/local/cuda-12.6/lib64:/home/jetson/yahboomcar_ros2_ws/software/library_ws/install/teb_local_planner/lib:/home/jetson/yahboomcar_ros2_ws/software/library_ws/install/teb_msgs/lib:/home/jetson/yahboomcar_ros2_ws/software/library_ws/install/robot_localization/lib:/home/jetson/yahboomcar_ros2_ws/software/library_ws/install/openslam_gmapping/lib:/home/jetson/yahboomcar_ros2_ws/software/library_ws/install/costmap_converter/lib:/home/jetson/yahboomcar_ros2_ws/software/library_ws/install/costmap_converter_msgs/lib:/home/jetson/yahboomcar_ros2_ws/software/library_ws/install/astra_camera/lib:/home/jetson/yahboomcar_ros2_ws/software/library_ws/install/astra_camera_msgs/lib:/opt/ros/humble/opt/rviz_ogre_vendor/lib:/opt/ros/humble/lib/aarch64-linux-gnu:/opt/ros/humble/lib:/usr/local/lib:/usr/local/cuda-12.6/lib64 PYTHONPATH=/home/jetson/yahboomcar_ws/install/yahboomcar_msgs/local/lib/python3.10/dist-packages:${PYTHONPATH} /usr/bin/cmake /home/jetson/yahboomcar_ws/src/yahboomcar_bringup -DCMAKE_INSTALL_PREFIX=/home/jetson/yahboomcar_ws/install/yahboomcar_bringup
[3.689s] Invoking command in '/home/jetson/yahboomcar_ws/build/yahboomcar_bringup': AMENT_PREFIX_PATH=/home/jetson/yahboomcar_ws/install/yahboomcar_msgs:${AMENT_PREFIX_PATH} CMAKE_PREFIX_PATH=/home/jetson/yahboomcar_ws/install/yahboomcar_msgs:/home/jetson/yahboomcar_ros2_ws/software/library_ws/install/ydlidar_ros2_driver:/home/jetson/yahboomcar_ros2_ws/software/library_ws/install/web_video_server:/home/jetson/yahboomcar_ros2_ws/software/library_ws/install/teb_local_planner:/home/jetson/yahboomcar_ros2_ws/software/library_ws/install/teb_msgs:/home/jetson/yahboomcar_ros2_ws/software/library_ws/install/sllidar_ros2:/home/jetson/yahboomcar_ros2_ws/software/library_ws/install/slam_gmapping:/home/jetson/yahboomcar_ros2_ws/software/library_ws/install/robot_localization:/home/jetson/yahboomcar_ros2_ws/software/library_ws/install/openslam_gmapping:/home/jetson/yahboomcar_ros2_ws/software/library_ws/install/costmap_converter:/home/jetson/yahboomcar_ros2_ws/software/library_ws/install/costmap_converter_msgs:/home/jetson/yahboomcar_ros2_ws/software/library_ws/install/astra_camera:/home/jetson/yahboomcar_ros2_ws/software/library_ws/install/astra_camera_msgs:/opt/ros/humble LD_LIBRARY_PATH=/home/jetson/yahboomcar_ws/install/yahboomcar_msgs/lib:/usr/local/lib:/usr/local/cuda-12.6/lib64:/home/jetson/yahboomcar_ros2_ws/software/library_ws/install/teb_local_planner/lib:/home/jetson/yahboomcar_ros2_ws/software/library_ws/install/teb_msgs/lib:/home/jetson/yahboomcar_ros2_ws/software/library_ws/install/robot_localization/lib:/home/jetson/yahboomcar_ros2_ws/software/library_ws/install/openslam_gmapping/lib:/home/jetson/yahboomcar_ros2_ws/software/library_ws/install/costmap_converter/lib:/home/jetson/yahboomcar_ros2_ws/software/library_ws/install/costmap_converter_msgs/lib:/home/jetson/yahboomcar_ros2_ws/software/library_ws/install/astra_camera/lib:/home/jetson/yahboomcar_ros2_ws/software/library_ws/install/astra_camera_msgs/lib:/opt/ros/humble/opt/rviz_ogre_vendor/lib:/opt/ros/humble/lib/aarch64-linux-gnu:/opt/ros/humble/lib:/usr/local/lib:/usr/local/cuda-12.6/lib64 PYTHONPATH=/home/jetson/yahboomcar_ws/install/yahboomcar_msgs/local/lib/python3.10/dist-packages:${PYTHONPATH} /usr/bin/cmake --build /home/jetson/yahboomcar_ws/build/yahboomcar_bringup -- -j6 -l6
[3.805s] [ 66%] [32mBuilding CXX object CMakeFiles/base_node.dir/src/base_node.cpp.o[0m
[3.805s] [ 66%] [32mBuilding CXX object CMakeFiles/base_node.dir/src/base.cpp.o[0m
[22.068s] [100%] [32m[1mLinking CXX executable base_node[0m
[23.094s] [100%] Built target base_node
[23.126s] Invoked command in '/home/jetson/yahboomcar_ws/build/yahboomcar_bringup' returned '0': AMENT_PREFIX_PATH=/home/jetson/yahboomcar_ws/install/yahboomcar_msgs:${AMENT_PREFIX_PATH} CMAKE_PREFIX_PATH=/home/jetson/yahboomcar_ws/install/yahboomcar_msgs:/home/jetson/yahboomcar_ros2_ws/software/library_ws/install/ydlidar_ros2_driver:/home/jetson/yahboomcar_ros2_ws/software/library_ws/install/web_video_server:/home/jetson/yahboomcar_ros2_ws/software/library_ws/install/teb_local_planner:/home/jetson/yahboomcar_ros2_ws/software/library_ws/install/teb_msgs:/home/jetson/yahboomcar_ros2_ws/software/library_ws/install/sllidar_ros2:/home/jetson/yahboomcar_ros2_ws/software/library_ws/install/slam_gmapping:/home/jetson/yahboomcar_ros2_ws/software/library_ws/install/robot_localization:/home/jetson/yahboomcar_ros2_ws/software/library_ws/install/openslam_gmapping:/home/jetson/yahboomcar_ros2_ws/software/library_ws/install/costmap_converter:/home/jetson/yahboomcar_ros2_ws/software/library_ws/install/costmap_converter_msgs:/home/jetson/yahboomcar_ros2_ws/software/library_ws/install/astra_camera:/home/jetson/yahboomcar_ros2_ws/software/library_ws/install/astra_camera_msgs:/opt/ros/humble LD_LIBRARY_PATH=/home/jetson/yahboomcar_ws/install/yahboomcar_msgs/lib:/usr/local/lib:/usr/local/cuda-12.6/lib64:/home/jetson/yahboomcar_ros2_ws/software/library_ws/install/teb_local_planner/lib:/home/jetson/yahboomcar_ros2_ws/software/library_ws/install/teb_msgs/lib:/home/jetson/yahboomcar_ros2_ws/software/library_ws/install/robot_localization/lib:/home/jetson/yahboomcar_ros2_ws/software/library_ws/install/openslam_gmapping/lib:/home/jetson/yahboomcar_ros2_ws/software/library_ws/install/costmap_converter/lib:/home/jetson/yahboomcar_ros2_ws/software/library_ws/install/costmap_converter_msgs/lib:/home/jetson/yahboomcar_ros2_ws/software/library_ws/install/astra_camera/lib:/home/jetson/yahboomcar_ros2_ws/software/library_ws/install/astra_camera_msgs/lib:/opt/ros/humble/opt/rviz_ogre_vendor/lib:/opt/ros/humble/lib/aarch64-linux-gnu:/opt/ros/humble/lib:/usr/local/lib:/usr/local/cuda-12.6/lib64 PYTHONPATH=/home/jetson/yahboomcar_ws/install/yahboomcar_msgs/local/lib/python3.10/dist-packages:${PYTHONPATH} /usr/bin/cmake --build /home/jetson/yahboomcar_ws/build/yahboomcar_bringup -- -j6 -l6
[23.131s] Invoking command in '/home/jetson/yahboomcar_ws/build/yahboomcar_bringup': AMENT_PREFIX_PATH=/home/jetson/yahboomcar_ws/install/yahboomcar_msgs:${AMENT_PREFIX_PATH} CMAKE_PREFIX_PATH=/home/jetson/yahboomcar_ws/install/yahboomcar_msgs:/home/jetson/yahboomcar_ros2_ws/software/library_ws/install/ydlidar_ros2_driver:/home/jetson/yahboomcar_ros2_ws/software/library_ws/install/web_video_server:/home/jetson/yahboomcar_ros2_ws/software/library_ws/install/teb_local_planner:/home/jetson/yahboomcar_ros2_ws/software/library_ws/install/teb_msgs:/home/jetson/yahboomcar_ros2_ws/software/library_ws/install/sllidar_ros2:/home/jetson/yahboomcar_ros2_ws/software/library_ws/install/slam_gmapping:/home/jetson/yahboomcar_ros2_ws/software/library_ws/install/robot_localization:/home/jetson/yahboomcar_ros2_ws/software/library_ws/install/openslam_gmapping:/home/jetson/yahboomcar_ros2_ws/software/library_ws/install/costmap_converter:/home/jetson/yahboomcar_ros2_ws/software/library_ws/install/costmap_converter_msgs:/home/jetson/yahboomcar_ros2_ws/software/library_ws/install/astra_camera:/home/jetson/yahboomcar_ros2_ws/software/library_ws/install/astra_camera_msgs:/opt/ros/humble LD_LIBRARY_PATH=/home/jetson/yahboomcar_ws/install/yahboomcar_msgs/lib:/usr/local/lib:/usr/local/cuda-12.6/lib64:/home/jetson/yahboomcar_ros2_ws/software/library_ws/install/teb_local_planner/lib:/home/jetson/yahboomcar_ros2_ws/software/library_ws/install/teb_msgs/lib:/home/jetson/yahboomcar_ros2_ws/software/library_ws/install/robot_localization/lib:/home/jetson/yahboomcar_ros2_ws/software/library_ws/install/openslam_gmapping/lib:/home/jetson/yahboomcar_ros2_ws/software/library_ws/install/costmap_converter/lib:/home/jetson/yahboomcar_ros2_ws/software/library_ws/install/costmap_converter_msgs/lib:/home/jetson/yahboomcar_ros2_ws/software/library_ws/install/astra_camera/lib:/home/jetson/yahboomcar_ros2_ws/software/library_ws/install/astra_camera_msgs/lib:/opt/ros/humble/opt/rviz_ogre_vendor/lib:/opt/ros/humble/lib/aarch64-linux-gnu:/opt/ros/humble/lib:/usr/local/lib:/usr/local/cuda-12.6/lib64 PYTHONPATH=/home/jetson/yahboomcar_ws/install/yahboomcar_msgs/local/lib/python3.10/dist-packages:${PYTHONPATH} /usr/bin/cmake --install /home/jetson/yahboomcar_ws/build/yahboomcar_bringup
[23.153s] -- Install configuration: ""
[23.153s] -- Installing: /home/jetson/yahboomcar_ws/install/yahboomcar_bringup/lib/yahboomcar_bringup/base_node
[23.163s] -- Set runtime path of "/home/jetson/yahboomcar_ws/install/yahboomcar_bringup/lib/yahboomcar_bringup/base_node" to ""
[23.163s] -- Installing: /home/jetson/yahboomcar_ws/install/yahboomcar_bringup/lib/yahboomcar_bringup/Mcnamu_X3plus.py
[23.164s] -- Installing: /home/jetson/yahboomcar_ws/install/yahboomcar_bringup/lib/yahboomcar_bringup/Mcnamu_driver.py
[23.164s] -- Installing: /home/jetson/yahboomcar_ws/install/yahboomcar_bringup/lib/yahboomcar_bringup/calibrate_angular.py
[23.164s] -- Installing: /home/jetson/yahboomcar_ws/install/yahboomcar_bringup/lib/yahboomcar_bringup/calibrate_linear.py
[23.164s] -- Installing: /home/jetson/yahboomcar_ws/install/yahboomcar_bringup/lib/yahboomcar_bringup/patrol.py
[23.165s] -- Installing: /home/jetson/yahboomcar_ws/install/yahboomcar_bringup/lib/yahboomcar_bringup/transform_utils.py
[23.166s] -- Installing: /home/jetson/yahboomcar_ws/install/yahboomcar_bringup/share/yahboomcar_bringup/launch
[23.166s] -- Installing: /home/jetson/yahboomcar_ws/install/yahboomcar_bringup/share/yahboomcar_bringup/launch/yahboomcar_model.launch.py
[23.167s] -- Installing: /home/jetson/yahboomcar_ws/install/yahboomcar_bringup/share/yahboomcar_bringup/launch/view_odom.launch.py
[23.167s] -- Installing: /home/jetson/yahboomcar_ws/install/yahboomcar_bringup/share/yahboomcar_bringup/launch/bringup.launch.py
[23.167s] -- Installing: /home/jetson/yahboomcar_ws/install/yahboomcar_bringup/share/yahboomcar_bringup/launch/calibrate_angular.launch.py
[23.167s] -- Installing: /home/jetson/yahboomcar_ws/install/yahboomcar_bringup/share/yahboomcar_bringup/launch/patrol.launch.py
[23.167s] -- Installing: /home/jetson/yahboomcar_ws/install/yahboomcar_bringup/share/yahboomcar_bringup/launch/yahboomcar.launch.py
[23.168s] -- Installing: /home/jetson/yahboomcar_ws/install/yahboomcar_bringup/share/yahboomcar_bringup/launch/test_imu.launch.py
[23.168s] -- Installing: /home/jetson/yahboomcar_ws/install/yahboomcar_bringup/share/yahboomcar_bringup/launch/calibrate_linear.launch.py
[23.168s] -- Installing: /home/jetson/yahboomcar_ws/install/yahboomcar_bringup/share/yahboomcar_bringup/launch/calibrate_imu.launch.py
[23.168s] -- Installing: /home/jetson/yahboomcar_ws/install/yahboomcar_bringup/share/yahboomcar_bringup/launch/bringup_calib.launch.py
[23.168s] -- Installing: /home/jetson/yahboomcar_ws/install/yahboomcar_bringup/share/yahboomcar_bringup/launch/.ipynb_checkpoints
[23.169s] -- Installing: /home/jetson/yahboomcar_ws/install/yahboomcar_bringup/share/yahboomcar_bringup/launch/.ipynb_checkpoints/bringup-checkpoint.launch
[23.169s] -- Installing: /home/jetson/yahboomcar_ws/install/yahboomcar_bringup/share/yahboomcar_bringup/launch/.ipynb_checkpoints/bringup_calib-checkpoint.launch
[23.169s] -- Installing: /home/jetson/yahboomcar_ws/install/yahboomcar_bringup/share/yahboomcar_bringup/launch/.ipynb_checkpoints/test_imu-checkpoint.launch
[23.170s] -- Installing: /home/jetson/yahboomcar_ws/install/yahboomcar_bringup/share/yahboomcar_bringup/launch/.ipynb_checkpoints/yahboomcar-checkpoint.launch
[23.170s] -- Installing: /home/jetson/yahboomcar_ws/install/yahboomcar_bringup/share/yahboomcar_bringup/launch/.ipynb_checkpoints/patrol-checkpoint.launch
[23.171s] -- Installing: /home/jetson/yahboomcar_ws/install/yahboomcar_bringup/share/yahboomcar_bringup/config
[23.171s] -- Installing: /home/jetson/yahboomcar_ws/install/yahboomcar_bringup/share/yahboomcar_bringup/config/pid_params.yaml
[23.171s] -- Installing: /home/jetson/yahboomcar_ws/install/yahboomcar_bringup/share/yahboomcar_bringup/config/patrol_params.yaml
[23.171s] -- Installing: /home/jetson/yahboomcar_ws/install/yahboomcar_bringup/share/yahboomcar_bringup/config/calibrate_angular_params.yaml
[23.172s] -- Installing: /home/jetson/yahboomcar_ws/install/yahboomcar_bringup/share/yahboomcar_bringup/config/calibrate_linear_params.yaml
[23.172s] -- Installing: /home/jetson/yahboomcar_ws/install/yahboomcar_bringup/share/yahboomcar_bringup/param
[23.172s] -- Installing: /home/jetson/yahboomcar_ws/install/yahboomcar_bringup/share/yahboomcar_bringup/param/imu_calib.yaml
[23.172s] -- Installing: /home/jetson/yahboomcar_ws/install/yahboomcar_bringup/share/yahboomcar_bringup/param/robot_localization.yaml
[23.173s] -- Installing: /home/jetson/yahboomcar_ws/install/yahboomcar_bringup/share/yahboomcar_bringup/rviz
[23.173s] -- Installing: /home/jetson/yahboomcar_ws/install/yahboomcar_bringup/share/yahboomcar_bringup/rviz/odom.rviz
[23.173s] -- Installing: /home/jetson/yahboomcar_ws/install/yahboomcar_bringup/share/yahboomcar_bringup/rviz/test_imu.rviz
[23.174s] -- Installing: /home/jetson/yahboomcar_ws/install/yahboomcar_bringup/share/ament_index/resource_index/package_run_dependencies/yahboomcar_bringup
[23.174s] -- Installing: /home/jetson/yahboomcar_ws/install/yahboomcar_bringup/share/ament_index/resource_index/parent_prefix_path/yahboomcar_bringup
[23.174s] -- Installing: /home/jetson/yahboomcar_ws/install/yahboomcar_bringup/share/yahboomcar_bringup/environment/ament_prefix_path.sh
[23.174s] -- Installing: /home/jetson/yahboomcar_ws/install/yahboomcar_bringup/share/yahboomcar_bringup/environment/ament_prefix_path.dsv
[23.175s] -- Installing: /home/jetson/yahboomcar_ws/install/yahboomcar_bringup/share/yahboomcar_bringup/environment/path.sh
[23.175s] -- Installing: /home/jetson/yahboomcar_ws/install/yahboomcar_bringup/share/yahboomcar_bringup/environment/path.dsv
[23.175s] -- Installing: /home/jetson/yahboomcar_ws/install/yahboomcar_bringup/share/yahboomcar_bringup/local_setup.bash
[23.176s] -- Installing: /home/jetson/yahboomcar_ws/install/yahboomcar_bringup/share/yahboomcar_bringup/local_setup.sh
[23.176s] -- Installing: /home/jetson/yahboomcar_ws/install/yahboomcar_bringup/share/yahboomcar_bringup/local_setup.zsh
[23.176s] -- Installing: /home/jetson/yahboomcar_ws/install/yahboomcar_bringup/share/yahboomcar_bringup/local_setup.dsv
[23.176s] -- Installing: /home/jetson/yahboomcar_ws/install/yahboomcar_bringup/share/yahboomcar_bringup/package.dsv
[23.177s] -- Installing: /home/jetson/yahboomcar_ws/install/yahboomcar_bringup/share/ament_index/resource_index/packages/yahboomcar_bringup
[23.177s] -- Installing: /home/jetson/yahboomcar_ws/install/yahboomcar_bringup/share/yahboomcar_bringup/cmake/yahboomcar_bringupConfig.cmake
[23.177s] -- Installing: /home/jetson/yahboomcar_ws/install/yahboomcar_bringup/share/yahboomcar_bringup/cmake/yahboomcar_bringupConfig-version.cmake
[23.178s] -- Installing: /home/jetson/yahboomcar_ws/install/yahboomcar_bringup/share/yahboomcar_bringup/package.xml
[23.193s] Invoked command in '/home/jetson/yahboomcar_ws/build/yahboomcar_bringup' returned '0': AMENT_PREFIX_PATH=/home/jetson/yahboomcar_ws/install/yahboomcar_msgs:${AMENT_PREFIX_PATH} CMAKE_PREFIX_PATH=/home/jetson/yahboomcar_ws/install/yahboomcar_msgs:/home/jetson/yahboomcar_ros2_ws/software/library_ws/install/ydlidar_ros2_driver:/home/jetson/yahboomcar_ros2_ws/software/library_ws/install/web_video_server:/home/jetson/yahboomcar_ros2_ws/software/library_ws/install/teb_local_planner:/home/jetson/yahboomcar_ros2_ws/software/library_ws/install/teb_msgs:/home/jetson/yahboomcar_ros2_ws/software/library_ws/install/sllidar_ros2:/home/jetson/yahboomcar_ros2_ws/software/library_ws/install/slam_gmapping:/home/jetson/yahboomcar_ros2_ws/software/library_ws/install/robot_localization:/home/jetson/yahboomcar_ros2_ws/software/library_ws/install/openslam_gmapping:/home/jetson/yahboomcar_ros2_ws/software/library_ws/install/costmap_converter:/home/jetson/yahboomcar_ros2_ws/software/library_ws/install/costmap_converter_msgs:/home/jetson/yahboomcar_ros2_ws/software/library_ws/install/astra_camera:/home/jetson/yahboomcar_ros2_ws/software/library_ws/install/astra_camera_msgs:/opt/ros/humble LD_LIBRARY_PATH=/home/jetson/yahboomcar_ws/install/yahboomcar_msgs/lib:/usr/local/lib:/usr/local/cuda-12.6/lib64:/home/jetson/yahboomcar_ros2_ws/software/library_ws/install/teb_local_planner/lib:/home/jetson/yahboomcar_ros2_ws/software/library_ws/install/teb_msgs/lib:/home/jetson/yahboomcar_ros2_ws/software/library_ws/install/robot_localization/lib:/home/jetson/yahboomcar_ros2_ws/software/library_ws/install/openslam_gmapping/lib:/home/jetson/yahboomcar_ros2_ws/software/library_ws/install/costmap_converter/lib:/home/jetson/yahboomcar_ros2_ws/software/library_ws/install/costmap_converter_msgs/lib:/home/jetson/yahboomcar_ros2_ws/software/library_ws/install/astra_camera/lib:/home/jetson/yahboomcar_ros2_ws/software/library_ws/install/astra_camera_msgs/lib:/opt/ros/humble/opt/rviz_ogre_vendor/lib:/opt/ros/humble/lib/aarch64-linux-gnu:/opt/ros/humble/lib:/usr/local/lib:/usr/local/cuda-12.6/lib64 PYTHONPATH=/home/jetson/yahboomcar_ws/install/yahboomcar_msgs/local/lib/python3.10/dist-packages:${PYTHONPATH} /usr/bin/cmake --install /home/jetson/yahboomcar_ws/build/yahboomcar_bringup
