-- Found ament_cmake: 1.3.11 (/opt/ros/humble/share/ament_cmake/cmake)
-- Found rosidl_default_generators: 1.2.0 (/opt/ros/humble/share/rosidl_default_generators/cmake)
-- Using all available rosidl_typesupport_c: rosidl_typesupport_fastrtps_c;rosidl_typesupport_introspection_c
-- Found rosidl_adapter: 3.1.6 (/opt/ros/humble/share/rosidl_adapter/cmake)
-- Using all available rosidl_typesupport_cpp: rosidl_typesupport_fastrtps_cpp;rosidl_typesupport_introspection_cpp
-- Found builtin_interfaces: 1.2.1 (/opt/ros/humble/share/builtin_interfaces/cmake)
-- Found geometry_msgs: 4.8.0 (/opt/ros/humble/share/geometry_msgs/cmake)
-- Found action_msgs: 1.2.1 (/opt/ros/humble/share/action_msgs/cmake)
[31mCMake Error at /opt/ros/humble/share/rosidl_adapter/cmake/rosidl_adapt_interfaces.cmake:59 (message):
  execute_process(/usr/bin/python3 -m rosidl_adapter --package-name
  yahboomcar_msgs --arguments-file
  /home/jetson/yahboomcar_ws/build/yahboomcar_msgs/rosidl_adapter__arguments__yahboomcar_msgs.json
  --output-dir
  /home/jetson/yahboomcar_ws/build/yahboomcar_msgs/rosidl_adapter/yahboomcar_msgs
  --output-file
  /home/jetson/yahboomcar_ws/build/yahboomcar_msgs/rosidl_adapter/yahboomcar_msgs.idls)
  returned error code 1:

  KeyError processing template 'struct.idl.em': 'time'

Call Stack (most recent call first):
  /opt/ros/humble/share/rosidl_cmake/cmake/rosidl_generate_interfaces.cmake:130 (rosidl_adapt_interfaces)
  CMakeLists.txt:10 (rosidl_generate_interfaces)

[0m
-- Configuring incomplete, errors occurred!
See also "/home/jetson/yahboomcar_ws/build/yahboomcar_msgs/CMakeFiles/CMakeOutput.log".
