[0.023s] Invoking command in '/home/jetson/yahboomcar_ws/build/yahboomcar_msgs': CMAKE_PREFIX_PATH=${CMAKE_PREFIX_PATH}:/opt/ros/humble /usr/bin/cmake /home/jetson/yahboomcar_ws/src/yahboomcar_msgs -DCMAKE_INSTALL_PREFIX=/home/jetson/yahboomcar_ws/install/yahboomcar_msgs
[0.051s] -- Found ament_cmake: 1.3.11 (/opt/ros/humble/share/ament_cmake/cmake)
[0.371s] -- Found rosidl_default_generators: 1.2.0 (/opt/ros/humble/share/rosidl_default_generators/cmake)
[0.379s] -- Using all available rosidl_typesupport_c: rosidl_typesupport_fastrtps_c;rosidl_typesupport_introspection_c
[0.387s] -- Found rosidl_adapter: 3.1.6 (/opt/ros/humble/share/rosidl_adapter/cmake)
[0.450s] -- Using all available rosidl_typesupport_cpp: rosidl_typesupport_fastrtps_cpp;rosidl_typesupport_introspection_cpp
[0.491s] -- Found builtin_interfaces: 1.2.1 (/opt/ros/humble/share/builtin_interfaces/cmake)
[0.510s] -- Found geometry_msgs: 4.8.0 (/opt/ros/humble/share/geometry_msgs/cmake)
[0.551s] -- Found action_msgs: 1.2.1 (/opt/ros/humble/share/action_msgs/cmake)
[0.877s] [31mCMake Error at /opt/ros/humble/share/rosidl_adapter/cmake/rosidl_adapt_interfaces.cmake:59 (message):
[0.877s]   execute_process(/usr/bin/python3 -m rosidl_adapter --package-name
[0.877s]   yahboomcar_msgs --arguments-file
[0.878s]   /home/jetson/yahboomcar_ws/build/yahboomcar_msgs/rosidl_adapter__arguments__yahboomcar_msgs.json
[0.878s]   --output-dir
[0.878s]   /home/jetson/yahboomcar_ws/build/yahboomcar_msgs/rosidl_adapter/yahboomcar_msgs
[0.878s]   --output-file
[0.878s]   /home/jetson/yahboomcar_ws/build/yahboomcar_msgs/rosidl_adapter/yahboomcar_msgs.idls)
[0.878s]   returned error code 1:
[0.878s] 
[0.878s]   KeyError processing template 'struct.idl.em': 'time'
[0.879s] 
[0.879s] Call Stack (most recent call first):
[0.879s]   /opt/ros/humble/share/rosidl_cmake/cmake/rosidl_generate_interfaces.cmake:130 (rosidl_adapt_interfaces)
[0.879s]   CMakeLists.txt:10 (rosidl_generate_interfaces)
[0.879s] 
[0.879s] [0m
[0.879s] -- Configuring incomplete, errors occurred!
[0.879s] See also "/home/jetson/yahboomcar_ws/build/yahboomcar_msgs/CMakeFiles/CMakeOutput.log".
[0.896s] Invoked command in '/home/jetson/yahboomcar_ws/build/yahboomcar_msgs' returned '1': CMAKE_PREFIX_PATH=${CMAKE_PREFIX_PATH}:/opt/ros/humble /usr/bin/cmake /home/jetson/yahboomcar_ws/src/yahboomcar_msgs -DCMAKE_INSTALL_PREFIX=/home/jetson/yahboomcar_ws/install/yahboomcar_msgs
