[0.080s] Invoking command in '/home/jetson/yahboomcar_ws/build/ydlidar_ros2_driver': CMAKE_PREFIX_PATH=${CMAKE_PREFIX_PATH}:/opt/ros/humble /usr/bin/cmake /home/jetson/yahboomcar_ws/src/ydlidar_ros2_driver -DCMAKE_INSTALL_PREFIX=/home/jetson/yahboomcar_ws/install/ydlidar_ros2_driver
[0.353s] -- The C compiler identification is GNU 11.4.0
[0.662s] -- The CXX compiler identification is GNU 11.4.0
[0.684s] -- Detecting C compiler ABI info
[0.984s] -- Detecting C compiler ABI info - done
[0.998s] -- Check for working C compiler: /usr/bin/cc - skipped
[0.999s] -- Detecting C compile features
[0.999s] -- Detecting C compile features - done
[1.007s] -- Detecting CXX compiler ABI info
[1.369s] -- Detecting CXX compiler ABI info - done
[1.432s] -- Check for working CXX compiler: /usr/bin/c++ - skipped
[1.432s] -- Detecting CXX compile features
[1.439s] -- Detecting CXX compile features - done
[1.472s] -- Found ament_cmake: 1.3.11 (/opt/ros/humble/share/ament_cmake/cmake)
[2.423s] -- Found Python3: /usr/bin/python3 (found version "3.10.12") found components: Interpreter 
[2.722s] -- Found rclcpp: 16.0.12 (/opt/ros/humble/share/rclcpp/cmake)
[2.851s] -- Found rosidl_generator_c: 3.1.6 (/opt/ros/humble/share/rosidl_generator_c/cmake)
[2.866s] -- Found rosidl_adapter: 3.1.6 (/opt/ros/humble/share/rosidl_adapter/cmake)
[2.889s] -- Found rosidl_generator_cpp: 3.1.6 (/opt/ros/humble/share/rosidl_generator_cpp/cmake)
[2.932s] -- Using all available rosidl_typesupport_c: rosidl_typesupport_fastrtps_c;rosidl_typesupport_introspection_c
[2.985s] -- Using all available rosidl_typesupport_cpp: rosidl_typesupport_fastrtps_cpp;rosidl_typesupport_introspection_cpp
[3.114s] -- Found rmw_implementation_cmake: 6.1.2 (/opt/ros/humble/share/rmw_implementation_cmake/cmake)
[3.122s] -- Found rmw_fastrtps_cpp: 6.2.7 (/opt/ros/humble/share/rmw_fastrtps_cpp/cmake)
[3.371s] -- Found OpenSSL: /usr/lib/aarch64-linux-gnu/libcrypto.so (found version "3.0.2")  
[3.464s] -- Found FastRTPS: /opt/ros/humble/include  
[3.567s] -- Using RMW implementation 'rmw_fastrtps_cpp' as default
[3.598s] -- Looking for pthread.h
[3.798s] -- Looking for pthread.h - found
[3.799s] -- Performing Test CMAKE_HAVE_LIBC_PTHREAD
[4.022s] -- Performing Test CMAKE_HAVE_LIBC_PTHREAD - Success
[4.023s] -- Found Threads: TRUE  
[4.136s] -- Found sensor_msgs: 4.8.0 (/opt/ros/humble/share/sensor_msgs/cmake)
[4.207s] -- Found visualization_msgs: 4.8.0 (/opt/ros/humble/share/visualization_msgs/cmake)
[4.259s] -- Found std_srvs: 4.8.0 (/opt/ros/humble/share/std_srvs/cmake)
[4.318s] -- Found ament_lint_auto: 0.12.12 (/opt/ros/humble/share/ament_lint_auto/cmake)
[4.591s] -- Added test 'copyright' to check source files copyright and LICENSE
[4.601s] -- Added test 'cppcheck' to perform static code analysis on C / C++ code
[4.601s] -- Configured cppcheck include dirs: /home/jetson/yahboomcar_ws/src/ydlidar_ros2_driver/src
[4.602s] -- Configured cppcheck exclude dirs and/or files: 
[4.610s] -- Added test 'cpplint' to check C / C++ code against the Google style
[4.610s] -- Configured cpplint exclude dirs and/or files: 
[4.613s] -- Added test 'flake8' to check Python code syntax and style conventions
[4.615s] -- Added test 'lint_cmake' to check CMake code style
[4.618s] -- Added test 'pep257' to check Python code against some of the docstring style conventions in PEP 257
[4.625s] -- Added test 'uncrustify' to check C / C++ code style
[4.625s] -- Configured uncrustify additional arguments: 
[4.627s] -- Added test 'xmllint' to check XML markup files
[4.631s] -- Configuring done
[4.662s] -- Generating done
[4.675s] -- Build files have been written to: /home/jetson/yahboomcar_ws/build/ydlidar_ros2_driver
