[33mCMake Warning (dev) at CMakeLists.txt:41 (find_package):
  Policy CMP0074 is not set: find_package uses <PackageName>_ROOT variables.
  Run "cmake --help-policy CMP0074" for policy details.  Use the cmake_policy
  command to set the policy and suppress this warning.

  CMake variable PCL_ROOT is set to:

    /usr

  For compatibility, CMake is ignoring the variable.
This warning is for project developers.  Use -Wno-dev to suppress it.
[0m
In file included from [01m[K/home/jetson/yahboomcar_ws/src/yahboomcar_slam/src/pointcloud_mapping.cpp:14[m[K:
[01m[K/opt/ros/humble/include/pcl_conversions/pcl_conversions/pcl_conversions.h:62:10:[m[K [01;31m[Kfatal error: [m[Kpcl_msgs/msg/point_indices.hpp: No such file or directory
   62 | #include [01;31m[K<pcl_msgs/msg/point_indices.hpp>[m[K
      |          [01;31m[K^~~~~~~~~~~~~~~~~~~~~~~~~~~~~~~~[m[K
compilation terminated.
gmake[2]: *** [CMakeFiles/pointcloud_mapping.dir/build.make:76: CMakeFiles/pointcloud_mapping.dir/src/pointcloud_mapping.cpp.o] Error 1
gmake[2]: *** Waiting for unfinished jobs....
In file included from [01m[K/home/jetson/yahboomcar_ws/src/yahboomcar_slam/src/PCLMapper.cpp:29[m[K:
[01m[K/opt/ros/humble/include/pcl_conversions/pcl_conversions/pcl_conversions.h:62:10:[m[K [01;31m[Kfatal error: [m[Kpcl_msgs/msg/point_indices.hpp: No such file or directory
   62 | #include [01;31m[K<pcl_msgs/msg/point_indices.hpp>[m[K
      |          [01;31m[K^~~~~~~~~~~~~~~~~~~~~~~~~~~~~~~~[m[K
compilation terminated.
gmake[2]: *** [CMakeFiles/pointcloud_mapping.dir/build.make:90: CMakeFiles/pointcloud_mapping.dir/src/PCLMapper.cpp.o] Error 1
gmake[1]: *** [CMakeFiles/Makefile2:137: CMakeFiles/pointcloud_mapping.dir/all] Error 2
gmake: *** [Makefile:146: all] Error 2
