[35m[1mConsolidate compiler generated dependencies of target KCFTracker_node[0m
[  1%] Built target astra_camera_msgs__cpp
[ 11%] Built target astra_camera_msgs__rosidl_generator_c
[ 11%] Built target ament_cmake_python_copy_astra_camera_msgs
[ 11%] [32mBuilding CXX object CMakeFiles/KCFTracker_node.dir/src/KCF_Tracker_main.cpp.o[0m
[ 20%] Built target astra_camera_msgs__rosidl_typesupport_introspection_cpp
[ 36%] Built target astra_camera_msgs__rosidl_typesupport_fastrtps_cpp
[ 39%] Built target astra_camera_msgs__rosidl_typesupport_introspection_c
[ 48%] Built target astra_camera_msgs__rosidl_typesupport_cpp
[ 58%] Built target astra_camera_msgs__rosidl_typesupport_fastrtps_c
[ 59%] [32mBuilding CXX object CMakeFiles/KCFTracker_node.dir/src/KCF_Tracker.cpp.o[0m
[ 69%] Built target astra_camera_msgs__rosidl_typesupport_c
[ 69%] Built target astra_camera_msgs
[ 82%] Built target yahboomcar_astra_driver
[ 83%] Built target astra_camera_msgs__py
[35m[1mConsolidate compiler generated dependencies of target astra_camera_node[0m
[35m[1mConsolidate compiler generated dependencies of target astra_camera_msgs__rosidl_generator_py[0m
[ 86%] [32m[1mLinking CXX executable astra_camera_node[0m
[ 92%] Built target astra_camera_msgs__rosidl_generator_py
[35m[1mConsolidate compiler generated dependencies of target astra_camera_msgs__rosidl_typesupport_introspection_c__pyext[0m
[35m[1mConsolidate compiler generated dependencies of target astra_camera_msgs__rosidl_typesupport_fastrtps_c__pyext[0m
[ 94%] Built target astra_camera_msgs__rosidl_typesupport_introspection_c__pyext
[ 96%] Built target astra_camera_msgs__rosidl_typesupport_fastrtps_c__pyext
[35m[1mConsolidate compiler generated dependencies of target astra_camera_msgs__rosidl_typesupport_c__pyext[0m
[ 98%] Built target astra_camera_msgs__rosidl_typesupport_c__pyext
running egg_info
writing astra_camera_msgs.egg-info/PKG-INFO
writing dependency_links to astra_camera_msgs.egg-info/dependency_links.txt
writing top-level names to astra_camera_msgs.egg-info/top_level.txt
reading manifest file 'astra_camera_msgs.egg-info/SOURCES.txt'
writing manifest file 'astra_camera_msgs.egg-info/SOURCES.txt'
[ 98%] Built target ament_cmake_python_build_astra_camera_msgs_egg
[ 99%] [32m[1mLinking CXX executable KCFTracker_node[0m
