[35m[1mConsolidate compiler generated dependencies of target KCFTracker_node[0m
[ 10%] Built target astra_camera_msgs__rosidl_generator_c
[ 10%] Built target astra_camera_msgs__cpp
[ 10%] Built target ament_cmake_python_copy_astra_camera_msgs
[ 11%] [32mBuilding CXX object CMakeFiles/KCFTracker_node.dir/src/yahboomcar_astra/kcftracker.cpp.o[0m
[ 21%] Built target astra_camera_msgs__rosidl_typesupport_introspection_c
[ 30%] Built target astra_camera_msgs__rosidl_typesupport_fastrtps_c
[ 40%] Built target astra_camera_msgs__rosidl_typesupport_introspection_cpp
[ 50%] Built target astra_camera_msgs__rosidl_typesupport_c
[ 60%] Built target astra_camera_msgs__rosidl_typesupport_cpp
[ 69%] Built target astra_camera_msgs__rosidl_typesupport_fastrtps_cpp
[ 70%] Built target astra_camera_msgs
[ 81%] Built target yahboomcar_astra_driver
[ 82%] Built target astra_camera_msgs__py
[ 84%] Built target astra_camera_node
[ 92%] Built target astra_camera_msgs__rosidl_generator_py
[ 95%] Built target astra_camera_msgs__rosidl_typesupport_introspection_c__pyext
[ 96%] Built target astra_camera_msgs__rosidl_typesupport_c__pyext
[ 96%] Built target astra_camera_msgs__rosidl_typesupport_fastrtps_c__pyext
running egg_info
writing astra_camera_msgs.egg-info/PKG-INFO
writing dependency_links to astra_camera_msgs.egg-info/dependency_links.txt
writing top-level names to astra_camera_msgs.egg-info/top_level.txt
reading manifest file 'astra_camera_msgs.egg-info/SOURCES.txt'
writing manifest file 'astra_camera_msgs.egg-info/SOURCES.txt'
[ 96%] Built target ament_cmake_python_build_astra_camera_msgs_egg
[ 97%] [32m[1mLinking CXX executable KCFTracker_node[0m
/usr/bin/ld: warning: libopencv_imgproc.so.4.5d, needed by /opt/ros/humble/lib/libcv_bridge.so, may conflict with libopencv_imgproc.so.410
/usr/bin/ld: warning: libopencv_core.so.4.5d, needed by /opt/ros/humble/lib/libcv_bridge.so, may conflict with libopencv_core.so.410
[100%] Built target KCFTracker_node
-- Install configuration: ""
-- Installing: /home/jetson/yahboomcar_ws/src/install/yahboomcar_astra/lib/yahboomcar_astra/libyahboomcar_astra_driver.so
-- Set runtime path of "/home/jetson/yahboomcar_ws/src/install/yahboomcar_astra/lib/yahboomcar_astra/libyahboomcar_astra_driver.so" to ""
-- Installing: /home/jetson/yahboomcar_ws/src/install/yahboomcar_astra/lib/yahboomcar_astra/astra_camera_node
-- Set runtime path of "/home/jetson/yahboomcar_ws/src/install/yahboomcar_astra/lib/yahboomcar_astra/astra_camera_node" to ""
-- Installing: /home/jetson/yahboomcar_ws/src/install/yahboomcar_astra/lib/yahboomcar_astra/KCFTracker_node
-- Set runtime path of "/home/jetson/yahboomcar_ws/src/install/yahboomcar_astra/lib/yahboomcar_astra/KCFTracker_node" to ""
-- Installing: /home/jetson/yahboomcar_ws/src/install/yahboomcar_astra/include
-- Installing: /home/jetson/yahboomcar_ws/src/install/yahboomcar_astra/include/magic_enum
-- Installing: /home/jetson/yahboomcar_ws/src/install/yahboomcar_astra/include/magic_enum/magic_enum.hpp
-- Installing: /home/jetson/yahboomcar_ws/src/install/yahboomcar_astra/include/yahboomcar_astra
-- Installing: /home/jetson/yahboomcar_ws/src/install/yahboomcar_astra/include/yahboomcar_astra/tracker.h
-- Installing: /home/jetson/yahboomcar_ws/src/install/yahboomcar_astra/include/yahboomcar_astra/ffttools.h
-- Installing: /home/jetson/yahboomcar_ws/src/install/yahboomcar_astra/include/yahboomcar_astra/kcftracker.h
-- Installing: /home/jetson/yahboomcar_ws/src/install/yahboomcar_astra/include/yahboomcar_astra/fhog.h
-- Installing: /home/jetson/yahboomcar_ws/src/install/yahboomcar_astra/include/yahboomcar_astra/labdata.h
-- Installing: /home/jetson/yahboomcar_ws/src/install/yahboomcar_astra/include/yahboomcar_astra/PID.h
-- Installing: /home/jetson/yahboomcar_ws/src/install/yahboomcar_astra/include/yahboomcar_astra/recttools.h
-- Installing: /home/jetson/yahboomcar_ws/src/install/yahboomcar_astra/include/yahboomcar_astra/CMakeLists.txt
-- Installing: /home/jetson/yahboomcar_ws/src/install/yahboomcar_astra/include/yahboomcar_astra/KCF_Tracker.h
-- Installing: /home/jetson/yahboomcar_ws/src/install/yahboomcar_astra/include/openni2
-- Installing: /home/jetson/yahboomcar_ws/src/install/yahboomcar_astra/include/openni2/OniCAPI.h
-- Installing: /home/jetson/yahboomcar_ws/src/install/yahboomcar_astra/include/openni2/OpenNI.h
-- Installing: /home/jetson/yahboomcar_ws/src/install/yahboomcar_astra/include/openni2/Linux-x86
-- Installing: /home/jetson/yahboomcar_ws/src/install/yahboomcar_astra/include/openni2/Linux-x86/OniPlatformLinux-x86.h
-- Installing: /home/jetson/yahboomcar_ws/src/install/yahboomcar_astra/include/openni2/Driver
-- Installing: /home/jetson/yahboomcar_ws/src/install/yahboomcar_astra/include/openni2/Driver/OniDriverAPI.h
-- Installing: /home/jetson/yahboomcar_ws/src/install/yahboomcar_astra/include/openni2/Driver/OniDriverTypes.h
-- Installing: /home/jetson/yahboomcar_ws/src/install/yahboomcar_astra/include/openni2/OniCTypes.h
-- Installing: /home/jetson/yahboomcar_ws/src/install/yahboomcar_astra/include/openni2/Linux-Arm
-- Installing: /home/jetson/yahboomcar_ws/src/install/yahboomcar_astra/include/openni2/Linux-Arm/OniPlatformLinux-Arm.h
-- Installing: /home/jetson/yahboomcar_ws/src/install/yahboomcar_astra/include/openni2/OniCEnums.h
-- Installing: /home/jetson/yahboomcar_ws/src/install/yahboomcar_astra/include/openni2/PrimeSense.h
-- Installing: /home/jetson/yahboomcar_ws/src/install/yahboomcar_astra/include/openni2/Android-Arm
-- Installing: /home/jetson/yahboomcar_ws/src/install/yahboomcar_astra/include/openni2/Android-Arm/OniPlatformAndroid-Arm.h
-- Installing: /home/jetson/yahboomcar_ws/src/install/yahboomcar_astra/include/openni2/PSLink.h
-- Installing: /home/jetson/yahboomcar_ws/src/install/yahboomcar_astra/include/openni2/SonixCamera.h
-- Installing: /home/jetson/yahboomcar_ws/src/install/yahboomcar_astra/include/openni2/OniPlatform.h
-- Installing: /home/jetson/yahboomcar_ws/src/install/yahboomcar_astra/include/openni2/OniEnums.h
-- Installing: /home/jetson/yahboomcar_ws/src/install/yahboomcar_astra/include/openni2/util.h
-- Installing: /home/jetson/yahboomcar_ws/src/install/yahboomcar_astra/include/openni2/OniProperties.h
-- Installing: /home/jetson/yahboomcar_ws/src/install/yahboomcar_astra/include/openni2/OniTest.h
-- Installing: /home/jetson/yahboomcar_ws/src/install/yahboomcar_astra/include/openni2/OniVersion.h
-- Installing: /home/jetson/yahboomcar_ws/src/install/yahboomcar_astra/include/openni2/MacOSX
-- Installing: /home/jetson/yahboomcar_ws/src/install/yahboomcar_astra/include/openni2/MacOSX/OniPlatformMacOSX.h
-- Installing: /home/jetson/yahboomcar_ws/src/install/yahboomcar_astra/include/openni2/OniCProperties.h
-- Installing: /home/jetson/yahboomcar_ws/src/install/yahboomcar_astra/include/openni2/KinectProperties.h
-- Installing: /home/jetson/yahboomcar_ws/src/install/yahboomcar_astra/include/openni2/PS1080.h
-- Installing: /home/jetson/yahboomcar_ws/src/install/yahboomcar_astra/include/astra_camera
-- Installing: /home/jetson/yahboomcar_ws/src/install/yahboomcar_astra/include/astra_camera/dynamic_params.h
-- Installing: /home/jetson/yahboomcar_ws/src/install/yahboomcar_astra/include/astra_camera/constants.h
-- Installing: /home/jetson/yahboomcar_ws/src/install/yahboomcar_astra/include/astra_camera/utils.h
-- Installing: /home/jetson/yahboomcar_ws/src/install/yahboomcar_astra/include/astra_camera/json.hpp
-- Installing: /home/jetson/yahboomcar_ws/src/install/yahboomcar_astra/include/astra_camera/ob_camera_node.h
-- Installing: /home/jetson/yahboomcar_ws/src/install/yahboomcar_astra/include/astra_camera/uvc_camera_driver.h
-- Installing: /home/jetson/yahboomcar_ws/src/install/yahboomcar_astra/include/astra_camera/types.h
-- Installing: /home/jetson/yahboomcar_ws/src/install/yahboomcar_astra/include/astra_camera/ob_context.h
-- Installing: /home/jetson/yahboomcar_ws/src/install/yahboomcar_astra/include/astra_camera/ob_camera_node_factory.h
-- Installing: /home/jetson/yahboomcar_ws/src/install/yahboomcar_astra/include/astra_camera/ros_param_backend.h
-- Installing: /home/jetson/yahboomcar_ws/src/install/yahboomcar_astra/include/astra_camera/ob_timer_filter.h
-- Installing: /home/jetson/yahboomcar_ws/src/install/yahboomcar_astra/include/astra_camera/point_cloud_proc
-- Installing: /home/jetson/yahboomcar_ws/src/install/yahboomcar_astra/include/astra_camera/point_cloud_proc/point_cloud_xyzrgb.h
-- Installing: /home/jetson/yahboomcar_ws/src/install/yahboomcar_astra/include/astra_camera/point_cloud_proc/point_cloud_proc.h
-- Installing: /home/jetson/yahboomcar_ws/src/install/yahboomcar_astra/include/astra_camera/point_cloud_proc/depth_traits.h
-- Installing: /home/jetson/yahboomcar_ws/src/install/yahboomcar_astra/include/astra_camera/point_cloud_proc/point_cloud_xyz.h
-- Installing: /home/jetson/yahboomcar_ws/src/install/yahboomcar_astra/lib/yahboomcar_astra/openni2_redist/arm64
-- Installing: /home/jetson/yahboomcar_ws/src/install/yahboomcar_astra/lib/yahboomcar_astra/openni2_redist/arm64/install
-- Installing: /home/jetson/yahboomcar_ws/src/install/yahboomcar_astra/lib/yahboomcar_astra/openni2_redist/arm64/install/setup.zsh
-- Installing: /home/jetson/yahboomcar_ws/src/install/yahboomcar_astra/lib/yahboomcar_astra/openni2_redist/arm64/install/setup.bash
-- Installing: /home/jetson/yahboomcar_ws/src/install/yahboomcar_astra/lib/yahboomcar_astra/openni2_redist/arm64/install/_local_setup_util_ps1.py
-- Installing: /home/jetson/yahboomcar_ws/src/install/yahboomcar_astra/lib/yahboomcar_astra/openni2_redist/arm64/install/_local_setup_util_sh.py
-- Installing: /home/jetson/yahboomcar_ws/src/install/yahboomcar_astra/lib/yahboomcar_astra/openni2_redist/arm64/install/local_setup.bash
-- Installing: /home/jetson/yahboomcar_ws/src/install/yahboomcar_astra/lib/yahboomcar_astra/openni2_redist/arm64/install/COLCON_IGNORE
-- Installing: /home/jetson/yahboomcar_ws/src/install/yahboomcar_astra/lib/yahboomcar_astra/openni2_redist/arm64/install/local_setup.sh
-- Installing: /home/jetson/yahboomcar_ws/src/install/yahboomcar_astra/lib/yahboomcar_astra/openni2_redist/arm64/install/setup.ps1
-- Installing: /home/jetson/yahboomcar_ws/src/install/yahboomcar_astra/lib/yahboomcar_astra/openni2_redist/arm64/install/setup.sh
-- Installing: /home/jetson/yahboomcar_ws/src/install/yahboomcar_astra/lib/yahboomcar_astra/openni2_redist/arm64/install/local_setup.zsh
-- Installing: /home/jetson/yahboomcar_ws/src/install/yahboomcar_astra/lib/yahboomcar_astra/openni2_redist/arm64/install/local_setup.ps1
-- Installing: /home/jetson/yahboomcar_ws/src/install/yahboomcar_astra/lib/yahboomcar_astra/openni2_redist/arm64/install/.colcon_install_layout
-- Installing: /home/jetson/yahboomcar_ws/src/install/yahboomcar_astra/lib/yahboomcar_astra/openni2_redist/arm64/build
-- Installing: /home/jetson/yahboomcar_ws/src/install/yahboomcar_astra/lib/yahboomcar_astra/openni2_redist/arm64/build/.built_by
-- Installing: /home/jetson/yahboomcar_ws/src/install/yahboomcar_astra/lib/yahboomcar_astra/openni2_redist/arm64/build/COLCON_IGNORE
-- Installing: /home/jetson/yahboomcar_ws/src/install/yahboomcar_astra/lib/yahboomcar_astra/openni2_redist/arm64/log
-- Installing: /home/jetson/yahboomcar_ws/src/install/yahboomcar_astra/lib/yahboomcar_astra/openni2_redist/arm64/log/latest
-- Installing: /home/jetson/yahboomcar_ws/src/install/yahboomcar_astra/lib/yahboomcar_astra/openni2_redist/arm64/log/build_2025-05-26_16-07-51
-- Installing: /home/jetson/yahboomcar_ws/src/install/yahboomcar_astra/lib/yahboomcar_astra/openni2_redist/arm64/log/build_2025-05-26_16-07-51/logger_all.log
-- Installing: /home/jetson/yahboomcar_ws/src/install/yahboomcar_astra/lib/yahboomcar_astra/openni2_redist/arm64/log/build_2025-05-26_16-07-51/events.log
-- Installing: /home/jetson/yahboomcar_ws/src/install/yahboomcar_astra/lib/yahboomcar_astra/openni2_redist/arm64/log/latest_build
-- Installing: /home/jetson/yahboomcar_ws/src/install/yahboomcar_astra/lib/yahboomcar_astra/openni2_redist/arm64/log/COLCON_IGNORE
-- Installing: /home/jetson/yahboomcar_ws/src/install/yahboomcar_astra/lib/yahboomcar_astra/openni2_redist/arm64/libOpenNI2.so
-- Installing: /home/jetson/yahboomcar_ws/src/install/yahboomcar_astra/lib/yahboomcar_astra/openni2_redist/arm64/OpenNI.ini
-- Installing: /home/jetson/yahboomcar_ws/src/install/yahboomcar_astra/lib/yahboomcar_astra/openni2_redist/arm64/OpenNI2
-- Installing: /home/jetson/yahboomcar_ws/src/install/yahboomcar_astra/lib/yahboomcar_astra/openni2_redist/arm64/OpenNI2/Drivers
-- Installing: /home/jetson/yahboomcar_ws/src/install/yahboomcar_astra/lib/yahboomcar_astra/openni2_redist/arm64/OpenNI2/Drivers/orbbec.ini
-- Installing: /home/jetson/yahboomcar_ws/src/install/yahboomcar_astra/lib/yahboomcar_astra/openni2_redist/arm64/OpenNI2/Drivers/OniFile.ini
-- Installing: /home/jetson/yahboomcar_ws/src/install/yahboomcar_astra/lib/yahboomcar_astra/openni2_redist/arm64/OpenNI2/Drivers/libOniFile.so
-- Installing: /home/jetson/yahboomcar_ws/src/install/yahboomcar_astra/lib/yahboomcar_astra/openni2_redist/arm64/OpenNI2/Drivers/liborbbec.so
-- Installing: /home/jetson/yahboomcar_ws/src/install/yahboomcar_astra/share/yahboomcar_astra/launch
-- Installing: /home/jetson/yahboomcar_ws/src/install/yahboomcar_astra/share/yahboomcar_astra/launch/colorTracker.launch
-- Installing: /home/jetson/yahboomcar_ws/src/install/yahboomcar_astra/share/yahboomcar_astra/launch/astra.launch.py
-- Installing: /home/jetson/yahboomcar_ws/src/install/yahboomcar_astra/share/yahboomcar_astra/launch/colorHSV.launch
-- Installing: /home/jetson/yahboomcar_ws/src/install/yahboomcar_astra/share/yahboomcar_astra/launch/.ipynb_checkpoints
-- Installing: /home/jetson/yahboomcar_ws/src/install/yahboomcar_astra/share/yahboomcar_astra/launch/.ipynb_checkpoints/colorHSV-checkpoint.launch
-- Installing: /home/jetson/yahboomcar_ws/src/install/yahboomcar_astra/share/yahboomcar_astra/launch/.ipynb_checkpoints/colorTracker-checkpoint.launch
-- Installing: /home/jetson/yahboomcar_ws/src/install/yahboomcar_astra/share/yahboomcar_astra/launch/KCFTracker.launch
-- Installing: /home/jetson/yahboomcar_ws/src/install/yahboomcar_astra/share/ament_index/resource_index/package_run_dependencies/yahboomcar_astra
-- Installing: /home/jetson/yahboomcar_ws/src/install/yahboomcar_astra/share/ament_index/resource_index/parent_prefix_path/yahboomcar_astra
-- Installing: /home/jetson/yahboomcar_ws/src/install/yahboomcar_astra/share/yahboomcar_astra/environment/ament_prefix_path.sh
-- Installing: /home/jetson/yahboomcar_ws/src/install/yahboomcar_astra/share/yahboomcar_astra/environment/ament_prefix_path.dsv
-- Installing: /home/jetson/yahboomcar_ws/src/install/yahboomcar_astra/share/yahboomcar_astra/environment/path.sh
-- Installing: /home/jetson/yahboomcar_ws/src/install/yahboomcar_astra/share/yahboomcar_astra/environment/path.dsv
-- Installing: /home/jetson/yahboomcar_ws/src/install/yahboomcar_astra/share/yahboomcar_astra/local_setup.bash
-- Installing: /home/jetson/yahboomcar_ws/src/install/yahboomcar_astra/share/yahboomcar_astra/local_setup.sh
-- Installing: /home/jetson/yahboomcar_ws/src/install/yahboomcar_astra/share/yahboomcar_astra/local_setup.zsh
-- Installing: /home/jetson/yahboomcar_ws/src/install/yahboomcar_astra/share/yahboomcar_astra/local_setup.dsv
-- Installing: /home/jetson/yahboomcar_ws/src/install/yahboomcar_astra/share/yahboomcar_astra/package.dsv
-- Installing: /home/jetson/yahboomcar_ws/src/install/yahboomcar_astra/share/ament_index/resource_index/packages/yahboomcar_astra
-- Installing: /home/jetson/yahboomcar_ws/src/install/yahboomcar_astra/share/yahboomcar_astra/cmake/yahboomcar_astraConfig.cmake
-- Installing: /home/jetson/yahboomcar_ws/src/install/yahboomcar_astra/share/yahboomcar_astra/cmake/yahboomcar_astraConfig-version.cmake
-- Installing: /home/jetson/yahboomcar_ws/src/install/yahboomcar_astra/share/yahboomcar_astra/package.xml
-- Installing: /home/jetson/yahboomcar_ws/src/install/yahboomcar_astra/share/ament_index/resource_index/rosidl_interfaces/astra_camera_msgs
-- Installing: /home/jetson/yahboomcar_ws/src/install/yahboomcar_astra/include/astra_camera_msgs/astra_camera_msgs
-- Installing: /home/jetson/yahboomcar_ws/src/install/yahboomcar_astra/include/astra_camera_msgs/astra_camera_msgs/msg
-- Installing: /home/jetson/yahboomcar_ws/src/install/yahboomcar_astra/include/astra_camera_msgs/astra_camera_msgs/msg/metadata.h
-- Installing: /home/jetson/yahboomcar_ws/src/install/yahboomcar_astra/include/astra_camera_msgs/astra_camera_msgs/msg/extrinsics.h
-- Installing: /home/jetson/yahboomcar_ws/src/install/yahboomcar_astra/include/astra_camera_msgs/astra_camera_msgs/msg/detail
-- Installing: /home/jetson/yahboomcar_ws/src/install/yahboomcar_astra/include/astra_camera_msgs/astra_camera_msgs/msg/detail/metadata__type_support.h
-- Installing: /home/jetson/yahboomcar_ws/src/install/yahboomcar_astra/include/astra_camera_msgs/astra_camera_msgs/msg/detail/device_info__struct.h
-- Installing: /home/jetson/yahboomcar_ws/src/install/yahboomcar_astra/include/astra_camera_msgs/astra_camera_msgs/msg/detail/metadata__functions.c
-- Installing: /home/jetson/yahboomcar_ws/src/install/yahboomcar_astra/include/astra_camera_msgs/astra_camera_msgs/msg/detail/extrinsics__struct.h
-- Installing: /home/jetson/yahboomcar_ws/src/install/yahboomcar_astra/include/astra_camera_msgs/astra_camera_msgs/msg/detail/device_info__functions.c
-- Installing: /home/jetson/yahboomcar_ws/src/install/yahboomcar_astra/include/astra_camera_msgs/astra_camera_msgs/msg/detail/extrinsics__functions.h
-- Installing: /home/jetson/yahboomcar_ws/src/install/yahboomcar_astra/include/astra_camera_msgs/astra_camera_msgs/msg/detail/metadata__functions.h
-- Installing: /home/jetson/yahboomcar_ws/src/install/yahboomcar_astra/include/astra_camera_msgs/astra_camera_msgs/msg/detail/device_info__type_support.h
-- Installing: /home/jetson/yahboomcar_ws/src/install/yahboomcar_astra/include/astra_camera_msgs/astra_camera_msgs/msg/detail/device_info__functions.h
-- Installing: /home/jetson/yahboomcar_ws/src/install/yahboomcar_astra/include/astra_camera_msgs/astra_camera_msgs/msg/detail/extrinsics__functions.c
-- Installing: /home/jetson/yahboomcar_ws/src/install/yahboomcar_astra/include/astra_camera_msgs/astra_camera_msgs/msg/detail/metadata__struct.h
-- Installing: /home/jetson/yahboomcar_ws/src/install/yahboomcar_astra/include/astra_camera_msgs/astra_camera_msgs/msg/detail/extrinsics__type_support.h
-- Installing: /home/jetson/yahboomcar_ws/src/install/yahboomcar_astra/include/astra_camera_msgs/astra_camera_msgs/msg/rosidl_generator_c__visibility_control.h
-- Installing: /home/jetson/yahboomcar_ws/src/install/yahboomcar_astra/include/astra_camera_msgs/astra_camera_msgs/msg/device_info.h
-- Installing: /home/jetson/yahboomcar_ws/src/install/yahboomcar_astra/include/astra_camera_msgs/astra_camera_msgs/srv
-- Installing: /home/jetson/yahboomcar_ws/src/install/yahboomcar_astra/include/astra_camera_msgs/astra_camera_msgs/srv/get_string.h
-- Installing: /home/jetson/yahboomcar_ws/src/install/yahboomcar_astra/include/astra_camera_msgs/astra_camera_msgs/srv/get_camera_params.h
-- Installing: /home/jetson/yahboomcar_ws/src/install/yahboomcar_astra/include/astra_camera_msgs/astra_camera_msgs/srv/get_device_info.h
-- Installing: /home/jetson/yahboomcar_ws/src/install/yahboomcar_astra/include/astra_camera_msgs/astra_camera_msgs/srv/get_camera_info.h
-- Installing: /home/jetson/yahboomcar_ws/src/install/yahboomcar_astra/include/astra_camera_msgs/astra_camera_msgs/srv/detail
-- Installing: /home/jetson/yahboomcar_ws/src/install/yahboomcar_astra/include/astra_camera_msgs/astra_camera_msgs/srv/detail/get_camera_info__functions.c
-- Installing: /home/jetson/yahboomcar_ws/src/install/yahboomcar_astra/include/astra_camera_msgs/astra_camera_msgs/srv/detail/get_camera_params__struct.h
-- Installing: /home/jetson/yahboomcar_ws/src/install/yahboomcar_astra/include/astra_camera_msgs/astra_camera_msgs/srv/detail/set_int32__type_support.h
-- Installing: /home/jetson/yahboomcar_ws/src/install/yahboomcar_astra/include/astra_camera_msgs/astra_camera_msgs/srv/detail/get_int32__functions.h
-- Installing: /home/jetson/yahboomcar_ws/src/install/yahboomcar_astra/include/astra_camera_msgs/astra_camera_msgs/srv/detail/get_device_info__struct.h
-- Installing: /home/jetson/yahboomcar_ws/src/install/yahboomcar_astra/include/astra_camera_msgs/astra_camera_msgs/srv/detail/get_device_info__type_support.h
-- Installing: /home/jetson/yahboomcar_ws/src/install/yahboomcar_astra/include/astra_camera_msgs/astra_camera_msgs/srv/detail/set_int32__functions.c
-- Installing: /home/jetson/yahboomcar_ws/src/install/yahboomcar_astra/include/astra_camera_msgs/astra_camera_msgs/srv/detail/get_camera_params__functions.c
-- Installing: /home/jetson/yahboomcar_ws/src/install/yahboomcar_astra/include/astra_camera_msgs/astra_camera_msgs/srv/detail/get_device_info__functions.c
-- Installing: /home/jetson/yahboomcar_ws/src/install/yahboomcar_astra/include/astra_camera_msgs/astra_camera_msgs/srv/detail/get_camera_params__type_support.h
-- Installing: /home/jetson/yahboomcar_ws/src/install/yahboomcar_astra/include/astra_camera_msgs/astra_camera_msgs/srv/detail/get_int32__struct.h
-- Installing: /home/jetson/yahboomcar_ws/src/install/yahboomcar_astra/include/astra_camera_msgs/astra_camera_msgs/srv/detail/set_int32__struct.h
-- Installing: /home/jetson/yahboomcar_ws/src/install/yahboomcar_astra/include/astra_camera_msgs/astra_camera_msgs/srv/detail/get_camera_params__functions.h
-- Installing: /home/jetson/yahboomcar_ws/src/install/yahboomcar_astra/include/astra_camera_msgs/astra_camera_msgs/srv/detail/set_int32__functions.h
-- Installing: /home/jetson/yahboomcar_ws/src/install/yahboomcar_astra/include/astra_camera_msgs/astra_camera_msgs/srv/detail/get_device_info__functions.h
-- Installing: /home/jetson/yahboomcar_ws/src/install/yahboomcar_astra/include/astra_camera_msgs/astra_camera_msgs/srv/detail/get_string__struct.h
-- Installing: /home/jetson/yahboomcar_ws/src/install/yahboomcar_astra/include/astra_camera_msgs/astra_camera_msgs/srv/detail/get_string__type_support.h
-- Installing: /home/jetson/yahboomcar_ws/src/install/yahboomcar_astra/include/astra_camera_msgs/astra_camera_msgs/srv/detail/get_string__functions.c
-- Installing: /home/jetson/yahboomcar_ws/src/install/yahboomcar_astra/include/astra_camera_msgs/astra_camera_msgs/srv/detail/get_int32__type_support.h
-- Installing: /home/jetson/yahboomcar_ws/src/install/yahboomcar_astra/include/astra_camera_msgs/astra_camera_msgs/srv/detail/get_int32__functions.c
-- Installing: /home/jetson/yahboomcar_ws/src/install/yahboomcar_astra/include/astra_camera_msgs/astra_camera_msgs/srv/detail/get_camera_info__struct.h
-- Installing: /home/jetson/yahboomcar_ws/src/install/yahboomcar_astra/include/astra_camera_msgs/astra_camera_msgs/srv/detail/get_string__functions.h
-- Installing: /home/jetson/yahboomcar_ws/src/install/yahboomcar_astra/include/astra_camera_msgs/astra_camera_msgs/srv/detail/get_camera_info__functions.h
-- Installing: /home/jetson/yahboomcar_ws/src/install/yahboomcar_astra/include/astra_camera_msgs/astra_camera_msgs/srv/detail/get_camera_info__type_support.h
-- Installing: /home/jetson/yahboomcar_ws/src/install/yahboomcar_astra/include/astra_camera_msgs/astra_camera_msgs/srv/get_int32.h
-- Installing: /home/jetson/yahboomcar_ws/src/install/yahboomcar_astra/include/astra_camera_msgs/astra_camera_msgs/srv/set_int32.h
-- Installing: /home/jetson/yahboomcar_ws/src/install/yahboomcar_astra/share/astra_camera_msgs/environment/library_path.sh
-- Installing: /home/jetson/yahboomcar_ws/src/install/yahboomcar_astra/share/astra_camera_msgs/environment/library_path.dsv
-- Installing: /home/jetson/yahboomcar_ws/src/install/yahboomcar_astra/lib/libastra_camera_msgs__rosidl_generator_c.so
-- Set runtime path of "/home/jetson/yahboomcar_ws/src/install/yahboomcar_astra/lib/libastra_camera_msgs__rosidl_generator_c.so" to ""
-- Up-to-date: /home/jetson/yahboomcar_ws/src/install/yahboomcar_astra/include/astra_camera_msgs/astra_camera_msgs
-- Up-to-date: /home/jetson/yahboomcar_ws/src/install/yahboomcar_astra/include/astra_camera_msgs/astra_camera_msgs/msg
-- Up-to-date: /home/jetson/yahboomcar_ws/src/install/yahboomcar_astra/include/astra_camera_msgs/astra_camera_msgs/msg/detail
-- Installing: /home/jetson/yahboomcar_ws/src/install/yahboomcar_astra/include/astra_camera_msgs/astra_camera_msgs/msg/detail/metadata__rosidl_typesupport_fastrtps_c.h
-- Installing: /home/jetson/yahboomcar_ws/src/install/yahboomcar_astra/include/astra_camera_msgs/astra_camera_msgs/msg/detail/extrinsics__rosidl_typesupport_fastrtps_c.h
-- Installing: /home/jetson/yahboomcar_ws/src/install/yahboomcar_astra/include/astra_camera_msgs/astra_camera_msgs/msg/detail/device_info__rosidl_typesupport_fastrtps_c.h
-- Installing: /home/jetson/yahboomcar_ws/src/install/yahboomcar_astra/include/astra_camera_msgs/astra_camera_msgs/msg/rosidl_typesupport_fastrtps_c__visibility_control.h
-- Up-to-date: /home/jetson/yahboomcar_ws/src/install/yahboomcar_astra/include/astra_camera_msgs/astra_camera_msgs/srv
-- Up-to-date: /home/jetson/yahboomcar_ws/src/install/yahboomcar_astra/include/astra_camera_msgs/astra_camera_msgs/srv/detail
-- Installing: /home/jetson/yahboomcar_ws/src/install/yahboomcar_astra/include/astra_camera_msgs/astra_camera_msgs/srv/detail/get_string__rosidl_typesupport_fastrtps_c.h
-- Installing: /home/jetson/yahboomcar_ws/src/install/yahboomcar_astra/include/astra_camera_msgs/astra_camera_msgs/srv/detail/set_int32__rosidl_typesupport_fastrtps_c.h
-- Installing: /home/jetson/yahboomcar_ws/src/install/yahboomcar_astra/include/astra_camera_msgs/astra_camera_msgs/srv/detail/get_camera_info__rosidl_typesupport_fastrtps_c.h
-- Installing: /home/jetson/yahboomcar_ws/src/install/yahboomcar_astra/include/astra_camera_msgs/astra_camera_msgs/srv/detail/get_int32__rosidl_typesupport_fastrtps_c.h
-- Installing: /home/jetson/yahboomcar_ws/src/install/yahboomcar_astra/include/astra_camera_msgs/astra_camera_msgs/srv/detail/get_device_info__rosidl_typesupport_fastrtps_c.h
-- Installing: /home/jetson/yahboomcar_ws/src/install/yahboomcar_astra/include/astra_camera_msgs/astra_camera_msgs/srv/detail/get_camera_params__rosidl_typesupport_fastrtps_c.h
-- Installing: /home/jetson/yahboomcar_ws/src/install/yahboomcar_astra/lib/libastra_camera_msgs__rosidl_typesupport_fastrtps_c.so
-- Set runtime path of "/home/jetson/yahboomcar_ws/src/install/yahboomcar_astra/lib/libastra_camera_msgs__rosidl_typesupport_fastrtps_c.so" to ""
-- Up-to-date: /home/jetson/yahboomcar_ws/src/install/yahboomcar_astra/include/astra_camera_msgs/astra_camera_msgs
-- Up-to-date: /home/jetson/yahboomcar_ws/src/install/yahboomcar_astra/include/astra_camera_msgs/astra_camera_msgs/msg
-- Installing: /home/jetson/yahboomcar_ws/src/install/yahboomcar_astra/include/astra_camera_msgs/astra_camera_msgs/msg/rosidl_typesupport_introspection_c__visibility_control.h
-- Up-to-date: /home/jetson/yahboomcar_ws/src/install/yahboomcar_astra/include/astra_camera_msgs/astra_camera_msgs/msg/detail
-- Installing: /home/jetson/yahboomcar_ws/src/install/yahboomcar_astra/include/astra_camera_msgs/astra_camera_msgs/msg/detail/extrinsics__rosidl_typesupport_introspection_c.h
-- Installing: /home/jetson/yahboomcar_ws/src/install/yahboomcar_astra/include/astra_camera_msgs/astra_camera_msgs/msg/detail/metadata__rosidl_typesupport_introspection_c.h
-- Installing: /home/jetson/yahboomcar_ws/src/install/yahboomcar_astra/include/astra_camera_msgs/astra_camera_msgs/msg/detail/metadata__type_support.c
-- Installing: /home/jetson/yahboomcar_ws/src/install/yahboomcar_astra/include/astra_camera_msgs/astra_camera_msgs/msg/detail/extrinsics__type_support.c
-- Installing: /home/jetson/yahboomcar_ws/src/install/yahboomcar_astra/include/astra_camera_msgs/astra_camera_msgs/msg/detail/device_info__type_support.c
-- Installing: /home/jetson/yahboomcar_ws/src/install/yahboomcar_astra/include/astra_camera_msgs/astra_camera_msgs/msg/detail/device_info__rosidl_typesupport_introspection_c.h
-- Up-to-date: /home/jetson/yahboomcar_ws/src/install/yahboomcar_astra/include/astra_camera_msgs/astra_camera_msgs/srv
-- Up-to-date: /home/jetson/yahboomcar_ws/src/install/yahboomcar_astra/include/astra_camera_msgs/astra_camera_msgs/srv/detail
-- Installing: /home/jetson/yahboomcar_ws/src/install/yahboomcar_astra/include/astra_camera_msgs/astra_camera_msgs/srv/detail/get_camera_info__type_support.c
-- Installing: /home/jetson/yahboomcar_ws/src/install/yahboomcar_astra/include/astra_camera_msgs/astra_camera_msgs/srv/detail/get_camera_params__type_support.c
-- Installing: /home/jetson/yahboomcar_ws/src/install/yahboomcar_astra/include/astra_camera_msgs/astra_camera_msgs/srv/detail/get_int32__rosidl_typesupport_introspection_c.h
-- Installing: /home/jetson/yahboomcar_ws/src/install/yahboomcar_astra/include/astra_camera_msgs/astra_camera_msgs/srv/detail/get_string__rosidl_typesupport_introspection_c.h
-- Installing: /home/jetson/yahboomcar_ws/src/install/yahboomcar_astra/include/astra_camera_msgs/astra_camera_msgs/srv/detail/get_device_info__rosidl_typesupport_introspection_c.h
-- Installing: /home/jetson/yahboomcar_ws/src/install/yahboomcar_astra/include/astra_camera_msgs/astra_camera_msgs/srv/detail/get_string__type_support.c
-- Installing: /home/jetson/yahboomcar_ws/src/install/yahboomcar_astra/include/astra_camera_msgs/astra_camera_msgs/srv/detail/get_int32__type_support.c
-- Installing: /home/jetson/yahboomcar_ws/src/install/yahboomcar_astra/include/astra_camera_msgs/astra_camera_msgs/srv/detail/get_device_info__type_support.c
-- Installing: /home/jetson/yahboomcar_ws/src/install/yahboomcar_astra/include/astra_camera_msgs/astra_camera_msgs/srv/detail/set_int32__type_support.c
-- Installing: /home/jetson/yahboomcar_ws/src/install/yahboomcar_astra/include/astra_camera_msgs/astra_camera_msgs/srv/detail/set_int32__rosidl_typesupport_introspection_c.h
-- Installing: /home/jetson/yahboomcar_ws/src/install/yahboomcar_astra/include/astra_camera_msgs/astra_camera_msgs/srv/detail/get_camera_params__rosidl_typesupport_introspection_c.h
-- Installing: /home/jetson/yahboomcar_ws/src/install/yahboomcar_astra/include/astra_camera_msgs/astra_camera_msgs/srv/detail/get_camera_info__rosidl_typesupport_introspection_c.h
-- Installing: /home/jetson/yahboomcar_ws/src/install/yahboomcar_astra/lib/libastra_camera_msgs__rosidl_typesupport_introspection_c.so
-- Set runtime path of "/home/jetson/yahboomcar_ws/src/install/yahboomcar_astra/lib/libastra_camera_msgs__rosidl_typesupport_introspection_c.so" to ""
-- Installing: /home/jetson/yahboomcar_ws/src/install/yahboomcar_astra/lib/libastra_camera_msgs__rosidl_typesupport_c.so
-- Set runtime path of "/home/jetson/yahboomcar_ws/src/install/yahboomcar_astra/lib/libastra_camera_msgs__rosidl_typesupport_c.so" to ""
-- Up-to-date: /home/jetson/yahboomcar_ws/src/install/yahboomcar_astra/include/astra_camera_msgs/astra_camera_msgs
-- Up-to-date: /home/jetson/yahboomcar_ws/src/install/yahboomcar_astra/include/astra_camera_msgs/astra_camera_msgs/msg
-- Installing: /home/jetson/yahboomcar_ws/src/install/yahboomcar_astra/include/astra_camera_msgs/astra_camera_msgs/msg/extrinsics.hpp
-- Up-to-date: /home/jetson/yahboomcar_ws/src/install/yahboomcar_astra/include/astra_camera_msgs/astra_camera_msgs/msg/detail
-- Installing: /home/jetson/yahboomcar_ws/src/install/yahboomcar_astra/include/astra_camera_msgs/astra_camera_msgs/msg/detail/extrinsics__struct.hpp
-- Installing: /home/jetson/yahboomcar_ws/src/install/yahboomcar_astra/include/astra_camera_msgs/astra_camera_msgs/msg/detail/device_info__builder.hpp
-- Installing: /home/jetson/yahboomcar_ws/src/install/yahboomcar_astra/include/astra_camera_msgs/astra_camera_msgs/msg/detail/device_info__struct.hpp
-- Installing: /home/jetson/yahboomcar_ws/src/install/yahboomcar_astra/include/astra_camera_msgs/astra_camera_msgs/msg/detail/extrinsics__traits.hpp
-- Installing: /home/jetson/yahboomcar_ws/src/install/yahboomcar_astra/include/astra_camera_msgs/astra_camera_msgs/msg/detail/extrinsics__builder.hpp
-- Installing: /home/jetson/yahboomcar_ws/src/install/yahboomcar_astra/include/astra_camera_msgs/astra_camera_msgs/msg/detail/device_info__type_support.hpp
-- Installing: /home/jetson/yahboomcar_ws/src/install/yahboomcar_astra/include/astra_camera_msgs/astra_camera_msgs/msg/detail/metadata__type_support.hpp
-- Installing: /home/jetson/yahboomcar_ws/src/install/yahboomcar_astra/include/astra_camera_msgs/astra_camera_msgs/msg/detail/metadata__builder.hpp
-- Installing: /home/jetson/yahboomcar_ws/src/install/yahboomcar_astra/include/astra_camera_msgs/astra_camera_msgs/msg/detail/metadata__traits.hpp
-- Installing: /home/jetson/yahboomcar_ws/src/install/yahboomcar_astra/include/astra_camera_msgs/astra_camera_msgs/msg/detail/metadata__struct.hpp
-- Installing: /home/jetson/yahboomcar_ws/src/install/yahboomcar_astra/include/astra_camera_msgs/astra_camera_msgs/msg/detail/device_info__traits.hpp
-- Installing: /home/jetson/yahboomcar_ws/src/install/yahboomcar_astra/include/astra_camera_msgs/astra_camera_msgs/msg/detail/extrinsics__type_support.hpp
-- Installing: /home/jetson/yahboomcar_ws/src/install/yahboomcar_astra/include/astra_camera_msgs/astra_camera_msgs/msg/metadata.hpp
-- Installing: /home/jetson/yahboomcar_ws/src/install/yahboomcar_astra/include/astra_camera_msgs/astra_camera_msgs/msg/device_info.hpp
-- Installing: /home/jetson/yahboomcar_ws/src/install/yahboomcar_astra/include/astra_camera_msgs/astra_camera_msgs/msg/rosidl_generator_cpp__visibility_control.hpp
-- Up-to-date: /home/jetson/yahboomcar_ws/src/install/yahboomcar_astra/include/astra_camera_msgs/astra_camera_msgs/srv
-- Installing: /home/jetson/yahboomcar_ws/src/install/yahboomcar_astra/include/astra_camera_msgs/astra_camera_msgs/srv/get_int32.hpp
-- Installing: /home/jetson/yahboomcar_ws/src/install/yahboomcar_astra/include/astra_camera_msgs/astra_camera_msgs/srv/set_int32.hpp
-- Installing: /home/jetson/yahboomcar_ws/src/install/yahboomcar_astra/include/astra_camera_msgs/astra_camera_msgs/srv/get_camera_params.hpp
-- Up-to-date: /home/jetson/yahboomcar_ws/src/install/yahboomcar_astra/include/astra_camera_msgs/astra_camera_msgs/srv/detail
-- Installing: /home/jetson/yahboomcar_ws/src/install/yahboomcar_astra/include/astra_camera_msgs/astra_camera_msgs/srv/detail/get_camera_params__type_support.hpp
-- Installing: /home/jetson/yahboomcar_ws/src/install/yahboomcar_astra/include/astra_camera_msgs/astra_camera_msgs/srv/detail/get_int32__struct.hpp
-- Installing: /home/jetson/yahboomcar_ws/src/install/yahboomcar_astra/include/astra_camera_msgs/astra_camera_msgs/srv/detail/get_camera_info__struct.hpp
-- Installing: /home/jetson/yahboomcar_ws/src/install/yahboomcar_astra/include/astra_camera_msgs/astra_camera_msgs/srv/detail/get_string__struct.hpp
-- Installing: /home/jetson/yahboomcar_ws/src/install/yahboomcar_astra/include/astra_camera_msgs/astra_camera_msgs/srv/detail/get_device_info__struct.hpp
-- Installing: /home/jetson/yahboomcar_ws/src/install/yahboomcar_astra/include/astra_camera_msgs/astra_camera_msgs/srv/detail/get_camera_info__builder.hpp
-- Installing: /home/jetson/yahboomcar_ws/src/install/yahboomcar_astra/include/astra_camera_msgs/astra_camera_msgs/srv/detail/get_int32__traits.hpp
-- Installing: /home/jetson/yahboomcar_ws/src/install/yahboomcar_astra/include/astra_camera_msgs/astra_camera_msgs/srv/detail/get_string__type_support.hpp
-- Installing: /home/jetson/yahboomcar_ws/src/install/yahboomcar_astra/include/astra_camera_msgs/astra_camera_msgs/srv/detail/get_string__traits.hpp
-- Installing: /home/jetson/yahboomcar_ws/src/install/yahboomcar_astra/include/astra_camera_msgs/astra_camera_msgs/srv/detail/set_int32__struct.hpp
-- Installing: /home/jetson/yahboomcar_ws/src/install/yahboomcar_astra/include/astra_camera_msgs/astra_camera_msgs/srv/detail/get_device_info__type_support.hpp
-- Installing: /home/jetson/yahboomcar_ws/src/install/yahboomcar_astra/include/astra_camera_msgs/astra_camera_msgs/srv/detail/get_device_info__traits.hpp
-- Installing: /home/jetson/yahboomcar_ws/src/install/yahboomcar_astra/include/astra_camera_msgs/astra_camera_msgs/srv/detail/get_int32__type_support.hpp
-- Installing: /home/jetson/yahboomcar_ws/src/install/yahboomcar_astra/include/astra_camera_msgs/astra_camera_msgs/srv/detail/get_camera_info__traits.hpp
-- Installing: /home/jetson/yahboomcar_ws/src/install/yahboomcar_astra/include/astra_camera_msgs/astra_camera_msgs/srv/detail/set_int32__builder.hpp
-- Installing: /home/jetson/yahboomcar_ws/src/install/yahboomcar_astra/include/astra_camera_msgs/astra_camera_msgs/srv/detail/get_camera_params__builder.hpp
-- Installing: /home/jetson/yahboomcar_ws/src/install/yahboomcar_astra/include/astra_camera_msgs/astra_camera_msgs/srv/detail/set_int32__traits.hpp
-- Installing: /home/jetson/yahboomcar_ws/src/install/yahboomcar_astra/include/astra_camera_msgs/astra_camera_msgs/srv/detail/get_int32__builder.hpp
-- Installing: /home/jetson/yahboomcar_ws/src/install/yahboomcar_astra/include/astra_camera_msgs/astra_camera_msgs/srv/detail/get_camera_info__type_support.hpp
-- Installing: /home/jetson/yahboomcar_ws/src/install/yahboomcar_astra/include/astra_camera_msgs/astra_camera_msgs/srv/detail/get_camera_params__struct.hpp
-- Installing: /home/jetson/yahboomcar_ws/src/install/yahboomcar_astra/include/astra_camera_msgs/astra_camera_msgs/srv/detail/set_int32__type_support.hpp
-- Installing: /home/jetson/yahboomcar_ws/src/install/yahboomcar_astra/include/astra_camera_msgs/astra_camera_msgs/srv/detail/get_camera_params__traits.hpp
-- Installing: /home/jetson/yahboomcar_ws/src/install/yahboomcar_astra/include/astra_camera_msgs/astra_camera_msgs/srv/detail/get_device_info__builder.hpp
-- Installing: /home/jetson/yahboomcar_ws/src/install/yahboomcar_astra/include/astra_camera_msgs/astra_camera_msgs/srv/detail/get_string__builder.hpp
-- Installing: /home/jetson/yahboomcar_ws/src/install/yahboomcar_astra/include/astra_camera_msgs/astra_camera_msgs/srv/get_string.hpp
-- Installing: /home/jetson/yahboomcar_ws/src/install/yahboomcar_astra/include/astra_camera_msgs/astra_camera_msgs/srv/get_camera_info.hpp
-- Installing: /home/jetson/yahboomcar_ws/src/install/yahboomcar_astra/include/astra_camera_msgs/astra_camera_msgs/srv/get_device_info.hpp
-- Up-to-date: /home/jetson/yahboomcar_ws/src/install/yahboomcar_astra/include/astra_camera_msgs/astra_camera_msgs
-- Up-to-date: /home/jetson/yahboomcar_ws/src/install/yahboomcar_astra/include/astra_camera_msgs/astra_camera_msgs/msg
-- Up-to-date: /home/jetson/yahboomcar_ws/src/install/yahboomcar_astra/include/astra_camera_msgs/astra_camera_msgs/msg/detail
-- Installing: /home/jetson/yahboomcar_ws/src/install/yahboomcar_astra/include/astra_camera_msgs/astra_camera_msgs/msg/detail/metadata__rosidl_typesupport_fastrtps_cpp.hpp
-- Installing: /home/jetson/yahboomcar_ws/src/install/yahboomcar_astra/include/astra_camera_msgs/astra_camera_msgs/msg/detail/device_info__rosidl_typesupport_fastrtps_cpp.hpp
-- Installing: /home/jetson/yahboomcar_ws/src/install/yahboomcar_astra/include/astra_camera_msgs/astra_camera_msgs/msg/detail/dds_fastrtps
-- Installing: /home/jetson/yahboomcar_ws/src/install/yahboomcar_astra/include/astra_camera_msgs/astra_camera_msgs/msg/detail/extrinsics__rosidl_typesupport_fastrtps_cpp.hpp
-- Installing: /home/jetson/yahboomcar_ws/src/install/yahboomcar_astra/include/astra_camera_msgs/astra_camera_msgs/msg/rosidl_typesupport_fastrtps_cpp__visibility_control.h
-- Up-to-date: /home/jetson/yahboomcar_ws/src/install/yahboomcar_astra/include/astra_camera_msgs/astra_camera_msgs/srv
-- Up-to-date: /home/jetson/yahboomcar_ws/src/install/yahboomcar_astra/include/astra_camera_msgs/astra_camera_msgs/srv/detail
-- Installing: /home/jetson/yahboomcar_ws/src/install/yahboomcar_astra/include/astra_camera_msgs/astra_camera_msgs/srv/detail/get_string__rosidl_typesupport_fastrtps_cpp.hpp
-- Installing: /home/jetson/yahboomcar_ws/src/install/yahboomcar_astra/include/astra_camera_msgs/astra_camera_msgs/srv/detail/set_int32__rosidl_typesupport_fastrtps_cpp.hpp
-- Installing: /home/jetson/yahboomcar_ws/src/install/yahboomcar_astra/include/astra_camera_msgs/astra_camera_msgs/srv/detail/get_camera_info__rosidl_typesupport_fastrtps_cpp.hpp
-- Installing: /home/jetson/yahboomcar_ws/src/install/yahboomcar_astra/include/astra_camera_msgs/astra_camera_msgs/srv/detail/get_int32__rosidl_typesupport_fastrtps_cpp.hpp
-- Installing: /home/jetson/yahboomcar_ws/src/install/yahboomcar_astra/include/astra_camera_msgs/astra_camera_msgs/srv/detail/get_device_info__rosidl_typesupport_fastrtps_cpp.hpp
-- Installing: /home/jetson/yahboomcar_ws/src/install/yahboomcar_astra/include/astra_camera_msgs/astra_camera_msgs/srv/detail/get_camera_params__rosidl_typesupport_fastrtps_cpp.hpp
-- Installing: /home/jetson/yahboomcar_ws/src/install/yahboomcar_astra/include/astra_camera_msgs/astra_camera_msgs/srv/detail/dds_fastrtps
-- Installing: /home/jetson/yahboomcar_ws/src/install/yahboomcar_astra/lib/libastra_camera_msgs__rosidl_typesupport_fastrtps_cpp.so
-- Set runtime path of "/home/jetson/yahboomcar_ws/src/install/yahboomcar_astra/lib/libastra_camera_msgs__rosidl_typesupport_fastrtps_cpp.so" to ""
-- Up-to-date: /home/jetson/yahboomcar_ws/src/install/yahboomcar_astra/include/astra_camera_msgs/astra_camera_msgs
-- Up-to-date: /home/jetson/yahboomcar_ws/src/install/yahboomcar_astra/include/astra_camera_msgs/astra_camera_msgs/msg
-- Up-to-date: /home/jetson/yahboomcar_ws/src/install/yahboomcar_astra/include/astra_camera_msgs/astra_camera_msgs/msg/detail
-- Installing: /home/jetson/yahboomcar_ws/src/install/yahboomcar_astra/include/astra_camera_msgs/astra_camera_msgs/msg/detail/device_info__rosidl_typesupport_introspection_cpp.hpp
-- Installing: /home/jetson/yahboomcar_ws/src/install/yahboomcar_astra/include/astra_camera_msgs/astra_camera_msgs/msg/detail/extrinsics__rosidl_typesupport_introspection_cpp.hpp
-- Installing: /home/jetson/yahboomcar_ws/src/install/yahboomcar_astra/include/astra_camera_msgs/astra_camera_msgs/msg/detail/metadata__type_support.cpp
-- Installing: /home/jetson/yahboomcar_ws/src/install/yahboomcar_astra/include/astra_camera_msgs/astra_camera_msgs/msg/detail/device_info__type_support.cpp
-- Installing: /home/jetson/yahboomcar_ws/src/install/yahboomcar_astra/include/astra_camera_msgs/astra_camera_msgs/msg/detail/metadata__rosidl_typesupport_introspection_cpp.hpp
-- Installing: /home/jetson/yahboomcar_ws/src/install/yahboomcar_astra/include/astra_camera_msgs/astra_camera_msgs/msg/detail/extrinsics__type_support.cpp
-- Up-to-date: /home/jetson/yahboomcar_ws/src/install/yahboomcar_astra/include/astra_camera_msgs/astra_camera_msgs/srv
-- Up-to-date: /home/jetson/yahboomcar_ws/src/install/yahboomcar_astra/include/astra_camera_msgs/astra_camera_msgs/srv/detail
-- Installing: /home/jetson/yahboomcar_ws/src/install/yahboomcar_astra/include/astra_camera_msgs/astra_camera_msgs/srv/detail/get_camera_params__rosidl_typesupport_introspection_cpp.hpp
-- Installing: /home/jetson/yahboomcar_ws/src/install/yahboomcar_astra/include/astra_camera_msgs/astra_camera_msgs/srv/detail/get_camera_info__type_support.cpp
-- Installing: /home/jetson/yahboomcar_ws/src/install/yahboomcar_astra/include/astra_camera_msgs/astra_camera_msgs/srv/detail/set_int32__type_support.cpp
-- Installing: /home/jetson/yahboomcar_ws/src/install/yahboomcar_astra/include/astra_camera_msgs/astra_camera_msgs/srv/detail/get_camera_params__type_support.cpp
-- Installing: /home/jetson/yahboomcar_ws/src/install/yahboomcar_astra/include/astra_camera_msgs/astra_camera_msgs/srv/detail/get_device_info__rosidl_typesupport_introspection_cpp.hpp
-- Installing: /home/jetson/yahboomcar_ws/src/install/yahboomcar_astra/include/astra_camera_msgs/astra_camera_msgs/srv/detail/get_int32__rosidl_typesupport_introspection_cpp.hpp
-- Installing: /home/jetson/yahboomcar_ws/src/install/yahboomcar_astra/include/astra_camera_msgs/astra_camera_msgs/srv/detail/get_camera_info__rosidl_typesupport_introspection_cpp.hpp
-- Installing: /home/jetson/yahboomcar_ws/src/install/yahboomcar_astra/include/astra_camera_msgs/astra_camera_msgs/srv/detail/set_int32__rosidl_typesupport_introspection_cpp.hpp
-- Installing: /home/jetson/yahboomcar_ws/src/install/yahboomcar_astra/include/astra_camera_msgs/astra_camera_msgs/srv/detail/get_device_info__type_support.cpp
-- Installing: /home/jetson/yahboomcar_ws/src/install/yahboomcar_astra/include/astra_camera_msgs/astra_camera_msgs/srv/detail/get_string__type_support.cpp
-- Installing: /home/jetson/yahboomcar_ws/src/install/yahboomcar_astra/include/astra_camera_msgs/astra_camera_msgs/srv/detail/get_int32__type_support.cpp
-- Installing: /home/jetson/yahboomcar_ws/src/install/yahboomcar_astra/include/astra_camera_msgs/astra_camera_msgs/srv/detail/get_string__rosidl_typesupport_introspection_cpp.hpp
-- Installing: /home/jetson/yahboomcar_ws/src/install/yahboomcar_astra/lib/libastra_camera_msgs__rosidl_typesupport_introspection_cpp.so
-- Set runtime path of "/home/jetson/yahboomcar_ws/src/install/yahboomcar_astra/lib/libastra_camera_msgs__rosidl_typesupport_introspection_cpp.so" to ""
-- Installing: /home/jetson/yahboomcar_ws/src/install/yahboomcar_astra/lib/libastra_camera_msgs__rosidl_typesupport_cpp.so
-- Set runtime path of "/home/jetson/yahboomcar_ws/src/install/yahboomcar_astra/lib/libastra_camera_msgs__rosidl_typesupport_cpp.so" to ""
-- Installing: /home/jetson/yahboomcar_ws/src/install/yahboomcar_astra/share/astra_camera_msgs/environment/pythonpath.sh
-- Installing: /home/jetson/yahboomcar_ws/src/install/yahboomcar_astra/share/astra_camera_msgs/environment/pythonpath.dsv
-- Installing: /home/jetson/yahboomcar_ws/src/install/yahboomcar_astra/local/lib/python3.10/dist-packages/astra_camera_msgs-1.0.1-py3.10.egg-info
-- Installing: /home/jetson/yahboomcar_ws/src/install/yahboomcar_astra/local/lib/python3.10/dist-packages/astra_camera_msgs-1.0.1-py3.10.egg-info/dependency_links.txt
-- Installing: /home/jetson/yahboomcar_ws/src/install/yahboomcar_astra/local/lib/python3.10/dist-packages/astra_camera_msgs-1.0.1-py3.10.egg-info/top_level.txt
-- Installing: /home/jetson/yahboomcar_ws/src/install/yahboomcar_astra/local/lib/python3.10/dist-packages/astra_camera_msgs-1.0.1-py3.10.egg-info/SOURCES.txt
-- Installing: /home/jetson/yahboomcar_ws/src/install/yahboomcar_astra/local/lib/python3.10/dist-packages/astra_camera_msgs-1.0.1-py3.10.egg-info/PKG-INFO
-- Installing: /home/jetson/yahboomcar_ws/src/install/yahboomcar_astra/local/lib/python3.10/dist-packages/astra_camera_msgs
-- Installing: /home/jetson/yahboomcar_ws/src/install/yahboomcar_astra/local/lib/python3.10/dist-packages/astra_camera_msgs/msg
-- Installing: /home/jetson/yahboomcar_ws/src/install/yahboomcar_astra/local/lib/python3.10/dist-packages/astra_camera_msgs/msg/_extrinsics.py
-- Installing: /home/jetson/yahboomcar_ws/src/install/yahboomcar_astra/local/lib/python3.10/dist-packages/astra_camera_msgs/msg/_device_info.py
-- Installing: /home/jetson/yahboomcar_ws/src/install/yahboomcar_astra/local/lib/python3.10/dist-packages/astra_camera_msgs/msg/__init__.py
-- Installing: /home/jetson/yahboomcar_ws/src/install/yahboomcar_astra/local/lib/python3.10/dist-packages/astra_camera_msgs/msg/_metadata_s.c
-- Installing: /home/jetson/yahboomcar_ws/src/install/yahboomcar_astra/local/lib/python3.10/dist-packages/astra_camera_msgs/msg/_device_info_s.c
-- Installing: /home/jetson/yahboomcar_ws/src/install/yahboomcar_astra/local/lib/python3.10/dist-packages/astra_camera_msgs/msg/_metadata.py
-- Installing: /home/jetson/yahboomcar_ws/src/install/yahboomcar_astra/local/lib/python3.10/dist-packages/astra_camera_msgs/msg/_extrinsics_s.c
-- Installing: /home/jetson/yahboomcar_ws/src/install/yahboomcar_astra/local/lib/python3.10/dist-packages/astra_camera_msgs/__init__.py
-- Installing: /home/jetson/yahboomcar_ws/src/install/yahboomcar_astra/local/lib/python3.10/dist-packages/astra_camera_msgs/srv
-- Installing: /home/jetson/yahboomcar_ws/src/install/yahboomcar_astra/local/lib/python3.10/dist-packages/astra_camera_msgs/srv/_get_device_info_s.c
-- Installing: /home/jetson/yahboomcar_ws/src/install/yahboomcar_astra/local/lib/python3.10/dist-packages/astra_camera_msgs/srv/_get_camera_info_s.c
-- Installing: /home/jetson/yahboomcar_ws/src/install/yahboomcar_astra/local/lib/python3.10/dist-packages/astra_camera_msgs/srv/_get_int32_s.c
-- Installing: /home/jetson/yahboomcar_ws/src/install/yahboomcar_astra/local/lib/python3.10/dist-packages/astra_camera_msgs/srv/_get_string.py
-- Installing: /home/jetson/yahboomcar_ws/src/install/yahboomcar_astra/local/lib/python3.10/dist-packages/astra_camera_msgs/srv/_get_int32.py
-- Installing: /home/jetson/yahboomcar_ws/src/install/yahboomcar_astra/local/lib/python3.10/dist-packages/astra_camera_msgs/srv/__init__.py
-- Installing: /home/jetson/yahboomcar_ws/src/install/yahboomcar_astra/local/lib/python3.10/dist-packages/astra_camera_msgs/srv/_get_camera_params.py
-- Installing: /home/jetson/yahboomcar_ws/src/install/yahboomcar_astra/local/lib/python3.10/dist-packages/astra_camera_msgs/srv/_get_camera_params_s.c
-- Installing: /home/jetson/yahboomcar_ws/src/install/yahboomcar_astra/local/lib/python3.10/dist-packages/astra_camera_msgs/srv/_get_device_info.py
-- Installing: /home/jetson/yahboomcar_ws/src/install/yahboomcar_astra/local/lib/python3.10/dist-packages/astra_camera_msgs/srv/_set_int32_s.c
-- Installing: /home/jetson/yahboomcar_ws/src/install/yahboomcar_astra/local/lib/python3.10/dist-packages/astra_camera_msgs/srv/_get_camera_info.py
-- Installing: /home/jetson/yahboomcar_ws/src/install/yahboomcar_astra/local/lib/python3.10/dist-packages/astra_camera_msgs/srv/_set_int32.py
-- Installing: /home/jetson/yahboomcar_ws/src/install/yahboomcar_astra/local/lib/python3.10/dist-packages/astra_camera_msgs/srv/_get_string_s.c
-- Installing: /home/jetson/yahboomcar_ws/src/install/yahboomcar_astra/local/lib/python3.10/dist-packages/astra_camera_msgs/libastra_camera_msgs__rosidl_generator_py.so
-- Installing: /home/jetson/yahboomcar_ws/src/install/yahboomcar_astra/local/lib/python3.10/dist-packages/astra_camera_msgs/astra_camera_msgs_s__rosidl_typesupport_introspection_c.cpython-310-aarch64-linux-gnu.so
-- Installing: /home/jetson/yahboomcar_ws/src/install/yahboomcar_astra/local/lib/python3.10/dist-packages/astra_camera_msgs/astra_camera_msgs_s__rosidl_typesupport_c.cpython-310-aarch64-linux-gnu.so
-- Installing: /home/jetson/yahboomcar_ws/src/install/yahboomcar_astra/local/lib/python3.10/dist-packages/astra_camera_msgs/_astra_camera_msgs_s.ep.rosidl_typesupport_introspection_c.c
-- Installing: /home/jetson/yahboomcar_ws/src/install/yahboomcar_astra/local/lib/python3.10/dist-packages/astra_camera_msgs/_astra_camera_msgs_s.ep.rosidl_typesupport_fastrtps_c.c
-- Installing: /home/jetson/yahboomcar_ws/src/install/yahboomcar_astra/local/lib/python3.10/dist-packages/astra_camera_msgs/astra_camera_msgs_s__rosidl_typesupport_fastrtps_c.cpython-310-aarch64-linux-gnu.so
-- Installing: /home/jetson/yahboomcar_ws/src/install/yahboomcar_astra/local/lib/python3.10/dist-packages/astra_camera_msgs/_astra_camera_msgs_s.ep.rosidl_typesupport_c.c
Listing '/home/jetson/yahboomcar_ws/src/install/yahboomcar_astra/local/lib/python3.10/dist-packages/astra_camera_msgs'...
Compiling '/home/jetson/yahboomcar_ws/src/install/yahboomcar_astra/local/lib/python3.10/dist-packages/astra_camera_msgs/__init__.py'...
Listing '/home/jetson/yahboomcar_ws/src/install/yahboomcar_astra/local/lib/python3.10/dist-packages/astra_camera_msgs/msg'...
Compiling '/home/jetson/yahboomcar_ws/src/install/yahboomcar_astra/local/lib/python3.10/dist-packages/astra_camera_msgs/msg/__init__.py'...
Compiling '/home/jetson/yahboomcar_ws/src/install/yahboomcar_astra/local/lib/python3.10/dist-packages/astra_camera_msgs/msg/_device_info.py'...
Compiling '/home/jetson/yahboomcar_ws/src/install/yahboomcar_astra/local/lib/python3.10/dist-packages/astra_camera_msgs/msg/_extrinsics.py'...
Compiling '/home/jetson/yahboomcar_ws/src/install/yahboomcar_astra/local/lib/python3.10/dist-packages/astra_camera_msgs/msg/_metadata.py'...
Listing '/home/jetson/yahboomcar_ws/src/install/yahboomcar_astra/local/lib/python3.10/dist-packages/astra_camera_msgs/srv'...
Compiling '/home/jetson/yahboomcar_ws/src/install/yahboomcar_astra/local/lib/python3.10/dist-packages/astra_camera_msgs/srv/__init__.py'...
Compiling '/home/jetson/yahboomcar_ws/src/install/yahboomcar_astra/local/lib/python3.10/dist-packages/astra_camera_msgs/srv/_get_camera_info.py'...
Compiling '/home/jetson/yahboomcar_ws/src/install/yahboomcar_astra/local/lib/python3.10/dist-packages/astra_camera_msgs/srv/_get_camera_params.py'...
Compiling '/home/jetson/yahboomcar_ws/src/install/yahboomcar_astra/local/lib/python3.10/dist-packages/astra_camera_msgs/srv/_get_device_info.py'...
Compiling '/home/jetson/yahboomcar_ws/src/install/yahboomcar_astra/local/lib/python3.10/dist-packages/astra_camera_msgs/srv/_get_int32.py'...
Compiling '/home/jetson/yahboomcar_ws/src/install/yahboomcar_astra/local/lib/python3.10/dist-packages/astra_camera_msgs/srv/_get_string.py'...
Compiling '/home/jetson/yahboomcar_ws/src/install/yahboomcar_astra/local/lib/python3.10/dist-packages/astra_camera_msgs/srv/_set_int32.py'...
-- Installing: /home/jetson/yahboomcar_ws/src/install/yahboomcar_astra/local/lib/python3.10/dist-packages/astra_camera_msgs/astra_camera_msgs_s__rosidl_typesupport_fastrtps_c.cpython-310-aarch64-linux-gnu.so
-- Set runtime path of "/home/jetson/yahboomcar_ws/src/install/yahboomcar_astra/local/lib/python3.10/dist-packages/astra_camera_msgs/astra_camera_msgs_s__rosidl_typesupport_fastrtps_c.cpython-310-aarch64-linux-gnu.so" to ""
-- Installing: /home/jetson/yahboomcar_ws/src/install/yahboomcar_astra/local/lib/python3.10/dist-packages/astra_camera_msgs/astra_camera_msgs_s__rosidl_typesupport_introspection_c.cpython-310-aarch64-linux-gnu.so
-- Set runtime path of "/home/jetson/yahboomcar_ws/src/install/yahboomcar_astra/local/lib/python3.10/dist-packages/astra_camera_msgs/astra_camera_msgs_s__rosidl_typesupport_introspection_c.cpython-310-aarch64-linux-gnu.so" to ""
-- Installing: /home/jetson/yahboomcar_ws/src/install/yahboomcar_astra/local/lib/python3.10/dist-packages/astra_camera_msgs/astra_camera_msgs_s__rosidl_typesupport_c.cpython-310-aarch64-linux-gnu.so
-- Set runtime path of "/home/jetson/yahboomcar_ws/src/install/yahboomcar_astra/local/lib/python3.10/dist-packages/astra_camera_msgs/astra_camera_msgs_s__rosidl_typesupport_c.cpython-310-aarch64-linux-gnu.so" to ""
-- Installing: /home/jetson/yahboomcar_ws/src/install/yahboomcar_astra/lib/libastra_camera_msgs__rosidl_generator_py.so
-- Set runtime path of "/home/jetson/yahboomcar_ws/src/install/yahboomcar_astra/lib/libastra_camera_msgs__rosidl_generator_py.so" to ""
-- Installing: /home/jetson/yahboomcar_ws/src/install/yahboomcar_astra/share/astra_camera_msgs/msg/DeviceInfo.idl
-- Installing: /home/jetson/yahboomcar_ws/src/install/yahboomcar_astra/share/astra_camera_msgs/msg/Extrinsics.idl
-- Installing: /home/jetson/yahboomcar_ws/src/install/yahboomcar_astra/share/astra_camera_msgs/msg/Metadata.idl
-- Installing: /home/jetson/yahboomcar_ws/src/install/yahboomcar_astra/share/astra_camera_msgs/srv/GetDeviceInfo.idl
-- Installing: /home/jetson/yahboomcar_ws/src/install/yahboomcar_astra/share/astra_camera_msgs/srv/GetCameraInfo.idl
-- Installing: /home/jetson/yahboomcar_ws/src/install/yahboomcar_astra/share/astra_camera_msgs/srv/GetCameraParams.idl
-- Installing: /home/jetson/yahboomcar_ws/src/install/yahboomcar_astra/share/astra_camera_msgs/srv/GetInt32.idl
-- Installing: /home/jetson/yahboomcar_ws/src/install/yahboomcar_astra/share/astra_camera_msgs/srv/GetString.idl
-- Installing: /home/jetson/yahboomcar_ws/src/install/yahboomcar_astra/share/astra_camera_msgs/srv/SetInt32.idl
-- Installing: /home/jetson/yahboomcar_ws/src/install/yahboomcar_astra/share/astra_camera_msgs/msg/DeviceInfo.msg
-- Installing: /home/jetson/yahboomcar_ws/src/install/yahboomcar_astra/share/astra_camera_msgs/msg/Extrinsics.msg
-- Installing: /home/jetson/yahboomcar_ws/src/install/yahboomcar_astra/share/astra_camera_msgs/msg/Metadata.msg
-- Installing: /home/jetson/yahboomcar_ws/src/install/yahboomcar_astra/share/astra_camera_msgs/srv/GetDeviceInfo.srv
-- Installing: /home/jetson/yahboomcar_ws/src/install/yahboomcar_astra/share/astra_camera_msgs/srv/GetDeviceInfo_Request.msg
-- Installing: /home/jetson/yahboomcar_ws/src/install/yahboomcar_astra/share/astra_camera_msgs/srv/GetDeviceInfo_Response.msg
-- Installing: /home/jetson/yahboomcar_ws/src/install/yahboomcar_astra/share/astra_camera_msgs/srv/GetCameraInfo.srv
-- Installing: /home/jetson/yahboomcar_ws/src/install/yahboomcar_astra/share/astra_camera_msgs/srv/GetCameraInfo_Request.msg
-- Installing: /home/jetson/yahboomcar_ws/src/install/yahboomcar_astra/share/astra_camera_msgs/srv/GetCameraInfo_Response.msg
-- Installing: /home/jetson/yahboomcar_ws/src/install/yahboomcar_astra/share/astra_camera_msgs/srv/GetCameraParams.srv
-- Installing: /home/jetson/yahboomcar_ws/src/install/yahboomcar_astra/share/astra_camera_msgs/srv/GetCameraParams_Request.msg
-- Installing: /home/jetson/yahboomcar_ws/src/install/yahboomcar_astra/share/astra_camera_msgs/srv/GetCameraParams_Response.msg
-- Installing: /home/jetson/yahboomcar_ws/src/install/yahboomcar_astra/share/astra_camera_msgs/srv/GetInt32.srv
-- Installing: /home/jetson/yahboomcar_ws/src/install/yahboomcar_astra/share/astra_camera_msgs/srv/GetInt32_Request.msg
-- Installing: /home/jetson/yahboomcar_ws/src/install/yahboomcar_astra/share/astra_camera_msgs/srv/GetInt32_Response.msg
-- Installing: /home/jetson/yahboomcar_ws/src/install/yahboomcar_astra/share/astra_camera_msgs/srv/GetString.srv
-- Installing: /home/jetson/yahboomcar_ws/src/install/yahboomcar_astra/share/astra_camera_msgs/srv/GetString_Request.msg
-- Installing: /home/jetson/yahboomcar_ws/src/install/yahboomcar_astra/share/astra_camera_msgs/srv/GetString_Response.msg
-- Installing: /home/jetson/yahboomcar_ws/src/install/yahboomcar_astra/share/astra_camera_msgs/srv/SetInt32.srv
-- Installing: /home/jetson/yahboomcar_ws/src/install/yahboomcar_astra/share/astra_camera_msgs/srv/SetInt32_Request.msg
-- Installing: /home/jetson/yahboomcar_ws/src/install/yahboomcar_astra/share/astra_camera_msgs/srv/SetInt32_Response.msg
-- Installing: /home/jetson/yahboomcar_ws/src/install/yahboomcar_astra/share/ament_index/resource_index/package_run_dependencies/astra_camera_msgs
-- Installing: /home/jetson/yahboomcar_ws/src/install/yahboomcar_astra/share/ament_index/resource_index/parent_prefix_path/astra_camera_msgs
-- Installing: /home/jetson/yahboomcar_ws/src/install/yahboomcar_astra/share/astra_camera_msgs/environment/ament_prefix_path.sh
-- Installing: /home/jetson/yahboomcar_ws/src/install/yahboomcar_astra/share/astra_camera_msgs/environment/ament_prefix_path.dsv
-- Installing: /home/jetson/yahboomcar_ws/src/install/yahboomcar_astra/share/astra_camera_msgs/environment/path.sh
-- Installing: /home/jetson/yahboomcar_ws/src/install/yahboomcar_astra/share/astra_camera_msgs/environment/path.dsv
-- Installing: /home/jetson/yahboomcar_ws/src/install/yahboomcar_astra/share/astra_camera_msgs/local_setup.bash
-- Installing: /home/jetson/yahboomcar_ws/src/install/yahboomcar_astra/share/astra_camera_msgs/local_setup.sh
-- Installing: /home/jetson/yahboomcar_ws/src/install/yahboomcar_astra/share/astra_camera_msgs/local_setup.zsh
-- Installing: /home/jetson/yahboomcar_ws/src/install/yahboomcar_astra/share/astra_camera_msgs/local_setup.dsv
-- Installing: /home/jetson/yahboomcar_ws/src/install/yahboomcar_astra/share/astra_camera_msgs/package.dsv
-- Installing: /home/jetson/yahboomcar_ws/src/install/yahboomcar_astra/share/ament_index/resource_index/packages/astra_camera_msgs
-- Installing: /home/jetson/yahboomcar_ws/src/install/yahboomcar_astra/share/astra_camera_msgs/cmake/export_astra_camera_msgs__rosidl_generator_cExport.cmake
-- Installing: /home/jetson/yahboomcar_ws/src/install/yahboomcar_astra/share/astra_camera_msgs/cmake/export_astra_camera_msgs__rosidl_generator_cExport-noconfig.cmake
-- Installing: /home/jetson/yahboomcar_ws/src/install/yahboomcar_astra/share/astra_camera_msgs/cmake/export_astra_camera_msgs__rosidl_typesupport_fastrtps_cExport.cmake
-- Installing: /home/jetson/yahboomcar_ws/src/install/yahboomcar_astra/share/astra_camera_msgs/cmake/export_astra_camera_msgs__rosidl_typesupport_fastrtps_cExport-noconfig.cmake
-- Installing: /home/jetson/yahboomcar_ws/src/install/yahboomcar_astra/share/astra_camera_msgs/cmake/astra_camera_msgs__rosidl_typesupport_introspection_cExport.cmake
-- Installing: /home/jetson/yahboomcar_ws/src/install/yahboomcar_astra/share/astra_camera_msgs/cmake/astra_camera_msgs__rosidl_typesupport_introspection_cExport-noconfig.cmake
-- Installing: /home/jetson/yahboomcar_ws/src/install/yahboomcar_astra/share/astra_camera_msgs/cmake/astra_camera_msgs__rosidl_typesupport_cExport.cmake
-- Installing: /home/jetson/yahboomcar_ws/src/install/yahboomcar_astra/share/astra_camera_msgs/cmake/astra_camera_msgs__rosidl_typesupport_cExport-noconfig.cmake
-- Installing: /home/jetson/yahboomcar_ws/src/install/yahboomcar_astra/share/astra_camera_msgs/cmake/export_astra_camera_msgs__rosidl_generator_cppExport.cmake
-- Installing: /home/jetson/yahboomcar_ws/src/install/yahboomcar_astra/share/astra_camera_msgs/cmake/export_astra_camera_msgs__rosidl_typesupport_fastrtps_cppExport.cmake
-- Installing: /home/jetson/yahboomcar_ws/src/install/yahboomcar_astra/share/astra_camera_msgs/cmake/export_astra_camera_msgs__rosidl_typesupport_fastrtps_cppExport-noconfig.cmake
-- Installing: /home/jetson/yahboomcar_ws/src/install/yahboomcar_astra/share/astra_camera_msgs/cmake/astra_camera_msgs__rosidl_typesupport_introspection_cppExport.cmake
-- Installing: /home/jetson/yahboomcar_ws/src/install/yahboomcar_astra/share/astra_camera_msgs/cmake/astra_camera_msgs__rosidl_typesupport_introspection_cppExport-noconfig.cmake
-- Installing: /home/jetson/yahboomcar_ws/src/install/yahboomcar_astra/share/astra_camera_msgs/cmake/astra_camera_msgs__rosidl_typesupport_cppExport.cmake
-- Installing: /home/jetson/yahboomcar_ws/src/install/yahboomcar_astra/share/astra_camera_msgs/cmake/astra_camera_msgs__rosidl_typesupport_cppExport-noconfig.cmake
-- Installing: /home/jetson/yahboomcar_ws/src/install/yahboomcar_astra/share/astra_camera_msgs/cmake/export_astra_camera_msgs__rosidl_generator_pyExport.cmake
-- Installing: /home/jetson/yahboomcar_ws/src/install/yahboomcar_astra/share/astra_camera_msgs/cmake/export_astra_camera_msgs__rosidl_generator_pyExport-noconfig.cmake
-- Installing: /home/jetson/yahboomcar_ws/src/install/yahboomcar_astra/share/astra_camera_msgs/cmake/rosidl_cmake-extras.cmake
-- Installing: /home/jetson/yahboomcar_ws/src/install/yahboomcar_astra/share/astra_camera_msgs/cmake/ament_cmake_export_dependencies-extras.cmake
-- Installing: /home/jetson/yahboomcar_ws/src/install/yahboomcar_astra/share/astra_camera_msgs/cmake/ament_cmake_export_include_directories-extras.cmake
-- Installing: /home/jetson/yahboomcar_ws/src/install/yahboomcar_astra/share/astra_camera_msgs/cmake/ament_cmake_export_libraries-extras.cmake
-- Installing: /home/jetson/yahboomcar_ws/src/install/yahboomcar_astra/share/astra_camera_msgs/cmake/ament_cmake_export_targets-extras.cmake
-- Installing: /home/jetson/yahboomcar_ws/src/install/yahboomcar_astra/share/astra_camera_msgs/cmake/rosidl_cmake_export_typesupport_targets-extras.cmake
-- Installing: /home/jetson/yahboomcar_ws/src/install/yahboomcar_astra/share/astra_camera_msgs/cmake/rosidl_cmake_export_typesupport_libraries-extras.cmake
-- Installing: /home/jetson/yahboomcar_ws/src/install/yahboomcar_astra/share/astra_camera_msgs/cmake/astra_camera_msgsConfig.cmake
-- Installing: /home/jetson/yahboomcar_ws/src/install/yahboomcar_astra/share/astra_camera_msgs/cmake/astra_camera_msgsConfig-version.cmake
-- Installing: /home/jetson/yahboomcar_ws/src/install/yahboomcar_astra/share/astra_camera_msgs/package.xml
