[0.024s] Invoking command in '/home/jetson/yahboomcar_ws/src/build/yahboomcar_astra': CMAKE_PREFIX_PATH=${CMAKE_PREFIX_PATH}:/opt/ros/humble /usr/bin/cmake --build /home/jetson/yahboomcar_ws/src/build/yahboomcar_astra -- -j6 -l6
[0.140s] [35m[1mConsolidate compiler generated dependencies of target KCFTracker_node[0m
[0.164s] [ 10%] Built target astra_camera_msgs__rosidl_generator_c
[0.167s] [ 10%] Built target astra_camera_msgs__cpp
[0.181s] [ 10%] Built target ament_cmake_python_copy_astra_camera_msgs
[0.202s] [ 11%] [32mBuilding CXX object CMakeFiles/KCFTracker_node.dir/src/yahboomcar_astra/kcftracker.cpp.o[0m
[0.257s] [ 21%] Built target astra_camera_msgs__rosidl_typesupport_introspection_c
[0.266s] [ 30%] Built target astra_camera_msgs__rosidl_typesupport_fastrtps_c
[0.269s] [ 40%] Built target astra_camera_msgs__rosidl_typesupport_introspection_cpp
[0.272s] [ 50%] Built target astra_camera_msgs__rosidl_typesupport_c
[0.279s] [ 60%] Built target astra_camera_msgs__rosidl_typesupport_cpp
[0.336s] [ 69%] Built target astra_camera_msgs__rosidl_typesupport_fastrtps_cpp
[0.390s] [ 70%] Built target astra_camera_msgs
[0.391s] [ 81%] Built target yahboomcar_astra_driver
[0.446s] [ 82%] Built target astra_camera_msgs__py
[0.455s] [ 84%] Built target astra_camera_node
[0.508s] [ 92%] Built target astra_camera_msgs__rosidl_generator_py
[0.560s] [ 95%] Built target astra_camera_msgs__rosidl_typesupport_introspection_c__pyext
[0.560s] [ 96%] Built target astra_camera_msgs__rosidl_typesupport_c__pyext
[0.562s] [ 96%] Built target astra_camera_msgs__rosidl_typesupport_fastrtps_c__pyext
[0.833s] running egg_info
[0.884s] writing astra_camera_msgs.egg-info/PKG-INFO
[0.885s] writing dependency_links to astra_camera_msgs.egg-info/dependency_links.txt
[0.886s] writing top-level names to astra_camera_msgs.egg-info/top_level.txt
[1.033s] reading manifest file 'astra_camera_msgs.egg-info/SOURCES.txt'
[1.035s] writing manifest file 'astra_camera_msgs.egg-info/SOURCES.txt'
[1.119s] [ 96%] Built target ament_cmake_python_build_astra_camera_msgs_egg
[4.778s] [ 97%] [32m[1mLinking CXX executable KCFTracker_node[0m
[5.532s] /usr/bin/ld: warning: libopencv_imgproc.so.4.5d, needed by /opt/ros/humble/lib/libcv_bridge.so, may conflict with libopencv_imgproc.so.410
[5.532s] /usr/bin/ld: warning: libopencv_core.so.4.5d, needed by /opt/ros/humble/lib/libcv_bridge.so, may conflict with libopencv_core.so.410
[6.885s] [100%] Built target KCFTracker_node
[6.921s] Invoked command in '/home/jetson/yahboomcar_ws/src/build/yahboomcar_astra' returned '0': CMAKE_PREFIX_PATH=${CMAKE_PREFIX_PATH}:/opt/ros/humble /usr/bin/cmake --build /home/jetson/yahboomcar_ws/src/build/yahboomcar_astra -- -j6 -l6
[6.949s] Invoking command in '/home/jetson/yahboomcar_ws/src/build/yahboomcar_astra': CMAKE_PREFIX_PATH=${CMAKE_PREFIX_PATH}:/opt/ros/humble /usr/bin/cmake --install /home/jetson/yahboomcar_ws/src/build/yahboomcar_astra
[6.968s] -- Install configuration: ""
[6.968s] -- Installing: /home/jetson/yahboomcar_ws/src/install/yahboomcar_astra/lib/yahboomcar_astra/libyahboomcar_astra_driver.so
[7.003s] -- Set runtime path of "/home/jetson/yahboomcar_ws/src/install/yahboomcar_astra/lib/yahboomcar_astra/libyahboomcar_astra_driver.so" to ""
[7.004s] -- Installing: /home/jetson/yahboomcar_ws/src/install/yahboomcar_astra/lib/yahboomcar_astra/astra_camera_node
[7.004s] -- Set runtime path of "/home/jetson/yahboomcar_ws/src/install/yahboomcar_astra/lib/yahboomcar_astra/astra_camera_node" to ""
[7.004s] -- Installing: /home/jetson/yahboomcar_ws/src/install/yahboomcar_astra/lib/yahboomcar_astra/KCFTracker_node
[7.015s] -- Set runtime path of "/home/jetson/yahboomcar_ws/src/install/yahboomcar_astra/lib/yahboomcar_astra/KCFTracker_node" to ""
[7.015s] -- Installing: /home/jetson/yahboomcar_ws/src/install/yahboomcar_astra/include
[7.015s] -- Installing: /home/jetson/yahboomcar_ws/src/install/yahboomcar_astra/include/magic_enum
[7.016s] -- Installing: /home/jetson/yahboomcar_ws/src/install/yahboomcar_astra/include/magic_enum/magic_enum.hpp
[7.016s] -- Installing: /home/jetson/yahboomcar_ws/src/install/yahboomcar_astra/include/yahboomcar_astra
[7.016s] -- Installing: /home/jetson/yahboomcar_ws/src/install/yahboomcar_astra/include/yahboomcar_astra/tracker.h
[7.016s] -- Installing: /home/jetson/yahboomcar_ws/src/install/yahboomcar_astra/include/yahboomcar_astra/ffttools.h
[7.016s] -- Installing: /home/jetson/yahboomcar_ws/src/install/yahboomcar_astra/include/yahboomcar_astra/kcftracker.h
[7.016s] -- Installing: /home/jetson/yahboomcar_ws/src/install/yahboomcar_astra/include/yahboomcar_astra/fhog.h
[7.017s] -- Installing: /home/jetson/yahboomcar_ws/src/install/yahboomcar_astra/include/yahboomcar_astra/labdata.h
[7.017s] -- Installing: /home/jetson/yahboomcar_ws/src/install/yahboomcar_astra/include/yahboomcar_astra/PID.h
[7.017s] -- Installing: /home/jetson/yahboomcar_ws/src/install/yahboomcar_astra/include/yahboomcar_astra/recttools.h
[7.017s] -- Installing: /home/jetson/yahboomcar_ws/src/install/yahboomcar_astra/include/yahboomcar_astra/CMakeLists.txt
[7.017s] -- Installing: /home/jetson/yahboomcar_ws/src/install/yahboomcar_astra/include/yahboomcar_astra/KCF_Tracker.h
[7.017s] -- Installing: /home/jetson/yahboomcar_ws/src/install/yahboomcar_astra/include/openni2
[7.018s] -- Installing: /home/jetson/yahboomcar_ws/src/install/yahboomcar_astra/include/openni2/OniCAPI.h
[7.018s] -- Installing: /home/jetson/yahboomcar_ws/src/install/yahboomcar_astra/include/openni2/OpenNI.h
[7.018s] -- Installing: /home/jetson/yahboomcar_ws/src/install/yahboomcar_astra/include/openni2/Linux-x86
[7.018s] -- Installing: /home/jetson/yahboomcar_ws/src/install/yahboomcar_astra/include/openni2/Linux-x86/OniPlatformLinux-x86.h
[7.018s] -- Installing: /home/jetson/yahboomcar_ws/src/install/yahboomcar_astra/include/openni2/Driver
[7.019s] -- Installing: /home/jetson/yahboomcar_ws/src/install/yahboomcar_astra/include/openni2/Driver/OniDriverAPI.h
[7.019s] -- Installing: /home/jetson/yahboomcar_ws/src/install/yahboomcar_astra/include/openni2/Driver/OniDriverTypes.h
[7.019s] -- Installing: /home/jetson/yahboomcar_ws/src/install/yahboomcar_astra/include/openni2/OniCTypes.h
[7.019s] -- Installing: /home/jetson/yahboomcar_ws/src/install/yahboomcar_astra/include/openni2/Linux-Arm
[7.019s] -- Installing: /home/jetson/yahboomcar_ws/src/install/yahboomcar_astra/include/openni2/Linux-Arm/OniPlatformLinux-Arm.h
[7.020s] -- Installing: /home/jetson/yahboomcar_ws/src/install/yahboomcar_astra/include/openni2/OniCEnums.h
[7.020s] -- Installing: /home/jetson/yahboomcar_ws/src/install/yahboomcar_astra/include/openni2/PrimeSense.h
[7.020s] -- Installing: /home/jetson/yahboomcar_ws/src/install/yahboomcar_astra/include/openni2/Android-Arm
[7.020s] -- Installing: /home/jetson/yahboomcar_ws/src/install/yahboomcar_astra/include/openni2/Android-Arm/OniPlatformAndroid-Arm.h
[7.020s] -- Installing: /home/jetson/yahboomcar_ws/src/install/yahboomcar_astra/include/openni2/PSLink.h
[7.020s] -- Installing: /home/jetson/yahboomcar_ws/src/install/yahboomcar_astra/include/openni2/SonixCamera.h
[7.021s] -- Installing: /home/jetson/yahboomcar_ws/src/install/yahboomcar_astra/include/openni2/OniPlatform.h
[7.021s] -- Installing: /home/jetson/yahboomcar_ws/src/install/yahboomcar_astra/include/openni2/OniEnums.h
[7.021s] -- Installing: /home/jetson/yahboomcar_ws/src/install/yahboomcar_astra/include/openni2/util.h
[7.021s] -- Installing: /home/jetson/yahboomcar_ws/src/install/yahboomcar_astra/include/openni2/OniProperties.h
[7.021s] -- Installing: /home/jetson/yahboomcar_ws/src/install/yahboomcar_astra/include/openni2/OniTest.h
[7.021s] -- Installing: /home/jetson/yahboomcar_ws/src/install/yahboomcar_astra/include/openni2/OniVersion.h
[7.021s] -- Installing: /home/jetson/yahboomcar_ws/src/install/yahboomcar_astra/include/openni2/MacOSX
[7.022s] -- Installing: /home/jetson/yahboomcar_ws/src/install/yahboomcar_astra/include/openni2/MacOSX/OniPlatformMacOSX.h
[7.022s] -- Installing: /home/jetson/yahboomcar_ws/src/install/yahboomcar_astra/include/openni2/OniCProperties.h
[7.022s] -- Installing: /home/jetson/yahboomcar_ws/src/install/yahboomcar_astra/include/openni2/KinectProperties.h
[7.022s] -- Installing: /home/jetson/yahboomcar_ws/src/install/yahboomcar_astra/include/openni2/PS1080.h
[7.022s] -- Installing: /home/jetson/yahboomcar_ws/src/install/yahboomcar_astra/include/astra_camera
[7.022s] -- Installing: /home/jetson/yahboomcar_ws/src/install/yahboomcar_astra/include/astra_camera/dynamic_params.h
[7.023s] -- Installing: /home/jetson/yahboomcar_ws/src/install/yahboomcar_astra/include/astra_camera/constants.h
[7.023s] -- Installing: /home/jetson/yahboomcar_ws/src/install/yahboomcar_astra/include/astra_camera/utils.h
[7.023s] -- Installing: /home/jetson/yahboomcar_ws/src/install/yahboomcar_astra/include/astra_camera/json.hpp
[7.025s] -- Installing: /home/jetson/yahboomcar_ws/src/install/yahboomcar_astra/include/astra_camera/ob_camera_node.h
[7.025s] -- Installing: /home/jetson/yahboomcar_ws/src/install/yahboomcar_astra/include/astra_camera/uvc_camera_driver.h
[7.025s] -- Installing: /home/jetson/yahboomcar_ws/src/install/yahboomcar_astra/include/astra_camera/types.h
[7.025s] -- Installing: /home/jetson/yahboomcar_ws/src/install/yahboomcar_astra/include/astra_camera/ob_context.h
[7.025s] -- Installing: /home/jetson/yahboomcar_ws/src/install/yahboomcar_astra/include/astra_camera/ob_camera_node_factory.h
[7.026s] -- Installing: /home/jetson/yahboomcar_ws/src/install/yahboomcar_astra/include/astra_camera/ros_param_backend.h
[7.026s] -- Installing: /home/jetson/yahboomcar_ws/src/install/yahboomcar_astra/include/astra_camera/ob_timer_filter.h
[7.026s] -- Installing: /home/jetson/yahboomcar_ws/src/install/yahboomcar_astra/include/astra_camera/point_cloud_proc
[7.026s] -- Installing: /home/jetson/yahboomcar_ws/src/install/yahboomcar_astra/include/astra_camera/point_cloud_proc/point_cloud_xyzrgb.h
[7.026s] -- Installing: /home/jetson/yahboomcar_ws/src/install/yahboomcar_astra/include/astra_camera/point_cloud_proc/point_cloud_proc.h
[7.026s] -- Installing: /home/jetson/yahboomcar_ws/src/install/yahboomcar_astra/include/astra_camera/point_cloud_proc/depth_traits.h
[7.027s] -- Installing: /home/jetson/yahboomcar_ws/src/install/yahboomcar_astra/include/astra_camera/point_cloud_proc/point_cloud_xyz.h
[7.027s] -- Installing: /home/jetson/yahboomcar_ws/src/install/yahboomcar_astra/lib/yahboomcar_astra/openni2_redist/arm64
[7.027s] -- Installing: /home/jetson/yahboomcar_ws/src/install/yahboomcar_astra/lib/yahboomcar_astra/openni2_redist/arm64/install
[7.027s] -- Installing: /home/jetson/yahboomcar_ws/src/install/yahboomcar_astra/lib/yahboomcar_astra/openni2_redist/arm64/install/setup.zsh
[7.027s] -- Installing: /home/jetson/yahboomcar_ws/src/install/yahboomcar_astra/lib/yahboomcar_astra/openni2_redist/arm64/install/setup.bash
[7.028s] -- Installing: /home/jetson/yahboomcar_ws/src/install/yahboomcar_astra/lib/yahboomcar_astra/openni2_redist/arm64/install/_local_setup_util_ps1.py
[7.028s] -- Installing: /home/jetson/yahboomcar_ws/src/install/yahboomcar_astra/lib/yahboomcar_astra/openni2_redist/arm64/install/_local_setup_util_sh.py
[7.028s] -- Installing: /home/jetson/yahboomcar_ws/src/install/yahboomcar_astra/lib/yahboomcar_astra/openni2_redist/arm64/install/local_setup.bash
[7.028s] -- Installing: /home/jetson/yahboomcar_ws/src/install/yahboomcar_astra/lib/yahboomcar_astra/openni2_redist/arm64/install/COLCON_IGNORE
[7.028s] -- Installing: /home/jetson/yahboomcar_ws/src/install/yahboomcar_astra/lib/yahboomcar_astra/openni2_redist/arm64/install/local_setup.sh
[7.028s] -- Installing: /home/jetson/yahboomcar_ws/src/install/yahboomcar_astra/lib/yahboomcar_astra/openni2_redist/arm64/install/setup.ps1
[7.029s] -- Installing: /home/jetson/yahboomcar_ws/src/install/yahboomcar_astra/lib/yahboomcar_astra/openni2_redist/arm64/install/setup.sh
[7.029s] -- Installing: /home/jetson/yahboomcar_ws/src/install/yahboomcar_astra/lib/yahboomcar_astra/openni2_redist/arm64/install/local_setup.zsh
[7.029s] -- Installing: /home/jetson/yahboomcar_ws/src/install/yahboomcar_astra/lib/yahboomcar_astra/openni2_redist/arm64/install/local_setup.ps1
[7.029s] -- Installing: /home/jetson/yahboomcar_ws/src/install/yahboomcar_astra/lib/yahboomcar_astra/openni2_redist/arm64/install/.colcon_install_layout
[7.029s] -- Installing: /home/jetson/yahboomcar_ws/src/install/yahboomcar_astra/lib/yahboomcar_astra/openni2_redist/arm64/build
[7.029s] -- Installing: /home/jetson/yahboomcar_ws/src/install/yahboomcar_astra/lib/yahboomcar_astra/openni2_redist/arm64/build/.built_by
[7.030s] -- Installing: /home/jetson/yahboomcar_ws/src/install/yahboomcar_astra/lib/yahboomcar_astra/openni2_redist/arm64/build/COLCON_IGNORE
[7.030s] -- Installing: /home/jetson/yahboomcar_ws/src/install/yahboomcar_astra/lib/yahboomcar_astra/openni2_redist/arm64/log
[7.030s] -- Installing: /home/jetson/yahboomcar_ws/src/install/yahboomcar_astra/lib/yahboomcar_astra/openni2_redist/arm64/log/latest
[7.030s] -- Installing: /home/jetson/yahboomcar_ws/src/install/yahboomcar_astra/lib/yahboomcar_astra/openni2_redist/arm64/log/build_2025-05-26_16-07-51
[7.031s] -- Installing: /home/jetson/yahboomcar_ws/src/install/yahboomcar_astra/lib/yahboomcar_astra/openni2_redist/arm64/log/build_2025-05-26_16-07-51/logger_all.log
[7.031s] -- Installing: /home/jetson/yahboomcar_ws/src/install/yahboomcar_astra/lib/yahboomcar_astra/openni2_redist/arm64/log/build_2025-05-26_16-07-51/events.log
[7.031s] -- Installing: /home/jetson/yahboomcar_ws/src/install/yahboomcar_astra/lib/yahboomcar_astra/openni2_redist/arm64/log/latest_build
[7.031s] -- Installing: /home/jetson/yahboomcar_ws/src/install/yahboomcar_astra/lib/yahboomcar_astra/openni2_redist/arm64/log/COLCON_IGNORE
[7.031s] -- Installing: /home/jetson/yahboomcar_ws/src/install/yahboomcar_astra/lib/yahboomcar_astra/openni2_redist/arm64/libOpenNI2.so
[7.032s] -- Installing: /home/jetson/yahboomcar_ws/src/install/yahboomcar_astra/lib/yahboomcar_astra/openni2_redist/arm64/OpenNI.ini
[7.033s] -- Installing: /home/jetson/yahboomcar_ws/src/install/yahboomcar_astra/lib/yahboomcar_astra/openni2_redist/arm64/OpenNI2
[7.033s] -- Installing: /home/jetson/yahboomcar_ws/src/install/yahboomcar_astra/lib/yahboomcar_astra/openni2_redist/arm64/OpenNI2/Drivers
[7.033s] -- Installing: /home/jetson/yahboomcar_ws/src/install/yahboomcar_astra/lib/yahboomcar_astra/openni2_redist/arm64/OpenNI2/Drivers/orbbec.ini
[7.033s] -- Installing: /home/jetson/yahboomcar_ws/src/install/yahboomcar_astra/lib/yahboomcar_astra/openni2_redist/arm64/OpenNI2/Drivers/OniFile.ini
[7.033s] -- Installing: /home/jetson/yahboomcar_ws/src/install/yahboomcar_astra/lib/yahboomcar_astra/openni2_redist/arm64/OpenNI2/Drivers/libOniFile.so
[7.034s] -- Installing: /home/jetson/yahboomcar_ws/src/install/yahboomcar_astra/lib/yahboomcar_astra/openni2_redist/arm64/OpenNI2/Drivers/liborbbec.so
[7.038s] -- Installing: /home/jetson/yahboomcar_ws/src/install/yahboomcar_astra/share/yahboomcar_astra/launch
[7.038s] -- Installing: /home/jetson/yahboomcar_ws/src/install/yahboomcar_astra/share/yahboomcar_astra/launch/colorTracker.launch
[7.039s] -- Installing: /home/jetson/yahboomcar_ws/src/install/yahboomcar_astra/share/yahboomcar_astra/launch/astra.launch.py
[7.039s] -- Installing: /home/jetson/yahboomcar_ws/src/install/yahboomcar_astra/share/yahboomcar_astra/launch/colorHSV.launch
[7.039s] -- Installing: /home/jetson/yahboomcar_ws/src/install/yahboomcar_astra/share/yahboomcar_astra/launch/.ipynb_checkpoints
[7.039s] -- Installing: /home/jetson/yahboomcar_ws/src/install/yahboomcar_astra/share/yahboomcar_astra/launch/.ipynb_checkpoints/colorHSV-checkpoint.launch
[7.039s] -- Installing: /home/jetson/yahboomcar_ws/src/install/yahboomcar_astra/share/yahboomcar_astra/launch/.ipynb_checkpoints/colorTracker-checkpoint.launch
[7.039s] -- Installing: /home/jetson/yahboomcar_ws/src/install/yahboomcar_astra/share/yahboomcar_astra/launch/KCFTracker.launch
[7.040s] -- Installing: /home/jetson/yahboomcar_ws/src/install/yahboomcar_astra/share/ament_index/resource_index/package_run_dependencies/yahboomcar_astra
[7.040s] -- Installing: /home/jetson/yahboomcar_ws/src/install/yahboomcar_astra/share/ament_index/resource_index/parent_prefix_path/yahboomcar_astra
[7.040s] -- Installing: /home/jetson/yahboomcar_ws/src/install/yahboomcar_astra/share/yahboomcar_astra/environment/ament_prefix_path.sh
[7.041s] -- Installing: /home/jetson/yahboomcar_ws/src/install/yahboomcar_astra/share/yahboomcar_astra/environment/ament_prefix_path.dsv
[7.041s] -- Installing: /home/jetson/yahboomcar_ws/src/install/yahboomcar_astra/share/yahboomcar_astra/environment/path.sh
[7.041s] -- Installing: /home/jetson/yahboomcar_ws/src/install/yahboomcar_astra/share/yahboomcar_astra/environment/path.dsv
[7.041s] -- Installing: /home/jetson/yahboomcar_ws/src/install/yahboomcar_astra/share/yahboomcar_astra/local_setup.bash
[7.042s] -- Installing: /home/jetson/yahboomcar_ws/src/install/yahboomcar_astra/share/yahboomcar_astra/local_setup.sh
[7.042s] -- Installing: /home/jetson/yahboomcar_ws/src/install/yahboomcar_astra/share/yahboomcar_astra/local_setup.zsh
[7.042s] -- Installing: /home/jetson/yahboomcar_ws/src/install/yahboomcar_astra/share/yahboomcar_astra/local_setup.dsv
[7.042s] -- Installing: /home/jetson/yahboomcar_ws/src/install/yahboomcar_astra/share/yahboomcar_astra/package.dsv
[7.043s] -- Installing: /home/jetson/yahboomcar_ws/src/install/yahboomcar_astra/share/ament_index/resource_index/packages/yahboomcar_astra
[7.043s] -- Installing: /home/jetson/yahboomcar_ws/src/install/yahboomcar_astra/share/yahboomcar_astra/cmake/yahboomcar_astraConfig.cmake
[7.043s] -- Installing: /home/jetson/yahboomcar_ws/src/install/yahboomcar_astra/share/yahboomcar_astra/cmake/yahboomcar_astraConfig-version.cmake
[7.043s] -- Installing: /home/jetson/yahboomcar_ws/src/install/yahboomcar_astra/share/yahboomcar_astra/package.xml
[7.045s] -- Installing: /home/jetson/yahboomcar_ws/src/install/yahboomcar_astra/share/ament_index/resource_index/rosidl_interfaces/astra_camera_msgs
[7.046s] -- Installing: /home/jetson/yahboomcar_ws/src/install/yahboomcar_astra/include/astra_camera_msgs/astra_camera_msgs
[7.046s] -- Installing: /home/jetson/yahboomcar_ws/src/install/yahboomcar_astra/include/astra_camera_msgs/astra_camera_msgs/msg
[7.046s] -- Installing: /home/jetson/yahboomcar_ws/src/install/yahboomcar_astra/include/astra_camera_msgs/astra_camera_msgs/msg/metadata.h
[7.046s] -- Installing: /home/jetson/yahboomcar_ws/src/install/yahboomcar_astra/include/astra_camera_msgs/astra_camera_msgs/msg/extrinsics.h
[7.046s] -- Installing: /home/jetson/yahboomcar_ws/src/install/yahboomcar_astra/include/astra_camera_msgs/astra_camera_msgs/msg/detail
[7.047s] -- Installing: /home/jetson/yahboomcar_ws/src/install/yahboomcar_astra/include/astra_camera_msgs/astra_camera_msgs/msg/detail/metadata__type_support.h
[7.047s] -- Installing: /home/jetson/yahboomcar_ws/src/install/yahboomcar_astra/include/astra_camera_msgs/astra_camera_msgs/msg/detail/device_info__struct.h
[7.047s] -- Installing: /home/jetson/yahboomcar_ws/src/install/yahboomcar_astra/include/astra_camera_msgs/astra_camera_msgs/msg/detail/metadata__functions.c
[7.047s] -- Installing: /home/jetson/yahboomcar_ws/src/install/yahboomcar_astra/include/astra_camera_msgs/astra_camera_msgs/msg/detail/extrinsics__struct.h
[7.047s] -- Installing: /home/jetson/yahboomcar_ws/src/install/yahboomcar_astra/include/astra_camera_msgs/astra_camera_msgs/msg/detail/device_info__functions.c
[7.048s] -- Installing: /home/jetson/yahboomcar_ws/src/install/yahboomcar_astra/include/astra_camera_msgs/astra_camera_msgs/msg/detail/extrinsics__functions.h
[7.049s] -- Installing: /home/jetson/yahboomcar_ws/src/install/yahboomcar_astra/include/astra_camera_msgs/astra_camera_msgs/msg/detail/metadata__functions.h
[7.049s] -- Installing: /home/jetson/yahboomcar_ws/src/install/yahboomcar_astra/include/astra_camera_msgs/astra_camera_msgs/msg/detail/device_info__type_support.h
[7.049s] -- Installing: /home/jetson/yahboomcar_ws/src/install/yahboomcar_astra/include/astra_camera_msgs/astra_camera_msgs/msg/detail/device_info__functions.h
[7.050s] -- Installing: /home/jetson/yahboomcar_ws/src/install/yahboomcar_astra/include/astra_camera_msgs/astra_camera_msgs/msg/detail/extrinsics__functions.c
[7.050s] -- Installing: /home/jetson/yahboomcar_ws/src/install/yahboomcar_astra/include/astra_camera_msgs/astra_camera_msgs/msg/detail/metadata__struct.h
[7.050s] -- Installing: /home/jetson/yahboomcar_ws/src/install/yahboomcar_astra/include/astra_camera_msgs/astra_camera_msgs/msg/detail/extrinsics__type_support.h
[7.051s] -- Installing: /home/jetson/yahboomcar_ws/src/install/yahboomcar_astra/include/astra_camera_msgs/astra_camera_msgs/msg/rosidl_generator_c__visibility_control.h
[7.051s] -- Installing: /home/jetson/yahboomcar_ws/src/install/yahboomcar_astra/include/astra_camera_msgs/astra_camera_msgs/msg/device_info.h
[7.052s] -- Installing: /home/jetson/yahboomcar_ws/src/install/yahboomcar_astra/include/astra_camera_msgs/astra_camera_msgs/srv
[7.052s] -- Installing: /home/jetson/yahboomcar_ws/src/install/yahboomcar_astra/include/astra_camera_msgs/astra_camera_msgs/srv/get_string.h
[7.052s] -- Installing: /home/jetson/yahboomcar_ws/src/install/yahboomcar_astra/include/astra_camera_msgs/astra_camera_msgs/srv/get_camera_params.h
[7.053s] -- Installing: /home/jetson/yahboomcar_ws/src/install/yahboomcar_astra/include/astra_camera_msgs/astra_camera_msgs/srv/get_device_info.h
[7.053s] -- Installing: /home/jetson/yahboomcar_ws/src/install/yahboomcar_astra/include/astra_camera_msgs/astra_camera_msgs/srv/get_camera_info.h
[7.053s] -- Installing: /home/jetson/yahboomcar_ws/src/install/yahboomcar_astra/include/astra_camera_msgs/astra_camera_msgs/srv/detail
[7.054s] -- Installing: /home/jetson/yahboomcar_ws/src/install/yahboomcar_astra/include/astra_camera_msgs/astra_camera_msgs/srv/detail/get_camera_info__functions.c
[7.054s] -- Installing: /home/jetson/yahboomcar_ws/src/install/yahboomcar_astra/include/astra_camera_msgs/astra_camera_msgs/srv/detail/get_camera_params__struct.h
[7.054s] -- Installing: /home/jetson/yahboomcar_ws/src/install/yahboomcar_astra/include/astra_camera_msgs/astra_camera_msgs/srv/detail/set_int32__type_support.h
[7.054s] -- Installing: /home/jetson/yahboomcar_ws/src/install/yahboomcar_astra/include/astra_camera_msgs/astra_camera_msgs/srv/detail/get_int32__functions.h
[7.055s] -- Installing: /home/jetson/yahboomcar_ws/src/install/yahboomcar_astra/include/astra_camera_msgs/astra_camera_msgs/srv/detail/get_device_info__struct.h
[7.055s] -- Installing: /home/jetson/yahboomcar_ws/src/install/yahboomcar_astra/include/astra_camera_msgs/astra_camera_msgs/srv/detail/get_device_info__type_support.h
[7.055s] -- Installing: /home/jetson/yahboomcar_ws/src/install/yahboomcar_astra/include/astra_camera_msgs/astra_camera_msgs/srv/detail/set_int32__functions.c
[7.056s] -- Installing: /home/jetson/yahboomcar_ws/src/install/yahboomcar_astra/include/astra_camera_msgs/astra_camera_msgs/srv/detail/get_camera_params__functions.c
[7.056s] -- Installing: /home/jetson/yahboomcar_ws/src/install/yahboomcar_astra/include/astra_camera_msgs/astra_camera_msgs/srv/detail/get_device_info__functions.c
[7.056s] -- Installing: /home/jetson/yahboomcar_ws/src/install/yahboomcar_astra/include/astra_camera_msgs/astra_camera_msgs/srv/detail/get_camera_params__type_support.h
[7.057s] -- Installing: /home/jetson/yahboomcar_ws/src/install/yahboomcar_astra/include/astra_camera_msgs/astra_camera_msgs/srv/detail/get_int32__struct.h
[7.057s] -- Installing: /home/jetson/yahboomcar_ws/src/install/yahboomcar_astra/include/astra_camera_msgs/astra_camera_msgs/srv/detail/set_int32__struct.h
[7.058s] -- Installing: /home/jetson/yahboomcar_ws/src/install/yahboomcar_astra/include/astra_camera_msgs/astra_camera_msgs/srv/detail/get_camera_params__functions.h
[7.058s] -- Installing: /home/jetson/yahboomcar_ws/src/install/yahboomcar_astra/include/astra_camera_msgs/astra_camera_msgs/srv/detail/set_int32__functions.h
[7.058s] -- Installing: /home/jetson/yahboomcar_ws/src/install/yahboomcar_astra/include/astra_camera_msgs/astra_camera_msgs/srv/detail/get_device_info__functions.h
[7.059s] -- Installing: /home/jetson/yahboomcar_ws/src/install/yahboomcar_astra/include/astra_camera_msgs/astra_camera_msgs/srv/detail/get_string__struct.h
[7.059s] -- Installing: /home/jetson/yahboomcar_ws/src/install/yahboomcar_astra/include/astra_camera_msgs/astra_camera_msgs/srv/detail/get_string__type_support.h
[7.059s] -- Installing: /home/jetson/yahboomcar_ws/src/install/yahboomcar_astra/include/astra_camera_msgs/astra_camera_msgs/srv/detail/get_string__functions.c
[7.059s] -- Installing: /home/jetson/yahboomcar_ws/src/install/yahboomcar_astra/include/astra_camera_msgs/astra_camera_msgs/srv/detail/get_int32__type_support.h
[7.060s] -- Installing: /home/jetson/yahboomcar_ws/src/install/yahboomcar_astra/include/astra_camera_msgs/astra_camera_msgs/srv/detail/get_int32__functions.c
[7.060s] -- Installing: /home/jetson/yahboomcar_ws/src/install/yahboomcar_astra/include/astra_camera_msgs/astra_camera_msgs/srv/detail/get_camera_info__struct.h
[7.060s] -- Installing: /home/jetson/yahboomcar_ws/src/install/yahboomcar_astra/include/astra_camera_msgs/astra_camera_msgs/srv/detail/get_string__functions.h
[7.060s] -- Installing: /home/jetson/yahboomcar_ws/src/install/yahboomcar_astra/include/astra_camera_msgs/astra_camera_msgs/srv/detail/get_camera_info__functions.h
[7.061s] -- Installing: /home/jetson/yahboomcar_ws/src/install/yahboomcar_astra/include/astra_camera_msgs/astra_camera_msgs/srv/detail/get_camera_info__type_support.h
[7.061s] -- Installing: /home/jetson/yahboomcar_ws/src/install/yahboomcar_astra/include/astra_camera_msgs/astra_camera_msgs/srv/get_int32.h
[7.061s] -- Installing: /home/jetson/yahboomcar_ws/src/install/yahboomcar_astra/include/astra_camera_msgs/astra_camera_msgs/srv/set_int32.h
[7.061s] -- Installing: /home/jetson/yahboomcar_ws/src/install/yahboomcar_astra/share/astra_camera_msgs/environment/library_path.sh
[7.062s] -- Installing: /home/jetson/yahboomcar_ws/src/install/yahboomcar_astra/share/astra_camera_msgs/environment/library_path.dsv
[7.062s] -- Installing: /home/jetson/yahboomcar_ws/src/install/yahboomcar_astra/lib/libastra_camera_msgs__rosidl_generator_c.so
[7.062s] -- Set runtime path of "/home/jetson/yahboomcar_ws/src/install/yahboomcar_astra/lib/libastra_camera_msgs__rosidl_generator_c.so" to ""
[7.065s] -- Up-to-date: /home/jetson/yahboomcar_ws/src/install/yahboomcar_astra/include/astra_camera_msgs/astra_camera_msgs
[7.065s] -- Up-to-date: /home/jetson/yahboomcar_ws/src/install/yahboomcar_astra/include/astra_camera_msgs/astra_camera_msgs/msg
[7.065s] -- Up-to-date: /home/jetson/yahboomcar_ws/src/install/yahboomcar_astra/include/astra_camera_msgs/astra_camera_msgs/msg/detail
[7.066s] -- Installing: /home/jetson/yahboomcar_ws/src/install/yahboomcar_astra/include/astra_camera_msgs/astra_camera_msgs/msg/detail/metadata__rosidl_typesupport_fastrtps_c.h
[7.066s] -- Installing: /home/jetson/yahboomcar_ws/src/install/yahboomcar_astra/include/astra_camera_msgs/astra_camera_msgs/msg/detail/extrinsics__rosidl_typesupport_fastrtps_c.h
[7.066s] -- Installing: /home/jetson/yahboomcar_ws/src/install/yahboomcar_astra/include/astra_camera_msgs/astra_camera_msgs/msg/detail/device_info__rosidl_typesupport_fastrtps_c.h
[7.067s] -- Installing: /home/jetson/yahboomcar_ws/src/install/yahboomcar_astra/include/astra_camera_msgs/astra_camera_msgs/msg/rosidl_typesupport_fastrtps_c__visibility_control.h
[7.067s] -- Up-to-date: /home/jetson/yahboomcar_ws/src/install/yahboomcar_astra/include/astra_camera_msgs/astra_camera_msgs/srv
[7.068s] -- Up-to-date: /home/jetson/yahboomcar_ws/src/install/yahboomcar_astra/include/astra_camera_msgs/astra_camera_msgs/srv/detail
[7.068s] -- Installing: /home/jetson/yahboomcar_ws/src/install/yahboomcar_astra/include/astra_camera_msgs/astra_camera_msgs/srv/detail/get_string__rosidl_typesupport_fastrtps_c.h
[7.068s] -- Installing: /home/jetson/yahboomcar_ws/src/install/yahboomcar_astra/include/astra_camera_msgs/astra_camera_msgs/srv/detail/set_int32__rosidl_typesupport_fastrtps_c.h
[7.069s] -- Installing: /home/jetson/yahboomcar_ws/src/install/yahboomcar_astra/include/astra_camera_msgs/astra_camera_msgs/srv/detail/get_camera_info__rosidl_typesupport_fastrtps_c.h
[7.069s] -- Installing: /home/jetson/yahboomcar_ws/src/install/yahboomcar_astra/include/astra_camera_msgs/astra_camera_msgs/srv/detail/get_int32__rosidl_typesupport_fastrtps_c.h
[7.070s] -- Installing: /home/jetson/yahboomcar_ws/src/install/yahboomcar_astra/include/astra_camera_msgs/astra_camera_msgs/srv/detail/get_device_info__rosidl_typesupport_fastrtps_c.h
[7.070s] -- Installing: /home/jetson/yahboomcar_ws/src/install/yahboomcar_astra/include/astra_camera_msgs/astra_camera_msgs/srv/detail/get_camera_params__rosidl_typesupport_fastrtps_c.h
[7.070s] -- Installing: /home/jetson/yahboomcar_ws/src/install/yahboomcar_astra/lib/libastra_camera_msgs__rosidl_typesupport_fastrtps_c.so
[7.071s] -- Set runtime path of "/home/jetson/yahboomcar_ws/src/install/yahboomcar_astra/lib/libastra_camera_msgs__rosidl_typesupport_fastrtps_c.so" to ""
[7.071s] -- Up-to-date: /home/jetson/yahboomcar_ws/src/install/yahboomcar_astra/include/astra_camera_msgs/astra_camera_msgs
[7.071s] -- Up-to-date: /home/jetson/yahboomcar_ws/src/install/yahboomcar_astra/include/astra_camera_msgs/astra_camera_msgs/msg
[7.072s] -- Installing: /home/jetson/yahboomcar_ws/src/install/yahboomcar_astra/include/astra_camera_msgs/astra_camera_msgs/msg/rosidl_typesupport_introspection_c__visibility_control.h
[7.072s] -- Up-to-date: /home/jetson/yahboomcar_ws/src/install/yahboomcar_astra/include/astra_camera_msgs/astra_camera_msgs/msg/detail
[7.072s] -- Installing: /home/jetson/yahboomcar_ws/src/install/yahboomcar_astra/include/astra_camera_msgs/astra_camera_msgs/msg/detail/extrinsics__rosidl_typesupport_introspection_c.h
[7.073s] -- Installing: /home/jetson/yahboomcar_ws/src/install/yahboomcar_astra/include/astra_camera_msgs/astra_camera_msgs/msg/detail/metadata__rosidl_typesupport_introspection_c.h
[7.073s] -- Installing: /home/jetson/yahboomcar_ws/src/install/yahboomcar_astra/include/astra_camera_msgs/astra_camera_msgs/msg/detail/metadata__type_support.c
[7.073s] -- Installing: /home/jetson/yahboomcar_ws/src/install/yahboomcar_astra/include/astra_camera_msgs/astra_camera_msgs/msg/detail/extrinsics__type_support.c
[7.074s] -- Installing: /home/jetson/yahboomcar_ws/src/install/yahboomcar_astra/include/astra_camera_msgs/astra_camera_msgs/msg/detail/device_info__type_support.c
[7.074s] -- Installing: /home/jetson/yahboomcar_ws/src/install/yahboomcar_astra/include/astra_camera_msgs/astra_camera_msgs/msg/detail/device_info__rosidl_typesupport_introspection_c.h
[7.074s] -- Up-to-date: /home/jetson/yahboomcar_ws/src/install/yahboomcar_astra/include/astra_camera_msgs/astra_camera_msgs/srv
[7.074s] -- Up-to-date: /home/jetson/yahboomcar_ws/src/install/yahboomcar_astra/include/astra_camera_msgs/astra_camera_msgs/srv/detail
[7.075s] -- Installing: /home/jetson/yahboomcar_ws/src/install/yahboomcar_astra/include/astra_camera_msgs/astra_camera_msgs/srv/detail/get_camera_info__type_support.c
[7.075s] -- Installing: /home/jetson/yahboomcar_ws/src/install/yahboomcar_astra/include/astra_camera_msgs/astra_camera_msgs/srv/detail/get_camera_params__type_support.c
[7.075s] -- Installing: /home/jetson/yahboomcar_ws/src/install/yahboomcar_astra/include/astra_camera_msgs/astra_camera_msgs/srv/detail/get_int32__rosidl_typesupport_introspection_c.h
[7.076s] -- Installing: /home/jetson/yahboomcar_ws/src/install/yahboomcar_astra/include/astra_camera_msgs/astra_camera_msgs/srv/detail/get_string__rosidl_typesupport_introspection_c.h
[7.076s] -- Installing: /home/jetson/yahboomcar_ws/src/install/yahboomcar_astra/include/astra_camera_msgs/astra_camera_msgs/srv/detail/get_device_info__rosidl_typesupport_introspection_c.h
[7.076s] -- Installing: /home/jetson/yahboomcar_ws/src/install/yahboomcar_astra/include/astra_camera_msgs/astra_camera_msgs/srv/detail/get_string__type_support.c
[7.077s] -- Installing: /home/jetson/yahboomcar_ws/src/install/yahboomcar_astra/include/astra_camera_msgs/astra_camera_msgs/srv/detail/get_int32__type_support.c
[7.077s] -- Installing: /home/jetson/yahboomcar_ws/src/install/yahboomcar_astra/include/astra_camera_msgs/astra_camera_msgs/srv/detail/get_device_info__type_support.c
[7.078s] -- Installing: /home/jetson/yahboomcar_ws/src/install/yahboomcar_astra/include/astra_camera_msgs/astra_camera_msgs/srv/detail/set_int32__type_support.c
[7.078s] -- Installing: /home/jetson/yahboomcar_ws/src/install/yahboomcar_astra/include/astra_camera_msgs/astra_camera_msgs/srv/detail/set_int32__rosidl_typesupport_introspection_c.h
[7.078s] -- Installing: /home/jetson/yahboomcar_ws/src/install/yahboomcar_astra/include/astra_camera_msgs/astra_camera_msgs/srv/detail/get_camera_params__rosidl_typesupport_introspection_c.h
[7.079s] -- Installing: /home/jetson/yahboomcar_ws/src/install/yahboomcar_astra/include/astra_camera_msgs/astra_camera_msgs/srv/detail/get_camera_info__rosidl_typesupport_introspection_c.h
[7.079s] -- Installing: /home/jetson/yahboomcar_ws/src/install/yahboomcar_astra/lib/libastra_camera_msgs__rosidl_typesupport_introspection_c.so
[7.079s] -- Set runtime path of "/home/jetson/yahboomcar_ws/src/install/yahboomcar_astra/lib/libastra_camera_msgs__rosidl_typesupport_introspection_c.so" to ""
[7.080s] -- Installing: /home/jetson/yahboomcar_ws/src/install/yahboomcar_astra/lib/libastra_camera_msgs__rosidl_typesupport_c.so
[7.080s] -- Set runtime path of "/home/jetson/yahboomcar_ws/src/install/yahboomcar_astra/lib/libastra_camera_msgs__rosidl_typesupport_c.so" to ""
[7.080s] -- Up-to-date: /home/jetson/yahboomcar_ws/src/install/yahboomcar_astra/include/astra_camera_msgs/astra_camera_msgs
[7.081s] -- Up-to-date: /home/jetson/yahboomcar_ws/src/install/yahboomcar_astra/include/astra_camera_msgs/astra_camera_msgs/msg
[7.081s] -- Installing: /home/jetson/yahboomcar_ws/src/install/yahboomcar_astra/include/astra_camera_msgs/astra_camera_msgs/msg/extrinsics.hpp
[7.081s] -- Up-to-date: /home/jetson/yahboomcar_ws/src/install/yahboomcar_astra/include/astra_camera_msgs/astra_camera_msgs/msg/detail
[7.082s] -- Installing: /home/jetson/yahboomcar_ws/src/install/yahboomcar_astra/include/astra_camera_msgs/astra_camera_msgs/msg/detail/extrinsics__struct.hpp
[7.082s] -- Installing: /home/jetson/yahboomcar_ws/src/install/yahboomcar_astra/include/astra_camera_msgs/astra_camera_msgs/msg/detail/device_info__builder.hpp
[7.082s] -- Installing: /home/jetson/yahboomcar_ws/src/install/yahboomcar_astra/include/astra_camera_msgs/astra_camera_msgs/msg/detail/device_info__struct.hpp
[7.083s] -- Installing: /home/jetson/yahboomcar_ws/src/install/yahboomcar_astra/include/astra_camera_msgs/astra_camera_msgs/msg/detail/extrinsics__traits.hpp
[7.084s] -- Installing: /home/jetson/yahboomcar_ws/src/install/yahboomcar_astra/include/astra_camera_msgs/astra_camera_msgs/msg/detail/extrinsics__builder.hpp
[7.084s] -- Installing: /home/jetson/yahboomcar_ws/src/install/yahboomcar_astra/include/astra_camera_msgs/astra_camera_msgs/msg/detail/device_info__type_support.hpp
[7.084s] -- Installing: /home/jetson/yahboomcar_ws/src/install/yahboomcar_astra/include/astra_camera_msgs/astra_camera_msgs/msg/detail/metadata__type_support.hpp
[7.084s] -- Installing: /home/jetson/yahboomcar_ws/src/install/yahboomcar_astra/include/astra_camera_msgs/astra_camera_msgs/msg/detail/metadata__builder.hpp
[7.085s] -- Installing: /home/jetson/yahboomcar_ws/src/install/yahboomcar_astra/include/astra_camera_msgs/astra_camera_msgs/msg/detail/metadata__traits.hpp
[7.085s] -- Installing: /home/jetson/yahboomcar_ws/src/install/yahboomcar_astra/include/astra_camera_msgs/astra_camera_msgs/msg/detail/metadata__struct.hpp
[7.085s] -- Installing: /home/jetson/yahboomcar_ws/src/install/yahboomcar_astra/include/astra_camera_msgs/astra_camera_msgs/msg/detail/device_info__traits.hpp
[7.086s] -- Installing: /home/jetson/yahboomcar_ws/src/install/yahboomcar_astra/include/astra_camera_msgs/astra_camera_msgs/msg/detail/extrinsics__type_support.hpp
[7.086s] -- Installing: /home/jetson/yahboomcar_ws/src/install/yahboomcar_astra/include/astra_camera_msgs/astra_camera_msgs/msg/metadata.hpp
[7.086s] -- Installing: /home/jetson/yahboomcar_ws/src/install/yahboomcar_astra/include/astra_camera_msgs/astra_camera_msgs/msg/device_info.hpp
[7.086s] -- Installing: /home/jetson/yahboomcar_ws/src/install/yahboomcar_astra/include/astra_camera_msgs/astra_camera_msgs/msg/rosidl_generator_cpp__visibility_control.hpp
[7.087s] -- Up-to-date: /home/jetson/yahboomcar_ws/src/install/yahboomcar_astra/include/astra_camera_msgs/astra_camera_msgs/srv
[7.087s] -- Installing: /home/jetson/yahboomcar_ws/src/install/yahboomcar_astra/include/astra_camera_msgs/astra_camera_msgs/srv/get_int32.hpp
[7.087s] -- Installing: /home/jetson/yahboomcar_ws/src/install/yahboomcar_astra/include/astra_camera_msgs/astra_camera_msgs/srv/set_int32.hpp
[7.088s] -- Installing: /home/jetson/yahboomcar_ws/src/install/yahboomcar_astra/include/astra_camera_msgs/astra_camera_msgs/srv/get_camera_params.hpp
[7.089s] -- Up-to-date: /home/jetson/yahboomcar_ws/src/install/yahboomcar_astra/include/astra_camera_msgs/astra_camera_msgs/srv/detail
[7.089s] -- Installing: /home/jetson/yahboomcar_ws/src/install/yahboomcar_astra/include/astra_camera_msgs/astra_camera_msgs/srv/detail/get_camera_params__type_support.hpp
[7.089s] -- Installing: /home/jetson/yahboomcar_ws/src/install/yahboomcar_astra/include/astra_camera_msgs/astra_camera_msgs/srv/detail/get_int32__struct.hpp
[7.090s] -- Installing: /home/jetson/yahboomcar_ws/src/install/yahboomcar_astra/include/astra_camera_msgs/astra_camera_msgs/srv/detail/get_camera_info__struct.hpp
[7.090s] -- Installing: /home/jetson/yahboomcar_ws/src/install/yahboomcar_astra/include/astra_camera_msgs/astra_camera_msgs/srv/detail/get_string__struct.hpp
[7.090s] -- Installing: /home/jetson/yahboomcar_ws/src/install/yahboomcar_astra/include/astra_camera_msgs/astra_camera_msgs/srv/detail/get_device_info__struct.hpp
[7.091s] -- Installing: /home/jetson/yahboomcar_ws/src/install/yahboomcar_astra/include/astra_camera_msgs/astra_camera_msgs/srv/detail/get_camera_info__builder.hpp
[7.091s] -- Installing: /home/jetson/yahboomcar_ws/src/install/yahboomcar_astra/include/astra_camera_msgs/astra_camera_msgs/srv/detail/get_int32__traits.hpp
[7.092s] -- Installing: /home/jetson/yahboomcar_ws/src/install/yahboomcar_astra/include/astra_camera_msgs/astra_camera_msgs/srv/detail/get_string__type_support.hpp
[7.092s] -- Installing: /home/jetson/yahboomcar_ws/src/install/yahboomcar_astra/include/astra_camera_msgs/astra_camera_msgs/srv/detail/get_string__traits.hpp
[7.092s] -- Installing: /home/jetson/yahboomcar_ws/src/install/yahboomcar_astra/include/astra_camera_msgs/astra_camera_msgs/srv/detail/set_int32__struct.hpp
[7.092s] -- Installing: /home/jetson/yahboomcar_ws/src/install/yahboomcar_astra/include/astra_camera_msgs/astra_camera_msgs/srv/detail/get_device_info__type_support.hpp
[7.093s] -- Installing: /home/jetson/yahboomcar_ws/src/install/yahboomcar_astra/include/astra_camera_msgs/astra_camera_msgs/srv/detail/get_device_info__traits.hpp
[7.093s] -- Installing: /home/jetson/yahboomcar_ws/src/install/yahboomcar_astra/include/astra_camera_msgs/astra_camera_msgs/srv/detail/get_int32__type_support.hpp
[7.093s] -- Installing: /home/jetson/yahboomcar_ws/src/install/yahboomcar_astra/include/astra_camera_msgs/astra_camera_msgs/srv/detail/get_camera_info__traits.hpp
[7.093s] -- Installing: /home/jetson/yahboomcar_ws/src/install/yahboomcar_astra/include/astra_camera_msgs/astra_camera_msgs/srv/detail/set_int32__builder.hpp
[7.094s] -- Installing: /home/jetson/yahboomcar_ws/src/install/yahboomcar_astra/include/astra_camera_msgs/astra_camera_msgs/srv/detail/get_camera_params__builder.hpp
[7.094s] -- Installing: /home/jetson/yahboomcar_ws/src/install/yahboomcar_astra/include/astra_camera_msgs/astra_camera_msgs/srv/detail/set_int32__traits.hpp
[7.094s] -- Installing: /home/jetson/yahboomcar_ws/src/install/yahboomcar_astra/include/astra_camera_msgs/astra_camera_msgs/srv/detail/get_int32__builder.hpp
[7.095s] -- Installing: /home/jetson/yahboomcar_ws/src/install/yahboomcar_astra/include/astra_camera_msgs/astra_camera_msgs/srv/detail/get_camera_info__type_support.hpp
[7.095s] -- Installing: /home/jetson/yahboomcar_ws/src/install/yahboomcar_astra/include/astra_camera_msgs/astra_camera_msgs/srv/detail/get_camera_params__struct.hpp
[7.095s] -- Installing: /home/jetson/yahboomcar_ws/src/install/yahboomcar_astra/include/astra_camera_msgs/astra_camera_msgs/srv/detail/set_int32__type_support.hpp
[7.095s] -- Installing: /home/jetson/yahboomcar_ws/src/install/yahboomcar_astra/include/astra_camera_msgs/astra_camera_msgs/srv/detail/get_camera_params__traits.hpp
[7.096s] -- Installing: /home/jetson/yahboomcar_ws/src/install/yahboomcar_astra/include/astra_camera_msgs/astra_camera_msgs/srv/detail/get_device_info__builder.hpp
[7.096s] -- Installing: /home/jetson/yahboomcar_ws/src/install/yahboomcar_astra/include/astra_camera_msgs/astra_camera_msgs/srv/detail/get_string__builder.hpp
[7.096s] -- Installing: /home/jetson/yahboomcar_ws/src/install/yahboomcar_astra/include/astra_camera_msgs/astra_camera_msgs/srv/get_string.hpp
[7.096s] -- Installing: /home/jetson/yahboomcar_ws/src/install/yahboomcar_astra/include/astra_camera_msgs/astra_camera_msgs/srv/get_camera_info.hpp
[7.097s] -- Installing: /home/jetson/yahboomcar_ws/src/install/yahboomcar_astra/include/astra_camera_msgs/astra_camera_msgs/srv/get_device_info.hpp
[7.097s] -- Up-to-date: /home/jetson/yahboomcar_ws/src/install/yahboomcar_astra/include/astra_camera_msgs/astra_camera_msgs
[7.097s] -- Up-to-date: /home/jetson/yahboomcar_ws/src/install/yahboomcar_astra/include/astra_camera_msgs/astra_camera_msgs/msg
[7.097s] -- Up-to-date: /home/jetson/yahboomcar_ws/src/install/yahboomcar_astra/include/astra_camera_msgs/astra_camera_msgs/msg/detail
[7.097s] -- Installing: /home/jetson/yahboomcar_ws/src/install/yahboomcar_astra/include/astra_camera_msgs/astra_camera_msgs/msg/detail/metadata__rosidl_typesupport_fastrtps_cpp.hpp
[7.098s] -- Installing: /home/jetson/yahboomcar_ws/src/install/yahboomcar_astra/include/astra_camera_msgs/astra_camera_msgs/msg/detail/device_info__rosidl_typesupport_fastrtps_cpp.hpp
[7.098s] -- Installing: /home/jetson/yahboomcar_ws/src/install/yahboomcar_astra/include/astra_camera_msgs/astra_camera_msgs/msg/detail/dds_fastrtps
[7.098s] -- Installing: /home/jetson/yahboomcar_ws/src/install/yahboomcar_astra/include/astra_camera_msgs/astra_camera_msgs/msg/detail/extrinsics__rosidl_typesupport_fastrtps_cpp.hpp
[7.098s] -- Installing: /home/jetson/yahboomcar_ws/src/install/yahboomcar_astra/include/astra_camera_msgs/astra_camera_msgs/msg/rosidl_typesupport_fastrtps_cpp__visibility_control.h
[7.098s] -- Up-to-date: /home/jetson/yahboomcar_ws/src/install/yahboomcar_astra/include/astra_camera_msgs/astra_camera_msgs/srv
[7.099s] -- Up-to-date: /home/jetson/yahboomcar_ws/src/install/yahboomcar_astra/include/astra_camera_msgs/astra_camera_msgs/srv/detail
[7.099s] -- Installing: /home/jetson/yahboomcar_ws/src/install/yahboomcar_astra/include/astra_camera_msgs/astra_camera_msgs/srv/detail/get_string__rosidl_typesupport_fastrtps_cpp.hpp
[7.099s] -- Installing: /home/jetson/yahboomcar_ws/src/install/yahboomcar_astra/include/astra_camera_msgs/astra_camera_msgs/srv/detail/set_int32__rosidl_typesupport_fastrtps_cpp.hpp
[7.099s] -- Installing: /home/jetson/yahboomcar_ws/src/install/yahboomcar_astra/include/astra_camera_msgs/astra_camera_msgs/srv/detail/get_camera_info__rosidl_typesupport_fastrtps_cpp.hpp
[7.100s] -- Installing: /home/jetson/yahboomcar_ws/src/install/yahboomcar_astra/include/astra_camera_msgs/astra_camera_msgs/srv/detail/get_int32__rosidl_typesupport_fastrtps_cpp.hpp
[7.100s] -- Installing: /home/jetson/yahboomcar_ws/src/install/yahboomcar_astra/include/astra_camera_msgs/astra_camera_msgs/srv/detail/get_device_info__rosidl_typesupport_fastrtps_cpp.hpp
[7.100s] -- Installing: /home/jetson/yahboomcar_ws/src/install/yahboomcar_astra/include/astra_camera_msgs/astra_camera_msgs/srv/detail/get_camera_params__rosidl_typesupport_fastrtps_cpp.hpp
[7.100s] -- Installing: /home/jetson/yahboomcar_ws/src/install/yahboomcar_astra/include/astra_camera_msgs/astra_camera_msgs/srv/detail/dds_fastrtps
[7.100s] -- Installing: /home/jetson/yahboomcar_ws/src/install/yahboomcar_astra/lib/libastra_camera_msgs__rosidl_typesupport_fastrtps_cpp.so
[7.101s] -- Set runtime path of "/home/jetson/yahboomcar_ws/src/install/yahboomcar_astra/lib/libastra_camera_msgs__rosidl_typesupport_fastrtps_cpp.so" to ""
[7.101s] -- Up-to-date: /home/jetson/yahboomcar_ws/src/install/yahboomcar_astra/include/astra_camera_msgs/astra_camera_msgs
[7.101s] -- Up-to-date: /home/jetson/yahboomcar_ws/src/install/yahboomcar_astra/include/astra_camera_msgs/astra_camera_msgs/msg
[7.101s] -- Up-to-date: /home/jetson/yahboomcar_ws/src/install/yahboomcar_astra/include/astra_camera_msgs/astra_camera_msgs/msg/detail
[7.102s] -- Installing: /home/jetson/yahboomcar_ws/src/install/yahboomcar_astra/include/astra_camera_msgs/astra_camera_msgs/msg/detail/device_info__rosidl_typesupport_introspection_cpp.hpp
[7.102s] -- Installing: /home/jetson/yahboomcar_ws/src/install/yahboomcar_astra/include/astra_camera_msgs/astra_camera_msgs/msg/detail/extrinsics__rosidl_typesupport_introspection_cpp.hpp
[7.102s] -- Installing: /home/jetson/yahboomcar_ws/src/install/yahboomcar_astra/include/astra_camera_msgs/astra_camera_msgs/msg/detail/metadata__type_support.cpp
[7.102s] -- Installing: /home/jetson/yahboomcar_ws/src/install/yahboomcar_astra/include/astra_camera_msgs/astra_camera_msgs/msg/detail/device_info__type_support.cpp
[7.102s] -- Installing: /home/jetson/yahboomcar_ws/src/install/yahboomcar_astra/include/astra_camera_msgs/astra_camera_msgs/msg/detail/metadata__rosidl_typesupport_introspection_cpp.hpp
[7.103s] -- Installing: /home/jetson/yahboomcar_ws/src/install/yahboomcar_astra/include/astra_camera_msgs/astra_camera_msgs/msg/detail/extrinsics__type_support.cpp
[7.103s] -- Up-to-date: /home/jetson/yahboomcar_ws/src/install/yahboomcar_astra/include/astra_camera_msgs/astra_camera_msgs/srv
[7.103s] -- Up-to-date: /home/jetson/yahboomcar_ws/src/install/yahboomcar_astra/include/astra_camera_msgs/astra_camera_msgs/srv/detail
[7.103s] -- Installing: /home/jetson/yahboomcar_ws/src/install/yahboomcar_astra/include/astra_camera_msgs/astra_camera_msgs/srv/detail/get_camera_params__rosidl_typesupport_introspection_cpp.hpp
[7.104s] -- Installing: /home/jetson/yahboomcar_ws/src/install/yahboomcar_astra/include/astra_camera_msgs/astra_camera_msgs/srv/detail/get_camera_info__type_support.cpp
[7.104s] -- Installing: /home/jetson/yahboomcar_ws/src/install/yahboomcar_astra/include/astra_camera_msgs/astra_camera_msgs/srv/detail/set_int32__type_support.cpp
[7.104s] -- Installing: /home/jetson/yahboomcar_ws/src/install/yahboomcar_astra/include/astra_camera_msgs/astra_camera_msgs/srv/detail/get_camera_params__type_support.cpp
[7.105s] -- Installing: /home/jetson/yahboomcar_ws/src/install/yahboomcar_astra/include/astra_camera_msgs/astra_camera_msgs/srv/detail/get_device_info__rosidl_typesupport_introspection_cpp.hpp
[7.105s] -- Installing: /home/jetson/yahboomcar_ws/src/install/yahboomcar_astra/include/astra_camera_msgs/astra_camera_msgs/srv/detail/get_int32__rosidl_typesupport_introspection_cpp.hpp
[7.105s] -- Installing: /home/jetson/yahboomcar_ws/src/install/yahboomcar_astra/include/astra_camera_msgs/astra_camera_msgs/srv/detail/get_camera_info__rosidl_typesupport_introspection_cpp.hpp
[7.105s] -- Installing: /home/jetson/yahboomcar_ws/src/install/yahboomcar_astra/include/astra_camera_msgs/astra_camera_msgs/srv/detail/set_int32__rosidl_typesupport_introspection_cpp.hpp
[7.105s] -- Installing: /home/jetson/yahboomcar_ws/src/install/yahboomcar_astra/include/astra_camera_msgs/astra_camera_msgs/srv/detail/get_device_info__type_support.cpp
[7.106s] -- Installing: /home/jetson/yahboomcar_ws/src/install/yahboomcar_astra/include/astra_camera_msgs/astra_camera_msgs/srv/detail/get_string__type_support.cpp
[7.106s] -- Installing: /home/jetson/yahboomcar_ws/src/install/yahboomcar_astra/include/astra_camera_msgs/astra_camera_msgs/srv/detail/get_int32__type_support.cpp
[7.106s] -- Installing: /home/jetson/yahboomcar_ws/src/install/yahboomcar_astra/include/astra_camera_msgs/astra_camera_msgs/srv/detail/get_string__rosidl_typesupport_introspection_cpp.hpp
[7.106s] -- Installing: /home/jetson/yahboomcar_ws/src/install/yahboomcar_astra/lib/libastra_camera_msgs__rosidl_typesupport_introspection_cpp.so
[7.106s] -- Set runtime path of "/home/jetson/yahboomcar_ws/src/install/yahboomcar_astra/lib/libastra_camera_msgs__rosidl_typesupport_introspection_cpp.so" to ""
[7.107s] -- Installing: /home/jetson/yahboomcar_ws/src/install/yahboomcar_astra/lib/libastra_camera_msgs__rosidl_typesupport_cpp.so
[7.107s] -- Set runtime path of "/home/jetson/yahboomcar_ws/src/install/yahboomcar_astra/lib/libastra_camera_msgs__rosidl_typesupport_cpp.so" to ""
[7.107s] -- Installing: /home/jetson/yahboomcar_ws/src/install/yahboomcar_astra/share/astra_camera_msgs/environment/pythonpath.sh
[7.107s] -- Installing: /home/jetson/yahboomcar_ws/src/install/yahboomcar_astra/share/astra_camera_msgs/environment/pythonpath.dsv
[7.107s] -- Installing: /home/jetson/yahboomcar_ws/src/install/yahboomcar_astra/local/lib/python3.10/dist-packages/astra_camera_msgs-1.0.1-py3.10.egg-info
[7.108s] -- Installing: /home/jetson/yahboomcar_ws/src/install/yahboomcar_astra/local/lib/python3.10/dist-packages/astra_camera_msgs-1.0.1-py3.10.egg-info/dependency_links.txt
[7.108s] -- Installing: /home/jetson/yahboomcar_ws/src/install/yahboomcar_astra/local/lib/python3.10/dist-packages/astra_camera_msgs-1.0.1-py3.10.egg-info/top_level.txt
[7.108s] -- Installing: /home/jetson/yahboomcar_ws/src/install/yahboomcar_astra/local/lib/python3.10/dist-packages/astra_camera_msgs-1.0.1-py3.10.egg-info/SOURCES.txt
[7.109s] -- Installing: /home/jetson/yahboomcar_ws/src/install/yahboomcar_astra/local/lib/python3.10/dist-packages/astra_camera_msgs-1.0.1-py3.10.egg-info/PKG-INFO
[7.109s] -- Installing: /home/jetson/yahboomcar_ws/src/install/yahboomcar_astra/local/lib/python3.10/dist-packages/astra_camera_msgs
[7.109s] -- Installing: /home/jetson/yahboomcar_ws/src/install/yahboomcar_astra/local/lib/python3.10/dist-packages/astra_camera_msgs/msg
[7.109s] -- Installing: /home/jetson/yahboomcar_ws/src/install/yahboomcar_astra/local/lib/python3.10/dist-packages/astra_camera_msgs/msg/_extrinsics.py
[7.109s] -- Installing: /home/jetson/yahboomcar_ws/src/install/yahboomcar_astra/local/lib/python3.10/dist-packages/astra_camera_msgs/msg/_device_info.py
[7.109s] -- Installing: /home/jetson/yahboomcar_ws/src/install/yahboomcar_astra/local/lib/python3.10/dist-packages/astra_camera_msgs/msg/__init__.py
[7.110s] -- Installing: /home/jetson/yahboomcar_ws/src/install/yahboomcar_astra/local/lib/python3.10/dist-packages/astra_camera_msgs/msg/_metadata_s.c
[7.110s] -- Installing: /home/jetson/yahboomcar_ws/src/install/yahboomcar_astra/local/lib/python3.10/dist-packages/astra_camera_msgs/msg/_device_info_s.c
[7.110s] -- Installing: /home/jetson/yahboomcar_ws/src/install/yahboomcar_astra/local/lib/python3.10/dist-packages/astra_camera_msgs/msg/_metadata.py
[7.110s] -- Installing: /home/jetson/yahboomcar_ws/src/install/yahboomcar_astra/local/lib/python3.10/dist-packages/astra_camera_msgs/msg/_extrinsics_s.c
[7.110s] -- Installing: /home/jetson/yahboomcar_ws/src/install/yahboomcar_astra/local/lib/python3.10/dist-packages/astra_camera_msgs/__init__.py
[7.110s] -- Installing: /home/jetson/yahboomcar_ws/src/install/yahboomcar_astra/local/lib/python3.10/dist-packages/astra_camera_msgs/srv
[7.111s] -- Installing: /home/jetson/yahboomcar_ws/src/install/yahboomcar_astra/local/lib/python3.10/dist-packages/astra_camera_msgs/srv/_get_device_info_s.c
[7.111s] -- Installing: /home/jetson/yahboomcar_ws/src/install/yahboomcar_astra/local/lib/python3.10/dist-packages/astra_camera_msgs/srv/_get_camera_info_s.c
[7.111s] -- Installing: /home/jetson/yahboomcar_ws/src/install/yahboomcar_astra/local/lib/python3.10/dist-packages/astra_camera_msgs/srv/_get_int32_s.c
[7.111s] -- Installing: /home/jetson/yahboomcar_ws/src/install/yahboomcar_astra/local/lib/python3.10/dist-packages/astra_camera_msgs/srv/_get_string.py
[7.111s] -- Installing: /home/jetson/yahboomcar_ws/src/install/yahboomcar_astra/local/lib/python3.10/dist-packages/astra_camera_msgs/srv/_get_int32.py
[7.112s] -- Installing: /home/jetson/yahboomcar_ws/src/install/yahboomcar_astra/local/lib/python3.10/dist-packages/astra_camera_msgs/srv/__init__.py
[7.112s] -- Installing: /home/jetson/yahboomcar_ws/src/install/yahboomcar_astra/local/lib/python3.10/dist-packages/astra_camera_msgs/srv/_get_camera_params.py
[7.112s] -- Installing: /home/jetson/yahboomcar_ws/src/install/yahboomcar_astra/local/lib/python3.10/dist-packages/astra_camera_msgs/srv/_get_camera_params_s.c
[7.112s] -- Installing: /home/jetson/yahboomcar_ws/src/install/yahboomcar_astra/local/lib/python3.10/dist-packages/astra_camera_msgs/srv/_get_device_info.py
[7.112s] -- Installing: /home/jetson/yahboomcar_ws/src/install/yahboomcar_astra/local/lib/python3.10/dist-packages/astra_camera_msgs/srv/_set_int32_s.c
[7.113s] -- Installing: /home/jetson/yahboomcar_ws/src/install/yahboomcar_astra/local/lib/python3.10/dist-packages/astra_camera_msgs/srv/_get_camera_info.py
[7.113s] -- Installing: /home/jetson/yahboomcar_ws/src/install/yahboomcar_astra/local/lib/python3.10/dist-packages/astra_camera_msgs/srv/_set_int32.py
[7.113s] -- Installing: /home/jetson/yahboomcar_ws/src/install/yahboomcar_astra/local/lib/python3.10/dist-packages/astra_camera_msgs/srv/_get_string_s.c
[7.113s] -- Installing: /home/jetson/yahboomcar_ws/src/install/yahboomcar_astra/local/lib/python3.10/dist-packages/astra_camera_msgs/libastra_camera_msgs__rosidl_generator_py.so
[7.113s] -- Installing: /home/jetson/yahboomcar_ws/src/install/yahboomcar_astra/local/lib/python3.10/dist-packages/astra_camera_msgs/astra_camera_msgs_s__rosidl_typesupport_introspection_c.cpython-310-aarch64-linux-gnu.so
[7.113s] -- Installing: /home/jetson/yahboomcar_ws/src/install/yahboomcar_astra/local/lib/python3.10/dist-packages/astra_camera_msgs/astra_camera_msgs_s__rosidl_typesupport_c.cpython-310-aarch64-linux-gnu.so
[7.114s] -- Installing: /home/jetson/yahboomcar_ws/src/install/yahboomcar_astra/local/lib/python3.10/dist-packages/astra_camera_msgs/_astra_camera_msgs_s.ep.rosidl_typesupport_introspection_c.c
[7.114s] -- Installing: /home/jetson/yahboomcar_ws/src/install/yahboomcar_astra/local/lib/python3.10/dist-packages/astra_camera_msgs/_astra_camera_msgs_s.ep.rosidl_typesupport_fastrtps_c.c
[7.114s] -- Installing: /home/jetson/yahboomcar_ws/src/install/yahboomcar_astra/local/lib/python3.10/dist-packages/astra_camera_msgs/astra_camera_msgs_s__rosidl_typesupport_fastrtps_c.cpython-310-aarch64-linux-gnu.so
[7.114s] -- Installing: /home/jetson/yahboomcar_ws/src/install/yahboomcar_astra/local/lib/python3.10/dist-packages/astra_camera_msgs/_astra_camera_msgs_s.ep.rosidl_typesupport_c.c
[7.193s] Listing '/home/jetson/yahboomcar_ws/src/install/yahboomcar_astra/local/lib/python3.10/dist-packages/astra_camera_msgs'...
[7.193s] Compiling '/home/jetson/yahboomcar_ws/src/install/yahboomcar_astra/local/lib/python3.10/dist-packages/astra_camera_msgs/__init__.py'...
[7.194s] Listing '/home/jetson/yahboomcar_ws/src/install/yahboomcar_astra/local/lib/python3.10/dist-packages/astra_camera_msgs/msg'...
[7.194s] Compiling '/home/jetson/yahboomcar_ws/src/install/yahboomcar_astra/local/lib/python3.10/dist-packages/astra_camera_msgs/msg/__init__.py'...
[7.194s] Compiling '/home/jetson/yahboomcar_ws/src/install/yahboomcar_astra/local/lib/python3.10/dist-packages/astra_camera_msgs/msg/_device_info.py'...
[7.195s] Compiling '/home/jetson/yahboomcar_ws/src/install/yahboomcar_astra/local/lib/python3.10/dist-packages/astra_camera_msgs/msg/_extrinsics.py'...
[7.195s] Compiling '/home/jetson/yahboomcar_ws/src/install/yahboomcar_astra/local/lib/python3.10/dist-packages/astra_camera_msgs/msg/_metadata.py'...
[7.195s] Listing '/home/jetson/yahboomcar_ws/src/install/yahboomcar_astra/local/lib/python3.10/dist-packages/astra_camera_msgs/srv'...
[7.195s] Compiling '/home/jetson/yahboomcar_ws/src/install/yahboomcar_astra/local/lib/python3.10/dist-packages/astra_camera_msgs/srv/__init__.py'...
[7.196s] Compiling '/home/jetson/yahboomcar_ws/src/install/yahboomcar_astra/local/lib/python3.10/dist-packages/astra_camera_msgs/srv/_get_camera_info.py'...
[7.196s] Compiling '/home/jetson/yahboomcar_ws/src/install/yahboomcar_astra/local/lib/python3.10/dist-packages/astra_camera_msgs/srv/_get_camera_params.py'...
[7.196s] Compiling '/home/jetson/yahboomcar_ws/src/install/yahboomcar_astra/local/lib/python3.10/dist-packages/astra_camera_msgs/srv/_get_device_info.py'...
[7.196s] Compiling '/home/jetson/yahboomcar_ws/src/install/yahboomcar_astra/local/lib/python3.10/dist-packages/astra_camera_msgs/srv/_get_int32.py'...
[7.196s] Compiling '/home/jetson/yahboomcar_ws/src/install/yahboomcar_astra/local/lib/python3.10/dist-packages/astra_camera_msgs/srv/_get_string.py'...
[7.196s] Compiling '/home/jetson/yahboomcar_ws/src/install/yahboomcar_astra/local/lib/python3.10/dist-packages/astra_camera_msgs/srv/_set_int32.py'...
[7.206s] -- Installing: /home/jetson/yahboomcar_ws/src/install/yahboomcar_astra/local/lib/python3.10/dist-packages/astra_camera_msgs/astra_camera_msgs_s__rosidl_typesupport_fastrtps_c.cpython-310-aarch64-linux-gnu.so
[7.207s] -- Set runtime path of "/home/jetson/yahboomcar_ws/src/install/yahboomcar_astra/local/lib/python3.10/dist-packages/astra_camera_msgs/astra_camera_msgs_s__rosidl_typesupport_fastrtps_c.cpython-310-aarch64-linux-gnu.so" to ""
[7.207s] -- Installing: /home/jetson/yahboomcar_ws/src/install/yahboomcar_astra/local/lib/python3.10/dist-packages/astra_camera_msgs/astra_camera_msgs_s__rosidl_typesupport_introspection_c.cpython-310-aarch64-linux-gnu.so
[7.208s] -- Set runtime path of "/home/jetson/yahboomcar_ws/src/install/yahboomcar_astra/local/lib/python3.10/dist-packages/astra_camera_msgs/astra_camera_msgs_s__rosidl_typesupport_introspection_c.cpython-310-aarch64-linux-gnu.so" to ""
[7.208s] -- Installing: /home/jetson/yahboomcar_ws/src/install/yahboomcar_astra/local/lib/python3.10/dist-packages/astra_camera_msgs/astra_camera_msgs_s__rosidl_typesupport_c.cpython-310-aarch64-linux-gnu.so
[7.208s] -- Set runtime path of "/home/jetson/yahboomcar_ws/src/install/yahboomcar_astra/local/lib/python3.10/dist-packages/astra_camera_msgs/astra_camera_msgs_s__rosidl_typesupport_c.cpython-310-aarch64-linux-gnu.so" to ""
[7.209s] -- Installing: /home/jetson/yahboomcar_ws/src/install/yahboomcar_astra/lib/libastra_camera_msgs__rosidl_generator_py.so
[7.209s] -- Set runtime path of "/home/jetson/yahboomcar_ws/src/install/yahboomcar_astra/lib/libastra_camera_msgs__rosidl_generator_py.so" to ""
[7.210s] -- Installing: /home/jetson/yahboomcar_ws/src/install/yahboomcar_astra/share/astra_camera_msgs/msg/DeviceInfo.idl
[7.210s] -- Installing: /home/jetson/yahboomcar_ws/src/install/yahboomcar_astra/share/astra_camera_msgs/msg/Extrinsics.idl
[7.210s] -- Installing: /home/jetson/yahboomcar_ws/src/install/yahboomcar_astra/share/astra_camera_msgs/msg/Metadata.idl
[7.210s] -- Installing: /home/jetson/yahboomcar_ws/src/install/yahboomcar_astra/share/astra_camera_msgs/srv/GetDeviceInfo.idl
[7.211s] -- Installing: /home/jetson/yahboomcar_ws/src/install/yahboomcar_astra/share/astra_camera_msgs/srv/GetCameraInfo.idl
[7.211s] -- Installing: /home/jetson/yahboomcar_ws/src/install/yahboomcar_astra/share/astra_camera_msgs/srv/GetCameraParams.idl
[7.211s] -- Installing: /home/jetson/yahboomcar_ws/src/install/yahboomcar_astra/share/astra_camera_msgs/srv/GetInt32.idl
[7.212s] -- Installing: /home/jetson/yahboomcar_ws/src/install/yahboomcar_astra/share/astra_camera_msgs/srv/GetString.idl
[7.213s] -- Installing: /home/jetson/yahboomcar_ws/src/install/yahboomcar_astra/share/astra_camera_msgs/srv/SetInt32.idl
[7.213s] -- Installing: /home/jetson/yahboomcar_ws/src/install/yahboomcar_astra/share/astra_camera_msgs/msg/DeviceInfo.msg
[7.213s] -- Installing: /home/jetson/yahboomcar_ws/src/install/yahboomcar_astra/share/astra_camera_msgs/msg/Extrinsics.msg
[7.213s] -- Installing: /home/jetson/yahboomcar_ws/src/install/yahboomcar_astra/share/astra_camera_msgs/msg/Metadata.msg
[7.214s] -- Installing: /home/jetson/yahboomcar_ws/src/install/yahboomcar_astra/share/astra_camera_msgs/srv/GetDeviceInfo.srv
[7.214s] -- Installing: /home/jetson/yahboomcar_ws/src/install/yahboomcar_astra/share/astra_camera_msgs/srv/GetDeviceInfo_Request.msg
[7.214s] -- Installing: /home/jetson/yahboomcar_ws/src/install/yahboomcar_astra/share/astra_camera_msgs/srv/GetDeviceInfo_Response.msg
[7.214s] -- Installing: /home/jetson/yahboomcar_ws/src/install/yahboomcar_astra/share/astra_camera_msgs/srv/GetCameraInfo.srv
[7.214s] -- Installing: /home/jetson/yahboomcar_ws/src/install/yahboomcar_astra/share/astra_camera_msgs/srv/GetCameraInfo_Request.msg
[7.215s] -- Installing: /home/jetson/yahboomcar_ws/src/install/yahboomcar_astra/share/astra_camera_msgs/srv/GetCameraInfo_Response.msg
[7.215s] -- Installing: /home/jetson/yahboomcar_ws/src/install/yahboomcar_astra/share/astra_camera_msgs/srv/GetCameraParams.srv
[7.215s] -- Installing: /home/jetson/yahboomcar_ws/src/install/yahboomcar_astra/share/astra_camera_msgs/srv/GetCameraParams_Request.msg
[7.215s] -- Installing: /home/jetson/yahboomcar_ws/src/install/yahboomcar_astra/share/astra_camera_msgs/srv/GetCameraParams_Response.msg
[7.216s] -- Installing: /home/jetson/yahboomcar_ws/src/install/yahboomcar_astra/share/astra_camera_msgs/srv/GetInt32.srv
[7.216s] -- Installing: /home/jetson/yahboomcar_ws/src/install/yahboomcar_astra/share/astra_camera_msgs/srv/GetInt32_Request.msg
[7.216s] -- Installing: /home/jetson/yahboomcar_ws/src/install/yahboomcar_astra/share/astra_camera_msgs/srv/GetInt32_Response.msg
[7.216s] -- Installing: /home/jetson/yahboomcar_ws/src/install/yahboomcar_astra/share/astra_camera_msgs/srv/GetString.srv
[7.216s] -- Installing: /home/jetson/yahboomcar_ws/src/install/yahboomcar_astra/share/astra_camera_msgs/srv/GetString_Request.msg
[7.217s] -- Installing: /home/jetson/yahboomcar_ws/src/install/yahboomcar_astra/share/astra_camera_msgs/srv/GetString_Response.msg
[7.217s] -- Installing: /home/jetson/yahboomcar_ws/src/install/yahboomcar_astra/share/astra_camera_msgs/srv/SetInt32.srv
[7.217s] -- Installing: /home/jetson/yahboomcar_ws/src/install/yahboomcar_astra/share/astra_camera_msgs/srv/SetInt32_Request.msg
[7.219s] -- Installing: /home/jetson/yahboomcar_ws/src/install/yahboomcar_astra/share/astra_camera_msgs/srv/SetInt32_Response.msg
[7.220s] -- Installing: /home/jetson/yahboomcar_ws/src/install/yahboomcar_astra/share/ament_index/resource_index/package_run_dependencies/astra_camera_msgs
[7.220s] -- Installing: /home/jetson/yahboomcar_ws/src/install/yahboomcar_astra/share/ament_index/resource_index/parent_prefix_path/astra_camera_msgs
[7.220s] -- Installing: /home/jetson/yahboomcar_ws/src/install/yahboomcar_astra/share/astra_camera_msgs/environment/ament_prefix_path.sh
[7.220s] -- Installing: /home/jetson/yahboomcar_ws/src/install/yahboomcar_astra/share/astra_camera_msgs/environment/ament_prefix_path.dsv
[7.220s] -- Installing: /home/jetson/yahboomcar_ws/src/install/yahboomcar_astra/share/astra_camera_msgs/environment/path.sh
[7.220s] -- Installing: /home/jetson/yahboomcar_ws/src/install/yahboomcar_astra/share/astra_camera_msgs/environment/path.dsv
[7.220s] -- Installing: /home/jetson/yahboomcar_ws/src/install/yahboomcar_astra/share/astra_camera_msgs/local_setup.bash
[7.221s] -- Installing: /home/jetson/yahboomcar_ws/src/install/yahboomcar_astra/share/astra_camera_msgs/local_setup.sh
[7.221s] -- Installing: /home/jetson/yahboomcar_ws/src/install/yahboomcar_astra/share/astra_camera_msgs/local_setup.zsh
[7.221s] -- Installing: /home/jetson/yahboomcar_ws/src/install/yahboomcar_astra/share/astra_camera_msgs/local_setup.dsv
[7.221s] -- Installing: /home/jetson/yahboomcar_ws/src/install/yahboomcar_astra/share/astra_camera_msgs/package.dsv
[7.221s] -- Installing: /home/jetson/yahboomcar_ws/src/install/yahboomcar_astra/share/ament_index/resource_index/packages/astra_camera_msgs
[7.222s] -- Installing: /home/jetson/yahboomcar_ws/src/install/yahboomcar_astra/share/astra_camera_msgs/cmake/export_astra_camera_msgs__rosidl_generator_cExport.cmake
[7.222s] -- Installing: /home/jetson/yahboomcar_ws/src/install/yahboomcar_astra/share/astra_camera_msgs/cmake/export_astra_camera_msgs__rosidl_generator_cExport-noconfig.cmake
[7.222s] -- Installing: /home/jetson/yahboomcar_ws/src/install/yahboomcar_astra/share/astra_camera_msgs/cmake/export_astra_camera_msgs__rosidl_typesupport_fastrtps_cExport.cmake
[7.222s] -- Installing: /home/jetson/yahboomcar_ws/src/install/yahboomcar_astra/share/astra_camera_msgs/cmake/export_astra_camera_msgs__rosidl_typesupport_fastrtps_cExport-noconfig.cmake
[7.222s] -- Installing: /home/jetson/yahboomcar_ws/src/install/yahboomcar_astra/share/astra_camera_msgs/cmake/astra_camera_msgs__rosidl_typesupport_introspection_cExport.cmake
[7.223s] -- Installing: /home/jetson/yahboomcar_ws/src/install/yahboomcar_astra/share/astra_camera_msgs/cmake/astra_camera_msgs__rosidl_typesupport_introspection_cExport-noconfig.cmake
[7.223s] -- Installing: /home/jetson/yahboomcar_ws/src/install/yahboomcar_astra/share/astra_camera_msgs/cmake/astra_camera_msgs__rosidl_typesupport_cExport.cmake
[7.223s] -- Installing: /home/jetson/yahboomcar_ws/src/install/yahboomcar_astra/share/astra_camera_msgs/cmake/astra_camera_msgs__rosidl_typesupport_cExport-noconfig.cmake
[7.223s] -- Installing: /home/jetson/yahboomcar_ws/src/install/yahboomcar_astra/share/astra_camera_msgs/cmake/export_astra_camera_msgs__rosidl_generator_cppExport.cmake
[7.224s] -- Installing: /home/jetson/yahboomcar_ws/src/install/yahboomcar_astra/share/astra_camera_msgs/cmake/export_astra_camera_msgs__rosidl_typesupport_fastrtps_cppExport.cmake
[7.224s] -- Installing: /home/jetson/yahboomcar_ws/src/install/yahboomcar_astra/share/astra_camera_msgs/cmake/export_astra_camera_msgs__rosidl_typesupport_fastrtps_cppExport-noconfig.cmake
[7.224s] -- Installing: /home/jetson/yahboomcar_ws/src/install/yahboomcar_astra/share/astra_camera_msgs/cmake/astra_camera_msgs__rosidl_typesupport_introspection_cppExport.cmake
[7.224s] -- Installing: /home/jetson/yahboomcar_ws/src/install/yahboomcar_astra/share/astra_camera_msgs/cmake/astra_camera_msgs__rosidl_typesupport_introspection_cppExport-noconfig.cmake
[7.225s] -- Installing: /home/jetson/yahboomcar_ws/src/install/yahboomcar_astra/share/astra_camera_msgs/cmake/astra_camera_msgs__rosidl_typesupport_cppExport.cmake
[7.225s] -- Installing: /home/jetson/yahboomcar_ws/src/install/yahboomcar_astra/share/astra_camera_msgs/cmake/astra_camera_msgs__rosidl_typesupport_cppExport-noconfig.cmake
[7.225s] -- Installing: /home/jetson/yahboomcar_ws/src/install/yahboomcar_astra/share/astra_camera_msgs/cmake/export_astra_camera_msgs__rosidl_generator_pyExport.cmake
[7.226s] -- Installing: /home/jetson/yahboomcar_ws/src/install/yahboomcar_astra/share/astra_camera_msgs/cmake/export_astra_camera_msgs__rosidl_generator_pyExport-noconfig.cmake
[7.228s] -- Installing: /home/jetson/yahboomcar_ws/src/install/yahboomcar_astra/share/astra_camera_msgs/cmake/rosidl_cmake-extras.cmake
[7.229s] -- Installing: /home/jetson/yahboomcar_ws/src/install/yahboomcar_astra/share/astra_camera_msgs/cmake/ament_cmake_export_dependencies-extras.cmake
[7.229s] -- Installing: /home/jetson/yahboomcar_ws/src/install/yahboomcar_astra/share/astra_camera_msgs/cmake/ament_cmake_export_include_directories-extras.cmake
[7.229s] -- Installing: /home/jetson/yahboomcar_ws/src/install/yahboomcar_astra/share/astra_camera_msgs/cmake/ament_cmake_export_libraries-extras.cmake
[7.229s] -- Installing: /home/jetson/yahboomcar_ws/src/install/yahboomcar_astra/share/astra_camera_msgs/cmake/ament_cmake_export_targets-extras.cmake
[7.229s] -- Installing: /home/jetson/yahboomcar_ws/src/install/yahboomcar_astra/share/astra_camera_msgs/cmake/rosidl_cmake_export_typesupport_targets-extras.cmake
[7.229s] -- Installing: /home/jetson/yahboomcar_ws/src/install/yahboomcar_astra/share/astra_camera_msgs/cmake/rosidl_cmake_export_typesupport_libraries-extras.cmake
[7.230s] -- Installing: /home/jetson/yahboomcar_ws/src/install/yahboomcar_astra/share/astra_camera_msgs/cmake/astra_camera_msgsConfig.cmake
[7.230s] -- Installing: /home/jetson/yahboomcar_ws/src/install/yahboomcar_astra/share/astra_camera_msgs/cmake/astra_camera_msgsConfig-version.cmake
[7.230s] -- Installing: /home/jetson/yahboomcar_ws/src/install/yahboomcar_astra/share/astra_camera_msgs/package.xml
[7.235s] Invoked command in '/home/jetson/yahboomcar_ws/src/build/yahboomcar_astra' returned '0': CMAKE_PREFIX_PATH=${CMAKE_PREFIX_PATH}:/opt/ros/humble /usr/bin/cmake --install /home/jetson/yahboomcar_ws/src/build/yahboomcar_astra
