[33mCMake Warning at CMakeLists.txt:71 (add_library):
  Cannot generate a safe runtime search path for target
  yahboomcar_astra_driver because there is a cycle in the constraint graph:

    dir 0 is [/usr/local/cuda-12.6/lib64]
    dir 1 is [/opt/ros/humble/lib]
      dir 2 must precede it due to runtime library [libimage_transport.so]
    dir 2 is [/opt/ros/humble/lib/aarch64-linux-gnu]
    dir 3 is [/home/jetson/yahboomcar_ros2_ws/software/library_ws/install/astra_camera_msgs/lib]
      dir 4 must precede it due to runtime library [libastra_camera_msgs__rosidl_typesupport_introspection_c.so]
    dir 4 is [/home/jetson/yahboomcar_ws/build/yahboomcar_astra/astra_camera_msgs]
      dir 3 must precede it due to runtime library [libastra_camera_msgs__rosidl_typesupport_fastrtps_c.so]
    dir 5 is [/usr/local/lib]

  Some of these libraries may not be found correctly.

[0m
[33mCMake Warning at CMakeLists.txt:115 (add_executable):
  Cannot generate a safe runtime search path for target astra_camera_node
  because there is a cycle in the constraint graph:

    dir 0 is [/usr/local/cuda-12.6/lib64]
    dir 1 is [/home/jetson/yahboomcar_ws/build/yahboomcar_astra]
    dir 2 is [/usr/local/lib]
    dir 3 is [/home/jetson/yahboomcar_ros2_ws/software/library_ws/install/astra_camera_msgs/lib]
      dir 4 must precede it due to runtime library [libastra_camera_msgs__rosidl_typesupport_introspection_c.so]
    dir 4 is [/home/jetson/yahboomcar_ws/build/yahboomcar_astra/astra_camera_msgs]
      dir 3 must precede it due to runtime library [libastra_camera_msgs__rosidl_typesupport_fastrtps_c.so]
    dir 5 is [/opt/ros/humble/lib]
      dir 6 must precede it due to runtime library [libimage_transport.so]
    dir 6 is [/opt/ros/humble/lib/aarch64-linux-gnu]

  Some of these libraries may not be found correctly.

[0m
