[0.258s] [34mcolcon[0m [1;30mDEBUG[0m [32mCommand line arguments: ['/usr/bin/colcon', 'build', '--symlink-install', '--packages-select', 'astra_camera'][0m
[0.258s] [34mcolcon[0m [1;30mDEBUG[0m [32mParsed command line arguments: Namespace(log_base=None, log_level=None, verb_name='build', build_base='build', install_base='install', merge_install=False, symlink_install=True, test_result_base=None, continue_on_error=False, executor='parallel', parallel_workers=6, event_handlers=None, ignore_user_meta=False, metas=['./colcon.meta'], base_paths=['.'], packages_ignore=None, packages_ignore_regex=None, paths=None, packages_up_to=None, packages_up_to_regex=None, packages_above=None, packages_above_and_dependencies=None, packages_above_depth=None, packages_select_by_dep=None, packages_skip_by_dep=None, packages_skip_up_to=None, packages_select_build_failed=False, packages_skip_build_finished=False, packages_select_test_failures=False, packages_skip_test_passed=False, packages_select=['astra_camera'], packages_skip=None, packages_select_regex=None, packages_skip_regex=None, packages_start=None, packages_end=None, allow_overriding=[], cmake_args=None, cmake_target=None, cmake_target_skip_unavailable=False, cmake_clean_cache=False, cmake_clean_first=False, cmake_force_configure=False, ament_cmake_args=None, catkin_cmake_args=None, catkin_skip_building_tests=False, mixin_files=None, mixin=None, verb_parser=<colcon_mixin.mixin.mixin_argument.MixinArgumentDecorator object at 0xffff960ed960>, verb_extension=<colcon_core.verb.build.BuildVerb object at 0xffff960ed450>, main=<bound method BuildVerb.main of <colcon_core.verb.build.BuildVerb object at 0xffff960ed450>>, mixin_verb=('build',))[0m
[0.338s] [34mcolcon.colcon_core.package_discovery[0m [1;30mLevel 1[0m discover_packages(colcon_meta) check parameters
[0.339s] [34mcolcon.colcon_core.package_discovery[0m [1;30mLevel 1[0m discover_packages(recursive) check parameters
[0.339s] [34mcolcon.colcon_core.package_discovery[0m [1;30mLevel 1[0m discover_packages(ignore) check parameters
[0.339s] [34mcolcon.colcon_core.package_discovery[0m [1;30mLevel 1[0m discover_packages(path) check parameters
[0.339s] [34mcolcon.colcon_core.package_discovery[0m [1;30mLevel 1[0m discover_packages(colcon_meta) discover
[0.339s] [34mcolcon.colcon_core.package_discovery[0m [1;30mLevel 1[0m discover_packages(recursive) discover
[0.339s] [34mcolcon.colcon_core.package_discovery[0m [1;30mINFO[0m Crawling recursively for packages in '/home/jetson/yahboomcar_ros2_ws/yahboomcar_ws/src/astra_camera/astra_camera/openni2_redist/arm64'
[0.339s] [34mcolcon.colcon_core.package_identification[0m [1;30mLevel 1[0m _identify(.) by extensions ['ignore', 'ignore_ament_install']
[0.340s] [34mcolcon.colcon_core.package_identification[0m [1;30mLevel 1[0m _identify(.) by extension 'ignore'
[0.340s] [34mcolcon.colcon_core.package_identification[0m [1;30mLevel 1[0m _identify(.) by extension 'ignore_ament_install'
[0.340s] [34mcolcon.colcon_core.package_identification[0m [1;30mLevel 1[0m _identify(.) by extensions ['colcon_pkg']
[0.340s] [34mcolcon.colcon_core.package_identification[0m [1;30mLevel 1[0m _identify(.) by extension 'colcon_pkg'
[0.340s] [34mcolcon.colcon_core.package_identification[0m [1;30mLevel 1[0m _identify(.) by extensions ['colcon_meta']
[0.340s] [34mcolcon.colcon_core.package_identification[0m [1;30mLevel 1[0m _identify(.) by extension 'colcon_meta'
[0.340s] [34mcolcon.colcon_core.package_identification[0m [1;30mLevel 1[0m _identify(.) by extensions ['ros']
[0.340s] [34mcolcon.colcon_core.package_identification[0m [1;30mLevel 1[0m _identify(.) by extension 'ros'
[0.368s] [34mcolcon.colcon_core.package_identification[0m [1;30mLevel 1[0m _identify(.) by extensions ['cmake', 'python']
[0.368s] [34mcolcon.colcon_core.package_identification[0m [1;30mLevel 1[0m _identify(.) by extension 'cmake'
[0.369s] [34mcolcon.colcon_core.package_identification[0m [1;30mLevel 1[0m _identify(.) by extension 'python'
[0.369s] [34mcolcon.colcon_core.package_identification[0m [1;30mLevel 1[0m _identify(.) by extensions ['python_setup_py']
[0.369s] [34mcolcon.colcon_core.package_identification[0m [1;30mLevel 1[0m _identify(.) by extension 'python_setup_py'
[0.369s] [34mcolcon.colcon_core.package_identification[0m [1;30mLevel 1[0m _identify(OpenNI2) by extensions ['ignore', 'ignore_ament_install']
[0.369s] [34mcolcon.colcon_core.package_identification[0m [1;30mLevel 1[0m _identify(OpenNI2) by extension 'ignore'
[0.369s] [34mcolcon.colcon_core.package_identification[0m [1;30mLevel 1[0m _identify(OpenNI2) by extension 'ignore_ament_install'
[0.369s] [34mcolcon.colcon_core.package_identification[0m [1;30mLevel 1[0m _identify(OpenNI2) by extensions ['colcon_pkg']
[0.370s] [34mcolcon.colcon_core.package_identification[0m [1;30mLevel 1[0m _identify(OpenNI2) by extension 'colcon_pkg'
[0.370s] [34mcolcon.colcon_core.package_identification[0m [1;30mLevel 1[0m _identify(OpenNI2) by extensions ['colcon_meta']
[0.370s] [34mcolcon.colcon_core.package_identification[0m [1;30mLevel 1[0m _identify(OpenNI2) by extension 'colcon_meta'
[0.370s] [34mcolcon.colcon_core.package_identification[0m [1;30mLevel 1[0m _identify(OpenNI2) by extensions ['ros']
[0.370s] [34mcolcon.colcon_core.package_identification[0m [1;30mLevel 1[0m _identify(OpenNI2) by extension 'ros'
[0.370s] [34mcolcon.colcon_core.package_identification[0m [1;30mLevel 1[0m _identify(OpenNI2) by extensions ['cmake', 'python']
[0.370s] [34mcolcon.colcon_core.package_identification[0m [1;30mLevel 1[0m _identify(OpenNI2) by extension 'cmake'
[0.370s] [34mcolcon.colcon_core.package_identification[0m [1;30mLevel 1[0m _identify(OpenNI2) by extension 'python'
[0.370s] [34mcolcon.colcon_core.package_identification[0m [1;30mLevel 1[0m _identify(OpenNI2) by extensions ['python_setup_py']
[0.370s] [34mcolcon.colcon_core.package_identification[0m [1;30mLevel 1[0m _identify(OpenNI2) by extension 'python_setup_py'
[0.371s] [34mcolcon.colcon_core.package_identification[0m [1;30mLevel 1[0m _identify(OpenNI2/Drivers) by extensions ['ignore', 'ignore_ament_install']
[0.371s] [34mcolcon.colcon_core.package_identification[0m [1;30mLevel 1[0m _identify(OpenNI2/Drivers) by extension 'ignore'
[0.371s] [34mcolcon.colcon_core.package_identification[0m [1;30mLevel 1[0m _identify(OpenNI2/Drivers) by extension 'ignore_ament_install'
[0.371s] [34mcolcon.colcon_core.package_identification[0m [1;30mLevel 1[0m _identify(OpenNI2/Drivers) by extensions ['colcon_pkg']
[0.371s] [34mcolcon.colcon_core.package_identification[0m [1;30mLevel 1[0m _identify(OpenNI2/Drivers) by extension 'colcon_pkg'
[0.371s] [34mcolcon.colcon_core.package_identification[0m [1;30mLevel 1[0m _identify(OpenNI2/Drivers) by extensions ['colcon_meta']
[0.371s] [34mcolcon.colcon_core.package_identification[0m [1;30mLevel 1[0m _identify(OpenNI2/Drivers) by extension 'colcon_meta'
[0.371s] [34mcolcon.colcon_core.package_identification[0m [1;30mLevel 1[0m _identify(OpenNI2/Drivers) by extensions ['ros']
[0.371s] [34mcolcon.colcon_core.package_identification[0m [1;30mLevel 1[0m _identify(OpenNI2/Drivers) by extension 'ros'
[0.371s] [34mcolcon.colcon_core.package_identification[0m [1;30mLevel 1[0m _identify(OpenNI2/Drivers) by extensions ['cmake', 'python']
[0.371s] [34mcolcon.colcon_core.package_identification[0m [1;30mLevel 1[0m _identify(OpenNI2/Drivers) by extension 'cmake'
[0.372s] [34mcolcon.colcon_core.package_identification[0m [1;30mLevel 1[0m _identify(OpenNI2/Drivers) by extension 'python'
[0.372s] [34mcolcon.colcon_core.package_identification[0m [1;30mLevel 1[0m _identify(OpenNI2/Drivers) by extensions ['python_setup_py']
[0.372s] [34mcolcon.colcon_core.package_identification[0m [1;30mLevel 1[0m _identify(OpenNI2/Drivers) by extension 'python_setup_py'
[0.372s] [34mcolcon.colcon_core.package_identification[0m [1;30mLevel 1[0m _identify(build) by extensions ['ignore', 'ignore_ament_install']
[0.372s] [34mcolcon.colcon_core.package_identification[0m [1;30mLevel 1[0m _identify(build) by extension 'ignore'
[0.372s] [34mcolcon.colcon_core.package_identification[0m [1;30mLevel 1[0m _identify(build) ignored
[0.372s] [34mcolcon.colcon_core.package_identification[0m [1;30mLevel 1[0m _identify(install) by extensions ['ignore', 'ignore_ament_install']
[0.373s] [34mcolcon.colcon_core.package_identification[0m [1;30mLevel 1[0m _identify(install) by extension 'ignore'
[0.373s] [34mcolcon.colcon_core.package_identification[0m [1;30mLevel 1[0m _identify(install) ignored
[0.373s] [34mcolcon.colcon_core.package_identification[0m [1;30mLevel 1[0m _identify(log) by extensions ['ignore', 'ignore_ament_install']
[0.373s] [34mcolcon.colcon_core.package_identification[0m [1;30mLevel 1[0m _identify(log) by extension 'ignore'
[0.373s] [34mcolcon.colcon_core.package_identification[0m [1;30mLevel 1[0m _identify(log) ignored
[0.373s] [34mcolcon.colcon_core.package_discovery[0m [1;30mLevel 1[0m discover_packages(recursive) using defaults
[0.373s] [34mcolcon.colcon_core.package_discovery[0m [1;30mLevel 1[0m discover_packages(ignore) discover
[0.373s] [34mcolcon.colcon_core.package_discovery[0m [1;30mLevel 1[0m discover_packages(ignore) using defaults
[0.373s] [34mcolcon.colcon_core.package_discovery[0m [1;30mLevel 1[0m discover_packages(path) discover
[0.373s] [34mcolcon.colcon_core.package_discovery[0m [1;30mLevel 1[0m discover_packages(path) using defaults
[0.374s] [34mcolcon.colcon_core.package_selection[0m [1;30mWARNING[0m [33mignoring unknown package 'astra_camera' in --packages-select[0m
[0.403s] [34mcolcon.colcon_core.package_discovery[0m [1;30mLevel 1[0m discover_packages(prefix_path) check parameters
[0.403s] [34mcolcon.colcon_core.package_discovery[0m [1;30mLevel 1[0m discover_packages(prefix_path) discover
[0.405s] [34mcolcon.colcon_ros.prefix_path.ament[0m [1;30mWARNING[0m [33mThe path '/home/jetson/yahboomcar_ros2_ws/software/library_ws/install/orbbec_camera' in the environment variable AMENT_PREFIX_PATH doesn't exist[0m
[0.405s] [34mcolcon.colcon_ros.prefix_path.ament[0m [1;30mWARNING[0m [33mThe path '/home/jetson/yahboomcar_ros2_ws/software/library_ws/install/orbbec_camera_msgs' in the environment variable AMENT_PREFIX_PATH doesn't exist[0m
[0.406s] [34mcolcon.colcon_ros.prefix_path.ament[0m [1;30mWARNING[0m [33mThe path '/home/jetson/yahboomcar_ros2_ws/yahboomcar_ws/install/yahboomcar_voice_ctrl' in the environment variable AMENT_PREFIX_PATH doesn't exist[0m
[0.406s] [34mcolcon.colcon_ros.prefix_path.ament[0m [1;30mWARNING[0m [33mThe path '/home/jetson/yahboomcar_ros2_ws/yahboomcar_ws/install/yahboomcar_visual' in the environment variable AMENT_PREFIX_PATH doesn't exist[0m
[0.406s] [34mcolcon.colcon_ros.prefix_path.ament[0m [1;30mWARNING[0m [33mThe path '/home/jetson/yahboomcar_ros2_ws/yahboomcar_ws/install/yahboomcar_slam' in the environment variable AMENT_PREFIX_PATH doesn't exist[0m
[0.406s] [34mcolcon.colcon_ros.prefix_path.ament[0m [1;30mWARNING[0m [33mThe path '/home/jetson/yahboomcar_ros2_ws/yahboomcar_ws/install/yahboomcar_rviz' in the environment variable AMENT_PREFIX_PATH doesn't exist[0m
[0.407s] [34mcolcon.colcon_ros.prefix_path.ament[0m [1;30mWARNING[0m [33mThe path '/home/jetson/yahboomcar_ros2_ws/yahboomcar_ws/install/yahboomcar_point' in the environment variable AMENT_PREFIX_PATH doesn't exist[0m
[0.407s] [34mcolcon.colcon_ros.prefix_path.ament[0m [1;30mWARNING[0m [33mThe path '/home/jetson/yahboomcar_ros2_ws/yahboomcar_ws/install/yahboomcar_nav' in the environment variable AMENT_PREFIX_PATH doesn't exist[0m
[0.407s] [34mcolcon.colcon_ros.prefix_path.ament[0m [1;30mWARNING[0m [33mThe path '/home/jetson/yahboomcar_ros2_ws/yahboomcar_ws/install/yahboomcar_multi' in the environment variable AMENT_PREFIX_PATH doesn't exist[0m
[0.407s] [34mcolcon.colcon_ros.prefix_path.ament[0m [1;30mWARNING[0m [33mThe path '/home/jetson/yahboomcar_ros2_ws/yahboomcar_ws/install/yahboomcar_msgs' in the environment variable AMENT_PREFIX_PATH doesn't exist[0m
[0.407s] [34mcolcon.colcon_ros.prefix_path.ament[0m [1;30mWARNING[0m [33mThe path '/home/jetson/yahboomcar_ros2_ws/yahboomcar_ws/install/yahboomcar_mediapipe' in the environment variable AMENT_PREFIX_PATH doesn't exist[0m
[0.407s] [34mcolcon.colcon_ros.prefix_path.ament[0m [1;30mWARNING[0m [33mThe path '/home/jetson/yahboomcar_ros2_ws/yahboomcar_ws/install/yahboomcar_linefollow' in the environment variable AMENT_PREFIX_PATH doesn't exist[0m
[0.407s] [34mcolcon.colcon_ros.prefix_path.ament[0m [1;30mWARNING[0m [33mThe path '/home/jetson/yahboomcar_ros2_ws/yahboomcar_ws/install/yahboomcar_laser' in the environment variable AMENT_PREFIX_PATH doesn't exist[0m
[0.407s] [34mcolcon.colcon_ros.prefix_path.ament[0m [1;30mWARNING[0m [33mThe path '/home/jetson/yahboomcar_ros2_ws/yahboomcar_ws/install/yahboomcar_description_x1' in the environment variable AMENT_PREFIX_PATH doesn't exist[0m
[0.407s] [34mcolcon.colcon_ros.prefix_path.ament[0m [1;30mWARNING[0m [33mThe path '/home/jetson/yahboomcar_ros2_ws/yahboomcar_ws/install/yahboomcar_description' in the environment variable AMENT_PREFIX_PATH doesn't exist[0m
[0.408s] [34mcolcon.colcon_ros.prefix_path.ament[0m [1;30mWARNING[0m [33mThe path '/home/jetson/yahboomcar_ros2_ws/yahboomcar_ws/install/yahboomcar_ctrl' in the environment variable AMENT_PREFIX_PATH doesn't exist[0m
[0.408s] [34mcolcon.colcon_ros.prefix_path.ament[0m [1;30mWARNING[0m [33mThe path '/home/jetson/yahboomcar_ros2_ws/yahboomcar_ws/install/yahboomcar_bringup' in the environment variable AMENT_PREFIX_PATH doesn't exist[0m
[0.408s] [34mcolcon.colcon_ros.prefix_path.ament[0m [1;30mWARNING[0m [33mThe path '/home/jetson/yahboomcar_ros2_ws/yahboomcar_ws/install/yahboomcar_base_node' in the environment variable AMENT_PREFIX_PATH doesn't exist[0m
[0.408s] [34mcolcon.colcon_ros.prefix_path.ament[0m [1;30mWARNING[0m [33mThe path '/home/jetson/yahboomcar_ros2_ws/yahboomcar_ws/install/yahboomcar_astra' in the environment variable AMENT_PREFIX_PATH doesn't exist[0m
[0.408s] [34mcolcon.colcon_ros.prefix_path.ament[0m [1;30mWARNING[0m [33mThe path '/home/jetson/yahboomcar_ros2_ws/yahboomcar_ws/install/yahboomcar_KCFTracker' in the environment variable AMENT_PREFIX_PATH doesn't exist[0m
[0.408s] [34mcolcon.colcon_ros.prefix_path.ament[0m [1;30mWARNING[0m [33mThe path '/home/jetson/yahboomcar_ros2_ws/yahboomcar_ws/install/yahboom_web_savmap_interfaces' in the environment variable AMENT_PREFIX_PATH doesn't exist[0m
[0.408s] [34mcolcon.colcon_ros.prefix_path.ament[0m [1;30mWARNING[0m [33mThe path '/home/jetson/yahboomcar_ros2_ws/yahboomcar_ws/install/yahboom_app_save_map' in the environment variable AMENT_PREFIX_PATH doesn't exist[0m
[0.408s] [34mcolcon.colcon_ros.prefix_path.ament[0m [1;30mWARNING[0m [33mThe path '/home/jetson/yahboomcar_ros2_ws/yahboomcar_ws/install/robot_pose_publisher_ros2' in the environment variable AMENT_PREFIX_PATH doesn't exist[0m
[0.408s] [34mcolcon.colcon_ros.prefix_path.ament[0m [1;30mWARNING[0m [33mThe path '/home/jetson/yahboomcar_ros2_ws/yahboomcar_ws/install/laserscan_to_point_pulisher' in the environment variable AMENT_PREFIX_PATH doesn't exist[0m
[0.409s] [34mcolcon.colcon_ros.prefix_path.catkin[0m [1;30mWARNING[0m [33mThe path '/home/jetson/yahboomcar_ros2_ws/software/library_ws/install/orbbec_camera' in the environment variable CMAKE_PREFIX_PATH doesn't exist[0m
[0.409s] [34mcolcon.colcon_ros.prefix_path.catkin[0m [1;30mWARNING[0m [33mThe path '/home/jetson/yahboomcar_ros2_ws/software/library_ws/install/orbbec_camera_msgs' in the environment variable CMAKE_PREFIX_PATH doesn't exist[0m
[0.409s] [34mcolcon.colcon_ros.prefix_path.catkin[0m [1;30mWARNING[0m [33mThe path '/home/jetson/yahboomcar_ros2_ws/yahboomcar_ws/install/yahboomcar_slam' in the environment variable CMAKE_PREFIX_PATH doesn't exist[0m
[0.409s] [34mcolcon.colcon_ros.prefix_path.catkin[0m [1;30mWARNING[0m [33mThe path '/home/jetson/yahboomcar_ros2_ws/yahboomcar_ws/install/yahboomcar_point' in the environment variable CMAKE_PREFIX_PATH doesn't exist[0m
[0.409s] [34mcolcon.colcon_ros.prefix_path.catkin[0m [1;30mWARNING[0m [33mThe path '/home/jetson/yahboomcar_ros2_ws/yahboomcar_ws/install/yahboomcar_msgs' in the environment variable CMAKE_PREFIX_PATH doesn't exist[0m
[0.409s] [34mcolcon.colcon_ros.prefix_path.catkin[0m [1;30mWARNING[0m [33mThe path '/home/jetson/yahboomcar_ros2_ws/yahboomcar_ws/install/yahboomcar_base_node' in the environment variable CMAKE_PREFIX_PATH doesn't exist[0m
[0.409s] [34mcolcon.colcon_ros.prefix_path.catkin[0m [1;30mWARNING[0m [33mThe path '/home/jetson/yahboomcar_ros2_ws/yahboomcar_ws/install/yahboomcar_KCFTracker' in the environment variable CMAKE_PREFIX_PATH doesn't exist[0m
[0.409s] [34mcolcon.colcon_ros.prefix_path.catkin[0m [1;30mWARNING[0m [33mThe path '/home/jetson/yahboomcar_ros2_ws/yahboomcar_ws/install/yahboom_web_savmap_interfaces' in the environment variable CMAKE_PREFIX_PATH doesn't exist[0m
[0.410s] [34mcolcon.colcon_ros.prefix_path.catkin[0m [1;30mWARNING[0m [33mThe path '/home/jetson/yahboomcar_ros2_ws/yahboomcar_ws/install/robot_pose_publisher_ros2' in the environment variable CMAKE_PREFIX_PATH doesn't exist[0m
[0.411s] [34mcolcon.colcon_installed_package_information.package_discovery[0m [1;30mDEBUG[0m [32mFound 2 installed packages in /home/jetson/yahboomcar_ros2_ws/yahboomcar_ws/install[0m
[0.412s] [34mcolcon.colcon_installed_package_information.package_discovery[0m [1;30mDEBUG[0m [32mFound 12 installed packages in /home/jetson/yahboomcar_ros2_ws/software/library_ws/install[0m
[0.415s] [34mcolcon.colcon_installed_package_information.package_discovery[0m [1;30mDEBUG[0m [32mFound 380 installed packages in /opt/ros/humble[0m
[0.418s] [34mcolcon.colcon_core.package_discovery[0m [1;30mLevel 1[0m discover_packages(prefix_path) using defaults
[0.504s] [34mcolcon.colcon_core.executor[0m [1;30mINFO[0m Executing jobs using 'parallel' executor
[0.506s] [34mcolcon.colcon_parallel_executor.executor.parallel[0m [1;30mDEBUG[0m [32mrun_until_complete[0m
[0.507s] [34mcolcon.colcon_parallel_executor.executor.parallel[0m [1;30mDEBUG[0m [32mclosing loop[0m
[0.507s] [34mcolcon.colcon_parallel_executor.executor.parallel[0m [1;30mDEBUG[0m [32mloop closed[0m
[0.507s] [34mcolcon.colcon_parallel_executor.executor.parallel[0m [1;30mDEBUG[0m [32mrun_until_complete finished with '0'[0m
[0.507s] [34mcolcon.colcon_core.event_reactor[0m [1;30mDEBUG[0m [32mjoining thread[0m
[0.544s] [34mcolcon.colcon_core.plugin_system[0m [1;30mINFO[0m Skipping extension 'colcon_notification.desktop_notification.terminal_notifier': Not used on non-Darwin systems
[0.545s] [34mcolcon.colcon_core.plugin_system[0m [1;30mINFO[0m Skipping extension 'colcon_notification.desktop_notification.win32': Not used on non-Windows systems
[0.545s] [34mcolcon.colcon_notification.desktop_notification[0m [1;30mINFO[0m Sending desktop notification using 'notify2'
[0.582s] [34mcolcon.colcon_core.event_reactor[0m [1;30mDEBUG[0m [32mjoined thread[0m
[0.587s] [34mcolcon.colcon_core.plugin_system[0m [1;30mINFO[0m Skipping extension 'colcon_core.shell.bat': Not used on non-Windows systems
[0.587s] [34mcolcon.colcon_core.shell[0m [1;30mINFO[0m Creating prefix script '/home/jetson/yahboomcar_ros2_ws/yahboomcar_ws/src/astra_camera/astra_camera/openni2_redist/arm64/install/local_setup.ps1'
[0.590s] [34mcolcon.colcon_core.shell[0m [1;30mINFO[0m Creating prefix util module '/home/jetson/yahboomcar_ros2_ws/yahboomcar_ws/src/astra_camera/astra_camera/openni2_redist/arm64/install/_local_setup_util_ps1.py'
[0.592s] [34mcolcon.colcon_core.shell[0m [1;30mINFO[0m Creating prefix chain script '/home/jetson/yahboomcar_ros2_ws/yahboomcar_ws/src/astra_camera/astra_camera/openni2_redist/arm64/install/setup.ps1'
[0.598s] [34mcolcon.colcon_core.shell[0m [1;30mINFO[0m Creating prefix script '/home/jetson/yahboomcar_ros2_ws/yahboomcar_ws/src/astra_camera/astra_camera/openni2_redist/arm64/install/local_setup.sh'
[0.599s] [34mcolcon.colcon_core.shell[0m [1;30mINFO[0m Creating prefix util module '/home/jetson/yahboomcar_ros2_ws/yahboomcar_ws/src/astra_camera/astra_camera/openni2_redist/arm64/install/_local_setup_util_sh.py'
[0.600s] [34mcolcon.colcon_core.shell[0m [1;30mINFO[0m Creating prefix chain script '/home/jetson/yahboomcar_ros2_ws/yahboomcar_ws/src/astra_camera/astra_camera/openni2_redist/arm64/install/setup.sh'
[0.603s] [34mcolcon.colcon_core.shell[0m [1;30mINFO[0m Creating prefix script '/home/jetson/yahboomcar_ros2_ws/yahboomcar_ws/src/astra_camera/astra_camera/openni2_redist/arm64/install/local_setup.bash'
[0.604s] [34mcolcon.colcon_core.shell[0m [1;30mINFO[0m Creating prefix chain script '/home/jetson/yahboomcar_ros2_ws/yahboomcar_ws/src/astra_camera/astra_camera/openni2_redist/arm64/install/setup.bash'
[0.607s] [34mcolcon.colcon_core.shell[0m [1;30mINFO[0m Creating prefix script '/home/jetson/yahboomcar_ros2_ws/yahboomcar_ws/src/astra_camera/astra_camera/openni2_redist/arm64/install/local_setup.zsh'
[0.607s] [34mcolcon.colcon_core.shell[0m [1;30mINFO[0m Creating prefix chain script '/home/jetson/yahboomcar_ros2_ws/yahboomcar_ws/src/astra_camera/astra_camera/openni2_redist/arm64/install/setup.zsh'
