[35m[1mConsolidate compiler generated dependencies of target KCFTracker_node[0m
[  0%] Built target astra_camera_msgs__cpp
[ 10%] Built target astra_camera_msgs__rosidl_generator_c
[ 10%] [32mBuilding CXX object CMakeFiles/KCFTracker_node.dir/src/KCF_Tracker_main.cpp.o[0m
[ 10%] Built target ament_cmake_python_copy_astra_camera_msgs
[ 20%] Built target astra_camera_msgs__rosidl_typesupport_introspection_cpp
[ 30%] Built target astra_camera_msgs__rosidl_typesupport_introspection_c
[ 39%] Built target astra_camera_msgs__rosidl_typesupport_fastrtps_cpp
[ 40%] [32mBuilding CXX object CMakeFiles/KCFTracker_node.dir/src/KCF_Tracker.cpp.o[0m
[ 50%] Built target astra_camera_msgs__rosidl_typesupport_cpp
[ 60%] Built target astra_camera_msgs__rosidl_typesupport_c
[ 69%] Built target astra_camera_msgs__rosidl_typesupport_fastrtps_c
[ 69%] Built target astra_camera_msgs
[ 81%] Built target yahboomcar_astra_driver
[ 83%] Built target astra_camera_msgs__py
[ 84%] Built target astra_camera_node
[ 92%] Built target astra_camera_msgs__rosidl_generator_py
[ 93%] Built target astra_camera_msgs__rosidl_typesupport_introspection_c__pyext
[ 95%] Built target astra_camera_msgs__rosidl_typesupport_fastrtps_c__pyext
[ 96%] Built target astra_camera_msgs__rosidl_typesupport_c__pyext
running egg_info
writing astra_camera_msgs.egg-info/PKG-INFO
writing dependency_links to astra_camera_msgs.egg-info/dependency_links.txt
writing top-level names to astra_camera_msgs.egg-info/top_level.txt
reading manifest file 'astra_camera_msgs.egg-info/SOURCES.txt'
writing manifest file 'astra_camera_msgs.egg-info/SOURCES.txt'
[ 96%] Built target ament_cmake_python_build_astra_camera_msgs_egg
