[0.046s] Invoking command in '/home/jetson/yahboomcar_ws/build/yahboomcar_astra': AMENT_PREFIX_PATH=/home/jetson/yahboomcar_ws/install/yahboomcar_ctrl:/home/jetson/yahboomcar_ws/install/yahboomcar_bringup:/home/jetson/yahboomcar_ws/install/yahboomcar_msgs:/home/jetson/yahboomcar_ws/install/yahboomcar_description:${AMENT_PREFIX_PATH} CMAKE_PREFIX_PATH=/home/jetson/yahboomcar_ws/install/yahboomcar_ctrl:/home/jetson/yahboomcar_ws/install/yahboomcar_bringup:/home/jetson/yahboomcar_ws/install/yahboomcar_msgs:/home/jetson/yahboomcar_ws/install/yahboomcar_description:/home/jetson/yahboomcar_ros2_ws/software/library_ws/install/ydlidar_ros2_driver:/home/jetson/yahboomcar_ros2_ws/software/library_ws/install/web_video_server:/home/jetson/yahboomcar_ros2_ws/software/library_ws/install/teb_local_planner:/home/jetson/yahboomcar_ros2_ws/software/library_ws/install/teb_msgs:/home/jetson/yahboomcar_ros2_ws/software/library_ws/install/sllidar_ros2:/home/jetson/yahboomcar_ros2_ws/software/library_ws/install/slam_gmapping:/home/jetson/yahboomcar_ros2_ws/software/library_ws/install/robot_localization:/home/jetson/yahboomcar_ros2_ws/software/library_ws/install/openslam_gmapping:/home/jetson/yahboomcar_ros2_ws/software/library_ws/install/costmap_converter:/home/jetson/yahboomcar_ros2_ws/software/library_ws/install/costmap_converter_msgs:/home/jetson/yahboomcar_ros2_ws/software/library_ws/install/astra_camera:/home/jetson/yahboomcar_ros2_ws/software/library_ws/install/astra_camera_msgs:/opt/ros/humble LD_LIBRARY_PATH=/home/jetson/yahboomcar_ws/install/yahboomcar_msgs/lib:/usr/local/lib:/usr/local/cuda-12.6/lib64:/home/jetson/yahboomcar_ros2_ws/software/library_ws/install/teb_local_planner/lib:/home/jetson/yahboomcar_ros2_ws/software/library_ws/install/teb_msgs/lib:/home/jetson/yahboomcar_ros2_ws/software/library_ws/install/robot_localization/lib:/home/jetson/yahboomcar_ros2_ws/software/library_ws/install/openslam_gmapping/lib:/home/jetson/yahboomcar_ros2_ws/software/library_ws/install/costmap_converter/lib:/home/jetson/yahboomcar_ros2_ws/software/library_ws/install/costmap_converter_msgs/lib:/home/jetson/yahboomcar_ros2_ws/software/library_ws/install/astra_camera/lib:/home/jetson/yahboomcar_ros2_ws/software/library_ws/install/astra_camera_msgs/lib:/opt/ros/humble/opt/rviz_ogre_vendor/lib:/opt/ros/humble/lib/aarch64-linux-gnu:/opt/ros/humble/lib:/usr/local/lib:/usr/local/cuda-12.6/lib64 PYTHONPATH=/home/jetson/yahboomcar_ws/install/yahboomcar_msgs/local/lib/python3.10/dist-packages:${PYTHONPATH} /usr/bin/cmake --build /home/jetson/yahboomcar_ws/build/yahboomcar_astra -- -j6 -l6
[0.162s] [35m[1mConsolidate compiler generated dependencies of target KCFTracker_node[0m
[0.174s] [  0%] Built target astra_camera_msgs__cpp
[0.203s] [ 10%] Built target astra_camera_msgs__rosidl_generator_c
[0.265s] [ 10%] [32mBuilding CXX object CMakeFiles/KCFTracker_node.dir/src/KCF_Tracker_main.cpp.o[0m
[0.276s] [ 10%] Built target ament_cmake_python_copy_astra_camera_msgs
[0.290s] [ 20%] Built target astra_camera_msgs__rosidl_typesupport_introspection_cpp
[0.316s] [ 30%] Built target astra_camera_msgs__rosidl_typesupport_introspection_c
[0.322s] [ 39%] Built target astra_camera_msgs__rosidl_typesupport_fastrtps_cpp
[0.330s] [ 40%] [32mBuilding CXX object CMakeFiles/KCFTracker_node.dir/src/KCF_Tracker.cpp.o[0m
[0.334s] [ 50%] Built target astra_camera_msgs__rosidl_typesupport_cpp
[0.454s] [ 60%] Built target astra_camera_msgs__rosidl_typesupport_c
[0.469s] [ 69%] Built target astra_camera_msgs__rosidl_typesupport_fastrtps_c
[0.589s] [ 69%] Built target astra_camera_msgs
[0.604s] [ 81%] Built target yahboomcar_astra_driver
[0.711s] [ 83%] Built target astra_camera_msgs__py
[0.712s] [ 84%] Built target astra_camera_node
[0.796s] [ 92%] Built target astra_camera_msgs__rosidl_generator_py
[0.886s] [ 93%] Built target astra_camera_msgs__rosidl_typesupport_introspection_c__pyext
[0.918s] [ 95%] Built target astra_camera_msgs__rosidl_typesupport_fastrtps_c__pyext
[0.924s] [ 96%] Built target astra_camera_msgs__rosidl_typesupport_c__pyext
[1.009s] running egg_info
[1.063s] writing astra_camera_msgs.egg-info/PKG-INFO
[1.064s] writing dependency_links to astra_camera_msgs.egg-info/dependency_links.txt
[1.064s] writing top-level names to astra_camera_msgs.egg-info/top_level.txt
[1.225s] reading manifest file 'astra_camera_msgs.egg-info/SOURCES.txt'
[1.228s] writing manifest file 'astra_camera_msgs.egg-info/SOURCES.txt'
[1.327s] [ 96%] Built target ament_cmake_python_build_astra_camera_msgs_egg
[1.336s] In file included from [01m[K/home/jetson/yahboomcar_ws/src/yahboomcar_astra/src/KCF_Tracker.cpp:5[m[K:
[1.336s] [01m[K/home/jetson/yahboomcar_ws/src/yahboomcar_astra/include/yahboomcar_astra/KCF_Tracker.h:21:10:[m[K [01;31m[Kfatal error: [m[Kstd_srvs/srv/set_bool.hpp: No such file or directory
[1.336s]    21 | #include [01;31m[K<std_srvs/srv/set_bool.hpp>[m[K
[1.336s]       |          [01;31m[K^~~~~~~~~~~~~~~~~~~~~~~~~~~[m[K
[1.336s] compilation terminated.
[1.344s] gmake[2]: *** [CMakeFiles/KCFTracker_node.dir/build.make:90: CMakeFiles/KCFTracker_node.dir/src/KCF_Tracker.cpp.o] Error 1
[1.345s] gmake[2]: *** Waiting for unfinished jobs....
[1.362s] In file included from [01m[K/home/jetson/yahboomcar_ws/src/yahboomcar_astra/src/KCF_Tracker_main.cpp:3[m[K:
[1.362s] [01m[K/home/jetson/yahboomcar_ws/src/yahboomcar_astra/include/yahboomcar_astra/KCF_Tracker.h:21:10:[m[K [01;31m[Kfatal error: [m[Kstd_srvs/srv/set_bool.hpp: No such file or directory
[1.362s]    21 | #include [01;31m[K<std_srvs/srv/set_bool.hpp>[m[K
[1.362s]       |          [01;31m[K^~~~~~~~~~~~~~~~~~~~~~~~~~~[m[K
[1.363s] compilation terminated.
[1.371s] gmake[2]: *** [CMakeFiles/KCFTracker_node.dir/build.make:76: CMakeFiles/KCFTracker_node.dir/src/KCF_Tracker_main.cpp.o] Error 1
[1.371s] gmake[1]: *** [CMakeFiles/Makefile2:235: CMakeFiles/KCFTracker_node.dir/all] Error 2
[1.372s] gmake: *** [Makefile:146: all] Error 2
[1.379s] Invoked command in '/home/jetson/yahboomcar_ws/build/yahboomcar_astra' returned '2': AMENT_PREFIX_PATH=/home/jetson/yahboomcar_ws/install/yahboomcar_ctrl:/home/jetson/yahboomcar_ws/install/yahboomcar_bringup:/home/jetson/yahboomcar_ws/install/yahboomcar_msgs:/home/jetson/yahboomcar_ws/install/yahboomcar_description:${AMENT_PREFIX_PATH} CMAKE_PREFIX_PATH=/home/jetson/yahboomcar_ws/install/yahboomcar_ctrl:/home/jetson/yahboomcar_ws/install/yahboomcar_bringup:/home/jetson/yahboomcar_ws/install/yahboomcar_msgs:/home/jetson/yahboomcar_ws/install/yahboomcar_description:/home/jetson/yahboomcar_ros2_ws/software/library_ws/install/ydlidar_ros2_driver:/home/jetson/yahboomcar_ros2_ws/software/library_ws/install/web_video_server:/home/jetson/yahboomcar_ros2_ws/software/library_ws/install/teb_local_planner:/home/jetson/yahboomcar_ros2_ws/software/library_ws/install/teb_msgs:/home/jetson/yahboomcar_ros2_ws/software/library_ws/install/sllidar_ros2:/home/jetson/yahboomcar_ros2_ws/software/library_ws/install/slam_gmapping:/home/jetson/yahboomcar_ros2_ws/software/library_ws/install/robot_localization:/home/jetson/yahboomcar_ros2_ws/software/library_ws/install/openslam_gmapping:/home/jetson/yahboomcar_ros2_ws/software/library_ws/install/costmap_converter:/home/jetson/yahboomcar_ros2_ws/software/library_ws/install/costmap_converter_msgs:/home/jetson/yahboomcar_ros2_ws/software/library_ws/install/astra_camera:/home/jetson/yahboomcar_ros2_ws/software/library_ws/install/astra_camera_msgs:/opt/ros/humble LD_LIBRARY_PATH=/home/jetson/yahboomcar_ws/install/yahboomcar_msgs/lib:/usr/local/lib:/usr/local/cuda-12.6/lib64:/home/jetson/yahboomcar_ros2_ws/software/library_ws/install/teb_local_planner/lib:/home/jetson/yahboomcar_ros2_ws/software/library_ws/install/teb_msgs/lib:/home/jetson/yahboomcar_ros2_ws/software/library_ws/install/robot_localization/lib:/home/jetson/yahboomcar_ros2_ws/software/library_ws/install/openslam_gmapping/lib:/home/jetson/yahboomcar_ros2_ws/software/library_ws/install/costmap_converter/lib:/home/jetson/yahboomcar_ros2_ws/software/library_ws/install/costmap_converter_msgs/lib:/home/jetson/yahboomcar_ros2_ws/software/library_ws/install/astra_camera/lib:/home/jetson/yahboomcar_ros2_ws/software/library_ws/install/astra_camera_msgs/lib:/opt/ros/humble/opt/rviz_ogre_vendor/lib:/opt/ros/humble/lib/aarch64-linux-gnu:/opt/ros/humble/lib:/usr/local/lib:/usr/local/cuda-12.6/lib64 PYTHONPATH=/home/jetson/yahboomcar_ws/install/yahboomcar_msgs/local/lib/python3.10/dist-packages:${PYTHONPATH} /usr/bin/cmake --build /home/jetson/yahboomcar_ws/build/yahboomcar_astra -- -j6 -l6
