[100%] Built target base_node
-- Install configuration: ""
-- Up-to-date: /home/jetson/yahboomcar_ws/install/yahboomcar_bringup/lib/yahboomcar_bringup/base_node
-- Installing: /home/jetson/yahboomcar_ws/install/yahboomcar_bringup/lib/yahboomcar_bringup/Mcnamu_X3plus.py
-- Installing: /home/jetson/yahboomcar_ws/install/yahboomcar_bringup/lib/yahboomcar_bringup/Mcnamu_driver.py
-- Up-to-date: /home/jetson/yahboomcar_ws/install/yahboomcar_bringup/lib/yahboomcar_bringup/calibrate_angular.py
-- Up-to-date: /home/jetson/yahboomcar_ws/install/yahboomcar_bringup/lib/yahboomcar_bringup/calibrate_linear.py
-- Up-to-date: /home/jetson/yahboomcar_ws/install/yahboomcar_bringup/lib/yahboomcar_bringup/patrol.py
-- Up-to-date: /home/jetson/yahboomcar_ws/install/yahboomcar_bringup/lib/yahboomcar_bringup/transform_utils.py
-- Up-to-date: /home/jetson/yahboomcar_ws/install/yahboomcar_bringup/share/yahboomcar_bringup/launch
-- Up-to-date: /home/jetson/yahboomcar_ws/install/yahboomcar_bringup/share/yahboomcar_bringup/launch/yahboomcar_model.launch.py
-- Up-to-date: /home/jetson/yahboomcar_ws/install/yahboomcar_bringup/share/yahboomcar_bringup/launch/view_odom.launch.py
-- Up-to-date: /home/jetson/yahboomcar_ws/install/yahboomcar_bringup/share/yahboomcar_bringup/launch/bringup.launch.py
-- Up-to-date: /home/jetson/yahboomcar_ws/install/yahboomcar_bringup/share/yahboomcar_bringup/launch/calibrate_angular.launch.py
-- Up-to-date: /home/jetson/yahboomcar_ws/install/yahboomcar_bringup/share/yahboomcar_bringup/launch/patrol.launch.py
-- Up-to-date: /home/jetson/yahboomcar_ws/install/yahboomcar_bringup/share/yahboomcar_bringup/launch/yahboomcar.launch.py
-- Up-to-date: /home/jetson/yahboomcar_ws/install/yahboomcar_bringup/share/yahboomcar_bringup/launch/test_imu.launch.py
-- Up-to-date: /home/jetson/yahboomcar_ws/install/yahboomcar_bringup/share/yahboomcar_bringup/launch/calibrate_linear.launch.py
-- Up-to-date: /home/jetson/yahboomcar_ws/install/yahboomcar_bringup/share/yahboomcar_bringup/launch/calibrate_imu.launch.py
-- Up-to-date: /home/jetson/yahboomcar_ws/install/yahboomcar_bringup/share/yahboomcar_bringup/launch/bringup_calib.launch.py
-- Up-to-date: /home/jetson/yahboomcar_ws/install/yahboomcar_bringup/share/yahboomcar_bringup/launch/.ipynb_checkpoints
-- Up-to-date: /home/jetson/yahboomcar_ws/install/yahboomcar_bringup/share/yahboomcar_bringup/launch/.ipynb_checkpoints/bringup-checkpoint.launch
-- Up-to-date: /home/jetson/yahboomcar_ws/install/yahboomcar_bringup/share/yahboomcar_bringup/launch/.ipynb_checkpoints/bringup_calib-checkpoint.launch
-- Up-to-date: /home/jetson/yahboomcar_ws/install/yahboomcar_bringup/share/yahboomcar_bringup/launch/.ipynb_checkpoints/test_imu-checkpoint.launch
-- Up-to-date: /home/jetson/yahboomcar_ws/install/yahboomcar_bringup/share/yahboomcar_bringup/launch/.ipynb_checkpoints/yahboomcar-checkpoint.launch
-- Up-to-date: /home/jetson/yahboomcar_ws/install/yahboomcar_bringup/share/yahboomcar_bringup/launch/.ipynb_checkpoints/patrol-checkpoint.launch
-- Up-to-date: /home/jetson/yahboomcar_ws/install/yahboomcar_bringup/share/yahboomcar_bringup/config
-- Up-to-date: /home/jetson/yahboomcar_ws/install/yahboomcar_bringup/share/yahboomcar_bringup/config/pid_params.yaml
-- Up-to-date: /home/jetson/yahboomcar_ws/install/yahboomcar_bringup/share/yahboomcar_bringup/config/patrol_params.yaml
-- Up-to-date: /home/jetson/yahboomcar_ws/install/yahboomcar_bringup/share/yahboomcar_bringup/config/calibrate_angular_params.yaml
-- Up-to-date: /home/jetson/yahboomcar_ws/install/yahboomcar_bringup/share/yahboomcar_bringup/config/calibrate_linear_params.yaml
-- Up-to-date: /home/jetson/yahboomcar_ws/install/yahboomcar_bringup/share/yahboomcar_bringup/param
-- Up-to-date: /home/jetson/yahboomcar_ws/install/yahboomcar_bringup/share/yahboomcar_bringup/param/imu_calib.yaml
-- Up-to-date: /home/jetson/yahboomcar_ws/install/yahboomcar_bringup/share/yahboomcar_bringup/param/robot_localization.yaml
-- Up-to-date: /home/jetson/yahboomcar_ws/install/yahboomcar_bringup/share/yahboomcar_bringup/rviz
-- Up-to-date: /home/jetson/yahboomcar_ws/install/yahboomcar_bringup/share/yahboomcar_bringup/rviz/odom.rviz
-- Up-to-date: /home/jetson/yahboomcar_ws/install/yahboomcar_bringup/share/yahboomcar_bringup/rviz/test_imu.rviz
-- Up-to-date: /home/jetson/yahboomcar_ws/install/yahboomcar_bringup/share/ament_index/resource_index/package_run_dependencies/yahboomcar_bringup
-- Up-to-date: /home/jetson/yahboomcar_ws/install/yahboomcar_bringup/share/ament_index/resource_index/parent_prefix_path/yahboomcar_bringup
-- Up-to-date: /home/jetson/yahboomcar_ws/install/yahboomcar_bringup/share/yahboomcar_bringup/environment/ament_prefix_path.sh
-- Up-to-date: /home/jetson/yahboomcar_ws/install/yahboomcar_bringup/share/yahboomcar_bringup/environment/ament_prefix_path.dsv
-- Up-to-date: /home/jetson/yahboomcar_ws/install/yahboomcar_bringup/share/yahboomcar_bringup/environment/path.sh
-- Up-to-date: /home/jetson/yahboomcar_ws/install/yahboomcar_bringup/share/yahboomcar_bringup/environment/path.dsv
-- Up-to-date: /home/jetson/yahboomcar_ws/install/yahboomcar_bringup/share/yahboomcar_bringup/local_setup.bash
-- Up-to-date: /home/jetson/yahboomcar_ws/install/yahboomcar_bringup/share/yahboomcar_bringup/local_setup.sh
-- Up-to-date: /home/jetson/yahboomcar_ws/install/yahboomcar_bringup/share/yahboomcar_bringup/local_setup.zsh
-- Up-to-date: /home/jetson/yahboomcar_ws/install/yahboomcar_bringup/share/yahboomcar_bringup/local_setup.dsv
-- Installing: /home/jetson/yahboomcar_ws/install/yahboomcar_bringup/share/yahboomcar_bringup/package.dsv
-- Up-to-date: /home/jetson/yahboomcar_ws/install/yahboomcar_bringup/share/ament_index/resource_index/packages/yahboomcar_bringup
-- Up-to-date: /home/jetson/yahboomcar_ws/install/yahboomcar_bringup/share/yahboomcar_bringup/cmake/yahboomcar_bringupConfig.cmake
-- Up-to-date: /home/jetson/yahboomcar_ws/install/yahboomcar_bringup/share/yahboomcar_bringup/cmake/yahboomcar_bringupConfig-version.cmake
-- Up-to-date: /home/jetson/yahboomcar_ws/install/yahboomcar_bringup/share/yahboomcar_bringup/package.xml
