[0.039s] Invoking command in '/home/jetson/yahboomcar_ws/build/yahboomcar_description': CMAKE_PREFIX_PATH=${CMAKE_PREFIX_PATH}:/opt/ros/humble /usr/bin/cmake --build /home/jetson/yahboomcar_ws/build/yahboomcar_description -- -j6 -l6
[0.133s] Invoked command in '/home/jetson/yahboomcar_ws/build/yahboomcar_description' returned '0': CMAKE_PREFIX_PATH=${CMAKE_PREFIX_PATH}:/opt/ros/humble /usr/bin/cmake --build /home/jetson/yahboomcar_ws/build/yahboomcar_description -- -j6 -l6
[0.153s] Invoking command in '/home/jetson/yahboomcar_ws/build/yahboomcar_description': CMAKE_PREFIX_PATH=${CMAKE_PREFIX_PATH}:/opt/ros/humble /usr/bin/cmake --install /home/jetson/yahboomcar_ws/build/yahboomcar_description
[0.173s] -- Install configuration: ""
[0.173s] -- Up-to-date: /home/jetson/yahboomcar_ws/install/yahboomcar_description/share/yahboomcar_description/urdf
[0.174s] -- Up-to-date: /home/jetson/yahboomcar_ws/install/yahboomcar_description/share/yahboomcar_description/urdf/sensors
[0.175s] -- Up-to-date: /home/jetson/yahboomcar_ws/install/yahboomcar_description/share/yahboomcar_description/urdf/sensors/lidar.xacro
[0.175s] -- Up-to-date: /home/jetson/yahboomcar_ws/install/yahboomcar_description/share/yahboomcar_description/urdf/sensors/imu.xacro
[0.176s] -- Up-to-date: /home/jetson/yahboomcar_ws/install/yahboomcar_description/share/yahboomcar_description/urdf/sensors/camera.xacro
[0.176s] -- Up-to-date: /home/jetson/yahboomcar_ws/install/yahboomcar_description/share/yahboomcar_description/urdf/bak
[0.177s] -- Up-to-date: /home/jetson/yahboomcar_ws/install/yahboomcar_description/share/yahboomcar_description/urdf/bak/yahboomcar_X3plus.urdf.xacro.1
[0.178s] -- Up-to-date: /home/jetson/yahboomcar_ws/install/yahboomcar_description/share/yahboomcar_description/urdf/bak/yahboomcar_X3.urdf
[0.178s] -- Up-to-date: /home/jetson/yahboomcar_ws/install/yahboomcar_description/share/yahboomcar_description/urdf/bak/yahboomcar_X3.gazebo.xacro
[0.180s] -- Up-to-date: /home/jetson/yahboomcar_ws/install/yahboomcar_description/share/yahboomcar_description/urdf/bak/yahboomcar_X3plus.urdf.bak
[0.180s] -- Up-to-date: /home/jetson/yahboomcar_ws/install/yahboomcar_description/share/yahboomcar_description/urdf/bak/yahboomcar_X3plus.urdf
[0.180s] -- Up-to-date: /home/jetson/yahboomcar_ws/install/yahboomcar_description/share/yahboomcar_description/urdf/bak/yahboomcar_X3.urdf.xacro
[0.180s] -- Up-to-date: /home/jetson/yahboomcar_ws/install/yahboomcar_description/share/yahboomcar_description/urdf/bak/yahboomcar_X3plus.urdf.xacro.bak
[0.180s] -- Up-to-date: /home/jetson/yahboomcar_ws/install/yahboomcar_description/share/yahboomcar_description/urdf/bak/yahboomcar_X3plus.gazebo.xacro
[0.180s] -- Up-to-date: /home/jetson/yahboomcar_ws/install/yahboomcar_description/share/yahboomcar_description/urdf/yahboomcar_X3.urdf
[0.181s] -- Up-to-date: /home/jetson/yahboomcar_ws/install/yahboomcar_description/share/yahboomcar_description/urdf/yahboomcar_X3.gazebo.xacro
[0.181s] -- Up-to-date: /home/jetson/yahboomcar_ws/install/yahboomcar_description/share/yahboomcar_description/urdf/yahboomcar_X3plus.urdf
[0.181s] -- Up-to-date: /home/jetson/yahboomcar_ws/install/yahboomcar_description/share/yahboomcar_description/urdf/yahboomcar_X3plus.urdf.xacro_bk
[0.181s] -- Up-to-date: /home/jetson/yahboomcar_ws/install/yahboomcar_description/share/yahboomcar_description/urdf/yahboomcar_X3plus.gazebo.urdf.xacro
[0.181s] -- Up-to-date: /home/jetson/yahboomcar_ws/install/yahboomcar_description/share/yahboomcar_description/urdf/yahboomcar_X3.urdf.xacro
[0.181s] -- Up-to-date: /home/jetson/yahboomcar_ws/install/yahboomcar_description/share/yahboomcar_description/urdf/sensors copy
[0.181s] -- Up-to-date: /home/jetson/yahboomcar_ws/install/yahboomcar_description/share/yahboomcar_description/urdf/sensors copy/lidar.xacro
[0.182s] -- Up-to-date: /home/jetson/yahboomcar_ws/install/yahboomcar_description/share/yahboomcar_description/urdf/sensors copy/imu.xacro
[0.182s] -- Up-to-date: /home/jetson/yahboomcar_ws/install/yahboomcar_description/share/yahboomcar_description/urdf/sensors copy/camera.xacro
[0.182s] -- Up-to-date: /home/jetson/yahboomcar_ws/install/yahboomcar_description/share/yahboomcar_description/urdf/yahboomcar_X3plus.gazebo.xacro
[0.182s] -- Up-to-date: /home/jetson/yahboomcar_ws/install/yahboomcar_description/share/yahboomcar_description/urdf/yahboomcar_X3.gazebo.urdf.xacro
[0.182s] -- Up-to-date: /home/jetson/yahboomcar_ws/install/yahboomcar_description/share/yahboomcar_description/urdf/.ipynb_checkpoints
[0.183s] -- Up-to-date: /home/jetson/yahboomcar_ws/install/yahboomcar_description/share/yahboomcar_description/urdf/.ipynb_checkpoints/yahboomcar_X3plus.urdf-checkpoint.xacro
[0.183s] -- Up-to-date: /home/jetson/yahboomcar_ws/install/yahboomcar_description/share/yahboomcar_description/urdf/yahboomcar_X3plus.urdf.xacro
[0.183s] -- Up-to-date: /home/jetson/yahboomcar_ws/install/yahboomcar_description/share/yahboomcar_description/meshes
[0.184s] -- Up-to-date: /home/jetson/yahboomcar_ws/install/yahboomcar_description/share/yahboomcar_description/meshes/sensor
[0.184s] -- Up-to-date: /home/jetson/yahboomcar_ws/install/yahboomcar_description/share/yahboomcar_description/meshes/sensor/collision
[0.184s] -- Up-to-date: /home/jetson/yahboomcar_ws/install/yahboomcar_description/share/yahboomcar_description/meshes/sensor/collision/laser_link.STL
[0.184s] -- Up-to-date: /home/jetson/yahboomcar_ws/install/yahboomcar_description/share/yahboomcar_description/meshes/sensor/collision/mono_link.STL
[0.184s] -- Up-to-date: /home/jetson/yahboomcar_ws/install/yahboomcar_description/share/yahboomcar_description/meshes/sensor/collision/camera_link.STL
[0.184s] -- Up-to-date: /home/jetson/yahboomcar_ws/install/yahboomcar_description/share/yahboomcar_description/meshes/sensor/visual
[0.185s] -- Up-to-date: /home/jetson/yahboomcar_ws/install/yahboomcar_description/share/yahboomcar_description/meshes/sensor/visual/laser_link.STL
[0.185s] -- Up-to-date: /home/jetson/yahboomcar_ws/install/yahboomcar_description/share/yahboomcar_description/meshes/sensor/visual/mono_link.STL
[0.185s] -- Up-to-date: /home/jetson/yahboomcar_ws/install/yahboomcar_description/share/yahboomcar_description/meshes/sensor/visual/camera_link.STL
[0.186s] -- Up-to-date: /home/jetson/yahboomcar_ws/install/yahboomcar_description/share/yahboomcar_description/meshes/X3
[0.186s] -- Up-to-date: /home/jetson/yahboomcar_ws/install/yahboomcar_description/share/yahboomcar_description/meshes/X3/mecanum
[0.186s] -- Up-to-date: /home/jetson/yahboomcar_ws/install/yahboomcar_description/share/yahboomcar_description/meshes/X3/mecanum/base_link1.stl
[0.186s] -- Up-to-date: /home/jetson/yahboomcar_ws/install/yahboomcar_description/share/yahboomcar_description/meshes/X3/mecanum/base_link.STL
[0.186s] -- Up-to-date: /home/jetson/yahboomcar_ws/install/yahboomcar_description/share/yahboomcar_description/meshes/X3/mecanum/mecanum_left_hands.stl
[0.186s] -- Up-to-date: /home/jetson/yahboomcar_ws/install/yahboomcar_description/share/yahboomcar_description/meshes/X3/mecanum/back_right_wheel.STL
[0.188s] -- Up-to-date: /home/jetson/yahboomcar_ws/install/yahboomcar_description/share/yahboomcar_description/meshes/X3/mecanum/mecanum_right_hands.stl
[0.188s] -- Up-to-date: /home/jetson/yahboomcar_ws/install/yahboomcar_description/share/yahboomcar_description/meshes/X3/mecanum/front_right_wheel.STL
[0.188s] -- Up-to-date: /home/jetson/yahboomcar_ws/install/yahboomcar_description/share/yahboomcar_description/meshes/X3/mecanum/front_left_wheel.STL
[0.188s] -- Up-to-date: /home/jetson/yahboomcar_ws/install/yahboomcar_description/share/yahboomcar_description/meshes/X3/mecanum/hokuyo.dae
[0.188s] -- Up-to-date: /home/jetson/yahboomcar_ws/install/yahboomcar_description/share/yahboomcar_description/meshes/X3/mecanum/kinect.dae
[0.188s] -- Up-to-date: /home/jetson/yahboomcar_ws/install/yahboomcar_description/share/yahboomcar_description/meshes/X3/mecanum/back_left_wheel.STL
[0.189s] -- Up-to-date: /home/jetson/yahboomcar_ws/install/yahboomcar_description/share/yahboomcar_description/meshes/X3/base_link.STL
[0.189s] -- Up-to-date: /home/jetson/yahboomcar_ws/install/yahboomcar_description/share/yahboomcar_description/meshes/X3/back_right_wheel.STL
[0.189s] -- Up-to-date: /home/jetson/yahboomcar_ws/install/yahboomcar_description/share/yahboomcar_description/meshes/X3/front_right_wheel.STL
[0.189s] -- Up-to-date: /home/jetson/yahboomcar_ws/install/yahboomcar_description/share/yahboomcar_description/meshes/X3/front_left_wheel.STL
[0.189s] -- Up-to-date: /home/jetson/yahboomcar_ws/install/yahboomcar_description/share/yahboomcar_description/meshes/X3/back_left_wheel.STL
[0.189s] -- Up-to-date: /home/jetson/yahboomcar_ws/install/yahboomcar_description/share/yahboomcar_description/meshes/X3plus
[0.189s] -- Up-to-date: /home/jetson/yahboomcar_ws/install/yahboomcar_description/share/yahboomcar_description/meshes/X3plus/collision
[0.189s] -- Up-to-date: /home/jetson/yahboomcar_ws/install/yahboomcar_description/share/yahboomcar_description/meshes/X3plus/collision/rlink2.STL
[0.190s] -- Up-to-date: /home/jetson/yahboomcar_ws/install/yahboomcar_description/share/yahboomcar_description/meshes/X3plus/collision/llink2.STL
[0.190s] -- Up-to-date: /home/jetson/yahboomcar_ws/install/yahboomcar_description/share/yahboomcar_description/meshes/X3plus/collision/rlink1.STL
[0.190s] -- Up-to-date: /home/jetson/yahboomcar_ws/install/yahboomcar_description/share/yahboomcar_description/meshes/X3plus/collision/rlink3.STL
[0.190s] -- Up-to-date: /home/jetson/yahboomcar_ws/install/yahboomcar_description/share/yahboomcar_description/meshes/X3plus/collision/base_link.STL
[0.190s] -- Up-to-date: /home/jetson/yahboomcar_ws/install/yahboomcar_description/share/yahboomcar_description/meshes/X3plus/collision/arm_link1.STL
[0.190s] -- Up-to-date: /home/jetson/yahboomcar_ws/install/yahboomcar_description/share/yahboomcar_description/meshes/X3plus/collision/arm_link5.STL
[0.190s] -- Up-to-date: /home/jetson/yahboomcar_ws/install/yahboomcar_description/share/yahboomcar_description/meshes/X3plus/collision/arm_link4.STL
[0.190s] -- Up-to-date: /home/jetson/yahboomcar_ws/install/yahboomcar_description/share/yahboomcar_description/meshes/X3plus/collision/llink1.STL
[0.191s] -- Up-to-date: /home/jetson/yahboomcar_ws/install/yahboomcar_description/share/yahboomcar_description/meshes/X3plus/collision/arm_link3.STL
[0.191s] -- Up-to-date: /home/jetson/yahboomcar_ws/install/yahboomcar_description/share/yahboomcar_description/meshes/X3plus/collision/arm_link2.STL
[0.191s] -- Up-to-date: /home/jetson/yahboomcar_ws/install/yahboomcar_description/share/yahboomcar_description/meshes/X3plus/collision/llink3.STL
[0.191s] -- Up-to-date: /home/jetson/yahboomcar_ws/install/yahboomcar_description/share/yahboomcar_description/meshes/X3plus/visual
[0.191s] -- Up-to-date: /home/jetson/yahboomcar_ws/install/yahboomcar_description/share/yahboomcar_description/meshes/X3plus/visual/rlink2.STL
[0.191s] -- Up-to-date: /home/jetson/yahboomcar_ws/install/yahboomcar_description/share/yahboomcar_description/meshes/X3plus/visual/llink2.STL
[0.191s] -- Up-to-date: /home/jetson/yahboomcar_ws/install/yahboomcar_description/share/yahboomcar_description/meshes/X3plus/visual/rlink1.STL
[0.191s] -- Up-to-date: /home/jetson/yahboomcar_ws/install/yahboomcar_description/share/yahboomcar_description/meshes/X3plus/visual/rlink3.STL
[0.191s] -- Up-to-date: /home/jetson/yahboomcar_ws/install/yahboomcar_description/share/yahboomcar_description/meshes/X3plus/visual/base_link.STL
[0.192s] -- Up-to-date: /home/jetson/yahboomcar_ws/install/yahboomcar_description/share/yahboomcar_description/meshes/X3plus/visual/arm_link1.STL
[0.194s] -- Up-to-date: /home/jetson/yahboomcar_ws/install/yahboomcar_description/share/yahboomcar_description/meshes/X3plus/visual/arm_link5.STL
[0.195s] -- Up-to-date: /home/jetson/yahboomcar_ws/install/yahboomcar_description/share/yahboomcar_description/meshes/X3plus/visual/arm_link4.STL
[0.195s] -- Up-to-date: /home/jetson/yahboomcar_ws/install/yahboomcar_description/share/yahboomcar_description/meshes/X3plus/visual/llink1.STL
[0.196s] -- Up-to-date: /home/jetson/yahboomcar_ws/install/yahboomcar_description/share/yahboomcar_description/meshes/X3plus/visual/arm_link3.STL
[0.196s] -- Up-to-date: /home/jetson/yahboomcar_ws/install/yahboomcar_description/share/yahboomcar_description/meshes/X3plus/visual/arm_link2.STL
[0.196s] -- Up-to-date: /home/jetson/yahboomcar_ws/install/yahboomcar_description/share/yahboomcar_description/meshes/X3plus/visual/llink3.STL
[0.197s] -- Up-to-date: /home/jetson/yahboomcar_ws/install/yahboomcar_description/share/yahboomcar_description/rviz
[0.197s] -- Up-to-date: /home/jetson/yahboomcar_ws/install/yahboomcar_description/share/yahboomcar_description/rviz/yahboomcar.rviz
[0.197s] -- Up-to-date: /home/jetson/yahboomcar_ws/install/yahboomcar_description/share/yahboomcar_description/launch
[0.197s] -- Installing: /home/jetson/yahboomcar_ws/install/yahboomcar_description/share/yahboomcar_description/launch/display.launch.py
[0.198s] -- Up-to-date: /home/jetson/yahboomcar_ws/install/yahboomcar_description/share/ament_index/resource_index/package_run_dependencies/yahboomcar_description
[0.198s] -- Up-to-date: /home/jetson/yahboomcar_ws/install/yahboomcar_description/share/ament_index/resource_index/parent_prefix_path/yahboomcar_description
[0.198s] -- Up-to-date: /home/jetson/yahboomcar_ws/install/yahboomcar_description/share/yahboomcar_description/environment/ament_prefix_path.sh
[0.199s] -- Up-to-date: /home/jetson/yahboomcar_ws/install/yahboomcar_description/share/yahboomcar_description/environment/ament_prefix_path.dsv
[0.199s] -- Up-to-date: /home/jetson/yahboomcar_ws/install/yahboomcar_description/share/yahboomcar_description/environment/path.sh
[0.200s] -- Up-to-date: /home/jetson/yahboomcar_ws/install/yahboomcar_description/share/yahboomcar_description/environment/path.dsv
[0.200s] -- Up-to-date: /home/jetson/yahboomcar_ws/install/yahboomcar_description/share/yahboomcar_description/local_setup.bash
[0.200s] -- Up-to-date: /home/jetson/yahboomcar_ws/install/yahboomcar_description/share/yahboomcar_description/local_setup.sh
[0.201s] -- Up-to-date: /home/jetson/yahboomcar_ws/install/yahboomcar_description/share/yahboomcar_description/local_setup.zsh
[0.201s] -- Up-to-date: /home/jetson/yahboomcar_ws/install/yahboomcar_description/share/yahboomcar_description/local_setup.dsv
[0.202s] -- Installing: /home/jetson/yahboomcar_ws/install/yahboomcar_description/share/yahboomcar_description/package.dsv
[0.202s] -- Up-to-date: /home/jetson/yahboomcar_ws/install/yahboomcar_description/share/ament_index/resource_index/packages/yahboomcar_description
[0.202s] -- Up-to-date: /home/jetson/yahboomcar_ws/install/yahboomcar_description/share/yahboomcar_description/cmake/yahboomcar_descriptionConfig.cmake
[0.202s] -- Up-to-date: /home/jetson/yahboomcar_ws/install/yahboomcar_description/share/yahboomcar_description/cmake/yahboomcar_descriptionConfig-version.cmake
[0.203s] -- Up-to-date: /home/jetson/yahboomcar_ws/install/yahboomcar_description/share/yahboomcar_description/package.xml
[0.203s] Invoked command in '/home/jetson/yahboomcar_ws/build/yahboomcar_description' returned '0': CMAKE_PREFIX_PATH=${CMAKE_PREFIX_PATH}:/opt/ros/humble /usr/bin/cmake --install /home/jetson/yahboomcar_ws/build/yahboomcar_description
