[0.033s] Invoking command in '/home/jetson/yahboomcar_ws/build/ros2_orbslam': CMAKE_PREFIX_PATH=${CMAKE_PREFIX_PATH}:/opt/ros/humble /usr/bin/cmake /home/jetson/yahboomcar_ws/src/ros2-ORB_SLAM2 -DCMAKE_INSTALL_PREFIX=/home/jetson/yahboomcar_ws/install/ros2_orbslam
[0.196s] -- The C compiler identification is GNU 11.4.0
[0.317s] -- The CXX compiler identification is GNU 11.4.0
[0.339s] -- Detecting C compiler ABI info
[0.507s] -- Detecting C compiler ABI info - done
[0.527s] -- Check for working C compiler: /usr/bin/cc - skipped
[0.530s] -- Detecting C compile features
[0.533s] -- Detecting C compile features - done
[0.544s] -- Detecting CXX compiler ABI info
[0.735s] -- Detecting CXX compiler ABI info - done
[0.760s] -- Check for working CXX compiler: /usr/bin/c++ - skipped
[0.761s] -- Detecting CXX compile features
[0.763s] -- Detecting CXX compile features - done
[0.783s] -- Found OpenCV: /usr/local (found suitable version "3.2.0", minimum required is "3") 
[0.794s] -- Found ament_cmake: 1.3.11 (/opt/ros/humble/share/ament_cmake/cmake)
[1.778s] -- Found Python3: /usr/bin/python3 (found version "3.10.12") found components: Interpreter 
[2.088s] -- Found rclcpp: 16.0.12 (/opt/ros/humble/share/rclcpp/cmake)
[2.218s] -- Found rosidl_generator_c: 3.1.6 (/opt/ros/humble/share/rosidl_generator_c/cmake)
[2.236s] -- Found rosidl_adapter: 3.1.6 (/opt/ros/humble/share/rosidl_adapter/cmake)
[2.262s] -- Found rosidl_generator_cpp: 3.1.6 (/opt/ros/humble/share/rosidl_generator_cpp/cmake)
[2.296s] -- Using all available rosidl_typesupport_c: rosidl_typesupport_fastrtps_c;rosidl_typesupport_introspection_c
[2.343s] -- Using all available rosidl_typesupport_cpp: rosidl_typesupport_fastrtps_cpp;rosidl_typesupport_introspection_cpp
[2.475s] -- Found rmw_implementation_cmake: 6.1.2 (/opt/ros/humble/share/rmw_implementation_cmake/cmake)
[2.487s] -- Found rmw_fastrtps_cpp: 6.2.7 (/opt/ros/humble/share/rmw_fastrtps_cpp/cmake)
[2.712s] -- Found OpenSSL: /usr/lib/aarch64-linux-gnu/libcrypto.so (found version "3.0.2")  
[2.781s] -- Found FastRTPS: /opt/ros/humble/include  
[2.872s] -- Using RMW implementation 'rmw_fastrtps_cpp' as default
[2.904s] -- Looking for pthread.h
[3.077s] -- Looking for pthread.h - found
[3.078s] -- Performing Test CMAKE_HAVE_LIBC_PTHREAD
[3.257s] -- Performing Test CMAKE_HAVE_LIBC_PTHREAD - Success
[3.261s] -- Found Threads: TRUE  
[3.386s] -- Found sensor_msgs: 4.8.0 (/opt/ros/humble/share/sensor_msgs/cmake)
[3.463s] -- Found nav_msgs: 4.8.0 (/opt/ros/humble/share/nav_msgs/cmake)
[3.501s] -- Found cv_bridge: 3.2.1 (/opt/ros/humble/share/cv_bridge/cmake)
[3.511s] -- Found message_filters: 4.3.7 (/opt/ros/humble/share/message_filters/cmake)
[3.546s] [31mCMake Error at /usr/share/cmake-3.22/Modules/FindPackageHandleStandardArgs.cmake:230 (message):
[3.546s]   Could NOT find ORB_SLAM2 (missing: ORB_SLAM2_LIBRARY ORB_SLAM2_INCLUDE_DIR
[3.546s]   DBoW2_INCLUDE_DIR DBoW2_LIBRARY g2o_LIBRARY)
[3.546s] Call Stack (most recent call first):
[3.546s]   /usr/share/cmake-3.22/Modules/FindPackageHandleStandardArgs.cmake:594 (_FPHSA_FAILURE_MESSAGE)
[3.546s]   CMakeModules/FindORB_SLAM2.cmake:44 (find_package_handle_standard_args)
[3.547s]   CMakeLists.txt:25 (find_package)
[3.547s] 
[3.547s] [0m
[3.547s] -- Configuring incomplete, errors occurred!
[3.547s] See also "/home/jetson/yahboomcar_ws/build/ros2_orbslam/CMakeFiles/CMakeOutput.log".
[3.577s] Invoked command in '/home/jetson/yahboomcar_ws/build/ros2_orbslam' returned '1': CMAKE_PREFIX_PATH=${CMAKE_PREFIX_PATH}:/opt/ros/humble /usr/bin/cmake /home/jetson/yahboomcar_ws/src/ros2-ORB_SLAM2 -DCMAKE_INSTALL_PREFIX=/home/jetson/yahboomcar_ws/install/ros2_orbslam
