[0.042s] Invoking command in '/home/jetson/yahboomcar_ws/build/yahboomcar_slam': AMENT_PREFIX_PATH=/home/jetson/yahboomcar_ws/install/yahboomcar_astra:/home/jetson/yahboomcar_ws/install/yahboomcar_laser:/home/jetson/yahboomcar_ws/install/yahboomcar_ctrl:/home/jetson/yahboomcar_ws/install/yahboomcar_bringup:/home/jetson/yahboomcar_ws/install/yahboomcar_msgs:/home/jetson/yahboomcar_ws/install/yahboomcar_description:${AMENT_PREFIX_PATH} CMAKE_PREFIX_PATH=/home/jetson/yahboomcar_ws/install/yahboomcar_astra:/home/jetson/yahboomcar_ws/install/yahboomcar_laser:/home/jetson/yahboomcar_ws/install/yahboomcar_ctrl:/home/jetson/yahboomcar_ws/install/yahboomcar_bringup:/home/jetson/yahboomcar_ws/install/yahboomcar_msgs:/home/jetson/yahboomcar_ws/install/yahboomcar_description:/home/jetson/yahboomcar_ros2_ws/software/library_ws/install/ydlidar_ros2_driver:/home/jetson/yahboomcar_ros2_ws/software/library_ws/install/web_video_server:/home/jetson/yahboomcar_ros2_ws/software/library_ws/install/teb_local_planner:/home/jetson/yahboomcar_ros2_ws/software/library_ws/install/teb_msgs:/home/jetson/yahboomcar_ros2_ws/software/library_ws/install/sllidar_ros2:/home/jetson/yahboomcar_ros2_ws/software/library_ws/install/slam_gmapping:/home/jetson/yahboomcar_ros2_ws/software/library_ws/install/robot_localization:/home/jetson/yahboomcar_ros2_ws/software/library_ws/install/openslam_gmapping:/home/jetson/yahboomcar_ros2_ws/software/library_ws/install/costmap_converter:/home/jetson/yahboomcar_ros2_ws/software/library_ws/install/costmap_converter_msgs:/home/jetson/yahboomcar_ros2_ws/software/library_ws/install/astra_camera:/home/jetson/yahboomcar_ros2_ws/software/library_ws/install/astra_camera_msgs:/opt/ros/humble LD_LIBRARY_PATH=/home/jetson/yahboomcar_ws/install/yahboomcar_astra/lib:/home/jetson/yahboomcar_ws/install/yahboomcar_msgs/lib:/usr/local/lib:/usr/local/cuda-12.6/lib64:/home/jetson/yahboomcar_ros2_ws/software/library_ws/install/teb_local_planner/lib:/home/jetson/yahboomcar_ros2_ws/software/library_ws/install/teb_msgs/lib:/home/jetson/yahboomcar_ros2_ws/software/library_ws/install/robot_localization/lib:/home/jetson/yahboomcar_ros2_ws/software/library_ws/install/openslam_gmapping/lib:/home/jetson/yahboomcar_ros2_ws/software/library_ws/install/costmap_converter/lib:/home/jetson/yahboomcar_ros2_ws/software/library_ws/install/costmap_converter_msgs/lib:/home/jetson/yahboomcar_ros2_ws/software/library_ws/install/astra_camera/lib:/home/jetson/yahboomcar_ros2_ws/software/library_ws/install/astra_camera_msgs/lib:/opt/ros/humble/opt/rviz_ogre_vendor/lib:/opt/ros/humble/lib/aarch64-linux-gnu:/opt/ros/humble/lib:/usr/local/lib:/usr/local/cuda-12.6/lib64 PYTHONPATH=/home/jetson/yahboomcar_ws/install/yahboomcar_msgs/local/lib/python3.10/dist-packages:${PYTHONPATH} /usr/bin/cmake --build /home/jetson/yahboomcar_ws/build/yahboomcar_slam -- -j6 -l6
[0.128s] -- Performing Test COMPILER_SUPPORTS_CXX17
[0.323s] -- Performing Test COMPILER_SUPPORTS_CXX17 - Success
[0.324s] -- Found ament_cmake: 1.3.11 (/opt/ros/humble/share/ament_cmake/cmake)
[0.660s] -- Found rclcpp: 16.0.12 (/opt/ros/humble/share/rclcpp/cmake)
[0.732s] -- Found rosidl_generator_c: 3.1.6 (/opt/ros/humble/share/rosidl_generator_c/cmake)
[0.737s] -- Found rosidl_adapter: 3.1.6 (/opt/ros/humble/share/rosidl_adapter/cmake)
[0.752s] -- Found rosidl_generator_cpp: 3.1.6 (/opt/ros/humble/share/rosidl_generator_cpp/cmake)
[0.777s] -- Using all available rosidl_typesupport_c: rosidl_typesupport_fastrtps_c;rosidl_typesupport_introspection_c
[0.805s] -- Using all available rosidl_typesupport_cpp: rosidl_typesupport_fastrtps_cpp;rosidl_typesupport_introspection_cpp
[0.875s] -- Found rmw_implementation_cmake: 6.1.2 (/opt/ros/humble/share/rmw_implementation_cmake/cmake)
[0.881s] -- Found rmw_fastrtps_cpp: 6.2.7 (/opt/ros/humble/share/rmw_fastrtps_cpp/cmake)
[1.108s] -- Using RMW implementation 'rmw_fastrtps_cpp' as default
[1.221s] -- Found rclpy: 3.3.16 (/opt/ros/humble/share/rclpy/cmake)
[1.223s] -- Found pcl_conversions: 2.4.5 (/opt/ros/humble/share/pcl_conversions/cmake)
[1.384s] -- Eigen found (include: /usr/include/eigen3, version: 3.4.0)
[1.468s] -- FLANN found (include: /usr/include, lib: /usr/lib/aarch64-linux-gnu/libflann_cpp.so)
[2.298s] -- OpenNI found (version: 1.5.4.0, include: /usr/include/ni, lib: /usr/lib/libOpenNI.so;libusb::libusb)
[2.310s] -- OpenNI2 found (version: 2.3.0.85, include: /home/jetson/yahboomcar_ws/install/yahboomcar_astra/include/openni2, lib: /home/jetson/yahboomcar_ros2_ws/software/library_ws/install/astra_camera/lib/libOpenNI2.so;libusb::libusb)
[2.634s] -- Eigen found (include: /usr/include/eigen3, version: 3.4.0)
[2.650s] -- OpenNI found (version: 1.5.4.0, include: /usr/include/ni, lib: /usr/lib/libOpenNI.so;libusb::libusb)
[2.664s] -- OpenNI2 found (version: 2.3.0.85, include: /home/jetson/yahboomcar_ws/install/yahboomcar_astra/include/openni2, lib: /home/jetson/yahboomcar_ros2_ws/software/library_ws/install/astra_camera/lib/libOpenNI2.so;libusb::libusb)
[2.964s] -- Found Qhull version 8.0.2
[3.303s] -- OpenNI found (version: 1.5.4.0, include: /usr/include/ni, lib: /usr/lib/libOpenNI.so;libusb::libusb)
[3.629s] -- Found pcl_ros: 2.4.5 (/opt/ros/humble/share/pcl_ros/cmake)
[3.664s] -- Found eigen3_cmake_module: 0.1.1 (/opt/ros/humble/share/eigen3_cmake_module/cmake)
[3.667s] -- Ensuring Eigen3 include directory is part of orocos-kdl CMake target
[3.832s] -- Found cv_bridge: 3.2.1 (/opt/ros/humble/share/cv_bridge/cmake)
[3.885s] -- Found image_transport: 3.1.11 (/opt/ros/humble/share/image_transport/cmake)
[3.939s] [33mCMake Warning (dev) at CMakeLists.txt:41 (find_package):
[3.940s]   Policy CMP0074 is not set: find_package uses <PackageName>_ROOT variables.
[3.940s]   Run "cmake --help-policy CMP0074" for policy details.  Use the cmake_policy
[3.940s]   command to set the policy and suppress this warning.
[3.940s] 
[3.940s]   CMake variable PCL_ROOT is set to:
[3.940s] 
[3.940s]     /usr
[3.940s] 
[3.940s]   For compatibility, CMake is ignoring the variable.
[3.941s] This warning is for project developers.  Use -Wno-dev to suppress it.
[3.941s] [0m
[4.143s] -- Configuring done
[4.254s] -- Generating done
[4.278s] -- Build files have been written to: /home/jetson/yahboomcar_ws/build/yahboomcar_slam
[4.395s] [35m[1mConsolidate compiler generated dependencies of target pointcloud_mapping[0m
[4.501s] [ 33%] [32mBuilding CXX object CMakeFiles/pointcloud_mapping.dir/src/pointcloud_mapping.cpp.o[0m
[4.503s] [ 66%] [32mBuilding CXX object CMakeFiles/pointcloud_mapping.dir/src/PCLMapper.cpp.o[0m
[25.962s] [01m[K/home/jetson/yahboomcar_ws/src/yahboomcar_slam/src/PCLMapper.cpp:[m[K In constructor ‘[01m[KMapping::PointCloudMapper::PointCloudMapper()[m[K’:
[25.963s] [01m[K/home/jetson/yahboomcar_ws/src/yahboomcar_slam/src/PCLMapper.cpp:59:42:[m[K [01;31m[Kerror: [m[Kno matching function for call to ‘[01m[Kimage_transport::ImageTransport::ImageTransport(Mapping::PointCloudMapper*)[m[K’
[25.963s]    59 |             : Node("pointcloud_mapper"), [01;31m[Kit(this)[m[K {
[25.963s]       |                                          [01;31m[K^~~~~~~~[m[K
[25.964s] In file included from [01m[K/home/jetson/yahboomcar_ws/src/yahboomcar_slam/include/yahboomcar_slam/PCLMapper.h:63[m[K,
[25.964s]                  from [01m[K/home/jetson/yahboomcar_ws/src/yahboomcar_slam/src/PCLMapper.cpp:26[m[K:
[25.964s] [01m[K/opt/ros/humble/include/image_transport/image_transport/image_transport.hpp:111:12:[m[K [01;36m[Knote: [m[Kcandidate: ‘[01m[Kimage_transport::ImageTransport::ImageTransport(rclcpp::Node::SharedPtr)[m[K’
[25.964s]   111 |   explicit [01;36m[KImageTransport[m[K(rclcpp::Node::SharedPtr node);
[25.964s]       |            [01;36m[K^~~~~~~~~~~~~~[m[K
[25.964s] [01m[K/opt/ros/humble/include/image_transport/image_transport/image_transport.hpp:111:51:[m[K [01;36m[Knote: [m[K  no known conversion for argument 1 from ‘[01m[KMapping::PointCloudMapper*[m[K’ to ‘[01m[Krclcpp::Node::SharedPtr[m[K’ {aka ‘[01m[Kstd::shared_ptr<rclcpp::Node>[m[K’}
[25.964s]   111 |   explicit ImageTransport([01;36m[Krclcpp::Node::SharedPtr node[m[K);
[25.965s]       |                           [01;36m[K~~~~~~~~~~~~~~~~~~~~~~~~^~~~[m[K
[25.995s] [01m[K/home/jetson/yahboomcar_ws/src/yahboomcar_slam/src/PCLMapper.cpp:109:95:[m[K [01;31m[Kerror: [m[Kno matching function for call to ‘[01m[Kimage_transport::SubscriberFilter::SubscriberFilter(image_transport::ImageTransport&, std::string&, size_t&, image_transport::TransportHints&)[m[K’
[25.996s]   109 |         subImageColor = new image_transport::SubscriberFilter(it, topicColor, queueSize, hints[01;31m[K)[m[K;
[25.996s]       |                                                                                               [01;31m[K^[m[K
[25.998s] In file included from [01m[K/home/jetson/yahboomcar_ws/src/yahboomcar_slam/include/yahboomcar_slam/PCLMapper.h:64[m[K,
[25.998s]                  from [01m[K/home/jetson/yahboomcar_ws/src/yahboomcar_slam/src/PCLMapper.cpp:26[m[K:
[25.998s] [01m[K/opt/ros/humble/include/image_transport/image_transport/subscriber_filter.hpp:90:3:[m[K [01;36m[Knote: [m[Kcandidate: ‘[01m[Kimage_transport::SubscriberFilter::SubscriberFilter()[m[K’
[25.998s]    90 |   [01;36m[KSubscriberFilter[m[K()
[25.999s]       |   [01;36m[K^~~~~~~~~~~~~~~~[m[K
[25.999s] [01m[K/opt/ros/humble/include/image_transport/image_transport/subscriber_filter.hpp:90:3:[m[K [01;36m[Knote: [m[K  candidate expects 0 arguments, 4 provided
[25.999s] [01m[K/opt/ros/humble/include/image_transport/image_transport/subscriber_filter.hpp:79:3:[m[K [01;36m[Knote: [m[Kcandidate: ‘[01m[Kimage_transport::SubscriberFilter::SubscriberFilter(rclcpp::Node*, const string&, const string&)[m[K’
[25.999s]    79 |   [01;36m[KSubscriberFilter[m[K(
[25.999s]       |   [01;36m[K^~~~~~~~~~~~~~~~[m[K
[25.999s] [01m[K/opt/ros/humble/include/image_transport/image_transport/subscriber_filter.hpp:79:3:[m[K [01;36m[Knote: [m[K  candidate expects 3 arguments, 4 provided
[25.999s] [01m[K/home/jetson/yahboomcar_ws/src/yahboomcar_slam/src/PCLMapper.cpp:110:95:[m[K [01;31m[Kerror: [m[Kno matching function for call to ‘[01m[Kimage_transport::SubscriberFilter::SubscriberFilter(image_transport::ImageTransport&, std::string&, size_t&, image_transport::TransportHints&)[m[K’
[25.999s]   110 |         subImageDepth = new image_transport::SubscriberFilter(it, topicDepth, queueSize, hints[01;31m[K)[m[K;
[26.000s]       |                                                                                               [01;31m[K^[m[K
[26.000s] In file included from [01m[K/home/jetson/yahboomcar_ws/src/yahboomcar_slam/include/yahboomcar_slam/PCLMapper.h:64[m[K,
[26.000s]                  from [01m[K/home/jetson/yahboomcar_ws/src/yahboomcar_slam/src/PCLMapper.cpp:26[m[K:
[26.000s] [01m[K/opt/ros/humble/include/image_transport/image_transport/subscriber_filter.hpp:90:3:[m[K [01;36m[Knote: [m[Kcandidate: ‘[01m[Kimage_transport::SubscriberFilter::SubscriberFilter()[m[K’
[26.000s]    90 |   [01;36m[KSubscriberFilter[m[K()
[26.000s]       |   [01;36m[K^~~~~~~~~~~~~~~~[m[K
[26.000s] [01m[K/opt/ros/humble/include/image_transport/image_transport/subscriber_filter.hpp:90:3:[m[K [01;36m[Knote: [m[K  candidate expects 0 arguments, 4 provided
[26.000s] [01m[K/opt/ros/humble/include/image_transport/image_transport/subscriber_filter.hpp:79:3:[m[K [01;36m[Knote: [m[Kcandidate: ‘[01m[Kimage_transport::SubscriberFilter::SubscriberFilter(rclcpp::Node*, const string&, const string&)[m[K’
[26.000s]    79 |   [01;36m[KSubscriberFilter[m[K(
[26.001s]       |   [01;36m[K^~~~~~~~~~~~~~~~[m[K
[26.001s] [01m[K/opt/ros/humble/include/image_transport/image_transport/subscriber_filter.hpp:79:3:[m[K [01;36m[Knote: [m[K  candidate expects 3 arguments, 4 provided
[26.132s] [01m[K/home/jetson/yahboomcar_ws/src/yahboomcar_slam/src/PCLMapper.cpp:111:109:[m[K [01;31m[Kerror: [m[Kno matching function for call to ‘[01m[Kmessage_filters::Subscriber<geometry_msgs::msg::PoseStamped_<std::allocator<void> > >::Subscriber(Mapping::PointCloudMapper*, std::string&, size_t&)[m[K’
[26.133s]   111 |         tcw_sub = new message_filters::Subscriber<geometry_msgs::msg::PoseStamped>(this, topicTcw, queueSize[01;31m[K)[m[K;
[26.133s]       |                                                                                                             [01;31m[K^[m[K
[26.133s] In file included from [01m[K/home/jetson/yahboomcar_ws/src/yahboomcar_slam/include/yahboomcar_slam/PCLMapper.h:66[m[K,
[26.133s]                  from [01m[K/home/jetson/yahboomcar_ws/src/yahboomcar_slam/src/PCLMapper.cpp:26[m[K:
[26.133s] [01m[K/opt/ros/humble/include/message_filters/message_filters/subscriber.h:203:3:[m[K [01;36m[Knote: [m[Kcandidate: ‘[01m[Kmessage_filters::Subscriber<M, NodeType>::Subscriber() [with M = geometry_msgs::msg::PoseStamped_<std::allocator<void> >; NodeType = rclcpp::Node][m[K’
[26.133s]   203 |   [01;36m[KSubscriber[m[K() = default;
[26.133s]       |   [01;36m[K^~~~~~~~~~[m[K
[26.133s] [01m[K/opt/ros/humble/include/message_filters/message_filters/subscriber.h:203:3:[m[K [01;36m[Knote: [m[K  candidate expects 0 arguments, 3 provided
[26.134s] [01m[K/opt/ros/humble/include/message_filters/message_filters/subscriber.h:191:3:[m[K [01;36m[Knote: [m[Kcandidate: ‘[01m[Kmessage_filters::Subscriber<M, NodeType>::Subscriber(NodeType*, const string&, rmw_qos_profile_t, rclcpp::SubscriptionOptions) [with M = geometry_msgs::msg::PoseStamped_<std::allocator<void> >; NodeType = rclcpp::Node; std::string = std::__cxx11::basic_string<char>; rmw_qos_profile_t = rmw_qos_profile_s; rclcpp::SubscriptionOptions = rclcpp::SubscriptionOptionsWithAllocator<std::allocator<void> >][m[K’
[26.134s]   191 |   [01;36m[KSubscriber[m[K(
[26.134s]       |   [01;36m[K^~~~~~~~~~[m[K
[26.134s] [01m[K/opt/ros/humble/include/message_filters/message_filters/subscriber.h:191:3:[m[K [01;36m[Knote: [m[K  candidate expects 4 arguments, 3 provided
[26.134s] [01m[K/opt/ros/humble/include/message_filters/message_filters/subscriber.h:182:3:[m[K [01;36m[Knote: [m[Kcandidate: ‘[01m[Kmessage_filters::Subscriber<M, NodeType>::Subscriber(message_filters::Subscriber<M, NodeType>::NodePtr, const string&, rmw_qos_profile_t, rclcpp::SubscriptionOptions) [with M = geometry_msgs::msg::PoseStamped_<std::allocator<void> >; NodeType = rclcpp::Node; message_filters::Subscriber<M, NodeType>::NodePtr = std::shared_ptr<rclcpp::Node>; std::string = std::__cxx11::basic_string<char>; rmw_qos_profile_t = rmw_qos_profile_s; rclcpp::SubscriptionOptions = rclcpp::SubscriptionOptionsWithAllocator<std::allocator<void> >][m[K’
[26.134s]   182 |   [01;36m[KSubscriber[m[K(
[26.134s]       |   [01;36m[K^~~~~~~~~~[m[K
[26.134s] [01m[K/opt/ros/humble/include/message_filters/message_filters/subscriber.h:182:3:[m[K [01;36m[Knote: [m[K  candidate expects 4 arguments, 3 provided
[26.135s] [01m[K/opt/ros/humble/include/message_filters/message_filters/subscriber.h:167:3:[m[K [01;36m[Knote: [m[Kcandidate: ‘[01m[Kmessage_filters::Subscriber<M, NodeType>::Subscriber(NodeType*, const string&, rmw_qos_profile_t) [with M = geometry_msgs::msg::PoseStamped_<std::allocator<void> >; NodeType = rclcpp::Node; std::string = std::__cxx11::basic_string<char>; rmw_qos_profile_t = rmw_qos_profile_s][m[K’
[26.135s]   167 |   [01;36m[KSubscriber[m[K(NodeType * node, const std::string& topic, const rmw_qos_profile_t qos = rmw_qos_profile_default)
[26.135s]       |   [01;36m[K^~~~~~~~~~[m[K
[26.135s] [01m[K/opt/ros/humble/include/message_filters/message_filters/subscriber.h:167:81:[m[K [01;36m[Knote: [m[K  no known conversion for argument 3 from ‘[01m[Ksize_t[m[K’ {aka ‘[01m[Klong unsigned int[m[K’} to ‘[01m[Krmw_qos_profile_t[m[K’ {aka ‘[01m[Krmw_qos_profile_s[m[K’}
[26.135s]   167 |   Subscriber(NodeType * node, const std::string& topic, [01;36m[Kconst rmw_qos_profile_t qos = rmw_qos_profile_default[m[K)
[26.135s]       |                                                         [01;36m[K~~~~~~~~~~~~~~~~~~~~~~~~^~~~~~~~~~~~~~~~~~~~~~~~~~~~~[m[K
[26.135s] [01m[K/opt/ros/humble/include/message_filters/message_filters/subscriber.h:162:3:[m[K [01;36m[Knote: [m[Kcandidate: ‘[01m[Kmessage_filters::Subscriber<M, NodeType>::Subscriber(message_filters::Subscriber<M, NodeType>::NodePtr, const string&, rmw_qos_profile_t) [with M = geometry_msgs::msg::PoseStamped_<std::allocator<void> >; NodeType = rclcpp::Node; message_filters::Subscriber<M, NodeType>::NodePtr = std::shared_ptr<rclcpp::Node>; std::string = std::__cxx11::basic_string<char>; rmw_qos_profile_t = rmw_qos_profile_s][m[K’
[26.135s]   162 |   [01;36m[KSubscriber[m[K(NodePtr node, const std::string& topic, const rmw_qos_profile_t qos = rmw_qos_profile_default)
[26.136s]       |   [01;36m[K^~~~~~~~~~[m[K
[26.136s] [01m[K/opt/ros/humble/include/message_filters/message_filters/subscriber.h:162:22:[m[K [01;36m[Knote: [m[K  no known conversion for argument 1 from ‘[01m[KMapping::PointCloudMapper*[m[K’ to ‘[01m[Kmessage_filters::Subscriber<geometry_msgs::msg::PoseStamped_<std::allocator<void> > >::NodePtr[m[K’ {aka ‘[01m[Kstd::shared_ptr<rclcpp::Node>[m[K’}
[26.136s]   162 |   Subscriber([01;36m[KNodePtr node[m[K, const std::string& topic, const rmw_qos_profile_t qos = rmw_qos_profile_default)
[26.136s]       |              [01;36m[K~~~~~~~~^~~~[m[K
[26.377s] [01m[K/home/jetson/yahboomcar_ws/src/yahboomcar_slam/src/PCLMapper.cpp:[m[K In member function ‘[01m[Kvoid Mapping::PointCloudMapper::viewer()[m[K’:
[26.377s] [01m[K/home/jetson/yahboomcar_ws/src/yahboomcar_slam/src/PCLMapper.cpp:230:17:[m[K [01;31m[Kerror: [m[K‘[01m[KAsyncSpinner[m[K’ is not a member of ‘[01m[Krclcpp[m[K’
[26.378s]   230 |         rclcpp::[01;31m[KAsyncSpinner[m[K spinner(2); // Use 1threads
[26.378s]       |                 [01;31m[K^~~~~~~~~~~~[m[K
[26.416s] [01m[K/home/jetson/yahboomcar_ws/src/yahboomcar_slam/src/PCLMapper.cpp:231:9:[m[K [01;31m[Kerror: [m[K‘[01m[Kspinner[m[K’ was not declared in this scope
[26.417s]   231 |         [01;31m[Kspinner[m[K.start();
[26.417s]       |         [01;31m[K^~~~~~~[m[K
[26.428s] [01m[K/home/jetson/yahboomcar_ws/src/yahboomcar_slam/src/PCLMapper.cpp:271:30:[m[K [01;31m[Kerror: [m[K‘[01m[KtoROSMsg[m[K’ is not a member of ‘[01m[Kpcl[m[K’
[26.429s]   271 |                         pcl::[01;31m[KtoROSMsg[m[K(*tem_cloud1, local);// 转换成ROS下的数据类型 最终通过topic发布
[26.429s]       |                              [01;31m[K^~~~~~~~[m[K
[26.429s] [01m[K/home/jetson/yahboomcar_ws/src/yahboomcar_slam/src/PCLMapper.cpp:274:46:[m[K [01;31m[Kerror: [m[K‘[01m[Kusing SharedPtr = class std::shared_ptr<rclcpp::Publisher<sensor_msgs::msg::PointCloud2_<std::allocator<void> > > >[m[K’ {aka ‘[01m[Kclass std::shared_ptr<rclcpp::Publisher<sensor_msgs::msg::PointCloud2_<std::allocator<void> > > >[m[K’} has no member named ‘[01m[Kpublish[m[K’
[26.430s]   274 |                         pub_local_pointcloud.[01;31m[Kpublish[m[K(local);
[26.430s]       |                                              [01;31m[K^~~~~~~[m[K
[26.436s] [01m[K/home/jetson/yahboomcar_ws/src/yahboomcar_slam/src/PCLMapper.cpp:285:26:[m[K [01;31m[Kerror: [m[K‘[01m[KtoROSMsg[m[K’ is not a member of ‘[01m[Kpcl[m[K’
[26.437s]   285 |                     pcl::[01;31m[KtoROSMsg[m[K(*globalMap, output);
[26.437s]       |                          [01;31m[K^~~~~~~~[m[K
[26.437s] [01m[K/home/jetson/yahboomcar_ws/src/yahboomcar_slam/src/PCLMapper.cpp:288:43:[m[K [01;31m[Kerror: [m[K‘[01m[Kusing SharedPtr = class std::shared_ptr<rclcpp::Publisher<sensor_msgs::msg::PointCloud2_<std::allocator<void> > > >[m[K’ {aka ‘[01m[Kclass std::shared_ptr<rclcpp::Publisher<sensor_msgs::msg::PointCloud2_<std::allocator<void> > > >[m[K’} has no member named ‘[01m[Kpublish[m[K’
[26.437s]   288 |                     pub_global_pointcloud.[01;31m[Kpublish[m[K(output);
[26.437s]       |                                           [01;31m[K^~~~~~~[m[K
[26.461s] [01m[K/home/jetson/yahboomcar_ws/src/yahboomcar_slam/src/PCLMapper.cpp:332:30:[m[K [01;31m[Kerror: [m[K‘[01m[KtoROSMsg[m[K’ is not a member of ‘[01m[Kpcl[m[K’
[26.461s]   332 |                         pcl::[01;31m[KtoROSMsg[m[K(*tem_cloud1, local);// 转换成ROS下的数据类型 最终通过topic发布
[26.462s]       |                              [01;31m[K^~~~~~~~[m[K
[26.462s] [01m[K/home/jetson/yahboomcar_ws/src/yahboomcar_slam/src/PCLMapper.cpp:335:46:[m[K [01;31m[Kerror: [m[K‘[01m[Kusing SharedPtr = class std::shared_ptr<rclcpp::Publisher<sensor_msgs::msg::PointCloud2_<std::allocator<void> > > >[m[K’ {aka ‘[01m[Kclass std::shared_ptr<rclcpp::Publisher<sensor_msgs::msg::PointCloud2_<std::allocator<void> > > >[m[K’} has no member named ‘[01m[Kpublish[m[K’
[26.462s]   335 |                         pub_local_pointcloud.[01;31m[Kpublish[m[K(local);
[26.462s]       |                                              [01;31m[K^~~~~~~[m[K
[26.467s] [01m[K/home/jetson/yahboomcar_ws/src/yahboomcar_slam/src/PCLMapper.cpp:347:26:[m[K [01;31m[Kerror: [m[K‘[01m[KtoROSMsg[m[K’ is not a member of ‘[01m[Kpcl[m[K’
[26.467s]   347 |                     pcl::[01;31m[KtoROSMsg[m[K(*globalMap, output);
[26.467s]       |                          [01;31m[K^~~~~~~~[m[K
[26.468s] [01m[K/home/jetson/yahboomcar_ws/src/yahboomcar_slam/src/PCLMapper.cpp:350:43:[m[K [01;31m[Kerror: [m[K‘[01m[Kusing SharedPtr = class std::shared_ptr<rclcpp::Publisher<sensor_msgs::msg::PointCloud2_<std::allocator<void> > > >[m[K’ {aka ‘[01m[Kclass std::shared_ptr<rclcpp::Publisher<sensor_msgs::msg::PointCloud2_<std::allocator<void> > > >[m[K’} has no member named ‘[01m[Kpublish[m[K’
[26.468s]   350 |                     pub_global_pointcloud.[01;31m[Kpublish[m[K(output);
[26.468s]       |                                           [01;31m[K^~~~~~~[m[K
[39.368s] gmake[2]: *** [CMakeFiles/pointcloud_mapping.dir/build.make:90: CMakeFiles/pointcloud_mapping.dir/src/PCLMapper.cpp.o] Error 1
[39.369s] gmake[1]: *** [CMakeFiles/Makefile2:137: CMakeFiles/pointcloud_mapping.dir/all] Error 2
[39.370s] gmake: *** [Makefile:146: all] Error 2
[39.388s] Invoked command in '/home/jetson/yahboomcar_ws/build/yahboomcar_slam' returned '2': AMENT_PREFIX_PATH=/home/jetson/yahboomcar_ws/install/yahboomcar_astra:/home/jetson/yahboomcar_ws/install/yahboomcar_laser:/home/jetson/yahboomcar_ws/install/yahboomcar_ctrl:/home/jetson/yahboomcar_ws/install/yahboomcar_bringup:/home/jetson/yahboomcar_ws/install/yahboomcar_msgs:/home/jetson/yahboomcar_ws/install/yahboomcar_description:${AMENT_PREFIX_PATH} CMAKE_PREFIX_PATH=/home/jetson/yahboomcar_ws/install/yahboomcar_astra:/home/jetson/yahboomcar_ws/install/yahboomcar_laser:/home/jetson/yahboomcar_ws/install/yahboomcar_ctrl:/home/jetson/yahboomcar_ws/install/yahboomcar_bringup:/home/jetson/yahboomcar_ws/install/yahboomcar_msgs:/home/jetson/yahboomcar_ws/install/yahboomcar_description:/home/jetson/yahboomcar_ros2_ws/software/library_ws/install/ydlidar_ros2_driver:/home/jetson/yahboomcar_ros2_ws/software/library_ws/install/web_video_server:/home/jetson/yahboomcar_ros2_ws/software/library_ws/install/teb_local_planner:/home/jetson/yahboomcar_ros2_ws/software/library_ws/install/teb_msgs:/home/jetson/yahboomcar_ros2_ws/software/library_ws/install/sllidar_ros2:/home/jetson/yahboomcar_ros2_ws/software/library_ws/install/slam_gmapping:/home/jetson/yahboomcar_ros2_ws/software/library_ws/install/robot_localization:/home/jetson/yahboomcar_ros2_ws/software/library_ws/install/openslam_gmapping:/home/jetson/yahboomcar_ros2_ws/software/library_ws/install/costmap_converter:/home/jetson/yahboomcar_ros2_ws/software/library_ws/install/costmap_converter_msgs:/home/jetson/yahboomcar_ros2_ws/software/library_ws/install/astra_camera:/home/jetson/yahboomcar_ros2_ws/software/library_ws/install/astra_camera_msgs:/opt/ros/humble LD_LIBRARY_PATH=/home/jetson/yahboomcar_ws/install/yahboomcar_astra/lib:/home/jetson/yahboomcar_ws/install/yahboomcar_msgs/lib:/usr/local/lib:/usr/local/cuda-12.6/lib64:/home/jetson/yahboomcar_ros2_ws/software/library_ws/install/teb_local_planner/lib:/home/jetson/yahboomcar_ros2_ws/software/library_ws/install/teb_msgs/lib:/home/jetson/yahboomcar_ros2_ws/software/library_ws/install/robot_localization/lib:/home/jetson/yahboomcar_ros2_ws/software/library_ws/install/openslam_gmapping/lib:/home/jetson/yahboomcar_ros2_ws/software/library_ws/install/costmap_converter/lib:/home/jetson/yahboomcar_ros2_ws/software/library_ws/install/costmap_converter_msgs/lib:/home/jetson/yahboomcar_ros2_ws/software/library_ws/install/astra_camera/lib:/home/jetson/yahboomcar_ros2_ws/software/library_ws/install/astra_camera_msgs/lib:/opt/ros/humble/opt/rviz_ogre_vendor/lib:/opt/ros/humble/lib/aarch64-linux-gnu:/opt/ros/humble/lib:/usr/local/lib:/usr/local/cuda-12.6/lib64 PYTHONPATH=/home/jetson/yahboomcar_ws/install/yahboomcar_msgs/local/lib/python3.10/dist-packages:${PYTHONPATH} /usr/bin/cmake --build /home/jetson/yahboomcar_ws/build/yahboomcar_slam -- -j6 -l6
