-- Install configuration: ""
-- Up-to-date: /home/jetson/yahboomcar_ws/install/yahboomcar_description/share/yahboomcar_description/urdf
-- Up-to-date: /home/jetson/yahboomcar_ws/install/yahboomcar_description/share/yahboomcar_description/urdf/sensors
-- Up-to-date: /home/jetson/yahboomcar_ws/install/yahboomcar_description/share/yahboomcar_description/urdf/sensors/lidar.xacro
-- Up-to-date: /home/jetson/yahboomcar_ws/install/yahboomcar_description/share/yahboomcar_description/urdf/sensors/imu.xacro
-- Up-to-date: /home/jetson/yahboomcar_ws/install/yahboomcar_description/share/yahboomcar_description/urdf/sensors/camera.xacro
-- Up-to-date: /home/jetson/yahboomcar_ws/install/yahboomcar_description/share/yahboomcar_description/urdf/bak
-- Up-to-date: /home/jetson/yahboomcar_ws/install/yahboomcar_description/share/yahboomcar_description/urdf/bak/yahboomcar_X3plus.urdf.xacro.1
-- Up-to-date: /home/jetson/yahboomcar_ws/install/yahboomcar_description/share/yahboomcar_description/urdf/bak/yahboomcar_X3.urdf
-- Up-to-date: /home/jetson/yahboomcar_ws/install/yahboomcar_description/share/yahboomcar_description/urdf/bak/yahboomcar_X3.gazebo.xacro
-- Up-to-date: /home/jetson/yahboomcar_ws/install/yahboomcar_description/share/yahboomcar_description/urdf/bak/yahboomcar_X3plus.urdf.bak
-- Up-to-date: /home/jetson/yahboomcar_ws/install/yahboomcar_description/share/yahboomcar_description/urdf/bak/yahboomcar_X3plus.urdf
-- Up-to-date: /home/jetson/yahboomcar_ws/install/yahboomcar_description/share/yahboomcar_description/urdf/bak/yahboomcar_X3.urdf.xacro
-- Up-to-date: /home/jetson/yahboomcar_ws/install/yahboomcar_description/share/yahboomcar_description/urdf/bak/yahboomcar_X3plus.urdf.xacro.bak
-- Up-to-date: /home/jetson/yahboomcar_ws/install/yahboomcar_description/share/yahboomcar_description/urdf/bak/yahboomcar_X3plus.gazebo.xacro
-- Up-to-date: /home/jetson/yahboomcar_ws/install/yahboomcar_description/share/yahboomcar_description/urdf/yahboomcar_X3.urdf
-- Up-to-date: /home/jetson/yahboomcar_ws/install/yahboomcar_description/share/yahboomcar_description/urdf/yahboomcar_X3.gazebo.xacro
-- Up-to-date: /home/jetson/yahboomcar_ws/install/yahboomcar_description/share/yahboomcar_description/urdf/yahboomcar_X3plus.urdf
-- Up-to-date: /home/jetson/yahboomcar_ws/install/yahboomcar_description/share/yahboomcar_description/urdf/yahboomcar_X3plus.urdf.xacro_bk
-- Up-to-date: /home/jetson/yahboomcar_ws/install/yahboomcar_description/share/yahboomcar_description/urdf/yahboomcar_X3plus.gazebo.urdf.xacro
-- Up-to-date: /home/jetson/yahboomcar_ws/install/yahboomcar_description/share/yahboomcar_description/urdf/yahboomcar_X3.urdf.xacro
-- Up-to-date: /home/jetson/yahboomcar_ws/install/yahboomcar_description/share/yahboomcar_description/urdf/sensors copy
-- Up-to-date: /home/jetson/yahboomcar_ws/install/yahboomcar_description/share/yahboomcar_description/urdf/sensors copy/lidar.xacro
-- Up-to-date: /home/jetson/yahboomcar_ws/install/yahboomcar_description/share/yahboomcar_description/urdf/sensors copy/imu.xacro
-- Up-to-date: /home/jetson/yahboomcar_ws/install/yahboomcar_description/share/yahboomcar_description/urdf/sensors copy/camera.xacro
-- Up-to-date: /home/jetson/yahboomcar_ws/install/yahboomcar_description/share/yahboomcar_description/urdf/yahboomcar_X3plus.gazebo.xacro
-- Up-to-date: /home/jetson/yahboomcar_ws/install/yahboomcar_description/share/yahboomcar_description/urdf/yahboomcar_X3.gazebo.urdf.xacro
-- Up-to-date: /home/jetson/yahboomcar_ws/install/yahboomcar_description/share/yahboomcar_description/urdf/.ipynb_checkpoints
-- Up-to-date: /home/jetson/yahboomcar_ws/install/yahboomcar_description/share/yahboomcar_description/urdf/.ipynb_checkpoints/yahboomcar_X3plus.urdf-checkpoint.xacro
-- Up-to-date: /home/jetson/yahboomcar_ws/install/yahboomcar_description/share/yahboomcar_description/urdf/yahboomcar_X3plus.urdf.xacro
-- Up-to-date: /home/jetson/yahboomcar_ws/install/yahboomcar_description/share/yahboomcar_description/meshes
-- Up-to-date: /home/jetson/yahboomcar_ws/install/yahboomcar_description/share/yahboomcar_description/meshes/sensor
-- Up-to-date: /home/jetson/yahboomcar_ws/install/yahboomcar_description/share/yahboomcar_description/meshes/sensor/collision
-- Up-to-date: /home/jetson/yahboomcar_ws/install/yahboomcar_description/share/yahboomcar_description/meshes/sensor/collision/laser_link.STL
-- Up-to-date: /home/jetson/yahboomcar_ws/install/yahboomcar_description/share/yahboomcar_description/meshes/sensor/collision/mono_link.STL
-- Up-to-date: /home/jetson/yahboomcar_ws/install/yahboomcar_description/share/yahboomcar_description/meshes/sensor/collision/camera_link.STL
-- Up-to-date: /home/jetson/yahboomcar_ws/install/yahboomcar_description/share/yahboomcar_description/meshes/sensor/visual
-- Up-to-date: /home/jetson/yahboomcar_ws/install/yahboomcar_description/share/yahboomcar_description/meshes/sensor/visual/laser_link.STL
-- Up-to-date: /home/jetson/yahboomcar_ws/install/yahboomcar_description/share/yahboomcar_description/meshes/sensor/visual/mono_link.STL
-- Up-to-date: /home/jetson/yahboomcar_ws/install/yahboomcar_description/share/yahboomcar_description/meshes/sensor/visual/camera_link.STL
-- Up-to-date: /home/jetson/yahboomcar_ws/install/yahboomcar_description/share/yahboomcar_description/meshes/X3
-- Up-to-date: /home/jetson/yahboomcar_ws/install/yahboomcar_description/share/yahboomcar_description/meshes/X3/mecanum
-- Up-to-date: /home/jetson/yahboomcar_ws/install/yahboomcar_description/share/yahboomcar_description/meshes/X3/mecanum/base_link1.stl
-- Up-to-date: /home/jetson/yahboomcar_ws/install/yahboomcar_description/share/yahboomcar_description/meshes/X3/mecanum/base_link.STL
-- Up-to-date: /home/jetson/yahboomcar_ws/install/yahboomcar_description/share/yahboomcar_description/meshes/X3/mecanum/mecanum_left_hands.stl
-- Up-to-date: /home/jetson/yahboomcar_ws/install/yahboomcar_description/share/yahboomcar_description/meshes/X3/mecanum/back_right_wheel.STL
-- Up-to-date: /home/jetson/yahboomcar_ws/install/yahboomcar_description/share/yahboomcar_description/meshes/X3/mecanum/mecanum_right_hands.stl
-- Up-to-date: /home/jetson/yahboomcar_ws/install/yahboomcar_description/share/yahboomcar_description/meshes/X3/mecanum/front_right_wheel.STL
-- Up-to-date: /home/jetson/yahboomcar_ws/install/yahboomcar_description/share/yahboomcar_description/meshes/X3/mecanum/front_left_wheel.STL
-- Up-to-date: /home/jetson/yahboomcar_ws/install/yahboomcar_description/share/yahboomcar_description/meshes/X3/mecanum/hokuyo.dae
-- Up-to-date: /home/jetson/yahboomcar_ws/install/yahboomcar_description/share/yahboomcar_description/meshes/X3/mecanum/kinect.dae
-- Up-to-date: /home/jetson/yahboomcar_ws/install/yahboomcar_description/share/yahboomcar_description/meshes/X3/mecanum/back_left_wheel.STL
-- Up-to-date: /home/jetson/yahboomcar_ws/install/yahboomcar_description/share/yahboomcar_description/meshes/X3/base_link.STL
-- Up-to-date: /home/jetson/yahboomcar_ws/install/yahboomcar_description/share/yahboomcar_description/meshes/X3/back_right_wheel.STL
-- Up-to-date: /home/jetson/yahboomcar_ws/install/yahboomcar_description/share/yahboomcar_description/meshes/X3/front_right_wheel.STL
-- Up-to-date: /home/jetson/yahboomcar_ws/install/yahboomcar_description/share/yahboomcar_description/meshes/X3/front_left_wheel.STL
-- Up-to-date: /home/jetson/yahboomcar_ws/install/yahboomcar_description/share/yahboomcar_description/meshes/X3/back_left_wheel.STL
-- Up-to-date: /home/jetson/yahboomcar_ws/install/yahboomcar_description/share/yahboomcar_description/meshes/X3plus
-- Up-to-date: /home/jetson/yahboomcar_ws/install/yahboomcar_description/share/yahboomcar_description/meshes/X3plus/collision
-- Up-to-date: /home/jetson/yahboomcar_ws/install/yahboomcar_description/share/yahboomcar_description/meshes/X3plus/collision/rlink2.STL
-- Up-to-date: /home/jetson/yahboomcar_ws/install/yahboomcar_description/share/yahboomcar_description/meshes/X3plus/collision/llink2.STL
-- Up-to-date: /home/jetson/yahboomcar_ws/install/yahboomcar_description/share/yahboomcar_description/meshes/X3plus/collision/rlink1.STL
-- Up-to-date: /home/jetson/yahboomcar_ws/install/yahboomcar_description/share/yahboomcar_description/meshes/X3plus/collision/rlink3.STL
-- Up-to-date: /home/jetson/yahboomcar_ws/install/yahboomcar_description/share/yahboomcar_description/meshes/X3plus/collision/base_link.STL
-- Up-to-date: /home/jetson/yahboomcar_ws/install/yahboomcar_description/share/yahboomcar_description/meshes/X3plus/collision/arm_link1.STL
-- Up-to-date: /home/jetson/yahboomcar_ws/install/yahboomcar_description/share/yahboomcar_description/meshes/X3plus/collision/arm_link5.STL
-- Up-to-date: /home/jetson/yahboomcar_ws/install/yahboomcar_description/share/yahboomcar_description/meshes/X3plus/collision/arm_link4.STL
-- Up-to-date: /home/jetson/yahboomcar_ws/install/yahboomcar_description/share/yahboomcar_description/meshes/X3plus/collision/llink1.STL
-- Up-to-date: /home/jetson/yahboomcar_ws/install/yahboomcar_description/share/yahboomcar_description/meshes/X3plus/collision/arm_link3.STL
-- Up-to-date: /home/jetson/yahboomcar_ws/install/yahboomcar_description/share/yahboomcar_description/meshes/X3plus/collision/arm_link2.STL
-- Up-to-date: /home/jetson/yahboomcar_ws/install/yahboomcar_description/share/yahboomcar_description/meshes/X3plus/collision/llink3.STL
-- Up-to-date: /home/jetson/yahboomcar_ws/install/yahboomcar_description/share/yahboomcar_description/meshes/X3plus/visual
-- Up-to-date: /home/jetson/yahboomcar_ws/install/yahboomcar_description/share/yahboomcar_description/meshes/X3plus/visual/rlink2.STL
-- Up-to-date: /home/jetson/yahboomcar_ws/install/yahboomcar_description/share/yahboomcar_description/meshes/X3plus/visual/llink2.STL
-- Up-to-date: /home/jetson/yahboomcar_ws/install/yahboomcar_description/share/yahboomcar_description/meshes/X3plus/visual/rlink1.STL
-- Up-to-date: /home/jetson/yahboomcar_ws/install/yahboomcar_description/share/yahboomcar_description/meshes/X3plus/visual/rlink3.STL
-- Up-to-date: /home/jetson/yahboomcar_ws/install/yahboomcar_description/share/yahboomcar_description/meshes/X3plus/visual/base_link.STL
-- Up-to-date: /home/jetson/yahboomcar_ws/install/yahboomcar_description/share/yahboomcar_description/meshes/X3plus/visual/arm_link1.STL
-- Up-to-date: /home/jetson/yahboomcar_ws/install/yahboomcar_description/share/yahboomcar_description/meshes/X3plus/visual/arm_link5.STL
-- Up-to-date: /home/jetson/yahboomcar_ws/install/yahboomcar_description/share/yahboomcar_description/meshes/X3plus/visual/arm_link4.STL
-- Up-to-date: /home/jetson/yahboomcar_ws/install/yahboomcar_description/share/yahboomcar_description/meshes/X3plus/visual/llink1.STL
-- Up-to-date: /home/jetson/yahboomcar_ws/install/yahboomcar_description/share/yahboomcar_description/meshes/X3plus/visual/arm_link3.STL
-- Up-to-date: /home/jetson/yahboomcar_ws/install/yahboomcar_description/share/yahboomcar_description/meshes/X3plus/visual/arm_link2.STL
-- Up-to-date: /home/jetson/yahboomcar_ws/install/yahboomcar_description/share/yahboomcar_description/meshes/X3plus/visual/llink3.STL
-- Up-to-date: /home/jetson/yahboomcar_ws/install/yahboomcar_description/share/yahboomcar_description/rviz
-- Up-to-date: /home/jetson/yahboomcar_ws/install/yahboomcar_description/share/yahboomcar_description/rviz/yahboomcar.rviz
-- Up-to-date: /home/jetson/yahboomcar_ws/install/yahboomcar_description/share/yahboomcar_description/launch
-- Installing: /home/jetson/yahboomcar_ws/install/yahboomcar_description/share/yahboomcar_description/launch/display.launch.py
-- Up-to-date: /home/jetson/yahboomcar_ws/install/yahboomcar_description/share/ament_index/resource_index/package_run_dependencies/yahboomcar_description
-- Up-to-date: /home/jetson/yahboomcar_ws/install/yahboomcar_description/share/ament_index/resource_index/parent_prefix_path/yahboomcar_description
-- Up-to-date: /home/jetson/yahboomcar_ws/install/yahboomcar_description/share/yahboomcar_description/environment/ament_prefix_path.sh
-- Up-to-date: /home/jetson/yahboomcar_ws/install/yahboomcar_description/share/yahboomcar_description/environment/ament_prefix_path.dsv
-- Up-to-date: /home/jetson/yahboomcar_ws/install/yahboomcar_description/share/yahboomcar_description/environment/path.sh
-- Up-to-date: /home/jetson/yahboomcar_ws/install/yahboomcar_description/share/yahboomcar_description/environment/path.dsv
-- Up-to-date: /home/jetson/yahboomcar_ws/install/yahboomcar_description/share/yahboomcar_description/local_setup.bash
-- Up-to-date: /home/jetson/yahboomcar_ws/install/yahboomcar_description/share/yahboomcar_description/local_setup.sh
-- Up-to-date: /home/jetson/yahboomcar_ws/install/yahboomcar_description/share/yahboomcar_description/local_setup.zsh
-- Up-to-date: /home/jetson/yahboomcar_ws/install/yahboomcar_description/share/yahboomcar_description/local_setup.dsv
-- Up-to-date: /home/jetson/yahboomcar_ws/install/yahboomcar_description/share/yahboomcar_description/package.dsv
-- Up-to-date: /home/jetson/yahboomcar_ws/install/yahboomcar_description/share/ament_index/resource_index/packages/yahboomcar_description
-- Up-to-date: /home/jetson/yahboomcar_ws/install/yahboomcar_description/share/yahboomcar_description/cmake/yahboomcar_descriptionConfig.cmake
-- Up-to-date: /home/jetson/yahboomcar_ws/install/yahboomcar_description/share/yahboomcar_description/cmake/yahboomcar_descriptionConfig-version.cmake
-- Up-to-date: /home/jetson/yahboomcar_ws/install/yahboomcar_description/share/yahboomcar_description/package.xml
