[35m[1mConsolidate compiler generated dependencies of target pointcloud_mapping[0m
[ 33%] [32mBuilding CXX object CMakeFiles/pointcloud_mapping.dir/src/PCLMapper.cpp.o[0m
[ 66%] [32m[1mLinking CXX executable pointcloud_mapping[0m
/usr/bin/ld: warning: libopencv_imgcodecs.so.4.5d, needed by /opt/ros/humble/lib/libcv_bridge.so, may conflict with libopencv_imgcodecs.so.410
/usr/bin/ld: warning: libopencv_imgproc.so.4.5d, needed by /opt/ros/humble/lib/libcv_bridge.so, may conflict with libopencv_imgproc.so.410
/usr/bin/ld: warning: libopencv_core.so.4.5d, needed by /opt/ros/humble/lib/libcv_bridge.so, may conflict with libopencv_core.so.410
[100%] Built target pointcloud_mapping
-- Install configuration: ""
-- Up-to-date: /home/jetson/yahboomcar_ws/install/yahboomcar_slam/share/ament_index/resource_index/package_run_dependencies/yahboomcar_slam
-- Up-to-date: /home/jetson/yahboomcar_ws/install/yahboomcar_slam/share/ament_index/resource_index/parent_prefix_path/yahboomcar_slam
-- Up-to-date: /home/jetson/yahboomcar_ws/install/yahboomcar_slam/share/yahboomcar_slam/environment/ament_prefix_path.sh
-- Up-to-date: /home/jetson/yahboomcar_ws/install/yahboomcar_slam/share/yahboomcar_slam/environment/ament_prefix_path.dsv
-- Up-to-date: /home/jetson/yahboomcar_ws/install/yahboomcar_slam/share/yahboomcar_slam/environment/path.sh
-- Up-to-date: /home/jetson/yahboomcar_ws/install/yahboomcar_slam/share/yahboomcar_slam/environment/path.dsv
-- Up-to-date: /home/jetson/yahboomcar_ws/install/yahboomcar_slam/share/yahboomcar_slam/local_setup.bash
-- Up-to-date: /home/jetson/yahboomcar_ws/install/yahboomcar_slam/share/yahboomcar_slam/local_setup.sh
-- Up-to-date: /home/jetson/yahboomcar_ws/install/yahboomcar_slam/share/yahboomcar_slam/local_setup.zsh
-- Up-to-date: /home/jetson/yahboomcar_ws/install/yahboomcar_slam/share/yahboomcar_slam/local_setup.dsv
-- Installing: /home/jetson/yahboomcar_ws/install/yahboomcar_slam/share/yahboomcar_slam/package.dsv
-- Up-to-date: /home/jetson/yahboomcar_ws/install/yahboomcar_slam/share/ament_index/resource_index/packages/yahboomcar_slam
-- Up-to-date: /home/jetson/yahboomcar_ws/install/yahboomcar_slam/share/yahboomcar_slam/cmake/yahboomcar_slamConfig.cmake
-- Up-to-date: /home/jetson/yahboomcar_ws/install/yahboomcar_slam/share/yahboomcar_slam/cmake/yahboomcar_slamConfig-version.cmake
-- Up-to-date: /home/jetson/yahboomcar_ws/install/yahboomcar_slam/share/yahboomcar_slam/package.xml
-- Installing: /home/jetson/yahboomcar_ws/install/yahboomcar_slam/lib/yahboomcar_slam/pointcloud_mapping
-- Set runtime path of "/home/jetson/yahboomcar_ws/install/yahboomcar_slam/lib/yahboomcar_slam/pointcloud_mapping" to ""
-- Up-to-date: /home/jetson/yahboomcar_ws/install/yahboomcar_slam/share/yahboomcar_slam/launch
-- Up-to-date: /home/jetson/yahboomcar_ws/install/yahboomcar_slam/share/yahboomcar_slam/launch/robot_orb_octomap.launch.py
-- Up-to-date: /home/jetson/yahboomcar_ws/install/yahboomcar_slam/share/yahboomcar_slam/launch/test_pcl_mapping.launch.py
-- Up-to-date: /home/jetson/yahboomcar_ws/install/yahboomcar_slam/share/yahboomcar_slam/launch/camera_driver.launch.py
-- Up-to-date: /home/jetson/yahboomcar_ws/install/yahboomcar_slam/share/yahboomcar_slam/launch/test_orb_slam.launch.py
-- Up-to-date: /home/jetson/yahboomcar_ws/install/yahboomcar_slam/share/yahboomcar_slam/launch/view_orb_octomap.launch.py
-- Up-to-date: /home/jetson/yahboomcar_ws/install/yahboomcar_slam/share/yahboomcar_slam/launch/camera_orb_slam.launch.py
-- Up-to-date: /home/jetson/yahboomcar_ws/install/yahboomcar_slam/share/yahboomcar_slam/launch/robot_orb_slam.launch.py
-- Up-to-date: /home/jetson/yahboomcar_ws/install/yahboomcar_slam/share/yahboomcar_slam/param
-- Up-to-date: /home/jetson/yahboomcar_ws/install/yahboomcar_slam/share/yahboomcar_slam/param/astra.yaml
-- Up-to-date: /home/jetson/yahboomcar_ws/install/yahboomcar_slam/share/yahboomcar_slam/param/ORBvoc.txt
-- Up-to-date: /home/jetson/yahboomcar_ws/install/yahboomcar_slam/share/yahboomcar_slam/param/astra1.0.yaml
-- Up-to-date: /home/jetson/yahboomcar_ws/install/yahboomcar_slam/share/yahboomcar_slam/rviz
-- Up-to-date: /home/jetson/yahboomcar_ws/install/yahboomcar_slam/share/yahboomcar_slam/rviz/orb_octomap.rviz
-- Up-to-date: /home/jetson/yahboomcar_ws/install/yahboomcar_slam/share/yahboomcar_slam/data
-- Up-to-date: /home/jetson/yahboomcar_ws/install/yahboomcar_slam/share/yahboomcar_slam/data/room_scan1.pcd
