[0.057s] Invoking command in '/home/jetson/yahboomcar_ws/src/yahboomcar_laser/build/yahboomcar_laser': CMAKE_PREFIX_PATH=${CMAKE_PREFIX_PATH}:/opt/ros/humble /usr/bin/cmake /home/jetson/yahboomcar_ws/src/yahboomcar_laser -DCMAKE_INSTALL_PREFIX=/home/jetson/yahboomcar_ws/src/yahboomcar_laser/install/yahboomcar_laser
[0.086s] -- Found ament_cmake: 1.3.11 (/opt/ros/humble/share/ament_cmake/cmake)
[0.409s] -- Found rclcpp: 16.0.12 (/opt/ros/humble/share/rclcpp/cmake)
[0.463s] -- Found rosidl_generator_c: 3.1.6 (/opt/ros/humble/share/rosidl_generator_c/cmake)
[0.467s] -- Found rosidl_adapter: 3.1.6 (/opt/ros/humble/share/rosidl_adapter/cmake)
[0.477s] -- Found rosidl_generator_cpp: 3.1.6 (/opt/ros/humble/share/rosidl_generator_cpp/cmake)
[0.493s] -- Using all available rosidl_typesupport_c: rosidl_typesupport_fastrtps_c;rosidl_typesupport_introspection_c
[0.518s] -- Using all available rosidl_typesupport_cpp: rosidl_typesupport_fastrtps_cpp;rosidl_typesupport_introspection_cpp
[0.574s] -- Found rmw_implementation_cmake: 6.1.2 (/opt/ros/humble/share/rmw_implementation_cmake/cmake)
[0.577s] -- Found rmw_fastrtps_cpp: 6.2.7 (/opt/ros/humble/share/rmw_fastrtps_cpp/cmake)
[0.779s] -- Using RMW implementation 'rmw_fastrtps_cpp' as default
[0.864s] -- Found rclpy: 3.3.16 (/opt/ros/humble/share/rclpy/cmake)
[0.865s] -- Found sensor_msgs: 4.8.0 (/opt/ros/humble/share/sensor_msgs/cmake)
[0.913s] -- Found tf2: 0.25.12 (/opt/ros/humble/share/tf2/cmake)
[0.920s] -- Found tf2_ros: 0.25.12 (/opt/ros/humble/share/tf2_ros/cmake)
[1.054s] -- Found ydlidar_ros2_driver: 1.0.1 (/home/jetson/yahboomcar_ros2_ws/software/library_ws/install/ydlidar_ros2_driver/share/ydlidar_ros2_driver/cmake)
[1.061s] -- Found ament_lint_auto: 0.12.12 (/opt/ros/humble/share/ament_lint_auto/cmake)
[1.291s] -- Added test 'copyright' to check source files copyright and LICENSE
[1.306s] -- Added test 'cppcheck' to perform static code analysis on C / C++ code
[1.306s] -- Configured cppcheck include dirs: 
[1.306s] -- Configured cppcheck exclude dirs and/or files: 
[1.320s] -- Added test 'cpplint' to check C / C++ code against the Google style
[1.320s] -- Configured cpplint exclude dirs and/or files: 
[1.323s] -- Added test 'flake8' to check Python code syntax and style conventions
[1.327s] -- Added test 'lint_cmake' to check CMake code style
[1.330s] -- Added test 'pep257' to check Python code against some of the docstring style conventions in PEP 257
[1.343s] -- Added test 'uncrustify' to check C / C++ code style
[1.343s] -- Configured uncrustify additional arguments: 
[1.347s] -- Added test 'xmllint' to check XML markup files
[1.351s] -- Configuring done
[1.364s] -- Generating done
[1.369s] -- Build files have been written to: /home/jetson/yahboomcar_ws/src/yahboomcar_laser/build/yahboomcar_laser
[1.399s] Invoked command in '/home/jetson/yahboomcar_ws/src/yahboomcar_laser/build/yahboomcar_laser' returned '0': CMAKE_PREFIX_PATH=${CMAKE_PREFIX_PATH}:/opt/ros/humble /usr/bin/cmake /home/jetson/yahboomcar_ws/src/yahboomcar_laser -DCMAKE_INSTALL_PREFIX=/home/jetson/yahboomcar_ws/src/yahboomcar_laser/install/yahboomcar_laser
[1.404s] Invoking command in '/home/jetson/yahboomcar_ws/src/yahboomcar_laser/build/yahboomcar_laser': CMAKE_PREFIX_PATH=${CMAKE_PREFIX_PATH}:/opt/ros/humble /usr/bin/cmake --build /home/jetson/yahboomcar_ws/src/yahboomcar_laser/build/yahboomcar_laser -- -j6 -l6
[1.502s] Invoked command in '/home/jetson/yahboomcar_ws/src/yahboomcar_laser/build/yahboomcar_laser' returned '0': CMAKE_PREFIX_PATH=${CMAKE_PREFIX_PATH}:/opt/ros/humble /usr/bin/cmake --build /home/jetson/yahboomcar_ws/src/yahboomcar_laser/build/yahboomcar_laser -- -j6 -l6
[1.528s] Invoking command in '/home/jetson/yahboomcar_ws/src/yahboomcar_laser/build/yahboomcar_laser': CMAKE_PREFIX_PATH=${CMAKE_PREFIX_PATH}:/opt/ros/humble /usr/bin/cmake --install /home/jetson/yahboomcar_ws/src/yahboomcar_laser/build/yahboomcar_laser
[1.548s] -- Install configuration: ""
[1.548s] -- Installing: /home/jetson/yahboomcar_ws/src/yahboomcar_laser/install/yahboomcar_laser/lib/yahboomcar_laser/laser_Avoidance.py
[1.549s] -- Installing: /home/jetson/yahboomcar_ws/src/yahboomcar_laser/install/yahboomcar_laser/lib/yahboomcar_laser/laser_Tracker.py
[1.549s] -- Installing: /home/jetson/yahboomcar_ws/src/yahboomcar_laser/install/yahboomcar_laser/lib/yahboomcar_laser/laser_Warning.py
[1.549s] -- Installing: /home/jetson/yahboomcar_ws/src/yahboomcar_laser/install/yahboomcar_laser/lib/yahboomcar_laser/common.py
[1.549s] -- Installing: /home/jetson/yahboomcar_ws/src/yahboomcar_laser/install/yahboomcar_laser/share/yahboomcar_laser/launch
[1.549s] -- Installing: /home/jetson/yahboomcar_ws/src/yahboomcar_laser/install/yahboomcar_laser/share/yahboomcar_laser/launch/base_rplidar.launch
[1.550s] -- Installing: /home/jetson/yahboomcar_ws/src/yahboomcar_laser/install/yahboomcar_laser/share/yahboomcar_laser/launch/laser_Tracker.launch
[1.550s] -- Installing: /home/jetson/yahboomcar_ws/src/yahboomcar_laser/install/yahboomcar_laser/share/yahboomcar_laser/launch/laser_Avoidance.launch
[1.550s] -- Installing: /home/jetson/yahboomcar_ws/src/yahboomcar_laser/install/yahboomcar_laser/share/yahboomcar_laser/launch/laser_Warning.launch
[1.550s] -- Installing: /home/jetson/yahboomcar_ws/src/yahboomcar_laser/install/yahboomcar_laser/share/yahboomcar_laser/launch/lidar.launch
[1.550s] -- Installing: /home/jetson/yahboomcar_ws/src/yahboomcar_laser/install/yahboomcar_laser/share/yahboomcar_laser/launch/base.launch
[1.551s] -- Installing: /home/jetson/yahboomcar_ws/src/yahboomcar_laser/install/yahboomcar_laser/share/yahboomcar_laser/cfg
[1.551s] -- Installing: /home/jetson/yahboomcar_ws/src/yahboomcar_laser/install/yahboomcar_laser/share/yahboomcar_laser/cfg/laserTrackerPID.cfg
[1.551s] -- Installing: /home/jetson/yahboomcar_ws/src/yahboomcar_laser/install/yahboomcar_laser/share/yahboomcar_laser/cfg/.ipynb_checkpoints
[1.551s] -- Installing: /home/jetson/yahboomcar_ws/src/yahboomcar_laser/install/yahboomcar_laser/share/yahboomcar_laser/cfg/.ipynb_checkpoints/laserTrackerPID-checkpoint.cfg
[1.551s] -- Installing: /home/jetson/yahboomcar_ws/src/yahboomcar_laser/install/yahboomcar_laser/share/yahboomcar_laser/cfg/.ipynb_checkpoints/laserWarningPID-checkpoint.cfg
[1.552s] -- Installing: /home/jetson/yahboomcar_ws/src/yahboomcar_laser/install/yahboomcar_laser/share/yahboomcar_laser/cfg/.ipynb_checkpoints/laserAvoidancePID-checkpoint.cfg
[1.552s] -- Installing: /home/jetson/yahboomcar_ws/src/yahboomcar_laser/install/yahboomcar_laser/share/yahboomcar_laser/cfg/laserAvoidancePID.cfg
[1.552s] -- Installing: /home/jetson/yahboomcar_ws/src/yahboomcar_laser/install/yahboomcar_laser/share/yahboomcar_laser/cfg/laserWarningPID.cfg
[1.552s] -- Installing: /home/jetson/yahboomcar_ws/src/yahboomcar_laser/install/yahboomcar_laser/share/ament_index/resource_index/package_run_dependencies/yahboomcar_laser
[1.552s] -- Installing: /home/jetson/yahboomcar_ws/src/yahboomcar_laser/install/yahboomcar_laser/share/ament_index/resource_index/parent_prefix_path/yahboomcar_laser
[1.553s] -- Installing: /home/jetson/yahboomcar_ws/src/yahboomcar_laser/install/yahboomcar_laser/share/yahboomcar_laser/environment/ament_prefix_path.sh
[1.553s] -- Installing: /home/jetson/yahboomcar_ws/src/yahboomcar_laser/install/yahboomcar_laser/share/yahboomcar_laser/environment/ament_prefix_path.dsv
[1.553s] -- Installing: /home/jetson/yahboomcar_ws/src/yahboomcar_laser/install/yahboomcar_laser/share/yahboomcar_laser/environment/path.sh
[1.554s] -- Installing: /home/jetson/yahboomcar_ws/src/yahboomcar_laser/install/yahboomcar_laser/share/yahboomcar_laser/environment/path.dsv
[1.554s] -- Installing: /home/jetson/yahboomcar_ws/src/yahboomcar_laser/install/yahboomcar_laser/share/yahboomcar_laser/local_setup.bash
[1.554s] -- Installing: /home/jetson/yahboomcar_ws/src/yahboomcar_laser/install/yahboomcar_laser/share/yahboomcar_laser/local_setup.sh
[1.554s] -- Installing: /home/jetson/yahboomcar_ws/src/yahboomcar_laser/install/yahboomcar_laser/share/yahboomcar_laser/local_setup.zsh
[1.554s] -- Installing: /home/jetson/yahboomcar_ws/src/yahboomcar_laser/install/yahboomcar_laser/share/yahboomcar_laser/local_setup.dsv
[1.555s] -- Installing: /home/jetson/yahboomcar_ws/src/yahboomcar_laser/install/yahboomcar_laser/share/yahboomcar_laser/package.dsv
[1.555s] -- Installing: /home/jetson/yahboomcar_ws/src/yahboomcar_laser/install/yahboomcar_laser/share/ament_index/resource_index/packages/yahboomcar_laser
[1.555s] -- Installing: /home/jetson/yahboomcar_ws/src/yahboomcar_laser/install/yahboomcar_laser/share/yahboomcar_laser/cmake/yahboomcar_laserConfig.cmake
[1.556s] -- Installing: /home/jetson/yahboomcar_ws/src/yahboomcar_laser/install/yahboomcar_laser/share/yahboomcar_laser/cmake/yahboomcar_laserConfig-version.cmake
[1.556s] -- Installing: /home/jetson/yahboomcar_ws/src/yahboomcar_laser/install/yahboomcar_laser/share/yahboomcar_laser/package.xml
[1.562s] Invoked command in '/home/jetson/yahboomcar_ws/src/yahboomcar_laser/build/yahboomcar_laser' returned '0': CMAKE_PREFIX_PATH=${CMAKE_PREFIX_PATH}:/opt/ros/humble /usr/bin/cmake --install /home/jetson/yahboomcar_ws/src/yahboomcar_laser/build/yahboomcar_laser
