-- Found ament_cmake: 1.3.11 (/opt/ros/humble/share/ament_cmake/cmake)
-- Found rclcpp: 16.0.12 (/opt/ros/humble/share/rclcpp/cmake)
-- Found rosidl_generator_c: 3.1.6 (/opt/ros/humble/share/rosidl_generator_c/cmake)
-- Found rosidl_adapter: 3.1.6 (/opt/ros/humble/share/rosidl_adapter/cmake)
-- Found rosidl_generator_cpp: 3.1.6 (/opt/ros/humble/share/rosidl_generator_cpp/cmake)
-- Using all available rosidl_typesupport_c: rosidl_typesupport_fastrtps_c;rosidl_typesupport_introspection_c
-- Using all available rosidl_typesupport_cpp: rosidl_typesupport_fastrtps_cpp;rosidl_typesupport_introspection_cpp
-- Found rmw_implementation_cmake: 6.1.2 (/opt/ros/humble/share/rmw_implementation_cmake/cmake)
-- Found rmw_fastrtps_cpp: 6.2.7 (/opt/ros/humble/share/rmw_fastrtps_cpp/cmake)
-- Using RMW implementation 'rmw_fastrtps_cpp' as default
-- Found sensor_msgs: 4.8.0 (/opt/ros/humble/share/sensor_msgs/cmake)
-- Found nav_msgs: 4.8.0 (/opt/ros/humble/share/nav_msgs/cmake)
-- Found cv_bridge: 3.2.1 (/opt/ros/humble/share/cv_bridge/cmake)
-- Found message_filters: 4.3.7 (/opt/ros/humble/share/message_filters/cmake)
-- Found ORB_SLAM2: /home/jetson/yahboomcar_ros2_ws/software/orbslam2/ORB_SLAM2-master/lib/libORB_SLAM2.so  
-- Configuring done
-- Generating done
-- Build files have been written to: /home/jetson/yahboomcar_ws/build/ros2_orbslam
[  8%] [32mBuilding CXX object CMakeFiles/rgbd.dir/src/rgbd/rgbd.cpp.o[0m
[ 16%] [32mBuilding CXX object CMakeFiles/rgbd.dir/src/rgbd/rgbd-slam-node.cpp.o[0m
[ 25%] [32mBuilding CXX object CMakeFiles/mono.dir/src/monocular/monocular-slam-node.cpp.o[0m
[ 33%] [32mBuilding CXX object CMakeFiles/mono.dir/src/monocular/mono.cpp.o[0m
[ 41%] [32mBuilding CXX object CMakeFiles/rgbd_pose.dir/src/rgbd_pose/rgbd_pose.cpp.o[0m
[ 50%] [32mBuilding CXX object CMakeFiles/stereo.dir/src/stereo/stereo.cpp.o[0m
[ 58%] [32mBuilding CXX object CMakeFiles/rgbd_pose.dir/src/rgbd_pose/rgbd-slam-pose-node.cpp.o[0m
[ 66%] [32mBuilding CXX object CMakeFiles/stereo.dir/src/stereo/stereo-slam-node.cpp.o[0m
[ 75%] [32m[1mLinking CXX executable mono[0m
[ 75%] Built target mono
[ 83%] [32m[1mLinking CXX executable rgbd[0m
[ 83%] Built target rgbd
[ 91%] [32m[1mLinking CXX executable stereo[0m
[ 91%] Built target stereo
[100%] [32m[1mLinking CXX executable rgbd_pose[0m
[100%] Built target rgbd_pose
-- Install configuration: ""
-- Installing: /home/jetson/yahboomcar_ws/install/ros2_orbslam/lib/ros2_orbslam/mono
-- Set runtime path of "/home/jetson/yahboomcar_ws/install/ros2_orbslam/lib/ros2_orbslam/mono" to ""
-- Installing: /home/jetson/yahboomcar_ws/install/ros2_orbslam/lib/ros2_orbslam/rgbd
-- Set runtime path of "/home/jetson/yahboomcar_ws/install/ros2_orbslam/lib/ros2_orbslam/rgbd" to ""
-- Installing: /home/jetson/yahboomcar_ws/install/ros2_orbslam/lib/ros2_orbslam/rgbd_pose
-- Set runtime path of "/home/jetson/yahboomcar_ws/install/ros2_orbslam/lib/ros2_orbslam/rgbd_pose" to ""
-- Installing: /home/jetson/yahboomcar_ws/install/ros2_orbslam/lib/ros2_orbslam/stereo
-- Set runtime path of "/home/jetson/yahboomcar_ws/install/ros2_orbslam/lib/ros2_orbslam/stereo" to ""
-- Installing: /home/jetson/yahboomcar_ws/install/ros2_orbslam/share/ament_index/resource_index/package_run_dependencies/ros2_orbslam
-- Installing: /home/jetson/yahboomcar_ws/install/ros2_orbslam/share/ament_index/resource_index/parent_prefix_path/ros2_orbslam
-- Installing: /home/jetson/yahboomcar_ws/install/ros2_orbslam/share/ros2_orbslam/environment/ament_prefix_path.sh
-- Installing: /home/jetson/yahboomcar_ws/install/ros2_orbslam/share/ros2_orbslam/environment/ament_prefix_path.dsv
-- Installing: /home/jetson/yahboomcar_ws/install/ros2_orbslam/share/ros2_orbslam/environment/path.sh
-- Installing: /home/jetson/yahboomcar_ws/install/ros2_orbslam/share/ros2_orbslam/environment/path.dsv
-- Installing: /home/jetson/yahboomcar_ws/install/ros2_orbslam/share/ros2_orbslam/local_setup.bash
-- Installing: /home/jetson/yahboomcar_ws/install/ros2_orbslam/share/ros2_orbslam/local_setup.sh
-- Installing: /home/jetson/yahboomcar_ws/install/ros2_orbslam/share/ros2_orbslam/local_setup.zsh
-- Installing: /home/jetson/yahboomcar_ws/install/ros2_orbslam/share/ros2_orbslam/local_setup.dsv
-- Installing: /home/jetson/yahboomcar_ws/install/ros2_orbslam/share/ros2_orbslam/package.dsv
-- Installing: /home/jetson/yahboomcar_ws/install/ros2_orbslam/share/ament_index/resource_index/packages/ros2_orbslam
-- Installing: /home/jetson/yahboomcar_ws/install/ros2_orbslam/share/ros2_orbslam/cmake/ros2_orbslamConfig.cmake
-- Installing: /home/jetson/yahboomcar_ws/install/ros2_orbslam/share/ros2_orbslam/cmake/ros2_orbslamConfig-version.cmake
-- Installing: /home/jetson/yahboomcar_ws/install/ros2_orbslam/share/ros2_orbslam/package.xml
