[35m[1mConsolidate compiler generated dependencies of target pointcloud_mapping[0m
[ 33%] [32mBuilding CXX object CMakeFiles/pointcloud_mapping.dir/src/PCLMapper.cpp.o[0m
[01m[K/home/jetson/yahboomcar_ws/src/yahboomcar_slam/src/PCLMapper.cpp:[m[K In constructor ‘[01m[KMapping::PointCloudMapper::PointCloudMapper()[m[K’:
[01m[K/home/jetson/yahboomcar_ws/src/yahboomcar_slam/src/PCLMapper.cpp:108:105:[m[K [01;31m[Kerror: [m[Kno matching function for call to ‘[01m[Kimage_transport::TransportHints::TransportHints(std::shared_ptr<rclcpp::Node>, const char*)[m[K’
  108 |         image_transport::TransportHints hints(shared_from_this(), mbuseCompressed ? "compressed" : "raw"[01;31m[K)[m[K;
      |                                                                                                         [01;31m[K^[m[K
In file included from [01m[K/opt/ros/humble/include/image_transport/image_transport/image_transport.hpp:43[m[K,
                 from [01m[K/home/jetson/yahboomcar_ws/src/yahboomcar_slam/include/yahboomcar_slam/PCLMapper.h:63[m[K,
                 from [01m[K/home/jetson/yahboomcar_ws/src/yahboomcar_slam/src/PCLMapper.cpp:26[m[K:
[01m[K/opt/ros/humble/include/image_transport/image_transport/transport_hints.hpp:61:3:[m[K [01;36m[Knote: [m[Kcandidate: ‘[01m[Kimage_transport::TransportHints::TransportHints(const rclcpp::Node*, const string&, const string&)[m[K’
   61 |   [01;36m[KTransportHints[m[K(
      |   [01;36m[K^~~~~~~~~~~~~~[m[K
[01m[K/opt/ros/humble/include/image_transport/image_transport/transport_hints.hpp:62:26:[m[K [01;36m[Knote: [m[K  no known conversion for argument 1 from ‘[01m[Kstd::shared_ptr<rclcpp::Node>[m[K’ to ‘[01m[Kconst rclcpp::Node*[m[K’
   62 |     [01;36m[Kconst rclcpp::Node * node[m[K,
      |     [01;36m[K~~~~~~~~~~~~~~~~~~~~~^~~~[m[K
[01m[K/opt/ros/humble/include/image_transport/image_transport/transport_hints.hpp:45:7:[m[K [01;36m[Knote: [m[Kcandidate: ‘[01m[Kimage_transport::TransportHints::TransportHints(const image_transport::TransportHints&)[m[K’
   45 | class [01;36m[KTransportHints[m[K
      |       [01;36m[K^~~~~~~~~~~~~~[m[K
[01m[K/opt/ros/humble/include/image_transport/image_transport/transport_hints.hpp:45:7:[m[K [01;36m[Knote: [m[K  candidate expects 1 argument, 2 provided
[01m[K/opt/ros/humble/include/image_transport/image_transport/transport_hints.hpp:45:7:[m[K [01;36m[Knote: [m[Kcandidate: ‘[01m[Kimage_transport::TransportHints::TransportHints(image_transport::TransportHints&&)[m[K’
[01m[K/opt/ros/humble/include/image_transport/image_transport/transport_hints.hpp:45:7:[m[K [01;36m[Knote: [m[K  candidate expects 1 argument, 2 provided
[01m[K/home/jetson/yahboomcar_ws/src/yahboomcar_slam/src/PCLMapper.cpp:109:76:[m[K [01;31m[Kerror: [m[Kcannot convert ‘[01m[Kstd::shared_ptr<image_transport::SubscriberFilter>[m[K’ to ‘[01m[Kimage_transport::SubscriberFilter*[m[K’ in assignment
  109 |         subImageColor = [01;31m[Kstd::make_shared<image_transport::SubscriberFilter>(this, topicColor, "raw")[m[K;
      |                         [01;31m[K~~~~~~~~~~~~~~~~~~~~~~~~~~~~~~~~~~~~~~~~~~~~~~~~~~~^~~~~~~~~~~~~~~~~~~~~~~~~[m[K
      |                                                                            [01;31m[K|[m[K
      |                                                                            [01;31m[Kstd::shared_ptr<image_transport::SubscriberFilter>[m[K
[01m[K/home/jetson/yahboomcar_ws/src/yahboomcar_slam/src/PCLMapper.cpp:110:76:[m[K [01;31m[Kerror: [m[Kcannot convert ‘[01m[Kstd::shared_ptr<image_transport::SubscriberFilter>[m[K’ to ‘[01m[Kimage_transport::SubscriberFilter*[m[K’ in assignment
  110 |         subImageDepth = [01;31m[Kstd::make_shared<image_transport::SubscriberFilter>(this, topicDepth, "raw")[m[K;
      |                         [01;31m[K~~~~~~~~~~~~~~~~~~~~~~~~~~~~~~~~~~~~~~~~~~~~~~~~~~~^~~~~~~~~~~~~~~~~~~~~~~~~[m[K
      |                                                                            [01;31m[K|[m[K
      |                                                                            [01;31m[Kstd::shared_ptr<image_transport::SubscriberFilter>[m[K
[01m[K/home/jetson/yahboomcar_ws/src/yahboomcar_slam/src/PCLMapper.cpp:111:97:[m[K [01;31m[Kerror: [m[Kcannot convert ‘[01m[Kstd::shared_ptr<message_filters::Subscriber<geometry_msgs::msg::PoseStamped_<std::allocator<void> > > >[m[K’ to ‘[01m[Kmessage_filters::Subscriber<geometry_msgs::msg::PoseStamped_<std::allocator<void> > >*[m[K’ in assignment
  111 |         tcw_sub = [01;31m[Kstd::make_shared<message_filters::Subscriber<geometry_msgs::msg::PoseStamped>>(shared_from_this(), topicTcw, rmw_qos_profile_default)[m[K;
      |                   [01;31m[K~~~~~~~~~~~~~~~~~~~~~~~~~~~~~~~~~~~~~~~~~~~~~~~~~~~~~~~~~~~~~~~~~~~~~~~~~~~~~~^~~~~~~~~~~~~~~~~~~~~~~~~~~~~~~~~~~~~~~~~~~~~~~~~~~~~~~[m[K
      |                                                                                                 [01;31m[K|[m[K
      |                                                                                                 [01;31m[Kstd::shared_ptr<message_filters::Subscriber<geometry_msgs::msg::PoseStamped_<std::allocator<void> > > >[m[K
gmake[2]: *** [CMakeFiles/pointcloud_mapping.dir/build.make:90: CMakeFiles/pointcloud_mapping.dir/src/PCLMapper.cpp.o] Error 1
gmake[1]: *** [CMakeFiles/Makefile2:137: CMakeFiles/pointcloud_mapping.dir/all] Error 2
gmake: *** [Makefile:146: all] Error 2
