[0.055s] Invoking command in '/home/jetson/yahboomcar_ws/build/yahboomcar_slam': AMENT_PREFIX_PATH=/home/jetson/yahboomcar_ws/install/yahboomcar_astra:/home/jetson/yahboomcar_ws/install/yahboomcar_laser:/home/jetson/yahboomcar_ws/install/yahboomcar_ctrl:/home/jetson/yahboomcar_ws/install/yahboomcar_bringup:/home/jetson/yahboomcar_ws/install/yahboomcar_msgs:/home/jetson/yahboomcar_ws/install/yahboomcar_description:${AMENT_PREFIX_PATH} CMAKE_PREFIX_PATH=/home/jetson/yahboomcar_ws/install/yahboomcar_astra:/home/jetson/yahboomcar_ws/install/yahboomcar_laser:/home/jetson/yahboomcar_ws/install/yahboomcar_ctrl:/home/jetson/yahboomcar_ws/install/yahboomcar_bringup:/home/jetson/yahboomcar_ws/install/yahboomcar_msgs:/home/jetson/yahboomcar_ws/install/yahboomcar_description:/home/jetson/yahboomcar_ros2_ws/software/library_ws/install/ydlidar_ros2_driver:/home/jetson/yahboomcar_ros2_ws/software/library_ws/install/web_video_server:/home/jetson/yahboomcar_ros2_ws/software/library_ws/install/teb_local_planner:/home/jetson/yahboomcar_ros2_ws/software/library_ws/install/teb_msgs:/home/jetson/yahboomcar_ros2_ws/software/library_ws/install/sllidar_ros2:/home/jetson/yahboomcar_ros2_ws/software/library_ws/install/slam_gmapping:/home/jetson/yahboomcar_ros2_ws/software/library_ws/install/robot_localization:/home/jetson/yahboomcar_ros2_ws/software/library_ws/install/openslam_gmapping:/home/jetson/yahboomcar_ros2_ws/software/library_ws/install/costmap_converter:/home/jetson/yahboomcar_ros2_ws/software/library_ws/install/costmap_converter_msgs:/home/jetson/yahboomcar_ros2_ws/software/library_ws/install/astra_camera:/home/jetson/yahboomcar_ros2_ws/software/library_ws/install/astra_camera_msgs:/opt/ros/humble LD_LIBRARY_PATH=/home/jetson/yahboomcar_ws/install/yahboomcar_astra/lib:/home/jetson/yahboomcar_ws/install/yahboomcar_msgs/lib:/usr/local/lib:/usr/local/cuda-12.6/lib64:/home/jetson/yahboomcar_ros2_ws/software/library_ws/install/teb_local_planner/lib:/home/jetson/yahboomcar_ros2_ws/software/library_ws/install/teb_msgs/lib:/home/jetson/yahboomcar_ros2_ws/software/library_ws/install/robot_localization/lib:/home/jetson/yahboomcar_ros2_ws/software/library_ws/install/openslam_gmapping/lib:/home/jetson/yahboomcar_ros2_ws/software/library_ws/install/costmap_converter/lib:/home/jetson/yahboomcar_ros2_ws/software/library_ws/install/costmap_converter_msgs/lib:/home/jetson/yahboomcar_ros2_ws/software/library_ws/install/astra_camera/lib:/home/jetson/yahboomcar_ros2_ws/software/library_ws/install/astra_camera_msgs/lib:/opt/ros/humble/opt/rviz_ogre_vendor/lib:/opt/ros/humble/lib/aarch64-linux-gnu:/opt/ros/humble/lib:/usr/local/lib:/usr/local/cuda-12.6/lib64 PYTHONPATH=/home/jetson/yahboomcar_ws/install/yahboomcar_msgs/local/lib/python3.10/dist-packages:${PYTHONPATH} /usr/bin/cmake --build /home/jetson/yahboomcar_ws/build/yahboomcar_slam -- -j6 -l6
[0.251s] [35m[1mConsolidate compiler generated dependencies of target pointcloud_mapping[0m
[0.446s] [ 33%] [32mBuilding CXX object CMakeFiles/pointcloud_mapping.dir/src/PCLMapper.cpp.o[0m
[23.254s] [01m[K/home/jetson/yahboomcar_ws/src/yahboomcar_slam/src/PCLMapper.cpp:[m[K In constructor ‘[01m[KMapping::PointCloudMapper::PointCloudMapper()[m[K’:
[23.254s] [01m[K/home/jetson/yahboomcar_ws/src/yahboomcar_slam/src/PCLMapper.cpp:108:105:[m[K [01;31m[Kerror: [m[Kno matching function for call to ‘[01m[Kimage_transport::TransportHints::TransportHints(std::shared_ptr<rclcpp::Node>, const char*)[m[K’
[23.254s]   108 |         image_transport::TransportHints hints(shared_from_this(), mbuseCompressed ? "compressed" : "raw"[01;31m[K)[m[K;
[23.254s]       |                                                                                                         [01;31m[K^[m[K
[23.254s] In file included from [01m[K/opt/ros/humble/include/image_transport/image_transport/image_transport.hpp:43[m[K,
[23.254s]                  from [01m[K/home/jetson/yahboomcar_ws/src/yahboomcar_slam/include/yahboomcar_slam/PCLMapper.h:63[m[K,
[23.254s]                  from [01m[K/home/jetson/yahboomcar_ws/src/yahboomcar_slam/src/PCLMapper.cpp:26[m[K:
[23.255s] [01m[K/opt/ros/humble/include/image_transport/image_transport/transport_hints.hpp:61:3:[m[K [01;36m[Knote: [m[Kcandidate: ‘[01m[Kimage_transport::TransportHints::TransportHints(const rclcpp::Node*, const string&, const string&)[m[K’
[23.255s]    61 |   [01;36m[KTransportHints[m[K(
[23.255s]       |   [01;36m[K^~~~~~~~~~~~~~[m[K
[23.255s] [01m[K/opt/ros/humble/include/image_transport/image_transport/transport_hints.hpp:62:26:[m[K [01;36m[Knote: [m[K  no known conversion for argument 1 from ‘[01m[Kstd::shared_ptr<rclcpp::Node>[m[K’ to ‘[01m[Kconst rclcpp::Node*[m[K’
[23.255s]    62 |     [01;36m[Kconst rclcpp::Node * node[m[K,
[23.255s]       |     [01;36m[K~~~~~~~~~~~~~~~~~~~~~^~~~[m[K
[23.255s] [01m[K/opt/ros/humble/include/image_transport/image_transport/transport_hints.hpp:45:7:[m[K [01;36m[Knote: [m[Kcandidate: ‘[01m[Kimage_transport::TransportHints::TransportHints(const image_transport::TransportHints&)[m[K’
[23.256s]    45 | class [01;36m[KTransportHints[m[K
[23.256s]       |       [01;36m[K^~~~~~~~~~~~~~[m[K
[23.256s] [01m[K/opt/ros/humble/include/image_transport/image_transport/transport_hints.hpp:45:7:[m[K [01;36m[Knote: [m[K  candidate expects 1 argument, 2 provided
[23.256s] [01m[K/opt/ros/humble/include/image_transport/image_transport/transport_hints.hpp:45:7:[m[K [01;36m[Knote: [m[Kcandidate: ‘[01m[Kimage_transport::TransportHints::TransportHints(image_transport::TransportHints&&)[m[K’
[23.256s] [01m[K/opt/ros/humble/include/image_transport/image_transport/transport_hints.hpp:45:7:[m[K [01;36m[Knote: [m[K  candidate expects 1 argument, 2 provided
[23.263s] [01m[K/home/jetson/yahboomcar_ws/src/yahboomcar_slam/src/PCLMapper.cpp:109:76:[m[K [01;31m[Kerror: [m[Kcannot convert ‘[01m[Kstd::shared_ptr<image_transport::SubscriberFilter>[m[K’ to ‘[01m[Kimage_transport::SubscriberFilter*[m[K’ in assignment
[23.263s]   109 |         subImageColor = [01;31m[Kstd::make_shared<image_transport::SubscriberFilter>(this, topicColor, "raw")[m[K;
[23.263s]       |                         [01;31m[K~~~~~~~~~~~~~~~~~~~~~~~~~~~~~~~~~~~~~~~~~~~~~~~~~~~^~~~~~~~~~~~~~~~~~~~~~~~~[m[K
[23.264s]       |                                                                            [01;31m[K|[m[K
[23.264s]       |                                                                            [01;31m[Kstd::shared_ptr<image_transport::SubscriberFilter>[m[K
[23.265s] [01m[K/home/jetson/yahboomcar_ws/src/yahboomcar_slam/src/PCLMapper.cpp:110:76:[m[K [01;31m[Kerror: [m[Kcannot convert ‘[01m[Kstd::shared_ptr<image_transport::SubscriberFilter>[m[K’ to ‘[01m[Kimage_transport::SubscriberFilter*[m[K’ in assignment
[23.265s]   110 |         subImageDepth = [01;31m[Kstd::make_shared<image_transport::SubscriberFilter>(this, topicDepth, "raw")[m[K;
[23.265s]       |                         [01;31m[K~~~~~~~~~~~~~~~~~~~~~~~~~~~~~~~~~~~~~~~~~~~~~~~~~~~^~~~~~~~~~~~~~~~~~~~~~~~~[m[K
[23.265s]       |                                                                            [01;31m[K|[m[K
[23.265s]       |                                                                            [01;31m[Kstd::shared_ptr<image_transport::SubscriberFilter>[m[K
[23.270s] [01m[K/home/jetson/yahboomcar_ws/src/yahboomcar_slam/src/PCLMapper.cpp:111:97:[m[K [01;31m[Kerror: [m[Kcannot convert ‘[01m[Kstd::shared_ptr<message_filters::Subscriber<geometry_msgs::msg::PoseStamped_<std::allocator<void> > > >[m[K’ to ‘[01m[Kmessage_filters::Subscriber<geometry_msgs::msg::PoseStamped_<std::allocator<void> > >*[m[K’ in assignment
[23.271s]   111 |         tcw_sub = [01;31m[Kstd::make_shared<message_filters::Subscriber<geometry_msgs::msg::PoseStamped>>(shared_from_this(), topicTcw, rmw_qos_profile_default)[m[K;
[23.271s]       |                   [01;31m[K~~~~~~~~~~~~~~~~~~~~~~~~~~~~~~~~~~~~~~~~~~~~~~~~~~~~~~~~~~~~~~~~~~~~~~~~~~~~~~^~~~~~~~~~~~~~~~~~~~~~~~~~~~~~~~~~~~~~~~~~~~~~~~~~~~~~~[m[K
[23.271s]       |                                                                                                 [01;31m[K|[m[K
[23.271s]       |                                                                                                 [01;31m[Kstd::shared_ptr<message_filters::Subscriber<geometry_msgs::msg::PoseStamped_<std::allocator<void> > > >[m[K
[37.572s] gmake[2]: *** [CMakeFiles/pointcloud_mapping.dir/build.make:90: CMakeFiles/pointcloud_mapping.dir/src/PCLMapper.cpp.o] Error 1
[37.573s] gmake[1]: *** [CMakeFiles/Makefile2:137: CMakeFiles/pointcloud_mapping.dir/all] Error 2
[37.573s] gmake: *** [Makefile:146: all] Error 2
[37.579s] Invoked command in '/home/jetson/yahboomcar_ws/build/yahboomcar_slam' returned '2': AMENT_PREFIX_PATH=/home/jetson/yahboomcar_ws/install/yahboomcar_astra:/home/jetson/yahboomcar_ws/install/yahboomcar_laser:/home/jetson/yahboomcar_ws/install/yahboomcar_ctrl:/home/jetson/yahboomcar_ws/install/yahboomcar_bringup:/home/jetson/yahboomcar_ws/install/yahboomcar_msgs:/home/jetson/yahboomcar_ws/install/yahboomcar_description:${AMENT_PREFIX_PATH} CMAKE_PREFIX_PATH=/home/jetson/yahboomcar_ws/install/yahboomcar_astra:/home/jetson/yahboomcar_ws/install/yahboomcar_laser:/home/jetson/yahboomcar_ws/install/yahboomcar_ctrl:/home/jetson/yahboomcar_ws/install/yahboomcar_bringup:/home/jetson/yahboomcar_ws/install/yahboomcar_msgs:/home/jetson/yahboomcar_ws/install/yahboomcar_description:/home/jetson/yahboomcar_ros2_ws/software/library_ws/install/ydlidar_ros2_driver:/home/jetson/yahboomcar_ros2_ws/software/library_ws/install/web_video_server:/home/jetson/yahboomcar_ros2_ws/software/library_ws/install/teb_local_planner:/home/jetson/yahboomcar_ros2_ws/software/library_ws/install/teb_msgs:/home/jetson/yahboomcar_ros2_ws/software/library_ws/install/sllidar_ros2:/home/jetson/yahboomcar_ros2_ws/software/library_ws/install/slam_gmapping:/home/jetson/yahboomcar_ros2_ws/software/library_ws/install/robot_localization:/home/jetson/yahboomcar_ros2_ws/software/library_ws/install/openslam_gmapping:/home/jetson/yahboomcar_ros2_ws/software/library_ws/install/costmap_converter:/home/jetson/yahboomcar_ros2_ws/software/library_ws/install/costmap_converter_msgs:/home/jetson/yahboomcar_ros2_ws/software/library_ws/install/astra_camera:/home/jetson/yahboomcar_ros2_ws/software/library_ws/install/astra_camera_msgs:/opt/ros/humble LD_LIBRARY_PATH=/home/jetson/yahboomcar_ws/install/yahboomcar_astra/lib:/home/jetson/yahboomcar_ws/install/yahboomcar_msgs/lib:/usr/local/lib:/usr/local/cuda-12.6/lib64:/home/jetson/yahboomcar_ros2_ws/software/library_ws/install/teb_local_planner/lib:/home/jetson/yahboomcar_ros2_ws/software/library_ws/install/teb_msgs/lib:/home/jetson/yahboomcar_ros2_ws/software/library_ws/install/robot_localization/lib:/home/jetson/yahboomcar_ros2_ws/software/library_ws/install/openslam_gmapping/lib:/home/jetson/yahboomcar_ros2_ws/software/library_ws/install/costmap_converter/lib:/home/jetson/yahboomcar_ros2_ws/software/library_ws/install/costmap_converter_msgs/lib:/home/jetson/yahboomcar_ros2_ws/software/library_ws/install/astra_camera/lib:/home/jetson/yahboomcar_ros2_ws/software/library_ws/install/astra_camera_msgs/lib:/opt/ros/humble/opt/rviz_ogre_vendor/lib:/opt/ros/humble/lib/aarch64-linux-gnu:/opt/ros/humble/lib:/usr/local/lib:/usr/local/cuda-12.6/lib64 PYTHONPATH=/home/jetson/yahboomcar_ws/install/yahboomcar_msgs/local/lib/python3.10/dist-packages:${PYTHONPATH} /usr/bin/cmake --build /home/jetson/yahboomcar_ws/build/yahboomcar_slam -- -j6 -l6
