[0.055s] Invoking command in '/home/jetson/yahboomcar_ws/src/yahboomcar_laser/build/yahboomcar_laser': CMAKE_PREFIX_PATH=${CMAKE_PREFIX_PATH}:/opt/ros/humble /usr/bin/cmake /home/jetson/yahboomcar_ws/src/yahboomcar_laser -DCMAKE_INSTALL_PREFIX=/home/jetson/yahboomcar_ws/src/yahboomcar_laser/install/yahboomcar_laser
[0.227s] -- The C compiler identification is GNU 11.4.0
[0.385s] -- The CXX compiler identification is GNU 11.4.0
[0.409s] -- Detecting C compiler ABI info
[0.595s] -- Detecting C compiler ABI info - done
[0.614s] -- Check for working C compiler: /usr/bin/cc - skipped
[0.615s] -- Detecting C compile features
[0.617s] -- Detecting C compile features - done
[0.627s] -- Detecting CXX compiler ABI info
[0.809s] -- Detecting CXX compiler ABI info - done
[0.826s] -- Check for working CXX compiler: /usr/bin/c++ - skipped
[0.826s] -- Detecting CXX compile features
[0.827s] -- Detecting CXX compile features - done
[0.841s] -- Found ament_cmake: 1.3.11 (/opt/ros/humble/share/ament_cmake/cmake)
[1.782s] -- Found Python3: /usr/bin/python3 (found version "3.10.12") found components: Interpreter 
[2.090s] -- Found rclcpp: 16.0.12 (/opt/ros/humble/share/rclcpp/cmake)
[2.209s] -- Found rosidl_generator_c: 3.1.6 (/opt/ros/humble/share/rosidl_generator_c/cmake)
[2.225s] -- Found rosidl_adapter: 3.1.6 (/opt/ros/humble/share/rosidl_adapter/cmake)
[2.248s] -- Found rosidl_generator_cpp: 3.1.6 (/opt/ros/humble/share/rosidl_generator_cpp/cmake)
[2.281s] -- Using all available rosidl_typesupport_c: rosidl_typesupport_fastrtps_c;rosidl_typesupport_introspection_c
[2.323s] -- Using all available rosidl_typesupport_cpp: rosidl_typesupport_fastrtps_cpp;rosidl_typesupport_introspection_cpp
[2.443s] -- Found rmw_implementation_cmake: 6.1.2 (/opt/ros/humble/share/rmw_implementation_cmake/cmake)
[2.453s] -- Found rmw_fastrtps_cpp: 6.2.7 (/opt/ros/humble/share/rmw_fastrtps_cpp/cmake)
[2.661s] -- Found OpenSSL: /usr/lib/aarch64-linux-gnu/libcrypto.so (found version "3.0.2")  
[2.727s] -- Found FastRTPS: /opt/ros/humble/include  
[2.816s] -- Using RMW implementation 'rmw_fastrtps_cpp' as default
[2.845s] -- Looking for pthread.h
[3.032s] -- Looking for pthread.h - found
[3.033s] -- Performing Test CMAKE_HAVE_LIBC_PTHREAD
[3.215s] -- Performing Test CMAKE_HAVE_LIBC_PTHREAD - Success
[3.221s] -- Found Threads: TRUE  
[3.370s] -- Found rclpy: 3.3.16 (/opt/ros/humble/share/rclpy/cmake)
[3.376s] -- Found sensor_msgs: 4.8.0 (/opt/ros/humble/share/sensor_msgs/cmake)
[3.451s] -- Found tf2: 0.25.12 (/opt/ros/humble/share/tf2/cmake)
[3.478s] -- Found tf2_ros: 0.25.12 (/opt/ros/humble/share/tf2_ros/cmake)
[3.682s] -- Found ydlidar_ros2_driver: 1.0.1 (/home/jetson/yahboomcar_ros2_ws/software/library_ws/install/ydlidar_ros2_driver/share/ydlidar_ros2_driver/cmake)
[3.886s] [31mCMake Error at /opt/ros/humble/share/ament_cmake_python/cmake/ament_python_install_package.cmake:66 (message):
[3.887s]   ament_python_install_package() the Python package folder
[3.887s]   '/home/jetson/yahboomcar_ws/src/yahboomcar_laser/yahboomcar_laser' doesn't
[3.887s]   contain an '__init__.py' file
[3.888s] Call Stack (most recent call first):
[3.888s]   /opt/ros/humble/share/ament_cmake_python/cmake/ament_python_install_package.cmake:39 (_ament_cmake_python_install_package)
[3.888s]   CMakeLists.txt:19 (ament_python_install_package)
[3.888s] 
[3.888s] [0m
[3.889s] -- Configuring incomplete, errors occurred!
[3.889s] See also "/home/jetson/yahboomcar_ws/src/yahboomcar_laser/build/yahboomcar_laser/CMakeFiles/CMakeOutput.log".
[3.921s] Invoked command in '/home/jetson/yahboomcar_ws/src/yahboomcar_laser/build/yahboomcar_laser' returned '1': CMAKE_PREFIX_PATH=${CMAKE_PREFIX_PATH}:/opt/ros/humble /usr/bin/cmake /home/jetson/yahboomcar_ws/src/yahboomcar_laser -DCMAKE_INSTALL_PREFIX=/home/jetson/yahboomcar_ws/src/yahboomcar_laser/install/yahboomcar_laser
