[0.086s] Invoking command in '/home/jetson/yahboomcar_ws/build/yahboomcar_description': /usr/bin/cmake /home/jetson/yahboomcar_ws/src/yahboomcar_description -DCATKIN_INSTALL_INTO_PREFIX_ROOT=0 -DCMAKE_INSTALL_PREFIX=/home/jetson/yahboomcar_ws/install/yahboomcar_description
[0.286s] -- The C compiler identification is GNU 11.4.0
[0.606s] -- The CXX compiler identification is GNU 11.4.0
[0.638s] -- Detecting C compiler ABI info
[0.947s] -- Detecting C compiler ABI info - done
[0.995s] -- Check for working C compiler: /usr/bin/cc - skipped
[1.002s] -- Detecting C compile features
[1.002s] -- Detecting C compile features - done
[1.016s] -- Detecting CXX compiler ABI info
[1.327s] -- Detecting CXX compiler ABI info - done
[1.348s] -- Check for working CXX compiler: /usr/bin/c++ - skipped
[1.366s] -- Detecting CXX compile features
[1.366s] -- Detecting CXX compile features - done
[1.426s] [31mCMake Error at CMakeLists.txt:10 (find_package):
[1.426s]   By not providing "Findcatkin.cmake" in CMAKE_MODULE_PATH this project has
[1.426s]   asked CMake to find a package configuration file provided by "catkin", but
[1.427s]   CMake did not find one.
[1.427s] 
[1.427s]   Could not find a package configuration file provided by "catkin" with any
[1.427s]   of the following names:
[1.427s] 
[1.427s]     catkinConfig.cmake
[1.427s]     catkin-config.cmake
[1.427s] 
[1.427s]   Add the installation prefix of "catkin" to CMAKE_PREFIX_PATH or set
[1.427s]   "catkin_DIR" to a directory containing one of the above files.  If "catkin"
[1.428s]   provides a separate development package or SDK, be sure it has been
[1.428s]   installed.
[1.428s] 
[1.428s] [0m
[1.428s] -- Configuring incomplete, errors occurred!
[1.428s] See also "/home/jetson/yahboomcar_ws/build/yahboomcar_description/CMakeFiles/CMakeOutput.log".
[1.483s] Invoked command in '/home/jetson/yahboomcar_ws/build/yahboomcar_description' returned '1': /usr/bin/cmake /home/jetson/yahboomcar_ws/src/yahboomcar_description -DCATKIN_INSTALL_INTO_PREFIX_ROOT=0 -DCMAKE_INSTALL_PREFIX=/home/jetson/yahboomcar_ws/install/yahboomcar_description
