[0.036s] Invoking command in '/home/jetson/yahboomcar_ws/build/yahboomcar_astra': AMENT_PREFIX_PATH=/home/jetson/yahboomcar_ws/install/yahboomcar_ctrl:/home/jetson/yahboomcar_ws/install/yahboomcar_bringup:/home/jetson/yahboomcar_ws/install/yahboomcar_msgs:/home/jetson/yahboomcar_ws/install/yahboomcar_description:${AMENT_PREFIX_PATH} CMAKE_PREFIX_PATH=/home/jetson/yahboomcar_ws/install/yahboomcar_ctrl:/home/jetson/yahboomcar_ws/install/yahboomcar_bringup:/home/jetson/yahboomcar_ws/install/yahboomcar_msgs:/home/jetson/yahboomcar_ws/install/yahboomcar_description:/home/jetson/yahboomcar_ros2_ws/software/library_ws/install/ydlidar_ros2_driver:/home/jetson/yahboomcar_ros2_ws/software/library_ws/install/web_video_server:/home/jetson/yahboomcar_ros2_ws/software/library_ws/install/teb_local_planner:/home/jetson/yahboomcar_ros2_ws/software/library_ws/install/teb_msgs:/home/jetson/yahboomcar_ros2_ws/software/library_ws/install/sllidar_ros2:/home/jetson/yahboomcar_ros2_ws/software/library_ws/install/slam_gmapping:/home/jetson/yahboomcar_ros2_ws/software/library_ws/install/robot_localization:/home/jetson/yahboomcar_ros2_ws/software/library_ws/install/openslam_gmapping:/home/jetson/yahboomcar_ros2_ws/software/library_ws/install/costmap_converter:/home/jetson/yahboomcar_ros2_ws/software/library_ws/install/costmap_converter_msgs:/home/jetson/yahboomcar_ros2_ws/software/library_ws/install/astra_camera:/home/jetson/yahboomcar_ros2_ws/software/library_ws/install/astra_camera_msgs:/opt/ros/humble LD_LIBRARY_PATH=/home/jetson/yahboomcar_ws/install/yahboomcar_msgs/lib:/usr/local/lib:/usr/local/cuda-12.6/lib64:/home/jetson/yahboomcar_ros2_ws/software/library_ws/install/teb_local_planner/lib:/home/jetson/yahboomcar_ros2_ws/software/library_ws/install/teb_msgs/lib:/home/jetson/yahboomcar_ros2_ws/software/library_ws/install/robot_localization/lib:/home/jetson/yahboomcar_ros2_ws/software/library_ws/install/openslam_gmapping/lib:/home/jetson/yahboomcar_ros2_ws/software/library_ws/install/costmap_converter/lib:/home/jetson/yahboomcar_ros2_ws/software/library_ws/install/costmap_converter_msgs/lib:/home/jetson/yahboomcar_ros2_ws/software/library_ws/install/astra_camera/lib:/home/jetson/yahboomcar_ros2_ws/software/library_ws/install/astra_camera_msgs/lib:/opt/ros/humble/opt/rviz_ogre_vendor/lib:/opt/ros/humble/lib/aarch64-linux-gnu:/opt/ros/humble/lib:/usr/local/lib:/usr/local/cuda-12.6/lib64 PYTHONPATH=/home/jetson/yahboomcar_ws/install/yahboomcar_msgs/local/lib/python3.10/dist-packages:${PYTHONPATH} /usr/bin/cmake --build /home/jetson/yahboomcar_ws/build/yahboomcar_astra -- -j6 -l6
[0.165s] [35m[1mConsolidate compiler generated dependencies of target KCFTracker_node[0m
[0.192s] [ 10%] Built target astra_camera_msgs__rosidl_generator_c
[0.204s] [ 10%] Built target astra_camera_msgs__cpp
[0.231s] [ 11%] [32mBuilding CXX object CMakeFiles/KCFTracker_node.dir/src/KCF_Tracker.cpp.o[0m
[0.251s] [ 11%] Built target ament_cmake_python_copy_astra_camera_msgs
[0.282s] [ 21%] Built target astra_camera_msgs__rosidl_typesupport_introspection_cpp
[0.287s] [ 30%] Built target astra_camera_msgs__rosidl_typesupport_fastrtps_c
[0.302s] [ 40%] Built target astra_camera_msgs__rosidl_typesupport_c
[0.307s] [  4%] Built target astra_camera_msgs__rosidl_typesupport_introspection_c
[0.380s] [ 15%] Built target astra_camera_msgs__rosidl_typesupport_cpp
[0.399s] [ 24%] Built target astra_camera_msgs__rosidl_typesupport_fastrtps_cpp
[0.497s] [ 34%] Built target astra_camera_msgs
[0.527s] [ 47%] Built target yahboomcar_astra_driver
[0.668s] [ 67%] Built target astra_camera_msgs__py
[0.790s] [ 74%] Built target astra_camera_node
[0.980s] [ 92%] Built target astra_camera_msgs__rosidl_generator_py
[1.123s] [ 93%] Built target astra_camera_msgs__rosidl_typesupport_introspection_c__pyext
[1.161s] [ 94%] Built target astra_camera_msgs__rosidl_typesupport_c__pyext
[1.181s] [ 96%] Built target astra_camera_msgs__rosidl_typesupport_fastrtps_c__pyext
[1.254s] running egg_info
[1.363s] writing astra_camera_msgs.egg-info/PKG-INFO
[1.366s] writing dependency_links to astra_camera_msgs.egg-info/dependency_links.txt
[1.368s] writing top-level names to astra_camera_msgs.egg-info/top_level.txt
[1.599s] reading manifest file 'astra_camera_msgs.egg-info/SOURCES.txt'
[1.602s] writing manifest file 'astra_camera_msgs.egg-info/SOURCES.txt'
[1.743s] [ 96%] Built target ament_cmake_python_build_astra_camera_msgs_egg
[9.920s] [01m[K/home/jetson/yahboomcar_ws/src/yahboomcar_astra/src/KCF_Tracker.cpp:[m[K In constructor ‘[01m[KImageConverter::ImageConverter()[m[K’:
[9.920s] [01m[K/home/jetson/yahboomcar_ws/src/yahboomcar_astra/src/KCF_Tracker.cpp:88:11:[m[K [01;35m[Kwarning: [m[Kignoring return value of ‘[01m[Krclcpp::node_interfaces::OnSetParametersCallbackHandle::SharedPtr rclcpp::Node::add_on_set_parameters_callback(rclcpp::Node::OnParametersSetCallbackType)[m[K’, declared with attribute ‘[01m[Kwarn_unused_result[m[K’ [[01;35m[K]8;;https://gcc.gnu.org/onlinedocs/gcc/Warning-Options.html#index-Wunused-result-Wunused-result]8;;[m[K]
[9.920s]    88 |         })[01;35m[K;[m[K
[9.921s]       |           [01;35m[K^[m[K
[9.921s] In file included from [01m[K/opt/ros/humble/include/rclcpp/rclcpp/executors/single_threaded_executor.hpp:28[m[K,
[9.921s]                  from [01m[K/opt/ros/humble/include/rclcpp/rclcpp/executors.hpp:22[m[K,
[9.921s]                  from [01m[K/opt/ros/humble/include/rclcpp/rclcpp/rclcpp.hpp:155[m[K,
[9.921s]                  from [01m[K/home/jetson/yahboomcar_ws/src/yahboomcar_astra/include/yahboomcar_astra/KCF_Tracker.h:19[m[K,
[9.921s]                  from [01m[K/home/jetson/yahboomcar_ws/src/yahboomcar_astra/src/KCF_Tracker.cpp:5[m[K:
[9.921s] [01m[K/opt/ros/humble/include/rclcpp/rclcpp/node.hpp:934:3:[m[K [01;36m[Knote: [m[Kdeclared here
[9.921s]   934 |   [01;36m[Kadd_on_set_parameters_callback[m[K(OnParametersSetCallbackType callback);
[9.921s]       |   [01;36m[K^~~~~~~~~~~~~~~~~~~~~~~~~~~~~~[m[K
[31.429s] [ 97%] [32m[1mLinking CXX executable KCFTracker_node[0m
[32.511s] /usr/bin/ld: warning: libopencv_imgproc.so.4.5d, needed by /opt/ros/humble/lib/libcv_bridge.so, may conflict with libopencv_imgproc.so.410
[32.514s] /usr/bin/ld: warning: libopencv_core.so.4.5d, needed by /opt/ros/humble/lib/libcv_bridge.so, may conflict with libopencv_core.so.410
[34.048s] Built target KCFTracker_node
[34.096s] Invoked command in '/home/jetson/yahboomcar_ws/build/yahboomcar_astra' returned '0': AMENT_PREFIX_PATH=/home/jetson/yahboomcar_ws/install/yahboomcar_ctrl:/home/jetson/yahboomcar_ws/install/yahboomcar_bringup:/home/jetson/yahboomcar_ws/install/yahboomcar_msgs:/home/jetson/yahboomcar_ws/install/yahboomcar_description:${AMENT_PREFIX_PATH} CMAKE_PREFIX_PATH=/home/jetson/yahboomcar_ws/install/yahboomcar_ctrl:/home/jetson/yahboomcar_ws/install/yahboomcar_bringup:/home/jetson/yahboomcar_ws/install/yahboomcar_msgs:/home/jetson/yahboomcar_ws/install/yahboomcar_description:/home/jetson/yahboomcar_ros2_ws/software/library_ws/install/ydlidar_ros2_driver:/home/jetson/yahboomcar_ros2_ws/software/library_ws/install/web_video_server:/home/jetson/yahboomcar_ros2_ws/software/library_ws/install/teb_local_planner:/home/jetson/yahboomcar_ros2_ws/software/library_ws/install/teb_msgs:/home/jetson/yahboomcar_ros2_ws/software/library_ws/install/sllidar_ros2:/home/jetson/yahboomcar_ros2_ws/software/library_ws/install/slam_gmapping:/home/jetson/yahboomcar_ros2_ws/software/library_ws/install/robot_localization:/home/jetson/yahboomcar_ros2_ws/software/library_ws/install/openslam_gmapping:/home/jetson/yahboomcar_ros2_ws/software/library_ws/install/costmap_converter:/home/jetson/yahboomcar_ros2_ws/software/library_ws/install/costmap_converter_msgs:/home/jetson/yahboomcar_ros2_ws/software/library_ws/install/astra_camera:/home/jetson/yahboomcar_ros2_ws/software/library_ws/install/astra_camera_msgs:/opt/ros/humble LD_LIBRARY_PATH=/home/jetson/yahboomcar_ws/install/yahboomcar_msgs/lib:/usr/local/lib:/usr/local/cuda-12.6/lib64:/home/jetson/yahboomcar_ros2_ws/software/library_ws/install/teb_local_planner/lib:/home/jetson/yahboomcar_ros2_ws/software/library_ws/install/teb_msgs/lib:/home/jetson/yahboomcar_ros2_ws/software/library_ws/install/robot_localization/lib:/home/jetson/yahboomcar_ros2_ws/software/library_ws/install/openslam_gmapping/lib:/home/jetson/yahboomcar_ros2_ws/software/library_ws/install/costmap_converter/lib:/home/jetson/yahboomcar_ros2_ws/software/library_ws/install/costmap_converter_msgs/lib:/home/jetson/yahboomcar_ros2_ws/software/library_ws/install/astra_camera/lib:/home/jetson/yahboomcar_ros2_ws/software/library_ws/install/astra_camera_msgs/lib:/opt/ros/humble/opt/rviz_ogre_vendor/lib:/opt/ros/humble/lib/aarch64-linux-gnu:/opt/ros/humble/lib:/usr/local/lib:/usr/local/cuda-12.6/lib64 PYTHONPATH=/home/jetson/yahboomcar_ws/install/yahboomcar_msgs/local/lib/python3.10/dist-packages:${PYTHONPATH} /usr/bin/cmake --build /home/jetson/yahboomcar_ws/build/yahboomcar_astra -- -j6 -l6
[34.124s] Invoking command in '/home/jetson/yahboomcar_ws/build/yahboomcar_astra': AMENT_PREFIX_PATH=/home/jetson/yahboomcar_ws/install/yahboomcar_ctrl:/home/jetson/yahboomcar_ws/install/yahboomcar_bringup:/home/jetson/yahboomcar_ws/install/yahboomcar_msgs:/home/jetson/yahboomcar_ws/install/yahboomcar_description:${AMENT_PREFIX_PATH} CMAKE_PREFIX_PATH=/home/jetson/yahboomcar_ws/install/yahboomcar_ctrl:/home/jetson/yahboomcar_ws/install/yahboomcar_bringup:/home/jetson/yahboomcar_ws/install/yahboomcar_msgs:/home/jetson/yahboomcar_ws/install/yahboomcar_description:/home/jetson/yahboomcar_ros2_ws/software/library_ws/install/ydlidar_ros2_driver:/home/jetson/yahboomcar_ros2_ws/software/library_ws/install/web_video_server:/home/jetson/yahboomcar_ros2_ws/software/library_ws/install/teb_local_planner:/home/jetson/yahboomcar_ros2_ws/software/library_ws/install/teb_msgs:/home/jetson/yahboomcar_ros2_ws/software/library_ws/install/sllidar_ros2:/home/jetson/yahboomcar_ros2_ws/software/library_ws/install/slam_gmapping:/home/jetson/yahboomcar_ros2_ws/software/library_ws/install/robot_localization:/home/jetson/yahboomcar_ros2_ws/software/library_ws/install/openslam_gmapping:/home/jetson/yahboomcar_ros2_ws/software/library_ws/install/costmap_converter:/home/jetson/yahboomcar_ros2_ws/software/library_ws/install/costmap_converter_msgs:/home/jetson/yahboomcar_ros2_ws/software/library_ws/install/astra_camera:/home/jetson/yahboomcar_ros2_ws/software/library_ws/install/astra_camera_msgs:/opt/ros/humble LD_LIBRARY_PATH=/home/jetson/yahboomcar_ws/install/yahboomcar_msgs/lib:/usr/local/lib:/usr/local/cuda-12.6/lib64:/home/jetson/yahboomcar_ros2_ws/software/library_ws/install/teb_local_planner/lib:/home/jetson/yahboomcar_ros2_ws/software/library_ws/install/teb_msgs/lib:/home/jetson/yahboomcar_ros2_ws/software/library_ws/install/robot_localization/lib:/home/jetson/yahboomcar_ros2_ws/software/library_ws/install/openslam_gmapping/lib:/home/jetson/yahboomcar_ros2_ws/software/library_ws/install/costmap_converter/lib:/home/jetson/yahboomcar_ros2_ws/software/library_ws/install/costmap_converter_msgs/lib:/home/jetson/yahboomcar_ros2_ws/software/library_ws/install/astra_camera/lib:/home/jetson/yahboomcar_ros2_ws/software/library_ws/install/astra_camera_msgs/lib:/opt/ros/humble/opt/rviz_ogre_vendor/lib:/opt/ros/humble/lib/aarch64-linux-gnu:/opt/ros/humble/lib:/usr/local/lib:/usr/local/cuda-12.6/lib64 PYTHONPATH=/home/jetson/yahboomcar_ws/install/yahboomcar_msgs/local/lib/python3.10/dist-packages:${PYTHONPATH} /usr/bin/cmake --install /home/jetson/yahboomcar_ws/build/yahboomcar_astra
[34.135s] -- Install configuration: ""
[34.143s] -- Installing: /home/jetson/yahboomcar_ws/install/yahboomcar_astra/lib/yahboomcar_astra/libyahboomcar_astra_driver.so
[34.186s] -- Set runtime path of "/home/jetson/yahboomcar_ws/install/yahboomcar_astra/lib/yahboomcar_astra/libyahboomcar_astra_driver.so" to ""
[34.187s] -- Installing: /home/jetson/yahboomcar_ws/install/yahboomcar_astra/lib/yahboomcar_astra/astra_camera_node
[34.188s] -- Set runtime path of "/home/jetson/yahboomcar_ws/install/yahboomcar_astra/lib/yahboomcar_astra/astra_camera_node" to ""
[34.188s] -- Up-to-date: /home/jetson/yahboomcar_ws/install/yahboomcar_astra/lib/yahboomcar_astra/KCFTracker_node
[34.190s] -- Up-to-date: /home/jetson/yahboomcar_ws/install/yahboomcar_astra/include
[34.193s] -- Up-to-date: /home/jetson/yahboomcar_ws/install/yahboomcar_astra/include/magic_enum
[34.193s] -- Up-to-date: /home/jetson/yahboomcar_ws/install/yahboomcar_astra/include/magic_enum/magic_enum.hpp
[34.193s] -- Up-to-date: /home/jetson/yahboomcar_ws/install/yahboomcar_astra/include/yahboomcar_astra
[34.194s] -- Up-to-date: /home/jetson/yahboomcar_ws/install/yahboomcar_astra/include/yahboomcar_astra/tracker.h
[34.194s] -- Up-to-date: /home/jetson/yahboomcar_ws/install/yahboomcar_astra/include/yahboomcar_astra/ffttools.h
[34.194s] -- Up-to-date: /home/jetson/yahboomcar_ws/install/yahboomcar_astra/include/yahboomcar_astra/kcftracker.h
[34.194s] -- Up-to-date: /home/jetson/yahboomcar_ws/install/yahboomcar_astra/include/yahboomcar_astra/fhog.h
[34.194s] -- Up-to-date: /home/jetson/yahboomcar_ws/install/yahboomcar_astra/include/yahboomcar_astra/labdata.h
[34.194s] -- Up-to-date: /home/jetson/yahboomcar_ws/install/yahboomcar_astra/include/yahboomcar_astra/PID.h
[34.194s] -- Up-to-date: /home/jetson/yahboomcar_ws/install/yahboomcar_astra/include/yahboomcar_astra/recttools.h
[34.194s] -- Up-to-date: /home/jetson/yahboomcar_ws/install/yahboomcar_astra/include/yahboomcar_astra/CMakeLists.txt
[34.195s] -- Up-to-date: /home/jetson/yahboomcar_ws/install/yahboomcar_astra/include/yahboomcar_astra/KCF_Tracker.h
[34.195s] -- Up-to-date: /home/jetson/yahboomcar_ws/install/yahboomcar_astra/include/openni2
[34.195s] -- Up-to-date: /home/jetson/yahboomcar_ws/install/yahboomcar_astra/include/openni2/OniCAPI.h
[34.195s] -- Up-to-date: /home/jetson/yahboomcar_ws/install/yahboomcar_astra/include/openni2/OpenNI.h
[34.195s] -- Up-to-date: /home/jetson/yahboomcar_ws/install/yahboomcar_astra/include/openni2/Linux-x86
[34.195s] -- Up-to-date: /home/jetson/yahboomcar_ws/install/yahboomcar_astra/include/openni2/Linux-x86/OniPlatformLinux-x86.h
[34.195s] -- Up-to-date: /home/jetson/yahboomcar_ws/install/yahboomcar_astra/include/openni2/Driver
[34.195s] -- Up-to-date: /home/jetson/yahboomcar_ws/install/yahboomcar_astra/include/openni2/Driver/OniDriverAPI.h
[34.196s] -- Up-to-date: /home/jetson/yahboomcar_ws/install/yahboomcar_astra/include/openni2/Driver/OniDriverTypes.h
[34.196s] -- Up-to-date: /home/jetson/yahboomcar_ws/install/yahboomcar_astra/include/openni2/OniCTypes.h
[34.196s] -- Up-to-date: /home/jetson/yahboomcar_ws/install/yahboomcar_astra/include/openni2/Linux-Arm
[34.196s] -- Up-to-date: /home/jetson/yahboomcar_ws/install/yahboomcar_astra/include/openni2/Linux-Arm/OniPlatformLinux-Arm.h
[34.196s] -- Up-to-date: /home/jetson/yahboomcar_ws/install/yahboomcar_astra/include/openni2/OniCEnums.h
[34.196s] -- Up-to-date: /home/jetson/yahboomcar_ws/install/yahboomcar_astra/include/openni2/PrimeSense.h
[34.196s] -- Up-to-date: /home/jetson/yahboomcar_ws/install/yahboomcar_astra/include/openni2/Android-Arm
[34.196s] -- Up-to-date: /home/jetson/yahboomcar_ws/install/yahboomcar_astra/include/openni2/Android-Arm/OniPlatformAndroid-Arm.h
[34.196s] -- Up-to-date: /home/jetson/yahboomcar_ws/install/yahboomcar_astra/include/openni2/PSLink.h
[34.197s] -- Up-to-date: /home/jetson/yahboomcar_ws/install/yahboomcar_astra/include/openni2/SonixCamera.h
[34.197s] -- Up-to-date: /home/jetson/yahboomcar_ws/install/yahboomcar_astra/include/openni2/OniPlatform.h
[34.197s] -- Up-to-date: /home/jetson/yahboomcar_ws/install/yahboomcar_astra/include/openni2/OniEnums.h
[34.197s] -- Up-to-date: /home/jetson/yahboomcar_ws/install/yahboomcar_astra/include/openni2/util.h
[34.197s] -- Up-to-date: /home/jetson/yahboomcar_ws/install/yahboomcar_astra/include/openni2/OniProperties.h
[34.197s] -- Up-to-date: /home/jetson/yahboomcar_ws/install/yahboomcar_astra/include/openni2/OniTest.h
[34.197s] -- Up-to-date: /home/jetson/yahboomcar_ws/install/yahboomcar_astra/include/openni2/OniVersion.h
[34.197s] -- Up-to-date: /home/jetson/yahboomcar_ws/install/yahboomcar_astra/include/openni2/MacOSX
[34.197s] -- Up-to-date: /home/jetson/yahboomcar_ws/install/yahboomcar_astra/include/openni2/MacOSX/OniPlatformMacOSX.h
[34.198s] -- Up-to-date: /home/jetson/yahboomcar_ws/install/yahboomcar_astra/include/openni2/OniCProperties.h
[34.198s] -- Up-to-date: /home/jetson/yahboomcar_ws/install/yahboomcar_astra/include/openni2/KinectProperties.h
[34.198s] -- Up-to-date: /home/jetson/yahboomcar_ws/install/yahboomcar_astra/include/openni2/PS1080.h
[34.198s] -- Up-to-date: /home/jetson/yahboomcar_ws/install/yahboomcar_astra/include/astra_camera
[34.198s] -- Up-to-date: /home/jetson/yahboomcar_ws/install/yahboomcar_astra/include/astra_camera/dynamic_params.h
[34.198s] -- Up-to-date: /home/jetson/yahboomcar_ws/install/yahboomcar_astra/include/astra_camera/constants.h
[34.198s] -- Up-to-date: /home/jetson/yahboomcar_ws/install/yahboomcar_astra/include/astra_camera/utils.h
[34.199s] -- Up-to-date: /home/jetson/yahboomcar_ws/install/yahboomcar_astra/include/astra_camera/json.hpp
[34.199s] -- Up-to-date: /home/jetson/yahboomcar_ws/install/yahboomcar_astra/include/astra_camera/ob_camera_node.h
[34.199s] -- Up-to-date: /home/jetson/yahboomcar_ws/install/yahboomcar_astra/include/astra_camera/uvc_camera_driver.h
[34.200s] -- Up-to-date: /home/jetson/yahboomcar_ws/install/yahboomcar_astra/include/astra_camera/types.h
[34.200s] -- Up-to-date: /home/jetson/yahboomcar_ws/install/yahboomcar_astra/include/astra_camera/ob_context.h
[34.200s] -- Up-to-date: /home/jetson/yahboomcar_ws/install/yahboomcar_astra/include/astra_camera/ob_camera_node_factory.h
[34.200s] -- Up-to-date: /home/jetson/yahboomcar_ws/install/yahboomcar_astra/include/astra_camera/ros_param_backend.h
[34.200s] -- Up-to-date: /home/jetson/yahboomcar_ws/install/yahboomcar_astra/include/astra_camera/ob_timer_filter.h
[34.201s] -- Up-to-date: /home/jetson/yahboomcar_ws/install/yahboomcar_astra/include/astra_camera/point_cloud_proc
[34.201s] -- Up-to-date: /home/jetson/yahboomcar_ws/install/yahboomcar_astra/include/astra_camera/point_cloud_proc/point_cloud_xyzrgb.h
[34.202s] -- Up-to-date: /home/jetson/yahboomcar_ws/install/yahboomcar_astra/include/astra_camera/point_cloud_proc/point_cloud_proc.h
[34.204s] -- Up-to-date: /home/jetson/yahboomcar_ws/install/yahboomcar_astra/include/astra_camera/point_cloud_proc/depth_traits.h
[34.204s] -- Up-to-date: /home/jetson/yahboomcar_ws/install/yahboomcar_astra/include/astra_camera/point_cloud_proc/point_cloud_xyz.h
[34.205s] -- Up-to-date: /home/jetson/yahboomcar_ws/install/yahboomcar_astra/lib/yahboomcar_astra/openni2_redist/arm64
[34.206s] -- Up-to-date: /home/jetson/yahboomcar_ws/install/yahboomcar_astra/lib/yahboomcar_astra/openni2_redist/arm64/install
[34.206s] -- Up-to-date: /home/jetson/yahboomcar_ws/install/yahboomcar_astra/lib/yahboomcar_astra/openni2_redist/arm64/install/setup.zsh
[34.206s] -- Up-to-date: /home/jetson/yahboomcar_ws/install/yahboomcar_astra/lib/yahboomcar_astra/openni2_redist/arm64/install/setup.bash
[34.206s] -- Up-to-date: /home/jetson/yahboomcar_ws/install/yahboomcar_astra/lib/yahboomcar_astra/openni2_redist/arm64/install/_local_setup_util_ps1.py
[34.207s] -- Up-to-date: /home/jetson/yahboomcar_ws/install/yahboomcar_astra/lib/yahboomcar_astra/openni2_redist/arm64/install/_local_setup_util_sh.py
[34.207s] -- Up-to-date: /home/jetson/yahboomcar_ws/install/yahboomcar_astra/lib/yahboomcar_astra/openni2_redist/arm64/install/local_setup.bash
[34.208s] -- Up-to-date: /home/jetson/yahboomcar_ws/install/yahboomcar_astra/lib/yahboomcar_astra/openni2_redist/arm64/install/COLCON_IGNORE
[34.208s] -- Up-to-date: /home/jetson/yahboomcar_ws/install/yahboomcar_astra/lib/yahboomcar_astra/openni2_redist/arm64/install/local_setup.sh
[34.209s] -- Up-to-date: /home/jetson/yahboomcar_ws/install/yahboomcar_astra/lib/yahboomcar_astra/openni2_redist/arm64/install/setup.ps1
[34.209s] -- Up-to-date: /home/jetson/yahboomcar_ws/install/yahboomcar_astra/lib/yahboomcar_astra/openni2_redist/arm64/install/setup.sh
[34.210s] -- Up-to-date: /home/jetson/yahboomcar_ws/install/yahboomcar_astra/lib/yahboomcar_astra/openni2_redist/arm64/install/local_setup.zsh
[34.210s] -- Up-to-date: /home/jetson/yahboomcar_ws/install/yahboomcar_astra/lib/yahboomcar_astra/openni2_redist/arm64/install/local_setup.ps1
[34.210s] -- Up-to-date: /home/jetson/yahboomcar_ws/install/yahboomcar_astra/lib/yahboomcar_astra/openni2_redist/arm64/install/.colcon_install_layout
[34.210s] -- Up-to-date: /home/jetson/yahboomcar_ws/install/yahboomcar_astra/lib/yahboomcar_astra/openni2_redist/arm64/build
[34.211s] -- Up-to-date: /home/jetson/yahboomcar_ws/install/yahboomcar_astra/lib/yahboomcar_astra/openni2_redist/arm64/build/.built_by
[34.211s] -- Up-to-date: /home/jetson/yahboomcar_ws/install/yahboomcar_astra/lib/yahboomcar_astra/openni2_redist/arm64/build/COLCON_IGNORE
[34.211s] -- Up-to-date: /home/jetson/yahboomcar_ws/install/yahboomcar_astra/lib/yahboomcar_astra/openni2_redist/arm64/libOpenNI2.so
[34.211s] -- Up-to-date: /home/jetson/yahboomcar_ws/install/yahboomcar_astra/lib/yahboomcar_astra/openni2_redist/arm64/OpenNI.ini
[34.211s] -- Up-to-date: /home/jetson/yahboomcar_ws/install/yahboomcar_astra/lib/yahboomcar_astra/openni2_redist/arm64/OpenNI2
[34.213s] -- Up-to-date: /home/jetson/yahboomcar_ws/install/yahboomcar_astra/lib/yahboomcar_astra/openni2_redist/arm64/OpenNI2/Drivers
[34.213s] -- Up-to-date: /home/jetson/yahboomcar_ws/install/yahboomcar_astra/lib/yahboomcar_astra/openni2_redist/arm64/OpenNI2/Drivers/orbbec.ini
[34.213s] -- Up-to-date: /home/jetson/yahboomcar_ws/install/yahboomcar_astra/lib/yahboomcar_astra/openni2_redist/arm64/OpenNI2/Drivers/OniFile.ini
[34.215s] -- Up-to-date: /home/jetson/yahboomcar_ws/install/yahboomcar_astra/lib/yahboomcar_astra/openni2_redist/arm64/OpenNI2/Drivers/libOniFile.so
[34.216s] -- Up-to-date: /home/jetson/yahboomcar_ws/install/yahboomcar_astra/lib/yahboomcar_astra/openni2_redist/arm64/OpenNI2/Drivers/liborbbec.so
[34.216s] -- Up-to-date: /home/jetson/yahboomcar_ws/install/yahboomcar_astra/share/yahboomcar_astra/launch
[34.216s] -- Up-to-date: /home/jetson/yahboomcar_ws/install/yahboomcar_astra/share/yahboomcar_astra/launch/colorTracker.launch.py
[34.216s] -- Up-to-date: /home/jetson/yahboomcar_ws/install/yahboomcar_astra/share/yahboomcar_astra/launch/colorHSV.launch.py
[34.216s] -- Up-to-date: /home/jetson/yahboomcar_ws/install/yahboomcar_astra/share/yahboomcar_astra/launch/astra.launch.py
[34.216s] -- Up-to-date: /home/jetson/yahboomcar_ws/install/yahboomcar_astra/share/yahboomcar_astra/launch/KCFTracker.launch.py
[34.216s] -- Up-to-date: /home/jetson/yahboomcar_ws/install/yahboomcar_astra/share/yahboomcar_astra/launch/.ipynb_checkpoints
[34.217s] -- Up-to-date: /home/jetson/yahboomcar_ws/install/yahboomcar_astra/share/yahboomcar_astra/launch/.ipynb_checkpoints/colorHSV-checkpoint.launch
[34.217s] -- Up-to-date: /home/jetson/yahboomcar_ws/install/yahboomcar_astra/share/yahboomcar_astra/launch/.ipynb_checkpoints/colorTracker-checkpoint.launch
[34.217s] -- Up-to-date: /home/jetson/yahboomcar_ws/install/yahboomcar_astra/share/ament_index/resource_index/package_run_dependencies/yahboomcar_astra
[34.217s] -- Up-to-date: /home/jetson/yahboomcar_ws/install/yahboomcar_astra/share/ament_index/resource_index/parent_prefix_path/yahboomcar_astra
[34.217s] -- Up-to-date: /home/jetson/yahboomcar_ws/install/yahboomcar_astra/share/yahboomcar_astra/environment/ament_prefix_path.sh
[34.217s] -- Up-to-date: /home/jetson/yahboomcar_ws/install/yahboomcar_astra/share/yahboomcar_astra/environment/ament_prefix_path.dsv
[34.218s] -- Up-to-date: /home/jetson/yahboomcar_ws/install/yahboomcar_astra/share/yahboomcar_astra/environment/path.sh
[34.218s] -- Up-to-date: /home/jetson/yahboomcar_ws/install/yahboomcar_astra/share/yahboomcar_astra/environment/path.dsv
[34.218s] -- Up-to-date: /home/jetson/yahboomcar_ws/install/yahboomcar_astra/share/yahboomcar_astra/local_setup.bash
[34.218s] -- Up-to-date: /home/jetson/yahboomcar_ws/install/yahboomcar_astra/share/yahboomcar_astra/local_setup.sh
[34.218s] -- Up-to-date: /home/jetson/yahboomcar_ws/install/yahboomcar_astra/share/yahboomcar_astra/local_setup.zsh
[34.219s] -- Up-to-date: /home/jetson/yahboomcar_ws/install/yahboomcar_astra/share/yahboomcar_astra/local_setup.dsv
[34.219s] -- Up-to-date: /home/jetson/yahboomcar_ws/install/yahboomcar_astra/share/yahboomcar_astra/package.dsv
[34.219s] -- Up-to-date: /home/jetson/yahboomcar_ws/install/yahboomcar_astra/share/ament_index/resource_index/packages/yahboomcar_astra
[34.219s] -- Up-to-date: /home/jetson/yahboomcar_ws/install/yahboomcar_astra/share/yahboomcar_astra/cmake/yahboomcar_astraConfig.cmake
[34.219s] -- Up-to-date: /home/jetson/yahboomcar_ws/install/yahboomcar_astra/share/yahboomcar_astra/cmake/yahboomcar_astraConfig-version.cmake
[34.219s] -- Up-to-date: /home/jetson/yahboomcar_ws/install/yahboomcar_astra/share/yahboomcar_astra/package.xml
[34.219s] -- Up-to-date: /home/jetson/yahboomcar_ws/install/yahboomcar_astra/share/ament_index/resource_index/rosidl_interfaces/astra_camera_msgs
[34.220s] -- Up-to-date: /home/jetson/yahboomcar_ws/install/yahboomcar_astra/include/astra_camera_msgs/astra_camera_msgs
[34.220s] -- Up-to-date: /home/jetson/yahboomcar_ws/install/yahboomcar_astra/include/astra_camera_msgs/astra_camera_msgs/msg
[34.220s] -- Up-to-date: /home/jetson/yahboomcar_ws/install/yahboomcar_astra/include/astra_camera_msgs/astra_camera_msgs/msg/metadata.h
[34.220s] -- Up-to-date: /home/jetson/yahboomcar_ws/install/yahboomcar_astra/include/astra_camera_msgs/astra_camera_msgs/msg/extrinsics.h
[34.220s] -- Up-to-date: /home/jetson/yahboomcar_ws/install/yahboomcar_astra/include/astra_camera_msgs/astra_camera_msgs/msg/detail
[34.220s] -- Up-to-date: /home/jetson/yahboomcar_ws/install/yahboomcar_astra/include/astra_camera_msgs/astra_camera_msgs/msg/detail/metadata__type_support.h
[34.220s] -- Up-to-date: /home/jetson/yahboomcar_ws/install/yahboomcar_astra/include/astra_camera_msgs/astra_camera_msgs/msg/detail/device_info__struct.h
[34.221s] -- Up-to-date: /home/jetson/yahboomcar_ws/install/yahboomcar_astra/include/astra_camera_msgs/astra_camera_msgs/msg/detail/metadata__functions.c
[34.221s] -- Up-to-date: /home/jetson/yahboomcar_ws/install/yahboomcar_astra/include/astra_camera_msgs/astra_camera_msgs/msg/detail/extrinsics__struct.h
[34.221s] -- Up-to-date: /home/jetson/yahboomcar_ws/install/yahboomcar_astra/include/astra_camera_msgs/astra_camera_msgs/msg/detail/device_info__functions.c
[34.221s] -- Up-to-date: /home/jetson/yahboomcar_ws/install/yahboomcar_astra/include/astra_camera_msgs/astra_camera_msgs/msg/detail/extrinsics__functions.h
[34.221s] -- Up-to-date: /home/jetson/yahboomcar_ws/install/yahboomcar_astra/include/astra_camera_msgs/astra_camera_msgs/msg/detail/metadata__functions.h
[34.221s] -- Up-to-date: /home/jetson/yahboomcar_ws/install/yahboomcar_astra/include/astra_camera_msgs/astra_camera_msgs/msg/detail/device_info__type_support.h
[34.221s] -- Up-to-date: /home/jetson/yahboomcar_ws/install/yahboomcar_astra/include/astra_camera_msgs/astra_camera_msgs/msg/detail/device_info__functions.h
[34.221s] -- Up-to-date: /home/jetson/yahboomcar_ws/install/yahboomcar_astra/include/astra_camera_msgs/astra_camera_msgs/msg/detail/extrinsics__functions.c
[34.221s] -- Up-to-date: /home/jetson/yahboomcar_ws/install/yahboomcar_astra/include/astra_camera_msgs/astra_camera_msgs/msg/detail/metadata__struct.h
[34.222s] -- Up-to-date: /home/jetson/yahboomcar_ws/install/yahboomcar_astra/include/astra_camera_msgs/astra_camera_msgs/msg/detail/extrinsics__type_support.h
[34.222s] -- Up-to-date: /home/jetson/yahboomcar_ws/install/yahboomcar_astra/include/astra_camera_msgs/astra_camera_msgs/msg/rosidl_generator_c__visibility_control.h
[34.222s] -- Up-to-date: /home/jetson/yahboomcar_ws/install/yahboomcar_astra/include/astra_camera_msgs/astra_camera_msgs/msg/device_info.h
[34.222s] -- Up-to-date: /home/jetson/yahboomcar_ws/install/yahboomcar_astra/include/astra_camera_msgs/astra_camera_msgs/srv
[34.222s] -- Up-to-date: /home/jetson/yahboomcar_ws/install/yahboomcar_astra/include/astra_camera_msgs/astra_camera_msgs/srv/get_string.h
[34.222s] -- Up-to-date: /home/jetson/yahboomcar_ws/install/yahboomcar_astra/include/astra_camera_msgs/astra_camera_msgs/srv/get_camera_params.h
[34.222s] -- Up-to-date: /home/jetson/yahboomcar_ws/install/yahboomcar_astra/include/astra_camera_msgs/astra_camera_msgs/srv/get_device_info.h
[34.223s] -- Up-to-date: /home/jetson/yahboomcar_ws/install/yahboomcar_astra/include/astra_camera_msgs/astra_camera_msgs/srv/get_camera_info.h
[34.224s] -- Up-to-date: /home/jetson/yahboomcar_ws/install/yahboomcar_astra/include/astra_camera_msgs/astra_camera_msgs/srv/detail
[34.224s] -- Up-to-date: /home/jetson/yahboomcar_ws/install/yahboomcar_astra/include/astra_camera_msgs/astra_camera_msgs/srv/detail/get_camera_info__functions.c
[34.224s] -- Up-to-date: /home/jetson/yahboomcar_ws/install/yahboomcar_astra/include/astra_camera_msgs/astra_camera_msgs/srv/detail/get_camera_params__struct.h
[34.224s] -- Up-to-date: /home/jetson/yahboomcar_ws/install/yahboomcar_astra/include/astra_camera_msgs/astra_camera_msgs/srv/detail/set_int32__type_support.h
[34.224s] -- Up-to-date: /home/jetson/yahboomcar_ws/install/yahboomcar_astra/include/astra_camera_msgs/astra_camera_msgs/srv/detail/get_int32__functions.h
[34.225s] -- Up-to-date: /home/jetson/yahboomcar_ws/install/yahboomcar_astra/include/astra_camera_msgs/astra_camera_msgs/srv/detail/get_device_info__struct.h
[34.226s] -- Up-to-date: /home/jetson/yahboomcar_ws/install/yahboomcar_astra/include/astra_camera_msgs/astra_camera_msgs/srv/detail/get_device_info__type_support.h
[34.226s] -- Up-to-date: /home/jetson/yahboomcar_ws/install/yahboomcar_astra/include/astra_camera_msgs/astra_camera_msgs/srv/detail/set_int32__functions.c
[34.226s] -- Up-to-date: /home/jetson/yahboomcar_ws/install/yahboomcar_astra/include/astra_camera_msgs/astra_camera_msgs/srv/detail/get_camera_params__functions.c
[34.226s] -- Up-to-date: /home/jetson/yahboomcar_ws/install/yahboomcar_astra/include/astra_camera_msgs/astra_camera_msgs/srv/detail/get_device_info__functions.c
[34.226s] -- Up-to-date: /home/jetson/yahboomcar_ws/install/yahboomcar_astra/include/astra_camera_msgs/astra_camera_msgs/srv/detail/get_camera_params__type_support.h
[34.227s] -- Up-to-date: /home/jetson/yahboomcar_ws/install/yahboomcar_astra/include/astra_camera_msgs/astra_camera_msgs/srv/detail/get_int32__struct.h
[34.227s] -- Up-to-date: /home/jetson/yahboomcar_ws/install/yahboomcar_astra/include/astra_camera_msgs/astra_camera_msgs/srv/detail/set_int32__struct.h
[34.227s] -- Up-to-date: /home/jetson/yahboomcar_ws/install/yahboomcar_astra/include/astra_camera_msgs/astra_camera_msgs/srv/detail/get_camera_params__functions.h
[34.227s] -- Up-to-date: /home/jetson/yahboomcar_ws/install/yahboomcar_astra/include/astra_camera_msgs/astra_camera_msgs/srv/detail/set_int32__functions.h
[34.228s] -- Up-to-date: /home/jetson/yahboomcar_ws/install/yahboomcar_astra/include/astra_camera_msgs/astra_camera_msgs/srv/detail/get_device_info__functions.h
[34.228s] -- Up-to-date: /home/jetson/yahboomcar_ws/install/yahboomcar_astra/include/astra_camera_msgs/astra_camera_msgs/srv/detail/get_string__struct.h
[34.228s] -- Up-to-date: /home/jetson/yahboomcar_ws/install/yahboomcar_astra/include/astra_camera_msgs/astra_camera_msgs/srv/detail/get_string__type_support.h
[34.229s] -- Up-to-date: /home/jetson/yahboomcar_ws/install/yahboomcar_astra/include/astra_camera_msgs/astra_camera_msgs/srv/detail/get_string__functions.c
[34.229s] -- Up-to-date: /home/jetson/yahboomcar_ws/install/yahboomcar_astra/include/astra_camera_msgs/astra_camera_msgs/srv/detail/get_int32__type_support.h
[34.229s] -- Up-to-date: /home/jetson/yahboomcar_ws/install/yahboomcar_astra/include/astra_camera_msgs/astra_camera_msgs/srv/detail/get_int32__functions.c
[34.229s] -- Up-to-date: /home/jetson/yahboomcar_ws/install/yahboomcar_astra/include/astra_camera_msgs/astra_camera_msgs/srv/detail/get_camera_info__struct.h
[34.229s] -- Up-to-date: /home/jetson/yahboomcar_ws/install/yahboomcar_astra/include/astra_camera_msgs/astra_camera_msgs/srv/detail/get_string__functions.h
[34.229s] -- Up-to-date: /home/jetson/yahboomcar_ws/install/yahboomcar_astra/include/astra_camera_msgs/astra_camera_msgs/srv/detail/get_camera_info__functions.h
[34.230s] -- Up-to-date: /home/jetson/yahboomcar_ws/install/yahboomcar_astra/include/astra_camera_msgs/astra_camera_msgs/srv/detail/get_camera_info__type_support.h
[34.231s] -- Up-to-date: /home/jetson/yahboomcar_ws/install/yahboomcar_astra/include/astra_camera_msgs/astra_camera_msgs/srv/get_int32.h
[34.231s] -- Up-to-date: /home/jetson/yahboomcar_ws/install/yahboomcar_astra/include/astra_camera_msgs/astra_camera_msgs/srv/set_int32.h
[34.231s] -- Up-to-date: /home/jetson/yahboomcar_ws/install/yahboomcar_astra/share/astra_camera_msgs/environment/library_path.sh
[34.231s] -- Up-to-date: /home/jetson/yahboomcar_ws/install/yahboomcar_astra/share/astra_camera_msgs/environment/library_path.dsv
[34.232s] -- Up-to-date: /home/jetson/yahboomcar_ws/install/yahboomcar_astra/lib/libastra_camera_msgs__rosidl_generator_c.so
[34.232s] -- Up-to-date: /home/jetson/yahboomcar_ws/install/yahboomcar_astra/include/astra_camera_msgs/astra_camera_msgs
[34.233s] -- Up-to-date: /home/jetson/yahboomcar_ws/install/yahboomcar_astra/include/astra_camera_msgs/astra_camera_msgs/msg
[34.233s] -- Up-to-date: /home/jetson/yahboomcar_ws/install/yahboomcar_astra/include/astra_camera_msgs/astra_camera_msgs/msg/detail
[34.233s] -- Up-to-date: /home/jetson/yahboomcar_ws/install/yahboomcar_astra/include/astra_camera_msgs/astra_camera_msgs/msg/detail/metadata__rosidl_typesupport_fastrtps_c.h
[34.233s] -- Up-to-date: /home/jetson/yahboomcar_ws/install/yahboomcar_astra/include/astra_camera_msgs/astra_camera_msgs/msg/detail/extrinsics__rosidl_typesupport_fastrtps_c.h
[34.233s] -- Up-to-date: /home/jetson/yahboomcar_ws/install/yahboomcar_astra/include/astra_camera_msgs/astra_camera_msgs/msg/detail/device_info__rosidl_typesupport_fastrtps_c.h
[34.233s] -- Up-to-date: /home/jetson/yahboomcar_ws/install/yahboomcar_astra/include/astra_camera_msgs/astra_camera_msgs/msg/rosidl_typesupport_fastrtps_c__visibility_control.h
[34.234s] -- Up-to-date: /home/jetson/yahboomcar_ws/install/yahboomcar_astra/include/astra_camera_msgs/astra_camera_msgs/srv
[34.234s] -- Up-to-date: /home/jetson/yahboomcar_ws/install/yahboomcar_astra/include/astra_camera_msgs/astra_camera_msgs/srv/detail
[34.234s] -- Up-to-date: /home/jetson/yahboomcar_ws/install/yahboomcar_astra/include/astra_camera_msgs/astra_camera_msgs/srv/detail/get_string__rosidl_typesupport_fastrtps_c.h
[34.234s] -- Up-to-date: /home/jetson/yahboomcar_ws/install/yahboomcar_astra/include/astra_camera_msgs/astra_camera_msgs/srv/detail/set_int32__rosidl_typesupport_fastrtps_c.h
[34.234s] -- Up-to-date: /home/jetson/yahboomcar_ws/install/yahboomcar_astra/include/astra_camera_msgs/astra_camera_msgs/srv/detail/get_camera_info__rosidl_typesupport_fastrtps_c.h
[34.234s] -- Up-to-date: /home/jetson/yahboomcar_ws/install/yahboomcar_astra/include/astra_camera_msgs/astra_camera_msgs/srv/detail/get_int32__rosidl_typesupport_fastrtps_c.h
[34.234s] -- Up-to-date: /home/jetson/yahboomcar_ws/install/yahboomcar_astra/include/astra_camera_msgs/astra_camera_msgs/srv/detail/get_device_info__rosidl_typesupport_fastrtps_c.h
[34.235s] -- Up-to-date: /home/jetson/yahboomcar_ws/install/yahboomcar_astra/include/astra_camera_msgs/astra_camera_msgs/srv/detail/get_camera_params__rosidl_typesupport_fastrtps_c.h
[34.235s] -- Up-to-date: /home/jetson/yahboomcar_ws/install/yahboomcar_astra/lib/libastra_camera_msgs__rosidl_typesupport_fastrtps_c.so
[34.235s] -- Up-to-date: /home/jetson/yahboomcar_ws/install/yahboomcar_astra/include/astra_camera_msgs/astra_camera_msgs
[34.235s] -- Up-to-date: /home/jetson/yahboomcar_ws/install/yahboomcar_astra/include/astra_camera_msgs/astra_camera_msgs/msg
[34.235s] -- Up-to-date: /home/jetson/yahboomcar_ws/install/yahboomcar_astra/include/astra_camera_msgs/astra_camera_msgs/msg/rosidl_typesupport_introspection_c__visibility_control.h
[34.235s] -- Up-to-date: /home/jetson/yahboomcar_ws/install/yahboomcar_astra/include/astra_camera_msgs/astra_camera_msgs/msg/detail
[34.235s] -- Up-to-date: /home/jetson/yahboomcar_ws/install/yahboomcar_astra/include/astra_camera_msgs/astra_camera_msgs/msg/detail/extrinsics__rosidl_typesupport_introspection_c.h
[34.236s] -- Up-to-date: /home/jetson/yahboomcar_ws/install/yahboomcar_astra/include/astra_camera_msgs/astra_camera_msgs/msg/detail/metadata__rosidl_typesupport_introspection_c.h
[34.236s] -- Up-to-date: /home/jetson/yahboomcar_ws/install/yahboomcar_astra/include/astra_camera_msgs/astra_camera_msgs/msg/detail/metadata__type_support.c
[34.236s] -- Up-to-date: /home/jetson/yahboomcar_ws/install/yahboomcar_astra/include/astra_camera_msgs/astra_camera_msgs/msg/detail/extrinsics__type_support.c
[34.236s] -- Up-to-date: /home/jetson/yahboomcar_ws/install/yahboomcar_astra/include/astra_camera_msgs/astra_camera_msgs/msg/detail/device_info__type_support.c
[34.236s] -- Up-to-date: /home/jetson/yahboomcar_ws/install/yahboomcar_astra/include/astra_camera_msgs/astra_camera_msgs/msg/detail/device_info__rosidl_typesupport_introspection_c.h
[34.236s] -- Up-to-date: /home/jetson/yahboomcar_ws/install/yahboomcar_astra/include/astra_camera_msgs/astra_camera_msgs/srv
[34.236s] -- Up-to-date: /home/jetson/yahboomcar_ws/install/yahboomcar_astra/include/astra_camera_msgs/astra_camera_msgs/srv/detail
[34.236s] -- Up-to-date: /home/jetson/yahboomcar_ws/install/yahboomcar_astra/include/astra_camera_msgs/astra_camera_msgs/srv/detail/get_camera_info__type_support.c
[34.237s] -- Up-to-date: /home/jetson/yahboomcar_ws/install/yahboomcar_astra/include/astra_camera_msgs/astra_camera_msgs/srv/detail/get_camera_params__type_support.c
[34.237s] -- Up-to-date: /home/jetson/yahboomcar_ws/install/yahboomcar_astra/include/astra_camera_msgs/astra_camera_msgs/srv/detail/get_int32__rosidl_typesupport_introspection_c.h
[34.237s] -- Up-to-date: /home/jetson/yahboomcar_ws/install/yahboomcar_astra/include/astra_camera_msgs/astra_camera_msgs/srv/detail/get_string__rosidl_typesupport_introspection_c.h
[34.237s] -- Up-to-date: /home/jetson/yahboomcar_ws/install/yahboomcar_astra/include/astra_camera_msgs/astra_camera_msgs/srv/detail/get_device_info__rosidl_typesupport_introspection_c.h
[34.237s] -- Up-to-date: /home/jetson/yahboomcar_ws/install/yahboomcar_astra/include/astra_camera_msgs/astra_camera_msgs/srv/detail/get_string__type_support.c
[34.238s] -- Up-to-date: /home/jetson/yahboomcar_ws/install/yahboomcar_astra/include/astra_camera_msgs/astra_camera_msgs/srv/detail/get_int32__type_support.c
[34.238s] -- Up-to-date: /home/jetson/yahboomcar_ws/install/yahboomcar_astra/include/astra_camera_msgs/astra_camera_msgs/srv/detail/get_device_info__type_support.c
[34.238s] -- Up-to-date: /home/jetson/yahboomcar_ws/install/yahboomcar_astra/include/astra_camera_msgs/astra_camera_msgs/srv/detail/set_int32__type_support.c
[34.239s] -- Up-to-date: /home/jetson/yahboomcar_ws/install/yahboomcar_astra/include/astra_camera_msgs/astra_camera_msgs/srv/detail/set_int32__rosidl_typesupport_introspection_c.h
[34.239s] -- Up-to-date: /home/jetson/yahboomcar_ws/install/yahboomcar_astra/include/astra_camera_msgs/astra_camera_msgs/srv/detail/get_camera_params__rosidl_typesupport_introspection_c.h
[34.239s] -- Up-to-date: /home/jetson/yahboomcar_ws/install/yahboomcar_astra/include/astra_camera_msgs/astra_camera_msgs/srv/detail/get_camera_info__rosidl_typesupport_introspection_c.h
[34.239s] -- Up-to-date: /home/jetson/yahboomcar_ws/install/yahboomcar_astra/lib/libastra_camera_msgs__rosidl_typesupport_introspection_c.so
[34.239s] -- Up-to-date: /home/jetson/yahboomcar_ws/install/yahboomcar_astra/lib/libastra_camera_msgs__rosidl_typesupport_c.so
[34.239s] -- Up-to-date: /home/jetson/yahboomcar_ws/install/yahboomcar_astra/include/astra_camera_msgs/astra_camera_msgs
[34.240s] -- Up-to-date: /home/jetson/yahboomcar_ws/install/yahboomcar_astra/include/astra_camera_msgs/astra_camera_msgs/msg
[34.240s] -- Up-to-date: /home/jetson/yahboomcar_ws/install/yahboomcar_astra/include/astra_camera_msgs/astra_camera_msgs/msg/extrinsics.hpp
[34.240s] -- Up-to-date: /home/jetson/yahboomcar_ws/install/yahboomcar_astra/include/astra_camera_msgs/astra_camera_msgs/msg/detail
[34.240s] -- Up-to-date: /home/jetson/yahboomcar_ws/install/yahboomcar_astra/include/astra_camera_msgs/astra_camera_msgs/msg/detail/extrinsics__struct.hpp
[34.240s] -- Up-to-date: /home/jetson/yahboomcar_ws/install/yahboomcar_astra/include/astra_camera_msgs/astra_camera_msgs/msg/detail/device_info__builder.hpp
[34.241s] -- Up-to-date: /home/jetson/yahboomcar_ws/install/yahboomcar_astra/include/astra_camera_msgs/astra_camera_msgs/msg/detail/device_info__struct.hpp
[34.241s] -- Up-to-date: /home/jetson/yahboomcar_ws/install/yahboomcar_astra/include/astra_camera_msgs/astra_camera_msgs/msg/detail/extrinsics__traits.hpp
[34.241s] -- Up-to-date: /home/jetson/yahboomcar_ws/install/yahboomcar_astra/include/astra_camera_msgs/astra_camera_msgs/msg/detail/extrinsics__builder.hpp
[34.241s] -- Up-to-date: /home/jetson/yahboomcar_ws/install/yahboomcar_astra/include/astra_camera_msgs/astra_camera_msgs/msg/detail/device_info__type_support.hpp
[34.242s] -- Up-to-date: /home/jetson/yahboomcar_ws/install/yahboomcar_astra/include/astra_camera_msgs/astra_camera_msgs/msg/detail/metadata__type_support.hpp
[34.242s] -- Up-to-date: /home/jetson/yahboomcar_ws/install/yahboomcar_astra/include/astra_camera_msgs/astra_camera_msgs/msg/detail/metadata__builder.hpp
[34.242s] -- Up-to-date: /home/jetson/yahboomcar_ws/install/yahboomcar_astra/include/astra_camera_msgs/astra_camera_msgs/msg/detail/metadata__traits.hpp
[34.242s] -- Up-to-date: /home/jetson/yahboomcar_ws/install/yahboomcar_astra/include/astra_camera_msgs/astra_camera_msgs/msg/detail/metadata__struct.hpp
[34.242s] -- Up-to-date: /home/jetson/yahboomcar_ws/install/yahboomcar_astra/include/astra_camera_msgs/astra_camera_msgs/msg/detail/device_info__traits.hpp
[34.243s] -- Up-to-date: /home/jetson/yahboomcar_ws/install/yahboomcar_astra/include/astra_camera_msgs/astra_camera_msgs/msg/detail/extrinsics__type_support.hpp
[34.243s] -- Up-to-date: /home/jetson/yahboomcar_ws/install/yahboomcar_astra/include/astra_camera_msgs/astra_camera_msgs/msg/metadata.hpp
[34.243s] -- Up-to-date: /home/jetson/yahboomcar_ws/install/yahboomcar_astra/include/astra_camera_msgs/astra_camera_msgs/msg/device_info.hpp
[34.243s] -- Up-to-date: /home/jetson/yahboomcar_ws/install/yahboomcar_astra/include/astra_camera_msgs/astra_camera_msgs/msg/rosidl_generator_cpp__visibility_control.hpp
[34.243s] -- Up-to-date: /home/jetson/yahboomcar_ws/install/yahboomcar_astra/include/astra_camera_msgs/astra_camera_msgs/srv
[34.243s] -- Up-to-date: /home/jetson/yahboomcar_ws/install/yahboomcar_astra/include/astra_camera_msgs/astra_camera_msgs/srv/get_int32.hpp
[34.244s] -- Up-to-date: /home/jetson/yahboomcar_ws/install/yahboomcar_astra/include/astra_camera_msgs/astra_camera_msgs/srv/set_int32.hpp
[34.244s] -- Up-to-date: /home/jetson/yahboomcar_ws/install/yahboomcar_astra/include/astra_camera_msgs/astra_camera_msgs/srv/get_camera_params.hpp
[34.244s] -- Up-to-date: /home/jetson/yahboomcar_ws/install/yahboomcar_astra/include/astra_camera_msgs/astra_camera_msgs/srv/detail
[34.244s] -- Up-to-date: /home/jetson/yahboomcar_ws/install/yahboomcar_astra/include/astra_camera_msgs/astra_camera_msgs/srv/detail/get_camera_params__type_support.hpp
[34.244s] -- Up-to-date: /home/jetson/yahboomcar_ws/install/yahboomcar_astra/include/astra_camera_msgs/astra_camera_msgs/srv/detail/get_int32__struct.hpp
[34.244s] -- Up-to-date: /home/jetson/yahboomcar_ws/install/yahboomcar_astra/include/astra_camera_msgs/astra_camera_msgs/srv/detail/get_camera_info__struct.hpp
[34.245s] -- Up-to-date: /home/jetson/yahboomcar_ws/install/yahboomcar_astra/include/astra_camera_msgs/astra_camera_msgs/srv/detail/get_string__struct.hpp
[34.245s] -- Up-to-date: /home/jetson/yahboomcar_ws/install/yahboomcar_astra/include/astra_camera_msgs/astra_camera_msgs/srv/detail/get_device_info__struct.hpp
[34.245s] -- Up-to-date: /home/jetson/yahboomcar_ws/install/yahboomcar_astra/include/astra_camera_msgs/astra_camera_msgs/srv/detail/get_camera_info__builder.hpp
[34.245s] -- Up-to-date: /home/jetson/yahboomcar_ws/install/yahboomcar_astra/include/astra_camera_msgs/astra_camera_msgs/srv/detail/get_int32__traits.hpp
[34.245s] -- Up-to-date: /home/jetson/yahboomcar_ws/install/yahboomcar_astra/include/astra_camera_msgs/astra_camera_msgs/srv/detail/get_string__type_support.hpp
[34.245s] -- Up-to-date: /home/jetson/yahboomcar_ws/install/yahboomcar_astra/include/astra_camera_msgs/astra_camera_msgs/srv/detail/get_string__traits.hpp
[34.246s] -- Up-to-date: /home/jetson/yahboomcar_ws/install/yahboomcar_astra/include/astra_camera_msgs/astra_camera_msgs/srv/detail/set_int32__struct.hpp
[34.246s] -- Up-to-date: /home/jetson/yahboomcar_ws/install/yahboomcar_astra/include/astra_camera_msgs/astra_camera_msgs/srv/detail/get_device_info__type_support.hpp
[34.246s] -- Up-to-date: /home/jetson/yahboomcar_ws/install/yahboomcar_astra/include/astra_camera_msgs/astra_camera_msgs/srv/detail/get_device_info__traits.hpp
[34.246s] -- Up-to-date: /home/jetson/yahboomcar_ws/install/yahboomcar_astra/include/astra_camera_msgs/astra_camera_msgs/srv/detail/get_int32__type_support.hpp
[34.246s] -- Up-to-date: /home/jetson/yahboomcar_ws/install/yahboomcar_astra/include/astra_camera_msgs/astra_camera_msgs/srv/detail/get_camera_info__traits.hpp
[34.247s] -- Up-to-date: /home/jetson/yahboomcar_ws/install/yahboomcar_astra/include/astra_camera_msgs/astra_camera_msgs/srv/detail/set_int32__builder.hpp
[34.247s] -- Up-to-date: /home/jetson/yahboomcar_ws/install/yahboomcar_astra/include/astra_camera_msgs/astra_camera_msgs/srv/detail/get_camera_params__builder.hpp
[34.247s] -- Up-to-date: /home/jetson/yahboomcar_ws/install/yahboomcar_astra/include/astra_camera_msgs/astra_camera_msgs/srv/detail/set_int32__traits.hpp
[34.247s] -- Up-to-date: /home/jetson/yahboomcar_ws/install/yahboomcar_astra/include/astra_camera_msgs/astra_camera_msgs/srv/detail/get_int32__builder.hpp
[34.247s] -- Up-to-date: /home/jetson/yahboomcar_ws/install/yahboomcar_astra/include/astra_camera_msgs/astra_camera_msgs/srv/detail/get_camera_info__type_support.hpp
[34.248s] -- Up-to-date: /home/jetson/yahboomcar_ws/install/yahboomcar_astra/include/astra_camera_msgs/astra_camera_msgs/srv/detail/get_camera_params__struct.hpp
[34.248s] -- Up-to-date: /home/jetson/yahboomcar_ws/install/yahboomcar_astra/include/astra_camera_msgs/astra_camera_msgs/srv/detail/set_int32__type_support.hpp
[34.248s] -- Up-to-date: /home/jetson/yahboomcar_ws/install/yahboomcar_astra/include/astra_camera_msgs/astra_camera_msgs/srv/detail/get_camera_params__traits.hpp
[34.248s] -- Up-to-date: /home/jetson/yahboomcar_ws/install/yahboomcar_astra/include/astra_camera_msgs/astra_camera_msgs/srv/detail/get_device_info__builder.hpp
[34.248s] -- Up-to-date: /home/jetson/yahboomcar_ws/install/yahboomcar_astra/include/astra_camera_msgs/astra_camera_msgs/srv/detail/get_string__builder.hpp
[34.248s] -- Up-to-date: /home/jetson/yahboomcar_ws/install/yahboomcar_astra/include/astra_camera_msgs/astra_camera_msgs/srv/get_string.hpp
[34.248s] -- Up-to-date: /home/jetson/yahboomcar_ws/install/yahboomcar_astra/include/astra_camera_msgs/astra_camera_msgs/srv/get_camera_info.hpp
[34.248s] -- Up-to-date: /home/jetson/yahboomcar_ws/install/yahboomcar_astra/include/astra_camera_msgs/astra_camera_msgs/srv/get_device_info.hpp
[34.249s] -- Up-to-date: /home/jetson/yahboomcar_ws/install/yahboomcar_astra/include/astra_camera_msgs/astra_camera_msgs
[34.249s] -- Up-to-date: /home/jetson/yahboomcar_ws/install/yahboomcar_astra/include/astra_camera_msgs/astra_camera_msgs/msg
[34.249s] -- Up-to-date: /home/jetson/yahboomcar_ws/install/yahboomcar_astra/include/astra_camera_msgs/astra_camera_msgs/msg/detail
[34.249s] -- Up-to-date: /home/jetson/yahboomcar_ws/install/yahboomcar_astra/include/astra_camera_msgs/astra_camera_msgs/msg/detail/metadata__rosidl_typesupport_fastrtps_cpp.hpp
[34.249s] -- Up-to-date: /home/jetson/yahboomcar_ws/install/yahboomcar_astra/include/astra_camera_msgs/astra_camera_msgs/msg/detail/device_info__rosidl_typesupport_fastrtps_cpp.hpp
[34.249s] -- Up-to-date: /home/jetson/yahboomcar_ws/install/yahboomcar_astra/include/astra_camera_msgs/astra_camera_msgs/msg/detail/dds_fastrtps
[34.249s] -- Up-to-date: /home/jetson/yahboomcar_ws/install/yahboomcar_astra/include/astra_camera_msgs/astra_camera_msgs/msg/detail/extrinsics__rosidl_typesupport_fastrtps_cpp.hpp
[34.249s] -- Up-to-date: /home/jetson/yahboomcar_ws/install/yahboomcar_astra/include/astra_camera_msgs/astra_camera_msgs/msg/rosidl_typesupport_fastrtps_cpp__visibility_control.h
[34.250s] -- Up-to-date: /home/jetson/yahboomcar_ws/install/yahboomcar_astra/include/astra_camera_msgs/astra_camera_msgs/srv
[34.250s] -- Up-to-date: /home/jetson/yahboomcar_ws/install/yahboomcar_astra/include/astra_camera_msgs/astra_camera_msgs/srv/detail
[34.250s] -- Up-to-date: /home/jetson/yahboomcar_ws/install/yahboomcar_astra/include/astra_camera_msgs/astra_camera_msgs/srv/detail/get_string__rosidl_typesupport_fastrtps_cpp.hpp
[34.250s] -- Up-to-date: /home/jetson/yahboomcar_ws/install/yahboomcar_astra/include/astra_camera_msgs/astra_camera_msgs/srv/detail/set_int32__rosidl_typesupport_fastrtps_cpp.hpp
[34.250s] -- Up-to-date: /home/jetson/yahboomcar_ws/install/yahboomcar_astra/include/astra_camera_msgs/astra_camera_msgs/srv/detail/get_camera_info__rosidl_typesupport_fastrtps_cpp.hpp
[34.250s] -- Up-to-date: /home/jetson/yahboomcar_ws/install/yahboomcar_astra/include/astra_camera_msgs/astra_camera_msgs/srv/detail/get_int32__rosidl_typesupport_fastrtps_cpp.hpp
[34.250s] -- Up-to-date: /home/jetson/yahboomcar_ws/install/yahboomcar_astra/include/astra_camera_msgs/astra_camera_msgs/srv/detail/get_device_info__rosidl_typesupport_fastrtps_cpp.hpp
[34.250s] -- Up-to-date: /home/jetson/yahboomcar_ws/install/yahboomcar_astra/include/astra_camera_msgs/astra_camera_msgs/srv/detail/get_camera_params__rosidl_typesupport_fastrtps_cpp.hpp
[34.250s] -- Up-to-date: /home/jetson/yahboomcar_ws/install/yahboomcar_astra/include/astra_camera_msgs/astra_camera_msgs/srv/detail/dds_fastrtps
[34.251s] -- Up-to-date: /home/jetson/yahboomcar_ws/install/yahboomcar_astra/lib/libastra_camera_msgs__rosidl_typesupport_fastrtps_cpp.so
[34.251s] -- Up-to-date: /home/jetson/yahboomcar_ws/install/yahboomcar_astra/include/astra_camera_msgs/astra_camera_msgs
[34.251s] -- Up-to-date: /home/jetson/yahboomcar_ws/install/yahboomcar_astra/include/astra_camera_msgs/astra_camera_msgs/msg
[34.251s] -- Up-to-date: /home/jetson/yahboomcar_ws/install/yahboomcar_astra/include/astra_camera_msgs/astra_camera_msgs/msg/detail
[34.251s] -- Up-to-date: /home/jetson/yahboomcar_ws/install/yahboomcar_astra/include/astra_camera_msgs/astra_camera_msgs/msg/detail/device_info__rosidl_typesupport_introspection_cpp.hpp
[34.251s] -- Up-to-date: /home/jetson/yahboomcar_ws/install/yahboomcar_astra/include/astra_camera_msgs/astra_camera_msgs/msg/detail/extrinsics__rosidl_typesupport_introspection_cpp.hpp
[34.251s] -- Up-to-date: /home/jetson/yahboomcar_ws/install/yahboomcar_astra/include/astra_camera_msgs/astra_camera_msgs/msg/detail/metadata__type_support.cpp
[34.251s] -- Up-to-date: /home/jetson/yahboomcar_ws/install/yahboomcar_astra/include/astra_camera_msgs/astra_camera_msgs/msg/detail/device_info__type_support.cpp
[34.252s] -- Up-to-date: /home/jetson/yahboomcar_ws/install/yahboomcar_astra/include/astra_camera_msgs/astra_camera_msgs/msg/detail/metadata__rosidl_typesupport_introspection_cpp.hpp
[34.252s] -- Up-to-date: /home/jetson/yahboomcar_ws/install/yahboomcar_astra/include/astra_camera_msgs/astra_camera_msgs/msg/detail/extrinsics__type_support.cpp
[34.252s] -- Up-to-date: /home/jetson/yahboomcar_ws/install/yahboomcar_astra/include/astra_camera_msgs/astra_camera_msgs/srv
[34.252s] -- Up-to-date: /home/jetson/yahboomcar_ws/install/yahboomcar_astra/include/astra_camera_msgs/astra_camera_msgs/srv/detail
[34.252s] -- Up-to-date: /home/jetson/yahboomcar_ws/install/yahboomcar_astra/include/astra_camera_msgs/astra_camera_msgs/srv/detail/get_camera_params__rosidl_typesupport_introspection_cpp.hpp
[34.252s] -- Up-to-date: /home/jetson/yahboomcar_ws/install/yahboomcar_astra/include/astra_camera_msgs/astra_camera_msgs/srv/detail/get_camera_info__type_support.cpp
[34.252s] -- Up-to-date: /home/jetson/yahboomcar_ws/install/yahboomcar_astra/include/astra_camera_msgs/astra_camera_msgs/srv/detail/set_int32__type_support.cpp
[34.252s] -- Up-to-date: /home/jetson/yahboomcar_ws/install/yahboomcar_astra/include/astra_camera_msgs/astra_camera_msgs/srv/detail/get_camera_params__type_support.cpp
[34.252s] -- Up-to-date: /home/jetson/yahboomcar_ws/install/yahboomcar_astra/include/astra_camera_msgs/astra_camera_msgs/srv/detail/get_device_info__rosidl_typesupport_introspection_cpp.hpp
[34.253s] -- Up-to-date: /home/jetson/yahboomcar_ws/install/yahboomcar_astra/include/astra_camera_msgs/astra_camera_msgs/srv/detail/get_int32__rosidl_typesupport_introspection_cpp.hpp
[34.253s] -- Up-to-date: /home/jetson/yahboomcar_ws/install/yahboomcar_astra/include/astra_camera_msgs/astra_camera_msgs/srv/detail/get_camera_info__rosidl_typesupport_introspection_cpp.hpp
[34.253s] -- Up-to-date: /home/jetson/yahboomcar_ws/install/yahboomcar_astra/include/astra_camera_msgs/astra_camera_msgs/srv/detail/set_int32__rosidl_typesupport_introspection_cpp.hpp
[34.253s] -- Up-to-date: /home/jetson/yahboomcar_ws/install/yahboomcar_astra/include/astra_camera_msgs/astra_camera_msgs/srv/detail/get_device_info__type_support.cpp
[34.253s] -- Up-to-date: /home/jetson/yahboomcar_ws/install/yahboomcar_astra/include/astra_camera_msgs/astra_camera_msgs/srv/detail/get_string__type_support.cpp
[34.253s] -- Up-to-date: /home/jetson/yahboomcar_ws/install/yahboomcar_astra/include/astra_camera_msgs/astra_camera_msgs/srv/detail/get_int32__type_support.cpp
[34.253s] -- Up-to-date: /home/jetson/yahboomcar_ws/install/yahboomcar_astra/include/astra_camera_msgs/astra_camera_msgs/srv/detail/get_string__rosidl_typesupport_introspection_cpp.hpp
[34.253s] -- Up-to-date: /home/jetson/yahboomcar_ws/install/yahboomcar_astra/lib/libastra_camera_msgs__rosidl_typesupport_introspection_cpp.so
[34.254s] -- Up-to-date: /home/jetson/yahboomcar_ws/install/yahboomcar_astra/lib/libastra_camera_msgs__rosidl_typesupport_cpp.so
[34.254s] -- Up-to-date: /home/jetson/yahboomcar_ws/install/yahboomcar_astra/share/astra_camera_msgs/environment/pythonpath.sh
[34.254s] -- Up-to-date: /home/jetson/yahboomcar_ws/install/yahboomcar_astra/share/astra_camera_msgs/environment/pythonpath.dsv
[34.254s] -- Up-to-date: /home/jetson/yahboomcar_ws/install/yahboomcar_astra/local/lib/python3.10/dist-packages/astra_camera_msgs-1.0.1-py3.10.egg-info
[34.254s] -- Up-to-date: /home/jetson/yahboomcar_ws/install/yahboomcar_astra/local/lib/python3.10/dist-packages/astra_camera_msgs-1.0.1-py3.10.egg-info/dependency_links.txt
[34.255s] -- Up-to-date: /home/jetson/yahboomcar_ws/install/yahboomcar_astra/local/lib/python3.10/dist-packages/astra_camera_msgs-1.0.1-py3.10.egg-info/top_level.txt
[34.255s] -- Up-to-date: /home/jetson/yahboomcar_ws/install/yahboomcar_astra/local/lib/python3.10/dist-packages/astra_camera_msgs-1.0.1-py3.10.egg-info/SOURCES.txt
[34.255s] -- Up-to-date: /home/jetson/yahboomcar_ws/install/yahboomcar_astra/local/lib/python3.10/dist-packages/astra_camera_msgs-1.0.1-py3.10.egg-info/PKG-INFO
[34.255s] -- Up-to-date: /home/jetson/yahboomcar_ws/install/yahboomcar_astra/local/lib/python3.10/dist-packages/astra_camera_msgs
[34.255s] -- Up-to-date: /home/jetson/yahboomcar_ws/install/yahboomcar_astra/local/lib/python3.10/dist-packages/astra_camera_msgs/msg
[34.255s] -- Up-to-date: /home/jetson/yahboomcar_ws/install/yahboomcar_astra/local/lib/python3.10/dist-packages/astra_camera_msgs/msg/_extrinsics.py
[34.255s] -- Up-to-date: /home/jetson/yahboomcar_ws/install/yahboomcar_astra/local/lib/python3.10/dist-packages/astra_camera_msgs/msg/_device_info.py
[34.255s] -- Up-to-date: /home/jetson/yahboomcar_ws/install/yahboomcar_astra/local/lib/python3.10/dist-packages/astra_camera_msgs/msg/__init__.py
[34.256s] -- Up-to-date: /home/jetson/yahboomcar_ws/install/yahboomcar_astra/local/lib/python3.10/dist-packages/astra_camera_msgs/msg/_metadata_s.c
[34.256s] -- Up-to-date: /home/jetson/yahboomcar_ws/install/yahboomcar_astra/local/lib/python3.10/dist-packages/astra_camera_msgs/msg/_device_info_s.c
[34.256s] -- Up-to-date: /home/jetson/yahboomcar_ws/install/yahboomcar_astra/local/lib/python3.10/dist-packages/astra_camera_msgs/msg/_metadata.py
[34.256s] -- Up-to-date: /home/jetson/yahboomcar_ws/install/yahboomcar_astra/local/lib/python3.10/dist-packages/astra_camera_msgs/msg/_extrinsics_s.c
[34.256s] -- Up-to-date: /home/jetson/yahboomcar_ws/install/yahboomcar_astra/local/lib/python3.10/dist-packages/astra_camera_msgs/__init__.py
[34.256s] -- Up-to-date: /home/jetson/yahboomcar_ws/install/yahboomcar_astra/local/lib/python3.10/dist-packages/astra_camera_msgs/srv
[34.256s] -- Up-to-date: /home/jetson/yahboomcar_ws/install/yahboomcar_astra/local/lib/python3.10/dist-packages/astra_camera_msgs/srv/_get_device_info_s.c
[34.256s] -- Up-to-date: /home/jetson/yahboomcar_ws/install/yahboomcar_astra/local/lib/python3.10/dist-packages/astra_camera_msgs/srv/_get_camera_info_s.c
[34.257s] -- Up-to-date: /home/jetson/yahboomcar_ws/install/yahboomcar_astra/local/lib/python3.10/dist-packages/astra_camera_msgs/srv/_get_int32_s.c
[34.257s] -- Up-to-date: /home/jetson/yahboomcar_ws/install/yahboomcar_astra/local/lib/python3.10/dist-packages/astra_camera_msgs/srv/_get_string.py
[34.257s] -- Up-to-date: /home/jetson/yahboomcar_ws/install/yahboomcar_astra/local/lib/python3.10/dist-packages/astra_camera_msgs/srv/_get_int32.py
[34.257s] -- Up-to-date: /home/jetson/yahboomcar_ws/install/yahboomcar_astra/local/lib/python3.10/dist-packages/astra_camera_msgs/srv/__init__.py
[34.257s] -- Up-to-date: /home/jetson/yahboomcar_ws/install/yahboomcar_astra/local/lib/python3.10/dist-packages/astra_camera_msgs/srv/_get_camera_params.py
[34.257s] -- Up-to-date: /home/jetson/yahboomcar_ws/install/yahboomcar_astra/local/lib/python3.10/dist-packages/astra_camera_msgs/srv/_get_camera_params_s.c
[34.258s] -- Up-to-date: /home/jetson/yahboomcar_ws/install/yahboomcar_astra/local/lib/python3.10/dist-packages/astra_camera_msgs/srv/_get_device_info.py
[34.258s] -- Up-to-date: /home/jetson/yahboomcar_ws/install/yahboomcar_astra/local/lib/python3.10/dist-packages/astra_camera_msgs/srv/_set_int32_s.c
[34.258s] -- Up-to-date: /home/jetson/yahboomcar_ws/install/yahboomcar_astra/local/lib/python3.10/dist-packages/astra_camera_msgs/srv/_get_camera_info.py
[34.258s] -- Up-to-date: /home/jetson/yahboomcar_ws/install/yahboomcar_astra/local/lib/python3.10/dist-packages/astra_camera_msgs/srv/_set_int32.py
[34.258s] -- Up-to-date: /home/jetson/yahboomcar_ws/install/yahboomcar_astra/local/lib/python3.10/dist-packages/astra_camera_msgs/srv/_get_string_s.c
[34.258s] -- Up-to-date: /home/jetson/yahboomcar_ws/install/yahboomcar_astra/local/lib/python3.10/dist-packages/astra_camera_msgs/libastra_camera_msgs__rosidl_generator_py.so
[34.258s] -- Up-to-date: /home/jetson/yahboomcar_ws/install/yahboomcar_astra/local/lib/python3.10/dist-packages/astra_camera_msgs/astra_camera_msgs_s__rosidl_typesupport_introspection_c.cpython-310-aarch64-linux-gnu.so
[34.259s] -- Up-to-date: /home/jetson/yahboomcar_ws/install/yahboomcar_astra/local/lib/python3.10/dist-packages/astra_camera_msgs/astra_camera_msgs_s__rosidl_typesupport_c.cpython-310-aarch64-linux-gnu.so
[34.259s] -- Up-to-date: /home/jetson/yahboomcar_ws/install/yahboomcar_astra/local/lib/python3.10/dist-packages/astra_camera_msgs/_astra_camera_msgs_s.ep.rosidl_typesupport_introspection_c.c
[34.259s] -- Up-to-date: /home/jetson/yahboomcar_ws/install/yahboomcar_astra/local/lib/python3.10/dist-packages/astra_camera_msgs/_astra_camera_msgs_s.ep.rosidl_typesupport_fastrtps_c.c
[34.259s] -- Up-to-date: /home/jetson/yahboomcar_ws/install/yahboomcar_astra/local/lib/python3.10/dist-packages/astra_camera_msgs/astra_camera_msgs_s__rosidl_typesupport_fastrtps_c.cpython-310-aarch64-linux-gnu.so
[34.259s] -- Up-to-date: /home/jetson/yahboomcar_ws/install/yahboomcar_astra/local/lib/python3.10/dist-packages/astra_camera_msgs/_astra_camera_msgs_s.ep.rosidl_typesupport_c.c
[34.295s] Listing '/home/jetson/yahboomcar_ws/install/yahboomcar_astra/local/lib/python3.10/dist-packages/astra_camera_msgs'...
[34.296s] Listing '/home/jetson/yahboomcar_ws/install/yahboomcar_astra/local/lib/python3.10/dist-packages/astra_camera_msgs/msg'...
[34.296s] Listing '/home/jetson/yahboomcar_ws/install/yahboomcar_astra/local/lib/python3.10/dist-packages/astra_camera_msgs/srv'...
[34.307s] -- Up-to-date: /home/jetson/yahboomcar_ws/install/yahboomcar_astra/local/lib/python3.10/dist-packages/astra_camera_msgs/astra_camera_msgs_s__rosidl_typesupport_fastrtps_c.cpython-310-aarch64-linux-gnu.so
[34.307s] -- Up-to-date: /home/jetson/yahboomcar_ws/install/yahboomcar_astra/local/lib/python3.10/dist-packages/astra_camera_msgs/astra_camera_msgs_s__rosidl_typesupport_introspection_c.cpython-310-aarch64-linux-gnu.so
[34.307s] -- Up-to-date: /home/jetson/yahboomcar_ws/install/yahboomcar_astra/local/lib/python3.10/dist-packages/astra_camera_msgs/astra_camera_msgs_s__rosidl_typesupport_c.cpython-310-aarch64-linux-gnu.so
[34.308s] -- Up-to-date: /home/jetson/yahboomcar_ws/install/yahboomcar_astra/lib/libastra_camera_msgs__rosidl_generator_py.so
[34.308s] -- Up-to-date: /home/jetson/yahboomcar_ws/install/yahboomcar_astra/share/astra_camera_msgs/msg/DeviceInfo.idl
[34.308s] -- Up-to-date: /home/jetson/yahboomcar_ws/install/yahboomcar_astra/share/astra_camera_msgs/msg/Extrinsics.idl
[34.309s] -- Up-to-date: /home/jetson/yahboomcar_ws/install/yahboomcar_astra/share/astra_camera_msgs/msg/Metadata.idl
[34.309s] -- Up-to-date: /home/jetson/yahboomcar_ws/install/yahboomcar_astra/share/astra_camera_msgs/srv/GetDeviceInfo.idl
[34.309s] -- Up-to-date: /home/jetson/yahboomcar_ws/install/yahboomcar_astra/share/astra_camera_msgs/srv/GetCameraInfo.idl
[34.309s] -- Up-to-date: /home/jetson/yahboomcar_ws/install/yahboomcar_astra/share/astra_camera_msgs/srv/GetCameraParams.idl
[34.310s] -- Up-to-date: /home/jetson/yahboomcar_ws/install/yahboomcar_astra/share/astra_camera_msgs/srv/GetInt32.idl
[34.310s] -- Up-to-date: /home/jetson/yahboomcar_ws/install/yahboomcar_astra/share/astra_camera_msgs/srv/GetString.idl
[34.310s] -- Up-to-date: /home/jetson/yahboomcar_ws/install/yahboomcar_astra/share/astra_camera_msgs/srv/SetInt32.idl
[34.310s] -- Up-to-date: /home/jetson/yahboomcar_ws/install/yahboomcar_astra/share/astra_camera_msgs/msg/DeviceInfo.msg
[34.311s] -- Up-to-date: /home/jetson/yahboomcar_ws/install/yahboomcar_astra/share/astra_camera_msgs/msg/Extrinsics.msg
[34.311s] -- Up-to-date: /home/jetson/yahboomcar_ws/install/yahboomcar_astra/share/astra_camera_msgs/msg/Metadata.msg
[34.312s] -- Up-to-date: /home/jetson/yahboomcar_ws/install/yahboomcar_astra/share/astra_camera_msgs/srv/GetDeviceInfo.srv
[34.313s] -- Up-to-date: /home/jetson/yahboomcar_ws/install/yahboomcar_astra/share/astra_camera_msgs/srv/GetDeviceInfo_Request.msg
[34.314s] -- Up-to-date: /home/jetson/yahboomcar_ws/install/yahboomcar_astra/share/astra_camera_msgs/srv/GetDeviceInfo_Response.msg
[34.314s] -- Up-to-date: /home/jetson/yahboomcar_ws/install/yahboomcar_astra/share/astra_camera_msgs/srv/GetCameraInfo.srv
[34.315s] -- Up-to-date: /home/jetson/yahboomcar_ws/install/yahboomcar_astra/share/astra_camera_msgs/srv/GetCameraInfo_Request.msg
[34.315s] -- Up-to-date: /home/jetson/yahboomcar_ws/install/yahboomcar_astra/share/astra_camera_msgs/srv/GetCameraInfo_Response.msg
[34.315s] -- Up-to-date: /home/jetson/yahboomcar_ws/install/yahboomcar_astra/share/astra_camera_msgs/srv/GetCameraParams.srv
[34.315s] -- Up-to-date: /home/jetson/yahboomcar_ws/install/yahboomcar_astra/share/astra_camera_msgs/srv/GetCameraParams_Request.msg
[34.315s] -- Up-to-date: /home/jetson/yahboomcar_ws/install/yahboomcar_astra/share/astra_camera_msgs/srv/GetCameraParams_Response.msg
[34.316s] -- Up-to-date: /home/jetson/yahboomcar_ws/install/yahboomcar_astra/share/astra_camera_msgs/srv/GetInt32.srv
[34.316s] -- Up-to-date: /home/jetson/yahboomcar_ws/install/yahboomcar_astra/share/astra_camera_msgs/srv/GetInt32_Request.msg
[34.316s] -- Up-to-date: /home/jetson/yahboomcar_ws/install/yahboomcar_astra/share/astra_camera_msgs/srv/GetInt32_Response.msg
[34.316s] -- Up-to-date: /home/jetson/yahboomcar_ws/install/yahboomcar_astra/share/astra_camera_msgs/srv/GetString.srv
[34.316s] -- Up-to-date: /home/jetson/yahboomcar_ws/install/yahboomcar_astra/share/astra_camera_msgs/srv/GetString_Request.msg
[34.317s] -- Up-to-date: /home/jetson/yahboomcar_ws/install/yahboomcar_astra/share/astra_camera_msgs/srv/GetString_Response.msg
[34.317s] -- Up-to-date: /home/jetson/yahboomcar_ws/install/yahboomcar_astra/share/astra_camera_msgs/srv/SetInt32.srv
[34.317s] -- Up-to-date: /home/jetson/yahboomcar_ws/install/yahboomcar_astra/share/astra_camera_msgs/srv/SetInt32_Request.msg
[34.317s] -- Up-to-date: /home/jetson/yahboomcar_ws/install/yahboomcar_astra/share/astra_camera_msgs/srv/SetInt32_Response.msg
[34.317s] -- Up-to-date: /home/jetson/yahboomcar_ws/install/yahboomcar_astra/share/ament_index/resource_index/package_run_dependencies/astra_camera_msgs
[34.317s] -- Up-to-date: /home/jetson/yahboomcar_ws/install/yahboomcar_astra/share/ament_index/resource_index/parent_prefix_path/astra_camera_msgs
[34.320s] -- Up-to-date: /home/jetson/yahboomcar_ws/install/yahboomcar_astra/share/astra_camera_msgs/environment/ament_prefix_path.sh
[34.321s] -- Up-to-date: /home/jetson/yahboomcar_ws/install/yahboomcar_astra/share/astra_camera_msgs/environment/ament_prefix_path.dsv
[34.321s] -- Up-to-date: /home/jetson/yahboomcar_ws/install/yahboomcar_astra/share/astra_camera_msgs/environment/path.sh
[34.321s] -- Up-to-date: /home/jetson/yahboomcar_ws/install/yahboomcar_astra/share/astra_camera_msgs/environment/path.dsv
[34.321s] -- Up-to-date: /home/jetson/yahboomcar_ws/install/yahboomcar_astra/share/astra_camera_msgs/local_setup.bash
[34.321s] -- Up-to-date: /home/jetson/yahboomcar_ws/install/yahboomcar_astra/share/astra_camera_msgs/local_setup.sh
[34.322s] -- Up-to-date: /home/jetson/yahboomcar_ws/install/yahboomcar_astra/share/astra_camera_msgs/local_setup.zsh
[34.322s] -- Up-to-date: /home/jetson/yahboomcar_ws/install/yahboomcar_astra/share/astra_camera_msgs/local_setup.dsv
[34.322s] -- Up-to-date: /home/jetson/yahboomcar_ws/install/yahboomcar_astra/share/astra_camera_msgs/package.dsv
[34.322s] -- Up-to-date: /home/jetson/yahboomcar_ws/install/yahboomcar_astra/share/ament_index/resource_index/packages/astra_camera_msgs
[34.322s] -- Up-to-date: /home/jetson/yahboomcar_ws/install/yahboomcar_astra/share/astra_camera_msgs/cmake/export_astra_camera_msgs__rosidl_generator_cExport.cmake
[34.322s] -- Up-to-date: /home/jetson/yahboomcar_ws/install/yahboomcar_astra/share/astra_camera_msgs/cmake/export_astra_camera_msgs__rosidl_generator_cExport-noconfig.cmake
[34.322s] -- Up-to-date: /home/jetson/yahboomcar_ws/install/yahboomcar_astra/share/astra_camera_msgs/cmake/export_astra_camera_msgs__rosidl_typesupport_fastrtps_cExport.cmake
[34.323s] -- Up-to-date: /home/jetson/yahboomcar_ws/install/yahboomcar_astra/share/astra_camera_msgs/cmake/export_astra_camera_msgs__rosidl_typesupport_fastrtps_cExport-noconfig.cmake
[34.323s] -- Up-to-date: /home/jetson/yahboomcar_ws/install/yahboomcar_astra/share/astra_camera_msgs/cmake/astra_camera_msgs__rosidl_typesupport_introspection_cExport.cmake
[34.323s] -- Up-to-date: /home/jetson/yahboomcar_ws/install/yahboomcar_astra/share/astra_camera_msgs/cmake/astra_camera_msgs__rosidl_typesupport_introspection_cExport-noconfig.cmake
[34.323s] -- Up-to-date: /home/jetson/yahboomcar_ws/install/yahboomcar_astra/share/astra_camera_msgs/cmake/astra_camera_msgs__rosidl_typesupport_cExport.cmake
[34.325s] -- Up-to-date: /home/jetson/yahboomcar_ws/install/yahboomcar_astra/share/astra_camera_msgs/cmake/astra_camera_msgs__rosidl_typesupport_cExport-noconfig.cmake
[34.328s] -- Up-to-date: /home/jetson/yahboomcar_ws/install/yahboomcar_astra/share/astra_camera_msgs/cmake/export_astra_camera_msgs__rosidl_generator_cppExport.cmake
[34.329s] -- Up-to-date: /home/jetson/yahboomcar_ws/install/yahboomcar_astra/share/astra_camera_msgs/cmake/export_astra_camera_msgs__rosidl_typesupport_fastrtps_cppExport.cmake
[34.330s] -- Up-to-date: /home/jetson/yahboomcar_ws/install/yahboomcar_astra/share/astra_camera_msgs/cmake/export_astra_camera_msgs__rosidl_typesupport_fastrtps_cppExport-noconfig.cmake
[34.331s] -- Up-to-date: /home/jetson/yahboomcar_ws/install/yahboomcar_astra/share/astra_camera_msgs/cmake/astra_camera_msgs__rosidl_typesupport_introspection_cppExport.cmake
[34.339s] -- Up-to-date: /home/jetson/yahboomcar_ws/install/yahboomcar_astra/share/astra_camera_msgs/cmake/astra_camera_msgs__rosidl_typesupport_introspection_cppExport-noconfig.cmake
[34.340s] -- Up-to-date: /home/jetson/yahboomcar_ws/install/yahboomcar_astra/share/astra_camera_msgs/cmake/astra_camera_msgs__rosidl_typesupport_cppExport.cmake
[34.343s] -- Up-to-date: /home/jetson/yahboomcar_ws/install/yahboomcar_astra/share/astra_camera_msgs/cmake/astra_camera_msgs__rosidl_typesupport_cppExport-noconfig.cmake
[34.344s] -- Up-to-date: /home/jetson/yahboomcar_ws/install/yahboomcar_astra/share/astra_camera_msgs/cmake/export_astra_camera_msgs__rosidl_generator_pyExport.cmake
[34.344s] -- Up-to-date: /home/jetson/yahboomcar_ws/install/yahboomcar_astra/share/astra_camera_msgs/cmake/export_astra_camera_msgs__rosidl_generator_pyExport-noconfig.cmake
[34.345s] -- Up-to-date: /home/jetson/yahboomcar_ws/install/yahboomcar_astra/share/astra_camera_msgs/cmake/rosidl_cmake-extras.cmake
[34.345s] -- Up-to-date: /home/jetson/yahboomcar_ws/install/yahboomcar_astra/share/astra_camera_msgs/cmake/ament_cmake_export_dependencies-extras.cmake
[34.346s] -- Up-to-date: /home/jetson/yahboomcar_ws/install/yahboomcar_astra/share/astra_camera_msgs/cmake/ament_cmake_export_include_directories-extras.cmake
[34.346s] -- Up-to-date: /home/jetson/yahboomcar_ws/install/yahboomcar_astra/share/astra_camera_msgs/cmake/ament_cmake_export_libraries-extras.cmake
[34.346s] -- Up-to-date: /home/jetson/yahboomcar_ws/install/yahboomcar_astra/share/astra_camera_msgs/cmake/ament_cmake_export_targets-extras.cmake
[34.347s] -- Up-to-date: /home/jetson/yahboomcar_ws/install/yahboomcar_astra/share/astra_camera_msgs/cmake/rosidl_cmake_export_typesupport_targets-extras.cmake
[34.347s] -- Up-to-date: /home/jetson/yahboomcar_ws/install/yahboomcar_astra/share/astra_camera_msgs/cmake/rosidl_cmake_export_typesupport_libraries-extras.cmake
[34.347s] -- Up-to-date: /home/jetson/yahboomcar_ws/install/yahboomcar_astra/share/astra_camera_msgs/cmake/astra_camera_msgsConfig.cmake
[34.353s] -- Up-to-date: /home/jetson/yahboomcar_ws/install/yahboomcar_astra/share/astra_camera_msgs/cmake/astra_camera_msgsConfig-version.cmake
[34.353s] -- Up-to-date: /home/jetson/yahboomcar_ws/install/yahboomcar_astra/share/astra_camera_msgs/package.xml
[34.357s] Invoked command in '/home/jetson/yahboomcar_ws/build/yahboomcar_astra' returned '0': AMENT_PREFIX_PATH=/home/jetson/yahboomcar_ws/install/yahboomcar_ctrl:/home/jetson/yahboomcar_ws/install/yahboomcar_bringup:/home/jetson/yahboomcar_ws/install/yahboomcar_msgs:/home/jetson/yahboomcar_ws/install/yahboomcar_description:${AMENT_PREFIX_PATH} CMAKE_PREFIX_PATH=/home/jetson/yahboomcar_ws/install/yahboomcar_ctrl:/home/jetson/yahboomcar_ws/install/yahboomcar_bringup:/home/jetson/yahboomcar_ws/install/yahboomcar_msgs:/home/jetson/yahboomcar_ws/install/yahboomcar_description:/home/jetson/yahboomcar_ros2_ws/software/library_ws/install/ydlidar_ros2_driver:/home/jetson/yahboomcar_ros2_ws/software/library_ws/install/web_video_server:/home/jetson/yahboomcar_ros2_ws/software/library_ws/install/teb_local_planner:/home/jetson/yahboomcar_ros2_ws/software/library_ws/install/teb_msgs:/home/jetson/yahboomcar_ros2_ws/software/library_ws/install/sllidar_ros2:/home/jetson/yahboomcar_ros2_ws/software/library_ws/install/slam_gmapping:/home/jetson/yahboomcar_ros2_ws/software/library_ws/install/robot_localization:/home/jetson/yahboomcar_ros2_ws/software/library_ws/install/openslam_gmapping:/home/jetson/yahboomcar_ros2_ws/software/library_ws/install/costmap_converter:/home/jetson/yahboomcar_ros2_ws/software/library_ws/install/costmap_converter_msgs:/home/jetson/yahboomcar_ros2_ws/software/library_ws/install/astra_camera:/home/jetson/yahboomcar_ros2_ws/software/library_ws/install/astra_camera_msgs:/opt/ros/humble LD_LIBRARY_PATH=/home/jetson/yahboomcar_ws/install/yahboomcar_msgs/lib:/usr/local/lib:/usr/local/cuda-12.6/lib64:/home/jetson/yahboomcar_ros2_ws/software/library_ws/install/teb_local_planner/lib:/home/jetson/yahboomcar_ros2_ws/software/library_ws/install/teb_msgs/lib:/home/jetson/yahboomcar_ros2_ws/software/library_ws/install/robot_localization/lib:/home/jetson/yahboomcar_ros2_ws/software/library_ws/install/openslam_gmapping/lib:/home/jetson/yahboomcar_ros2_ws/software/library_ws/install/costmap_converter/lib:/home/jetson/yahboomcar_ros2_ws/software/library_ws/install/costmap_converter_msgs/lib:/home/jetson/yahboomcar_ros2_ws/software/library_ws/install/astra_camera/lib:/home/jetson/yahboomcar_ros2_ws/software/library_ws/install/astra_camera_msgs/lib:/opt/ros/humble/opt/rviz_ogre_vendor/lib:/opt/ros/humble/lib/aarch64-linux-gnu:/opt/ros/humble/lib:/usr/local/lib:/usr/local/cuda-12.6/lib64 PYTHONPATH=/home/jetson/yahboomcar_ws/install/yahboomcar_msgs/local/lib/python3.10/dist-packages:${PYTHONPATH} /usr/bin/cmake --install /home/jetson/yahboomcar_ws/build/yahboomcar_astra
