[0.037s] Invoking command in '/home/jetson/yahboomcar_ws/build/ros2_orbslam': CMAKE_PREFIX_PATH=${CMAKE_PREFIX_PATH}:/opt/ros/humble /usr/bin/cmake /home/jetson/yahboomcar_ws/src/ros2-ORB_SLAM2 -DCMAKE_INSTALL_PREFIX=/home/jetson/yahboomcar_ws/install/ros2_orbslam
[0.075s] -- Found ament_cmake: 1.3.11 (/opt/ros/humble/share/ament_cmake/cmake)
[0.465s] -- Found rclcpp: 16.0.12 (/opt/ros/humble/share/rclcpp/cmake)
[0.529s] -- Found rosidl_generator_c: 3.1.6 (/opt/ros/humble/share/rosidl_generator_c/cmake)
[0.533s] -- Found rosidl_adapter: 3.1.6 (/opt/ros/humble/share/rosidl_adapter/cmake)
[0.544s] -- Found rosidl_generator_cpp: 3.1.6 (/opt/ros/humble/share/rosidl_generator_cpp/cmake)
[0.563s] -- Using all available rosidl_typesupport_c: rosidl_typesupport_fastrtps_c;rosidl_typesupport_introspection_c
[0.589s] -- Using all available rosidl_typesupport_cpp: rosidl_typesupport_fastrtps_cpp;rosidl_typesupport_introspection_cpp
[0.650s] -- Found rmw_implementation_cmake: 6.1.2 (/opt/ros/humble/share/rmw_implementation_cmake/cmake)
[0.654s] -- Found rmw_fastrtps_cpp: 6.2.7 (/opt/ros/humble/share/rmw_fastrtps_cpp/cmake)
[0.876s] -- Using RMW implementation 'rmw_fastrtps_cpp' as default
[0.967s] -- Found sensor_msgs: 4.8.0 (/opt/ros/humble/share/sensor_msgs/cmake)
[1.019s] -- Found nav_msgs: 4.8.0 (/opt/ros/humble/share/nav_msgs/cmake)
[1.048s] -- Found cv_bridge: 3.2.1 (/opt/ros/humble/share/cv_bridge/cmake)
[1.053s] -- Found message_filters: 4.3.7 (/opt/ros/humble/share/message_filters/cmake)
[1.089s] [31mCMake Error at /usr/share/cmake-3.22/Modules/FindPackageHandleStandardArgs.cmake:230 (message):
[1.089s]   Could NOT find ORB_SLAM2 (missing: ORB_SLAM2_LIBRARY ORB_SLAM2_INCLUDE_DIR
[1.090s]   DBoW2_INCLUDE_DIR DBoW2_LIBRARY g2o_LIBRARY)
[1.090s] Call Stack (most recent call first):
[1.090s]   /usr/share/cmake-3.22/Modules/FindPackageHandleStandardArgs.cmake:594 (_FPHSA_FAILURE_MESSAGE)
[1.090s]   CMakeModules/FindORB_SLAM2.cmake:44 (find_package_handle_standard_args)
[1.090s]   CMakeLists.txt:25 (find_package)
[1.090s] 
[1.090s] [0m
[1.091s] -- Configuring incomplete, errors occurred!
[1.091s] See also "/home/jetson/yahboomcar_ws/build/ros2_orbslam/CMakeFiles/CMakeOutput.log".
[1.134s] Invoked command in '/home/jetson/yahboomcar_ws/build/ros2_orbslam' returned '1': CMAKE_PREFIX_PATH=${CMAKE_PREFIX_PATH}:/opt/ros/humble /usr/bin/cmake /home/jetson/yahboomcar_ws/src/ros2-ORB_SLAM2 -DCMAKE_INSTALL_PREFIX=/home/jetson/yahboomcar_ws/install/ros2_orbslam
