[0.027s] Invoking command in '/home/jetson/yahboomcar_ws/build/yahboomcar_astra': AMENT_PREFIX_PATH=/home/jetson/yahboomcar_ws/install/yahboomcar_ctrl:/home/jetson/yahboomcar_ws/install/yahboomcar_bringup:/home/jetson/yahboomcar_ws/install/yahboomcar_msgs:/home/jetson/yahboomcar_ws/install/yahboomcar_description:${AMENT_PREFIX_PATH} CMAKE_PREFIX_PATH=/home/jetson/yahboomcar_ws/install/yahboomcar_ctrl:/home/jetson/yahboomcar_ws/install/yahboomcar_bringup:/home/jetson/yahboomcar_ws/install/yahboomcar_msgs:/home/jetson/yahboomcar_ws/install/yahboomcar_description:/home/jetson/yahboomcar_ros2_ws/software/library_ws/install/ydlidar_ros2_driver:/home/jetson/yahboomcar_ros2_ws/software/library_ws/install/web_video_server:/home/jetson/yahboomcar_ros2_ws/software/library_ws/install/teb_local_planner:/home/jetson/yahboomcar_ros2_ws/software/library_ws/install/teb_msgs:/home/jetson/yahboomcar_ros2_ws/software/library_ws/install/sllidar_ros2:/home/jetson/yahboomcar_ros2_ws/software/library_ws/install/slam_gmapping:/home/jetson/yahboomcar_ros2_ws/software/library_ws/install/robot_localization:/home/jetson/yahboomcar_ros2_ws/software/library_ws/install/openslam_gmapping:/home/jetson/yahboomcar_ros2_ws/software/library_ws/install/costmap_converter:/home/jetson/yahboomcar_ros2_ws/software/library_ws/install/costmap_converter_msgs:/home/jetson/yahboomcar_ros2_ws/software/library_ws/install/astra_camera:/home/jetson/yahboomcar_ros2_ws/software/library_ws/install/astra_camera_msgs:/opt/ros/humble LD_LIBRARY_PATH=/home/jetson/yahboomcar_ws/install/yahboomcar_msgs/lib:/usr/local/lib:/usr/local/cuda-12.6/lib64:/home/jetson/yahboomcar_ros2_ws/software/library_ws/install/teb_local_planner/lib:/home/jetson/yahboomcar_ros2_ws/software/library_ws/install/teb_msgs/lib:/home/jetson/yahboomcar_ros2_ws/software/library_ws/install/robot_localization/lib:/home/jetson/yahboomcar_ros2_ws/software/library_ws/install/openslam_gmapping/lib:/home/jetson/yahboomcar_ros2_ws/software/library_ws/install/costmap_converter/lib:/home/jetson/yahboomcar_ros2_ws/software/library_ws/install/costmap_converter_msgs/lib:/home/jetson/yahboomcar_ros2_ws/software/library_ws/install/astra_camera/lib:/home/jetson/yahboomcar_ros2_ws/software/library_ws/install/astra_camera_msgs/lib:/opt/ros/humble/opt/rviz_ogre_vendor/lib:/opt/ros/humble/lib/aarch64-linux-gnu:/opt/ros/humble/lib:/usr/local/lib:/usr/local/cuda-12.6/lib64 PYTHONPATH=/home/jetson/yahboomcar_ws/install/yahboomcar_msgs/local/lib/python3.10/dist-packages:${PYTHONPATH} /usr/bin/cmake --build /home/jetson/yahboomcar_ws/build/yahboomcar_astra -- -j6 -l6
[0.197s] [  1%] Built target astra_camera_msgs__cpp
[0.198s] [ 10%] Built target astra_camera_msgs__rosidl_generator_c
[0.206s] [ 10%] [32mBuilding CXX object CMakeFiles/KCFTracker_node.dir/src/KCF_Tracker_main.cpp.o[0m
[0.221s] [ 11%] [32mBuilding CXX object CMakeFiles/KCFTracker_node.dir/src/KCF_Tracker.cpp.o[0m
[0.262s] [ 11%] Built target ament_cmake_python_copy_astra_camera_msgs
[0.316s] [ 21%] Built target astra_camera_msgs__rosidl_typesupport_introspection_cpp
[0.316s] [ 31%] Built target astra_camera_msgs__rosidl_typesupport_cpp
[0.320s] [ 40%] Built target astra_camera_msgs__rosidl_typesupport_fastrtps_c
[0.372s] [ 50%] Built target astra_camera_msgs__rosidl_typesupport_c
[0.416s] [ 59%] Built target astra_camera_msgs__rosidl_typesupport_fastrtps_cpp
[0.489s] [ 69%] Built target astra_camera_msgs__rosidl_typesupport_introspection_c
[0.592s] [ 69%] Built target astra_camera_msgs
[0.692s] [ 81%] Built target yahboomcar_astra_driver
[0.719s] [ 82%] Built target astra_camera_msgs__py
[0.821s] [ 84%] Built target astra_camera_node
[0.830s] [ 92%] Built target astra_camera_msgs__rosidl_generator_py
[0.920s] [ 93%] Built target astra_camera_msgs__rosidl_typesupport_introspection_c__pyext
[0.944s] [ 95%] Built target astra_camera_msgs__rosidl_typesupport_fastrtps_c__pyext
[0.967s] [ 96%] Built target astra_camera_msgs__rosidl_typesupport_c__pyext
[1.071s] running egg_info
[1.105s] In file included from [01m[K/home/jetson/yahboomcar_ws/src/yahboomcar_astra/src/KCF_Tracker_main.cpp:3[m[K:
[1.106s] [01m[K/home/jetson/yahboomcar_ws/src/yahboomcar_astra/include/yahboomcar_astra/KCF_Tracker.h:21:10:[m[K [01;31m[Kfatal error: [m[Kstd_srvs/std_srvs/srv/set_bool.h: No such file or directory
[1.106s]    21 | #include [01;31m[K<std_srvs/std_srvs/srv/set_bool.h>[m[K
[1.106s]       |          [01;31m[K^~~~~~~~~~~~~~~~~~~~~~~~~~~~~~~~~~[m[K
[1.106s] compilation terminated.
[1.119s] gmake[2]: *** [CMakeFiles/KCFTracker_node.dir/build.make:76: CMakeFiles/KCFTracker_node.dir/src/KCF_Tracker_main.cpp.o] Error 1
[1.120s] gmake[2]: *** Waiting for unfinished jobs....
[1.128s] writing astra_camera_msgs.egg-info/PKG-INFO
[1.129s] writing dependency_links to astra_camera_msgs.egg-info/dependency_links.txt
[1.130s] writing top-level names to astra_camera_msgs.egg-info/top_level.txt
[1.214s] In file included from [01m[K/home/jetson/yahboomcar_ws/src/yahboomcar_astra/src/KCF_Tracker.cpp:5[m[K:
[1.214s] [01m[K/home/jetson/yahboomcar_ws/src/yahboomcar_astra/include/yahboomcar_astra/KCF_Tracker.h:21:10:[m[K [01;31m[Kfatal error: [m[Kstd_srvs/std_srvs/srv/set_bool.h: No such file or directory
[1.214s]    21 | #include [01;31m[K<std_srvs/std_srvs/srv/set_bool.h>[m[K
[1.214s]       |          [01;31m[K^~~~~~~~~~~~~~~~~~~~~~~~~~~~~~~~~~[m[K
[1.214s] compilation terminated.
[1.224s] gmake[2]: *** [CMakeFiles/KCFTracker_node.dir/build.make:90: CMakeFiles/KCFTracker_node.dir/src/KCF_Tracker.cpp.o] Error 1
[1.225s] gmake[1]: *** [CMakeFiles/Makefile2:235: CMakeFiles/KCFTracker_node.dir/all] Error 2
[1.225s] gmake[1]: *** Waiting for unfinished jobs....
[1.289s] reading manifest file 'astra_camera_msgs.egg-info/SOURCES.txt'
[1.292s] writing manifest file 'astra_camera_msgs.egg-info/SOURCES.txt'
[1.392s] [ 96%] Built target ament_cmake_python_build_astra_camera_msgs_egg
[1.396s] gmake: *** [Makefile:146: all] Error 2
[1.403s] Invoked command in '/home/jetson/yahboomcar_ws/build/yahboomcar_astra' returned '2': AMENT_PREFIX_PATH=/home/jetson/yahboomcar_ws/install/yahboomcar_ctrl:/home/jetson/yahboomcar_ws/install/yahboomcar_bringup:/home/jetson/yahboomcar_ws/install/yahboomcar_msgs:/home/jetson/yahboomcar_ws/install/yahboomcar_description:${AMENT_PREFIX_PATH} CMAKE_PREFIX_PATH=/home/jetson/yahboomcar_ws/install/yahboomcar_ctrl:/home/jetson/yahboomcar_ws/install/yahboomcar_bringup:/home/jetson/yahboomcar_ws/install/yahboomcar_msgs:/home/jetson/yahboomcar_ws/install/yahboomcar_description:/home/jetson/yahboomcar_ros2_ws/software/library_ws/install/ydlidar_ros2_driver:/home/jetson/yahboomcar_ros2_ws/software/library_ws/install/web_video_server:/home/jetson/yahboomcar_ros2_ws/software/library_ws/install/teb_local_planner:/home/jetson/yahboomcar_ros2_ws/software/library_ws/install/teb_msgs:/home/jetson/yahboomcar_ros2_ws/software/library_ws/install/sllidar_ros2:/home/jetson/yahboomcar_ros2_ws/software/library_ws/install/slam_gmapping:/home/jetson/yahboomcar_ros2_ws/software/library_ws/install/robot_localization:/home/jetson/yahboomcar_ros2_ws/software/library_ws/install/openslam_gmapping:/home/jetson/yahboomcar_ros2_ws/software/library_ws/install/costmap_converter:/home/jetson/yahboomcar_ros2_ws/software/library_ws/install/costmap_converter_msgs:/home/jetson/yahboomcar_ros2_ws/software/library_ws/install/astra_camera:/home/jetson/yahboomcar_ros2_ws/software/library_ws/install/astra_camera_msgs:/opt/ros/humble LD_LIBRARY_PATH=/home/jetson/yahboomcar_ws/install/yahboomcar_msgs/lib:/usr/local/lib:/usr/local/cuda-12.6/lib64:/home/jetson/yahboomcar_ros2_ws/software/library_ws/install/teb_local_planner/lib:/home/jetson/yahboomcar_ros2_ws/software/library_ws/install/teb_msgs/lib:/home/jetson/yahboomcar_ros2_ws/software/library_ws/install/robot_localization/lib:/home/jetson/yahboomcar_ros2_ws/software/library_ws/install/openslam_gmapping/lib:/home/jetson/yahboomcar_ros2_ws/software/library_ws/install/costmap_converter/lib:/home/jetson/yahboomcar_ros2_ws/software/library_ws/install/costmap_converter_msgs/lib:/home/jetson/yahboomcar_ros2_ws/software/library_ws/install/astra_camera/lib:/home/jetson/yahboomcar_ros2_ws/software/library_ws/install/astra_camera_msgs/lib:/opt/ros/humble/opt/rviz_ogre_vendor/lib:/opt/ros/humble/lib/aarch64-linux-gnu:/opt/ros/humble/lib:/usr/local/lib:/usr/local/cuda-12.6/lib64 PYTHONPATH=/home/jetson/yahboomcar_ws/install/yahboomcar_msgs/local/lib/python3.10/dist-packages:${PYTHONPATH} /usr/bin/cmake --build /home/jetson/yahboomcar_ws/build/yahboomcar_astra -- -j6 -l6
