-- Install configuration: ""
-- Installing: /home/jetson/yahboomcar_ws/install/yahboomcar_ctrl/lib/yahboomcar_ctrl/yahboom_joy.py
-- Up-to-date: /home/jetson/yahboomcar_ws/install/yahboomcar_ctrl/lib/yahboomcar_ctrl/yahboom_keyboard.py
-- Up-to-date: /home/jetson/yahboomcar_ws/install/yahboomcar_ctrl/lib/yahboomcar_ctrl/turtlebot_joy.py
-- Up-to-date: /home/jetson/yahboomcar_ws/install/yahboomcar_ctrl/lib/yahboomcar_ctrl/twist_joy.py
-- Up-to-date: /home/jetson/yahboomcar_ws/install/yahboomcar_ctrl/share/yahboomcar_ctrl/launch
-- Up-to-date: /home/jetson/yahboomcar_ws/install/yahboomcar_ctrl/share/yahboomcar_ctrl/launch/turtlebot_joy.launch.py
-- Up-to-date: /home/jetson/yahboomcar_ws/install/yahboomcar_ctrl/share/yahboomcar_ctrl/launch/yahboom_joy.launch.py
-- Up-to-date: /home/jetson/yahboomcar_ws/install/yahboomcar_ctrl/share/yahboomcar_ctrl/launch/yahboom_keyboard.launch.py
-- Up-to-date: /home/jetson/yahboomcar_ws/install/yahboomcar_ctrl/share/yahboomcar_ctrl/launch/twist_joy.launch.py
-- Up-to-date: /home/jetson/yahboomcar_ws/install/yahboomcar_ctrl/share/ament_index/resource_index/package_run_dependencies/yahboomcar_ctrl
-- Up-to-date: /home/jetson/yahboomcar_ws/install/yahboomcar_ctrl/share/ament_index/resource_index/parent_prefix_path/yahboomcar_ctrl
-- Up-to-date: /home/jetson/yahboomcar_ws/install/yahboomcar_ctrl/share/yahboomcar_ctrl/environment/ament_prefix_path.sh
-- Up-to-date: /home/jetson/yahboomcar_ws/install/yahboomcar_ctrl/share/yahboomcar_ctrl/environment/ament_prefix_path.dsv
-- Up-to-date: /home/jetson/yahboomcar_ws/install/yahboomcar_ctrl/share/yahboomcar_ctrl/environment/path.sh
-- Up-to-date: /home/jetson/yahboomcar_ws/install/yahboomcar_ctrl/share/yahboomcar_ctrl/environment/path.dsv
-- Up-to-date: /home/jetson/yahboomcar_ws/install/yahboomcar_ctrl/share/yahboomcar_ctrl/local_setup.bash
-- Up-to-date: /home/jetson/yahboomcar_ws/install/yahboomcar_ctrl/share/yahboomcar_ctrl/local_setup.sh
-- Up-to-date: /home/jetson/yahboomcar_ws/install/yahboomcar_ctrl/share/yahboomcar_ctrl/local_setup.zsh
-- Up-to-date: /home/jetson/yahboomcar_ws/install/yahboomcar_ctrl/share/yahboomcar_ctrl/local_setup.dsv
-- Installing: /home/jetson/yahboomcar_ws/install/yahboomcar_ctrl/share/yahboomcar_ctrl/package.dsv
-- Up-to-date: /home/jetson/yahboomcar_ws/install/yahboomcar_ctrl/share/ament_index/resource_index/packages/yahboomcar_ctrl
-- Up-to-date: /home/jetson/yahboomcar_ws/install/yahboomcar_ctrl/share/yahboomcar_ctrl/cmake/yahboomcar_ctrlConfig.cmake
-- Up-to-date: /home/jetson/yahboomcar_ws/install/yahboomcar_ctrl/share/yahboomcar_ctrl/cmake/yahboomcar_ctrlConfig-version.cmake
-- Up-to-date: /home/jetson/yahboomcar_ws/install/yahboomcar_ctrl/share/yahboomcar_ctrl/package.xml
