[0.022s] Invoking command in '/home/jetson/yahboomcar_ws/build/yahboomcar_msgs': CMAKE_PREFIX_PATH=${CMAKE_PREFIX_PATH}:/opt/ros/humble /usr/bin/cmake /home/jetson/yahboomcar_ws/src/yahboomcar_msgs -DCMAKE_INSTALL_PREFIX=/home/jetson/yahboomcar_ws/install/yahboomcar_msgs
[0.049s] -- Found ament_cmake: 1.3.11 (/opt/ros/humble/share/ament_cmake/cmake)
[0.347s] -- Found rosidl_default_generators: 1.2.0 (/opt/ros/humble/share/rosidl_default_generators/cmake)
[0.357s] -- Using all available rosidl_typesupport_c: rosidl_typesupport_fastrtps_c;rosidl_typesupport_introspection_c
[0.365s] -- Found rosidl_adapter: 3.1.6 (/opt/ros/humble/share/rosidl_adapter/cmake)
[0.430s] -- Using all available rosidl_typesupport_cpp: rosidl_typesupport_fastrtps_cpp;rosidl_typesupport_introspection_cpp
[0.473s] -- Found builtin_interfaces: 1.2.1 (/opt/ros/humble/share/builtin_interfaces/cmake)
[0.492s] -- Found geometry_msgs: 4.8.0 (/opt/ros/humble/share/geometry_msgs/cmake)
[0.533s] -- Found action_msgs: 1.2.1 (/opt/ros/humble/share/action_msgs/cmake)
[1.008s] [31mCMake Error at /opt/ros/humble/share/rosidl_adapter/cmake/rosidl_adapt_interfaces.cmake:59 (message):
[1.008s]   execute_process(/usr/bin/python3 -m rosidl_adapter --package-name
[1.009s]   yahboomcar_msgs --arguments-file
[1.009s]   /home/jetson/yahboomcar_ws/build/yahboomcar_msgs/rosidl_adapter__arguments__yahboomcar_msgs.json
[1.009s]   --output-dir
[1.010s]   /home/jetson/yahboomcar_ws/build/yahboomcar_msgs/rosidl_adapter/yahboomcar_msgs
[1.010s]   --output-file
[1.010s]   /home/jetson/yahboomcar_ws/build/yahboomcar_msgs/rosidl_adapter/yahboomcar_msgs.idls)
[1.010s]   returned error code 1:
[1.011s] 
[1.011s]   Traceback (most recent call last):
[1.011s] 
[1.011s]     File "/usr/lib/python3.10/runpy.py", line 196, in _run_module_as_main
[1.012s]       return _run_code(code, main_globals, None,
[1.012s]     File "/usr/lib/python3.10/runpy.py", line 86, in _run_code
[1.012s]       exec(code, run_globals)
[1.012s]     File "/opt/ros/humble/local/lib/python3.10/dist-packages/rosidl_adapter/__main__.py", line 19, in <module>
[1.013s]       sys.exit(main())
[1.013s]     File "/opt/ros/humble/local/lib/python3.10/dist-packages/rosidl_adapter/main.py", line 53, in main
[1.013s]       abs_idl_file = convert_to_idl(
[1.013s]     File "/opt/ros/humble/local/lib/python3.10/dist-packages/rosidl_adapter/__init__.py", line 24, in convert_to_idl
[1.013s]       return convert_srv_to_idl(
[1.014s]     File "/opt/ros/humble/local/lib/python3.10/dist-packages/rosidl_adapter/srv/__init__.py", line 28, in convert_srv_to_idl
[1.014s]       srv = parse_service_string(package_name, input_file.stem, content)
[1.014s]     File "/opt/ros/humble/local/lib/python3.10/dist-packages/rosidl_adapter/parser.py", line 854, in parse_service_string
[1.014s]       raise InvalidServiceSpecification(
[1.015s] 
[1.015s]   rosidl_adapter.parser.InvalidServiceSpecification: Could not find unique
[1.015s]   separator '---' between request and response
[1.015s] 
[1.016s] Call Stack (most recent call first):
[1.016s]   /opt/ros/humble/share/rosidl_cmake/cmake/rosidl_generate_interfaces.cmake:130 (rosidl_adapt_interfaces)
[1.016s]   CMakeLists.txt:10 (rosidl_generate_interfaces)
[1.016s] 
[1.016s] [0m
[1.017s] -- Configuring incomplete, errors occurred!
[1.017s] See also "/home/jetson/yahboomcar_ws/build/yahboomcar_msgs/CMakeFiles/CMakeOutput.log".
[1.032s] Invoked command in '/home/jetson/yahboomcar_ws/build/yahboomcar_msgs' returned '1': CMAKE_PREFIX_PATH=${CMAKE_PREFIX_PATH}:/opt/ros/humble /usr/bin/cmake /home/jetson/yahboomcar_ws/src/yahboomcar_msgs -DCMAKE_INSTALL_PREFIX=/home/jetson/yahboomcar_ws/install/yahboomcar_msgs
