[0.277s] colcon DEBUG Command line arguments: ['/usr/bin/colcon', 'build', '--packages-select', 'yahboomcar_slam']
[0.277s] colcon DEBUG Parsed command line arguments: Namespace(log_base=None, log_level=None, verb_name='build', build_base='build', install_base='install', merge_install=False, symlink_install=False, test_result_base=None, continue_on_error=False, executor='parallel', parallel_workers=6, event_handlers=None, ignore_user_meta=False, metas=['./colcon.meta'], base_paths=['.'], packages_ignore=None, packages_ignore_regex=None, paths=None, packages_up_to=None, packages_up_to_regex=None, packages_above=None, packages_above_and_dependencies=None, packages_above_depth=None, packages_select_by_dep=None, packages_skip_by_dep=None, packages_skip_up_to=None, packages_select_build_failed=False, packages_skip_build_finished=False, packages_select_test_failures=False, packages_skip_test_passed=False, packages_select=['yahboomcar_slam'], packages_skip=None, packages_select_regex=None, packages_skip_regex=None, packages_start=None, packages_end=None, allow_overriding=[], cmake_args=None, cmake_target=None, cmake_target_skip_unavailable=False, cmake_clean_cache=False, cmake_clean_first=False, cmake_force_configure=False, ament_cmake_args=None, catkin_cmake_args=None, catkin_skip_building_tests=False, mixin_files=None, mixin=None, verb_parser=<colcon_mixin.mixin.mixin_argument.MixinArgumentDecorator object at 0xffffb3fb9e10>, verb_extension=<colcon_core.verb.build.BuildVerb object at 0xffffb3fb9900>, main=<bound method BuildVerb.main of <colcon_core.verb.build.BuildVerb object at 0xffffb3fb9900>>, mixin_verb=('build',))
[0.390s] colcon.colcon_core.package_discovery Level 1 discover_packages(colcon_meta) check parameters
[0.391s] colcon.colcon_core.package_discovery Level 1 discover_packages(recursive) check parameters
[0.391s] colcon.colcon_core.package_discovery Level 1 discover_packages(ignore) check parameters
[0.391s] colcon.colcon_core.package_discovery Level 1 discover_packages(path) check parameters
[0.391s] colcon.colcon_core.package_discovery Level 1 discover_packages(colcon_meta) discover
[0.391s] colcon.colcon_core.package_discovery Level 1 discover_packages(recursive) discover
[0.391s] colcon.colcon_core.package_discovery INFO Crawling recursively for packages in '/home/jetson/yahboomcar_ws'
[0.391s] colcon.colcon_core.package_identification Level 1 _identify(.) by extensions ['ignore', 'ignore_ament_install']
[0.392s] colcon.colcon_core.package_identification Level 1 _identify(.) by extension 'ignore'
[0.392s] colcon.colcon_core.package_identification Level 1 _identify(.) by extension 'ignore_ament_install'
[0.392s] colcon.colcon_core.package_identification Level 1 _identify(.) by extensions ['colcon_pkg']
[0.392s] colcon.colcon_core.package_identification Level 1 _identify(.) by extension 'colcon_pkg'
[0.392s] colcon.colcon_core.package_identification Level 1 _identify(.) by extensions ['colcon_meta']
[0.393s] colcon.colcon_core.package_identification Level 1 _identify(.) by extension 'colcon_meta'
[0.393s] colcon.colcon_core.package_identification Level 1 _identify(.) by extensions ['ros']
[0.393s] colcon.colcon_core.package_identification Level 1 _identify(.) by extension 'ros'
[0.425s] colcon.colcon_core.package_identification Level 1 _identify(.) by extensions ['cmake', 'python']
[0.426s] colcon.colcon_core.package_identification Level 1 _identify(.) by extension 'cmake'
[0.426s] colcon.colcon_core.package_identification Level 1 _identify(.) by extension 'python'
[0.426s] colcon.colcon_core.package_identification Level 1 _identify(.) by extensions ['python_setup_py']
[0.426s] colcon.colcon_core.package_identification Level 1 _identify(.) by extension 'python_setup_py'
[0.426s] colcon.colcon_core.package_identification Level 1 _identify(build) by extensions ['ignore', 'ignore_ament_install']
[0.427s] colcon.colcon_core.package_identification Level 1 _identify(build) by extension 'ignore'
[0.427s] colcon.colcon_core.package_identification Level 1 _identify(build) ignored
[0.427s] colcon.colcon_core.package_identification Level 1 _identify(install) by extensions ['ignore', 'ignore_ament_install']
[0.427s] colcon.colcon_core.package_identification Level 1 _identify(install) by extension 'ignore'
[0.427s] colcon.colcon_core.package_identification Level 1 _identify(install) ignored
[0.428s] colcon.colcon_core.package_identification Level 1 _identify(log) by extensions ['ignore', 'ignore_ament_install']
[0.428s] colcon.colcon_core.package_identification Level 1 _identify(log) by extension 'ignore'
[0.428s] colcon.colcon_core.package_identification Level 1 _identify(log) ignored
[0.428s] colcon.colcon_core.package_identification Level 1 _identify(src) by extensions ['ignore', 'ignore_ament_install']
[0.428s] colcon.colcon_core.package_identification Level 1 _identify(src) by extension 'ignore'
[0.429s] colcon.colcon_core.package_identification Level 1 _identify(src) by extension 'ignore_ament_install'
[0.429s] colcon.colcon_core.package_identification Level 1 _identify(src) by extensions ['colcon_pkg']
[0.429s] colcon.colcon_core.package_identification Level 1 _identify(src) by extension 'colcon_pkg'
[0.429s] colcon.colcon_core.package_identification Level 1 _identify(src) by extensions ['colcon_meta']
[0.429s] colcon.colcon_core.package_identification Level 1 _identify(src) by extension 'colcon_meta'
[0.429s] colcon.colcon_core.package_identification Level 1 _identify(src) by extensions ['ros']
[0.429s] colcon.colcon_core.package_identification Level 1 _identify(src) by extension 'ros'
[0.429s] colcon.colcon_core.package_identification Level 1 _identify(src) by extensions ['cmake', 'python']
[0.429s] colcon.colcon_core.package_identification Level 1 _identify(src) by extension 'cmake'
[0.643s] colcon.colcon_cmake.package_identification.cmake WARNING Ignoring 'src/CMakeLists.txt' since it seems to be a toplevel CMake file generated by 'catkin_make'
[0.644s] colcon.colcon_core.package_identification Level 1 _identify(src) by extension 'python'
[0.644s] colcon.colcon_core.package_identification Level 1 _identify(src) by extensions ['python_setup_py']
[0.644s] colcon.colcon_core.package_identification Level 1 _identify(src) by extension 'python_setup_py'
[0.644s] colcon.colcon_core.package_identification Level 1 _identify(src/YDLidar-SDK) by extensions ['ignore', 'ignore_ament_install']
[0.645s] colcon.colcon_core.package_identification Level 1 _identify(src/YDLidar-SDK) by extension 'ignore'
[0.645s] colcon.colcon_core.package_identification Level 1 _identify(src/YDLidar-SDK) by extension 'ignore_ament_install'
[0.645s] colcon.colcon_core.package_identification Level 1 _identify(src/YDLidar-SDK) by extensions ['colcon_pkg']
[0.645s] colcon.colcon_core.package_identification Level 1 _identify(src/YDLidar-SDK) by extension 'colcon_pkg'
[0.645s] colcon.colcon_core.package_identification Level 1 _identify(src/YDLidar-SDK) by extensions ['colcon_meta']
[0.645s] colcon.colcon_core.package_identification Level 1 _identify(src/YDLidar-SDK) by extension 'colcon_meta'
[0.645s] colcon.colcon_core.package_identification Level 1 _identify(src/YDLidar-SDK) by extensions ['ros']
[0.645s] colcon.colcon_core.package_identification Level 1 _identify(src/YDLidar-SDK) by extension 'ros'
[0.645s] colcon.colcon_core.package_identification Level 1 _identify(src/YDLidar-SDK) by extensions ['cmake', 'python']
[0.645s] colcon.colcon_core.package_identification Level 1 _identify(src/YDLidar-SDK) by extension 'cmake'
[0.655s] colcon.colcon_core.package_identification Level 1 _identify(src/YDLidar-SDK) by extension 'python'
[0.655s] colcon.colcon_core.package_identification DEBUG Package 'src/YDLidar-SDK' with type 'cmake' and name 'ydlidar_sdk'
[0.656s] colcon.colcon_core.package_identification Level 1 _identify(src/arm_autopilot) by extensions ['ignore', 'ignore_ament_install']
[0.656s] colcon.colcon_core.package_identification Level 1 _identify(src/arm_autopilot) by extension 'ignore'
[0.656s] colcon.colcon_core.package_identification Level 1 _identify(src/arm_autopilot) by extension 'ignore_ament_install'
[0.656s] colcon.colcon_core.package_identification Level 1 _identify(src/arm_autopilot) by extensions ['colcon_pkg']
[0.656s] colcon.colcon_core.package_identification Level 1 _identify(src/arm_autopilot) by extension 'colcon_pkg'
[0.656s] colcon.colcon_core.package_identification Level 1 _identify(src/arm_autopilot) by extensions ['colcon_meta']
[0.657s] colcon.colcon_core.package_identification Level 1 _identify(src/arm_autopilot) by extension 'colcon_meta'
[0.657s] colcon.colcon_core.package_identification Level 1 _identify(src/arm_autopilot) by extensions ['ros']
[0.657s] colcon.colcon_core.package_identification Level 1 _identify(src/arm_autopilot) by extension 'ros'
[0.664s] colcon.colcon_core.package_identification DEBUG Package 'src/arm_autopilot' with type 'ros.catkin' and name 'arm_autopilot'
[0.664s] colcon.colcon_core.package_identification Level 1 _identify(src/arm_color_transport) by extensions ['ignore', 'ignore_ament_install']
[0.664s] colcon.colcon_core.package_identification Level 1 _identify(src/arm_color_transport) by extension 'ignore'
[0.664s] colcon.colcon_core.package_identification Level 1 _identify(src/arm_color_transport) by extension 'ignore_ament_install'
[0.665s] colcon.colcon_core.package_identification Level 1 _identify(src/arm_color_transport) by extensions ['colcon_pkg']
[0.665s] colcon.colcon_core.package_identification Level 1 _identify(src/arm_color_transport) by extension 'colcon_pkg'
[0.665s] colcon.colcon_core.package_identification Level 1 _identify(src/arm_color_transport) by extensions ['colcon_meta']
[0.665s] colcon.colcon_core.package_identification Level 1 _identify(src/arm_color_transport) by extension 'colcon_meta'
[0.665s] colcon.colcon_core.package_identification Level 1 _identify(src/arm_color_transport) by extensions ['ros']
[0.665s] colcon.colcon_core.package_identification Level 1 _identify(src/arm_color_transport) by extension 'ros'
[0.667s] colcon.colcon_core.package_identification DEBUG Package 'src/arm_color_transport' with type 'ros.catkin' and name 'arm_color_transport'
[0.668s] colcon.colcon_core.package_identification Level 1 _identify(src/arm_mediapipe) by extensions ['ignore', 'ignore_ament_install']
[0.668s] colcon.colcon_core.package_identification Level 1 _identify(src/arm_mediapipe) by extension 'ignore'
[0.668s] colcon.colcon_core.package_identification Level 1 _identify(src/arm_mediapipe) by extension 'ignore_ament_install'
[0.668s] colcon.colcon_core.package_identification Level 1 _identify(src/arm_mediapipe) by extensions ['colcon_pkg']
[0.668s] colcon.colcon_core.package_identification Level 1 _identify(src/arm_mediapipe) by extension 'colcon_pkg'
[0.668s] colcon.colcon_core.package_identification Level 1 _identify(src/arm_mediapipe) by extensions ['colcon_meta']
[0.668s] colcon.colcon_core.package_identification Level 1 _identify(src/arm_mediapipe) by extension 'colcon_meta'
[0.668s] colcon.colcon_core.package_identification Level 1 _identify(src/arm_mediapipe) by extensions ['ros']
[0.669s] colcon.colcon_core.package_identification Level 1 _identify(src/arm_mediapipe) by extension 'ros'
[0.670s] colcon.colcon_core.package_identification DEBUG Package 'src/arm_mediapipe' with type 'ros.catkin' and name 'arm_mediapipe'
[0.670s] colcon.colcon_core.package_identification Level 1 _identify(src/arm_moveit_demo) by extensions ['ignore', 'ignore_ament_install']
[0.670s] colcon.colcon_core.package_identification Level 1 _identify(src/arm_moveit_demo) by extension 'ignore'
[0.671s] colcon.colcon_core.package_identification Level 1 _identify(src/arm_moveit_demo) by extension 'ignore_ament_install'
[0.671s] colcon.colcon_core.package_identification Level 1 _identify(src/arm_moveit_demo) by extensions ['colcon_pkg']
[0.671s] colcon.colcon_core.package_identification Level 1 _identify(src/arm_moveit_demo) by extension 'colcon_pkg'
[0.671s] colcon.colcon_core.package_identification Level 1 _identify(src/arm_moveit_demo) by extensions ['colcon_meta']
[0.671s] colcon.colcon_core.package_identification Level 1 _identify(src/arm_moveit_demo) by extension 'colcon_meta'
[0.671s] colcon.colcon_core.package_identification Level 1 _identify(src/arm_moveit_demo) by extensions ['ros']
[0.671s] colcon.colcon_core.package_identification Level 1 _identify(src/arm_moveit_demo) by extension 'ros'
[0.673s] colcon.colcon_core.package_identification DEBUG Package 'src/arm_moveit_demo' with type 'ros.catkin' and name 'arm_moveit_demo'
[0.674s] colcon.colcon_core.package_identification Level 1 _identify(src/build) by extensions ['ignore', 'ignore_ament_install']
[0.674s] colcon.colcon_core.package_identification Level 1 _identify(src/build) by extension 'ignore'
[0.674s] colcon.colcon_core.package_identification Level 1 _identify(src/build) ignored
[0.674s] colcon.colcon_core.package_identification Level 1 _identify(src/garbage_identify_yolov11) by extensions ['ignore', 'ignore_ament_install']
[0.674s] colcon.colcon_core.package_identification Level 1 _identify(src/garbage_identify_yolov11) by extension 'ignore'
[0.675s] colcon.colcon_core.package_identification Level 1 _identify(src/garbage_identify_yolov11) by extension 'ignore_ament_install'
[0.675s] colcon.colcon_core.package_identification Level 1 _identify(src/garbage_identify_yolov11) by extensions ['colcon_pkg']
[0.675s] colcon.colcon_core.package_identification Level 1 _identify(src/garbage_identify_yolov11) by extension 'colcon_pkg'
[0.675s] colcon.colcon_core.package_identification Level 1 _identify(src/garbage_identify_yolov11) by extensions ['colcon_meta']
[0.675s] colcon.colcon_core.package_identification Level 1 _identify(src/garbage_identify_yolov11) by extension 'colcon_meta'
[0.675s] colcon.colcon_core.package_identification Level 1 _identify(src/garbage_identify_yolov11) by extensions ['ros']
[0.675s] colcon.colcon_core.package_identification Level 1 _identify(src/garbage_identify_yolov11) by extension 'ros'
[0.677s] colcon.colcon_core.package_identification DEBUG Package 'src/garbage_identify_yolov11' with type 'ros.catkin' and name 'garbage_identify_yolov11'
[0.677s] colcon.colcon_core.package_identification Level 1 _identify(src/install) by extensions ['ignore', 'ignore_ament_install']
[0.677s] colcon.colcon_core.package_identification Level 1 _identify(src/install) by extension 'ignore'
[0.677s] colcon.colcon_core.package_identification Level 1 _identify(src/install) ignored
[0.678s] colcon.colcon_core.package_identification Level 1 _identify(src/joy) by extensions ['ignore', 'ignore_ament_install']
[0.678s] colcon.colcon_core.package_identification Level 1 _identify(src/joy) by extension 'ignore'
[0.678s] colcon.colcon_core.package_identification Level 1 _identify(src/joy) by extension 'ignore_ament_install'
[0.678s] colcon.colcon_core.package_identification Level 1 _identify(src/joy) by extensions ['colcon_pkg']
[0.678s] colcon.colcon_core.package_identification Level 1 _identify(src/joy) by extension 'colcon_pkg'
[0.678s] colcon.colcon_core.package_identification Level 1 _identify(src/joy) by extensions ['colcon_meta']
[0.678s] colcon.colcon_core.package_identification Level 1 _identify(src/joy) by extension 'colcon_meta'
[0.678s] colcon.colcon_core.package_identification Level 1 _identify(src/joy) by extensions ['ros']
[0.678s] colcon.colcon_core.package_identification Level 1 _identify(src/joy) by extension 'ros'
[0.680s] colcon.colcon_core.package_identification DEBUG Package 'src/joy' with type 'ros.catkin' and name 'joy'
[0.680s] colcon.colcon_core.package_identification Level 1 _identify(src/x3plus_moveit_config) by extensions ['ignore', 'ignore_ament_install']
[0.681s] colcon.colcon_core.package_identification Level 1 _identify(src/x3plus_moveit_config) by extension 'ignore'
[0.681s] colcon.colcon_core.package_identification Level 1 _identify(src/x3plus_moveit_config) by extension 'ignore_ament_install'
[0.681s] colcon.colcon_core.package_identification Level 1 _identify(src/x3plus_moveit_config) by extensions ['colcon_pkg']
[0.681s] colcon.colcon_core.package_identification Level 1 _identify(src/x3plus_moveit_config) by extension 'colcon_pkg'
[0.681s] colcon.colcon_core.package_identification Level 1 _identify(src/x3plus_moveit_config) by extensions ['colcon_meta']
[0.681s] colcon.colcon_core.package_identification Level 1 _identify(src/x3plus_moveit_config) by extension 'colcon_meta'
[0.681s] colcon.colcon_core.package_identification Level 1 _identify(src/x3plus_moveit_config) by extensions ['ros']
[0.681s] colcon.colcon_core.package_identification Level 1 _identify(src/x3plus_moveit_config) by extension 'ros'
[0.683s] colcon.colcon_core.package_identification DEBUG Package 'src/x3plus_moveit_config' with type 'ros.catkin' and name 'x3plus_moveit_config'
[0.684s] colcon.colcon_core.package_identification Level 1 _identify(src/yahboomcar_astra) by extensions ['ignore', 'ignore_ament_install']
[0.684s] colcon.colcon_core.package_identification Level 1 _identify(src/yahboomcar_astra) by extension 'ignore'
[0.684s] colcon.colcon_core.package_identification Level 1 _identify(src/yahboomcar_astra) by extension 'ignore_ament_install'
[0.684s] colcon.colcon_core.package_identification Level 1 _identify(src/yahboomcar_astra) by extensions ['colcon_pkg']
[0.684s] colcon.colcon_core.package_identification Level 1 _identify(src/yahboomcar_astra) by extension 'colcon_pkg'
[0.684s] colcon.colcon_core.package_identification Level 1 _identify(src/yahboomcar_astra) by extensions ['colcon_meta']
[0.684s] colcon.colcon_core.package_identification Level 1 _identify(src/yahboomcar_astra) by extension 'colcon_meta'
[0.684s] colcon.colcon_core.package_identification Level 1 _identify(src/yahboomcar_astra) by extensions ['ros']
[0.685s] colcon.colcon_core.package_identification Level 1 _identify(src/yahboomcar_astra) by extension 'ros'
[0.689s] colcon.colcon_core.package_identification DEBUG Package 'src/yahboomcar_astra' with type 'ros.ament_cmake' and name 'yahboomcar_astra'
[0.690s] colcon.colcon_core.package_identification Level 1 _identify(src/yahboomcar_bringup) by extensions ['ignore', 'ignore_ament_install']
[0.690s] colcon.colcon_core.package_identification Level 1 _identify(src/yahboomcar_bringup) by extension 'ignore'
[0.690s] colcon.colcon_core.package_identification Level 1 _identify(src/yahboomcar_bringup) by extension 'ignore_ament_install'
[0.690s] colcon.colcon_core.package_identification Level 1 _identify(src/yahboomcar_bringup) by extensions ['colcon_pkg']
[0.690s] colcon.colcon_core.package_identification Level 1 _identify(src/yahboomcar_bringup) by extension 'colcon_pkg'
[0.690s] colcon.colcon_core.package_identification Level 1 _identify(src/yahboomcar_bringup) by extensions ['colcon_meta']
[0.690s] colcon.colcon_core.package_identification Level 1 _identify(src/yahboomcar_bringup) by extension 'colcon_meta'
[0.690s] colcon.colcon_core.package_identification Level 1 _identify(src/yahboomcar_bringup) by extensions ['ros']
[0.690s] colcon.colcon_core.package_identification Level 1 _identify(src/yahboomcar_bringup) by extension 'ros'
[0.693s] colcon.colcon_core.package_identification DEBUG Package 'src/yahboomcar_bringup' with type 'ros.ament_cmake' and name 'yahboomcar_bringup'
[0.693s] colcon.colcon_core.package_identification Level 1 _identify(src/yahboomcar_ctrl) by extensions ['ignore', 'ignore_ament_install']
[0.693s] colcon.colcon_core.package_identification Level 1 _identify(src/yahboomcar_ctrl) by extension 'ignore'
[0.693s] colcon.colcon_core.package_identification Level 1 _identify(src/yahboomcar_ctrl) by extension 'ignore_ament_install'
[0.693s] colcon.colcon_core.package_identification Level 1 _identify(src/yahboomcar_ctrl) by extensions ['colcon_pkg']
[0.694s] colcon.colcon_core.package_identification Level 1 _identify(src/yahboomcar_ctrl) by extension 'colcon_pkg'
[0.694s] colcon.colcon_core.package_identification Level 1 _identify(src/yahboomcar_ctrl) by extensions ['colcon_meta']
[0.694s] colcon.colcon_core.package_identification Level 1 _identify(src/yahboomcar_ctrl) by extension 'colcon_meta'
[0.694s] colcon.colcon_core.package_identification Level 1 _identify(src/yahboomcar_ctrl) by extensions ['ros']
[0.694s] colcon.colcon_core.package_identification Level 1 _identify(src/yahboomcar_ctrl) by extension 'ros'
[0.696s] colcon.colcon_core.package_identification DEBUG Package 'src/yahboomcar_ctrl' with type 'ros.ament_cmake' and name 'yahboomcar_ctrl'
[0.696s] colcon.colcon_core.package_identification Level 1 _identify(src/yahboomcar_description) by extensions ['ignore', 'ignore_ament_install']
[0.697s] colcon.colcon_core.package_identification Level 1 _identify(src/yahboomcar_description) by extension 'ignore'
[0.697s] colcon.colcon_core.package_identification Level 1 _identify(src/yahboomcar_description) by extension 'ignore_ament_install'
[0.697s] colcon.colcon_core.package_identification Level 1 _identify(src/yahboomcar_description) by extensions ['colcon_pkg']
[0.697s] colcon.colcon_core.package_identification Level 1 _identify(src/yahboomcar_description) by extension 'colcon_pkg'
[0.697s] colcon.colcon_core.package_identification Level 1 _identify(src/yahboomcar_description) by extensions ['colcon_meta']
[0.697s] colcon.colcon_core.package_identification Level 1 _identify(src/yahboomcar_description) by extension 'colcon_meta'
[0.697s] colcon.colcon_core.package_identification Level 1 _identify(src/yahboomcar_description) by extensions ['ros']
[0.697s] colcon.colcon_core.package_identification Level 1 _identify(src/yahboomcar_description) by extension 'ros'
[0.699s] colcon.colcon_core.package_identification DEBUG Package 'src/yahboomcar_description' with type 'ros.ament_cmake' and name 'yahboomcar_description'
[0.700s] colcon.colcon_core.package_identification Level 1 _identify(src/yahboomcar_laser) by extensions ['ignore', 'ignore_ament_install']
[0.700s] colcon.colcon_core.package_identification Level 1 _identify(src/yahboomcar_laser) by extension 'ignore'
[0.700s] colcon.colcon_core.package_identification Level 1 _identify(src/yahboomcar_laser) by extension 'ignore_ament_install'
[0.700s] colcon.colcon_core.package_identification Level 1 _identify(src/yahboomcar_laser) by extensions ['colcon_pkg']
[0.700s] colcon.colcon_core.package_identification Level 1 _identify(src/yahboomcar_laser) by extension 'colcon_pkg'
[0.700s] colcon.colcon_core.package_identification Level 1 _identify(src/yahboomcar_laser) by extensions ['colcon_meta']
[0.700s] colcon.colcon_core.package_identification Level 1 _identify(src/yahboomcar_laser) by extension 'colcon_meta'
[0.700s] colcon.colcon_core.package_identification Level 1 _identify(src/yahboomcar_laser) by extensions ['ros']
[0.701s] colcon.colcon_core.package_identification Level 1 _identify(src/yahboomcar_laser) by extension 'ros'
[0.703s] colcon.colcon_core.package_identification DEBUG Package 'src/yahboomcar_laser' with type 'ros.ament_cmake' and name 'yahboomcar_laser'
[0.703s] colcon.colcon_core.package_identification Level 1 _identify(src/yahboomcar_linefollw) by extensions ['ignore', 'ignore_ament_install']
[0.703s] colcon.colcon_core.package_identification Level 1 _identify(src/yahboomcar_linefollw) by extension 'ignore'
[0.703s] colcon.colcon_core.package_identification Level 1 _identify(src/yahboomcar_linefollw) by extension 'ignore_ament_install'
[0.703s] colcon.colcon_core.package_identification Level 1 _identify(src/yahboomcar_linefollw) by extensions ['colcon_pkg']
[0.703s] colcon.colcon_core.package_identification Level 1 _identify(src/yahboomcar_linefollw) by extension 'colcon_pkg'
[0.704s] colcon.colcon_core.package_identification Level 1 _identify(src/yahboomcar_linefollw) by extensions ['colcon_meta']
[0.704s] colcon.colcon_core.package_identification Level 1 _identify(src/yahboomcar_linefollw) by extension 'colcon_meta'
[0.704s] colcon.colcon_core.package_identification Level 1 _identify(src/yahboomcar_linefollw) by extensions ['ros']
[0.704s] colcon.colcon_core.package_identification Level 1 _identify(src/yahboomcar_linefollw) by extension 'ros'
[0.705s] colcon.colcon_core.package_identification DEBUG Package 'src/yahboomcar_linefollw' with type 'ros.catkin' and name 'yahboomcar_linefollw'
[0.706s] colcon.colcon_core.package_identification Level 1 _identify(src/yahboomcar_mediapipe) by extensions ['ignore', 'ignore_ament_install']
[0.706s] colcon.colcon_core.package_identification Level 1 _identify(src/yahboomcar_mediapipe) by extension 'ignore'
[0.706s] colcon.colcon_core.package_identification Level 1 _identify(src/yahboomcar_mediapipe) by extension 'ignore_ament_install'
[0.706s] colcon.colcon_core.package_identification Level 1 _identify(src/yahboomcar_mediapipe) by extensions ['colcon_pkg']
[0.706s] colcon.colcon_core.package_identification Level 1 _identify(src/yahboomcar_mediapipe) by extension 'colcon_pkg'
[0.706s] colcon.colcon_core.package_identification Level 1 _identify(src/yahboomcar_mediapipe) by extensions ['colcon_meta']
[0.706s] colcon.colcon_core.package_identification Level 1 _identify(src/yahboomcar_mediapipe) by extension 'colcon_meta'
[0.706s] colcon.colcon_core.package_identification Level 1 _identify(src/yahboomcar_mediapipe) by extensions ['ros']
[0.706s] colcon.colcon_core.package_identification Level 1 _identify(src/yahboomcar_mediapipe) by extension 'ros'
[0.708s] colcon.colcon_core.package_identification DEBUG Package 'src/yahboomcar_mediapipe' with type 'ros.catkin' and name 'yahboomcar_mediapipe'
[0.709s] colcon.colcon_core.package_identification Level 1 _identify(src/yahboomcar_msgs) by extensions ['ignore', 'ignore_ament_install']
[0.709s] colcon.colcon_core.package_identification Level 1 _identify(src/yahboomcar_msgs) by extension 'ignore'
[0.709s] colcon.colcon_core.package_identification Level 1 _identify(src/yahboomcar_msgs) by extension 'ignore_ament_install'
[0.709s] colcon.colcon_core.package_identification Level 1 _identify(src/yahboomcar_msgs) by extensions ['colcon_pkg']
[0.709s] colcon.colcon_core.package_identification Level 1 _identify(src/yahboomcar_msgs) by extension 'colcon_pkg'
[0.709s] colcon.colcon_core.package_identification Level 1 _identify(src/yahboomcar_msgs) by extensions ['colcon_meta']
[0.709s] colcon.colcon_core.package_identification Level 1 _identify(src/yahboomcar_msgs) by extension 'colcon_meta'
[0.709s] colcon.colcon_core.package_identification Level 1 _identify(src/yahboomcar_msgs) by extensions ['ros']
[0.710s] colcon.colcon_core.package_identification Level 1 _identify(src/yahboomcar_msgs) by extension 'ros'
[0.711s] colcon.colcon_core.package_identification DEBUG Package 'src/yahboomcar_msgs' with type 'ros.ament_cmake' and name 'yahboomcar_msgs'
[0.711s] colcon.colcon_core.package_identification Level 1 _identify(src/yahboomcar_multi) by extensions ['ignore', 'ignore_ament_install']
[0.712s] colcon.colcon_core.package_identification Level 1 _identify(src/yahboomcar_multi) by extension 'ignore'
[0.712s] colcon.colcon_core.package_identification Level 1 _identify(src/yahboomcar_multi) by extension 'ignore_ament_install'
[0.712s] colcon.colcon_core.package_identification Level 1 _identify(src/yahboomcar_multi) by extensions ['colcon_pkg']
[0.712s] colcon.colcon_core.package_identification Level 1 _identify(src/yahboomcar_multi) by extension 'colcon_pkg'
[0.712s] colcon.colcon_core.package_identification Level 1 _identify(src/yahboomcar_multi) by extensions ['colcon_meta']
[0.712s] colcon.colcon_core.package_identification Level 1 _identify(src/yahboomcar_multi) by extension 'colcon_meta'
[0.712s] colcon.colcon_core.package_identification Level 1 _identify(src/yahboomcar_multi) by extensions ['ros']
[0.712s] colcon.colcon_core.package_identification Level 1 _identify(src/yahboomcar_multi) by extension 'ros'
[0.714s] colcon.colcon_core.package_identification DEBUG Package 'src/yahboomcar_multi' with type 'ros.catkin' and name 'yahboomcar_multi'
[0.714s] colcon.colcon_core.package_identification Level 1 _identify(src/yahboomcar_nav) by extensions ['ignore', 'ignore_ament_install']
[0.714s] colcon.colcon_core.package_identification Level 1 _identify(src/yahboomcar_nav) by extension 'ignore'
[0.714s] colcon.colcon_core.package_identification Level 1 _identify(src/yahboomcar_nav) by extension 'ignore_ament_install'
[0.715s] colcon.colcon_core.package_identification Level 1 _identify(src/yahboomcar_nav) by extensions ['colcon_pkg']
[0.715s] colcon.colcon_core.package_identification Level 1 _identify(src/yahboomcar_nav) by extension 'colcon_pkg'
[0.715s] colcon.colcon_core.package_identification Level 1 _identify(src/yahboomcar_nav) by extensions ['colcon_meta']
[0.715s] colcon.colcon_core.package_identification Level 1 _identify(src/yahboomcar_nav) by extension 'colcon_meta'
[0.715s] colcon.colcon_core.package_identification Level 1 _identify(src/yahboomcar_nav) by extensions ['ros']
[0.715s] colcon.colcon_core.package_identification Level 1 _identify(src/yahboomcar_nav) by extension 'ros'
[0.717s] colcon.colcon_core.package_identification DEBUG Package 'src/yahboomcar_nav' with type 'ros.catkin' and name 'yahboomcar_nav'
[0.717s] colcon.colcon_core.package_identification Level 1 _identify(src/yahboomcar_slam) by extensions ['ignore', 'ignore_ament_install']
[0.717s] colcon.colcon_core.package_identification Level 1 _identify(src/yahboomcar_slam) by extension 'ignore'
[0.717s] colcon.colcon_core.package_identification Level 1 _identify(src/yahboomcar_slam) by extension 'ignore_ament_install'
[0.718s] colcon.colcon_core.package_identification Level 1 _identify(src/yahboomcar_slam) by extensions ['colcon_pkg']
[0.718s] colcon.colcon_core.package_identification Level 1 _identify(src/yahboomcar_slam) by extension 'colcon_pkg'
[0.718s] colcon.colcon_core.package_identification Level 1 _identify(src/yahboomcar_slam) by extensions ['colcon_meta']
[0.718s] colcon.colcon_core.package_identification Level 1 _identify(src/yahboomcar_slam) by extension 'colcon_meta'
[0.718s] colcon.colcon_core.package_identification Level 1 _identify(src/yahboomcar_slam) by extensions ['ros']
[0.718s] colcon.colcon_core.package_identification Level 1 _identify(src/yahboomcar_slam) by extension 'ros'
[0.721s] colcon.colcon_core.package_identification DEBUG Package 'src/yahboomcar_slam' with type 'ros.ament_cmake' and name 'yahboomcar_slam'
[0.721s] colcon.colcon_core.package_identification Level 1 _identify(src/yahboomcar_visual) by extensions ['ignore', 'ignore_ament_install']
[0.721s] colcon.colcon_core.package_identification Level 1 _identify(src/yahboomcar_visual) by extension 'ignore'
[0.721s] colcon.colcon_core.package_identification Level 1 _identify(src/yahboomcar_visual) by extension 'ignore_ament_install'
[0.721s] colcon.colcon_core.package_identification Level 1 _identify(src/yahboomcar_visual) by extensions ['colcon_pkg']
[0.721s] colcon.colcon_core.package_identification Level 1 _identify(src/yahboomcar_visual) by extension 'colcon_pkg'
[0.721s] colcon.colcon_core.package_identification Level 1 _identify(src/yahboomcar_visual) by extensions ['colcon_meta']
[0.722s] colcon.colcon_core.package_identification Level 1 _identify(src/yahboomcar_visual) by extension 'colcon_meta'
[0.722s] colcon.colcon_core.package_identification Level 1 _identify(src/yahboomcar_visual) by extensions ['ros']
[0.722s] colcon.colcon_core.package_identification Level 1 _identify(src/yahboomcar_visual) by extension 'ros'
[0.723s] colcon.colcon_core.package_identification DEBUG Package 'src/yahboomcar_visual' with type 'ros.catkin' and name 'yahboomcar_visual'
[0.724s] colcon.colcon_core.package_identification Level 1 _identify(src/yahboomcar_voice_ctrl) by extensions ['ignore', 'ignore_ament_install']
[0.724s] colcon.colcon_core.package_identification Level 1 _identify(src/yahboomcar_voice_ctrl) by extension 'ignore'
[0.724s] colcon.colcon_core.package_identification Level 1 _identify(src/yahboomcar_voice_ctrl) by extension 'ignore_ament_install'
[0.724s] colcon.colcon_core.package_identification Level 1 _identify(src/yahboomcar_voice_ctrl) by extensions ['colcon_pkg']
[0.724s] colcon.colcon_core.package_identification Level 1 _identify(src/yahboomcar_voice_ctrl) by extension 'colcon_pkg'
[0.724s] colcon.colcon_core.package_identification Level 1 _identify(src/yahboomcar_voice_ctrl) by extensions ['colcon_meta']
[0.724s] colcon.colcon_core.package_identification Level 1 _identify(src/yahboomcar_voice_ctrl) by extension 'colcon_meta'
[0.724s] colcon.colcon_core.package_identification Level 1 _identify(src/yahboomcar_voice_ctrl) by extensions ['ros']
[0.725s] colcon.colcon_core.package_identification Level 1 _identify(src/yahboomcar_voice_ctrl) by extension 'ros'
[0.726s] colcon.colcon_core.package_identification DEBUG Package 'src/yahboomcar_voice_ctrl' with type 'ros.catkin' and name 'yahboomcar_voice_ctrl'
[0.727s] colcon.colcon_core.package_identification Level 1 _identify(src/ydlidar_ros2_driver) by extensions ['ignore', 'ignore_ament_install']
[0.727s] colcon.colcon_core.package_identification Level 1 _identify(src/ydlidar_ros2_driver) by extension 'ignore'
[0.727s] colcon.colcon_core.package_identification Level 1 _identify(src/ydlidar_ros2_driver) by extension 'ignore_ament_install'
[0.727s] colcon.colcon_core.package_identification Level 1 _identify(src/ydlidar_ros2_driver) by extensions ['colcon_pkg']
[0.727s] colcon.colcon_core.package_identification Level 1 _identify(src/ydlidar_ros2_driver) by extension 'colcon_pkg'
[0.727s] colcon.colcon_core.package_identification Level 1 _identify(src/ydlidar_ros2_driver) by extensions ['colcon_meta']
[0.727s] colcon.colcon_core.package_identification Level 1 _identify(src/ydlidar_ros2_driver) by extension 'colcon_meta'
[0.727s] colcon.colcon_core.package_identification Level 1 _identify(src/ydlidar_ros2_driver) by extensions ['ros']
[0.727s] colcon.colcon_core.package_identification Level 1 _identify(src/ydlidar_ros2_driver) by extension 'ros'
[0.729s] colcon.colcon_core.package_identification DEBUG Package 'src/ydlidar_ros2_driver' with type 'ros.ament_cmake' and name 'ydlidar_ros2_driver'
[0.729s] colcon.colcon_core.package_discovery Level 1 discover_packages(recursive) using defaults
[0.729s] colcon.colcon_core.package_discovery Level 1 discover_packages(ignore) discover
[0.729s] colcon.colcon_core.package_discovery Level 1 discover_packages(ignore) using defaults
[0.729s] colcon.colcon_core.package_discovery Level 1 discover_packages(path) discover
[0.729s] colcon.colcon_core.package_discovery Level 1 discover_packages(path) using defaults
[0.776s] colcon.colcon_core.package_selection INFO Skipping not selected package 'arm_autopilot' in 'src/arm_autopilot'
[0.776s] colcon.colcon_core.package_selection INFO Skipping not selected package 'arm_color_transport' in 'src/arm_color_transport'
[0.776s] colcon.colcon_core.package_selection INFO Skipping not selected package 'arm_mediapipe' in 'src/arm_mediapipe'
[0.776s] colcon.colcon_core.package_selection INFO Skipping not selected package 'garbage_identify_yolov11' in 'src/garbage_identify_yolov11'
[0.776s] colcon.colcon_core.package_selection INFO Skipping not selected package 'joy' in 'src/joy'
[0.776s] colcon.colcon_core.package_selection INFO Skipping not selected package 'yahboomcar_description' in 'src/yahboomcar_description'
[0.776s] colcon.colcon_core.package_selection INFO Skipping not selected package 'yahboomcar_linefollw' in 'src/yahboomcar_linefollw'
[0.776s] colcon.colcon_core.package_selection INFO Skipping not selected package 'yahboomcar_msgs' in 'src/yahboomcar_msgs'
[0.776s] colcon.colcon_core.package_selection INFO Skipping not selected package 'yahboomcar_nav' in 'src/yahboomcar_nav'
[0.776s] colcon.colcon_core.package_selection INFO Skipping not selected package 'yahboomcar_visual' in 'src/yahboomcar_visual'
[0.776s] colcon.colcon_core.package_selection INFO Skipping not selected package 'yahboomcar_voice_ctrl' in 'src/yahboomcar_voice_ctrl'
[0.776s] colcon.colcon_core.package_selection INFO Skipping not selected package 'ydlidar_ros2_driver' in 'src/ydlidar_ros2_driver'
[0.776s] colcon.colcon_core.package_selection INFO Skipping not selected package 'ydlidar_sdk' in 'src/YDLidar-SDK'
[0.776s] colcon.colcon_core.package_selection INFO Skipping not selected package 'arm_moveit_demo' in 'src/arm_moveit_demo'
[0.777s] colcon.colcon_core.package_selection INFO Skipping not selected package 'x3plus_moveit_config' in 'src/x3plus_moveit_config'
[0.777s] colcon.colcon_core.package_selection INFO Skipping not selected package 'yahboomcar_bringup' in 'src/yahboomcar_bringup'
[0.777s] colcon.colcon_core.package_selection INFO Skipping not selected package 'yahboomcar_ctrl' in 'src/yahboomcar_ctrl'
[0.777s] colcon.colcon_core.package_selection INFO Skipping not selected package 'yahboomcar_laser' in 'src/yahboomcar_laser'
[0.777s] colcon.colcon_core.package_selection INFO Skipping not selected package 'yahboomcar_mediapipe' in 'src/yahboomcar_mediapipe'
[0.777s] colcon.colcon_core.package_selection INFO Skipping not selected package 'yahboomcar_multi' in 'src/yahboomcar_multi'
[0.777s] colcon.colcon_core.package_selection INFO Skipping not selected package 'yahboomcar_astra' in 'src/yahboomcar_astra'
[0.778s] colcon.colcon_core.package_discovery Level 1 discover_packages(prefix_path) check parameters
[0.778s] colcon.colcon_core.package_discovery Level 1 discover_packages(prefix_path) discover
[0.785s] colcon.colcon_installed_package_information.package_discovery DEBUG Found 12 installed packages in /home/jetson/yahboomcar_ros2_ws/software/library_ws/install
[0.788s] colcon.colcon_installed_package_information.package_discovery DEBUG Found 380 installed packages in /opt/ros/humble
[0.791s] colcon.colcon_core.package_discovery Level 1 discover_packages(prefix_path) using defaults
[0.924s] colcon.colcon_core.verb Level 5 set package 'yahboomcar_slam' build argument 'cmake_args' from command line to 'None'
[0.925s] colcon.colcon_core.verb Level 5 set package 'yahboomcar_slam' build argument 'cmake_target' from command line to 'None'
[0.925s] colcon.colcon_core.verb Level 5 set package 'yahboomcar_slam' build argument 'cmake_target_skip_unavailable' from command line to 'False'
[0.925s] colcon.colcon_core.verb Level 5 set package 'yahboomcar_slam' build argument 'cmake_clean_cache' from command line to 'False'
[0.925s] colcon.colcon_core.verb Level 5 set package 'yahboomcar_slam' build argument 'cmake_clean_first' from command line to 'False'
[0.925s] colcon.colcon_core.verb Level 5 set package 'yahboomcar_slam' build argument 'cmake_force_configure' from command line to 'False'
[0.925s] colcon.colcon_core.verb Level 5 set package 'yahboomcar_slam' build argument 'ament_cmake_args' from command line to 'None'
[0.925s] colcon.colcon_core.verb Level 5 set package 'yahboomcar_slam' build argument 'catkin_cmake_args' from command line to 'None'
[0.925s] colcon.colcon_core.verb Level 5 set package 'yahboomcar_slam' build argument 'catkin_skip_building_tests' from command line to 'False'
[0.925s] colcon.colcon_core.verb DEBUG Building package 'yahboomcar_slam' with the following arguments: {'ament_cmake_args': None, 'build_base': '/home/jetson/yahboomcar_ws/build/yahboomcar_slam', 'catkin_cmake_args': None, 'catkin_skip_building_tests': False, 'cmake_args': None, 'cmake_clean_cache': False, 'cmake_clean_first': False, 'cmake_force_configure': False, 'cmake_target': None, 'cmake_target_skip_unavailable': False, 'install_base': '/home/jetson/yahboomcar_ws/install/yahboomcar_slam', 'merge_install': False, 'path': '/home/jetson/yahboomcar_ws/src/yahboomcar_slam', 'symlink_install': False, 'test_result_base': None}
[0.925s] colcon.colcon_core.executor INFO Executing jobs using 'parallel' executor
[0.928s] colcon.colcon_parallel_executor.executor.parallel DEBUG run_until_complete
[0.929s] colcon.colcon_ros.task.ament_cmake.build INFO Building ROS package in '/home/jetson/yahboomcar_ws/src/yahboomcar_slam' with build type 'ament_cmake'
[0.929s] colcon.colcon_cmake.task.cmake.build INFO Building CMake package in '/home/jetson/yahboomcar_ws/src/yahboomcar_slam'
[0.936s] colcon.colcon_core.plugin_system INFO Skipping extension 'colcon_core.shell.bat': Not used on non-Windows systems
[0.937s] colcon.colcon_core.shell INFO Skip shell extension 'powershell' for command environment: Not usable outside of PowerShell
[0.937s] colcon.colcon_core.shell DEBUG Skip shell extension 'dsv' for command environment
[0.943s] colcon.colcon_core.shell WARNING The following packages are in the workspace but haven't been built:
- joy
- ydlidar_ros2_driver
They are being used from the following locations instead:
- /opt/ros/humble
- /home/jetson/yahboomcar_ros2_ws/software/library_ws/install/ydlidar_ros2_driver
To suppress this warning ignore these packages in the workspace:
--packages-ignore joy ydlidar_ros2_driver
[0.995s] colcon.colcon_core.event_handler.log_command DEBUG Invoking command in '/home/jetson/yahboomcar_ws/build/yahboomcar_slam': AMENT_PREFIX_PATH=/home/jetson/yahboomcar_ws/install/yahboomcar_astra:/home/jetson/yahboomcar_ws/install/yahboomcar_laser:/home/jetson/yahboomcar_ws/install/yahboomcar_ctrl:/home/jetson/yahboomcar_ws/install/yahboomcar_bringup:/home/jetson/yahboomcar_ws/install/yahboomcar_msgs:/home/jetson/yahboomcar_ws/install/yahboomcar_description:${AMENT_PREFIX_PATH} CMAKE_PREFIX_PATH=/home/jetson/yahboomcar_ws/install/yahboomcar_astra:/home/jetson/yahboomcar_ws/install/yahboomcar_laser:/home/jetson/yahboomcar_ws/install/yahboomcar_ctrl:/home/jetson/yahboomcar_ws/install/yahboomcar_bringup:/home/jetson/yahboomcar_ws/install/yahboomcar_msgs:/home/jetson/yahboomcar_ws/install/yahboomcar_description:/home/jetson/yahboomcar_ros2_ws/software/library_ws/install/ydlidar_ros2_driver:/home/jetson/yahboomcar_ros2_ws/software/library_ws/install/web_video_server:/home/jetson/yahboomcar_ros2_ws/software/library_ws/install/teb_local_planner:/home/jetson/yahboomcar_ros2_ws/software/library_ws/install/teb_msgs:/home/jetson/yahboomcar_ros2_ws/software/library_ws/install/sllidar_ros2:/home/jetson/yahboomcar_ros2_ws/software/library_ws/install/slam_gmapping:/home/jetson/yahboomcar_ros2_ws/software/library_ws/install/robot_localization:/home/jetson/yahboomcar_ros2_ws/software/library_ws/install/openslam_gmapping:/home/jetson/yahboomcar_ros2_ws/software/library_ws/install/costmap_converter:/home/jetson/yahboomcar_ros2_ws/software/library_ws/install/costmap_converter_msgs:/home/jetson/yahboomcar_ros2_ws/software/library_ws/install/astra_camera:/home/jetson/yahboomcar_ros2_ws/software/library_ws/install/astra_camera_msgs:/opt/ros/humble LD_LIBRARY_PATH=/home/jetson/yahboomcar_ws/install/yahboomcar_astra/lib:/home/jetson/yahboomcar_ws/install/yahboomcar_msgs/lib:/usr/local/lib:/usr/local/cuda-12.6/lib64:/home/jetson/yahboomcar_ros2_ws/software/library_ws/install/teb_local_planner/lib:/home/jetson/yahboomcar_ros2_ws/software/library_ws/install/teb_msgs/lib:/home/jetson/yahboomcar_ros2_ws/software/library_ws/install/robot_localization/lib:/home/jetson/yahboomcar_ros2_ws/software/library_ws/install/openslam_gmapping/lib:/home/jetson/yahboomcar_ros2_ws/software/library_ws/install/costmap_converter/lib:/home/jetson/yahboomcar_ros2_ws/software/library_ws/install/costmap_converter_msgs/lib:/home/jetson/yahboomcar_ros2_ws/software/library_ws/install/astra_camera/lib:/home/jetson/yahboomcar_ros2_ws/software/library_ws/install/astra_camera_msgs/lib:/opt/ros/humble/opt/rviz_ogre_vendor/lib:/opt/ros/humble/lib/aarch64-linux-gnu:/opt/ros/humble/lib:/usr/local/lib:/usr/local/cuda-12.6/lib64 PYTHONPATH=/home/jetson/yahboomcar_ws/install/yahboomcar_msgs/local/lib/python3.10/dist-packages:${PYTHONPATH} /usr/bin/cmake --build /home/jetson/yahboomcar_ws/build/yahboomcar_slam -- -j6 -l6
[36.537s] colcon.colcon_core.event_handler.log_command DEBUG Invoked command in '/home/jetson/yahboomcar_ws/build/yahboomcar_slam' returned '2': AMENT_PREFIX_PATH=/home/jetson/yahboomcar_ws/install/yahboomcar_astra:/home/jetson/yahboomcar_ws/install/yahboomcar_laser:/home/jetson/yahboomcar_ws/install/yahboomcar_ctrl:/home/jetson/yahboomcar_ws/install/yahboomcar_bringup:/home/jetson/yahboomcar_ws/install/yahboomcar_msgs:/home/jetson/yahboomcar_ws/install/yahboomcar_description:${AMENT_PREFIX_PATH} CMAKE_PREFIX_PATH=/home/jetson/yahboomcar_ws/install/yahboomcar_astra:/home/jetson/yahboomcar_ws/install/yahboomcar_laser:/home/jetson/yahboomcar_ws/install/yahboomcar_ctrl:/home/jetson/yahboomcar_ws/install/yahboomcar_bringup:/home/jetson/yahboomcar_ws/install/yahboomcar_msgs:/home/jetson/yahboomcar_ws/install/yahboomcar_description:/home/jetson/yahboomcar_ros2_ws/software/library_ws/install/ydlidar_ros2_driver:/home/jetson/yahboomcar_ros2_ws/software/library_ws/install/web_video_server:/home/jetson/yahboomcar_ros2_ws/software/library_ws/install/teb_local_planner:/home/jetson/yahboomcar_ros2_ws/software/library_ws/install/teb_msgs:/home/jetson/yahboomcar_ros2_ws/software/library_ws/install/sllidar_ros2:/home/jetson/yahboomcar_ros2_ws/software/library_ws/install/slam_gmapping:/home/jetson/yahboomcar_ros2_ws/software/library_ws/install/robot_localization:/home/jetson/yahboomcar_ros2_ws/software/library_ws/install/openslam_gmapping:/home/jetson/yahboomcar_ros2_ws/software/library_ws/install/costmap_converter:/home/jetson/yahboomcar_ros2_ws/software/library_ws/install/costmap_converter_msgs:/home/jetson/yahboomcar_ros2_ws/software/library_ws/install/astra_camera:/home/jetson/yahboomcar_ros2_ws/software/library_ws/install/astra_camera_msgs:/opt/ros/humble LD_LIBRARY_PATH=/home/jetson/yahboomcar_ws/install/yahboomcar_astra/lib:/home/jetson/yahboomcar_ws/install/yahboomcar_msgs/lib:/usr/local/lib:/usr/local/cuda-12.6/lib64:/home/jetson/yahboomcar_ros2_ws/software/library_ws/install/teb_local_planner/lib:/home/jetson/yahboomcar_ros2_ws/software/library_ws/install/teb_msgs/lib:/home/jetson/yahboomcar_ros2_ws/software/library_ws/install/robot_localization/lib:/home/jetson/yahboomcar_ros2_ws/software/library_ws/install/openslam_gmapping/lib:/home/jetson/yahboomcar_ros2_ws/software/library_ws/install/costmap_converter/lib:/home/jetson/yahboomcar_ros2_ws/software/library_ws/install/costmap_converter_msgs/lib:/home/jetson/yahboomcar_ros2_ws/software/library_ws/install/astra_camera/lib:/home/jetson/yahboomcar_ros2_ws/software/library_ws/install/astra_camera_msgs/lib:/opt/ros/humble/opt/rviz_ogre_vendor/lib:/opt/ros/humble/lib/aarch64-linux-gnu:/opt/ros/humble/lib:/usr/local/lib:/usr/local/cuda-12.6/lib64 PYTHONPATH=/home/jetson/yahboomcar_ws/install/yahboomcar_msgs/local/lib/python3.10/dist-packages:${PYTHONPATH} /usr/bin/cmake --build /home/jetson/yahboomcar_ws/build/yahboomcar_slam -- -j6 -l6
[36.549s] colcon.colcon_core.environment Level 1 create_environment_scripts_only(yahboomcar_slam)
[36.581s] colcon.colcon_core.environment Level 1 checking '/home/jetson/yahboomcar_ws/install/yahboomcar_slam' for CMake module files
[36.582s] colcon.colcon_core.environment Level 1 checking '/home/jetson/yahboomcar_ws/install/yahboomcar_slam' for CMake config files
[36.584s] colcon.colcon_core.shell Level 1 create_environment_hook('yahboomcar_slam', 'cmake_prefix_path')
[36.585s] colcon.colcon_core.shell INFO Creating environment hook '/home/jetson/yahboomcar_ws/install/yahboomcar_slam/share/yahboomcar_slam/hook/cmake_prefix_path.ps1'
[36.588s] colcon.colcon_core.shell INFO Creating environment descriptor '/home/jetson/yahboomcar_ws/install/yahboomcar_slam/share/yahboomcar_slam/hook/cmake_prefix_path.dsv'
[36.591s] colcon.colcon_core.shell INFO Creating environment hook '/home/jetson/yahboomcar_ws/install/yahboomcar_slam/share/yahboomcar_slam/hook/cmake_prefix_path.sh'
[36.596s] colcon.colcon_core.environment Level 1 checking '/home/jetson/yahboomcar_ws/install/yahboomcar_slam/bin'
[36.599s] colcon.colcon_core.environment Level 1 checking '/home/jetson/yahboomcar_ws/install/yahboomcar_slam/lib/pkgconfig/yahboomcar_slam.pc'
[36.603s] colcon.colcon_core.environment Level 1 checking '/home/jetson/yahboomcar_ws/install/yahboomcar_slam/lib/python3.10/site-packages'
[36.604s] colcon.colcon_core.environment Level 1 checking '/home/jetson/yahboomcar_ws/install/yahboomcar_slam/bin'
[36.605s] colcon.colcon_core.shell INFO Creating package script '/home/jetson/yahboomcar_ws/install/yahboomcar_slam/share/yahboomcar_slam/package.ps1'
[36.607s] colcon.colcon_core.shell INFO Creating package descriptor '/home/jetson/yahboomcar_ws/install/yahboomcar_slam/share/yahboomcar_slam/package.dsv'
[36.609s] colcon.colcon_core.shell INFO Creating package script '/home/jetson/yahboomcar_ws/install/yahboomcar_slam/share/yahboomcar_slam/package.sh'
[36.612s] colcon.colcon_core.shell INFO Creating package script '/home/jetson/yahboomcar_ws/install/yahboomcar_slam/share/yahboomcar_slam/package.bash'
[36.614s] colcon.colcon_core.shell INFO Creating package script '/home/jetson/yahboomcar_ws/install/yahboomcar_slam/share/yahboomcar_slam/package.zsh'
[36.620s] colcon.colcon_core.environment Level 1 create_file_with_runtime_dependencies(/home/jetson/yahboomcar_ws/install/yahboomcar_slam/share/colcon-core/packages/yahboomcar_slam)
[36.623s] colcon.colcon_parallel_executor.executor.parallel DEBUG closing loop
[36.624s] colcon.colcon_parallel_executor.executor.parallel DEBUG loop closed
[36.624s] colcon.colcon_parallel_executor.executor.parallel DEBUG run_until_complete finished with '2'
[36.624s] colcon.colcon_core.event_reactor DEBUG joining thread
[36.643s] colcon.colcon_core.plugin_system INFO Skipping extension 'colcon_notification.desktop_notification.terminal_notifier': Not used on non-Darwin systems
[36.643s] colcon.colcon_core.plugin_system INFO Skipping extension 'colcon_notification.desktop_notification.win32': Not used on non-Windows systems
[36.644s] colcon.colcon_notification.desktop_notification INFO Sending desktop notification using 'notify2'
[36.681s] colcon.colcon_core.event_reactor DEBUG joined thread
[36.682s] colcon.colcon_core.shell INFO Creating prefix script '/home/jetson/yahboomcar_ws/install/local_setup.ps1'
[36.685s] colcon.colcon_core.shell INFO Creating prefix util module '/home/jetson/yahboomcar_ws/install/_local_setup_util_ps1.py'
[36.690s] colcon.colcon_core.shell INFO Creating prefix chain script '/home/jetson/yahboomcar_ws/install/setup.ps1'
[36.695s] colcon.colcon_core.shell INFO Creating prefix script '/home/jetson/yahboomcar_ws/install/local_setup.sh'
[36.701s] colcon.colcon_core.shell INFO Creating prefix util module '/home/jetson/yahboomcar_ws/install/_local_setup_util_sh.py'
[36.704s] colcon.colcon_core.shell INFO Creating prefix chain script '/home/jetson/yahboomcar_ws/install/setup.sh'
[36.710s] colcon.colcon_core.shell INFO Creating prefix script '/home/jetson/yahboomcar_ws/install/local_setup.bash'
[36.713s] colcon.colcon_core.shell INFO Creating prefix chain script '/home/jetson/yahboomcar_ws/install/setup.bash'
[36.717s] colcon.colcon_core.shell INFO Creating prefix script '/home/jetson/yahboomcar_ws/install/local_setup.zsh'
[36.719s] colcon.colcon_core.shell INFO Creating prefix chain script '/home/jetson/yahboomcar_ws/install/setup.zsh'
