[0.049s] Invoking command in '/home/jetson/yahboomcar_ws/build/yahboomcar_slam': CMAKE_PREFIX_PATH=/home/jetson/yahboomcar_ws/install/yahboomcar_astra:/home/jetson/yahboomcar_ws/install/yahboomcar_laser:/home/jetson/yahboomcar_ws/install/yahboomcar_ctrl:/home/jetson/yahboomcar_ws/install/yahboomcar_bringup:/home/jetson/yahboomcar_ws/install/yahboomcar_msgs:/home/jetson/yahboomcar_ws/install/yahboomcar_description:/home/jetson/yahboomcar_ws/install/yahboomcar_slam:/home/jetson/yahboomcar_ws/install/ros2_orbslam:/home/jetson/yahboomcar_ros2_ws/install/astra_camera:/home/jetson/yahboomcar_ros2_ws/software/library_ws/install/ydlidar_ros2_driver:/home/jetson/yahboomcar_ros2_ws/software/library_ws/install/web_video_server:/home/jetson/yahboomcar_ros2_ws/software/library_ws/install/teb_local_planner:/home/jetson/yahboomcar_ros2_ws/software/library_ws/install/teb_msgs:/home/jetson/yahboomcar_ros2_ws/software/library_ws/install/sllidar_ros2:/home/jetson/yahboomcar_ros2_ws/software/library_ws/install/slam_gmapping:/home/jetson/yahboomcar_ros2_ws/software/library_ws/install/robot_localization:/home/jetson/yahboomcar_ros2_ws/software/library_ws/install/openslam_gmapping:/home/jetson/yahboomcar_ros2_ws/software/library_ws/install/costmap_converter:/home/jetson/yahboomcar_ros2_ws/software/library_ws/install/costmap_converter_msgs:/home/jetson/yahboomcar_ros2_ws/software/library_ws/install/astra_camera:/home/jetson/yahboomcar_ros2_ws/software/library_ws/install/astra_camera_msgs:/opt/ros/humble LD_LIBRARY_PATH=/home/jetson/yahboomcar_ws/install/yahboomcar_astra/lib:/home/jetson/yahboomcar_ws/install/yahboomcar_msgs/lib:/home/jetson/yahboomcar_ros2_ws/install/astra_camera/lib:/usr/local/lib:/usr/local/cuda-12.6/lib64:/home/jetson/yahboomcar_ros2_ws/software/library_ws/install/teb_local_planner/lib:/home/jetson/yahboomcar_ros2_ws/software/library_ws/install/teb_msgs/lib:/home/jetson/yahboomcar_ros2_ws/software/library_ws/install/robot_localization/lib:/home/jetson/yahboomcar_ros2_ws/software/library_ws/install/openslam_gmapping/lib:/home/jetson/yahboomcar_ros2_ws/software/library_ws/install/costmap_converter/lib:/home/jetson/yahboomcar_ros2_ws/software/library_ws/install/costmap_converter_msgs/lib:/home/jetson/yahboomcar_ros2_ws/software/library_ws/install/astra_camera/lib:/home/jetson/yahboomcar_ros2_ws/software/library_ws/install/astra_camera_msgs/lib:/opt/ros/humble/opt/rviz_ogre_vendor/lib:/opt/ros/humble/lib/aarch64-linux-gnu:/opt/ros/humble/lib:/usr/local/lib:/usr/local/cuda-12.6/lib64:/home/jetson/yahboomcar_ws/install/yahboomcar_astra/lib/yahboomcar_astra /usr/bin/cmake /home/jetson/yahboomcar_ws/src/yahboomcar_slam -DCMAKE_INSTALL_PREFIX=/home/jetson/yahboomcar_ws/install/yahboomcar_slam
[0.229s] -- The C compiler identification is GNU 11.4.0
[0.360s] -- The CXX compiler identification is GNU 11.4.0
[0.388s] -- Detecting C compiler ABI info
[0.575s] -- Detecting C compiler ABI info - done
[0.591s] -- Check for working C compiler: /usr/bin/cc - skipped
[0.592s] -- Detecting C compile features
[0.593s] -- Detecting C compile features - done
[0.602s] -- Detecting CXX compiler ABI info
[0.794s] -- Detecting CXX compiler ABI info - done
[0.813s] -- Check for working CXX compiler: /usr/bin/c++ - skipped
[0.814s] -- Detecting CXX compile features
[0.816s] -- Detecting CXX compile features - done
[0.823s] -- Performing Test COMPILER_SUPPORTS_CXX17
[1.015s] -- Performing Test COMPILER_SUPPORTS_CXX17 - Success
[1.033s] -- Found ament_cmake: 1.3.11 (/opt/ros/humble/share/ament_cmake/cmake)
[1.978s] -- Found Python3: /usr/bin/python3 (found version "3.10.12") found components: Interpreter 
[2.306s] -- Found rclcpp: 16.0.12 (/opt/ros/humble/share/rclcpp/cmake)
[2.445s] -- Found rosidl_generator_c: 3.1.6 (/opt/ros/humble/share/rosidl_generator_c/cmake)
[2.464s] -- Found rosidl_adapter: 3.1.6 (/opt/ros/humble/share/rosidl_adapter/cmake)
[2.490s] -- Found rosidl_generator_cpp: 3.1.6 (/opt/ros/humble/share/rosidl_generator_cpp/cmake)
[2.528s] -- Using all available rosidl_typesupport_c: rosidl_typesupport_fastrtps_c;rosidl_typesupport_introspection_c
[2.574s] -- Using all available rosidl_typesupport_cpp: rosidl_typesupport_fastrtps_cpp;rosidl_typesupport_introspection_cpp
[2.711s] -- Found rmw_implementation_cmake: 6.1.2 (/opt/ros/humble/share/rmw_implementation_cmake/cmake)
[2.723s] -- Found rmw_fastrtps_cpp: 6.2.7 (/opt/ros/humble/share/rmw_fastrtps_cpp/cmake)
[2.963s] -- Found OpenSSL: /usr/lib/aarch64-linux-gnu/libcrypto.so (found version "3.0.2")  
[3.038s] -- Found FastRTPS: /opt/ros/humble/include  
[3.129s] -- Using RMW implementation 'rmw_fastrtps_cpp' as default
[3.162s] -- Looking for pthread.h
[3.325s] -- Looking for pthread.h - found
[3.326s] -- Performing Test CMAKE_HAVE_LIBC_PTHREAD
[3.508s] -- Performing Test CMAKE_HAVE_LIBC_PTHREAD - Success
[3.511s] -- Found Threads: TRUE  
[3.672s] -- Found rclpy: 3.3.16 (/opt/ros/humble/share/rclpy/cmake)
[3.678s] -- Found pcl_conversions: 2.4.5 (/opt/ros/humble/share/pcl_conversions/cmake)
[3.839s] -- Checking for module 'eigen3'
[3.871s] --   Found eigen3, version 3.4.0
[3.954s] -- Found Eigen: /usr/include/eigen3 (Required is at least version "3.1") 
[3.955s] -- Eigen found (include: /usr/include/eigen3, version: 3.4.0)
[4.082s] -- Checking for module 'flann'
[4.123s] --   Found flann, version 1.9.1
[4.219s] -- Found FLANN: /usr/lib/aarch64-linux-gnu/libflann_cpp.so  
[4.219s] -- FLANN found (include: /usr/include, lib: /usr/lib/aarch64-linux-gnu/libflann_cpp.so)
[6.559s] -- Checking for module 'libusb-1.0'
[6.590s] --   Found libusb-1.0, version 1.0.25
[6.670s] -- Found libusb: /usr/lib/aarch64-linux-gnu/libusb-1.0.so  
[6.672s] -- OpenNI found (version: 1.5.4.0, include: /usr/include/ni, lib: /usr/lib/libOpenNI.so;libusb::libusb)
[6.796s] -- OpenNI2 found (version: 2.3.0.85, include: /home/jetson/yahboomcar_ws/install/yahboomcar_astra/include/openni2, lib: /home/jetson/yahboomcar_ros2_ws/software/library_ws/install/astra_camera/lib/libOpenNI2.so;libusb::libusb)
[7.112s] -- Eigen found (include: /usr/include/eigen3, version: 3.4.0)
[7.127s] -- OpenNI found (version: 1.5.4.0, include: /usr/include/ni, lib: /usr/lib/libOpenNI.so;libusb::libusb)
[7.142s] -- OpenNI2 found (version: 2.3.0.85, include: /home/jetson/yahboomcar_ws/install/yahboomcar_astra/include/openni2, lib: /home/jetson/yahboomcar_ros2_ws/software/library_ws/install/astra_camera/lib/libOpenNI2.so;libusb::libusb)
[7.438s] -- Found Qhull version 8.0.2
[7.742s] -- OpenNI found (version: 1.5.4.0, include: /usr/include/ni, lib: /usr/lib/libOpenNI.so;libusb::libusb)
[8.024s] -- Found PCL_COMMON: /usr/lib/aarch64-linux-gnu/libpcl_common.so  
[8.027s] -- Found PCL_KDTREE: /usr/lib/aarch64-linux-gnu/libpcl_kdtree.so  
[8.029s] -- Found PCL_OCTREE: /usr/lib/aarch64-linux-gnu/libpcl_octree.so  
[8.035s] -- Found PCL_SEARCH: /usr/lib/aarch64-linux-gnu/libpcl_search.so  
[8.035s] -- Found PCL_SAMPLE_CONSENSUS: /usr/lib/aarch64-linux-gnu/libpcl_sample_consensus.so  
[8.039s] -- Found PCL_FILTERS: /usr/lib/aarch64-linux-gnu/libpcl_filters.so  
[8.040s] -- Found PCL_2D: /usr/include/pcl-1.12  
[8.040s] -- Found PCL_GEOMETRY: /usr/include/pcl-1.12  
[8.042s] -- Found PCL_IO: /usr/lib/aarch64-linux-gnu/libpcl_io.so  
[8.044s] -- Found PCL_FEATURES: /usr/lib/aarch64-linux-gnu/libpcl_features.so  
[8.046s] -- Found PCL_ML: /usr/lib/aarch64-linux-gnu/libpcl_ml.so  
[8.047s] -- Found PCL_SEGMENTATION: /usr/lib/aarch64-linux-gnu/libpcl_segmentation.so  
[8.051s] -- Found PCL_VISUALIZATION: /usr/lib/aarch64-linux-gnu/libpcl_visualization.so  
[8.053s] -- Found PCL_SURFACE: /usr/lib/aarch64-linux-gnu/libpcl_surface.so  
[8.055s] -- Found PCL_REGISTRATION: /usr/lib/aarch64-linux-gnu/libpcl_registration.so  
[8.057s] -- Found PCL_KEYPOINTS: /usr/lib/aarch64-linux-gnu/libpcl_keypoints.so  
[8.059s] -- Found PCL_TRACKING: /usr/lib/aarch64-linux-gnu/libpcl_tracking.so  
[8.060s] -- Found PCL_RECOGNITION: /usr/lib/aarch64-linux-gnu/libpcl_recognition.so  
[8.063s] -- Found PCL_STEREO: /usr/lib/aarch64-linux-gnu/libpcl_stereo.so  
[8.064s] -- Found PCL_APPS: /usr/lib/aarch64-linux-gnu/libpcl_apps.so  
[8.066s] -- Found PCL_IN_HAND_SCANNER: /usr/include/pcl-1.12  
[8.067s] -- Found PCL_MODELER: /usr/include/pcl-1.12  
[8.068s] -- Found PCL_POINT_CLOUD_EDITOR: /usr/include/pcl-1.12  
[8.070s] -- Found PCL_OUTOFCORE: /usr/lib/aarch64-linux-gnu/libpcl_outofcore.so  
[8.072s] -- Found PCL_PEOPLE: /usr/lib/aarch64-linux-gnu/libpcl_people.so  
[8.084s] -- Found pcl_ros: 2.4.5 (/opt/ros/humble/share/pcl_ros/cmake)
[8.182s] -- Found eigen3_cmake_module: 0.1.1 (/opt/ros/humble/share/eigen3_cmake_module/cmake)
[8.186s] -- Found Eigen3: TRUE (found version "3.4.0") 
[8.186s] -- Ensuring Eigen3 include directory is part of orocos-kdl CMake target
[8.422s] -- Found cv_bridge: 3.2.1 (/opt/ros/humble/share/cv_bridge/cmake)
[8.510s] -- Found CUDA: /usr/local/cuda-12.6 (found suitable exact version "12.6") 
[8.546s] -- Found image_transport: 3.1.11 (/opt/ros/humble/share/image_transport/cmake)
[8.619s] -- Found OpenCV: /usr/local (found version "4.10.0") 
[9.202s] -- Found OpenMP_C: -fopenmp (found version "4.5") 
[9.391s] -- Found OpenMP_CXX: -fopenmp (found version "4.5") 
[9.392s] -- Found OpenMP: TRUE (found version "4.5")  
[9.393s] [33mCMake Warning (dev) at CMakeLists.txt:41 (find_package):
[9.393s]   Policy CMP0074 is not set: find_package uses <PackageName>_ROOT variables.
[9.393s]   Run "cmake --help-policy CMP0074" for policy details.  Use the cmake_policy
[9.393s]   command to set the policy and suppress this warning.
[9.394s] 
[9.394s]   CMake variable PCL_ROOT is set to:
[9.394s] 
[9.394s]     /usr
[9.395s] 
[9.395s]   For compatibility, CMake is ignoring the variable.
[9.395s] This warning is for project developers.  Use -Wno-dev to suppress it.
[9.395s] [0m
[9.581s] -- Configuring done
[9.669s] -- Generating done
[9.693s] -- Build files have been written to: /home/jetson/yahboomcar_ws/build/yahboomcar_slam
[9.759s] Invoked command in '/home/jetson/yahboomcar_ws/build/yahboomcar_slam' returned '0': CMAKE_PREFIX_PATH=/home/jetson/yahboomcar_ws/install/yahboomcar_astra:/home/jetson/yahboomcar_ws/install/yahboomcar_laser:/home/jetson/yahboomcar_ws/install/yahboomcar_ctrl:/home/jetson/yahboomcar_ws/install/yahboomcar_bringup:/home/jetson/yahboomcar_ws/install/yahboomcar_msgs:/home/jetson/yahboomcar_ws/install/yahboomcar_description:/home/jetson/yahboomcar_ws/install/yahboomcar_slam:/home/jetson/yahboomcar_ws/install/ros2_orbslam:/home/jetson/yahboomcar_ros2_ws/install/astra_camera:/home/jetson/yahboomcar_ros2_ws/software/library_ws/install/ydlidar_ros2_driver:/home/jetson/yahboomcar_ros2_ws/software/library_ws/install/web_video_server:/home/jetson/yahboomcar_ros2_ws/software/library_ws/install/teb_local_planner:/home/jetson/yahboomcar_ros2_ws/software/library_ws/install/teb_msgs:/home/jetson/yahboomcar_ros2_ws/software/library_ws/install/sllidar_ros2:/home/jetson/yahboomcar_ros2_ws/software/library_ws/install/slam_gmapping:/home/jetson/yahboomcar_ros2_ws/software/library_ws/install/robot_localization:/home/jetson/yahboomcar_ros2_ws/software/library_ws/install/openslam_gmapping:/home/jetson/yahboomcar_ros2_ws/software/library_ws/install/costmap_converter:/home/jetson/yahboomcar_ros2_ws/software/library_ws/install/costmap_converter_msgs:/home/jetson/yahboomcar_ros2_ws/software/library_ws/install/astra_camera:/home/jetson/yahboomcar_ros2_ws/software/library_ws/install/astra_camera_msgs:/opt/ros/humble LD_LIBRARY_PATH=/home/jetson/yahboomcar_ws/install/yahboomcar_astra/lib:/home/jetson/yahboomcar_ws/install/yahboomcar_msgs/lib:/home/jetson/yahboomcar_ros2_ws/install/astra_camera/lib:/usr/local/lib:/usr/local/cuda-12.6/lib64:/home/jetson/yahboomcar_ros2_ws/software/library_ws/install/teb_local_planner/lib:/home/jetson/yahboomcar_ros2_ws/software/library_ws/install/teb_msgs/lib:/home/jetson/yahboomcar_ros2_ws/software/library_ws/install/robot_localization/lib:/home/jetson/yahboomcar_ros2_ws/software/library_ws/install/openslam_gmapping/lib:/home/jetson/yahboomcar_ros2_ws/software/library_ws/install/costmap_converter/lib:/home/jetson/yahboomcar_ros2_ws/software/library_ws/install/costmap_converter_msgs/lib:/home/jetson/yahboomcar_ros2_ws/software/library_ws/install/astra_camera/lib:/home/jetson/yahboomcar_ros2_ws/software/library_ws/install/astra_camera_msgs/lib:/opt/ros/humble/opt/rviz_ogre_vendor/lib:/opt/ros/humble/lib/aarch64-linux-gnu:/opt/ros/humble/lib:/usr/local/lib:/usr/local/cuda-12.6/lib64:/home/jetson/yahboomcar_ws/install/yahboomcar_astra/lib/yahboomcar_astra /usr/bin/cmake /home/jetson/yahboomcar_ws/src/yahboomcar_slam -DCMAKE_INSTALL_PREFIX=/home/jetson/yahboomcar_ws/install/yahboomcar_slam
[9.766s] Invoking command in '/home/jetson/yahboomcar_ws/build/yahboomcar_slam': CMAKE_PREFIX_PATH=/home/jetson/yahboomcar_ws/install/yahboomcar_astra:/home/jetson/yahboomcar_ws/install/yahboomcar_laser:/home/jetson/yahboomcar_ws/install/yahboomcar_ctrl:/home/jetson/yahboomcar_ws/install/yahboomcar_bringup:/home/jetson/yahboomcar_ws/install/yahboomcar_msgs:/home/jetson/yahboomcar_ws/install/yahboomcar_description:/home/jetson/yahboomcar_ws/install/yahboomcar_slam:/home/jetson/yahboomcar_ws/install/ros2_orbslam:/home/jetson/yahboomcar_ros2_ws/install/astra_camera:/home/jetson/yahboomcar_ros2_ws/software/library_ws/install/ydlidar_ros2_driver:/home/jetson/yahboomcar_ros2_ws/software/library_ws/install/web_video_server:/home/jetson/yahboomcar_ros2_ws/software/library_ws/install/teb_local_planner:/home/jetson/yahboomcar_ros2_ws/software/library_ws/install/teb_msgs:/home/jetson/yahboomcar_ros2_ws/software/library_ws/install/sllidar_ros2:/home/jetson/yahboomcar_ros2_ws/software/library_ws/install/slam_gmapping:/home/jetson/yahboomcar_ros2_ws/software/library_ws/install/robot_localization:/home/jetson/yahboomcar_ros2_ws/software/library_ws/install/openslam_gmapping:/home/jetson/yahboomcar_ros2_ws/software/library_ws/install/costmap_converter:/home/jetson/yahboomcar_ros2_ws/software/library_ws/install/costmap_converter_msgs:/home/jetson/yahboomcar_ros2_ws/software/library_ws/install/astra_camera:/home/jetson/yahboomcar_ros2_ws/software/library_ws/install/astra_camera_msgs:/opt/ros/humble LD_LIBRARY_PATH=/home/jetson/yahboomcar_ws/install/yahboomcar_astra/lib:/home/jetson/yahboomcar_ws/install/yahboomcar_msgs/lib:/home/jetson/yahboomcar_ros2_ws/install/astra_camera/lib:/usr/local/lib:/usr/local/cuda-12.6/lib64:/home/jetson/yahboomcar_ros2_ws/software/library_ws/install/teb_local_planner/lib:/home/jetson/yahboomcar_ros2_ws/software/library_ws/install/teb_msgs/lib:/home/jetson/yahboomcar_ros2_ws/software/library_ws/install/robot_localization/lib:/home/jetson/yahboomcar_ros2_ws/software/library_ws/install/openslam_gmapping/lib:/home/jetson/yahboomcar_ros2_ws/software/library_ws/install/costmap_converter/lib:/home/jetson/yahboomcar_ros2_ws/software/library_ws/install/costmap_converter_msgs/lib:/home/jetson/yahboomcar_ros2_ws/software/library_ws/install/astra_camera/lib:/home/jetson/yahboomcar_ros2_ws/software/library_ws/install/astra_camera_msgs/lib:/opt/ros/humble/opt/rviz_ogre_vendor/lib:/opt/ros/humble/lib/aarch64-linux-gnu:/opt/ros/humble/lib:/usr/local/lib:/usr/local/cuda-12.6/lib64:/home/jetson/yahboomcar_ws/install/yahboomcar_astra/lib/yahboomcar_astra /usr/bin/cmake --build /home/jetson/yahboomcar_ws/build/yahboomcar_slam -- -j6 -l6
[9.876s] [35m[1mConsolidate compiler generated dependencies of target pointcloud_mapping[0m
[10.023s] [100%] Built target pointcloud_mapping
[10.062s] Invoked command in '/home/jetson/yahboomcar_ws/build/yahboomcar_slam' returned '0': CMAKE_PREFIX_PATH=/home/jetson/yahboomcar_ws/install/yahboomcar_astra:/home/jetson/yahboomcar_ws/install/yahboomcar_laser:/home/jetson/yahboomcar_ws/install/yahboomcar_ctrl:/home/jetson/yahboomcar_ws/install/yahboomcar_bringup:/home/jetson/yahboomcar_ws/install/yahboomcar_msgs:/home/jetson/yahboomcar_ws/install/yahboomcar_description:/home/jetson/yahboomcar_ws/install/yahboomcar_slam:/home/jetson/yahboomcar_ws/install/ros2_orbslam:/home/jetson/yahboomcar_ros2_ws/install/astra_camera:/home/jetson/yahboomcar_ros2_ws/software/library_ws/install/ydlidar_ros2_driver:/home/jetson/yahboomcar_ros2_ws/software/library_ws/install/web_video_server:/home/jetson/yahboomcar_ros2_ws/software/library_ws/install/teb_local_planner:/home/jetson/yahboomcar_ros2_ws/software/library_ws/install/teb_msgs:/home/jetson/yahboomcar_ros2_ws/software/library_ws/install/sllidar_ros2:/home/jetson/yahboomcar_ros2_ws/software/library_ws/install/slam_gmapping:/home/jetson/yahboomcar_ros2_ws/software/library_ws/install/robot_localization:/home/jetson/yahboomcar_ros2_ws/software/library_ws/install/openslam_gmapping:/home/jetson/yahboomcar_ros2_ws/software/library_ws/install/costmap_converter:/home/jetson/yahboomcar_ros2_ws/software/library_ws/install/costmap_converter_msgs:/home/jetson/yahboomcar_ros2_ws/software/library_ws/install/astra_camera:/home/jetson/yahboomcar_ros2_ws/software/library_ws/install/astra_camera_msgs:/opt/ros/humble LD_LIBRARY_PATH=/home/jetson/yahboomcar_ws/install/yahboomcar_astra/lib:/home/jetson/yahboomcar_ws/install/yahboomcar_msgs/lib:/home/jetson/yahboomcar_ros2_ws/install/astra_camera/lib:/usr/local/lib:/usr/local/cuda-12.6/lib64:/home/jetson/yahboomcar_ros2_ws/software/library_ws/install/teb_local_planner/lib:/home/jetson/yahboomcar_ros2_ws/software/library_ws/install/teb_msgs/lib:/home/jetson/yahboomcar_ros2_ws/software/library_ws/install/robot_localization/lib:/home/jetson/yahboomcar_ros2_ws/software/library_ws/install/openslam_gmapping/lib:/home/jetson/yahboomcar_ros2_ws/software/library_ws/install/costmap_converter/lib:/home/jetson/yahboomcar_ros2_ws/software/library_ws/install/costmap_converter_msgs/lib:/home/jetson/yahboomcar_ros2_ws/software/library_ws/install/astra_camera/lib:/home/jetson/yahboomcar_ros2_ws/software/library_ws/install/astra_camera_msgs/lib:/opt/ros/humble/opt/rviz_ogre_vendor/lib:/opt/ros/humble/lib/aarch64-linux-gnu:/opt/ros/humble/lib:/usr/local/lib:/usr/local/cuda-12.6/lib64:/home/jetson/yahboomcar_ws/install/yahboomcar_astra/lib/yahboomcar_astra /usr/bin/cmake --build /home/jetson/yahboomcar_ws/build/yahboomcar_slam -- -j6 -l6
[10.088s] Invoking command in '/home/jetson/yahboomcar_ws/build/yahboomcar_slam': CMAKE_PREFIX_PATH=/home/jetson/yahboomcar_ws/install/yahboomcar_astra:/home/jetson/yahboomcar_ws/install/yahboomcar_laser:/home/jetson/yahboomcar_ws/install/yahboomcar_ctrl:/home/jetson/yahboomcar_ws/install/yahboomcar_bringup:/home/jetson/yahboomcar_ws/install/yahboomcar_msgs:/home/jetson/yahboomcar_ws/install/yahboomcar_description:/home/jetson/yahboomcar_ws/install/yahboomcar_slam:/home/jetson/yahboomcar_ws/install/ros2_orbslam:/home/jetson/yahboomcar_ros2_ws/install/astra_camera:/home/jetson/yahboomcar_ros2_ws/software/library_ws/install/ydlidar_ros2_driver:/home/jetson/yahboomcar_ros2_ws/software/library_ws/install/web_video_server:/home/jetson/yahboomcar_ros2_ws/software/library_ws/install/teb_local_planner:/home/jetson/yahboomcar_ros2_ws/software/library_ws/install/teb_msgs:/home/jetson/yahboomcar_ros2_ws/software/library_ws/install/sllidar_ros2:/home/jetson/yahboomcar_ros2_ws/software/library_ws/install/slam_gmapping:/home/jetson/yahboomcar_ros2_ws/software/library_ws/install/robot_localization:/home/jetson/yahboomcar_ros2_ws/software/library_ws/install/openslam_gmapping:/home/jetson/yahboomcar_ros2_ws/software/library_ws/install/costmap_converter:/home/jetson/yahboomcar_ros2_ws/software/library_ws/install/costmap_converter_msgs:/home/jetson/yahboomcar_ros2_ws/software/library_ws/install/astra_camera:/home/jetson/yahboomcar_ros2_ws/software/library_ws/install/astra_camera_msgs:/opt/ros/humble LD_LIBRARY_PATH=/home/jetson/yahboomcar_ws/install/yahboomcar_astra/lib:/home/jetson/yahboomcar_ws/install/yahboomcar_msgs/lib:/home/jetson/yahboomcar_ros2_ws/install/astra_camera/lib:/usr/local/lib:/usr/local/cuda-12.6/lib64:/home/jetson/yahboomcar_ros2_ws/software/library_ws/install/teb_local_planner/lib:/home/jetson/yahboomcar_ros2_ws/software/library_ws/install/teb_msgs/lib:/home/jetson/yahboomcar_ros2_ws/software/library_ws/install/robot_localization/lib:/home/jetson/yahboomcar_ros2_ws/software/library_ws/install/openslam_gmapping/lib:/home/jetson/yahboomcar_ros2_ws/software/library_ws/install/costmap_converter/lib:/home/jetson/yahboomcar_ros2_ws/software/library_ws/install/costmap_converter_msgs/lib:/home/jetson/yahboomcar_ros2_ws/software/library_ws/install/astra_camera/lib:/home/jetson/yahboomcar_ros2_ws/software/library_ws/install/astra_camera_msgs/lib:/opt/ros/humble/opt/rviz_ogre_vendor/lib:/opt/ros/humble/lib/aarch64-linux-gnu:/opt/ros/humble/lib:/usr/local/lib:/usr/local/cuda-12.6/lib64:/home/jetson/yahboomcar_ws/install/yahboomcar_astra/lib/yahboomcar_astra /usr/bin/cmake --install /home/jetson/yahboomcar_ws/build/yahboomcar_slam
[10.109s] -- Install configuration: ""
[10.110s] -- Up-to-date: /home/jetson/yahboomcar_ws/install/yahboomcar_slam/share/ament_index/resource_index/package_run_dependencies/yahboomcar_slam
[10.111s] -- Installing: /home/jetson/yahboomcar_ws/install/yahboomcar_slam/share/ament_index/resource_index/parent_prefix_path/yahboomcar_slam
[10.113s] -- Up-to-date: /home/jetson/yahboomcar_ws/install/yahboomcar_slam/share/yahboomcar_slam/environment/ament_prefix_path.sh
[10.114s] -- Installing: /home/jetson/yahboomcar_ws/install/yahboomcar_slam/share/yahboomcar_slam/environment/ament_prefix_path.dsv
[10.114s] -- Up-to-date: /home/jetson/yahboomcar_ws/install/yahboomcar_slam/share/yahboomcar_slam/environment/path.sh
[10.115s] -- Installing: /home/jetson/yahboomcar_ws/install/yahboomcar_slam/share/yahboomcar_slam/environment/path.dsv
[10.115s] -- Up-to-date: /home/jetson/yahboomcar_ws/install/yahboomcar_slam/share/yahboomcar_slam/local_setup.bash
[10.115s] -- Up-to-date: /home/jetson/yahboomcar_ws/install/yahboomcar_slam/share/yahboomcar_slam/local_setup.sh
[10.116s] -- Up-to-date: /home/jetson/yahboomcar_ws/install/yahboomcar_slam/share/yahboomcar_slam/local_setup.zsh
[10.116s] -- Installing: /home/jetson/yahboomcar_ws/install/yahboomcar_slam/share/yahboomcar_slam/local_setup.dsv
[10.116s] -- Installing: /home/jetson/yahboomcar_ws/install/yahboomcar_slam/share/yahboomcar_slam/package.dsv
[10.116s] -- Up-to-date: /home/jetson/yahboomcar_ws/install/yahboomcar_slam/share/ament_index/resource_index/packages/yahboomcar_slam
[10.119s] -- Up-to-date: /home/jetson/yahboomcar_ws/install/yahboomcar_slam/share/yahboomcar_slam/cmake/yahboomcar_slamConfig.cmake
[10.120s] -- Up-to-date: /home/jetson/yahboomcar_ws/install/yahboomcar_slam/share/yahboomcar_slam/cmake/yahboomcar_slamConfig-version.cmake
[10.133s] -- Up-to-date: /home/jetson/yahboomcar_ws/install/yahboomcar_slam/share/yahboomcar_slam/package.xml
[10.135s] -- Up-to-date: /home/jetson/yahboomcar_ws/install/yahboomcar_slam/lib/yahboomcar_slam/pointcloud_mapping
[10.138s] -- Up-to-date: /home/jetson/yahboomcar_ws/install/yahboomcar_slam/share/yahboomcar_slam/launch
[10.140s] -- Up-to-date: /home/jetson/yahboomcar_ws/install/yahboomcar_slam/share/yahboomcar_slam/launch/test_slam_only.launch.py
[10.141s] -- Up-to-date: /home/jetson/yahboomcar_ws/install/yahboomcar_slam/share/yahboomcar_slam/launch/robot_orb_octomap.launch.py
[10.142s] -- Up-to-date: /home/jetson/yahboomcar_ws/install/yahboomcar_slam/share/yahboomcar_slam/launch/test_pcl_mapping.launch.py
[10.143s] -- Up-to-date: /home/jetson/yahboomcar_ws/install/yahboomcar_slam/share/yahboomcar_slam/launch/camera_driver.launch.py
[10.143s] -- Up-to-date: /home/jetson/yahboomcar_ws/install/yahboomcar_slam/share/yahboomcar_slam/launch/test_orb_slam.launch.py
[10.143s] -- Up-to-date: /home/jetson/yahboomcar_ws/install/yahboomcar_slam/share/yahboomcar_slam/launch/view_orb_octomap.launch.py
[10.144s] -- Up-to-date: /home/jetson/yahboomcar_ws/install/yahboomcar_slam/share/yahboomcar_slam/launch/camera_orb_slam.launch.py
[10.144s] -- Up-to-date: /home/jetson/yahboomcar_ws/install/yahboomcar_slam/share/yahboomcar_slam/launch/robot_orb_slam.launch.py
[10.144s] -- Up-to-date: /home/jetson/yahboomcar_ws/install/yahboomcar_slam/share/yahboomcar_slam/launch/slam_with_astra.launch.py
[10.144s] -- Up-to-date: /home/jetson/yahboomcar_ws/install/yahboomcar_slam/share/yahboomcar_slam/param
[10.145s] -- Up-to-date: /home/jetson/yahboomcar_ws/install/yahboomcar_slam/share/yahboomcar_slam/param/astra.yaml
[10.146s] -- Up-to-date: /home/jetson/yahboomcar_ws/install/yahboomcar_slam/share/yahboomcar_slam/param/ORBvoc.txt
[10.146s] -- Up-to-date: /home/jetson/yahboomcar_ws/install/yahboomcar_slam/share/yahboomcar_slam/param/astra1.0.yaml
[10.146s] -- Up-to-date: /home/jetson/yahboomcar_ws/install/yahboomcar_slam/share/yahboomcar_slam/rviz
[10.147s] -- Up-to-date: /home/jetson/yahboomcar_ws/install/yahboomcar_slam/share/yahboomcar_slam/rviz/orb_octomap.rviz
[10.148s] -- Up-to-date: /home/jetson/yahboomcar_ws/install/yahboomcar_slam/share/yahboomcar_slam/data
[10.148s] -- Up-to-date: /home/jetson/yahboomcar_ws/install/yahboomcar_slam/share/yahboomcar_slam/data/room_scan1.pcd
[10.149s] Invoked command in '/home/jetson/yahboomcar_ws/build/yahboomcar_slam' returned '0': CMAKE_PREFIX_PATH=/home/jetson/yahboomcar_ws/install/yahboomcar_astra:/home/jetson/yahboomcar_ws/install/yahboomcar_laser:/home/jetson/yahboomcar_ws/install/yahboomcar_ctrl:/home/jetson/yahboomcar_ws/install/yahboomcar_bringup:/home/jetson/yahboomcar_ws/install/yahboomcar_msgs:/home/jetson/yahboomcar_ws/install/yahboomcar_description:/home/jetson/yahboomcar_ws/install/yahboomcar_slam:/home/jetson/yahboomcar_ws/install/ros2_orbslam:/home/jetson/yahboomcar_ros2_ws/install/astra_camera:/home/jetson/yahboomcar_ros2_ws/software/library_ws/install/ydlidar_ros2_driver:/home/jetson/yahboomcar_ros2_ws/software/library_ws/install/web_video_server:/home/jetson/yahboomcar_ros2_ws/software/library_ws/install/teb_local_planner:/home/jetson/yahboomcar_ros2_ws/software/library_ws/install/teb_msgs:/home/jetson/yahboomcar_ros2_ws/software/library_ws/install/sllidar_ros2:/home/jetson/yahboomcar_ros2_ws/software/library_ws/install/slam_gmapping:/home/jetson/yahboomcar_ros2_ws/software/library_ws/install/robot_localization:/home/jetson/yahboomcar_ros2_ws/software/library_ws/install/openslam_gmapping:/home/jetson/yahboomcar_ros2_ws/software/library_ws/install/costmap_converter:/home/jetson/yahboomcar_ros2_ws/software/library_ws/install/costmap_converter_msgs:/home/jetson/yahboomcar_ros2_ws/software/library_ws/install/astra_camera:/home/jetson/yahboomcar_ros2_ws/software/library_ws/install/astra_camera_msgs:/opt/ros/humble LD_LIBRARY_PATH=/home/jetson/yahboomcar_ws/install/yahboomcar_astra/lib:/home/jetson/yahboomcar_ws/install/yahboomcar_msgs/lib:/home/jetson/yahboomcar_ros2_ws/install/astra_camera/lib:/usr/local/lib:/usr/local/cuda-12.6/lib64:/home/jetson/yahboomcar_ros2_ws/software/library_ws/install/teb_local_planner/lib:/home/jetson/yahboomcar_ros2_ws/software/library_ws/install/teb_msgs/lib:/home/jetson/yahboomcar_ros2_ws/software/library_ws/install/robot_localization/lib:/home/jetson/yahboomcar_ros2_ws/software/library_ws/install/openslam_gmapping/lib:/home/jetson/yahboomcar_ros2_ws/software/library_ws/install/costmap_converter/lib:/home/jetson/yahboomcar_ros2_ws/software/library_ws/install/costmap_converter_msgs/lib:/home/jetson/yahboomcar_ros2_ws/software/library_ws/install/astra_camera/lib:/home/jetson/yahboomcar_ros2_ws/software/library_ws/install/astra_camera_msgs/lib:/opt/ros/humble/opt/rviz_ogre_vendor/lib:/opt/ros/humble/lib/aarch64-linux-gnu:/opt/ros/humble/lib:/usr/local/lib:/usr/local/cuda-12.6/lib64:/home/jetson/yahboomcar_ws/install/yahboomcar_astra/lib/yahboomcar_astra /usr/bin/cmake --install /home/jetson/yahboomcar_ws/build/yahboomcar_slam
