[0.045s] Invoking command in '/home/jetson/yahboomcar_ws/build/yahboomcar_astra': CMAKE_PREFIX_PATH=/home/jetson/yahboomcar_ws/install/yahboomcar_ctrl:/home/jetson/yahboomcar_ws/install/yahboomcar_bringup:/home/jetson/yahboomcar_ws/install/yahboomcar_msgs:/home/jetson/yahboomcar_ws/install/yahboomcar_description:/home/jetson/yahboomcar_ws/install/yahboomcar_astra:/home/jetson/yahboomcar_ros2_ws/software/library_ws/install/ydlidar_ros2_driver:/home/jetson/yahboomcar_ros2_ws/software/library_ws/install/web_video_server:/home/jetson/yahboomcar_ros2_ws/software/library_ws/install/teb_local_planner:/home/jetson/yahboomcar_ros2_ws/software/library_ws/install/teb_msgs:/home/jetson/yahboomcar_ros2_ws/software/library_ws/install/sllidar_ros2:/home/jetson/yahboomcar_ros2_ws/software/library_ws/install/slam_gmapping:/home/jetson/yahboomcar_ros2_ws/software/library_ws/install/robot_localization:/home/jetson/yahboomcar_ros2_ws/software/library_ws/install/openslam_gmapping:/home/jetson/yahboomcar_ros2_ws/software/library_ws/install/costmap_converter:/home/jetson/yahboomcar_ros2_ws/software/library_ws/install/costmap_converter_msgs:/home/jetson/yahboomcar_ros2_ws/software/library_ws/install/astra_camera:/home/jetson/yahboomcar_ros2_ws/software/library_ws/install/astra_camera_msgs:/opt/ros/humble LD_LIBRARY_PATH=/home/jetson/yahboomcar_ws/install/yahboomcar_msgs/lib:/home/jetson/yahboomcar_ws/install/yahboomcar_astra/lib:/usr/local/lib:/usr/local/cuda-12.6/lib64:/home/jetson/yahboomcar_ros2_ws/software/library_ws/install/teb_local_planner/lib:/home/jetson/yahboomcar_ros2_ws/software/library_ws/install/teb_msgs/lib:/home/jetson/yahboomcar_ros2_ws/software/library_ws/install/robot_localization/lib:/home/jetson/yahboomcar_ros2_ws/software/library_ws/install/openslam_gmapping/lib:/home/jetson/yahboomcar_ros2_ws/software/library_ws/install/costmap_converter/lib:/home/jetson/yahboomcar_ros2_ws/software/library_ws/install/costmap_converter_msgs/lib:/home/jetson/yahboomcar_ros2_ws/software/library_ws/install/astra_camera/lib:/home/jetson/yahboomcar_ros2_ws/software/library_ws/install/astra_camera_msgs/lib:/opt/ros/humble/opt/rviz_ogre_vendor/lib:/opt/ros/humble/lib/aarch64-linux-gnu:/opt/ros/humble/lib:/usr/local/lib:/usr/local/cuda-12.6/lib64 /usr/bin/cmake --build /home/jetson/yahboomcar_ws/build/yahboomcar_astra -- -j6 -l6
[0.232s] [  0%] Built target astra_camera_msgs__cpp
[0.253s] [ 10%] Built target astra_camera_msgs__rosidl_generator_c
[0.267s] [ 10%] Built target ament_cmake_python_copy_astra_camera_msgs
[0.303s] [ 20%] Built target astra_camera_msgs__rosidl_typesupport_introspection_cpp
[0.306s] [ 21%] [32mBuilding CXX object CMakeFiles/KCFTracker_node.dir/src/KCF_Tracker.cpp.o[0m
[0.315s] [ 31%] Built target astra_camera_msgs__rosidl_typesupport_introspection_c
[0.336s] [ 48%] Built target astra_camera_msgs__rosidl_typesupport_fastrtps_cpp
[0.340s] [ 50%] Built target astra_camera_msgs__rosidl_typesupport_cpp
[0.355s] [ 59%] Built target astra_camera_msgs__rosidl_typesupport_fastrtps_c
[0.378s] [ 69%] Built target astra_camera_msgs__rosidl_typesupport_c
[0.442s] [ 69%] Built target astra_camera_msgs
[0.461s] [ 81%] Built target yahboomcar_astra_driver
[0.495s] [ 82%] Built target astra_camera_msgs__py
[0.534s] [ 84%] Built target astra_camera_node
[0.562s] [ 92%] Built target astra_camera_msgs__rosidl_generator_py
[0.631s] [ 93%] Built target astra_camera_msgs__rosidl_typesupport_introspection_c__pyext
[0.632s] [ 95%] Built target astra_camera_msgs__rosidl_typesupport_fastrtps_c__pyext
[0.645s] [ 96%] Built target astra_camera_msgs__rosidl_typesupport_c__pyext
[0.925s] running egg_info
[0.973s] writing astra_camera_msgs.egg-info/PKG-INFO
[0.974s] writing dependency_links to astra_camera_msgs.egg-info/dependency_links.txt
[0.975s] writing top-level names to astra_camera_msgs.egg-info/top_level.txt
[1.131s] reading manifest file 'astra_camera_msgs.egg-info/SOURCES.txt'
[1.133s] writing manifest file 'astra_camera_msgs.egg-info/SOURCES.txt'
[1.224s] [ 96%] Built target ament_cmake_python_build_astra_camera_msgs_egg
[8.379s] [01m[K/home/jetson/yahboomcar_ws/src/yahboomcar_astra/src/KCF_Tracker.cpp:[m[K In constructor ‘[01m[KImageConverter::ImageConverter()[m[K’:
[8.380s] [01m[K/home/jetson/yahboomcar_ws/src/yahboomcar_astra/src/KCF_Tracker.cpp:88:11:[m[K [01;35m[Kwarning: [m[Kignoring return value of ‘[01m[Krclcpp::node_interfaces::OnSetParametersCallbackHandle::SharedPtr rclcpp::Node::add_on_set_parameters_callback(rclcpp::Node::OnParametersSetCallbackType)[m[K’, declared with attribute ‘[01m[Kwarn_unused_result[m[K’ [[01;35m[K]8;;https://gcc.gnu.org/onlinedocs/gcc/Warning-Options.html#index-Wunused-result-Wunused-result]8;;[m[K]
[8.380s]    88 |         })[01;35m[K;[m[K
[8.380s]       |           [01;35m[K^[m[K
[8.380s] In file included from [01m[K/opt/ros/humble/include/rclcpp/rclcpp/executors/single_threaded_executor.hpp:28[m[K,
[8.380s]                  from [01m[K/opt/ros/humble/include/rclcpp/rclcpp/executors.hpp:22[m[K,
[8.380s]                  from [01m[K/opt/ros/humble/include/rclcpp/rclcpp/rclcpp.hpp:155[m[K,
[8.381s]                  from [01m[K/home/jetson/yahboomcar_ws/src/yahboomcar_astra/include/yahboomcar_astra/KCF_Tracker.h:19[m[K,
[8.381s]                  from [01m[K/home/jetson/yahboomcar_ws/src/yahboomcar_astra/src/KCF_Tracker.cpp:5[m[K:
[8.381s] [01m[K/opt/ros/humble/include/rclcpp/rclcpp/node.hpp:934:3:[m[K [01;36m[Knote: [m[Kdeclared here
[8.381s]   934 |   [01;36m[Kadd_on_set_parameters_callback[m[K(OnParametersSetCallbackType callback);
[8.381s]       |   [01;36m[K^~~~~~~~~~~~~~~~~~~~~~~~~~~~~~[m[K
[27.596s] [ 97%] [32m[1mLinking CXX executable KCFTracker_node[0m
[28.457s] /usr/bin/ld: warning: libopencv_imgproc.so.4.5d, needed by /opt/ros/humble/lib/libcv_bridge.so, may conflict with libopencv_imgproc.so.410
[28.458s] /usr/bin/ld: warning: libopencv_core.so.4.5d, needed by /opt/ros/humble/lib/libcv_bridge.so, may conflict with libopencv_core.so.410
[29.886s] [100%] Built target KCFTracker_node
[29.931s] Invoked command in '/home/jetson/yahboomcar_ws/build/yahboomcar_astra' returned '0': CMAKE_PREFIX_PATH=/home/jetson/yahboomcar_ws/install/yahboomcar_ctrl:/home/jetson/yahboomcar_ws/install/yahboomcar_bringup:/home/jetson/yahboomcar_ws/install/yahboomcar_msgs:/home/jetson/yahboomcar_ws/install/yahboomcar_description:/home/jetson/yahboomcar_ws/install/yahboomcar_astra:/home/jetson/yahboomcar_ros2_ws/software/library_ws/install/ydlidar_ros2_driver:/home/jetson/yahboomcar_ros2_ws/software/library_ws/install/web_video_server:/home/jetson/yahboomcar_ros2_ws/software/library_ws/install/teb_local_planner:/home/jetson/yahboomcar_ros2_ws/software/library_ws/install/teb_msgs:/home/jetson/yahboomcar_ros2_ws/software/library_ws/install/sllidar_ros2:/home/jetson/yahboomcar_ros2_ws/software/library_ws/install/slam_gmapping:/home/jetson/yahboomcar_ros2_ws/software/library_ws/install/robot_localization:/home/jetson/yahboomcar_ros2_ws/software/library_ws/install/openslam_gmapping:/home/jetson/yahboomcar_ros2_ws/software/library_ws/install/costmap_converter:/home/jetson/yahboomcar_ros2_ws/software/library_ws/install/costmap_converter_msgs:/home/jetson/yahboomcar_ros2_ws/software/library_ws/install/astra_camera:/home/jetson/yahboomcar_ros2_ws/software/library_ws/install/astra_camera_msgs:/opt/ros/humble LD_LIBRARY_PATH=/home/jetson/yahboomcar_ws/install/yahboomcar_msgs/lib:/home/jetson/yahboomcar_ws/install/yahboomcar_astra/lib:/usr/local/lib:/usr/local/cuda-12.6/lib64:/home/jetson/yahboomcar_ros2_ws/software/library_ws/install/teb_local_planner/lib:/home/jetson/yahboomcar_ros2_ws/software/library_ws/install/teb_msgs/lib:/home/jetson/yahboomcar_ros2_ws/software/library_ws/install/robot_localization/lib:/home/jetson/yahboomcar_ros2_ws/software/library_ws/install/openslam_gmapping/lib:/home/jetson/yahboomcar_ros2_ws/software/library_ws/install/costmap_converter/lib:/home/jetson/yahboomcar_ros2_ws/software/library_ws/install/costmap_converter_msgs/lib:/home/jetson/yahboomcar_ros2_ws/software/library_ws/install/astra_camera/lib:/home/jetson/yahboomcar_ros2_ws/software/library_ws/install/astra_camera_msgs/lib:/opt/ros/humble/opt/rviz_ogre_vendor/lib:/opt/ros/humble/lib/aarch64-linux-gnu:/opt/ros/humble/lib:/usr/local/lib:/usr/local/cuda-12.6/lib64 /usr/bin/cmake --build /home/jetson/yahboomcar_ws/build/yahboomcar_astra -- -j6 -l6
[29.959s] Invoking command in '/home/jetson/yahboomcar_ws/build/yahboomcar_astra': CMAKE_PREFIX_PATH=/home/jetson/yahboomcar_ws/install/yahboomcar_ctrl:/home/jetson/yahboomcar_ws/install/yahboomcar_bringup:/home/jetson/yahboomcar_ws/install/yahboomcar_msgs:/home/jetson/yahboomcar_ws/install/yahboomcar_description:/home/jetson/yahboomcar_ws/install/yahboomcar_astra:/home/jetson/yahboomcar_ros2_ws/software/library_ws/install/ydlidar_ros2_driver:/home/jetson/yahboomcar_ros2_ws/software/library_ws/install/web_video_server:/home/jetson/yahboomcar_ros2_ws/software/library_ws/install/teb_local_planner:/home/jetson/yahboomcar_ros2_ws/software/library_ws/install/teb_msgs:/home/jetson/yahboomcar_ros2_ws/software/library_ws/install/sllidar_ros2:/home/jetson/yahboomcar_ros2_ws/software/library_ws/install/slam_gmapping:/home/jetson/yahboomcar_ros2_ws/software/library_ws/install/robot_localization:/home/jetson/yahboomcar_ros2_ws/software/library_ws/install/openslam_gmapping:/home/jetson/yahboomcar_ros2_ws/software/library_ws/install/costmap_converter:/home/jetson/yahboomcar_ros2_ws/software/library_ws/install/costmap_converter_msgs:/home/jetson/yahboomcar_ros2_ws/software/library_ws/install/astra_camera:/home/jetson/yahboomcar_ros2_ws/software/library_ws/install/astra_camera_msgs:/opt/ros/humble LD_LIBRARY_PATH=/home/jetson/yahboomcar_ws/install/yahboomcar_msgs/lib:/home/jetson/yahboomcar_ws/install/yahboomcar_astra/lib:/usr/local/lib:/usr/local/cuda-12.6/lib64:/home/jetson/yahboomcar_ros2_ws/software/library_ws/install/teb_local_planner/lib:/home/jetson/yahboomcar_ros2_ws/software/library_ws/install/teb_msgs/lib:/home/jetson/yahboomcar_ros2_ws/software/library_ws/install/robot_localization/lib:/home/jetson/yahboomcar_ros2_ws/software/library_ws/install/openslam_gmapping/lib:/home/jetson/yahboomcar_ros2_ws/software/library_ws/install/costmap_converter/lib:/home/jetson/yahboomcar_ros2_ws/software/library_ws/install/costmap_converter_msgs/lib:/home/jetson/yahboomcar_ros2_ws/software/library_ws/install/astra_camera/lib:/home/jetson/yahboomcar_ros2_ws/software/library_ws/install/astra_camera_msgs/lib:/opt/ros/humble/opt/rviz_ogre_vendor/lib:/opt/ros/humble/lib/aarch64-linux-gnu:/opt/ros/humble/lib:/usr/local/lib:/usr/local/cuda-12.6/lib64 /usr/bin/cmake --install /home/jetson/yahboomcar_ws/build/yahboomcar_astra
[29.980s] -- Install configuration: ""
[29.983s] -- Installing: /home/jetson/yahboomcar_ws/install/yahboomcar_astra/lib/yahboomcar_astra/libyahboomcar_astra_driver.so
[30.031s] -- Set runtime path of "/home/jetson/yahboomcar_ws/install/yahboomcar_astra/lib/yahboomcar_astra/libyahboomcar_astra_driver.so" to ""
[30.032s] -- Installing: /home/jetson/yahboomcar_ws/install/yahboomcar_astra/lib/yahboomcar_astra/astra_camera_node
[30.033s] -- Set runtime path of "/home/jetson/yahboomcar_ws/install/yahboomcar_astra/lib/yahboomcar_astra/astra_camera_node" to ""
[30.034s] -- Installing: /home/jetson/yahboomcar_ws/install/yahboomcar_astra/lib/yahboomcar_astra/KCFTracker_node
[30.048s] -- Set runtime path of "/home/jetson/yahboomcar_ws/install/yahboomcar_astra/lib/yahboomcar_astra/KCFTracker_node" to ""
[30.048s] -- Up-to-date: /home/jetson/yahboomcar_ws/install/yahboomcar_astra/include
[30.048s] -- Up-to-date: /home/jetson/yahboomcar_ws/install/yahboomcar_astra/include/magic_enum
[30.048s] -- Up-to-date: /home/jetson/yahboomcar_ws/install/yahboomcar_astra/include/magic_enum/magic_enum.hpp
[30.049s] -- Up-to-date: /home/jetson/yahboomcar_ws/install/yahboomcar_astra/include/yahboomcar_astra
[30.049s] -- Up-to-date: /home/jetson/yahboomcar_ws/install/yahboomcar_astra/include/yahboomcar_astra/tracker.h
[30.049s] -- Up-to-date: /home/jetson/yahboomcar_ws/install/yahboomcar_astra/include/yahboomcar_astra/ffttools.h
[30.049s] -- Up-to-date: /home/jetson/yahboomcar_ws/install/yahboomcar_astra/include/yahboomcar_astra/kcftracker.h
[30.049s] -- Up-to-date: /home/jetson/yahboomcar_ws/install/yahboomcar_astra/include/yahboomcar_astra/fhog.h
[30.050s] -- Up-to-date: /home/jetson/yahboomcar_ws/install/yahboomcar_astra/include/yahboomcar_astra/labdata.h
[30.050s] -- Up-to-date: /home/jetson/yahboomcar_ws/install/yahboomcar_astra/include/yahboomcar_astra/PID.h
[30.050s] -- Up-to-date: /home/jetson/yahboomcar_ws/install/yahboomcar_astra/include/yahboomcar_astra/recttools.h
[30.050s] -- Up-to-date: /home/jetson/yahboomcar_ws/install/yahboomcar_astra/include/yahboomcar_astra/CMakeLists.txt
[30.050s] -- Up-to-date: /home/jetson/yahboomcar_ws/install/yahboomcar_astra/include/yahboomcar_astra/KCF_Tracker.h
[30.050s] -- Up-to-date: /home/jetson/yahboomcar_ws/install/yahboomcar_astra/include/openni2
[30.051s] -- Up-to-date: /home/jetson/yahboomcar_ws/install/yahboomcar_astra/include/openni2/OniCAPI.h
[30.051s] -- Up-to-date: /home/jetson/yahboomcar_ws/install/yahboomcar_astra/include/openni2/OpenNI.h
[30.051s] -- Up-to-date: /home/jetson/yahboomcar_ws/install/yahboomcar_astra/include/openni2/Linux-x86
[30.051s] -- Up-to-date: /home/jetson/yahboomcar_ws/install/yahboomcar_astra/include/openni2/Linux-x86/OniPlatformLinux-x86.h
[30.051s] -- Up-to-date: /home/jetson/yahboomcar_ws/install/yahboomcar_astra/include/openni2/Driver
[30.051s] -- Up-to-date: /home/jetson/yahboomcar_ws/install/yahboomcar_astra/include/openni2/Driver/OniDriverAPI.h
[30.051s] -- Up-to-date: /home/jetson/yahboomcar_ws/install/yahboomcar_astra/include/openni2/Driver/OniDriverTypes.h
[30.052s] -- Up-to-date: /home/jetson/yahboomcar_ws/install/yahboomcar_astra/include/openni2/OniCTypes.h
[30.052s] -- Up-to-date: /home/jetson/yahboomcar_ws/install/yahboomcar_astra/include/openni2/Linux-Arm
[30.052s] -- Up-to-date: /home/jetson/yahboomcar_ws/install/yahboomcar_astra/include/openni2/Linux-Arm/OniPlatformLinux-Arm.h
[30.052s] -- Up-to-date: /home/jetson/yahboomcar_ws/install/yahboomcar_astra/include/openni2/OniCEnums.h
[30.052s] -- Up-to-date: /home/jetson/yahboomcar_ws/install/yahboomcar_astra/include/openni2/PrimeSense.h
[30.052s] -- Up-to-date: /home/jetson/yahboomcar_ws/install/yahboomcar_astra/include/openni2/Android-Arm
[30.052s] -- Up-to-date: /home/jetson/yahboomcar_ws/install/yahboomcar_astra/include/openni2/Android-Arm/OniPlatformAndroid-Arm.h
[30.052s] -- Up-to-date: /home/jetson/yahboomcar_ws/install/yahboomcar_astra/include/openni2/PSLink.h
[30.053s] -- Up-to-date: /home/jetson/yahboomcar_ws/install/yahboomcar_astra/include/openni2/SonixCamera.h
[30.053s] -- Up-to-date: /home/jetson/yahboomcar_ws/install/yahboomcar_astra/include/openni2/OniPlatform.h
[30.053s] -- Up-to-date: /home/jetson/yahboomcar_ws/install/yahboomcar_astra/include/openni2/OniEnums.h
[30.053s] -- Up-to-date: /home/jetson/yahboomcar_ws/install/yahboomcar_astra/include/openni2/util.h
[30.053s] -- Up-to-date: /home/jetson/yahboomcar_ws/install/yahboomcar_astra/include/openni2/OniProperties.h
[30.053s] -- Up-to-date: /home/jetson/yahboomcar_ws/install/yahboomcar_astra/include/openni2/OniTest.h
[30.053s] -- Up-to-date: /home/jetson/yahboomcar_ws/install/yahboomcar_astra/include/openni2/OniVersion.h
[30.053s] -- Up-to-date: /home/jetson/yahboomcar_ws/install/yahboomcar_astra/include/openni2/MacOSX
[30.054s] -- Up-to-date: /home/jetson/yahboomcar_ws/install/yahboomcar_astra/include/openni2/MacOSX/OniPlatformMacOSX.h
[30.054s] -- Up-to-date: /home/jetson/yahboomcar_ws/install/yahboomcar_astra/include/openni2/OniCProperties.h
[30.054s] -- Up-to-date: /home/jetson/yahboomcar_ws/install/yahboomcar_astra/include/openni2/KinectProperties.h
[30.054s] -- Up-to-date: /home/jetson/yahboomcar_ws/install/yahboomcar_astra/include/openni2/PS1080.h
[30.054s] -- Up-to-date: /home/jetson/yahboomcar_ws/install/yahboomcar_astra/include/astra_camera
[30.054s] -- Up-to-date: /home/jetson/yahboomcar_ws/install/yahboomcar_astra/include/astra_camera/dynamic_params.h
[30.054s] -- Up-to-date: /home/jetson/yahboomcar_ws/install/yahboomcar_astra/include/astra_camera/constants.h
[30.054s] -- Up-to-date: /home/jetson/yahboomcar_ws/install/yahboomcar_astra/include/astra_camera/utils.h
[30.054s] -- Up-to-date: /home/jetson/yahboomcar_ws/install/yahboomcar_astra/include/astra_camera/json.hpp
[30.055s] -- Up-to-date: /home/jetson/yahboomcar_ws/install/yahboomcar_astra/include/astra_camera/ob_camera_node.h
[30.055s] -- Up-to-date: /home/jetson/yahboomcar_ws/install/yahboomcar_astra/include/astra_camera/uvc_camera_driver.h
[30.055s] -- Up-to-date: /home/jetson/yahboomcar_ws/install/yahboomcar_astra/include/astra_camera/types.h
[30.055s] -- Up-to-date: /home/jetson/yahboomcar_ws/install/yahboomcar_astra/include/astra_camera/ob_context.h
[30.055s] -- Up-to-date: /home/jetson/yahboomcar_ws/install/yahboomcar_astra/include/astra_camera/ob_camera_node_factory.h
[30.055s] -- Up-to-date: /home/jetson/yahboomcar_ws/install/yahboomcar_astra/include/astra_camera/ros_param_backend.h
[30.056s] -- Up-to-date: /home/jetson/yahboomcar_ws/install/yahboomcar_astra/include/astra_camera/ob_timer_filter.h
[30.056s] -- Up-to-date: /home/jetson/yahboomcar_ws/install/yahboomcar_astra/include/astra_camera/point_cloud_proc
[30.056s] -- Up-to-date: /home/jetson/yahboomcar_ws/install/yahboomcar_astra/include/astra_camera/point_cloud_proc/point_cloud_xyzrgb.h
[30.056s] -- Up-to-date: /home/jetson/yahboomcar_ws/install/yahboomcar_astra/include/astra_camera/point_cloud_proc/point_cloud_proc.h
[30.056s] -- Up-to-date: /home/jetson/yahboomcar_ws/install/yahboomcar_astra/include/astra_camera/point_cloud_proc/depth_traits.h
[30.056s] -- Up-to-date: /home/jetson/yahboomcar_ws/install/yahboomcar_astra/include/astra_camera/point_cloud_proc/point_cloud_xyz.h
[30.057s] -- Up-to-date: /home/jetson/yahboomcar_ws/install/yahboomcar_astra/lib/yahboomcar_astra/openni2_redist/arm64
[30.057s] -- Up-to-date: /home/jetson/yahboomcar_ws/install/yahboomcar_astra/lib/yahboomcar_astra/openni2_redist/arm64/install
[30.057s] -- Up-to-date: /home/jetson/yahboomcar_ws/install/yahboomcar_astra/lib/yahboomcar_astra/openni2_redist/arm64/install/setup.zsh
[30.057s] -- Up-to-date: /home/jetson/yahboomcar_ws/install/yahboomcar_astra/lib/yahboomcar_astra/openni2_redist/arm64/install/setup.bash
[30.057s] -- Up-to-date: /home/jetson/yahboomcar_ws/install/yahboomcar_astra/lib/yahboomcar_astra/openni2_redist/arm64/install/_local_setup_util_ps1.py
[30.057s] -- Up-to-date: /home/jetson/yahboomcar_ws/install/yahboomcar_astra/lib/yahboomcar_astra/openni2_redist/arm64/install/_local_setup_util_sh.py
[30.057s] -- Up-to-date: /home/jetson/yahboomcar_ws/install/yahboomcar_astra/lib/yahboomcar_astra/openni2_redist/arm64/install/local_setup.bash
[30.058s] -- Up-to-date: /home/jetson/yahboomcar_ws/install/yahboomcar_astra/lib/yahboomcar_astra/openni2_redist/arm64/install/COLCON_IGNORE
[30.058s] -- Up-to-date: /home/jetson/yahboomcar_ws/install/yahboomcar_astra/lib/yahboomcar_astra/openni2_redist/arm64/install/local_setup.sh
[30.058s] -- Up-to-date: /home/jetson/yahboomcar_ws/install/yahboomcar_astra/lib/yahboomcar_astra/openni2_redist/arm64/install/setup.ps1
[30.058s] -- Up-to-date: /home/jetson/yahboomcar_ws/install/yahboomcar_astra/lib/yahboomcar_astra/openni2_redist/arm64/install/setup.sh
[30.058s] -- Up-to-date: /home/jetson/yahboomcar_ws/install/yahboomcar_astra/lib/yahboomcar_astra/openni2_redist/arm64/install/local_setup.zsh
[30.058s] -- Up-to-date: /home/jetson/yahboomcar_ws/install/yahboomcar_astra/lib/yahboomcar_astra/openni2_redist/arm64/install/local_setup.ps1
[30.058s] -- Up-to-date: /home/jetson/yahboomcar_ws/install/yahboomcar_astra/lib/yahboomcar_astra/openni2_redist/arm64/install/.colcon_install_layout
[30.059s] -- Up-to-date: /home/jetson/yahboomcar_ws/install/yahboomcar_astra/lib/yahboomcar_astra/openni2_redist/arm64/build
[30.059s] -- Up-to-date: /home/jetson/yahboomcar_ws/install/yahboomcar_astra/lib/yahboomcar_astra/openni2_redist/arm64/build/.built_by
[30.059s] -- Up-to-date: /home/jetson/yahboomcar_ws/install/yahboomcar_astra/lib/yahboomcar_astra/openni2_redist/arm64/build/COLCON_IGNORE
[30.059s] -- Up-to-date: /home/jetson/yahboomcar_ws/install/yahboomcar_astra/lib/yahboomcar_astra/openni2_redist/arm64/libOpenNI2.so
[30.059s] -- Up-to-date: /home/jetson/yahboomcar_ws/install/yahboomcar_astra/lib/yahboomcar_astra/openni2_redist/arm64/OpenNI.ini
[30.059s] -- Up-to-date: /home/jetson/yahboomcar_ws/install/yahboomcar_astra/lib/yahboomcar_astra/openni2_redist/arm64/OpenNI2
[30.059s] -- Up-to-date: /home/jetson/yahboomcar_ws/install/yahboomcar_astra/lib/yahboomcar_astra/openni2_redist/arm64/OpenNI2/Drivers
[30.059s] -- Up-to-date: /home/jetson/yahboomcar_ws/install/yahboomcar_astra/lib/yahboomcar_astra/openni2_redist/arm64/OpenNI2/Drivers/orbbec.ini
[30.060s] -- Up-to-date: /home/jetson/yahboomcar_ws/install/yahboomcar_astra/lib/yahboomcar_astra/openni2_redist/arm64/OpenNI2/Drivers/OniFile.ini
[30.060s] -- Up-to-date: /home/jetson/yahboomcar_ws/install/yahboomcar_astra/lib/yahboomcar_astra/openni2_redist/arm64/OpenNI2/Drivers/libOniFile.so
[30.060s] -- Up-to-date: /home/jetson/yahboomcar_ws/install/yahboomcar_astra/lib/yahboomcar_astra/openni2_redist/arm64/OpenNI2/Drivers/liborbbec.so
[30.060s] -- Up-to-date: /home/jetson/yahboomcar_ws/install/yahboomcar_astra/share/yahboomcar_astra/launch
[30.060s] -- Up-to-date: /home/jetson/yahboomcar_ws/install/yahboomcar_astra/share/yahboomcar_astra/launch/colorTracker.launch.py
[30.060s] -- Up-to-date: /home/jetson/yahboomcar_ws/install/yahboomcar_astra/share/yahboomcar_astra/launch/colorHSV.launch.py
[30.061s] -- Up-to-date: /home/jetson/yahboomcar_ws/install/yahboomcar_astra/share/yahboomcar_astra/launch/astra.launch.py
[30.061s] -- Installing: /home/jetson/yahboomcar_ws/install/yahboomcar_astra/share/yahboomcar_astra/launch/KCFTracker.launch.py
[30.061s] -- Up-to-date: /home/jetson/yahboomcar_ws/install/yahboomcar_astra/share/yahboomcar_astra/launch/.ipynb_checkpoints
[30.061s] -- Up-to-date: /home/jetson/yahboomcar_ws/install/yahboomcar_astra/share/yahboomcar_astra/launch/.ipynb_checkpoints/colorHSV-checkpoint.launch
[30.061s] -- Up-to-date: /home/jetson/yahboomcar_ws/install/yahboomcar_astra/share/yahboomcar_astra/launch/.ipynb_checkpoints/colorTracker-checkpoint.launch
[30.061s] -- Up-to-date: /home/jetson/yahboomcar_ws/install/yahboomcar_astra/share/ament_index/resource_index/package_run_dependencies/yahboomcar_astra
[30.061s] -- Up-to-date: /home/jetson/yahboomcar_ws/install/yahboomcar_astra/share/ament_index/resource_index/parent_prefix_path/yahboomcar_astra
[30.062s] -- Up-to-date: /home/jetson/yahboomcar_ws/install/yahboomcar_astra/share/yahboomcar_astra/environment/ament_prefix_path.sh
[30.062s] -- Up-to-date: /home/jetson/yahboomcar_ws/install/yahboomcar_astra/share/yahboomcar_astra/environment/ament_prefix_path.dsv
[30.062s] -- Up-to-date: /home/jetson/yahboomcar_ws/install/yahboomcar_astra/share/yahboomcar_astra/environment/path.sh
[30.062s] -- Up-to-date: /home/jetson/yahboomcar_ws/install/yahboomcar_astra/share/yahboomcar_astra/environment/path.dsv
[30.062s] -- Up-to-date: /home/jetson/yahboomcar_ws/install/yahboomcar_astra/share/yahboomcar_astra/local_setup.bash
[30.062s] -- Up-to-date: /home/jetson/yahboomcar_ws/install/yahboomcar_astra/share/yahboomcar_astra/local_setup.sh
[30.062s] -- Up-to-date: /home/jetson/yahboomcar_ws/install/yahboomcar_astra/share/yahboomcar_astra/local_setup.zsh
[30.062s] -- Up-to-date: /home/jetson/yahboomcar_ws/install/yahboomcar_astra/share/yahboomcar_astra/local_setup.dsv
[30.063s] -- Installing: /home/jetson/yahboomcar_ws/install/yahboomcar_astra/share/yahboomcar_astra/package.dsv
[30.063s] -- Up-to-date: /home/jetson/yahboomcar_ws/install/yahboomcar_astra/share/ament_index/resource_index/packages/yahboomcar_astra
[30.063s] -- Up-to-date: /home/jetson/yahboomcar_ws/install/yahboomcar_astra/share/yahboomcar_astra/cmake/yahboomcar_astraConfig.cmake
[30.063s] -- Up-to-date: /home/jetson/yahboomcar_ws/install/yahboomcar_astra/share/yahboomcar_astra/cmake/yahboomcar_astraConfig-version.cmake
[30.063s] -- Up-to-date: /home/jetson/yahboomcar_ws/install/yahboomcar_astra/share/yahboomcar_astra/package.xml
[30.063s] -- Up-to-date: /home/jetson/yahboomcar_ws/install/yahboomcar_astra/share/ament_index/resource_index/rosidl_interfaces/astra_camera_msgs
[30.064s] -- Up-to-date: /home/jetson/yahboomcar_ws/install/yahboomcar_astra/include/astra_camera_msgs/astra_camera_msgs
[30.064s] -- Up-to-date: /home/jetson/yahboomcar_ws/install/yahboomcar_astra/include/astra_camera_msgs/astra_camera_msgs/msg
[30.064s] -- Up-to-date: /home/jetson/yahboomcar_ws/install/yahboomcar_astra/include/astra_camera_msgs/astra_camera_msgs/msg/metadata.h
[30.064s] -- Up-to-date: /home/jetson/yahboomcar_ws/install/yahboomcar_astra/include/astra_camera_msgs/astra_camera_msgs/msg/extrinsics.h
[30.065s] -- Up-to-date: /home/jetson/yahboomcar_ws/install/yahboomcar_astra/include/astra_camera_msgs/astra_camera_msgs/msg/detail
[30.065s] -- Up-to-date: /home/jetson/yahboomcar_ws/install/yahboomcar_astra/include/astra_camera_msgs/astra_camera_msgs/msg/detail/metadata__type_support.h
[30.065s] -- Up-to-date: /home/jetson/yahboomcar_ws/install/yahboomcar_astra/include/astra_camera_msgs/astra_camera_msgs/msg/detail/device_info__struct.h
[30.065s] -- Up-to-date: /home/jetson/yahboomcar_ws/install/yahboomcar_astra/include/astra_camera_msgs/astra_camera_msgs/msg/detail/metadata__functions.c
[30.065s] -- Up-to-date: /home/jetson/yahboomcar_ws/install/yahboomcar_astra/include/astra_camera_msgs/astra_camera_msgs/msg/detail/extrinsics__struct.h
[30.066s] -- Up-to-date: /home/jetson/yahboomcar_ws/install/yahboomcar_astra/include/astra_camera_msgs/astra_camera_msgs/msg/detail/device_info__functions.c
[30.066s] -- Up-to-date: /home/jetson/yahboomcar_ws/install/yahboomcar_astra/include/astra_camera_msgs/astra_camera_msgs/msg/detail/extrinsics__functions.h
[30.066s] -- Up-to-date: /home/jetson/yahboomcar_ws/install/yahboomcar_astra/include/astra_camera_msgs/astra_camera_msgs/msg/detail/metadata__functions.h
[30.066s] -- Up-to-date: /home/jetson/yahboomcar_ws/install/yahboomcar_astra/include/astra_camera_msgs/astra_camera_msgs/msg/detail/device_info__type_support.h
[30.066s] -- Up-to-date: /home/jetson/yahboomcar_ws/install/yahboomcar_astra/include/astra_camera_msgs/astra_camera_msgs/msg/detail/device_info__functions.h
[30.066s] -- Up-to-date: /home/jetson/yahboomcar_ws/install/yahboomcar_astra/include/astra_camera_msgs/astra_camera_msgs/msg/detail/extrinsics__functions.c
[30.066s] -- Up-to-date: /home/jetson/yahboomcar_ws/install/yahboomcar_astra/include/astra_camera_msgs/astra_camera_msgs/msg/detail/metadata__struct.h
[30.066s] -- Up-to-date: /home/jetson/yahboomcar_ws/install/yahboomcar_astra/include/astra_camera_msgs/astra_camera_msgs/msg/detail/extrinsics__type_support.h
[30.067s] -- Up-to-date: /home/jetson/yahboomcar_ws/install/yahboomcar_astra/include/astra_camera_msgs/astra_camera_msgs/msg/rosidl_generator_c__visibility_control.h
[30.067s] -- Up-to-date: /home/jetson/yahboomcar_ws/install/yahboomcar_astra/include/astra_camera_msgs/astra_camera_msgs/msg/device_info.h
[30.067s] -- Up-to-date: /home/jetson/yahboomcar_ws/install/yahboomcar_astra/include/astra_camera_msgs/astra_camera_msgs/srv
[30.067s] -- Up-to-date: /home/jetson/yahboomcar_ws/install/yahboomcar_astra/include/astra_camera_msgs/astra_camera_msgs/srv/get_string.h
[30.067s] -- Up-to-date: /home/jetson/yahboomcar_ws/install/yahboomcar_astra/include/astra_camera_msgs/astra_camera_msgs/srv/get_camera_params.h
[30.067s] -- Up-to-date: /home/jetson/yahboomcar_ws/install/yahboomcar_astra/include/astra_camera_msgs/astra_camera_msgs/srv/get_device_info.h
[30.067s] -- Up-to-date: /home/jetson/yahboomcar_ws/install/yahboomcar_astra/include/astra_camera_msgs/astra_camera_msgs/srv/get_camera_info.h
[30.068s] -- Up-to-date: /home/jetson/yahboomcar_ws/install/yahboomcar_astra/include/astra_camera_msgs/astra_camera_msgs/srv/detail
[30.068s] -- Up-to-date: /home/jetson/yahboomcar_ws/install/yahboomcar_astra/include/astra_camera_msgs/astra_camera_msgs/srv/detail/get_camera_info__functions.c
[30.068s] -- Up-to-date: /home/jetson/yahboomcar_ws/install/yahboomcar_astra/include/astra_camera_msgs/astra_camera_msgs/srv/detail/get_camera_params__struct.h
[30.068s] -- Up-to-date: /home/jetson/yahboomcar_ws/install/yahboomcar_astra/include/astra_camera_msgs/astra_camera_msgs/srv/detail/set_int32__type_support.h
[30.068s] -- Up-to-date: /home/jetson/yahboomcar_ws/install/yahboomcar_astra/include/astra_camera_msgs/astra_camera_msgs/srv/detail/get_int32__functions.h
[30.068s] -- Up-to-date: /home/jetson/yahboomcar_ws/install/yahboomcar_astra/include/astra_camera_msgs/astra_camera_msgs/srv/detail/get_device_info__struct.h
[30.069s] -- Up-to-date: /home/jetson/yahboomcar_ws/install/yahboomcar_astra/include/astra_camera_msgs/astra_camera_msgs/srv/detail/get_device_info__type_support.h
[30.069s] -- Up-to-date: /home/jetson/yahboomcar_ws/install/yahboomcar_astra/include/astra_camera_msgs/astra_camera_msgs/srv/detail/set_int32__functions.c
[30.069s] -- Up-to-date: /home/jetson/yahboomcar_ws/install/yahboomcar_astra/include/astra_camera_msgs/astra_camera_msgs/srv/detail/get_camera_params__functions.c
[30.069s] -- Up-to-date: /home/jetson/yahboomcar_ws/install/yahboomcar_astra/include/astra_camera_msgs/astra_camera_msgs/srv/detail/get_device_info__functions.c
[30.069s] -- Up-to-date: /home/jetson/yahboomcar_ws/install/yahboomcar_astra/include/astra_camera_msgs/astra_camera_msgs/srv/detail/get_camera_params__type_support.h
[30.069s] -- Up-to-date: /home/jetson/yahboomcar_ws/install/yahboomcar_astra/include/astra_camera_msgs/astra_camera_msgs/srv/detail/get_int32__struct.h
[30.069s] -- Up-to-date: /home/jetson/yahboomcar_ws/install/yahboomcar_astra/include/astra_camera_msgs/astra_camera_msgs/srv/detail/set_int32__struct.h
[30.070s] -- Up-to-date: /home/jetson/yahboomcar_ws/install/yahboomcar_astra/include/astra_camera_msgs/astra_camera_msgs/srv/detail/get_camera_params__functions.h
[30.070s] -- Up-to-date: /home/jetson/yahboomcar_ws/install/yahboomcar_astra/include/astra_camera_msgs/astra_camera_msgs/srv/detail/set_int32__functions.h
[30.070s] -- Up-to-date: /home/jetson/yahboomcar_ws/install/yahboomcar_astra/include/astra_camera_msgs/astra_camera_msgs/srv/detail/get_device_info__functions.h
[30.070s] -- Up-to-date: /home/jetson/yahboomcar_ws/install/yahboomcar_astra/include/astra_camera_msgs/astra_camera_msgs/srv/detail/get_string__struct.h
[30.070s] -- Up-to-date: /home/jetson/yahboomcar_ws/install/yahboomcar_astra/include/astra_camera_msgs/astra_camera_msgs/srv/detail/get_string__type_support.h
[30.071s] -- Up-to-date: /home/jetson/yahboomcar_ws/install/yahboomcar_astra/include/astra_camera_msgs/astra_camera_msgs/srv/detail/get_string__functions.c
[30.071s] -- Up-to-date: /home/jetson/yahboomcar_ws/install/yahboomcar_astra/include/astra_camera_msgs/astra_camera_msgs/srv/detail/get_int32__type_support.h
[30.072s] -- Up-to-date: /home/jetson/yahboomcar_ws/install/yahboomcar_astra/include/astra_camera_msgs/astra_camera_msgs/srv/detail/get_int32__functions.c
[30.072s] -- Up-to-date: /home/jetson/yahboomcar_ws/install/yahboomcar_astra/include/astra_camera_msgs/astra_camera_msgs/srv/detail/get_camera_info__struct.h
[30.072s] -- Up-to-date: /home/jetson/yahboomcar_ws/install/yahboomcar_astra/include/astra_camera_msgs/astra_camera_msgs/srv/detail/get_string__functions.h
[30.072s] -- Up-to-date: /home/jetson/yahboomcar_ws/install/yahboomcar_astra/include/astra_camera_msgs/astra_camera_msgs/srv/detail/get_camera_info__functions.h
[30.072s] -- Up-to-date: /home/jetson/yahboomcar_ws/install/yahboomcar_astra/include/astra_camera_msgs/astra_camera_msgs/srv/detail/get_camera_info__type_support.h
[30.072s] -- Up-to-date: /home/jetson/yahboomcar_ws/install/yahboomcar_astra/include/astra_camera_msgs/astra_camera_msgs/srv/get_int32.h
[30.072s] -- Up-to-date: /home/jetson/yahboomcar_ws/install/yahboomcar_astra/include/astra_camera_msgs/astra_camera_msgs/srv/set_int32.h
[30.072s] -- Up-to-date: /home/jetson/yahboomcar_ws/install/yahboomcar_astra/share/astra_camera_msgs/environment/library_path.sh
[30.073s] -- Up-to-date: /home/jetson/yahboomcar_ws/install/yahboomcar_astra/share/astra_camera_msgs/environment/library_path.dsv
[30.073s] -- Up-to-date: /home/jetson/yahboomcar_ws/install/yahboomcar_astra/lib/libastra_camera_msgs__rosidl_generator_c.so
[30.073s] -- Up-to-date: /home/jetson/yahboomcar_ws/install/yahboomcar_astra/include/astra_camera_msgs/astra_camera_msgs
[30.073s] -- Up-to-date: /home/jetson/yahboomcar_ws/install/yahboomcar_astra/include/astra_camera_msgs/astra_camera_msgs/msg
[30.074s] -- Up-to-date: /home/jetson/yahboomcar_ws/install/yahboomcar_astra/include/astra_camera_msgs/astra_camera_msgs/msg/detail
[30.074s] -- Up-to-date: /home/jetson/yahboomcar_ws/install/yahboomcar_astra/include/astra_camera_msgs/astra_camera_msgs/msg/detail/metadata__rosidl_typesupport_fastrtps_c.h
[30.074s] -- Up-to-date: /home/jetson/yahboomcar_ws/install/yahboomcar_astra/include/astra_camera_msgs/astra_camera_msgs/msg/detail/extrinsics__rosidl_typesupport_fastrtps_c.h
[30.074s] -- Up-to-date: /home/jetson/yahboomcar_ws/install/yahboomcar_astra/include/astra_camera_msgs/astra_camera_msgs/msg/detail/device_info__rosidl_typesupport_fastrtps_c.h
[30.074s] -- Up-to-date: /home/jetson/yahboomcar_ws/install/yahboomcar_astra/include/astra_camera_msgs/astra_camera_msgs/msg/rosidl_typesupport_fastrtps_c__visibility_control.h
[30.074s] -- Up-to-date: /home/jetson/yahboomcar_ws/install/yahboomcar_astra/include/astra_camera_msgs/astra_camera_msgs/srv
[30.074s] -- Up-to-date: /home/jetson/yahboomcar_ws/install/yahboomcar_astra/include/astra_camera_msgs/astra_camera_msgs/srv/detail
[30.074s] -- Up-to-date: /home/jetson/yahboomcar_ws/install/yahboomcar_astra/include/astra_camera_msgs/astra_camera_msgs/srv/detail/get_string__rosidl_typesupport_fastrtps_c.h
[30.074s] -- Up-to-date: /home/jetson/yahboomcar_ws/install/yahboomcar_astra/include/astra_camera_msgs/astra_camera_msgs/srv/detail/set_int32__rosidl_typesupport_fastrtps_c.h
[30.075s] -- Up-to-date: /home/jetson/yahboomcar_ws/install/yahboomcar_astra/include/astra_camera_msgs/astra_camera_msgs/srv/detail/get_camera_info__rosidl_typesupport_fastrtps_c.h
[30.075s] -- Up-to-date: /home/jetson/yahboomcar_ws/install/yahboomcar_astra/include/astra_camera_msgs/astra_camera_msgs/srv/detail/get_int32__rosidl_typesupport_fastrtps_c.h
[30.075s] -- Up-to-date: /home/jetson/yahboomcar_ws/install/yahboomcar_astra/include/astra_camera_msgs/astra_camera_msgs/srv/detail/get_device_info__rosidl_typesupport_fastrtps_c.h
[30.075s] -- Up-to-date: /home/jetson/yahboomcar_ws/install/yahboomcar_astra/include/astra_camera_msgs/astra_camera_msgs/srv/detail/get_camera_params__rosidl_typesupport_fastrtps_c.h
[30.075s] -- Up-to-date: /home/jetson/yahboomcar_ws/install/yahboomcar_astra/lib/libastra_camera_msgs__rosidl_typesupport_fastrtps_c.so
[30.075s] -- Up-to-date: /home/jetson/yahboomcar_ws/install/yahboomcar_astra/include/astra_camera_msgs/astra_camera_msgs
[30.075s] -- Up-to-date: /home/jetson/yahboomcar_ws/install/yahboomcar_astra/include/astra_camera_msgs/astra_camera_msgs/msg
[30.075s] -- Up-to-date: /home/jetson/yahboomcar_ws/install/yahboomcar_astra/include/astra_camera_msgs/astra_camera_msgs/msg/rosidl_typesupport_introspection_c__visibility_control.h
[30.078s] -- Up-to-date: /home/jetson/yahboomcar_ws/install/yahboomcar_astra/include/astra_camera_msgs/astra_camera_msgs/msg/detail
[30.078s] -- Up-to-date: /home/jetson/yahboomcar_ws/install/yahboomcar_astra/include/astra_camera_msgs/astra_camera_msgs/msg/detail/extrinsics__rosidl_typesupport_introspection_c.h
[30.078s] -- Up-to-date: /home/jetson/yahboomcar_ws/install/yahboomcar_astra/include/astra_camera_msgs/astra_camera_msgs/msg/detail/metadata__rosidl_typesupport_introspection_c.h
[30.078s] -- Up-to-date: /home/jetson/yahboomcar_ws/install/yahboomcar_astra/include/astra_camera_msgs/astra_camera_msgs/msg/detail/metadata__type_support.c
[30.078s] -- Up-to-date: /home/jetson/yahboomcar_ws/install/yahboomcar_astra/include/astra_camera_msgs/astra_camera_msgs/msg/detail/extrinsics__type_support.c
[30.078s] -- Up-to-date: /home/jetson/yahboomcar_ws/install/yahboomcar_astra/include/astra_camera_msgs/astra_camera_msgs/msg/detail/device_info__type_support.c
[30.079s] -- Up-to-date: /home/jetson/yahboomcar_ws/install/yahboomcar_astra/include/astra_camera_msgs/astra_camera_msgs/msg/detail/device_info__rosidl_typesupport_introspection_c.h
[30.079s] -- Up-to-date: /home/jetson/yahboomcar_ws/install/yahboomcar_astra/include/astra_camera_msgs/astra_camera_msgs/srv
[30.079s] -- Up-to-date: /home/jetson/yahboomcar_ws/install/yahboomcar_astra/include/astra_camera_msgs/astra_camera_msgs/srv/detail
[30.079s] -- Up-to-date: /home/jetson/yahboomcar_ws/install/yahboomcar_astra/include/astra_camera_msgs/astra_camera_msgs/srv/detail/get_camera_info__type_support.c
[30.079s] -- Up-to-date: /home/jetson/yahboomcar_ws/install/yahboomcar_astra/include/astra_camera_msgs/astra_camera_msgs/srv/detail/get_camera_params__type_support.c
[30.079s] -- Up-to-date: /home/jetson/yahboomcar_ws/install/yahboomcar_astra/include/astra_camera_msgs/astra_camera_msgs/srv/detail/get_int32__rosidl_typesupport_introspection_c.h
[30.079s] -- Up-to-date: /home/jetson/yahboomcar_ws/install/yahboomcar_astra/include/astra_camera_msgs/astra_camera_msgs/srv/detail/get_string__rosidl_typesupport_introspection_c.h
[30.079s] -- Up-to-date: /home/jetson/yahboomcar_ws/install/yahboomcar_astra/include/astra_camera_msgs/astra_camera_msgs/srv/detail/get_device_info__rosidl_typesupport_introspection_c.h
[30.080s] -- Up-to-date: /home/jetson/yahboomcar_ws/install/yahboomcar_astra/include/astra_camera_msgs/astra_camera_msgs/srv/detail/get_string__type_support.c
[30.080s] -- Up-to-date: /home/jetson/yahboomcar_ws/install/yahboomcar_astra/include/astra_camera_msgs/astra_camera_msgs/srv/detail/get_int32__type_support.c
[30.080s] -- Up-to-date: /home/jetson/yahboomcar_ws/install/yahboomcar_astra/include/astra_camera_msgs/astra_camera_msgs/srv/detail/get_device_info__type_support.c
[30.080s] -- Up-to-date: /home/jetson/yahboomcar_ws/install/yahboomcar_astra/include/astra_camera_msgs/astra_camera_msgs/srv/detail/set_int32__type_support.c
[30.080s] -- Up-to-date: /home/jetson/yahboomcar_ws/install/yahboomcar_astra/include/astra_camera_msgs/astra_camera_msgs/srv/detail/set_int32__rosidl_typesupport_introspection_c.h
[30.080s] -- Up-to-date: /home/jetson/yahboomcar_ws/install/yahboomcar_astra/include/astra_camera_msgs/astra_camera_msgs/srv/detail/get_camera_params__rosidl_typesupport_introspection_c.h
[30.080s] -- Up-to-date: /home/jetson/yahboomcar_ws/install/yahboomcar_astra/include/astra_camera_msgs/astra_camera_msgs/srv/detail/get_camera_info__rosidl_typesupport_introspection_c.h
[30.080s] -- Up-to-date: /home/jetson/yahboomcar_ws/install/yahboomcar_astra/lib/libastra_camera_msgs__rosidl_typesupport_introspection_c.so
[30.080s] -- Up-to-date: /home/jetson/yahboomcar_ws/install/yahboomcar_astra/lib/libastra_camera_msgs__rosidl_typesupport_c.so
[30.081s] -- Up-to-date: /home/jetson/yahboomcar_ws/install/yahboomcar_astra/include/astra_camera_msgs/astra_camera_msgs
[30.081s] -- Up-to-date: /home/jetson/yahboomcar_ws/install/yahboomcar_astra/include/astra_camera_msgs/astra_camera_msgs/msg
[30.081s] -- Up-to-date: /home/jetson/yahboomcar_ws/install/yahboomcar_astra/include/astra_camera_msgs/astra_camera_msgs/msg/extrinsics.hpp
[30.081s] -- Up-to-date: /home/jetson/yahboomcar_ws/install/yahboomcar_astra/include/astra_camera_msgs/astra_camera_msgs/msg/detail
[30.081s] -- Up-to-date: /home/jetson/yahboomcar_ws/install/yahboomcar_astra/include/astra_camera_msgs/astra_camera_msgs/msg/detail/extrinsics__struct.hpp
[30.081s] -- Up-to-date: /home/jetson/yahboomcar_ws/install/yahboomcar_astra/include/astra_camera_msgs/astra_camera_msgs/msg/detail/device_info__builder.hpp
[30.081s] -- Up-to-date: /home/jetson/yahboomcar_ws/install/yahboomcar_astra/include/astra_camera_msgs/astra_camera_msgs/msg/detail/device_info__struct.hpp
[30.081s] -- Up-to-date: /home/jetson/yahboomcar_ws/install/yahboomcar_astra/include/astra_camera_msgs/astra_camera_msgs/msg/detail/extrinsics__traits.hpp
[30.081s] -- Up-to-date: /home/jetson/yahboomcar_ws/install/yahboomcar_astra/include/astra_camera_msgs/astra_camera_msgs/msg/detail/extrinsics__builder.hpp
[30.082s] -- Up-to-date: /home/jetson/yahboomcar_ws/install/yahboomcar_astra/include/astra_camera_msgs/astra_camera_msgs/msg/detail/device_info__type_support.hpp
[30.082s] -- Up-to-date: /home/jetson/yahboomcar_ws/install/yahboomcar_astra/include/astra_camera_msgs/astra_camera_msgs/msg/detail/metadata__type_support.hpp
[30.082s] -- Up-to-date: /home/jetson/yahboomcar_ws/install/yahboomcar_astra/include/astra_camera_msgs/astra_camera_msgs/msg/detail/metadata__builder.hpp
[30.082s] -- Up-to-date: /home/jetson/yahboomcar_ws/install/yahboomcar_astra/include/astra_camera_msgs/astra_camera_msgs/msg/detail/metadata__traits.hpp
[30.082s] -- Up-to-date: /home/jetson/yahboomcar_ws/install/yahboomcar_astra/include/astra_camera_msgs/astra_camera_msgs/msg/detail/metadata__struct.hpp
[30.082s] -- Up-to-date: /home/jetson/yahboomcar_ws/install/yahboomcar_astra/include/astra_camera_msgs/astra_camera_msgs/msg/detail/device_info__traits.hpp
[30.082s] -- Up-to-date: /home/jetson/yahboomcar_ws/install/yahboomcar_astra/include/astra_camera_msgs/astra_camera_msgs/msg/detail/extrinsics__type_support.hpp
[30.082s] -- Up-to-date: /home/jetson/yahboomcar_ws/install/yahboomcar_astra/include/astra_camera_msgs/astra_camera_msgs/msg/metadata.hpp
[30.082s] -- Up-to-date: /home/jetson/yahboomcar_ws/install/yahboomcar_astra/include/astra_camera_msgs/astra_camera_msgs/msg/device_info.hpp
[30.083s] -- Up-to-date: /home/jetson/yahboomcar_ws/install/yahboomcar_astra/include/astra_camera_msgs/astra_camera_msgs/msg/rosidl_generator_cpp__visibility_control.hpp
[30.083s] -- Up-to-date: /home/jetson/yahboomcar_ws/install/yahboomcar_astra/include/astra_camera_msgs/astra_camera_msgs/srv
[30.083s] -- Up-to-date: /home/jetson/yahboomcar_ws/install/yahboomcar_astra/include/astra_camera_msgs/astra_camera_msgs/srv/get_int32.hpp
[30.083s] -- Up-to-date: /home/jetson/yahboomcar_ws/install/yahboomcar_astra/include/astra_camera_msgs/astra_camera_msgs/srv/set_int32.hpp
[30.083s] -- Up-to-date: /home/jetson/yahboomcar_ws/install/yahboomcar_astra/include/astra_camera_msgs/astra_camera_msgs/srv/get_camera_params.hpp
[30.083s] -- Up-to-date: /home/jetson/yahboomcar_ws/install/yahboomcar_astra/include/astra_camera_msgs/astra_camera_msgs/srv/detail
[30.083s] -- Up-to-date: /home/jetson/yahboomcar_ws/install/yahboomcar_astra/include/astra_camera_msgs/astra_camera_msgs/srv/detail/get_camera_params__type_support.hpp
[30.083s] -- Up-to-date: /home/jetson/yahboomcar_ws/install/yahboomcar_astra/include/astra_camera_msgs/astra_camera_msgs/srv/detail/get_int32__struct.hpp
[30.083s] -- Up-to-date: /home/jetson/yahboomcar_ws/install/yahboomcar_astra/include/astra_camera_msgs/astra_camera_msgs/srv/detail/get_camera_info__struct.hpp
[30.083s] -- Up-to-date: /home/jetson/yahboomcar_ws/install/yahboomcar_astra/include/astra_camera_msgs/astra_camera_msgs/srv/detail/get_string__struct.hpp
[30.084s] -- Up-to-date: /home/jetson/yahboomcar_ws/install/yahboomcar_astra/include/astra_camera_msgs/astra_camera_msgs/srv/detail/get_device_info__struct.hpp
[30.084s] -- Up-to-date: /home/jetson/yahboomcar_ws/install/yahboomcar_astra/include/astra_camera_msgs/astra_camera_msgs/srv/detail/get_camera_info__builder.hpp
[30.084s] -- Up-to-date: /home/jetson/yahboomcar_ws/install/yahboomcar_astra/include/astra_camera_msgs/astra_camera_msgs/srv/detail/get_int32__traits.hpp
[30.084s] -- Up-to-date: /home/jetson/yahboomcar_ws/install/yahboomcar_astra/include/astra_camera_msgs/astra_camera_msgs/srv/detail/get_string__type_support.hpp
[30.084s] -- Up-to-date: /home/jetson/yahboomcar_ws/install/yahboomcar_astra/include/astra_camera_msgs/astra_camera_msgs/srv/detail/get_string__traits.hpp
[30.084s] -- Up-to-date: /home/jetson/yahboomcar_ws/install/yahboomcar_astra/include/astra_camera_msgs/astra_camera_msgs/srv/detail/set_int32__struct.hpp
[30.084s] -- Up-to-date: /home/jetson/yahboomcar_ws/install/yahboomcar_astra/include/astra_camera_msgs/astra_camera_msgs/srv/detail/get_device_info__type_support.hpp
[30.084s] -- Up-to-date: /home/jetson/yahboomcar_ws/install/yahboomcar_astra/include/astra_camera_msgs/astra_camera_msgs/srv/detail/get_device_info__traits.hpp
[30.084s] -- Up-to-date: /home/jetson/yahboomcar_ws/install/yahboomcar_astra/include/astra_camera_msgs/astra_camera_msgs/srv/detail/get_int32__type_support.hpp
[30.085s] -- Up-to-date: /home/jetson/yahboomcar_ws/install/yahboomcar_astra/include/astra_camera_msgs/astra_camera_msgs/srv/detail/get_camera_info__traits.hpp
[30.085s] -- Up-to-date: /home/jetson/yahboomcar_ws/install/yahboomcar_astra/include/astra_camera_msgs/astra_camera_msgs/srv/detail/set_int32__builder.hpp
[30.085s] -- Up-to-date: /home/jetson/yahboomcar_ws/install/yahboomcar_astra/include/astra_camera_msgs/astra_camera_msgs/srv/detail/get_camera_params__builder.hpp
[30.085s] -- Up-to-date: /home/jetson/yahboomcar_ws/install/yahboomcar_astra/include/astra_camera_msgs/astra_camera_msgs/srv/detail/set_int32__traits.hpp
[30.085s] -- Up-to-date: /home/jetson/yahboomcar_ws/install/yahboomcar_astra/include/astra_camera_msgs/astra_camera_msgs/srv/detail/get_int32__builder.hpp
[30.085s] -- Up-to-date: /home/jetson/yahboomcar_ws/install/yahboomcar_astra/include/astra_camera_msgs/astra_camera_msgs/srv/detail/get_camera_info__type_support.hpp
[30.085s] -- Up-to-date: /home/jetson/yahboomcar_ws/install/yahboomcar_astra/include/astra_camera_msgs/astra_camera_msgs/srv/detail/get_camera_params__struct.hpp
[30.085s] -- Up-to-date: /home/jetson/yahboomcar_ws/install/yahboomcar_astra/include/astra_camera_msgs/astra_camera_msgs/srv/detail/set_int32__type_support.hpp
[30.085s] -- Up-to-date: /home/jetson/yahboomcar_ws/install/yahboomcar_astra/include/astra_camera_msgs/astra_camera_msgs/srv/detail/get_camera_params__traits.hpp
[30.086s] -- Up-to-date: /home/jetson/yahboomcar_ws/install/yahboomcar_astra/include/astra_camera_msgs/astra_camera_msgs/srv/detail/get_device_info__builder.hpp
[30.086s] -- Up-to-date: /home/jetson/yahboomcar_ws/install/yahboomcar_astra/include/astra_camera_msgs/astra_camera_msgs/srv/detail/get_string__builder.hpp
[30.086s] -- Up-to-date: /home/jetson/yahboomcar_ws/install/yahboomcar_astra/include/astra_camera_msgs/astra_camera_msgs/srv/get_string.hpp
[30.086s] -- Up-to-date: /home/jetson/yahboomcar_ws/install/yahboomcar_astra/include/astra_camera_msgs/astra_camera_msgs/srv/get_camera_info.hpp
[30.086s] -- Up-to-date: /home/jetson/yahboomcar_ws/install/yahboomcar_astra/include/astra_camera_msgs/astra_camera_msgs/srv/get_device_info.hpp
[30.086s] -- Up-to-date: /home/jetson/yahboomcar_ws/install/yahboomcar_astra/include/astra_camera_msgs/astra_camera_msgs
[30.086s] -- Up-to-date: /home/jetson/yahboomcar_ws/install/yahboomcar_astra/include/astra_camera_msgs/astra_camera_msgs/msg
[30.086s] -- Up-to-date: /home/jetson/yahboomcar_ws/install/yahboomcar_astra/include/astra_camera_msgs/astra_camera_msgs/msg/detail
[30.086s] -- Up-to-date: /home/jetson/yahboomcar_ws/install/yahboomcar_astra/include/astra_camera_msgs/astra_camera_msgs/msg/detail/metadata__rosidl_typesupport_fastrtps_cpp.hpp
[30.087s] -- Up-to-date: /home/jetson/yahboomcar_ws/install/yahboomcar_astra/include/astra_camera_msgs/astra_camera_msgs/msg/detail/device_info__rosidl_typesupport_fastrtps_cpp.hpp
[30.087s] -- Up-to-date: /home/jetson/yahboomcar_ws/install/yahboomcar_astra/include/astra_camera_msgs/astra_camera_msgs/msg/detail/dds_fastrtps
[30.087s] -- Up-to-date: /home/jetson/yahboomcar_ws/install/yahboomcar_astra/include/astra_camera_msgs/astra_camera_msgs/msg/detail/extrinsics__rosidl_typesupport_fastrtps_cpp.hpp
[30.087s] -- Up-to-date: /home/jetson/yahboomcar_ws/install/yahboomcar_astra/include/astra_camera_msgs/astra_camera_msgs/msg/rosidl_typesupport_fastrtps_cpp__visibility_control.h
[30.087s] -- Up-to-date: /home/jetson/yahboomcar_ws/install/yahboomcar_astra/include/astra_camera_msgs/astra_camera_msgs/srv
[30.087s] -- Up-to-date: /home/jetson/yahboomcar_ws/install/yahboomcar_astra/include/astra_camera_msgs/astra_camera_msgs/srv/detail
[30.087s] -- Up-to-date: /home/jetson/yahboomcar_ws/install/yahboomcar_astra/include/astra_camera_msgs/astra_camera_msgs/srv/detail/get_string__rosidl_typesupport_fastrtps_cpp.hpp
[30.087s] -- Up-to-date: /home/jetson/yahboomcar_ws/install/yahboomcar_astra/include/astra_camera_msgs/astra_camera_msgs/srv/detail/set_int32__rosidl_typesupport_fastrtps_cpp.hpp
[30.087s] -- Up-to-date: /home/jetson/yahboomcar_ws/install/yahboomcar_astra/include/astra_camera_msgs/astra_camera_msgs/srv/detail/get_camera_info__rosidl_typesupport_fastrtps_cpp.hpp
[30.088s] -- Up-to-date: /home/jetson/yahboomcar_ws/install/yahboomcar_astra/include/astra_camera_msgs/astra_camera_msgs/srv/detail/get_int32__rosidl_typesupport_fastrtps_cpp.hpp
[30.088s] -- Up-to-date: /home/jetson/yahboomcar_ws/install/yahboomcar_astra/include/astra_camera_msgs/astra_camera_msgs/srv/detail/get_device_info__rosidl_typesupport_fastrtps_cpp.hpp
[30.088s] -- Up-to-date: /home/jetson/yahboomcar_ws/install/yahboomcar_astra/include/astra_camera_msgs/astra_camera_msgs/srv/detail/get_camera_params__rosidl_typesupport_fastrtps_cpp.hpp
[30.088s] -- Up-to-date: /home/jetson/yahboomcar_ws/install/yahboomcar_astra/include/astra_camera_msgs/astra_camera_msgs/srv/detail/dds_fastrtps
[30.088s] -- Up-to-date: /home/jetson/yahboomcar_ws/install/yahboomcar_astra/lib/libastra_camera_msgs__rosidl_typesupport_fastrtps_cpp.so
[30.088s] -- Up-to-date: /home/jetson/yahboomcar_ws/install/yahboomcar_astra/include/astra_camera_msgs/astra_camera_msgs
[30.088s] -- Up-to-date: /home/jetson/yahboomcar_ws/install/yahboomcar_astra/include/astra_camera_msgs/astra_camera_msgs/msg
[30.088s] -- Up-to-date: /home/jetson/yahboomcar_ws/install/yahboomcar_astra/include/astra_camera_msgs/astra_camera_msgs/msg/detail
[30.088s] -- Up-to-date: /home/jetson/yahboomcar_ws/install/yahboomcar_astra/include/astra_camera_msgs/astra_camera_msgs/msg/detail/device_info__rosidl_typesupport_introspection_cpp.hpp
[30.089s] -- Up-to-date: /home/jetson/yahboomcar_ws/install/yahboomcar_astra/include/astra_camera_msgs/astra_camera_msgs/msg/detail/extrinsics__rosidl_typesupport_introspection_cpp.hpp
[30.089s] -- Up-to-date: /home/jetson/yahboomcar_ws/install/yahboomcar_astra/include/astra_camera_msgs/astra_camera_msgs/msg/detail/metadata__type_support.cpp
[30.089s] -- Up-to-date: /home/jetson/yahboomcar_ws/install/yahboomcar_astra/include/astra_camera_msgs/astra_camera_msgs/msg/detail/device_info__type_support.cpp
[30.089s] -- Up-to-date: /home/jetson/yahboomcar_ws/install/yahboomcar_astra/include/astra_camera_msgs/astra_camera_msgs/msg/detail/metadata__rosidl_typesupport_introspection_cpp.hpp
[30.089s] -- Up-to-date: /home/jetson/yahboomcar_ws/install/yahboomcar_astra/include/astra_camera_msgs/astra_camera_msgs/msg/detail/extrinsics__type_support.cpp
[30.089s] -- Up-to-date: /home/jetson/yahboomcar_ws/install/yahboomcar_astra/include/astra_camera_msgs/astra_camera_msgs/srv
[30.089s] -- Up-to-date: /home/jetson/yahboomcar_ws/install/yahboomcar_astra/include/astra_camera_msgs/astra_camera_msgs/srv/detail
[30.089s] -- Up-to-date: /home/jetson/yahboomcar_ws/install/yahboomcar_astra/include/astra_camera_msgs/astra_camera_msgs/srv/detail/get_camera_params__rosidl_typesupport_introspection_cpp.hpp
[30.089s] -- Up-to-date: /home/jetson/yahboomcar_ws/install/yahboomcar_astra/include/astra_camera_msgs/astra_camera_msgs/srv/detail/get_camera_info__type_support.cpp
[30.090s] -- Up-to-date: /home/jetson/yahboomcar_ws/install/yahboomcar_astra/include/astra_camera_msgs/astra_camera_msgs/srv/detail/set_int32__type_support.cpp
[30.090s] -- Up-to-date: /home/jetson/yahboomcar_ws/install/yahboomcar_astra/include/astra_camera_msgs/astra_camera_msgs/srv/detail/get_camera_params__type_support.cpp
[30.090s] -- Up-to-date: /home/jetson/yahboomcar_ws/install/yahboomcar_astra/include/astra_camera_msgs/astra_camera_msgs/srv/detail/get_device_info__rosidl_typesupport_introspection_cpp.hpp
[30.090s] -- Up-to-date: /home/jetson/yahboomcar_ws/install/yahboomcar_astra/include/astra_camera_msgs/astra_camera_msgs/srv/detail/get_int32__rosidl_typesupport_introspection_cpp.hpp
[30.090s] -- Up-to-date: /home/jetson/yahboomcar_ws/install/yahboomcar_astra/include/astra_camera_msgs/astra_camera_msgs/srv/detail/get_camera_info__rosidl_typesupport_introspection_cpp.hpp
[30.090s] -- Up-to-date: /home/jetson/yahboomcar_ws/install/yahboomcar_astra/include/astra_camera_msgs/astra_camera_msgs/srv/detail/set_int32__rosidl_typesupport_introspection_cpp.hpp
[30.090s] -- Up-to-date: /home/jetson/yahboomcar_ws/install/yahboomcar_astra/include/astra_camera_msgs/astra_camera_msgs/srv/detail/get_device_info__type_support.cpp
[30.090s] -- Up-to-date: /home/jetson/yahboomcar_ws/install/yahboomcar_astra/include/astra_camera_msgs/astra_camera_msgs/srv/detail/get_string__type_support.cpp
[30.091s] -- Up-to-date: /home/jetson/yahboomcar_ws/install/yahboomcar_astra/include/astra_camera_msgs/astra_camera_msgs/srv/detail/get_int32__type_support.cpp
[30.091s] -- Up-to-date: /home/jetson/yahboomcar_ws/install/yahboomcar_astra/include/astra_camera_msgs/astra_camera_msgs/srv/detail/get_string__rosidl_typesupport_introspection_cpp.hpp
[30.091s] -- Up-to-date: /home/jetson/yahboomcar_ws/install/yahboomcar_astra/lib/libastra_camera_msgs__rosidl_typesupport_introspection_cpp.so
[30.091s] -- Up-to-date: /home/jetson/yahboomcar_ws/install/yahboomcar_astra/lib/libastra_camera_msgs__rosidl_typesupport_cpp.so
[30.091s] -- Up-to-date: /home/jetson/yahboomcar_ws/install/yahboomcar_astra/share/astra_camera_msgs/environment/pythonpath.sh
[30.091s] -- Up-to-date: /home/jetson/yahboomcar_ws/install/yahboomcar_astra/share/astra_camera_msgs/environment/pythonpath.dsv
[30.091s] -- Up-to-date: /home/jetson/yahboomcar_ws/install/yahboomcar_astra/local/lib/python3.10/dist-packages/astra_camera_msgs-1.0.1-py3.10.egg-info
[30.091s] -- Installing: /home/jetson/yahboomcar_ws/install/yahboomcar_astra/local/lib/python3.10/dist-packages/astra_camera_msgs-1.0.1-py3.10.egg-info/dependency_links.txt
[30.091s] -- Installing: /home/jetson/yahboomcar_ws/install/yahboomcar_astra/local/lib/python3.10/dist-packages/astra_camera_msgs-1.0.1-py3.10.egg-info/top_level.txt
[30.092s] -- Installing: /home/jetson/yahboomcar_ws/install/yahboomcar_astra/local/lib/python3.10/dist-packages/astra_camera_msgs-1.0.1-py3.10.egg-info/SOURCES.txt
[30.092s] -- Installing: /home/jetson/yahboomcar_ws/install/yahboomcar_astra/local/lib/python3.10/dist-packages/astra_camera_msgs-1.0.1-py3.10.egg-info/PKG-INFO
[30.092s] -- Up-to-date: /home/jetson/yahboomcar_ws/install/yahboomcar_astra/local/lib/python3.10/dist-packages/astra_camera_msgs
[30.092s] -- Up-to-date: /home/jetson/yahboomcar_ws/install/yahboomcar_astra/local/lib/python3.10/dist-packages/astra_camera_msgs/msg
[30.092s] -- Up-to-date: /home/jetson/yahboomcar_ws/install/yahboomcar_astra/local/lib/python3.10/dist-packages/astra_camera_msgs/msg/_extrinsics.py
[30.092s] -- Up-to-date: /home/jetson/yahboomcar_ws/install/yahboomcar_astra/local/lib/python3.10/dist-packages/astra_camera_msgs/msg/_device_info.py
[30.092s] -- Up-to-date: /home/jetson/yahboomcar_ws/install/yahboomcar_astra/local/lib/python3.10/dist-packages/astra_camera_msgs/msg/__init__.py
[30.092s] -- Up-to-date: /home/jetson/yahboomcar_ws/install/yahboomcar_astra/local/lib/python3.10/dist-packages/astra_camera_msgs/msg/_metadata_s.c
[30.092s] -- Up-to-date: /home/jetson/yahboomcar_ws/install/yahboomcar_astra/local/lib/python3.10/dist-packages/astra_camera_msgs/msg/_device_info_s.c
[30.092s] -- Up-to-date: /home/jetson/yahboomcar_ws/install/yahboomcar_astra/local/lib/python3.10/dist-packages/astra_camera_msgs/msg/_metadata.py
[30.093s] -- Up-to-date: /home/jetson/yahboomcar_ws/install/yahboomcar_astra/local/lib/python3.10/dist-packages/astra_camera_msgs/msg/_extrinsics_s.c
[30.093s] -- Up-to-date: /home/jetson/yahboomcar_ws/install/yahboomcar_astra/local/lib/python3.10/dist-packages/astra_camera_msgs/__init__.py
[30.093s] -- Up-to-date: /home/jetson/yahboomcar_ws/install/yahboomcar_astra/local/lib/python3.10/dist-packages/astra_camera_msgs/srv
[30.093s] -- Up-to-date: /home/jetson/yahboomcar_ws/install/yahboomcar_astra/local/lib/python3.10/dist-packages/astra_camera_msgs/srv/_get_device_info_s.c
[30.093s] -- Up-to-date: /home/jetson/yahboomcar_ws/install/yahboomcar_astra/local/lib/python3.10/dist-packages/astra_camera_msgs/srv/_get_camera_info_s.c
[30.093s] -- Up-to-date: /home/jetson/yahboomcar_ws/install/yahboomcar_astra/local/lib/python3.10/dist-packages/astra_camera_msgs/srv/_get_int32_s.c
[30.093s] -- Up-to-date: /home/jetson/yahboomcar_ws/install/yahboomcar_astra/local/lib/python3.10/dist-packages/astra_camera_msgs/srv/_get_string.py
[30.093s] -- Up-to-date: /home/jetson/yahboomcar_ws/install/yahboomcar_astra/local/lib/python3.10/dist-packages/astra_camera_msgs/srv/_get_int32.py
[30.093s] -- Up-to-date: /home/jetson/yahboomcar_ws/install/yahboomcar_astra/local/lib/python3.10/dist-packages/astra_camera_msgs/srv/__init__.py
[30.094s] -- Up-to-date: /home/jetson/yahboomcar_ws/install/yahboomcar_astra/local/lib/python3.10/dist-packages/astra_camera_msgs/srv/_get_camera_params.py
[30.094s] -- Up-to-date: /home/jetson/yahboomcar_ws/install/yahboomcar_astra/local/lib/python3.10/dist-packages/astra_camera_msgs/srv/_get_camera_params_s.c
[30.094s] -- Up-to-date: /home/jetson/yahboomcar_ws/install/yahboomcar_astra/local/lib/python3.10/dist-packages/astra_camera_msgs/srv/_get_device_info.py
[30.094s] -- Up-to-date: /home/jetson/yahboomcar_ws/install/yahboomcar_astra/local/lib/python3.10/dist-packages/astra_camera_msgs/srv/_set_int32_s.c
[30.094s] -- Up-to-date: /home/jetson/yahboomcar_ws/install/yahboomcar_astra/local/lib/python3.10/dist-packages/astra_camera_msgs/srv/_get_camera_info.py
[30.094s] -- Up-to-date: /home/jetson/yahboomcar_ws/install/yahboomcar_astra/local/lib/python3.10/dist-packages/astra_camera_msgs/srv/_set_int32.py
[30.094s] -- Up-to-date: /home/jetson/yahboomcar_ws/install/yahboomcar_astra/local/lib/python3.10/dist-packages/astra_camera_msgs/srv/_get_string_s.c
[30.094s] -- Up-to-date: /home/jetson/yahboomcar_ws/install/yahboomcar_astra/local/lib/python3.10/dist-packages/astra_camera_msgs/libastra_camera_msgs__rosidl_generator_py.so
[30.095s] -- Up-to-date: /home/jetson/yahboomcar_ws/install/yahboomcar_astra/local/lib/python3.10/dist-packages/astra_camera_msgs/astra_camera_msgs_s__rosidl_typesupport_introspection_c.cpython-310-aarch64-linux-gnu.so
[30.095s] -- Up-to-date: /home/jetson/yahboomcar_ws/install/yahboomcar_astra/local/lib/python3.10/dist-packages/astra_camera_msgs/astra_camera_msgs_s__rosidl_typesupport_c.cpython-310-aarch64-linux-gnu.so
[30.095s] -- Up-to-date: /home/jetson/yahboomcar_ws/install/yahboomcar_astra/local/lib/python3.10/dist-packages/astra_camera_msgs/_astra_camera_msgs_s.ep.rosidl_typesupport_introspection_c.c
[30.095s] -- Up-to-date: /home/jetson/yahboomcar_ws/install/yahboomcar_astra/local/lib/python3.10/dist-packages/astra_camera_msgs/_astra_camera_msgs_s.ep.rosidl_typesupport_fastrtps_c.c
[30.095s] -- Up-to-date: /home/jetson/yahboomcar_ws/install/yahboomcar_astra/local/lib/python3.10/dist-packages/astra_camera_msgs/astra_camera_msgs_s__rosidl_typesupport_fastrtps_c.cpython-310-aarch64-linux-gnu.so
[30.095s] -- Up-to-date: /home/jetson/yahboomcar_ws/install/yahboomcar_astra/local/lib/python3.10/dist-packages/astra_camera_msgs/_astra_camera_msgs_s.ep.rosidl_typesupport_c.c
[30.156s] Listing '/home/jetson/yahboomcar_ws/install/yahboomcar_astra/local/lib/python3.10/dist-packages/astra_camera_msgs'...
[30.156s] Listing '/home/jetson/yahboomcar_ws/install/yahboomcar_astra/local/lib/python3.10/dist-packages/astra_camera_msgs/msg'...
[30.157s] Listing '/home/jetson/yahboomcar_ws/install/yahboomcar_astra/local/lib/python3.10/dist-packages/astra_camera_msgs/srv'...
[30.169s] -- Up-to-date: /home/jetson/yahboomcar_ws/install/yahboomcar_astra/local/lib/python3.10/dist-packages/astra_camera_msgs/astra_camera_msgs_s__rosidl_typesupport_fastrtps_c.cpython-310-aarch64-linux-gnu.so
[30.170s] -- Up-to-date: /home/jetson/yahboomcar_ws/install/yahboomcar_astra/local/lib/python3.10/dist-packages/astra_camera_msgs/astra_camera_msgs_s__rosidl_typesupport_introspection_c.cpython-310-aarch64-linux-gnu.so
[30.171s] -- Up-to-date: /home/jetson/yahboomcar_ws/install/yahboomcar_astra/local/lib/python3.10/dist-packages/astra_camera_msgs/astra_camera_msgs_s__rosidl_typesupport_c.cpython-310-aarch64-linux-gnu.so
[30.174s] -- Up-to-date: /home/jetson/yahboomcar_ws/install/yahboomcar_astra/lib/libastra_camera_msgs__rosidl_generator_py.so
[30.175s] -- Up-to-date: /home/jetson/yahboomcar_ws/install/yahboomcar_astra/share/astra_camera_msgs/msg/DeviceInfo.idl
[30.175s] -- Up-to-date: /home/jetson/yahboomcar_ws/install/yahboomcar_astra/share/astra_camera_msgs/msg/Extrinsics.idl
[30.176s] -- Up-to-date: /home/jetson/yahboomcar_ws/install/yahboomcar_astra/share/astra_camera_msgs/msg/Metadata.idl
[30.176s] -- Up-to-date: /home/jetson/yahboomcar_ws/install/yahboomcar_astra/share/astra_camera_msgs/srv/GetDeviceInfo.idl
[30.177s] -- Up-to-date: /home/jetson/yahboomcar_ws/install/yahboomcar_astra/share/astra_camera_msgs/srv/GetCameraInfo.idl
[30.178s] -- Up-to-date: /home/jetson/yahboomcar_ws/install/yahboomcar_astra/share/astra_camera_msgs/srv/GetCameraParams.idl
[30.178s] -- Up-to-date: /home/jetson/yahboomcar_ws/install/yahboomcar_astra/share/astra_camera_msgs/srv/GetInt32.idl
[30.178s] -- Up-to-date: /home/jetson/yahboomcar_ws/install/yahboomcar_astra/share/astra_camera_msgs/srv/GetString.idl
[30.178s] -- Up-to-date: /home/jetson/yahboomcar_ws/install/yahboomcar_astra/share/astra_camera_msgs/srv/SetInt32.idl
[30.179s] -- Up-to-date: /home/jetson/yahboomcar_ws/install/yahboomcar_astra/share/astra_camera_msgs/msg/DeviceInfo.msg
[30.179s] -- Up-to-date: /home/jetson/yahboomcar_ws/install/yahboomcar_astra/share/astra_camera_msgs/msg/Extrinsics.msg
[30.179s] -- Up-to-date: /home/jetson/yahboomcar_ws/install/yahboomcar_astra/share/astra_camera_msgs/msg/Metadata.msg
[30.179s] -- Up-to-date: /home/jetson/yahboomcar_ws/install/yahboomcar_astra/share/astra_camera_msgs/srv/GetDeviceInfo.srv
[30.180s] -- Up-to-date: /home/jetson/yahboomcar_ws/install/yahboomcar_astra/share/astra_camera_msgs/srv/GetDeviceInfo_Request.msg
[30.180s] -- Up-to-date: /home/jetson/yahboomcar_ws/install/yahboomcar_astra/share/astra_camera_msgs/srv/GetDeviceInfo_Response.msg
[30.180s] -- Up-to-date: /home/jetson/yahboomcar_ws/install/yahboomcar_astra/share/astra_camera_msgs/srv/GetCameraInfo.srv
[30.180s] -- Up-to-date: /home/jetson/yahboomcar_ws/install/yahboomcar_astra/share/astra_camera_msgs/srv/GetCameraInfo_Request.msg
[30.180s] -- Up-to-date: /home/jetson/yahboomcar_ws/install/yahboomcar_astra/share/astra_camera_msgs/srv/GetCameraInfo_Response.msg
[30.180s] -- Up-to-date: /home/jetson/yahboomcar_ws/install/yahboomcar_astra/share/astra_camera_msgs/srv/GetCameraParams.srv
[30.180s] -- Up-to-date: /home/jetson/yahboomcar_ws/install/yahboomcar_astra/share/astra_camera_msgs/srv/GetCameraParams_Request.msg
[30.181s] -- Up-to-date: /home/jetson/yahboomcar_ws/install/yahboomcar_astra/share/astra_camera_msgs/srv/GetCameraParams_Response.msg
[30.181s] -- Up-to-date: /home/jetson/yahboomcar_ws/install/yahboomcar_astra/share/astra_camera_msgs/srv/GetInt32.srv
[30.181s] -- Up-to-date: /home/jetson/yahboomcar_ws/install/yahboomcar_astra/share/astra_camera_msgs/srv/GetInt32_Request.msg
[30.181s] -- Up-to-date: /home/jetson/yahboomcar_ws/install/yahboomcar_astra/share/astra_camera_msgs/srv/GetInt32_Response.msg
[30.181s] -- Up-to-date: /home/jetson/yahboomcar_ws/install/yahboomcar_astra/share/astra_camera_msgs/srv/GetString.srv
[30.182s] -- Up-to-date: /home/jetson/yahboomcar_ws/install/yahboomcar_astra/share/astra_camera_msgs/srv/GetString_Request.msg
[30.182s] -- Up-to-date: /home/jetson/yahboomcar_ws/install/yahboomcar_astra/share/astra_camera_msgs/srv/GetString_Response.msg
[30.182s] -- Up-to-date: /home/jetson/yahboomcar_ws/install/yahboomcar_astra/share/astra_camera_msgs/srv/SetInt32.srv
[30.182s] -- Up-to-date: /home/jetson/yahboomcar_ws/install/yahboomcar_astra/share/astra_camera_msgs/srv/SetInt32_Request.msg
[30.183s] -- Up-to-date: /home/jetson/yahboomcar_ws/install/yahboomcar_astra/share/astra_camera_msgs/srv/SetInt32_Response.msg
[30.183s] -- Up-to-date: /home/jetson/yahboomcar_ws/install/yahboomcar_astra/share/ament_index/resource_index/package_run_dependencies/astra_camera_msgs
[30.183s] -- Up-to-date: /home/jetson/yahboomcar_ws/install/yahboomcar_astra/share/ament_index/resource_index/parent_prefix_path/astra_camera_msgs
[30.183s] -- Up-to-date: /home/jetson/yahboomcar_ws/install/yahboomcar_astra/share/astra_camera_msgs/environment/ament_prefix_path.sh
[30.184s] -- Up-to-date: /home/jetson/yahboomcar_ws/install/yahboomcar_astra/share/astra_camera_msgs/environment/ament_prefix_path.dsv
[30.184s] -- Up-to-date: /home/jetson/yahboomcar_ws/install/yahboomcar_astra/share/astra_camera_msgs/environment/path.sh
[30.185s] -- Up-to-date: /home/jetson/yahboomcar_ws/install/yahboomcar_astra/share/astra_camera_msgs/environment/path.dsv
[30.185s] -- Up-to-date: /home/jetson/yahboomcar_ws/install/yahboomcar_astra/share/astra_camera_msgs/local_setup.bash
[30.186s] -- Up-to-date: /home/jetson/yahboomcar_ws/install/yahboomcar_astra/share/astra_camera_msgs/local_setup.sh
[30.187s] -- Up-to-date: /home/jetson/yahboomcar_ws/install/yahboomcar_astra/share/astra_camera_msgs/local_setup.zsh
[30.187s] -- Up-to-date: /home/jetson/yahboomcar_ws/install/yahboomcar_astra/share/astra_camera_msgs/local_setup.dsv
[30.187s] -- Up-to-date: /home/jetson/yahboomcar_ws/install/yahboomcar_astra/share/astra_camera_msgs/package.dsv
[30.187s] -- Up-to-date: /home/jetson/yahboomcar_ws/install/yahboomcar_astra/share/ament_index/resource_index/packages/astra_camera_msgs
[30.188s] -- Up-to-date: /home/jetson/yahboomcar_ws/install/yahboomcar_astra/share/astra_camera_msgs/cmake/export_astra_camera_msgs__rosidl_generator_cExport.cmake
[30.189s] -- Up-to-date: /home/jetson/yahboomcar_ws/install/yahboomcar_astra/share/astra_camera_msgs/cmake/export_astra_camera_msgs__rosidl_generator_cExport-noconfig.cmake
[30.189s] -- Up-to-date: /home/jetson/yahboomcar_ws/install/yahboomcar_astra/share/astra_camera_msgs/cmake/export_astra_camera_msgs__rosidl_typesupport_fastrtps_cExport.cmake
[30.189s] -- Up-to-date: /home/jetson/yahboomcar_ws/install/yahboomcar_astra/share/astra_camera_msgs/cmake/export_astra_camera_msgs__rosidl_typesupport_fastrtps_cExport-noconfig.cmake
[30.190s] -- Up-to-date: /home/jetson/yahboomcar_ws/install/yahboomcar_astra/share/astra_camera_msgs/cmake/astra_camera_msgs__rosidl_typesupport_introspection_cExport.cmake
[30.191s] -- Up-to-date: /home/jetson/yahboomcar_ws/install/yahboomcar_astra/share/astra_camera_msgs/cmake/astra_camera_msgs__rosidl_typesupport_introspection_cExport-noconfig.cmake
[30.192s] -- Up-to-date: /home/jetson/yahboomcar_ws/install/yahboomcar_astra/share/astra_camera_msgs/cmake/astra_camera_msgs__rosidl_typesupport_cExport.cmake
[30.192s] -- Up-to-date: /home/jetson/yahboomcar_ws/install/yahboomcar_astra/share/astra_camera_msgs/cmake/astra_camera_msgs__rosidl_typesupport_cExport-noconfig.cmake
[30.192s] -- Up-to-date: /home/jetson/yahboomcar_ws/install/yahboomcar_astra/share/astra_camera_msgs/cmake/export_astra_camera_msgs__rosidl_generator_cppExport.cmake
[30.192s] -- Up-to-date: /home/jetson/yahboomcar_ws/install/yahboomcar_astra/share/astra_camera_msgs/cmake/export_astra_camera_msgs__rosidl_typesupport_fastrtps_cppExport.cmake
[30.192s] -- Up-to-date: /home/jetson/yahboomcar_ws/install/yahboomcar_astra/share/astra_camera_msgs/cmake/export_astra_camera_msgs__rosidl_typesupport_fastrtps_cppExport-noconfig.cmake
[30.192s] -- Up-to-date: /home/jetson/yahboomcar_ws/install/yahboomcar_astra/share/astra_camera_msgs/cmake/astra_camera_msgs__rosidl_typesupport_introspection_cppExport.cmake
[30.193s] -- Up-to-date: /home/jetson/yahboomcar_ws/install/yahboomcar_astra/share/astra_camera_msgs/cmake/astra_camera_msgs__rosidl_typesupport_introspection_cppExport-noconfig.cmake
[30.193s] -- Up-to-date: /home/jetson/yahboomcar_ws/install/yahboomcar_astra/share/astra_camera_msgs/cmake/astra_camera_msgs__rosidl_typesupport_cppExport.cmake
[30.193s] -- Up-to-date: /home/jetson/yahboomcar_ws/install/yahboomcar_astra/share/astra_camera_msgs/cmake/astra_camera_msgs__rosidl_typesupport_cppExport-noconfig.cmake
[30.194s] -- Up-to-date: /home/jetson/yahboomcar_ws/install/yahboomcar_astra/share/astra_camera_msgs/cmake/export_astra_camera_msgs__rosidl_generator_pyExport.cmake
[30.194s] -- Up-to-date: /home/jetson/yahboomcar_ws/install/yahboomcar_astra/share/astra_camera_msgs/cmake/export_astra_camera_msgs__rosidl_generator_pyExport-noconfig.cmake
[30.194s] -- Up-to-date: /home/jetson/yahboomcar_ws/install/yahboomcar_astra/share/astra_camera_msgs/cmake/rosidl_cmake-extras.cmake
[30.194s] -- Up-to-date: /home/jetson/yahboomcar_ws/install/yahboomcar_astra/share/astra_camera_msgs/cmake/ament_cmake_export_dependencies-extras.cmake
[30.195s] -- Up-to-date: /home/jetson/yahboomcar_ws/install/yahboomcar_astra/share/astra_camera_msgs/cmake/ament_cmake_export_include_directories-extras.cmake
[30.195s] -- Up-to-date: /home/jetson/yahboomcar_ws/install/yahboomcar_astra/share/astra_camera_msgs/cmake/ament_cmake_export_libraries-extras.cmake
[30.195s] -- Up-to-date: /home/jetson/yahboomcar_ws/install/yahboomcar_astra/share/astra_camera_msgs/cmake/ament_cmake_export_targets-extras.cmake
[30.195s] -- Up-to-date: /home/jetson/yahboomcar_ws/install/yahboomcar_astra/share/astra_camera_msgs/cmake/rosidl_cmake_export_typesupport_targets-extras.cmake
[30.195s] -- Up-to-date: /home/jetson/yahboomcar_ws/install/yahboomcar_astra/share/astra_camera_msgs/cmake/rosidl_cmake_export_typesupport_libraries-extras.cmake
[30.196s] -- Up-to-date: /home/jetson/yahboomcar_ws/install/yahboomcar_astra/share/astra_camera_msgs/cmake/astra_camera_msgsConfig.cmake
[30.196s] -- Up-to-date: /home/jetson/yahboomcar_ws/install/yahboomcar_astra/share/astra_camera_msgs/cmake/astra_camera_msgsConfig-version.cmake
[30.196s] -- Up-to-date: /home/jetson/yahboomcar_ws/install/yahboomcar_astra/share/astra_camera_msgs/package.xml
[30.199s] Invoked command in '/home/jetson/yahboomcar_ws/build/yahboomcar_astra' returned '0': CMAKE_PREFIX_PATH=/home/jetson/yahboomcar_ws/install/yahboomcar_ctrl:/home/jetson/yahboomcar_ws/install/yahboomcar_bringup:/home/jetson/yahboomcar_ws/install/yahboomcar_msgs:/home/jetson/yahboomcar_ws/install/yahboomcar_description:/home/jetson/yahboomcar_ws/install/yahboomcar_astra:/home/jetson/yahboomcar_ros2_ws/software/library_ws/install/ydlidar_ros2_driver:/home/jetson/yahboomcar_ros2_ws/software/library_ws/install/web_video_server:/home/jetson/yahboomcar_ros2_ws/software/library_ws/install/teb_local_planner:/home/jetson/yahboomcar_ros2_ws/software/library_ws/install/teb_msgs:/home/jetson/yahboomcar_ros2_ws/software/library_ws/install/sllidar_ros2:/home/jetson/yahboomcar_ros2_ws/software/library_ws/install/slam_gmapping:/home/jetson/yahboomcar_ros2_ws/software/library_ws/install/robot_localization:/home/jetson/yahboomcar_ros2_ws/software/library_ws/install/openslam_gmapping:/home/jetson/yahboomcar_ros2_ws/software/library_ws/install/costmap_converter:/home/jetson/yahboomcar_ros2_ws/software/library_ws/install/costmap_converter_msgs:/home/jetson/yahboomcar_ros2_ws/software/library_ws/install/astra_camera:/home/jetson/yahboomcar_ros2_ws/software/library_ws/install/astra_camera_msgs:/opt/ros/humble LD_LIBRARY_PATH=/home/jetson/yahboomcar_ws/install/yahboomcar_msgs/lib:/home/jetson/yahboomcar_ws/install/yahboomcar_astra/lib:/usr/local/lib:/usr/local/cuda-12.6/lib64:/home/jetson/yahboomcar_ros2_ws/software/library_ws/install/teb_local_planner/lib:/home/jetson/yahboomcar_ros2_ws/software/library_ws/install/teb_msgs/lib:/home/jetson/yahboomcar_ros2_ws/software/library_ws/install/robot_localization/lib:/home/jetson/yahboomcar_ros2_ws/software/library_ws/install/openslam_gmapping/lib:/home/jetson/yahboomcar_ros2_ws/software/library_ws/install/costmap_converter/lib:/home/jetson/yahboomcar_ros2_ws/software/library_ws/install/costmap_converter_msgs/lib:/home/jetson/yahboomcar_ros2_ws/software/library_ws/install/astra_camera/lib:/home/jetson/yahboomcar_ros2_ws/software/library_ws/install/astra_camera_msgs/lib:/opt/ros/humble/opt/rviz_ogre_vendor/lib:/opt/ros/humble/lib/aarch64-linux-gnu:/opt/ros/humble/lib:/usr/local/lib:/usr/local/cuda-12.6/lib64 /usr/bin/cmake --install /home/jetson/yahboomcar_ws/build/yahboomcar_astra
