[0.026s] Invoking command in '/home/jetson/yahboomcar_ws/build/yahboomcar_laser': CMAKE_PREFIX_PATH=${CMAKE_PREFIX_PATH}:/opt/ros/humble /usr/bin/cmake /home/jetson/yahboomcar_ws/src/yahboomcar_laser -DCMAKE_INSTALL_PREFIX=/home/jetson/yahboomcar_ws/install/yahboomcar_laser
[0.396s] -- The C compiler identification is GNU 11.4.0
[0.555s] -- The CXX compiler identification is GNU 11.4.0
[0.579s] -- Detecting C compiler ABI info
[0.762s] -- Detecting C compiler ABI info - done
[0.775s] -- Check for working C compiler: /usr/bin/cc - skipped
[0.776s] -- Detecting C compile features
[0.776s] -- Detecting C compile features - done
[0.783s] -- Detecting CXX compiler ABI info
[1.028s] -- Detecting CXX compiler ABI info - done
[1.048s] -- Check for working CXX compiler: /usr/bin/c++ - skipped
[1.049s] -- Detecting CXX compile features
[1.050s] -- Detecting CXX compile features - done
[1.071s] -- Found ament_cmake: 1.3.11 (/opt/ros/humble/share/ament_cmake/cmake)
[2.094s] -- Found Python3: /usr/bin/python3 (found version "3.10.12") found components: Interpreter 
[2.360s] -- Found rclcpp: 16.0.12 (/opt/ros/humble/share/rclcpp/cmake)
[2.488s] -- Found rosidl_generator_c: 3.1.6 (/opt/ros/humble/share/rosidl_generator_c/cmake)
[2.505s] -- Found rosidl_adapter: 3.1.6 (/opt/ros/humble/share/rosidl_adapter/cmake)
[2.531s] -- Found rosidl_generator_cpp: 3.1.6 (/opt/ros/humble/share/rosidl_generator_cpp/cmake)
[2.573s] -- Using all available rosidl_typesupport_c: rosidl_typesupport_fastrtps_c;rosidl_typesupport_introspection_c
[2.622s] -- Using all available rosidl_typesupport_cpp: rosidl_typesupport_fastrtps_cpp;rosidl_typesupport_introspection_cpp
[2.753s] -- Found rmw_implementation_cmake: 6.1.2 (/opt/ros/humble/share/rmw_implementation_cmake/cmake)
[2.760s] -- Found rmw_fastrtps_cpp: 6.2.7 (/opt/ros/humble/share/rmw_fastrtps_cpp/cmake)
[3.028s] -- Found OpenSSL: /usr/lib/aarch64-linux-gnu/libcrypto.so (found version "3.0.2")  
[3.096s] -- Found FastRTPS: /opt/ros/humble/include  
[3.190s] -- Using RMW implementation 'rmw_fastrtps_cpp' as default
[3.220s] -- Looking for pthread.h
[3.411s] -- Looking for pthread.h - found
[3.411s] -- Performing Test CMAKE_HAVE_LIBC_PTHREAD
[3.609s] -- Performing Test CMAKE_HAVE_LIBC_PTHREAD - Success
[3.611s] -- Found Threads: TRUE  
[3.765s] -- Found rclpy: 3.3.16 (/opt/ros/humble/share/rclpy/cmake)
[3.771s] -- Found sensor_msgs: 4.8.0 (/opt/ros/humble/share/sensor_msgs/cmake)
[3.856s] -- Found tf2: 0.25.12 (/opt/ros/humble/share/tf2/cmake)
[3.886s] -- Found tf2_ros: 0.25.12 (/opt/ros/humble/share/tf2_ros/cmake)
[4.132s] -- Found ydlidar_ros2_driver: 1.0.1 (/home/jetson/yahboomcar_ros2_ws/software/library_ws/install/ydlidar_ros2_driver/share/ydlidar_ros2_driver/cmake)
[4.138s] -- Found ament_lint_auto: 0.12.12 (/opt/ros/humble/share/ament_lint_auto/cmake)
[4.395s] -- Added test 'copyright' to check source files copyright and LICENSE
[4.414s] -- Added test 'cppcheck' to perform static code analysis on C / C++ code
[4.414s] -- Configured cppcheck include dirs: 
[4.414s] -- Configured cppcheck exclude dirs and/or files: 
[4.440s] -- Added test 'cpplint' to check C / C++ code against the Google style
[4.440s] -- Configured cpplint exclude dirs and/or files: 
[4.449s] -- Added test 'flake8' to check Python code syntax and style conventions
[4.457s] -- Added test 'lint_cmake' to check CMake code style
[4.462s] -- Added test 'pep257' to check Python code against some of the docstring style conventions in PEP 257
[4.484s] -- Added test 'uncrustify' to check C / C++ code style
[4.484s] -- Configured uncrustify additional arguments: 
[4.488s] -- Added test 'xmllint' to check XML markup files
[4.493s] -- Configuring done
[4.510s] -- Generating done
[4.517s] -- Build files have been written to: /home/jetson/yahboomcar_ws/build/yahboomcar_laser
[4.563s] Invoked command in '/home/jetson/yahboomcar_ws/build/yahboomcar_laser' returned '0': CMAKE_PREFIX_PATH=${CMAKE_PREFIX_PATH}:/opt/ros/humble /usr/bin/cmake /home/jetson/yahboomcar_ws/src/yahboomcar_laser -DCMAKE_INSTALL_PREFIX=/home/jetson/yahboomcar_ws/install/yahboomcar_laser
[4.564s] Invoking command in '/home/jetson/yahboomcar_ws/build/yahboomcar_laser': CMAKE_PREFIX_PATH=${CMAKE_PREFIX_PATH}:/opt/ros/humble /usr/bin/cmake --build /home/jetson/yahboomcar_ws/build/yahboomcar_laser -- -j6 -l6
[4.678s] Invoked command in '/home/jetson/yahboomcar_ws/build/yahboomcar_laser' returned '0': CMAKE_PREFIX_PATH=${CMAKE_PREFIX_PATH}:/opt/ros/humble /usr/bin/cmake --build /home/jetson/yahboomcar_ws/build/yahboomcar_laser -- -j6 -l6
[4.707s] Invoking command in '/home/jetson/yahboomcar_ws/build/yahboomcar_laser': CMAKE_PREFIX_PATH=${CMAKE_PREFIX_PATH}:/opt/ros/humble /usr/bin/cmake --install /home/jetson/yahboomcar_ws/build/yahboomcar_laser
[4.724s] -- Install configuration: ""
[4.724s] -- Installing: /home/jetson/yahboomcar_ws/install/yahboomcar_laser/lib/yahboomcar_laser/laser_Avoidance.py
[4.726s] -- Installing: /home/jetson/yahboomcar_ws/install/yahboomcar_laser/lib/yahboomcar_laser/laser_Tracker.py
[4.728s] -- Installing: /home/jetson/yahboomcar_ws/install/yahboomcar_laser/lib/yahboomcar_laser/laser_Warning.py
[4.730s] -- Installing: /home/jetson/yahboomcar_ws/install/yahboomcar_laser/lib/yahboomcar_laser/common.py
[4.731s] -- Installing: /home/jetson/yahboomcar_ws/install/yahboomcar_laser/share/yahboomcar_laser/launch
[4.732s] -- Installing: /home/jetson/yahboomcar_ws/install/yahboomcar_laser/share/yahboomcar_laser/launch/lidar.launch.py
[4.734s] -- Installing: /home/jetson/yahboomcar_ws/install/yahboomcar_laser/share/yahboomcar_laser/launch/base_rplidar.launch
[4.736s] -- Installing: /home/jetson/yahboomcar_ws/install/yahboomcar_laser/share/yahboomcar_laser/launch/laser_Tracker.launch
[4.738s] -- Installing: /home/jetson/yahboomcar_ws/install/yahboomcar_laser/share/yahboomcar_laser/launch/laser_Avoidance.launch
[4.740s] -- Installing: /home/jetson/yahboomcar_ws/install/yahboomcar_laser/share/yahboomcar_laser/launch/laser_Warning.launch
[4.741s] -- Installing: /home/jetson/yahboomcar_ws/install/yahboomcar_laser/share/yahboomcar_laser/launch/base.launch
[4.742s] -- Installing: /home/jetson/yahboomcar_ws/install/yahboomcar_laser/share/yahboomcar_laser/cfg
[4.742s] -- Installing: /home/jetson/yahboomcar_ws/install/yahboomcar_laser/share/yahboomcar_laser/cfg/laserTrackerPID.cfg
[4.743s] -- Installing: /home/jetson/yahboomcar_ws/install/yahboomcar_laser/share/yahboomcar_laser/cfg/.ipynb_checkpoints
[4.743s] -- Installing: /home/jetson/yahboomcar_ws/install/yahboomcar_laser/share/yahboomcar_laser/cfg/.ipynb_checkpoints/laserTrackerPID-checkpoint.cfg
[4.744s] -- Installing: /home/jetson/yahboomcar_ws/install/yahboomcar_laser/share/yahboomcar_laser/cfg/.ipynb_checkpoints/laserWarningPID-checkpoint.cfg
[4.745s] -- Installing: /home/jetson/yahboomcar_ws/install/yahboomcar_laser/share/yahboomcar_laser/cfg/.ipynb_checkpoints/laserAvoidancePID-checkpoint.cfg
[4.745s] -- Installing: /home/jetson/yahboomcar_ws/install/yahboomcar_laser/share/yahboomcar_laser/cfg/laserAvoidancePID.cfg
[4.746s] -- Installing: /home/jetson/yahboomcar_ws/install/yahboomcar_laser/share/yahboomcar_laser/cfg/laserWarningPID.cfg
[4.747s] -- Installing: /home/jetson/yahboomcar_ws/install/yahboomcar_laser/share/ament_index/resource_index/package_run_dependencies/yahboomcar_laser
[4.748s] -- Installing: /home/jetson/yahboomcar_ws/install/yahboomcar_laser/share/ament_index/resource_index/parent_prefix_path/yahboomcar_laser
[4.748s] -- Installing: /home/jetson/yahboomcar_ws/install/yahboomcar_laser/share/yahboomcar_laser/environment/ament_prefix_path.sh
[4.749s] -- Installing: /home/jetson/yahboomcar_ws/install/yahboomcar_laser/share/yahboomcar_laser/environment/ament_prefix_path.dsv
[4.749s] -- Installing: /home/jetson/yahboomcar_ws/install/yahboomcar_laser/share/yahboomcar_laser/environment/path.sh
[4.750s] -- Installing: /home/jetson/yahboomcar_ws/install/yahboomcar_laser/share/yahboomcar_laser/environment/path.dsv
[4.751s] -- Installing: /home/jetson/yahboomcar_ws/install/yahboomcar_laser/share/yahboomcar_laser/local_setup.bash
[4.752s] -- Installing: /home/jetson/yahboomcar_ws/install/yahboomcar_laser/share/yahboomcar_laser/local_setup.sh
[4.752s] -- Installing: /home/jetson/yahboomcar_ws/install/yahboomcar_laser/share/yahboomcar_laser/local_setup.zsh
[4.753s] -- Installing: /home/jetson/yahboomcar_ws/install/yahboomcar_laser/share/yahboomcar_laser/local_setup.dsv
[4.753s] -- Installing: /home/jetson/yahboomcar_ws/install/yahboomcar_laser/share/yahboomcar_laser/package.dsv
[4.754s] -- Installing: /home/jetson/yahboomcar_ws/install/yahboomcar_laser/share/ament_index/resource_index/packages/yahboomcar_laser
[4.755s] -- Installing: /home/jetson/yahboomcar_ws/install/yahboomcar_laser/share/yahboomcar_laser/cmake/yahboomcar_laserConfig.cmake
[4.755s] -- Installing: /home/jetson/yahboomcar_ws/install/yahboomcar_laser/share/yahboomcar_laser/cmake/yahboomcar_laserConfig-version.cmake
[4.756s] -- Installing: /home/jetson/yahboomcar_ws/install/yahboomcar_laser/share/yahboomcar_laser/package.xml
[4.765s] Invoked command in '/home/jetson/yahboomcar_ws/build/yahboomcar_laser' returned '0': CMAKE_PREFIX_PATH=${CMAKE_PREFIX_PATH}:/opt/ros/humble /usr/bin/cmake --install /home/jetson/yahboomcar_ws/build/yahboomcar_laser
