[0.267s] [34mcolcon[0m [1;30mDEBUG[0m [32mCommand line arguments: ['/usr/bin/colcon', 'build', '--packages-select', 'yahboomcar_laser'][0m
[0.268s] [34mcolcon[0m [1;30mDEBUG[0m [32mParsed command line arguments: Namespace(log_base=None, log_level=None, verb_name='build', build_base='build', install_base='install', merge_install=False, symlink_install=False, test_result_base=None, continue_on_error=False, executor='parallel', parallel_workers=6, event_handlers=None, ignore_user_meta=False, metas=['./colcon.meta'], base_paths=['.'], packages_ignore=None, packages_ignore_regex=None, paths=None, packages_up_to=None, packages_up_to_regex=None, packages_above=None, packages_above_and_dependencies=None, packages_above_depth=None, packages_select_by_dep=None, packages_skip_by_dep=None, packages_skip_up_to=None, packages_select_build_failed=False, packages_skip_build_finished=False, packages_select_test_failures=False, packages_skip_test_passed=False, packages_select=['yahboomcar_laser'], packages_skip=None, packages_select_regex=None, packages_skip_regex=None, packages_start=None, packages_end=None, allow_overriding=[], cmake_args=None, cmake_target=None, cmake_target_skip_unavailable=False, cmake_clean_cache=False, cmake_clean_first=False, cmake_force_configure=False, ament_cmake_args=None, catkin_cmake_args=None, catkin_skip_building_tests=False, mixin_files=None, mixin=None, verb_parser=<colcon_mixin.mixin.mixin_argument.MixinArgumentDecorator object at 0xffff929e9f30>, verb_extension=<colcon_core.verb.build.BuildVerb object at 0xffff929e9a20>, main=<bound method BuildVerb.main of <colcon_core.verb.build.BuildVerb object at 0xffff929e9a20>>, mixin_verb=('build',))[0m
[0.348s] [34mcolcon.colcon_core.package_discovery[0m [1;30mLevel 1[0m discover_packages(colcon_meta) check parameters
[0.349s] [34mcolcon.colcon_core.package_discovery[0m [1;30mLevel 1[0m discover_packages(recursive) check parameters
[0.349s] [34mcolcon.colcon_core.package_discovery[0m [1;30mLevel 1[0m discover_packages(ignore) check parameters
[0.349s] [34mcolcon.colcon_core.package_discovery[0m [1;30mLevel 1[0m discover_packages(path) check parameters
[0.349s] [34mcolcon.colcon_core.package_discovery[0m [1;30mLevel 1[0m discover_packages(colcon_meta) discover
[0.349s] [34mcolcon.colcon_core.package_discovery[0m [1;30mLevel 1[0m discover_packages(recursive) discover
[0.349s] [34mcolcon.colcon_core.package_discovery[0m [1;30mINFO[0m Crawling recursively for packages in '/home/jetson/yahboomcar_ws/src/yahboomcar_laser'
[0.349s] [34mcolcon.colcon_core.package_identification[0m [1;30mLevel 1[0m _identify(.) by extensions ['ignore', 'ignore_ament_install']
[0.350s] [34mcolcon.colcon_core.package_identification[0m [1;30mLevel 1[0m _identify(.) by extension 'ignore'
[0.350s] [34mcolcon.colcon_core.package_identification[0m [1;30mLevel 1[0m _identify(.) by extension 'ignore_ament_install'
[0.350s] [34mcolcon.colcon_core.package_identification[0m [1;30mLevel 1[0m _identify(.) by extensions ['colcon_pkg']
[0.350s] [34mcolcon.colcon_core.package_identification[0m [1;30mLevel 1[0m _identify(.) by extension 'colcon_pkg'
[0.350s] [34mcolcon.colcon_core.package_identification[0m [1;30mLevel 1[0m _identify(.) by extensions ['colcon_meta']
[0.351s] [34mcolcon.colcon_core.package_identification[0m [1;30mLevel 1[0m _identify(.) by extension 'colcon_meta'
[0.351s] [34mcolcon.colcon_core.package_identification[0m [1;30mLevel 1[0m _identify(.) by extensions ['ros']
[0.351s] [34mcolcon.colcon_core.package_identification[0m [1;30mLevel 1[0m _identify(.) by extension 'ros'
[0.385s] [34mcolcon.colcon_core.package_identification[0m [1;30mDEBUG[0m [32mPackage '.' with type 'ros.ament_cmake' and name 'yahboomcar_laser'[0m
[0.386s] [34mcolcon.colcon_core.package_discovery[0m [1;30mLevel 1[0m discover_packages(recursive) using defaults
[0.386s] [34mcolcon.colcon_core.package_discovery[0m [1;30mLevel 1[0m discover_packages(ignore) discover
[0.386s] [34mcolcon.colcon_core.package_discovery[0m [1;30mLevel 1[0m discover_packages(ignore) using defaults
[0.386s] [34mcolcon.colcon_core.package_discovery[0m [1;30mLevel 1[0m discover_packages(path) discover
[0.386s] [34mcolcon.colcon_core.package_discovery[0m [1;30mLevel 1[0m discover_packages(path) using defaults
[0.418s] [34mcolcon.colcon_core.package_discovery[0m [1;30mLevel 1[0m discover_packages(prefix_path) check parameters
[0.418s] [34mcolcon.colcon_core.package_discovery[0m [1;30mLevel 1[0m discover_packages(prefix_path) discover
[0.423s] [34mcolcon.colcon_installed_package_information.package_discovery[0m [1;30mDEBUG[0m [32mFound 1 installed packages in /home/jetson/yahboomcar_ws/src/yahboomcar_laser/install[0m
[0.423s] [34mcolcon.colcon_installed_package_information.package_discovery[0m [1;30mDEBUG[0m [32mFound 2 installed packages in /home/jetson/yahboomcar_ros2_ws/yahboomcar_ws/install[0m
[0.425s] [34mcolcon.colcon_installed_package_information.package_discovery[0m [1;30mDEBUG[0m [32mFound 12 installed packages in /home/jetson/yahboomcar_ros2_ws/software/library_ws/install[0m
[0.428s] [34mcolcon.colcon_installed_package_information.package_discovery[0m [1;30mDEBUG[0m [32mFound 380 installed packages in /opt/ros/humble[0m
[0.431s] [34mcolcon.colcon_core.package_discovery[0m [1;30mLevel 1[0m discover_packages(prefix_path) using defaults
[0.520s] [34mcolcon.colcon_core.verb[0m [1;30mLevel 5[0m set package 'yahboomcar_laser' build argument 'cmake_args' from command line to 'None'
[0.520s] [34mcolcon.colcon_core.verb[0m [1;30mLevel 5[0m set package 'yahboomcar_laser' build argument 'cmake_target' from command line to 'None'
[0.520s] [34mcolcon.colcon_core.verb[0m [1;30mLevel 5[0m set package 'yahboomcar_laser' build argument 'cmake_target_skip_unavailable' from command line to 'False'
[0.520s] [34mcolcon.colcon_core.verb[0m [1;30mLevel 5[0m set package 'yahboomcar_laser' build argument 'cmake_clean_cache' from command line to 'False'
[0.520s] [34mcolcon.colcon_core.verb[0m [1;30mLevel 5[0m set package 'yahboomcar_laser' build argument 'cmake_clean_first' from command line to 'False'
[0.521s] [34mcolcon.colcon_core.verb[0m [1;30mLevel 5[0m set package 'yahboomcar_laser' build argument 'cmake_force_configure' from command line to 'False'
[0.521s] [34mcolcon.colcon_core.verb[0m [1;30mLevel 5[0m set package 'yahboomcar_laser' build argument 'ament_cmake_args' from command line to 'None'
[0.521s] [34mcolcon.colcon_core.verb[0m [1;30mLevel 5[0m set package 'yahboomcar_laser' build argument 'catkin_cmake_args' from command line to 'None'
[0.521s] [34mcolcon.colcon_core.verb[0m [1;30mLevel 5[0m set package 'yahboomcar_laser' build argument 'catkin_skip_building_tests' from command line to 'False'
[0.521s] [34mcolcon.colcon_core.verb[0m [1;30mDEBUG[0m [32mBuilding package 'yahboomcar_laser' with the following arguments: {'ament_cmake_args': None, 'build_base': '/home/jetson/yahboomcar_ws/src/yahboomcar_laser/build/yahboomcar_laser', 'catkin_cmake_args': None, 'catkin_skip_building_tests': False, 'cmake_args': None, 'cmake_clean_cache': False, 'cmake_clean_first': False, 'cmake_force_configure': False, 'cmake_target': None, 'cmake_target_skip_unavailable': False, 'install_base': '/home/jetson/yahboomcar_ws/src/yahboomcar_laser/install/yahboomcar_laser', 'merge_install': False, 'path': '/home/jetson/yahboomcar_ws/src/yahboomcar_laser', 'symlink_install': False, 'test_result_base': None}[0m
[0.521s] [34mcolcon.colcon_core.executor[0m [1;30mINFO[0m Executing jobs using 'parallel' executor
[0.524s] [34mcolcon.colcon_parallel_executor.executor.parallel[0m [1;30mDEBUG[0m [32mrun_until_complete[0m
[0.525s] [34mcolcon.colcon_ros.task.ament_cmake.build[0m [1;30mINFO[0m Building ROS package in '/home/jetson/yahboomcar_ws/src/yahboomcar_laser' with build type 'ament_cmake'
[0.525s] [34mcolcon.colcon_cmake.task.cmake.build[0m [1;30mINFO[0m Building CMake package in '/home/jetson/yahboomcar_ws/src/yahboomcar_laser'
[0.530s] [34mcolcon.colcon_core.plugin_system[0m [1;30mINFO[0m Skipping extension 'colcon_core.shell.bat': Not used on non-Windows systems
[0.530s] [34mcolcon.colcon_core.shell[0m [1;30mINFO[0m Skip shell extension 'powershell' for command environment: Not usable outside of PowerShell
[0.530s] [34mcolcon.colcon_core.shell[0m [1;30mDEBUG[0m [32mSkip shell extension 'dsv' for command environment[0m
[0.580s] [34mcolcon.colcon_core.event_handler.log_command[0m [1;30mDEBUG[0m [32mInvoking command in '/home/jetson/yahboomcar_ws/src/yahboomcar_laser/build/yahboomcar_laser': CMAKE_PREFIX_PATH=${CMAKE_PREFIX_PATH}:/opt/ros/humble /usr/bin/cmake --build /home/jetson/yahboomcar_ws/src/yahboomcar_laser/build/yahboomcar_laser -- -j6 -l6[0m
[0.688s] [34mcolcon.colcon_core.event_handler.log_command[0m [1;30mDEBUG[0m [32mInvoked command in '/home/jetson/yahboomcar_ws/src/yahboomcar_laser/build/yahboomcar_laser' returned '0': CMAKE_PREFIX_PATH=${CMAKE_PREFIX_PATH}:/opt/ros/humble /usr/bin/cmake --build /home/jetson/yahboomcar_ws/src/yahboomcar_laser/build/yahboomcar_laser -- -j6 -l6[0m
[0.713s] [34mcolcon.colcon_core.event_handler.log_command[0m [1;30mDEBUG[0m [32mInvoking command in '/home/jetson/yahboomcar_ws/src/yahboomcar_laser/build/yahboomcar_laser': CMAKE_PREFIX_PATH=${CMAKE_PREFIX_PATH}:/opt/ros/humble /usr/bin/cmake --install /home/jetson/yahboomcar_ws/src/yahboomcar_laser/build/yahboomcar_laser[0m
[0.739s] [34mcolcon.colcon_core.environment[0m [1;30mLevel 1[0m create_environment_scripts_only(yahboomcar_laser)
[0.740s] [34mcolcon.colcon_core.event_handler.log_command[0m [1;30mDEBUG[0m [32mInvoked command in '/home/jetson/yahboomcar_ws/src/yahboomcar_laser/build/yahboomcar_laser' returned '0': CMAKE_PREFIX_PATH=${CMAKE_PREFIX_PATH}:/opt/ros/humble /usr/bin/cmake --install /home/jetson/yahboomcar_ws/src/yahboomcar_laser/build/yahboomcar_laser[0m
[0.749s] [34mcolcon.colcon_core.environment[0m [1;30mLevel 1[0m checking '/home/jetson/yahboomcar_ws/src/yahboomcar_laser/install/yahboomcar_laser' for CMake module files
[0.751s] [34mcolcon.colcon_core.environment[0m [1;30mLevel 1[0m checking '/home/jetson/yahboomcar_ws/src/yahboomcar_laser/install/yahboomcar_laser' for CMake config files
[0.752s] [34mcolcon.colcon_core.shell[0m [1;30mLevel 1[0m create_environment_hook('yahboomcar_laser', 'cmake_prefix_path')
[0.753s] [34mcolcon.colcon_core.shell[0m [1;30mINFO[0m Creating environment hook '/home/jetson/yahboomcar_ws/src/yahboomcar_laser/install/yahboomcar_laser/share/yahboomcar_laser/hook/cmake_prefix_path.ps1'
[0.756s] [34mcolcon.colcon_core.shell[0m [1;30mINFO[0m Creating environment descriptor '/home/jetson/yahboomcar_ws/src/yahboomcar_laser/install/yahboomcar_laser/share/yahboomcar_laser/hook/cmake_prefix_path.dsv'
[0.758s] [34mcolcon.colcon_core.shell[0m [1;30mINFO[0m Creating environment hook '/home/jetson/yahboomcar_ws/src/yahboomcar_laser/install/yahboomcar_laser/share/yahboomcar_laser/hook/cmake_prefix_path.sh'
[0.761s] [34mcolcon.colcon_core.environment[0m [1;30mLevel 1[0m checking '/home/jetson/yahboomcar_ws/src/yahboomcar_laser/install/yahboomcar_laser/lib'
[0.762s] [34mcolcon.colcon_core.environment[0m [1;30mLevel 1[0m checking '/home/jetson/yahboomcar_ws/src/yahboomcar_laser/install/yahboomcar_laser/bin'
[0.762s] [34mcolcon.colcon_core.environment[0m [1;30mLevel 1[0m checking '/home/jetson/yahboomcar_ws/src/yahboomcar_laser/install/yahboomcar_laser/lib/pkgconfig/yahboomcar_laser.pc'
[0.763s] [34mcolcon.colcon_core.environment[0m [1;30mLevel 1[0m checking '/home/jetson/yahboomcar_ws/src/yahboomcar_laser/install/yahboomcar_laser/lib/python3.10/site-packages'
[0.763s] [34mcolcon.colcon_core.environment[0m [1;30mLevel 1[0m checking '/home/jetson/yahboomcar_ws/src/yahboomcar_laser/install/yahboomcar_laser/bin'
[0.764s] [34mcolcon.colcon_core.shell[0m [1;30mINFO[0m Creating package script '/home/jetson/yahboomcar_ws/src/yahboomcar_laser/install/yahboomcar_laser/share/yahboomcar_laser/package.ps1'
[0.767s] [34mcolcon.colcon_core.shell[0m [1;30mINFO[0m Creating package descriptor '/home/jetson/yahboomcar_ws/src/yahboomcar_laser/install/yahboomcar_laser/share/yahboomcar_laser/package.dsv'
[0.769s] [34mcolcon.colcon_core.shell[0m [1;30mINFO[0m Creating package script '/home/jetson/yahboomcar_ws/src/yahboomcar_laser/install/yahboomcar_laser/share/yahboomcar_laser/package.sh'
[0.772s] [34mcolcon.colcon_core.shell[0m [1;30mINFO[0m Creating package script '/home/jetson/yahboomcar_ws/src/yahboomcar_laser/install/yahboomcar_laser/share/yahboomcar_laser/package.bash'
[0.774s] [34mcolcon.colcon_core.shell[0m [1;30mINFO[0m Creating package script '/home/jetson/yahboomcar_ws/src/yahboomcar_laser/install/yahboomcar_laser/share/yahboomcar_laser/package.zsh'
[0.776s] [34mcolcon.colcon_core.environment[0m [1;30mLevel 1[0m create_file_with_runtime_dependencies(/home/jetson/yahboomcar_ws/src/yahboomcar_laser/install/yahboomcar_laser/share/colcon-core/packages/yahboomcar_laser)
[0.779s] [34mcolcon.colcon_core.environment[0m [1;30mLevel 1[0m create_environment_scripts_only(yahboomcar_laser)
[0.779s] [34mcolcon.colcon_core.environment[0m [1;30mLevel 1[0m checking '/home/jetson/yahboomcar_ws/src/yahboomcar_laser/install/yahboomcar_laser' for CMake module files
[0.780s] [34mcolcon.colcon_core.environment[0m [1;30mLevel 1[0m checking '/home/jetson/yahboomcar_ws/src/yahboomcar_laser/install/yahboomcar_laser' for CMake config files
[0.781s] [34mcolcon.colcon_core.shell[0m [1;30mLevel 1[0m create_environment_hook('yahboomcar_laser', 'cmake_prefix_path')
[0.781s] [34mcolcon.colcon_core.shell[0m [1;30mINFO[0m Creating environment hook '/home/jetson/yahboomcar_ws/src/yahboomcar_laser/install/yahboomcar_laser/share/yahboomcar_laser/hook/cmake_prefix_path.ps1'
[0.782s] [34mcolcon.colcon_core.shell[0m [1;30mINFO[0m Creating environment descriptor '/home/jetson/yahboomcar_ws/src/yahboomcar_laser/install/yahboomcar_laser/share/yahboomcar_laser/hook/cmake_prefix_path.dsv'
[0.783s] [34mcolcon.colcon_core.shell[0m [1;30mINFO[0m Creating environment hook '/home/jetson/yahboomcar_ws/src/yahboomcar_laser/install/yahboomcar_laser/share/yahboomcar_laser/hook/cmake_prefix_path.sh'
[0.784s] [34mcolcon.colcon_core.environment[0m [1;30mLevel 1[0m checking '/home/jetson/yahboomcar_ws/src/yahboomcar_laser/install/yahboomcar_laser/lib'
[0.785s] [34mcolcon.colcon_core.environment[0m [1;30mLevel 1[0m checking '/home/jetson/yahboomcar_ws/src/yahboomcar_laser/install/yahboomcar_laser/bin'
[0.785s] [34mcolcon.colcon_core.environment[0m [1;30mLevel 1[0m checking '/home/jetson/yahboomcar_ws/src/yahboomcar_laser/install/yahboomcar_laser/lib/pkgconfig/yahboomcar_laser.pc'
[0.785s] [34mcolcon.colcon_core.environment[0m [1;30mLevel 1[0m checking '/home/jetson/yahboomcar_ws/src/yahboomcar_laser/install/yahboomcar_laser/lib/python3.10/site-packages'
[0.786s] [34mcolcon.colcon_core.environment[0m [1;30mLevel 1[0m checking '/home/jetson/yahboomcar_ws/src/yahboomcar_laser/install/yahboomcar_laser/bin'
[0.787s] [34mcolcon.colcon_core.shell[0m [1;30mINFO[0m Creating package script '/home/jetson/yahboomcar_ws/src/yahboomcar_laser/install/yahboomcar_laser/share/yahboomcar_laser/package.ps1'
[0.788s] [34mcolcon.colcon_core.shell[0m [1;30mINFO[0m Creating package descriptor '/home/jetson/yahboomcar_ws/src/yahboomcar_laser/install/yahboomcar_laser/share/yahboomcar_laser/package.dsv'
[0.789s] [34mcolcon.colcon_core.shell[0m [1;30mINFO[0m Creating package script '/home/jetson/yahboomcar_ws/src/yahboomcar_laser/install/yahboomcar_laser/share/yahboomcar_laser/package.sh'
[0.789s] [34mcolcon.colcon_core.shell[0m [1;30mINFO[0m Creating package script '/home/jetson/yahboomcar_ws/src/yahboomcar_laser/install/yahboomcar_laser/share/yahboomcar_laser/package.bash'
[0.791s] [34mcolcon.colcon_core.shell[0m [1;30mINFO[0m Creating package script '/home/jetson/yahboomcar_ws/src/yahboomcar_laser/install/yahboomcar_laser/share/yahboomcar_laser/package.zsh'
[0.791s] [34mcolcon.colcon_core.environment[0m [1;30mLevel 1[0m create_file_with_runtime_dependencies(/home/jetson/yahboomcar_ws/src/yahboomcar_laser/install/yahboomcar_laser/share/colcon-core/packages/yahboomcar_laser)
[0.792s] [34mcolcon.colcon_parallel_executor.executor.parallel[0m [1;30mDEBUG[0m [32mclosing loop[0m
[0.792s] [34mcolcon.colcon_parallel_executor.executor.parallel[0m [1;30mDEBUG[0m [32mloop closed[0m
[0.793s] [34mcolcon.colcon_parallel_executor.executor.parallel[0m [1;30mDEBUG[0m [32mrun_until_complete finished with '0'[0m
[0.793s] [34mcolcon.colcon_core.event_reactor[0m [1;30mDEBUG[0m [32mjoining thread[0m
[0.811s] [34mcolcon.colcon_core.plugin_system[0m [1;30mINFO[0m Skipping extension 'colcon_notification.desktop_notification.terminal_notifier': Not used on non-Darwin systems
[0.811s] [34mcolcon.colcon_core.plugin_system[0m [1;30mINFO[0m Skipping extension 'colcon_notification.desktop_notification.win32': Not used on non-Windows systems
[0.811s] [34mcolcon.colcon_notification.desktop_notification[0m [1;30mINFO[0m Sending desktop notification using 'notify2'
[0.844s] [34mcolcon.colcon_core.event_reactor[0m [1;30mDEBUG[0m [32mjoined thread[0m
[0.845s] [34mcolcon.colcon_core.shell[0m [1;30mINFO[0m Creating prefix script '/home/jetson/yahboomcar_ws/src/yahboomcar_laser/install/local_setup.ps1'
[0.848s] [34mcolcon.colcon_core.shell[0m [1;30mINFO[0m Creating prefix util module '/home/jetson/yahboomcar_ws/src/yahboomcar_laser/install/_local_setup_util_ps1.py'
[0.852s] [34mcolcon.colcon_core.shell[0m [1;30mINFO[0m Creating prefix chain script '/home/jetson/yahboomcar_ws/src/yahboomcar_laser/install/setup.ps1'
[0.858s] [34mcolcon.colcon_core.shell[0m [1;30mINFO[0m Creating prefix script '/home/jetson/yahboomcar_ws/src/yahboomcar_laser/install/local_setup.sh'
[0.860s] [34mcolcon.colcon_core.shell[0m [1;30mINFO[0m Creating prefix util module '/home/jetson/yahboomcar_ws/src/yahboomcar_laser/install/_local_setup_util_sh.py'
[0.862s] [34mcolcon.colcon_core.shell[0m [1;30mINFO[0m Creating prefix chain script '/home/jetson/yahboomcar_ws/src/yahboomcar_laser/install/setup.sh'
[0.866s] [34mcolcon.colcon_core.shell[0m [1;30mINFO[0m Creating prefix script '/home/jetson/yahboomcar_ws/src/yahboomcar_laser/install/local_setup.bash'
[0.868s] [34mcolcon.colcon_core.shell[0m [1;30mINFO[0m Creating prefix chain script '/home/jetson/yahboomcar_ws/src/yahboomcar_laser/install/setup.bash'
[0.873s] [34mcolcon.colcon_core.shell[0m [1;30mINFO[0m Creating prefix script '/home/jetson/yahboomcar_ws/src/yahboomcar_laser/install/local_setup.zsh'
[0.874s] [34mcolcon.colcon_core.shell[0m [1;30mINFO[0m Creating prefix chain script '/home/jetson/yahboomcar_ws/src/yahboomcar_laser/install/setup.zsh'
