[0.037s] Invoking command in '/home/jetson/yahboomcar_ws/build/yahboomcar_astra': AMENT_PREFIX_PATH=/home/jetson/yahboomcar_ws/install/yahboomcar_ctrl:/home/jetson/yahboomcar_ws/install/yahboomcar_bringup:/home/jetson/yahboomcar_ws/install/yahboomcar_msgs:/home/jetson/yahboomcar_ws/install/yahboomcar_description:${AMENT_PREFIX_PATH} CMAKE_PREFIX_PATH=/home/jetson/yahboomcar_ws/install/yahboomcar_ctrl:/home/jetson/yahboomcar_ws/install/yahboomcar_bringup:/home/jetson/yahboomcar_ws/install/yahboomcar_msgs:/home/jetson/yahboomcar_ws/install/yahboomcar_description:/home/jetson/yahboomcar_ros2_ws/software/library_ws/install/ydlidar_ros2_driver:/home/jetson/yahboomcar_ros2_ws/software/library_ws/install/web_video_server:/home/jetson/yahboomcar_ros2_ws/software/library_ws/install/teb_local_planner:/home/jetson/yahboomcar_ros2_ws/software/library_ws/install/teb_msgs:/home/jetson/yahboomcar_ros2_ws/software/library_ws/install/sllidar_ros2:/home/jetson/yahboomcar_ros2_ws/software/library_ws/install/slam_gmapping:/home/jetson/yahboomcar_ros2_ws/software/library_ws/install/robot_localization:/home/jetson/yahboomcar_ros2_ws/software/library_ws/install/openslam_gmapping:/home/jetson/yahboomcar_ros2_ws/software/library_ws/install/costmap_converter:/home/jetson/yahboomcar_ros2_ws/software/library_ws/install/costmap_converter_msgs:/home/jetson/yahboomcar_ros2_ws/software/library_ws/install/astra_camera:/home/jetson/yahboomcar_ros2_ws/software/library_ws/install/astra_camera_msgs:/opt/ros/humble LD_LIBRARY_PATH=/home/jetson/yahboomcar_ws/install/yahboomcar_msgs/lib:/usr/local/lib:/usr/local/cuda-12.6/lib64:/home/jetson/yahboomcar_ros2_ws/software/library_ws/install/teb_local_planner/lib:/home/jetson/yahboomcar_ros2_ws/software/library_ws/install/teb_msgs/lib:/home/jetson/yahboomcar_ros2_ws/software/library_ws/install/robot_localization/lib:/home/jetson/yahboomcar_ros2_ws/software/library_ws/install/openslam_gmapping/lib:/home/jetson/yahboomcar_ros2_ws/software/library_ws/install/costmap_converter/lib:/home/jetson/yahboomcar_ros2_ws/software/library_ws/install/costmap_converter_msgs/lib:/home/jetson/yahboomcar_ros2_ws/software/library_ws/install/astra_camera/lib:/home/jetson/yahboomcar_ros2_ws/software/library_ws/install/astra_camera_msgs/lib:/opt/ros/humble/opt/rviz_ogre_vendor/lib:/opt/ros/humble/lib/aarch64-linux-gnu:/opt/ros/humble/lib:/usr/local/lib:/usr/local/cuda-12.6/lib64 PYTHONPATH=/home/jetson/yahboomcar_ws/install/yahboomcar_msgs/local/lib/python3.10/dist-packages:${PYTHONPATH} /usr/bin/cmake --build /home/jetson/yahboomcar_ws/build/yahboomcar_astra -- -j6 -l6
[0.210s] [  0%] Built target astra_camera_msgs__cpp
[0.229s] [ 10%] Built target astra_camera_msgs__rosidl_generator_c
[0.248s] [ 11%] [32mBuilding CXX object CMakeFiles/KCFTracker_node.dir/src/KCF_Tracker.cpp.o[0m
[0.258s] [ 11%] Built target ament_cmake_python_copy_astra_camera_msgs
[0.276s] [ 21%] Built target astra_camera_msgs__rosidl_typesupport_introspection_cpp
[0.315s] [ 31%] Built target astra_camera_msgs__rosidl_typesupport_cpp
[0.319s] [ 40%] Built target astra_camera_msgs__rosidl_typesupport_fastrtps_c
[0.333s] [ 50%] Built target astra_camera_msgs__rosidl_typesupport_c
[0.354s] [ 59%] Built target astra_camera_msgs__rosidl_typesupport_fastrtps_cpp
[0.390s] [ 69%] Built target astra_camera_msgs__rosidl_typesupport_introspection_c
[0.453s] [ 69%] Built target astra_camera_msgs
[0.530s] [ 70%] Built target astra_camera_msgs__py
[0.559s] [ 82%] Built target yahboomcar_astra_driver
[0.622s] [ 90%] Built target astra_camera_msgs__rosidl_generator_py
[0.672s] [ 92%] Built target astra_camera_node
[0.700s] [ 93%] Built target astra_camera_msgs__rosidl_typesupport_c__pyext
[0.704s] [ 94%] Built target astra_camera_msgs__rosidl_typesupport_introspection_c__pyext
[0.738s] [ 96%] Built target astra_camera_msgs__rosidl_typesupport_fastrtps_c__pyext
[0.885s] running egg_info
[0.940s] writing astra_camera_msgs.egg-info/PKG-INFO
[0.941s] writing dependency_links to astra_camera_msgs.egg-info/dependency_links.txt
[0.941s] writing top-level names to astra_camera_msgs.egg-info/top_level.txt
[1.104s] reading manifest file 'astra_camera_msgs.egg-info/SOURCES.txt'
[1.107s] writing manifest file 'astra_camera_msgs.egg-info/SOURCES.txt'
[1.234s] [ 96%] Built target ament_cmake_python_build_astra_camera_msgs_egg
[9.351s] [01m[K/home/jetson/yahboomcar_ws/src/yahboomcar_astra/src/KCF_Tracker.cpp:[m[K In constructor ‘[01m[KImageConverter::ImageConverter()[m[K’:
[9.351s] [01m[K/home/jetson/yahboomcar_ws/src/yahboomcar_astra/src/KCF_Tracker.cpp:88:11:[m[K [01;35m[Kwarning: [m[Kignoring return value of ‘[01m[Krclcpp::node_interfaces::OnSetParametersCallbackHandle::SharedPtr rclcpp::Node::add_on_set_parameters_callback(rclcpp::Node::OnParametersSetCallbackType)[m[K’, declared with attribute ‘[01m[Kwarn_unused_result[m[K’ [[01;35m[K]8;;https://gcc.gnu.org/onlinedocs/gcc/Warning-Options.html#index-Wunused-result-Wunused-result]8;;[m[K]
[9.351s]    88 |         })[01;35m[K;[m[K
[9.351s]       |           [01;35m[K^[m[K
[9.351s] In file included from [01m[K/opt/ros/humble/include/rclcpp/rclcpp/executors/single_threaded_executor.hpp:28[m[K,
[9.352s]                  from [01m[K/opt/ros/humble/include/rclcpp/rclcpp/executors.hpp:22[m[K,
[9.352s]                  from [01m[K/opt/ros/humble/include/rclcpp/rclcpp/rclcpp.hpp:155[m[K,
[9.352s]                  from [01m[K/home/jetson/yahboomcar_ws/src/yahboomcar_astra/include/yahboomcar_astra/KCF_Tracker.h:19[m[K,
[9.352s]                  from [01m[K/home/jetson/yahboomcar_ws/src/yahboomcar_astra/src/KCF_Tracker.cpp:5[m[K:
[9.352s] [01m[K/opt/ros/humble/include/rclcpp/rclcpp/node.hpp:934:3:[m[K [01;36m[Knote: [m[Kdeclared here
[9.352s]   934 |   [01;36m[Kadd_on_set_parameters_callback[m[K(OnParametersSetCallbackType callback);
[9.352s]       |   [01;36m[K^~~~~~~~~~~~~~~~~~~~~~~~~~~~~~[m[K
[30.305s] [ 97%] [32m[1mLinking CXX executable KCFTracker_node[0m
[31.076s] /usr/bin/ld: warning: libopencv_imgproc.so.4.5d, needed by /opt/ros/humble/lib/libcv_bridge.so, may conflict with libopencv_imgproc.so.410
[31.077s] /usr/bin/ld: warning: libopencv_core.so.4.5d, needed by /opt/ros/humble/lib/libcv_bridge.so, may conflict with libopencv_core.so.410
[32.399s] [100%] Built target KCFTracker_node
[32.431s] Invoked command in '/home/jetson/yahboomcar_ws/build/yahboomcar_astra' returned '0': AMENT_PREFIX_PATH=/home/jetson/yahboomcar_ws/install/yahboomcar_ctrl:/home/jetson/yahboomcar_ws/install/yahboomcar_bringup:/home/jetson/yahboomcar_ws/install/yahboomcar_msgs:/home/jetson/yahboomcar_ws/install/yahboomcar_description:${AMENT_PREFIX_PATH} CMAKE_PREFIX_PATH=/home/jetson/yahboomcar_ws/install/yahboomcar_ctrl:/home/jetson/yahboomcar_ws/install/yahboomcar_bringup:/home/jetson/yahboomcar_ws/install/yahboomcar_msgs:/home/jetson/yahboomcar_ws/install/yahboomcar_description:/home/jetson/yahboomcar_ros2_ws/software/library_ws/install/ydlidar_ros2_driver:/home/jetson/yahboomcar_ros2_ws/software/library_ws/install/web_video_server:/home/jetson/yahboomcar_ros2_ws/software/library_ws/install/teb_local_planner:/home/jetson/yahboomcar_ros2_ws/software/library_ws/install/teb_msgs:/home/jetson/yahboomcar_ros2_ws/software/library_ws/install/sllidar_ros2:/home/jetson/yahboomcar_ros2_ws/software/library_ws/install/slam_gmapping:/home/jetson/yahboomcar_ros2_ws/software/library_ws/install/robot_localization:/home/jetson/yahboomcar_ros2_ws/software/library_ws/install/openslam_gmapping:/home/jetson/yahboomcar_ros2_ws/software/library_ws/install/costmap_converter:/home/jetson/yahboomcar_ros2_ws/software/library_ws/install/costmap_converter_msgs:/home/jetson/yahboomcar_ros2_ws/software/library_ws/install/astra_camera:/home/jetson/yahboomcar_ros2_ws/software/library_ws/install/astra_camera_msgs:/opt/ros/humble LD_LIBRARY_PATH=/home/jetson/yahboomcar_ws/install/yahboomcar_msgs/lib:/usr/local/lib:/usr/local/cuda-12.6/lib64:/home/jetson/yahboomcar_ros2_ws/software/library_ws/install/teb_local_planner/lib:/home/jetson/yahboomcar_ros2_ws/software/library_ws/install/teb_msgs/lib:/home/jetson/yahboomcar_ros2_ws/software/library_ws/install/robot_localization/lib:/home/jetson/yahboomcar_ros2_ws/software/library_ws/install/openslam_gmapping/lib:/home/jetson/yahboomcar_ros2_ws/software/library_ws/install/costmap_converter/lib:/home/jetson/yahboomcar_ros2_ws/software/library_ws/install/costmap_converter_msgs/lib:/home/jetson/yahboomcar_ros2_ws/software/library_ws/install/astra_camera/lib:/home/jetson/yahboomcar_ros2_ws/software/library_ws/install/astra_camera_msgs/lib:/opt/ros/humble/opt/rviz_ogre_vendor/lib:/opt/ros/humble/lib/aarch64-linux-gnu:/opt/ros/humble/lib:/usr/local/lib:/usr/local/cuda-12.6/lib64 PYTHONPATH=/home/jetson/yahboomcar_ws/install/yahboomcar_msgs/local/lib/python3.10/dist-packages:${PYTHONPATH} /usr/bin/cmake --build /home/jetson/yahboomcar_ws/build/yahboomcar_astra -- -j6 -l6
[32.462s] Invoking command in '/home/jetson/yahboomcar_ws/build/yahboomcar_astra': AMENT_PREFIX_PATH=/home/jetson/yahboomcar_ws/install/yahboomcar_ctrl:/home/jetson/yahboomcar_ws/install/yahboomcar_bringup:/home/jetson/yahboomcar_ws/install/yahboomcar_msgs:/home/jetson/yahboomcar_ws/install/yahboomcar_description:${AMENT_PREFIX_PATH} CMAKE_PREFIX_PATH=/home/jetson/yahboomcar_ws/install/yahboomcar_ctrl:/home/jetson/yahboomcar_ws/install/yahboomcar_bringup:/home/jetson/yahboomcar_ws/install/yahboomcar_msgs:/home/jetson/yahboomcar_ws/install/yahboomcar_description:/home/jetson/yahboomcar_ros2_ws/software/library_ws/install/ydlidar_ros2_driver:/home/jetson/yahboomcar_ros2_ws/software/library_ws/install/web_video_server:/home/jetson/yahboomcar_ros2_ws/software/library_ws/install/teb_local_planner:/home/jetson/yahboomcar_ros2_ws/software/library_ws/install/teb_msgs:/home/jetson/yahboomcar_ros2_ws/software/library_ws/install/sllidar_ros2:/home/jetson/yahboomcar_ros2_ws/software/library_ws/install/slam_gmapping:/home/jetson/yahboomcar_ros2_ws/software/library_ws/install/robot_localization:/home/jetson/yahboomcar_ros2_ws/software/library_ws/install/openslam_gmapping:/home/jetson/yahboomcar_ros2_ws/software/library_ws/install/costmap_converter:/home/jetson/yahboomcar_ros2_ws/software/library_ws/install/costmap_converter_msgs:/home/jetson/yahboomcar_ros2_ws/software/library_ws/install/astra_camera:/home/jetson/yahboomcar_ros2_ws/software/library_ws/install/astra_camera_msgs:/opt/ros/humble LD_LIBRARY_PATH=/home/jetson/yahboomcar_ws/install/yahboomcar_msgs/lib:/usr/local/lib:/usr/local/cuda-12.6/lib64:/home/jetson/yahboomcar_ros2_ws/software/library_ws/install/teb_local_planner/lib:/home/jetson/yahboomcar_ros2_ws/software/library_ws/install/teb_msgs/lib:/home/jetson/yahboomcar_ros2_ws/software/library_ws/install/robot_localization/lib:/home/jetson/yahboomcar_ros2_ws/software/library_ws/install/openslam_gmapping/lib:/home/jetson/yahboomcar_ros2_ws/software/library_ws/install/costmap_converter/lib:/home/jetson/yahboomcar_ros2_ws/software/library_ws/install/costmap_converter_msgs/lib:/home/jetson/yahboomcar_ros2_ws/software/library_ws/install/astra_camera/lib:/home/jetson/yahboomcar_ros2_ws/software/library_ws/install/astra_camera_msgs/lib:/opt/ros/humble/opt/rviz_ogre_vendor/lib:/opt/ros/humble/lib/aarch64-linux-gnu:/opt/ros/humble/lib:/usr/local/lib:/usr/local/cuda-12.6/lib64 PYTHONPATH=/home/jetson/yahboomcar_ws/install/yahboomcar_msgs/local/lib/python3.10/dist-packages:${PYTHONPATH} /usr/bin/cmake --install /home/jetson/yahboomcar_ws/build/yahboomcar_astra
[32.479s] -- Install configuration: ""
[32.482s] -- Installing: /home/jetson/yahboomcar_ws/install/yahboomcar_astra/lib/yahboomcar_astra/libyahboomcar_astra_driver.so
[32.528s] -- Set runtime path of "/home/jetson/yahboomcar_ws/install/yahboomcar_astra/lib/yahboomcar_astra/libyahboomcar_astra_driver.so" to ""
[32.528s] -- Installing: /home/jetson/yahboomcar_ws/install/yahboomcar_astra/lib/yahboomcar_astra/astra_camera_node
[32.529s] -- Set runtime path of "/home/jetson/yahboomcar_ws/install/yahboomcar_astra/lib/yahboomcar_astra/astra_camera_node" to ""
[32.530s] -- Installing: /home/jetson/yahboomcar_ws/install/yahboomcar_astra/lib/yahboomcar_astra/KCFTracker_node
[32.543s] -- Set runtime path of "/home/jetson/yahboomcar_ws/install/yahboomcar_astra/lib/yahboomcar_astra/KCFTracker_node" to ""
[32.543s] -- Up-to-date: /home/jetson/yahboomcar_ws/install/yahboomcar_astra/include
[32.543s] -- Up-to-date: /home/jetson/yahboomcar_ws/install/yahboomcar_astra/include/magic_enum
[32.544s] -- Up-to-date: /home/jetson/yahboomcar_ws/install/yahboomcar_astra/include/magic_enum/magic_enum.hpp
[32.544s] -- Up-to-date: /home/jetson/yahboomcar_ws/install/yahboomcar_astra/include/yahboomcar_astra
[32.544s] -- Up-to-date: /home/jetson/yahboomcar_ws/install/yahboomcar_astra/include/yahboomcar_astra/tracker.h
[32.544s] -- Up-to-date: /home/jetson/yahboomcar_ws/install/yahboomcar_astra/include/yahboomcar_astra/ffttools.h
[32.544s] -- Up-to-date: /home/jetson/yahboomcar_ws/install/yahboomcar_astra/include/yahboomcar_astra/kcftracker.h
[32.545s] -- Up-to-date: /home/jetson/yahboomcar_ws/install/yahboomcar_astra/include/yahboomcar_astra/fhog.h
[32.545s] -- Up-to-date: /home/jetson/yahboomcar_ws/install/yahboomcar_astra/include/yahboomcar_astra/labdata.h
[32.545s] -- Up-to-date: /home/jetson/yahboomcar_ws/install/yahboomcar_astra/include/yahboomcar_astra/PID.h
[32.545s] -- Up-to-date: /home/jetson/yahboomcar_ws/install/yahboomcar_astra/include/yahboomcar_astra/recttools.h
[32.545s] -- Up-to-date: /home/jetson/yahboomcar_ws/install/yahboomcar_astra/include/yahboomcar_astra/CMakeLists.txt
[32.545s] -- Up-to-date: /home/jetson/yahboomcar_ws/install/yahboomcar_astra/include/yahboomcar_astra/KCF_Tracker.h
[32.546s] -- Up-to-date: /home/jetson/yahboomcar_ws/install/yahboomcar_astra/include/openni2
[32.546s] -- Up-to-date: /home/jetson/yahboomcar_ws/install/yahboomcar_astra/include/openni2/OniCAPI.h
[32.546s] -- Up-to-date: /home/jetson/yahboomcar_ws/install/yahboomcar_astra/include/openni2/OpenNI.h
[32.546s] -- Up-to-date: /home/jetson/yahboomcar_ws/install/yahboomcar_astra/include/openni2/Linux-x86
[32.546s] -- Up-to-date: /home/jetson/yahboomcar_ws/install/yahboomcar_astra/include/openni2/Linux-x86/OniPlatformLinux-x86.h
[32.546s] -- Up-to-date: /home/jetson/yahboomcar_ws/install/yahboomcar_astra/include/openni2/Driver
[32.547s] -- Up-to-date: /home/jetson/yahboomcar_ws/install/yahboomcar_astra/include/openni2/Driver/OniDriverAPI.h
[32.547s] -- Up-to-date: /home/jetson/yahboomcar_ws/install/yahboomcar_astra/include/openni2/Driver/OniDriverTypes.h
[32.547s] -- Up-to-date: /home/jetson/yahboomcar_ws/install/yahboomcar_astra/include/openni2/OniCTypes.h
[32.547s] -- Up-to-date: /home/jetson/yahboomcar_ws/install/yahboomcar_astra/include/openni2/Linux-Arm
[32.547s] -- Up-to-date: /home/jetson/yahboomcar_ws/install/yahboomcar_astra/include/openni2/Linux-Arm/OniPlatformLinux-Arm.h
[32.547s] -- Up-to-date: /home/jetson/yahboomcar_ws/install/yahboomcar_astra/include/openni2/OniCEnums.h
[32.547s] -- Up-to-date: /home/jetson/yahboomcar_ws/install/yahboomcar_astra/include/openni2/PrimeSense.h
[32.547s] -- Up-to-date: /home/jetson/yahboomcar_ws/install/yahboomcar_astra/include/openni2/Android-Arm
[32.548s] -- Up-to-date: /home/jetson/yahboomcar_ws/install/yahboomcar_astra/include/openni2/Android-Arm/OniPlatformAndroid-Arm.h
[32.548s] -- Up-to-date: /home/jetson/yahboomcar_ws/install/yahboomcar_astra/include/openni2/PSLink.h
[32.548s] -- Up-to-date: /home/jetson/yahboomcar_ws/install/yahboomcar_astra/include/openni2/SonixCamera.h
[32.548s] -- Up-to-date: /home/jetson/yahboomcar_ws/install/yahboomcar_astra/include/openni2/OniPlatform.h
[32.548s] -- Up-to-date: /home/jetson/yahboomcar_ws/install/yahboomcar_astra/include/openni2/OniEnums.h
[32.548s] -- Up-to-date: /home/jetson/yahboomcar_ws/install/yahboomcar_astra/include/openni2/util.h
[32.548s] -- Up-to-date: /home/jetson/yahboomcar_ws/install/yahboomcar_astra/include/openni2/OniProperties.h
[32.548s] -- Up-to-date: /home/jetson/yahboomcar_ws/install/yahboomcar_astra/include/openni2/OniTest.h
[32.548s] -- Up-to-date: /home/jetson/yahboomcar_ws/install/yahboomcar_astra/include/openni2/OniVersion.h
[32.549s] -- Up-to-date: /home/jetson/yahboomcar_ws/install/yahboomcar_astra/include/openni2/MacOSX
[32.549s] -- Up-to-date: /home/jetson/yahboomcar_ws/install/yahboomcar_astra/include/openni2/MacOSX/OniPlatformMacOSX.h
[32.549s] -- Up-to-date: /home/jetson/yahboomcar_ws/install/yahboomcar_astra/include/openni2/OniCProperties.h
[32.549s] -- Up-to-date: /home/jetson/yahboomcar_ws/install/yahboomcar_astra/include/openni2/KinectProperties.h
[32.549s] -- Up-to-date: /home/jetson/yahboomcar_ws/install/yahboomcar_astra/include/openni2/PS1080.h
[32.549s] -- Up-to-date: /home/jetson/yahboomcar_ws/install/yahboomcar_astra/include/astra_camera
[32.549s] -- Up-to-date: /home/jetson/yahboomcar_ws/install/yahboomcar_astra/include/astra_camera/dynamic_params.h
[32.550s] -- Up-to-date: /home/jetson/yahboomcar_ws/install/yahboomcar_astra/include/astra_camera/constants.h
[32.550s] -- Up-to-date: /home/jetson/yahboomcar_ws/install/yahboomcar_astra/include/astra_camera/utils.h
[32.550s] -- Up-to-date: /home/jetson/yahboomcar_ws/install/yahboomcar_astra/include/astra_camera/json.hpp
[32.550s] -- Up-to-date: /home/jetson/yahboomcar_ws/install/yahboomcar_astra/include/astra_camera/ob_camera_node.h
[32.550s] -- Up-to-date: /home/jetson/yahboomcar_ws/install/yahboomcar_astra/include/astra_camera/uvc_camera_driver.h
[32.550s] -- Up-to-date: /home/jetson/yahboomcar_ws/install/yahboomcar_astra/include/astra_camera/types.h
[32.551s] -- Up-to-date: /home/jetson/yahboomcar_ws/install/yahboomcar_astra/include/astra_camera/ob_context.h
[32.551s] -- Up-to-date: /home/jetson/yahboomcar_ws/install/yahboomcar_astra/include/astra_camera/ob_camera_node_factory.h
[32.551s] -- Up-to-date: /home/jetson/yahboomcar_ws/install/yahboomcar_astra/include/astra_camera/ros_param_backend.h
[32.551s] -- Up-to-date: /home/jetson/yahboomcar_ws/install/yahboomcar_astra/include/astra_camera/ob_timer_filter.h
[32.551s] -- Up-to-date: /home/jetson/yahboomcar_ws/install/yahboomcar_astra/include/astra_camera/point_cloud_proc
[32.551s] -- Up-to-date: /home/jetson/yahboomcar_ws/install/yahboomcar_astra/include/astra_camera/point_cloud_proc/point_cloud_xyzrgb.h
[32.552s] -- Up-to-date: /home/jetson/yahboomcar_ws/install/yahboomcar_astra/include/astra_camera/point_cloud_proc/point_cloud_proc.h
[32.552s] -- Up-to-date: /home/jetson/yahboomcar_ws/install/yahboomcar_astra/include/astra_camera/point_cloud_proc/depth_traits.h
[32.552s] -- Up-to-date: /home/jetson/yahboomcar_ws/install/yahboomcar_astra/include/astra_camera/point_cloud_proc/point_cloud_xyz.h
[32.552s] -- Up-to-date: /home/jetson/yahboomcar_ws/install/yahboomcar_astra/lib/yahboomcar_astra/openni2_redist/arm64
[32.552s] -- Up-to-date: /home/jetson/yahboomcar_ws/install/yahboomcar_astra/lib/yahboomcar_astra/openni2_redist/arm64/install
[32.552s] -- Up-to-date: /home/jetson/yahboomcar_ws/install/yahboomcar_astra/lib/yahboomcar_astra/openni2_redist/arm64/install/setup.zsh
[32.552s] -- Up-to-date: /home/jetson/yahboomcar_ws/install/yahboomcar_astra/lib/yahboomcar_astra/openni2_redist/arm64/install/setup.bash
[32.553s] -- Up-to-date: /home/jetson/yahboomcar_ws/install/yahboomcar_astra/lib/yahboomcar_astra/openni2_redist/arm64/install/_local_setup_util_ps1.py
[32.553s] -- Up-to-date: /home/jetson/yahboomcar_ws/install/yahboomcar_astra/lib/yahboomcar_astra/openni2_redist/arm64/install/_local_setup_util_sh.py
[32.553s] -- Up-to-date: /home/jetson/yahboomcar_ws/install/yahboomcar_astra/lib/yahboomcar_astra/openni2_redist/arm64/install/local_setup.bash
[32.553s] -- Up-to-date: /home/jetson/yahboomcar_ws/install/yahboomcar_astra/lib/yahboomcar_astra/openni2_redist/arm64/install/COLCON_IGNORE
[32.553s] -- Up-to-date: /home/jetson/yahboomcar_ws/install/yahboomcar_astra/lib/yahboomcar_astra/openni2_redist/arm64/install/local_setup.sh
[32.553s] -- Up-to-date: /home/jetson/yahboomcar_ws/install/yahboomcar_astra/lib/yahboomcar_astra/openni2_redist/arm64/install/setup.ps1
[32.554s] -- Up-to-date: /home/jetson/yahboomcar_ws/install/yahboomcar_astra/lib/yahboomcar_astra/openni2_redist/arm64/install/setup.sh
[32.554s] -- Up-to-date: /home/jetson/yahboomcar_ws/install/yahboomcar_astra/lib/yahboomcar_astra/openni2_redist/arm64/install/local_setup.zsh
[32.554s] -- Up-to-date: /home/jetson/yahboomcar_ws/install/yahboomcar_astra/lib/yahboomcar_astra/openni2_redist/arm64/install/local_setup.ps1
[32.554s] -- Up-to-date: /home/jetson/yahboomcar_ws/install/yahboomcar_astra/lib/yahboomcar_astra/openni2_redist/arm64/install/.colcon_install_layout
[32.554s] -- Up-to-date: /home/jetson/yahboomcar_ws/install/yahboomcar_astra/lib/yahboomcar_astra/openni2_redist/arm64/build
[32.554s] -- Up-to-date: /home/jetson/yahboomcar_ws/install/yahboomcar_astra/lib/yahboomcar_astra/openni2_redist/arm64/build/.built_by
[32.554s] -- Up-to-date: /home/jetson/yahboomcar_ws/install/yahboomcar_astra/lib/yahboomcar_astra/openni2_redist/arm64/build/COLCON_IGNORE
[32.555s] -- Up-to-date: /home/jetson/yahboomcar_ws/install/yahboomcar_astra/lib/yahboomcar_astra/openni2_redist/arm64/libOpenNI2.so
[32.555s] -- Up-to-date: /home/jetson/yahboomcar_ws/install/yahboomcar_astra/lib/yahboomcar_astra/openni2_redist/arm64/OpenNI.ini
[32.555s] -- Up-to-date: /home/jetson/yahboomcar_ws/install/yahboomcar_astra/lib/yahboomcar_astra/openni2_redist/arm64/OpenNI2
[32.555s] -- Up-to-date: /home/jetson/yahboomcar_ws/install/yahboomcar_astra/lib/yahboomcar_astra/openni2_redist/arm64/OpenNI2/Drivers
[32.555s] -- Up-to-date: /home/jetson/yahboomcar_ws/install/yahboomcar_astra/lib/yahboomcar_astra/openni2_redist/arm64/OpenNI2/Drivers/orbbec.ini
[32.555s] -- Up-to-date: /home/jetson/yahboomcar_ws/install/yahboomcar_astra/lib/yahboomcar_astra/openni2_redist/arm64/OpenNI2/Drivers/OniFile.ini
[32.556s] -- Up-to-date: /home/jetson/yahboomcar_ws/install/yahboomcar_astra/lib/yahboomcar_astra/openni2_redist/arm64/OpenNI2/Drivers/libOniFile.so
[32.556s] -- Up-to-date: /home/jetson/yahboomcar_ws/install/yahboomcar_astra/lib/yahboomcar_astra/openni2_redist/arm64/OpenNI2/Drivers/liborbbec.so
[32.556s] -- Up-to-date: /home/jetson/yahboomcar_ws/install/yahboomcar_astra/share/yahboomcar_astra/launch
[32.556s] -- Up-to-date: /home/jetson/yahboomcar_ws/install/yahboomcar_astra/share/yahboomcar_astra/launch/colorTracker.launch.py
[32.556s] -- Up-to-date: /home/jetson/yahboomcar_ws/install/yahboomcar_astra/share/yahboomcar_astra/launch/colorHSV.launch.py
[32.556s] -- Up-to-date: /home/jetson/yahboomcar_ws/install/yahboomcar_astra/share/yahboomcar_astra/launch/astra.launch.py
[32.556s] -- Up-to-date: /home/jetson/yahboomcar_ws/install/yahboomcar_astra/share/yahboomcar_astra/launch/KCFTracker.launch.py
[32.557s] -- Up-to-date: /home/jetson/yahboomcar_ws/install/yahboomcar_astra/share/yahboomcar_astra/launch/.ipynb_checkpoints
[32.557s] -- Up-to-date: /home/jetson/yahboomcar_ws/install/yahboomcar_astra/share/yahboomcar_astra/launch/.ipynb_checkpoints/colorHSV-checkpoint.launch
[32.557s] -- Up-to-date: /home/jetson/yahboomcar_ws/install/yahboomcar_astra/share/yahboomcar_astra/launch/.ipynb_checkpoints/colorTracker-checkpoint.launch
[32.557s] -- Up-to-date: /home/jetson/yahboomcar_ws/install/yahboomcar_astra/share/ament_index/resource_index/package_run_dependencies/yahboomcar_astra
[32.557s] -- Up-to-date: /home/jetson/yahboomcar_ws/install/yahboomcar_astra/share/ament_index/resource_index/parent_prefix_path/yahboomcar_astra
[32.558s] -- Up-to-date: /home/jetson/yahboomcar_ws/install/yahboomcar_astra/share/yahboomcar_astra/environment/ament_prefix_path.sh
[32.558s] -- Up-to-date: /home/jetson/yahboomcar_ws/install/yahboomcar_astra/share/yahboomcar_astra/environment/ament_prefix_path.dsv
[32.558s] -- Up-to-date: /home/jetson/yahboomcar_ws/install/yahboomcar_astra/share/yahboomcar_astra/environment/path.sh
[32.558s] -- Up-to-date: /home/jetson/yahboomcar_ws/install/yahboomcar_astra/share/yahboomcar_astra/environment/path.dsv
[32.558s] -- Up-to-date: /home/jetson/yahboomcar_ws/install/yahboomcar_astra/share/yahboomcar_astra/local_setup.bash
[32.558s] -- Up-to-date: /home/jetson/yahboomcar_ws/install/yahboomcar_astra/share/yahboomcar_astra/local_setup.sh
[32.559s] -- Up-to-date: /home/jetson/yahboomcar_ws/install/yahboomcar_astra/share/yahboomcar_astra/local_setup.zsh
[32.559s] -- Up-to-date: /home/jetson/yahboomcar_ws/install/yahboomcar_astra/share/yahboomcar_astra/local_setup.dsv
[32.559s] -- Installing: /home/jetson/yahboomcar_ws/install/yahboomcar_astra/share/yahboomcar_astra/package.dsv
[32.559s] -- Up-to-date: /home/jetson/yahboomcar_ws/install/yahboomcar_astra/share/ament_index/resource_index/packages/yahboomcar_astra
[32.559s] -- Up-to-date: /home/jetson/yahboomcar_ws/install/yahboomcar_astra/share/yahboomcar_astra/cmake/yahboomcar_astraConfig.cmake
[32.559s] -- Up-to-date: /home/jetson/yahboomcar_ws/install/yahboomcar_astra/share/yahboomcar_astra/cmake/yahboomcar_astraConfig-version.cmake
[32.560s] -- Up-to-date: /home/jetson/yahboomcar_ws/install/yahboomcar_astra/share/yahboomcar_astra/package.xml
[32.560s] -- Up-to-date: /home/jetson/yahboomcar_ws/install/yahboomcar_astra/share/ament_index/resource_index/rosidl_interfaces/astra_camera_msgs
[32.560s] -- Up-to-date: /home/jetson/yahboomcar_ws/install/yahboomcar_astra/include/astra_camera_msgs/astra_camera_msgs
[32.560s] -- Up-to-date: /home/jetson/yahboomcar_ws/install/yahboomcar_astra/include/astra_camera_msgs/astra_camera_msgs/msg
[32.560s] -- Up-to-date: /home/jetson/yahboomcar_ws/install/yahboomcar_astra/include/astra_camera_msgs/astra_camera_msgs/msg/metadata.h
[32.560s] -- Up-to-date: /home/jetson/yahboomcar_ws/install/yahboomcar_astra/include/astra_camera_msgs/astra_camera_msgs/msg/extrinsics.h
[32.561s] -- Up-to-date: /home/jetson/yahboomcar_ws/install/yahboomcar_astra/include/astra_camera_msgs/astra_camera_msgs/msg/detail
[32.561s] -- Up-to-date: /home/jetson/yahboomcar_ws/install/yahboomcar_astra/include/astra_camera_msgs/astra_camera_msgs/msg/detail/metadata__type_support.h
[32.561s] -- Up-to-date: /home/jetson/yahboomcar_ws/install/yahboomcar_astra/include/astra_camera_msgs/astra_camera_msgs/msg/detail/device_info__struct.h
[32.561s] -- Up-to-date: /home/jetson/yahboomcar_ws/install/yahboomcar_astra/include/astra_camera_msgs/astra_camera_msgs/msg/detail/metadata__functions.c
[32.561s] -- Up-to-date: /home/jetson/yahboomcar_ws/install/yahboomcar_astra/include/astra_camera_msgs/astra_camera_msgs/msg/detail/extrinsics__struct.h
[32.561s] -- Up-to-date: /home/jetson/yahboomcar_ws/install/yahboomcar_astra/include/astra_camera_msgs/astra_camera_msgs/msg/detail/device_info__functions.c
[32.561s] -- Up-to-date: /home/jetson/yahboomcar_ws/install/yahboomcar_astra/include/astra_camera_msgs/astra_camera_msgs/msg/detail/extrinsics__functions.h
[32.562s] -- Up-to-date: /home/jetson/yahboomcar_ws/install/yahboomcar_astra/include/astra_camera_msgs/astra_camera_msgs/msg/detail/metadata__functions.h
[32.562s] -- Up-to-date: /home/jetson/yahboomcar_ws/install/yahboomcar_astra/include/astra_camera_msgs/astra_camera_msgs/msg/detail/device_info__type_support.h
[32.562s] -- Up-to-date: /home/jetson/yahboomcar_ws/install/yahboomcar_astra/include/astra_camera_msgs/astra_camera_msgs/msg/detail/device_info__functions.h
[32.562s] -- Up-to-date: /home/jetson/yahboomcar_ws/install/yahboomcar_astra/include/astra_camera_msgs/astra_camera_msgs/msg/detail/extrinsics__functions.c
[32.562s] -- Up-to-date: /home/jetson/yahboomcar_ws/install/yahboomcar_astra/include/astra_camera_msgs/astra_camera_msgs/msg/detail/metadata__struct.h
[32.562s] -- Up-to-date: /home/jetson/yahboomcar_ws/install/yahboomcar_astra/include/astra_camera_msgs/astra_camera_msgs/msg/detail/extrinsics__type_support.h
[32.562s] -- Up-to-date: /home/jetson/yahboomcar_ws/install/yahboomcar_astra/include/astra_camera_msgs/astra_camera_msgs/msg/rosidl_generator_c__visibility_control.h
[32.562s] -- Up-to-date: /home/jetson/yahboomcar_ws/install/yahboomcar_astra/include/astra_camera_msgs/astra_camera_msgs/msg/device_info.h
[32.563s] -- Up-to-date: /home/jetson/yahboomcar_ws/install/yahboomcar_astra/include/astra_camera_msgs/astra_camera_msgs/srv
[32.563s] -- Up-to-date: /home/jetson/yahboomcar_ws/install/yahboomcar_astra/include/astra_camera_msgs/astra_camera_msgs/srv/get_string.h
[32.563s] -- Up-to-date: /home/jetson/yahboomcar_ws/install/yahboomcar_astra/include/astra_camera_msgs/astra_camera_msgs/srv/get_camera_params.h
[32.564s] -- Up-to-date: /home/jetson/yahboomcar_ws/install/yahboomcar_astra/include/astra_camera_msgs/astra_camera_msgs/srv/get_device_info.h
[32.564s] -- Up-to-date: /home/jetson/yahboomcar_ws/install/yahboomcar_astra/include/astra_camera_msgs/astra_camera_msgs/srv/get_camera_info.h
[32.564s] -- Up-to-date: /home/jetson/yahboomcar_ws/install/yahboomcar_astra/include/astra_camera_msgs/astra_camera_msgs/srv/detail
[32.564s] -- Up-to-date: /home/jetson/yahboomcar_ws/install/yahboomcar_astra/include/astra_camera_msgs/astra_camera_msgs/srv/detail/get_camera_info__functions.c
[32.564s] -- Up-to-date: /home/jetson/yahboomcar_ws/install/yahboomcar_astra/include/astra_camera_msgs/astra_camera_msgs/srv/detail/get_camera_params__struct.h
[32.565s] -- Up-to-date: /home/jetson/yahboomcar_ws/install/yahboomcar_astra/include/astra_camera_msgs/astra_camera_msgs/srv/detail/set_int32__type_support.h
[32.565s] -- Up-to-date: /home/jetson/yahboomcar_ws/install/yahboomcar_astra/include/astra_camera_msgs/astra_camera_msgs/srv/detail/get_int32__functions.h
[32.565s] -- Up-to-date: /home/jetson/yahboomcar_ws/install/yahboomcar_astra/include/astra_camera_msgs/astra_camera_msgs/srv/detail/get_device_info__struct.h
[32.565s] -- Up-to-date: /home/jetson/yahboomcar_ws/install/yahboomcar_astra/include/astra_camera_msgs/astra_camera_msgs/srv/detail/get_device_info__type_support.h
[32.565s] -- Up-to-date: /home/jetson/yahboomcar_ws/install/yahboomcar_astra/include/astra_camera_msgs/astra_camera_msgs/srv/detail/set_int32__functions.c
[32.565s] -- Up-to-date: /home/jetson/yahboomcar_ws/install/yahboomcar_astra/include/astra_camera_msgs/astra_camera_msgs/srv/detail/get_camera_params__functions.c
[32.565s] -- Up-to-date: /home/jetson/yahboomcar_ws/install/yahboomcar_astra/include/astra_camera_msgs/astra_camera_msgs/srv/detail/get_device_info__functions.c
[32.565s] -- Up-to-date: /home/jetson/yahboomcar_ws/install/yahboomcar_astra/include/astra_camera_msgs/astra_camera_msgs/srv/detail/get_camera_params__type_support.h
[32.566s] -- Up-to-date: /home/jetson/yahboomcar_ws/install/yahboomcar_astra/include/astra_camera_msgs/astra_camera_msgs/srv/detail/get_int32__struct.h
[32.566s] -- Up-to-date: /home/jetson/yahboomcar_ws/install/yahboomcar_astra/include/astra_camera_msgs/astra_camera_msgs/srv/detail/set_int32__struct.h
[32.566s] -- Up-to-date: /home/jetson/yahboomcar_ws/install/yahboomcar_astra/include/astra_camera_msgs/astra_camera_msgs/srv/detail/get_camera_params__functions.h
[32.566s] -- Up-to-date: /home/jetson/yahboomcar_ws/install/yahboomcar_astra/include/astra_camera_msgs/astra_camera_msgs/srv/detail/set_int32__functions.h
[32.566s] -- Up-to-date: /home/jetson/yahboomcar_ws/install/yahboomcar_astra/include/astra_camera_msgs/astra_camera_msgs/srv/detail/get_device_info__functions.h
[32.566s] -- Up-to-date: /home/jetson/yahboomcar_ws/install/yahboomcar_astra/include/astra_camera_msgs/astra_camera_msgs/srv/detail/get_string__struct.h
[32.566s] -- Up-to-date: /home/jetson/yahboomcar_ws/install/yahboomcar_astra/include/astra_camera_msgs/astra_camera_msgs/srv/detail/get_string__type_support.h
[32.566s] -- Up-to-date: /home/jetson/yahboomcar_ws/install/yahboomcar_astra/include/astra_camera_msgs/astra_camera_msgs/srv/detail/get_string__functions.c
[32.566s] -- Up-to-date: /home/jetson/yahboomcar_ws/install/yahboomcar_astra/include/astra_camera_msgs/astra_camera_msgs/srv/detail/get_int32__type_support.h
[32.567s] -- Up-to-date: /home/jetson/yahboomcar_ws/install/yahboomcar_astra/include/astra_camera_msgs/astra_camera_msgs/srv/detail/get_int32__functions.c
[32.567s] -- Up-to-date: /home/jetson/yahboomcar_ws/install/yahboomcar_astra/include/astra_camera_msgs/astra_camera_msgs/srv/detail/get_camera_info__struct.h
[32.567s] -- Up-to-date: /home/jetson/yahboomcar_ws/install/yahboomcar_astra/include/astra_camera_msgs/astra_camera_msgs/srv/detail/get_string__functions.h
[32.567s] -- Up-to-date: /home/jetson/yahboomcar_ws/install/yahboomcar_astra/include/astra_camera_msgs/astra_camera_msgs/srv/detail/get_camera_info__functions.h
[32.567s] -- Up-to-date: /home/jetson/yahboomcar_ws/install/yahboomcar_astra/include/astra_camera_msgs/astra_camera_msgs/srv/detail/get_camera_info__type_support.h
[32.567s] -- Up-to-date: /home/jetson/yahboomcar_ws/install/yahboomcar_astra/include/astra_camera_msgs/astra_camera_msgs/srv/get_int32.h
[32.567s] -- Up-to-date: /home/jetson/yahboomcar_ws/install/yahboomcar_astra/include/astra_camera_msgs/astra_camera_msgs/srv/set_int32.h
[32.567s] -- Up-to-date: /home/jetson/yahboomcar_ws/install/yahboomcar_astra/share/astra_camera_msgs/environment/library_path.sh
[32.567s] -- Up-to-date: /home/jetson/yahboomcar_ws/install/yahboomcar_astra/share/astra_camera_msgs/environment/library_path.dsv
[32.567s] -- Up-to-date: /home/jetson/yahboomcar_ws/install/yahboomcar_astra/lib/libastra_camera_msgs__rosidl_generator_c.so
[32.568s] -- Up-to-date: /home/jetson/yahboomcar_ws/install/yahboomcar_astra/include/astra_camera_msgs/astra_camera_msgs
[32.568s] -- Up-to-date: /home/jetson/yahboomcar_ws/install/yahboomcar_astra/include/astra_camera_msgs/astra_camera_msgs/msg
[32.568s] -- Up-to-date: /home/jetson/yahboomcar_ws/install/yahboomcar_astra/include/astra_camera_msgs/astra_camera_msgs/msg/detail
[32.568s] -- Up-to-date: /home/jetson/yahboomcar_ws/install/yahboomcar_astra/include/astra_camera_msgs/astra_camera_msgs/msg/detail/metadata__rosidl_typesupport_fastrtps_c.h
[32.568s] -- Up-to-date: /home/jetson/yahboomcar_ws/install/yahboomcar_astra/include/astra_camera_msgs/astra_camera_msgs/msg/detail/extrinsics__rosidl_typesupport_fastrtps_c.h
[32.568s] -- Up-to-date: /home/jetson/yahboomcar_ws/install/yahboomcar_astra/include/astra_camera_msgs/astra_camera_msgs/msg/detail/device_info__rosidl_typesupport_fastrtps_c.h
[32.568s] -- Up-to-date: /home/jetson/yahboomcar_ws/install/yahboomcar_astra/include/astra_camera_msgs/astra_camera_msgs/msg/rosidl_typesupport_fastrtps_c__visibility_control.h
[32.568s] -- Up-to-date: /home/jetson/yahboomcar_ws/install/yahboomcar_astra/include/astra_camera_msgs/astra_camera_msgs/srv
[32.568s] -- Up-to-date: /home/jetson/yahboomcar_ws/install/yahboomcar_astra/include/astra_camera_msgs/astra_camera_msgs/srv/detail
[32.569s] -- Up-to-date: /home/jetson/yahboomcar_ws/install/yahboomcar_astra/include/astra_camera_msgs/astra_camera_msgs/srv/detail/get_string__rosidl_typesupport_fastrtps_c.h
[32.569s] -- Up-to-date: /home/jetson/yahboomcar_ws/install/yahboomcar_astra/include/astra_camera_msgs/astra_camera_msgs/srv/detail/set_int32__rosidl_typesupport_fastrtps_c.h
[32.569s] -- Up-to-date: /home/jetson/yahboomcar_ws/install/yahboomcar_astra/include/astra_camera_msgs/astra_camera_msgs/srv/detail/get_camera_info__rosidl_typesupport_fastrtps_c.h
[32.569s] -- Up-to-date: /home/jetson/yahboomcar_ws/install/yahboomcar_astra/include/astra_camera_msgs/astra_camera_msgs/srv/detail/get_int32__rosidl_typesupport_fastrtps_c.h
[32.569s] -- Up-to-date: /home/jetson/yahboomcar_ws/install/yahboomcar_astra/include/astra_camera_msgs/astra_camera_msgs/srv/detail/get_device_info__rosidl_typesupport_fastrtps_c.h
[32.569s] -- Up-to-date: /home/jetson/yahboomcar_ws/install/yahboomcar_astra/include/astra_camera_msgs/astra_camera_msgs/srv/detail/get_camera_params__rosidl_typesupport_fastrtps_c.h
[32.569s] -- Up-to-date: /home/jetson/yahboomcar_ws/install/yahboomcar_astra/lib/libastra_camera_msgs__rosidl_typesupport_fastrtps_c.so
[32.569s] -- Up-to-date: /home/jetson/yahboomcar_ws/install/yahboomcar_astra/include/astra_camera_msgs/astra_camera_msgs
[32.569s] -- Up-to-date: /home/jetson/yahboomcar_ws/install/yahboomcar_astra/include/astra_camera_msgs/astra_camera_msgs/msg
[32.570s] -- Up-to-date: /home/jetson/yahboomcar_ws/install/yahboomcar_astra/include/astra_camera_msgs/astra_camera_msgs/msg/rosidl_typesupport_introspection_c__visibility_control.h
[32.570s] -- Up-to-date: /home/jetson/yahboomcar_ws/install/yahboomcar_astra/include/astra_camera_msgs/astra_camera_msgs/msg/detail
[32.570s] -- Up-to-date: /home/jetson/yahboomcar_ws/install/yahboomcar_astra/include/astra_camera_msgs/astra_camera_msgs/msg/detail/extrinsics__rosidl_typesupport_introspection_c.h
[32.570s] -- Up-to-date: /home/jetson/yahboomcar_ws/install/yahboomcar_astra/include/astra_camera_msgs/astra_camera_msgs/msg/detail/metadata__rosidl_typesupport_introspection_c.h
[32.570s] -- Up-to-date: /home/jetson/yahboomcar_ws/install/yahboomcar_astra/include/astra_camera_msgs/astra_camera_msgs/msg/detail/metadata__type_support.c
[32.570s] -- Up-to-date: /home/jetson/yahboomcar_ws/install/yahboomcar_astra/include/astra_camera_msgs/astra_camera_msgs/msg/detail/extrinsics__type_support.c
[32.570s] -- Up-to-date: /home/jetson/yahboomcar_ws/install/yahboomcar_astra/include/astra_camera_msgs/astra_camera_msgs/msg/detail/device_info__type_support.c
[32.570s] -- Up-to-date: /home/jetson/yahboomcar_ws/install/yahboomcar_astra/include/astra_camera_msgs/astra_camera_msgs/msg/detail/device_info__rosidl_typesupport_introspection_c.h
[32.570s] -- Up-to-date: /home/jetson/yahboomcar_ws/install/yahboomcar_astra/include/astra_camera_msgs/astra_camera_msgs/srv
[32.570s] -- Up-to-date: /home/jetson/yahboomcar_ws/install/yahboomcar_astra/include/astra_camera_msgs/astra_camera_msgs/srv/detail
[32.571s] -- Up-to-date: /home/jetson/yahboomcar_ws/install/yahboomcar_astra/include/astra_camera_msgs/astra_camera_msgs/srv/detail/get_camera_info__type_support.c
[32.571s] -- Up-to-date: /home/jetson/yahboomcar_ws/install/yahboomcar_astra/include/astra_camera_msgs/astra_camera_msgs/srv/detail/get_camera_params__type_support.c
[32.571s] -- Up-to-date: /home/jetson/yahboomcar_ws/install/yahboomcar_astra/include/astra_camera_msgs/astra_camera_msgs/srv/detail/get_int32__rosidl_typesupport_introspection_c.h
[32.571s] -- Up-to-date: /home/jetson/yahboomcar_ws/install/yahboomcar_astra/include/astra_camera_msgs/astra_camera_msgs/srv/detail/get_string__rosidl_typesupport_introspection_c.h
[32.571s] -- Up-to-date: /home/jetson/yahboomcar_ws/install/yahboomcar_astra/include/astra_camera_msgs/astra_camera_msgs/srv/detail/get_device_info__rosidl_typesupport_introspection_c.h
[32.571s] -- Up-to-date: /home/jetson/yahboomcar_ws/install/yahboomcar_astra/include/astra_camera_msgs/astra_camera_msgs/srv/detail/get_string__type_support.c
[32.571s] -- Up-to-date: /home/jetson/yahboomcar_ws/install/yahboomcar_astra/include/astra_camera_msgs/astra_camera_msgs/srv/detail/get_int32__type_support.c
[32.571s] -- Up-to-date: /home/jetson/yahboomcar_ws/install/yahboomcar_astra/include/astra_camera_msgs/astra_camera_msgs/srv/detail/get_device_info__type_support.c
[32.571s] -- Up-to-date: /home/jetson/yahboomcar_ws/install/yahboomcar_astra/include/astra_camera_msgs/astra_camera_msgs/srv/detail/set_int32__type_support.c
[32.572s] -- Up-to-date: /home/jetson/yahboomcar_ws/install/yahboomcar_astra/include/astra_camera_msgs/astra_camera_msgs/srv/detail/set_int32__rosidl_typesupport_introspection_c.h
[32.572s] -- Up-to-date: /home/jetson/yahboomcar_ws/install/yahboomcar_astra/include/astra_camera_msgs/astra_camera_msgs/srv/detail/get_camera_params__rosidl_typesupport_introspection_c.h
[32.572s] -- Up-to-date: /home/jetson/yahboomcar_ws/install/yahboomcar_astra/include/astra_camera_msgs/astra_camera_msgs/srv/detail/get_camera_info__rosidl_typesupport_introspection_c.h
[32.572s] -- Up-to-date: /home/jetson/yahboomcar_ws/install/yahboomcar_astra/lib/libastra_camera_msgs__rosidl_typesupport_introspection_c.so
[32.572s] -- Up-to-date: /home/jetson/yahboomcar_ws/install/yahboomcar_astra/lib/libastra_camera_msgs__rosidl_typesupport_c.so
[32.572s] -- Up-to-date: /home/jetson/yahboomcar_ws/install/yahboomcar_astra/include/astra_camera_msgs/astra_camera_msgs
[32.572s] -- Up-to-date: /home/jetson/yahboomcar_ws/install/yahboomcar_astra/include/astra_camera_msgs/astra_camera_msgs/msg
[32.572s] -- Up-to-date: /home/jetson/yahboomcar_ws/install/yahboomcar_astra/include/astra_camera_msgs/astra_camera_msgs/msg/extrinsics.hpp
[32.572s] -- Up-to-date: /home/jetson/yahboomcar_ws/install/yahboomcar_astra/include/astra_camera_msgs/astra_camera_msgs/msg/detail
[32.573s] -- Up-to-date: /home/jetson/yahboomcar_ws/install/yahboomcar_astra/include/astra_camera_msgs/astra_camera_msgs/msg/detail/extrinsics__struct.hpp
[32.573s] -- Up-to-date: /home/jetson/yahboomcar_ws/install/yahboomcar_astra/include/astra_camera_msgs/astra_camera_msgs/msg/detail/device_info__builder.hpp
[32.573s] -- Up-to-date: /home/jetson/yahboomcar_ws/install/yahboomcar_astra/include/astra_camera_msgs/astra_camera_msgs/msg/detail/device_info__struct.hpp
[32.573s] -- Up-to-date: /home/jetson/yahboomcar_ws/install/yahboomcar_astra/include/astra_camera_msgs/astra_camera_msgs/msg/detail/extrinsics__traits.hpp
[32.573s] -- Up-to-date: /home/jetson/yahboomcar_ws/install/yahboomcar_astra/include/astra_camera_msgs/astra_camera_msgs/msg/detail/extrinsics__builder.hpp
[32.573s] -- Up-to-date: /home/jetson/yahboomcar_ws/install/yahboomcar_astra/include/astra_camera_msgs/astra_camera_msgs/msg/detail/device_info__type_support.hpp
[32.573s] -- Up-to-date: /home/jetson/yahboomcar_ws/install/yahboomcar_astra/include/astra_camera_msgs/astra_camera_msgs/msg/detail/metadata__type_support.hpp
[32.573s] -- Up-to-date: /home/jetson/yahboomcar_ws/install/yahboomcar_astra/include/astra_camera_msgs/astra_camera_msgs/msg/detail/metadata__builder.hpp
[32.573s] -- Up-to-date: /home/jetson/yahboomcar_ws/install/yahboomcar_astra/include/astra_camera_msgs/astra_camera_msgs/msg/detail/metadata__traits.hpp
[32.574s] -- Up-to-date: /home/jetson/yahboomcar_ws/install/yahboomcar_astra/include/astra_camera_msgs/astra_camera_msgs/msg/detail/metadata__struct.hpp
[32.574s] -- Up-to-date: /home/jetson/yahboomcar_ws/install/yahboomcar_astra/include/astra_camera_msgs/astra_camera_msgs/msg/detail/device_info__traits.hpp
[32.574s] -- Up-to-date: /home/jetson/yahboomcar_ws/install/yahboomcar_astra/include/astra_camera_msgs/astra_camera_msgs/msg/detail/extrinsics__type_support.hpp
[32.574s] -- Up-to-date: /home/jetson/yahboomcar_ws/install/yahboomcar_astra/include/astra_camera_msgs/astra_camera_msgs/msg/metadata.hpp
[32.574s] -- Up-to-date: /home/jetson/yahboomcar_ws/install/yahboomcar_astra/include/astra_camera_msgs/astra_camera_msgs/msg/device_info.hpp
[32.574s] -- Up-to-date: /home/jetson/yahboomcar_ws/install/yahboomcar_astra/include/astra_camera_msgs/astra_camera_msgs/msg/rosidl_generator_cpp__visibility_control.hpp
[32.574s] -- Up-to-date: /home/jetson/yahboomcar_ws/install/yahboomcar_astra/include/astra_camera_msgs/astra_camera_msgs/srv
[32.574s] -- Up-to-date: /home/jetson/yahboomcar_ws/install/yahboomcar_astra/include/astra_camera_msgs/astra_camera_msgs/srv/get_int32.hpp
[32.574s] -- Up-to-date: /home/jetson/yahboomcar_ws/install/yahboomcar_astra/include/astra_camera_msgs/astra_camera_msgs/srv/set_int32.hpp
[32.575s] -- Up-to-date: /home/jetson/yahboomcar_ws/install/yahboomcar_astra/include/astra_camera_msgs/astra_camera_msgs/srv/get_camera_params.hpp
[32.575s] -- Up-to-date: /home/jetson/yahboomcar_ws/install/yahboomcar_astra/include/astra_camera_msgs/astra_camera_msgs/srv/detail
[32.575s] -- Up-to-date: /home/jetson/yahboomcar_ws/install/yahboomcar_astra/include/astra_camera_msgs/astra_camera_msgs/srv/detail/get_camera_params__type_support.hpp
[32.575s] -- Up-to-date: /home/jetson/yahboomcar_ws/install/yahboomcar_astra/include/astra_camera_msgs/astra_camera_msgs/srv/detail/get_int32__struct.hpp
[32.575s] -- Up-to-date: /home/jetson/yahboomcar_ws/install/yahboomcar_astra/include/astra_camera_msgs/astra_camera_msgs/srv/detail/get_camera_info__struct.hpp
[32.575s] -- Up-to-date: /home/jetson/yahboomcar_ws/install/yahboomcar_astra/include/astra_camera_msgs/astra_camera_msgs/srv/detail/get_string__struct.hpp
[32.575s] -- Up-to-date: /home/jetson/yahboomcar_ws/install/yahboomcar_astra/include/astra_camera_msgs/astra_camera_msgs/srv/detail/get_device_info__struct.hpp
[32.575s] -- Up-to-date: /home/jetson/yahboomcar_ws/install/yahboomcar_astra/include/astra_camera_msgs/astra_camera_msgs/srv/detail/get_camera_info__builder.hpp
[32.575s] -- Up-to-date: /home/jetson/yahboomcar_ws/install/yahboomcar_astra/include/astra_camera_msgs/astra_camera_msgs/srv/detail/get_int32__traits.hpp
[32.575s] -- Up-to-date: /home/jetson/yahboomcar_ws/install/yahboomcar_astra/include/astra_camera_msgs/astra_camera_msgs/srv/detail/get_string__type_support.hpp
[32.576s] -- Up-to-date: /home/jetson/yahboomcar_ws/install/yahboomcar_astra/include/astra_camera_msgs/astra_camera_msgs/srv/detail/get_string__traits.hpp
[32.576s] -- Up-to-date: /home/jetson/yahboomcar_ws/install/yahboomcar_astra/include/astra_camera_msgs/astra_camera_msgs/srv/detail/set_int32__struct.hpp
[32.576s] -- Up-to-date: /home/jetson/yahboomcar_ws/install/yahboomcar_astra/include/astra_camera_msgs/astra_camera_msgs/srv/detail/get_device_info__type_support.hpp
[32.576s] -- Up-to-date: /home/jetson/yahboomcar_ws/install/yahboomcar_astra/include/astra_camera_msgs/astra_camera_msgs/srv/detail/get_device_info__traits.hpp
[32.576s] -- Up-to-date: /home/jetson/yahboomcar_ws/install/yahboomcar_astra/include/astra_camera_msgs/astra_camera_msgs/srv/detail/get_int32__type_support.hpp
[32.576s] -- Up-to-date: /home/jetson/yahboomcar_ws/install/yahboomcar_astra/include/astra_camera_msgs/astra_camera_msgs/srv/detail/get_camera_info__traits.hpp
[32.576s] -- Up-to-date: /home/jetson/yahboomcar_ws/install/yahboomcar_astra/include/astra_camera_msgs/astra_camera_msgs/srv/detail/set_int32__builder.hpp
[32.576s] -- Up-to-date: /home/jetson/yahboomcar_ws/install/yahboomcar_astra/include/astra_camera_msgs/astra_camera_msgs/srv/detail/get_camera_params__builder.hpp
[32.576s] -- Up-to-date: /home/jetson/yahboomcar_ws/install/yahboomcar_astra/include/astra_camera_msgs/astra_camera_msgs/srv/detail/set_int32__traits.hpp
[32.577s] -- Up-to-date: /home/jetson/yahboomcar_ws/install/yahboomcar_astra/include/astra_camera_msgs/astra_camera_msgs/srv/detail/get_int32__builder.hpp
[32.577s] -- Up-to-date: /home/jetson/yahboomcar_ws/install/yahboomcar_astra/include/astra_camera_msgs/astra_camera_msgs/srv/detail/get_camera_info__type_support.hpp
[32.577s] -- Up-to-date: /home/jetson/yahboomcar_ws/install/yahboomcar_astra/include/astra_camera_msgs/astra_camera_msgs/srv/detail/get_camera_params__struct.hpp
[32.577s] -- Up-to-date: /home/jetson/yahboomcar_ws/install/yahboomcar_astra/include/astra_camera_msgs/astra_camera_msgs/srv/detail/set_int32__type_support.hpp
[32.577s] -- Up-to-date: /home/jetson/yahboomcar_ws/install/yahboomcar_astra/include/astra_camera_msgs/astra_camera_msgs/srv/detail/get_camera_params__traits.hpp
[32.577s] -- Up-to-date: /home/jetson/yahboomcar_ws/install/yahboomcar_astra/include/astra_camera_msgs/astra_camera_msgs/srv/detail/get_device_info__builder.hpp
[32.577s] -- Up-to-date: /home/jetson/yahboomcar_ws/install/yahboomcar_astra/include/astra_camera_msgs/astra_camera_msgs/srv/detail/get_string__builder.hpp
[32.577s] -- Up-to-date: /home/jetson/yahboomcar_ws/install/yahboomcar_astra/include/astra_camera_msgs/astra_camera_msgs/srv/get_string.hpp
[32.577s] -- Up-to-date: /home/jetson/yahboomcar_ws/install/yahboomcar_astra/include/astra_camera_msgs/astra_camera_msgs/srv/get_camera_info.hpp
[32.578s] -- Up-to-date: /home/jetson/yahboomcar_ws/install/yahboomcar_astra/include/astra_camera_msgs/astra_camera_msgs/srv/get_device_info.hpp
[32.578s] -- Up-to-date: /home/jetson/yahboomcar_ws/install/yahboomcar_astra/include/astra_camera_msgs/astra_camera_msgs
[32.578s] -- Up-to-date: /home/jetson/yahboomcar_ws/install/yahboomcar_astra/include/astra_camera_msgs/astra_camera_msgs/msg
[32.578s] -- Up-to-date: /home/jetson/yahboomcar_ws/install/yahboomcar_astra/include/astra_camera_msgs/astra_camera_msgs/msg/detail
[32.578s] -- Up-to-date: /home/jetson/yahboomcar_ws/install/yahboomcar_astra/include/astra_camera_msgs/astra_camera_msgs/msg/detail/metadata__rosidl_typesupport_fastrtps_cpp.hpp
[32.578s] -- Up-to-date: /home/jetson/yahboomcar_ws/install/yahboomcar_astra/include/astra_camera_msgs/astra_camera_msgs/msg/detail/device_info__rosidl_typesupport_fastrtps_cpp.hpp
[32.578s] -- Up-to-date: /home/jetson/yahboomcar_ws/install/yahboomcar_astra/include/astra_camera_msgs/astra_camera_msgs/msg/detail/dds_fastrtps
[32.578s] -- Up-to-date: /home/jetson/yahboomcar_ws/install/yahboomcar_astra/include/astra_camera_msgs/astra_camera_msgs/msg/detail/extrinsics__rosidl_typesupport_fastrtps_cpp.hpp
[32.578s] -- Up-to-date: /home/jetson/yahboomcar_ws/install/yahboomcar_astra/include/astra_camera_msgs/astra_camera_msgs/msg/rosidl_typesupport_fastrtps_cpp__visibility_control.h
[32.579s] -- Up-to-date: /home/jetson/yahboomcar_ws/install/yahboomcar_astra/include/astra_camera_msgs/astra_camera_msgs/srv
[32.579s] -- Up-to-date: /home/jetson/yahboomcar_ws/install/yahboomcar_astra/include/astra_camera_msgs/astra_camera_msgs/srv/detail
[32.579s] -- Up-to-date: /home/jetson/yahboomcar_ws/install/yahboomcar_astra/include/astra_camera_msgs/astra_camera_msgs/srv/detail/get_string__rosidl_typesupport_fastrtps_cpp.hpp
[32.579s] -- Up-to-date: /home/jetson/yahboomcar_ws/install/yahboomcar_astra/include/astra_camera_msgs/astra_camera_msgs/srv/detail/set_int32__rosidl_typesupport_fastrtps_cpp.hpp
[32.579s] -- Up-to-date: /home/jetson/yahboomcar_ws/install/yahboomcar_astra/include/astra_camera_msgs/astra_camera_msgs/srv/detail/get_camera_info__rosidl_typesupport_fastrtps_cpp.hpp
[32.579s] -- Up-to-date: /home/jetson/yahboomcar_ws/install/yahboomcar_astra/include/astra_camera_msgs/astra_camera_msgs/srv/detail/get_int32__rosidl_typesupport_fastrtps_cpp.hpp
[32.579s] -- Up-to-date: /home/jetson/yahboomcar_ws/install/yahboomcar_astra/include/astra_camera_msgs/astra_camera_msgs/srv/detail/get_device_info__rosidl_typesupport_fastrtps_cpp.hpp
[32.579s] -- Up-to-date: /home/jetson/yahboomcar_ws/install/yahboomcar_astra/include/astra_camera_msgs/astra_camera_msgs/srv/detail/get_camera_params__rosidl_typesupport_fastrtps_cpp.hpp
[32.579s] -- Up-to-date: /home/jetson/yahboomcar_ws/install/yahboomcar_astra/include/astra_camera_msgs/astra_camera_msgs/srv/detail/dds_fastrtps
[32.580s] -- Up-to-date: /home/jetson/yahboomcar_ws/install/yahboomcar_astra/lib/libastra_camera_msgs__rosidl_typesupport_fastrtps_cpp.so
[32.580s] -- Up-to-date: /home/jetson/yahboomcar_ws/install/yahboomcar_astra/include/astra_camera_msgs/astra_camera_msgs
[32.580s] -- Up-to-date: /home/jetson/yahboomcar_ws/install/yahboomcar_astra/include/astra_camera_msgs/astra_camera_msgs/msg
[32.580s] -- Up-to-date: /home/jetson/yahboomcar_ws/install/yahboomcar_astra/include/astra_camera_msgs/astra_camera_msgs/msg/detail
[32.580s] -- Up-to-date: /home/jetson/yahboomcar_ws/install/yahboomcar_astra/include/astra_camera_msgs/astra_camera_msgs/msg/detail/device_info__rosidl_typesupport_introspection_cpp.hpp
[32.580s] -- Up-to-date: /home/jetson/yahboomcar_ws/install/yahboomcar_astra/include/astra_camera_msgs/astra_camera_msgs/msg/detail/extrinsics__rosidl_typesupport_introspection_cpp.hpp
[32.580s] -- Up-to-date: /home/jetson/yahboomcar_ws/install/yahboomcar_astra/include/astra_camera_msgs/astra_camera_msgs/msg/detail/metadata__type_support.cpp
[32.580s] -- Up-to-date: /home/jetson/yahboomcar_ws/install/yahboomcar_astra/include/astra_camera_msgs/astra_camera_msgs/msg/detail/device_info__type_support.cpp
[32.580s] -- Up-to-date: /home/jetson/yahboomcar_ws/install/yahboomcar_astra/include/astra_camera_msgs/astra_camera_msgs/msg/detail/metadata__rosidl_typesupport_introspection_cpp.hpp
[32.581s] -- Up-to-date: /home/jetson/yahboomcar_ws/install/yahboomcar_astra/include/astra_camera_msgs/astra_camera_msgs/msg/detail/extrinsics__type_support.cpp
[32.581s] -- Up-to-date: /home/jetson/yahboomcar_ws/install/yahboomcar_astra/include/astra_camera_msgs/astra_camera_msgs/srv
[32.581s] -- Up-to-date: /home/jetson/yahboomcar_ws/install/yahboomcar_astra/include/astra_camera_msgs/astra_camera_msgs/srv/detail
[32.581s] -- Up-to-date: /home/jetson/yahboomcar_ws/install/yahboomcar_astra/include/astra_camera_msgs/astra_camera_msgs/srv/detail/get_camera_params__rosidl_typesupport_introspection_cpp.hpp
[32.581s] -- Up-to-date: /home/jetson/yahboomcar_ws/install/yahboomcar_astra/include/astra_camera_msgs/astra_camera_msgs/srv/detail/get_camera_info__type_support.cpp
[32.581s] -- Up-to-date: /home/jetson/yahboomcar_ws/install/yahboomcar_astra/include/astra_camera_msgs/astra_camera_msgs/srv/detail/set_int32__type_support.cpp
[32.581s] -- Up-to-date: /home/jetson/yahboomcar_ws/install/yahboomcar_astra/include/astra_camera_msgs/astra_camera_msgs/srv/detail/get_camera_params__type_support.cpp
[32.581s] -- Up-to-date: /home/jetson/yahboomcar_ws/install/yahboomcar_astra/include/astra_camera_msgs/astra_camera_msgs/srv/detail/get_device_info__rosidl_typesupport_introspection_cpp.hpp
[32.581s] -- Up-to-date: /home/jetson/yahboomcar_ws/install/yahboomcar_astra/include/astra_camera_msgs/astra_camera_msgs/srv/detail/get_int32__rosidl_typesupport_introspection_cpp.hpp
[32.582s] -- Up-to-date: /home/jetson/yahboomcar_ws/install/yahboomcar_astra/include/astra_camera_msgs/astra_camera_msgs/srv/detail/get_camera_info__rosidl_typesupport_introspection_cpp.hpp
[32.582s] -- Up-to-date: /home/jetson/yahboomcar_ws/install/yahboomcar_astra/include/astra_camera_msgs/astra_camera_msgs/srv/detail/set_int32__rosidl_typesupport_introspection_cpp.hpp
[32.582s] -- Up-to-date: /home/jetson/yahboomcar_ws/install/yahboomcar_astra/include/astra_camera_msgs/astra_camera_msgs/srv/detail/get_device_info__type_support.cpp
[32.582s] -- Up-to-date: /home/jetson/yahboomcar_ws/install/yahboomcar_astra/include/astra_camera_msgs/astra_camera_msgs/srv/detail/get_string__type_support.cpp
[32.582s] -- Up-to-date: /home/jetson/yahboomcar_ws/install/yahboomcar_astra/include/astra_camera_msgs/astra_camera_msgs/srv/detail/get_int32__type_support.cpp
[32.582s] -- Up-to-date: /home/jetson/yahboomcar_ws/install/yahboomcar_astra/include/astra_camera_msgs/astra_camera_msgs/srv/detail/get_string__rosidl_typesupport_introspection_cpp.hpp
[32.582s] -- Up-to-date: /home/jetson/yahboomcar_ws/install/yahboomcar_astra/lib/libastra_camera_msgs__rosidl_typesupport_introspection_cpp.so
[32.582s] -- Up-to-date: /home/jetson/yahboomcar_ws/install/yahboomcar_astra/lib/libastra_camera_msgs__rosidl_typesupport_cpp.so
[32.582s] -- Up-to-date: /home/jetson/yahboomcar_ws/install/yahboomcar_astra/share/astra_camera_msgs/environment/pythonpath.sh
[32.583s] -- Up-to-date: /home/jetson/yahboomcar_ws/install/yahboomcar_astra/share/astra_camera_msgs/environment/pythonpath.dsv
[32.583s] -- Up-to-date: /home/jetson/yahboomcar_ws/install/yahboomcar_astra/local/lib/python3.10/dist-packages/astra_camera_msgs-1.0.1-py3.10.egg-info
[32.583s] -- Installing: /home/jetson/yahboomcar_ws/install/yahboomcar_astra/local/lib/python3.10/dist-packages/astra_camera_msgs-1.0.1-py3.10.egg-info/dependency_links.txt
[32.583s] -- Installing: /home/jetson/yahboomcar_ws/install/yahboomcar_astra/local/lib/python3.10/dist-packages/astra_camera_msgs-1.0.1-py3.10.egg-info/top_level.txt
[32.583s] -- Installing: /home/jetson/yahboomcar_ws/install/yahboomcar_astra/local/lib/python3.10/dist-packages/astra_camera_msgs-1.0.1-py3.10.egg-info/SOURCES.txt
[32.583s] -- Installing: /home/jetson/yahboomcar_ws/install/yahboomcar_astra/local/lib/python3.10/dist-packages/astra_camera_msgs-1.0.1-py3.10.egg-info/PKG-INFO
[32.583s] -- Up-to-date: /home/jetson/yahboomcar_ws/install/yahboomcar_astra/local/lib/python3.10/dist-packages/astra_camera_msgs
[32.583s] -- Up-to-date: /home/jetson/yahboomcar_ws/install/yahboomcar_astra/local/lib/python3.10/dist-packages/astra_camera_msgs/msg
[32.583s] -- Up-to-date: /home/jetson/yahboomcar_ws/install/yahboomcar_astra/local/lib/python3.10/dist-packages/astra_camera_msgs/msg/_extrinsics.py
[32.584s] -- Up-to-date: /home/jetson/yahboomcar_ws/install/yahboomcar_astra/local/lib/python3.10/dist-packages/astra_camera_msgs/msg/_device_info.py
[32.584s] -- Up-to-date: /home/jetson/yahboomcar_ws/install/yahboomcar_astra/local/lib/python3.10/dist-packages/astra_camera_msgs/msg/__init__.py
[32.584s] -- Up-to-date: /home/jetson/yahboomcar_ws/install/yahboomcar_astra/local/lib/python3.10/dist-packages/astra_camera_msgs/msg/_metadata_s.c
[32.584s] -- Up-to-date: /home/jetson/yahboomcar_ws/install/yahboomcar_astra/local/lib/python3.10/dist-packages/astra_camera_msgs/msg/_device_info_s.c
[32.584s] -- Up-to-date: /home/jetson/yahboomcar_ws/install/yahboomcar_astra/local/lib/python3.10/dist-packages/astra_camera_msgs/msg/_metadata.py
[32.584s] -- Up-to-date: /home/jetson/yahboomcar_ws/install/yahboomcar_astra/local/lib/python3.10/dist-packages/astra_camera_msgs/msg/_extrinsics_s.c
[32.584s] -- Up-to-date: /home/jetson/yahboomcar_ws/install/yahboomcar_astra/local/lib/python3.10/dist-packages/astra_camera_msgs/__init__.py
[32.584s] -- Up-to-date: /home/jetson/yahboomcar_ws/install/yahboomcar_astra/local/lib/python3.10/dist-packages/astra_camera_msgs/srv
[32.584s] -- Up-to-date: /home/jetson/yahboomcar_ws/install/yahboomcar_astra/local/lib/python3.10/dist-packages/astra_camera_msgs/srv/_get_device_info_s.c
[32.585s] -- Up-to-date: /home/jetson/yahboomcar_ws/install/yahboomcar_astra/local/lib/python3.10/dist-packages/astra_camera_msgs/srv/_get_camera_info_s.c
[32.585s] -- Up-to-date: /home/jetson/yahboomcar_ws/install/yahboomcar_astra/local/lib/python3.10/dist-packages/astra_camera_msgs/srv/_get_int32_s.c
[32.585s] -- Up-to-date: /home/jetson/yahboomcar_ws/install/yahboomcar_astra/local/lib/python3.10/dist-packages/astra_camera_msgs/srv/_get_string.py
[32.585s] -- Up-to-date: /home/jetson/yahboomcar_ws/install/yahboomcar_astra/local/lib/python3.10/dist-packages/astra_camera_msgs/srv/_get_int32.py
[32.585s] -- Up-to-date: /home/jetson/yahboomcar_ws/install/yahboomcar_astra/local/lib/python3.10/dist-packages/astra_camera_msgs/srv/__init__.py
[32.585s] -- Up-to-date: /home/jetson/yahboomcar_ws/install/yahboomcar_astra/local/lib/python3.10/dist-packages/astra_camera_msgs/srv/_get_camera_params.py
[32.585s] -- Up-to-date: /home/jetson/yahboomcar_ws/install/yahboomcar_astra/local/lib/python3.10/dist-packages/astra_camera_msgs/srv/_get_camera_params_s.c
[32.585s] -- Up-to-date: /home/jetson/yahboomcar_ws/install/yahboomcar_astra/local/lib/python3.10/dist-packages/astra_camera_msgs/srv/_get_device_info.py
[32.585s] -- Up-to-date: /home/jetson/yahboomcar_ws/install/yahboomcar_astra/local/lib/python3.10/dist-packages/astra_camera_msgs/srv/_set_int32_s.c
[32.586s] -- Up-to-date: /home/jetson/yahboomcar_ws/install/yahboomcar_astra/local/lib/python3.10/dist-packages/astra_camera_msgs/srv/_get_camera_info.py
[32.586s] -- Up-to-date: /home/jetson/yahboomcar_ws/install/yahboomcar_astra/local/lib/python3.10/dist-packages/astra_camera_msgs/srv/_set_int32.py
[32.586s] -- Up-to-date: /home/jetson/yahboomcar_ws/install/yahboomcar_astra/local/lib/python3.10/dist-packages/astra_camera_msgs/srv/_get_string_s.c
[32.586s] -- Up-to-date: /home/jetson/yahboomcar_ws/install/yahboomcar_astra/local/lib/python3.10/dist-packages/astra_camera_msgs/libastra_camera_msgs__rosidl_generator_py.so
[32.586s] -- Up-to-date: /home/jetson/yahboomcar_ws/install/yahboomcar_astra/local/lib/python3.10/dist-packages/astra_camera_msgs/astra_camera_msgs_s__rosidl_typesupport_introspection_c.cpython-310-aarch64-linux-gnu.so
[32.586s] -- Up-to-date: /home/jetson/yahboomcar_ws/install/yahboomcar_astra/local/lib/python3.10/dist-packages/astra_camera_msgs/astra_camera_msgs_s__rosidl_typesupport_c.cpython-310-aarch64-linux-gnu.so
[32.586s] -- Up-to-date: /home/jetson/yahboomcar_ws/install/yahboomcar_astra/local/lib/python3.10/dist-packages/astra_camera_msgs/_astra_camera_msgs_s.ep.rosidl_typesupport_introspection_c.c
[32.586s] -- Up-to-date: /home/jetson/yahboomcar_ws/install/yahboomcar_astra/local/lib/python3.10/dist-packages/astra_camera_msgs/_astra_camera_msgs_s.ep.rosidl_typesupport_fastrtps_c.c
[32.586s] -- Up-to-date: /home/jetson/yahboomcar_ws/install/yahboomcar_astra/local/lib/python3.10/dist-packages/astra_camera_msgs/astra_camera_msgs_s__rosidl_typesupport_fastrtps_c.cpython-310-aarch64-linux-gnu.so
[32.587s] -- Up-to-date: /home/jetson/yahboomcar_ws/install/yahboomcar_astra/local/lib/python3.10/dist-packages/astra_camera_msgs/_astra_camera_msgs_s.ep.rosidl_typesupport_c.c
[32.638s] Listing '/home/jetson/yahboomcar_ws/install/yahboomcar_astra/local/lib/python3.10/dist-packages/astra_camera_msgs'...
[32.639s] Listing '/home/jetson/yahboomcar_ws/install/yahboomcar_astra/local/lib/python3.10/dist-packages/astra_camera_msgs/msg'...
[32.639s] Listing '/home/jetson/yahboomcar_ws/install/yahboomcar_astra/local/lib/python3.10/dist-packages/astra_camera_msgs/srv'...
[32.650s] -- Up-to-date: /home/jetson/yahboomcar_ws/install/yahboomcar_astra/local/lib/python3.10/dist-packages/astra_camera_msgs/astra_camera_msgs_s__rosidl_typesupport_fastrtps_c.cpython-310-aarch64-linux-gnu.so
[32.650s] -- Up-to-date: /home/jetson/yahboomcar_ws/install/yahboomcar_astra/local/lib/python3.10/dist-packages/astra_camera_msgs/astra_camera_msgs_s__rosidl_typesupport_introspection_c.cpython-310-aarch64-linux-gnu.so
[32.651s] -- Up-to-date: /home/jetson/yahboomcar_ws/install/yahboomcar_astra/local/lib/python3.10/dist-packages/astra_camera_msgs/astra_camera_msgs_s__rosidl_typesupport_c.cpython-310-aarch64-linux-gnu.so
[32.652s] -- Up-to-date: /home/jetson/yahboomcar_ws/install/yahboomcar_astra/lib/libastra_camera_msgs__rosidl_generator_py.so
[32.652s] -- Up-to-date: /home/jetson/yahboomcar_ws/install/yahboomcar_astra/share/astra_camera_msgs/msg/DeviceInfo.idl
[32.653s] -- Up-to-date: /home/jetson/yahboomcar_ws/install/yahboomcar_astra/share/astra_camera_msgs/msg/Extrinsics.idl
[32.653s] -- Up-to-date: /home/jetson/yahboomcar_ws/install/yahboomcar_astra/share/astra_camera_msgs/msg/Metadata.idl
[32.653s] -- Up-to-date: /home/jetson/yahboomcar_ws/install/yahboomcar_astra/share/astra_camera_msgs/srv/GetDeviceInfo.idl
[32.654s] -- Up-to-date: /home/jetson/yahboomcar_ws/install/yahboomcar_astra/share/astra_camera_msgs/srv/GetCameraInfo.idl
[32.654s] -- Up-to-date: /home/jetson/yahboomcar_ws/install/yahboomcar_astra/share/astra_camera_msgs/srv/GetCameraParams.idl
[32.654s] -- Up-to-date: /home/jetson/yahboomcar_ws/install/yahboomcar_astra/share/astra_camera_msgs/srv/GetInt32.idl
[32.655s] -- Up-to-date: /home/jetson/yahboomcar_ws/install/yahboomcar_astra/share/astra_camera_msgs/srv/GetString.idl
[32.655s] -- Up-to-date: /home/jetson/yahboomcar_ws/install/yahboomcar_astra/share/astra_camera_msgs/srv/SetInt32.idl
[32.655s] -- Up-to-date: /home/jetson/yahboomcar_ws/install/yahboomcar_astra/share/astra_camera_msgs/msg/DeviceInfo.msg
[32.655s] -- Up-to-date: /home/jetson/yahboomcar_ws/install/yahboomcar_astra/share/astra_camera_msgs/msg/Extrinsics.msg
[32.655s] -- Up-to-date: /home/jetson/yahboomcar_ws/install/yahboomcar_astra/share/astra_camera_msgs/msg/Metadata.msg
[32.656s] -- Up-to-date: /home/jetson/yahboomcar_ws/install/yahboomcar_astra/share/astra_camera_msgs/srv/GetDeviceInfo.srv
[32.656s] -- Up-to-date: /home/jetson/yahboomcar_ws/install/yahboomcar_astra/share/astra_camera_msgs/srv/GetDeviceInfo_Request.msg
[32.656s] -- Up-to-date: /home/jetson/yahboomcar_ws/install/yahboomcar_astra/share/astra_camera_msgs/srv/GetDeviceInfo_Response.msg
[32.657s] -- Up-to-date: /home/jetson/yahboomcar_ws/install/yahboomcar_astra/share/astra_camera_msgs/srv/GetCameraInfo.srv
[32.657s] -- Up-to-date: /home/jetson/yahboomcar_ws/install/yahboomcar_astra/share/astra_camera_msgs/srv/GetCameraInfo_Request.msg
[32.657s] -- Up-to-date: /home/jetson/yahboomcar_ws/install/yahboomcar_astra/share/astra_camera_msgs/srv/GetCameraInfo_Response.msg
[32.657s] -- Up-to-date: /home/jetson/yahboomcar_ws/install/yahboomcar_astra/share/astra_camera_msgs/srv/GetCameraParams.srv
[32.658s] -- Up-to-date: /home/jetson/yahboomcar_ws/install/yahboomcar_astra/share/astra_camera_msgs/srv/GetCameraParams_Request.msg
[32.658s] -- Up-to-date: /home/jetson/yahboomcar_ws/install/yahboomcar_astra/share/astra_camera_msgs/srv/GetCameraParams_Response.msg
[32.658s] -- Up-to-date: /home/jetson/yahboomcar_ws/install/yahboomcar_astra/share/astra_camera_msgs/srv/GetInt32.srv
[32.658s] -- Up-to-date: /home/jetson/yahboomcar_ws/install/yahboomcar_astra/share/astra_camera_msgs/srv/GetInt32_Request.msg
[32.659s] -- Up-to-date: /home/jetson/yahboomcar_ws/install/yahboomcar_astra/share/astra_camera_msgs/srv/GetInt32_Response.msg
[32.659s] -- Up-to-date: /home/jetson/yahboomcar_ws/install/yahboomcar_astra/share/astra_camera_msgs/srv/GetString.srv
[32.659s] -- Up-to-date: /home/jetson/yahboomcar_ws/install/yahboomcar_astra/share/astra_camera_msgs/srv/GetString_Request.msg
[32.659s] -- Up-to-date: /home/jetson/yahboomcar_ws/install/yahboomcar_astra/share/astra_camera_msgs/srv/GetString_Response.msg
[32.660s] -- Up-to-date: /home/jetson/yahboomcar_ws/install/yahboomcar_astra/share/astra_camera_msgs/srv/SetInt32.srv
[32.660s] -- Up-to-date: /home/jetson/yahboomcar_ws/install/yahboomcar_astra/share/astra_camera_msgs/srv/SetInt32_Request.msg
[32.660s] -- Up-to-date: /home/jetson/yahboomcar_ws/install/yahboomcar_astra/share/astra_camera_msgs/srv/SetInt32_Response.msg
[32.660s] -- Up-to-date: /home/jetson/yahboomcar_ws/install/yahboomcar_astra/share/ament_index/resource_index/package_run_dependencies/astra_camera_msgs
[32.661s] -- Up-to-date: /home/jetson/yahboomcar_ws/install/yahboomcar_astra/share/ament_index/resource_index/parent_prefix_path/astra_camera_msgs
[32.661s] -- Up-to-date: /home/jetson/yahboomcar_ws/install/yahboomcar_astra/share/astra_camera_msgs/environment/ament_prefix_path.sh
[32.661s] -- Up-to-date: /home/jetson/yahboomcar_ws/install/yahboomcar_astra/share/astra_camera_msgs/environment/ament_prefix_path.dsv
[32.661s] -- Up-to-date: /home/jetson/yahboomcar_ws/install/yahboomcar_astra/share/astra_camera_msgs/environment/path.sh
[32.662s] -- Up-to-date: /home/jetson/yahboomcar_ws/install/yahboomcar_astra/share/astra_camera_msgs/environment/path.dsv
[32.662s] -- Up-to-date: /home/jetson/yahboomcar_ws/install/yahboomcar_astra/share/astra_camera_msgs/local_setup.bash
[32.662s] -- Up-to-date: /home/jetson/yahboomcar_ws/install/yahboomcar_astra/share/astra_camera_msgs/local_setup.sh
[32.662s] -- Up-to-date: /home/jetson/yahboomcar_ws/install/yahboomcar_astra/share/astra_camera_msgs/local_setup.zsh
[32.662s] -- Up-to-date: /home/jetson/yahboomcar_ws/install/yahboomcar_astra/share/astra_camera_msgs/local_setup.dsv
[32.663s] -- Up-to-date: /home/jetson/yahboomcar_ws/install/yahboomcar_astra/share/astra_camera_msgs/package.dsv
[32.663s] -- Up-to-date: /home/jetson/yahboomcar_ws/install/yahboomcar_astra/share/ament_index/resource_index/packages/astra_camera_msgs
[32.664s] -- Up-to-date: /home/jetson/yahboomcar_ws/install/yahboomcar_astra/share/astra_camera_msgs/cmake/export_astra_camera_msgs__rosidl_generator_cExport.cmake
[32.664s] -- Up-to-date: /home/jetson/yahboomcar_ws/install/yahboomcar_astra/share/astra_camera_msgs/cmake/export_astra_camera_msgs__rosidl_generator_cExport-noconfig.cmake
[32.664s] -- Up-to-date: /home/jetson/yahboomcar_ws/install/yahboomcar_astra/share/astra_camera_msgs/cmake/export_astra_camera_msgs__rosidl_typesupport_fastrtps_cExport.cmake
[32.664s] -- Up-to-date: /home/jetson/yahboomcar_ws/install/yahboomcar_astra/share/astra_camera_msgs/cmake/export_astra_camera_msgs__rosidl_typesupport_fastrtps_cExport-noconfig.cmake
[32.665s] -- Up-to-date: /home/jetson/yahboomcar_ws/install/yahboomcar_astra/share/astra_camera_msgs/cmake/astra_camera_msgs__rosidl_typesupport_introspection_cExport.cmake
[32.665s] -- Up-to-date: /home/jetson/yahboomcar_ws/install/yahboomcar_astra/share/astra_camera_msgs/cmake/astra_camera_msgs__rosidl_typesupport_introspection_cExport-noconfig.cmake
[32.665s] -- Up-to-date: /home/jetson/yahboomcar_ws/install/yahboomcar_astra/share/astra_camera_msgs/cmake/astra_camera_msgs__rosidl_typesupport_cExport.cmake
[32.665s] -- Up-to-date: /home/jetson/yahboomcar_ws/install/yahboomcar_astra/share/astra_camera_msgs/cmake/astra_camera_msgs__rosidl_typesupport_cExport-noconfig.cmake
[32.666s] -- Up-to-date: /home/jetson/yahboomcar_ws/install/yahboomcar_astra/share/astra_camera_msgs/cmake/export_astra_camera_msgs__rosidl_generator_cppExport.cmake
[32.666s] -- Up-to-date: /home/jetson/yahboomcar_ws/install/yahboomcar_astra/share/astra_camera_msgs/cmake/export_astra_camera_msgs__rosidl_typesupport_fastrtps_cppExport.cmake
[32.666s] -- Up-to-date: /home/jetson/yahboomcar_ws/install/yahboomcar_astra/share/astra_camera_msgs/cmake/export_astra_camera_msgs__rosidl_typesupport_fastrtps_cppExport-noconfig.cmake
[32.666s] -- Up-to-date: /home/jetson/yahboomcar_ws/install/yahboomcar_astra/share/astra_camera_msgs/cmake/astra_camera_msgs__rosidl_typesupport_introspection_cppExport.cmake
[32.666s] -- Up-to-date: /home/jetson/yahboomcar_ws/install/yahboomcar_astra/share/astra_camera_msgs/cmake/astra_camera_msgs__rosidl_typesupport_introspection_cppExport-noconfig.cmake
[32.667s] -- Up-to-date: /home/jetson/yahboomcar_ws/install/yahboomcar_astra/share/astra_camera_msgs/cmake/astra_camera_msgs__rosidl_typesupport_cppExport.cmake
[32.667s] -- Up-to-date: /home/jetson/yahboomcar_ws/install/yahboomcar_astra/share/astra_camera_msgs/cmake/astra_camera_msgs__rosidl_typesupport_cppExport-noconfig.cmake
[32.667s] -- Up-to-date: /home/jetson/yahboomcar_ws/install/yahboomcar_astra/share/astra_camera_msgs/cmake/export_astra_camera_msgs__rosidl_generator_pyExport.cmake
[32.667s] -- Up-to-date: /home/jetson/yahboomcar_ws/install/yahboomcar_astra/share/astra_camera_msgs/cmake/export_astra_camera_msgs__rosidl_generator_pyExport-noconfig.cmake
[32.667s] -- Up-to-date: /home/jetson/yahboomcar_ws/install/yahboomcar_astra/share/astra_camera_msgs/cmake/rosidl_cmake-extras.cmake
[32.668s] -- Up-to-date: /home/jetson/yahboomcar_ws/install/yahboomcar_astra/share/astra_camera_msgs/cmake/ament_cmake_export_dependencies-extras.cmake
[32.668s] -- Up-to-date: /home/jetson/yahboomcar_ws/install/yahboomcar_astra/share/astra_camera_msgs/cmake/ament_cmake_export_include_directories-extras.cmake
[32.668s] -- Up-to-date: /home/jetson/yahboomcar_ws/install/yahboomcar_astra/share/astra_camera_msgs/cmake/ament_cmake_export_libraries-extras.cmake
[32.668s] -- Up-to-date: /home/jetson/yahboomcar_ws/install/yahboomcar_astra/share/astra_camera_msgs/cmake/ament_cmake_export_targets-extras.cmake
[32.668s] -- Up-to-date: /home/jetson/yahboomcar_ws/install/yahboomcar_astra/share/astra_camera_msgs/cmake/rosidl_cmake_export_typesupport_targets-extras.cmake
[32.669s] -- Up-to-date: /home/jetson/yahboomcar_ws/install/yahboomcar_astra/share/astra_camera_msgs/cmake/rosidl_cmake_export_typesupport_libraries-extras.cmake
[32.669s] -- Up-to-date: /home/jetson/yahboomcar_ws/install/yahboomcar_astra/share/astra_camera_msgs/cmake/astra_camera_msgsConfig.cmake
[32.669s] -- Up-to-date: /home/jetson/yahboomcar_ws/install/yahboomcar_astra/share/astra_camera_msgs/cmake/astra_camera_msgsConfig-version.cmake
[32.669s] -- Up-to-date: /home/jetson/yahboomcar_ws/install/yahboomcar_astra/share/astra_camera_msgs/package.xml
[32.674s] Invoked command in '/home/jetson/yahboomcar_ws/build/yahboomcar_astra' returned '0': AMENT_PREFIX_PATH=/home/jetson/yahboomcar_ws/install/yahboomcar_ctrl:/home/jetson/yahboomcar_ws/install/yahboomcar_bringup:/home/jetson/yahboomcar_ws/install/yahboomcar_msgs:/home/jetson/yahboomcar_ws/install/yahboomcar_description:${AMENT_PREFIX_PATH} CMAKE_PREFIX_PATH=/home/jetson/yahboomcar_ws/install/yahboomcar_ctrl:/home/jetson/yahboomcar_ws/install/yahboomcar_bringup:/home/jetson/yahboomcar_ws/install/yahboomcar_msgs:/home/jetson/yahboomcar_ws/install/yahboomcar_description:/home/jetson/yahboomcar_ros2_ws/software/library_ws/install/ydlidar_ros2_driver:/home/jetson/yahboomcar_ros2_ws/software/library_ws/install/web_video_server:/home/jetson/yahboomcar_ros2_ws/software/library_ws/install/teb_local_planner:/home/jetson/yahboomcar_ros2_ws/software/library_ws/install/teb_msgs:/home/jetson/yahboomcar_ros2_ws/software/library_ws/install/sllidar_ros2:/home/jetson/yahboomcar_ros2_ws/software/library_ws/install/slam_gmapping:/home/jetson/yahboomcar_ros2_ws/software/library_ws/install/robot_localization:/home/jetson/yahboomcar_ros2_ws/software/library_ws/install/openslam_gmapping:/home/jetson/yahboomcar_ros2_ws/software/library_ws/install/costmap_converter:/home/jetson/yahboomcar_ros2_ws/software/library_ws/install/costmap_converter_msgs:/home/jetson/yahboomcar_ros2_ws/software/library_ws/install/astra_camera:/home/jetson/yahboomcar_ros2_ws/software/library_ws/install/astra_camera_msgs:/opt/ros/humble LD_LIBRARY_PATH=/home/jetson/yahboomcar_ws/install/yahboomcar_msgs/lib:/usr/local/lib:/usr/local/cuda-12.6/lib64:/home/jetson/yahboomcar_ros2_ws/software/library_ws/install/teb_local_planner/lib:/home/jetson/yahboomcar_ros2_ws/software/library_ws/install/teb_msgs/lib:/home/jetson/yahboomcar_ros2_ws/software/library_ws/install/robot_localization/lib:/home/jetson/yahboomcar_ros2_ws/software/library_ws/install/openslam_gmapping/lib:/home/jetson/yahboomcar_ros2_ws/software/library_ws/install/costmap_converter/lib:/home/jetson/yahboomcar_ros2_ws/software/library_ws/install/costmap_converter_msgs/lib:/home/jetson/yahboomcar_ros2_ws/software/library_ws/install/astra_camera/lib:/home/jetson/yahboomcar_ros2_ws/software/library_ws/install/astra_camera_msgs/lib:/opt/ros/humble/opt/rviz_ogre_vendor/lib:/opt/ros/humble/lib/aarch64-linux-gnu:/opt/ros/humble/lib:/usr/local/lib:/usr/local/cuda-12.6/lib64 PYTHONPATH=/home/jetson/yahboomcar_ws/install/yahboomcar_msgs/local/lib/python3.10/dist-packages:${PYTHONPATH} /usr/bin/cmake --install /home/jetson/yahboomcar_ws/build/yahboomcar_astra
