[0.025s] Invoking command in '/home/jetson/yahboomcar_ws/src/build/yahboomcar_astra': CMAKE_PREFIX_PATH=${CMAKE_PREFIX_PATH}:/opt/ros/humble /usr/bin/cmake --build /home/jetson/yahboomcar_ws/src/build/yahboomcar_astra -- -j6 -l6
[0.080s] -- Found ament_cmake: 1.3.11 (/opt/ros/humble/share/ament_cmake/cmake)
[0.357s] -- Found rosidl_default_generators: 1.2.0 (/opt/ros/humble/share/rosidl_default_generators/cmake)
[0.365s] -- Using all available rosidl_typesupport_c: rosidl_typesupport_fastrtps_c;rosidl_typesupport_introspection_c
[0.373s] -- Found rosidl_adapter: 3.1.6 (/opt/ros/humble/share/rosidl_adapter/cmake)
[0.437s] -- Using all available rosidl_typesupport_cpp: rosidl_typesupport_fastrtps_cpp;rosidl_typesupport_introspection_cpp
[0.478s] -- Found sensor_msgs: 4.8.0 (/opt/ros/humble/share/sensor_msgs/cmake)
[1.360s] -- Found ament_cmake_ros: 0.10.0 (/opt/ros/humble/share/ament_cmake_ros/cmake)
[1.984s] -- Using all available rosidl_typesupport_c: rosidl_typesupport_fastrtps_c;rosidl_typesupport_introspection_c
[2.866s] -- Using all available rosidl_typesupport_cpp: rosidl_typesupport_fastrtps_cpp;rosidl_typesupport_introspection_cpp
[2.927s] -- Found python_cmake_module: 0.10.0 (/opt/ros/humble/share/python_cmake_module/cmake)
[2.983s] -- Using PYTHON_EXECUTABLE: /usr/bin/python3
[2.984s] -- Using PYTHON_INCLUDE_DIRS: /usr/include/python3.10
[2.984s] -- Using PYTHON_LIBRARIES: /usr/lib/aarch64-linux-gnu/libpython3.10.so
[3.322s] -- Using numpy include directory: /home/jetson/.local/lib/python3.10/site-packages/numpy/core/include
[3.370s] -- Found ament_lint_auto: 0.12.12 (/opt/ros/humble/share/ament_lint_auto/cmake)
[3.395s] -- Added test 'copyright' to check source files copyright and LICENSE
[3.400s] -- Added test 'lint_cmake' to check CMake code style
[3.402s] -- Added test 'xmllint' to check XML markup files
[3.406s] -- Found ament_cmake: 1.3.11 (/opt/ros/humble/share/ament_cmake/cmake)
[3.712s] -- Found rclcpp: 16.0.12 (/opt/ros/humble/share/rclcpp/cmake)
[3.775s] -- Found rosidl_generator_c: 3.1.6 (/opt/ros/humble/share/rosidl_generator_c/cmake)
[3.780s] -- Found rosidl_adapter: 3.1.6 (/opt/ros/humble/share/rosidl_adapter/cmake)
[3.792s] -- Found rosidl_generator_cpp: 3.1.6 (/opt/ros/humble/share/rosidl_generator_cpp/cmake)
[3.810s] -- Using all available rosidl_typesupport_c: rosidl_typesupport_fastrtps_c;rosidl_typesupport_introspection_c
[3.830s] -- Using all available rosidl_typesupport_cpp: rosidl_typesupport_fastrtps_cpp;rosidl_typesupport_introspection_cpp
[3.883s] -- Found rmw_implementation_cmake: 6.1.2 (/opt/ros/humble/share/rmw_implementation_cmake/cmake)
[3.886s] -- Found rmw_fastrtps_cpp: 6.2.7 (/opt/ros/humble/share/rmw_fastrtps_cpp/cmake)
[4.072s] -- Using RMW implementation 'rmw_fastrtps_cpp' as default
[4.152s] -- Found rclcpp_components: 16.0.12 (/opt/ros/humble/share/rclcpp_components/cmake)
[4.181s] -- Found sensor_msgs: 4.8.0 (/opt/ros/humble/share/sensor_msgs/cmake)
[4.226s] -- Found std_srvs: 4.8.0 (/opt/ros/humble/share/std_srvs/cmake)
[4.240s] -- Found tf2: 0.25.12 (/opt/ros/humble/share/tf2/cmake)
[4.245s] -- Found tf2_ros: 0.25.12 (/opt/ros/humble/share/tf2_ros/cmake)
[4.339s] -- Found tf2_sensor_msgs: 0.25.12 (/opt/ros/humble/share/tf2_sensor_msgs/cmake)
[4.348s] -- Found camera_info_manager: 3.1.11 (/opt/ros/humble/share/camera_info_manager/cmake)
[4.359s] -- Found cv_bridge: 3.2.1 (/opt/ros/humble/share/cv_bridge/cmake)
[4.398s] -- Found image_transport: 3.1.11 (/opt/ros/humble/share/image_transport/cmake)
[4.426s] -- Found image_geometry: 3.2.1 (/opt/ros/humble/share/image_geometry/cmake)
[4.429s] -- Found image_publisher: 3.0.8 (/opt/ros/humble/share/image_publisher/cmake)
[4.450s] -- Found astra_camera_msgs: 1.0.1 (/home/jetson/yahboomcar_ros2_ws/software/library_ws/install/astra_camera_msgs/share/astra_camera_msgs/cmake)
[4.648s] -- Configuring done
[4.716s] [33mCMake Warning at CMakeLists.txt:70 (add_library):
[4.717s]   Cannot generate a safe runtime search path for target
[4.717s]   yahboomcar_astra_driver because there is a cycle in the constraint graph:
[4.717s] 
[4.717s]     dir 0 is [/usr/local/cuda-12.6/lib64]
[4.718s]     dir 1 is [/opt/ros/humble/lib]
[4.718s]       dir 2 must precede it due to runtime library [libimage_transport.so]
[4.719s]     dir 2 is [/opt/ros/humble/lib/aarch64-linux-gnu]
[4.719s]     dir 3 is [/home/jetson/yahboomcar_ros2_ws/software/library_ws/install/astra_camera_msgs/lib]
[4.719s]       dir 4 must precede it due to runtime library [libastra_camera_msgs__rosidl_typesupport_introspection_c.so]
[4.719s]     dir 4 is [/home/jetson/yahboomcar_ws/src/build/yahboomcar_astra/astra_camera_msgs]
[4.720s]       dir 3 must precede it due to runtime library [libastra_camera_msgs__rosidl_typesupport_fastrtps_c.so]
[4.720s]     dir 5 is [/usr/local/lib]
[4.720s] 
[4.720s]   Some of these libraries may not be found correctly.
[4.720s] 
[4.721s] [0m
[4.736s] [33mCMake Warning at CMakeLists.txt:104 (add_executable):
[4.736s]   Cannot generate a safe runtime search path for target astra_camera_node
[4.737s]   because there is a cycle in the constraint graph:
[4.737s] 
[4.737s]     dir 0 is [/usr/local/cuda-12.6/lib64]
[4.738s]     dir 1 is [/home/jetson/yahboomcar_ws/src/build/yahboomcar_astra]
[4.738s]     dir 2 is [/usr/local/lib]
[4.738s]     dir 3 is [/home/jetson/yahboomcar_ros2_ws/software/library_ws/install/astra_camera_msgs/lib]
[4.738s]       dir 4 must precede it due to runtime library [libastra_camera_msgs__rosidl_typesupport_introspection_c.so]
[4.738s]     dir 4 is [/home/jetson/yahboomcar_ws/src/build/yahboomcar_astra/astra_camera_msgs]
[4.739s]       dir 3 must precede it due to runtime library [libastra_camera_msgs__rosidl_typesupport_fastrtps_c.so]
[4.739s]     dir 5 is [/opt/ros/humble/lib]
[4.739s]       dir 6 must precede it due to runtime library [libimage_transport.so]
[4.740s]     dir 6 is [/opt/ros/humble/lib/aarch64-linux-gnu]
[4.740s] 
[4.740s]   Some of these libraries may not be found correctly.
[4.740s] 
[4.741s] [0m
[4.818s] -- Generating done
[4.865s] -- Build files have been written to: /home/jetson/yahboomcar_ws/src/build/yahboomcar_astra
[4.955s] [35m[1mConsolidate compiler generated dependencies of target astra_camera_msgs__rosidl_generator_c[0m
[4.976s] [  0%] [32mBuilding CXX object CMakeFiles/KCFTracker_node.dir/src/KCF_Tracker_main.cpp.o[0m
[4.977s] [  2%] [32mBuilding CXX object CMakeFiles/KCFTracker_node.dir/src/KCF_Tracker.cpp.o[0m
[4.977s] [  2%] Built target astra_camera_msgs__cpp
[4.989s] [ 12%] Built target astra_camera_msgs__rosidl_generator_c
[5.001s] [01m[K/home/jetson/yahboomcar_ws/src/yahboomcar_astra/src/KCF_Tracker.cpp:5:10:[m[K [01;31m[Kfatal error: [m[KKCF_Tracker.h: No such file or directory
[5.001s]     5 | #include [01;31m[K"KCF_Tracker.h"[m[K
[5.001s]       |          [01;31m[K^~~~~~~~~~~~~~~[m[K
[5.001s] compilation terminated.
[5.003s] [ 13%] [34m[1mGenerating C++ type support dispatch for ROS interfaces[0m
[5.003s] [ 13%] Built target ament_cmake_python_copy_astra_camera_msgs
[5.004s] [ 14%] [34m[1mGenerating C++ introspection for ROS interfaces[0m
[5.006s] gmake[2]: *** [CMakeFiles/KCFTracker_node.dir/build.make:90: CMakeFiles/KCFTracker_node.dir/src/KCF_Tracker.cpp.o] Error 1
[5.006s] gmake[2]: *** Waiting for unfinished jobs....
[5.014s] [ 15%] [34m[1mGenerating C++ type support for eProsima Fast-RTPS[0m
[5.029s] [ 17%] [34m[1mGenerating C introspection for ROS interfaces[0m
[5.030s] [ 17%] [34m[1mGenerating C type support for eProsima Fast-RTPS[0m
[5.399s] [01m[K/home/jetson/yahboomcar_ws/src/yahboomcar_astra/src/KCF_Tracker_main.cpp:3:10:[m[K [01;31m[Kfatal error: [m[KKCF_Tracker.h: No such file or directory
[5.399s]     3 | #include [01;31m[K"KCF_Tracker.h"[m[K
[5.399s]       |          [01;31m[K^~~~~~~~~~~~~~~[m[K
[5.399s] compilation terminated.
[5.404s] gmake[2]: *** [CMakeFiles/KCFTracker_node.dir/build.make:76: CMakeFiles/KCFTracker_node.dir/src/KCF_Tracker_main.cpp.o] Error 1
[5.404s] gmake[1]: *** [CMakeFiles/Makefile2:235: CMakeFiles/KCFTracker_node.dir/all] Error 2
[5.405s] gmake[1]: *** Waiting for unfinished jobs....
[6.181s] [ 18%] [32mBuilding CXX object astra_camera_msgs/CMakeFiles/astra_camera_msgs__rosidl_typesupport_cpp.dir/rosidl_typesupport_cpp/astra_camera_msgs/msg/extrinsics__type_support.cpp.o[0m
[6.183s] [ 18%] [32mBuilding CXX object astra_camera_msgs/CMakeFiles/astra_camera_msgs__rosidl_typesupport_cpp.dir/rosidl_typesupport_cpp/astra_camera_msgs/msg/device_info__type_support.cpp.o[0m
[6.679s] [ 19%] [32mBuilding CXX object astra_camera_msgs/CMakeFiles/astra_camera_msgs__rosidl_typesupport_introspection_cpp.dir/rosidl_typesupport_introspection_cpp/astra_camera_msgs/msg/detail/device_info__type_support.cpp.o[0m
[6.777s] [ 20%] [32mBuilding C object astra_camera_msgs/CMakeFiles/astra_camera_msgs__rosidl_typesupport_introspection_c.dir/rosidl_typesupport_introspection_c/astra_camera_msgs/msg/detail/device_info__type_support.c.o[0m
[6.787s] [ 21%] [32mBuilding CXX object astra_camera_msgs/CMakeFiles/astra_camera_msgs__rosidl_typesupport_cpp.dir/rosidl_typesupport_cpp/astra_camera_msgs/msg/metadata__type_support.cpp.o[0m
[6.827s] [ 22%] [32mBuilding CXX object astra_camera_msgs/CMakeFiles/astra_camera_msgs__rosidl_typesupport_cpp.dir/rosidl_typesupport_cpp/astra_camera_msgs/srv/get_device_info__type_support.cpp.o[0m
[6.874s] [ 23%] [32mBuilding C object astra_camera_msgs/CMakeFiles/astra_camera_msgs__rosidl_typesupport_introspection_c.dir/rosidl_typesupport_introspection_c/astra_camera_msgs/msg/detail/extrinsics__type_support.c.o[0m
[6.907s] [ 24%] [32mBuilding CXX object astra_camera_msgs/CMakeFiles/astra_camera_msgs__rosidl_typesupport_fastrtps_c.dir/rosidl_typesupport_fastrtps_c/astra_camera_msgs/msg/detail/device_info__type_support_c.cpp.o[0m
[6.931s] [ 25%] [32mBuilding CXX object astra_camera_msgs/CMakeFiles/astra_camera_msgs__rosidl_typesupport_fastrtps_cpp.dir/rosidl_typesupport_fastrtps_cpp/astra_camera_msgs/msg/detail/dds_fastrtps/device_info__type_support.cpp.o[0m
[6.959s] [ 26%] [32mBuilding C object astra_camera_msgs/CMakeFiles/astra_camera_msgs__rosidl_typesupport_introspection_c.dir/rosidl_typesupport_introspection_c/astra_camera_msgs/msg/detail/metadata__type_support.c.o[0m
[7.039s] [ 27%] [32mBuilding C object astra_camera_msgs/CMakeFiles/astra_camera_msgs__rosidl_typesupport_introspection_c.dir/rosidl_typesupport_introspection_c/astra_camera_msgs/srv/detail/get_device_info__type_support.c.o[0m
[7.125s] [ 28%] [32mBuilding C object astra_camera_msgs/CMakeFiles/astra_camera_msgs__rosidl_typesupport_introspection_c.dir/rosidl_typesupport_introspection_c/astra_camera_msgs/srv/detail/get_camera_info__type_support.c.o[0m
[7.215s] [ 29%] [32mBuilding C object astra_camera_msgs/CMakeFiles/astra_camera_msgs__rosidl_typesupport_introspection_c.dir/rosidl_typesupport_introspection_c/astra_camera_msgs/srv/detail/get_camera_params__type_support.c.o[0m
[7.317s] [ 29%] [32mBuilding C object astra_camera_msgs/CMakeFiles/astra_camera_msgs__rosidl_typesupport_introspection_c.dir/rosidl_typesupport_introspection_c/astra_camera_msgs/srv/detail/get_int32__type_support.c.o[0m
[7.328s] [ 30%] [32mBuilding CXX object astra_camera_msgs/CMakeFiles/astra_camera_msgs__rosidl_typesupport_cpp.dir/rosidl_typesupport_cpp/astra_camera_msgs/srv/get_camera_info__type_support.cpp.o[0m
[7.403s] [ 31%] [32mBuilding C object astra_camera_msgs/CMakeFiles/astra_camera_msgs__rosidl_typesupport_introspection_c.dir/rosidl_typesupport_introspection_c/astra_camera_msgs/srv/detail/get_string__type_support.c.o[0m
[7.488s] [ 32%] [32mBuilding C object astra_camera_msgs/CMakeFiles/astra_camera_msgs__rosidl_typesupport_introspection_c.dir/rosidl_typesupport_introspection_c/astra_camera_msgs/srv/detail/set_int32__type_support.c.o[0m
[7.505s] [ 33%] [32mBuilding CXX object astra_camera_msgs/CMakeFiles/astra_camera_msgs__rosidl_typesupport_cpp.dir/rosidl_typesupport_cpp/astra_camera_msgs/srv/get_camera_params__type_support.cpp.o[0m
[7.529s] [ 33%] [32mBuilding CXX object astra_camera_msgs/CMakeFiles/astra_camera_msgs__rosidl_typesupport_introspection_cpp.dir/rosidl_typesupport_introspection_cpp/astra_camera_msgs/msg/detail/extrinsics__type_support.cpp.o[0m
[7.586s] [ 34%] [32m[1mLinking C shared library libastra_camera_msgs__rosidl_typesupport_introspection_c.so[0m
[7.735s] [ 34%] Built target astra_camera_msgs__rosidl_typesupport_introspection_c
[7.765s] [ 34%] [32mBuilding CXX object astra_camera_msgs/CMakeFiles/astra_camera_msgs__rosidl_typesupport_fastrtps_cpp.dir/rosidl_typesupport_fastrtps_cpp/astra_camera_msgs/msg/detail/dds_fastrtps/extrinsics__type_support.cpp.o[0m
[7.779s] [ 35%] [32mBuilding CXX object astra_camera_msgs/CMakeFiles/astra_camera_msgs__rosidl_typesupport_fastrtps_c.dir/rosidl_typesupport_fastrtps_c/astra_camera_msgs/msg/detail/extrinsics__type_support_c.cpp.o[0m
[7.813s] [ 36%] [32mBuilding CXX object astra_camera_msgs/CMakeFiles/astra_camera_msgs__rosidl_typesupport_fastrtps_cpp.dir/rosidl_typesupport_fastrtps_cpp/astra_camera_msgs/msg/detail/dds_fastrtps/metadata__type_support.cpp.o[0m
[8.059s] [ 37%] [32mBuilding CXX object astra_camera_msgs/CMakeFiles/astra_camera_msgs__rosidl_typesupport_cpp.dir/rosidl_typesupport_cpp/astra_camera_msgs/srv/get_int32__type_support.cpp.o[0m
[8.147s] [ 38%] [32mBuilding CXX object astra_camera_msgs/CMakeFiles/astra_camera_msgs__rosidl_typesupport_cpp.dir/rosidl_typesupport_cpp/astra_camera_msgs/srv/get_string__type_support.cpp.o[0m
[8.594s] [ 39%] [32mBuilding CXX object astra_camera_msgs/CMakeFiles/astra_camera_msgs__rosidl_typesupport_fastrtps_c.dir/rosidl_typesupport_fastrtps_c/astra_camera_msgs/msg/detail/metadata__type_support_c.cpp.o[0m
[8.636s] [ 40%] [32mBuilding CXX object astra_camera_msgs/CMakeFiles/astra_camera_msgs__rosidl_typesupport_fastrtps_cpp.dir/rosidl_typesupport_fastrtps_cpp/astra_camera_msgs/srv/detail/dds_fastrtps/get_device_info__type_support.cpp.o[0m
[8.650s] [ 41%] [32mBuilding CXX object astra_camera_msgs/CMakeFiles/astra_camera_msgs__rosidl_typesupport_fastrtps_c.dir/rosidl_typesupport_fastrtps_c/astra_camera_msgs/srv/detail/get_device_info__type_support_c.cpp.o[0m
[8.664s] [ 42%] [32mBuilding CXX object astra_camera_msgs/CMakeFiles/astra_camera_msgs__rosidl_typesupport_introspection_cpp.dir/rosidl_typesupport_introspection_cpp/astra_camera_msgs/msg/detail/metadata__type_support.cpp.o[0m
[8.701s] [ 42%] [32mBuilding CXX object astra_camera_msgs/CMakeFiles/astra_camera_msgs__rosidl_typesupport_cpp.dir/rosidl_typesupport_cpp/astra_camera_msgs/srv/set_int32__type_support.cpp.o[0m
[8.841s] [ 43%] [32mBuilding CXX object astra_camera_msgs/CMakeFiles/astra_camera_msgs__rosidl_typesupport_fastrtps_cpp.dir/rosidl_typesupport_fastrtps_cpp/astra_camera_msgs/srv/detail/dds_fastrtps/get_camera_info__type_support.cpp.o[0m
[9.339s] [ 44%] [32m[1mLinking CXX shared library libastra_camera_msgs__rosidl_typesupport_cpp.so[0m
[9.413s] [ 45%] [32mBuilding CXX object astra_camera_msgs/CMakeFiles/astra_camera_msgs__rosidl_typesupport_fastrtps_c.dir/rosidl_typesupport_fastrtps_c/astra_camera_msgs/srv/detail/get_camera_info__type_support_c.cpp.o[0m
[9.460s] [ 45%] Built target astra_camera_msgs__rosidl_typesupport_cpp
[9.482s] [ 46%] [32mBuilding CXX object astra_camera_msgs/CMakeFiles/astra_camera_msgs__rosidl_typesupport_fastrtps_c.dir/rosidl_typesupport_fastrtps_c/astra_camera_msgs/srv/detail/get_camera_params__type_support_c.cpp.o[0m
[9.504s] [ 46%] [32mBuilding CXX object astra_camera_msgs/CMakeFiles/astra_camera_msgs__rosidl_typesupport_fastrtps_c.dir/rosidl_typesupport_fastrtps_c/astra_camera_msgs/srv/detail/get_int32__type_support_c.cpp.o[0m
[9.563s] [ 47%] [32mBuilding CXX object astra_camera_msgs/CMakeFiles/astra_camera_msgs__rosidl_typesupport_fastrtps_cpp.dir/rosidl_typesupport_fastrtps_cpp/astra_camera_msgs/srv/detail/dds_fastrtps/get_camera_params__type_support.cpp.o[0m
[9.686s] [ 48%] [32mBuilding CXX object astra_camera_msgs/CMakeFiles/astra_camera_msgs__rosidl_typesupport_introspection_cpp.dir/rosidl_typesupport_introspection_cpp/astra_camera_msgs/srv/detail/get_device_info__type_support.cpp.o[0m
[9.822s] [ 49%] [32mBuilding CXX object astra_camera_msgs/CMakeFiles/astra_camera_msgs__rosidl_typesupport_introspection_cpp.dir/rosidl_typesupport_introspection_cpp/astra_camera_msgs/srv/detail/get_camera_info__type_support.cpp.o[0m
[10.268s] [ 50%] [32mBuilding CXX object astra_camera_msgs/CMakeFiles/astra_camera_msgs__rosidl_typesupport_fastrtps_c.dir/rosidl_typesupport_fastrtps_c/astra_camera_msgs/srv/detail/get_string__type_support_c.cpp.o[0m
[10.273s] [ 51%] [32mBuilding CXX object astra_camera_msgs/CMakeFiles/astra_camera_msgs__rosidl_typesupport_fastrtps_cpp.dir/rosidl_typesupport_fastrtps_cpp/astra_camera_msgs/srv/detail/dds_fastrtps/get_int32__type_support.cpp.o[0m
[10.443s] [ 52%] [32mBuilding CXX object astra_camera_msgs/CMakeFiles/astra_camera_msgs__rosidl_typesupport_fastrtps_c.dir/rosidl_typesupport_fastrtps_c/astra_camera_msgs/srv/detail/set_int32__type_support_c.cpp.o[0m
[10.670s] [ 53%] [32mBuilding CXX object astra_camera_msgs/CMakeFiles/astra_camera_msgs__rosidl_typesupport_fastrtps_cpp.dir/rosidl_typesupport_fastrtps_cpp/astra_camera_msgs/srv/detail/dds_fastrtps/get_string__type_support.cpp.o[0m
[10.692s] [ 54%] [32mBuilding CXX object astra_camera_msgs/CMakeFiles/astra_camera_msgs__rosidl_typesupport_introspection_cpp.dir/rosidl_typesupport_introspection_cpp/astra_camera_msgs/srv/detail/get_camera_params__type_support.cpp.o[0m
[10.781s] [ 55%] [32mBuilding CXX object astra_camera_msgs/CMakeFiles/astra_camera_msgs__rosidl_typesupport_introspection_cpp.dir/rosidl_typesupport_introspection_cpp/astra_camera_msgs/srv/detail/get_int32__type_support.cpp.o[0m
[11.254s] [ 56%] [32mBuilding CXX object astra_camera_msgs/CMakeFiles/astra_camera_msgs__rosidl_typesupport_introspection_cpp.dir/rosidl_typesupport_introspection_cpp/astra_camera_msgs/srv/detail/get_string__type_support.cpp.o[0m
[11.356s] [ 57%] [32mBuilding CXX object astra_camera_msgs/CMakeFiles/astra_camera_msgs__rosidl_typesupport_fastrtps_cpp.dir/rosidl_typesupport_fastrtps_cpp/astra_camera_msgs/srv/detail/dds_fastrtps/set_int32__type_support.cpp.o[0m
[11.420s] [ 58%] [32m[1mLinking CXX shared library libastra_camera_msgs__rosidl_typesupport_fastrtps_c.so[0m
[11.666s] [ 59%] [32mBuilding CXX object astra_camera_msgs/CMakeFiles/astra_camera_msgs__rosidl_typesupport_introspection_cpp.dir/rosidl_typesupport_introspection_cpp/astra_camera_msgs/srv/detail/set_int32__type_support.cpp.o[0m
[11.679s] [ 59%] Built target astra_camera_msgs__rosidl_typesupport_fastrtps_c
[12.238s] [ 59%] [32m[1mLinking CXX shared library libastra_camera_msgs__rosidl_typesupport_fastrtps_cpp.so[0m
[12.406s] [ 59%] Built target astra_camera_msgs__rosidl_typesupport_fastrtps_cpp
[12.439s] [ 59%] [32m[1mLinking CXX shared library libastra_camera_msgs__rosidl_typesupport_introspection_cpp.so[0m
[12.597s] [ 59%] Built target astra_camera_msgs__rosidl_typesupport_introspection_cpp
[12.599s] gmake: *** [Makefile:146: all] Error 2
[12.605s] Invoked command in '/home/jetson/yahboomcar_ws/src/build/yahboomcar_astra' returned '2': CMAKE_PREFIX_PATH=${CMAKE_PREFIX_PATH}:/opt/ros/humble /usr/bin/cmake --build /home/jetson/yahboomcar_ws/src/build/yahboomcar_astra -- -j6 -l6
