[35m[1mConsolidate compiler generated dependencies of target pointcloud_mapping[0m
[ 33%] [32mBuilding CXX object CMakeFiles/pointcloud_mapping.dir/src/PCLMapper.cpp.o[0m
[ 66%] [32m[1mLinking CXX executable pointcloud_mapping[0m
/usr/bin/ld: warning: libopencv_imgcodecs.so.4.5d, needed by /opt/ros/humble/lib/libcv_bridge.so, may conflict with libopencv_imgcodecs.so.410
/usr/bin/ld: warning: libopencv_imgproc.so.4.5d, needed by /opt/ros/humble/lib/libcv_bridge.so, may conflict with libopencv_imgproc.so.410
/usr/bin/ld: warning: libopencv_core.so.4.5d, needed by /opt/ros/humble/lib/libcv_bridge.so, may conflict with libopencv_core.so.410
[100%] Built target pointcloud_mapping
-- Install configuration: ""
-- Up-to-date: /home/jetson/yahboomcar_ws/install/yahboomcar_slam/share/ament_index/resource_index/package_run_dependencies/yahboomcar_slam
-- Installing: /home/jetson/yahboomcar_ws/install/yahboomcar_slam/share/ament_index/resource_index/parent_prefix_path/yahboomcar_slam
-- Up-to-date: /home/jetson/yahboomcar_ws/install/yahboomcar_slam/share/yahboomcar_slam/environment/ament_prefix_path.sh
-- Installing: /home/jetson/yahboomcar_ws/install/yahboomcar_slam/share/yahboomcar_slam/environment/ament_prefix_path.dsv
-- Up-to-date: /home/jetson/yahboomcar_ws/install/yahboomcar_slam/share/yahboomcar_slam/environment/path.sh
-- Installing: /home/jetson/yahboomcar_ws/install/yahboomcar_slam/share/yahboomcar_slam/environment/path.dsv
-- Up-to-date: /home/jetson/yahboomcar_ws/install/yahboomcar_slam/share/yahboomcar_slam/local_setup.bash
-- Up-to-date: /home/jetson/yahboomcar_ws/install/yahboomcar_slam/share/yahboomcar_slam/local_setup.sh
-- Up-to-date: /home/jetson/yahboomcar_ws/install/yahboomcar_slam/share/yahboomcar_slam/local_setup.zsh
-- Installing: /home/jetson/yahboomcar_ws/install/yahboomcar_slam/share/yahboomcar_slam/local_setup.dsv
-- Installing: /home/jetson/yahboomcar_ws/install/yahboomcar_slam/share/yahboomcar_slam/package.dsv
-- Up-to-date: /home/jetson/yahboomcar_ws/install/yahboomcar_slam/share/ament_index/resource_index/packages/yahboomcar_slam
-- Up-to-date: /home/jetson/yahboomcar_ws/install/yahboomcar_slam/share/yahboomcar_slam/cmake/yahboomcar_slamConfig.cmake
-- Up-to-date: /home/jetson/yahboomcar_ws/install/yahboomcar_slam/share/yahboomcar_slam/cmake/yahboomcar_slamConfig-version.cmake
-- Installing: /home/jetson/yahboomcar_ws/install/yahboomcar_slam/share/yahboomcar_slam/package.xml
-- Installing: /yahboomcar_slam/launch
[31mCMake Error at cmake_install.cmake:113 (file):
  file INSTALL cannot make directory "/yahboomcar_slam/launch": No such file
  or directory.

[0m
