-- The C compiler identification is GNU 11.4.0
-- The CXX compiler identification is GNU 11.4.0
-- Detecting C compiler ABI info
-- Detecting C compiler ABI info - done
-- Check for working C compiler: /usr/bin/cc - skipped
-- Detecting C compile features
-- Detecting C compile features - done
-- Detecting CXX compiler ABI info
-- Detecting CXX compiler ABI info - done
-- Check for working CXX compiler: /usr/bin/c++ - skipped
-- Detecting CXX compile features
-- Detecting CXX compile features - done
-- Found OpenCV: /usr/local (found suitable version "3.2.0", minimum required is "3") 
-- Found ament_cmake: 1.3.11 (/opt/ros/humble/share/ament_cmake/cmake)
-- Found Python3: /usr/bin/python3 (found version "3.10.12") found components: Interpreter 
-- Found rclcpp: 16.0.12 (/opt/ros/humble/share/rclcpp/cmake)
-- Found rosidl_generator_c: 3.1.6 (/opt/ros/humble/share/rosidl_generator_c/cmake)
-- Found rosidl_adapter: 3.1.6 (/opt/ros/humble/share/rosidl_adapter/cmake)
-- Found rosidl_generator_cpp: 3.1.6 (/opt/ros/humble/share/rosidl_generator_cpp/cmake)
-- Using all available rosidl_typesupport_c: rosidl_typesupport_fastrtps_c;rosidl_typesupport_introspection_c
-- Using all available rosidl_typesupport_cpp: rosidl_typesupport_fastrtps_cpp;rosidl_typesupport_introspection_cpp
-- Found rmw_implementation_cmake: 6.1.2 (/opt/ros/humble/share/rmw_implementation_cmake/cmake)
-- Found rmw_fastrtps_cpp: 6.2.7 (/opt/ros/humble/share/rmw_fastrtps_cpp/cmake)
-- Found OpenSSL: /usr/lib/aarch64-linux-gnu/libcrypto.so (found version "3.0.2")  
-- Found FastRTPS: /opt/ros/humble/include  
-- Using RMW implementation 'rmw_fastrtps_cpp' as default
-- Looking for pthread.h
-- Looking for pthread.h - found
-- Performing Test CMAKE_HAVE_LIBC_PTHREAD
-- Performing Test CMAKE_HAVE_LIBC_PTHREAD - Success
-- Found Threads: TRUE  
-- Found sensor_msgs: 4.8.0 (/opt/ros/humble/share/sensor_msgs/cmake)
-- Found nav_msgs: 4.8.0 (/opt/ros/humble/share/nav_msgs/cmake)
-- Found cv_bridge: 3.2.1 (/opt/ros/humble/share/cv_bridge/cmake)
-- Found message_filters: 4.3.7 (/opt/ros/humble/share/message_filters/cmake)
-- Configuring done
-- Generating done
-- Build files have been written to: /home/jetson/yahboomcar_ws/build/ros2_orbslam
[35m[1mConsolidate compiler generated dependencies of target rgbd_pose[0m
[35m[1mConsolidate compiler generated dependencies of target mono[0m
[35m[1mConsolidate compiler generated dependencies of target stereo[0m
[35m[1mConsolidate compiler generated dependencies of target rgbd[0m
[ 25%] Built target mono
[ 50%] Built target rgbd_pose
[ 58%] [32mBuilding CXX object CMakeFiles/rgbd.dir/src/rgbd/rgbd-slam-node.cpp.o[0m
[ 83%] Built target stereo
[ 91%] [32m[1mLinking CXX executable rgbd[0m
[100%] Built target rgbd
-- Install configuration: ""
-- Up-to-date: /home/jetson/yahboomcar_ws/install/ros2_orbslam/lib/ros2_orbslam/mono
-- Installing: /home/jetson/yahboomcar_ws/install/ros2_orbslam/lib/ros2_orbslam/rgbd
-- Set runtime path of "/home/jetson/yahboomcar_ws/install/ros2_orbslam/lib/ros2_orbslam/rgbd" to ""
-- Up-to-date: /home/jetson/yahboomcar_ws/install/ros2_orbslam/lib/ros2_orbslam/rgbd_pose
-- Up-to-date: /home/jetson/yahboomcar_ws/install/ros2_orbslam/lib/ros2_orbslam/stereo
-- Up-to-date: /home/jetson/yahboomcar_ws/install/ros2_orbslam/share/ament_index/resource_index/package_run_dependencies/ros2_orbslam
-- Up-to-date: /home/jetson/yahboomcar_ws/install/ros2_orbslam/share/ament_index/resource_index/parent_prefix_path/ros2_orbslam
-- Up-to-date: /home/jetson/yahboomcar_ws/install/ros2_orbslam/share/ros2_orbslam/environment/ament_prefix_path.sh
-- Installing: /home/jetson/yahboomcar_ws/install/ros2_orbslam/share/ros2_orbslam/environment/ament_prefix_path.dsv
-- Up-to-date: /home/jetson/yahboomcar_ws/install/ros2_orbslam/share/ros2_orbslam/environment/path.sh
-- Installing: /home/jetson/yahboomcar_ws/install/ros2_orbslam/share/ros2_orbslam/environment/path.dsv
-- Up-to-date: /home/jetson/yahboomcar_ws/install/ros2_orbslam/share/ros2_orbslam/local_setup.bash
-- Up-to-date: /home/jetson/yahboomcar_ws/install/ros2_orbslam/share/ros2_orbslam/local_setup.sh
-- Up-to-date: /home/jetson/yahboomcar_ws/install/ros2_orbslam/share/ros2_orbslam/local_setup.zsh
-- Installing: /home/jetson/yahboomcar_ws/install/ros2_orbslam/share/ros2_orbslam/local_setup.dsv
-- Installing: /home/jetson/yahboomcar_ws/install/ros2_orbslam/share/ros2_orbslam/package.dsv
-- Up-to-date: /home/jetson/yahboomcar_ws/install/ros2_orbslam/share/ament_index/resource_index/packages/ros2_orbslam
-- Up-to-date: /home/jetson/yahboomcar_ws/install/ros2_orbslam/share/ros2_orbslam/cmake/ros2_orbslamConfig.cmake
-- Up-to-date: /home/jetson/yahboomcar_ws/install/ros2_orbslam/share/ros2_orbslam/cmake/ros2_orbslamConfig-version.cmake
-- Up-to-date: /home/jetson/yahboomcar_ws/install/ros2_orbslam/share/ros2_orbslam/package.xml
