[0.019s] Invoking command in '/home/jetson/yahboomcar_ws/build/yahboomcar_msgs': CMAKE_PREFIX_PATH=${CMAKE_PREFIX_PATH}:/opt/ros/humble /usr/bin/cmake /home/jetson/yahboomcar_ws/src/yahboomcar_msgs -DCMAKE_INSTALL_PREFIX=/home/jetson/yahboomcar_ws/install/yahboomcar_msgs
[0.048s] -- Found ament_cmake: 1.3.11 (/opt/ros/humble/share/ament_cmake/cmake)
[0.363s] -- Found rosidl_default_generators: 1.2.0 (/opt/ros/humble/share/rosidl_default_generators/cmake)
[0.372s] -- Using all available rosidl_typesupport_c: rosidl_typesupport_fastrtps_c;rosidl_typesupport_introspection_c
[0.378s] -- Found rosidl_adapter: 3.1.6 (/opt/ros/humble/share/rosidl_adapter/cmake)
[0.464s] -- Using all available rosidl_typesupport_cpp: rosidl_typesupport_fastrtps_cpp;rosidl_typesupport_introspection_cpp
[0.514s] -- Found builtin_interfaces: 1.2.1 (/opt/ros/humble/share/builtin_interfaces/cmake)
[0.536s] -- Found geometry_msgs: 4.8.0 (/opt/ros/humble/share/geometry_msgs/cmake)
[0.580s] -- Found action_msgs: 1.2.1 (/opt/ros/humble/share/action_msgs/cmake)
[1.020s] [31mCMake Error at /opt/ros/humble/share/rosidl_adapter/cmake/rosidl_adapt_interfaces.cmake:59 (message):
[1.021s]   execute_process(/usr/bin/python3 -m rosidl_adapter --package-name
[1.021s]   yahboomcar_msgs --arguments-file
[1.022s]   /home/jetson/yahboomcar_ws/build/yahboomcar_msgs/rosidl_adapter__arguments__yahboomcar_msgs.json
[1.022s]   --output-dir
[1.022s]   /home/jetson/yahboomcar_ws/build/yahboomcar_msgs/rosidl_adapter/yahboomcar_msgs
[1.022s]   --output-file
[1.023s]   /home/jetson/yahboomcar_ws/build/yahboomcar_msgs/rosidl_adapter/yahboomcar_msgs.idls)
[1.023s]   returned error code 1:
[1.023s] 
[1.023s]   Traceback (most recent call last):
[1.024s] 
[1.024s]     File "/usr/lib/python3.10/runpy.py", line 196, in _run_module_as_main
[1.024s]       return _run_code(code, main_globals, None,
[1.024s]     File "/usr/lib/python3.10/runpy.py", line 86, in _run_code
[1.025s]       exec(code, run_globals)
[1.025s]     File "/opt/ros/humble/local/lib/python3.10/dist-packages/rosidl_adapter/__main__.py", line 19, in <module>
[1.025s]       sys.exit(main())
[1.025s]     File "/opt/ros/humble/local/lib/python3.10/dist-packages/rosidl_adapter/main.py", line 53, in main
[1.025s]       abs_idl_file = convert_to_idl(
[1.026s]     File "/opt/ros/humble/local/lib/python3.10/dist-packages/rosidl_adapter/__init__.py", line 19, in convert_to_idl
[1.026s]       return convert_msg_to_idl(
[1.026s]     File "/opt/ros/humble/local/lib/python3.10/dist-packages/rosidl_adapter/msg/__init__.py", line 28, in convert_msg_to_idl
[1.026s]       msg = parse_message_string(package_name, input_file.stem, content)
[1.027s]     File "/opt/ros/humble/local/lib/python3.10/dist-packages/rosidl_adapter/parser.py", line 544, in parse_message_string
[1.028s]       msg = MessageSpecification(pkg_name, msg_name, fields, constants)
[1.028s]     File "/opt/ros/humble/local/lib/python3.10/dist-packages/rosidl_adapter/parser.py", line 388, in __init__
[1.028s]       self.base_type = BaseType(
[1.028s]     File "/opt/ros/humble/local/lib/python3.10/dist-packages/rosidl_adapter/parser.py", line 205, in __init__
[1.028s]       raise InvalidResourceName(
[1.028s] 
[1.029s]   rosidl_adapter.parser.InvalidResourceName: 'Image_Msg' is an invalid
[1.029s]   message name.  It should have the pattern '^[A-Z][A-Za-z0-9]*$'
[1.029s] 
[1.029s] Call Stack (most recent call first):
[1.029s]   /opt/ros/humble/share/rosidl_cmake/cmake/rosidl_generate_interfaces.cmake:130 (rosidl_adapt_interfaces)
[1.029s]   CMakeLists.txt:10 (rosidl_generate_interfaces)
[1.029s] 
[1.030s] [0m
[1.030s] -- Configuring incomplete, errors occurred!
[1.030s] See also "/home/jetson/yahboomcar_ws/build/yahboomcar_msgs/CMakeFiles/CMakeOutput.log".
[1.043s] Invoked command in '/home/jetson/yahboomcar_ws/build/yahboomcar_msgs' returned '1': CMAKE_PREFIX_PATH=${CMAKE_PREFIX_PATH}:/opt/ros/humble /usr/bin/cmake /home/jetson/yahboomcar_ws/src/yahboomcar_msgs -DCMAKE_INSTALL_PREFIX=/home/jetson/yahboomcar_ws/install/yahboomcar_msgs
